[0.022s] Invoking command in '/home/abhay/microros_ws/build/shape_msgs': CMAKE_PREFIX_PATH=/home/abhay/microros_ws/install/geometry_msgs:/home/abhay/microros_ws/install/std_msgs:/home/abhay/microros_ws/install/builtin_interfaces:/home/abhay/microros_ws/install/micro_ros_demos_rclc:/home/abhay/microros_ws/install/common_interfaces:/home/abhay/microros_ws/install/visualization_msgs:/home/abhay/microros_ws/install/test_msgs:/home/abhay/microros_ws/install/example_interfaces:/home/abhay/microros_ws/install/action_msgs:/home/abhay/microros_ws/install/unique_identifier_msgs:/home/abhay/microros_ws/install/trajectory_msgs:/home/abhay/microros_ws/install/stereo_msgs:/home/abhay/microros_ws/install/std_srvs:/home/abhay/microros_ws/install/shape_msgs:/home/abhay/microros_ws/install/sensor_msgs:/home/abhay/microros_ws/install/nav_msgs:/home/abhay/microros_ws/install/diagnostic_msgs:/home/abhay/microros_ws/install/actionlib_msgs:/home/abhay/microros_ws/install/statistics_msgs:/home/abhay/microros_ws/install/rosidl_typesupport_microxrcedds_test_msg:/home/abhay/microros_ws/install/rosidl_typesupport_microxrcedds_cpp_tests:/home/abhay/microros_ws/install/rmw_microxrcedds:/home/abhay/microros_ws/install/rosidl_typesupport_microxrcedds_cpp:/home/abhay/microros_ws/install/rosidl_typesupport_microxrcedds_c_tests:/home/abhay/microros_ws/install/rosidl_typesupport_microxrcedds_c:/home/abhay/microros_ws/install/rosgraph_msgs:/home/abhay/microros_ws/install/rclc_parameter:/home/abhay/microros_ws/install/rclc:/home/abhay/microros_ws/install/composition_interfaces:/home/abhay/microros_ws/install/rcl_interfaces:/home/abhay/microros_ws/install/microxrcedds_client:/home/abhay/microros_ws/install/microcdr:/home/abhay/microros_ws/install/micro_ros_utilities:/home/abhay/microros_ws/install/micro_ros_msgs:/home/abhay/microros_ws/install/lifecycle_msgs:/home/abhay/microros_ws/install/complex_msgs:/home/abhay/microros_ws/install/micro_ros_setup:/home/abhay/microros_ws/install/sensor_msgs_py:/home/abhay/ros2_ws/install/py_srvcli:/home/abhay/ros2_ws/install/my_robot_controller:/opt/ros/humble LD_LIBRARY_PATH=/home/abhay/microros_ws/install/geometry_msgs/lib:/home/abhay/microros_ws/install/std_msgs/lib:/home/abhay/microros_ws/install/builtin_interfaces/lib:/home/abhay/microros_ws/install/visualization_msgs/lib:/home/abhay/microros_ws/install/test_msgs/lib:/home/abhay/microros_ws/install/example_interfaces/lib:/home/abhay/microros_ws/install/action_msgs/lib:/home/abhay/microros_ws/install/unique_identifier_msgs/lib:/home/abhay/microros_ws/install/trajectory_msgs/lib:/home/abhay/microros_ws/install/stereo_msgs/lib:/home/abhay/microros_ws/install/std_srvs/lib:/home/abhay/microros_ws/install/shape_msgs/lib:/home/abhay/microros_ws/install/sensor_msgs/lib:/home/abhay/microros_ws/install/nav_msgs/lib:/home/abhay/microros_ws/install/diagnostic_msgs/lib:/home/abhay/microros_ws/install/actionlib_msgs/lib:/home/abhay/microros_ws/install/statistics_msgs/lib:/home/abhay/microros_ws/install/rmw_microxrcedds/lib:/home/abhay/microros_ws/install/rosidl_typesupport_microxrcedds_cpp/lib:/home/abhay/microros_ws/install/rosidl_typesupport_microxrcedds_c/lib:/home/abhay/microros_ws/install/rosgraph_msgs/lib:/home/abhay/microros_ws/install/rclc_parameter/lib:/home/abhay/microros_ws/install/rclc/lib:/home/abhay/microros_ws/install/composition_interfaces/lib:/home/abhay/microros_ws/install/rcl_interfaces/lib:/home/abhay/microros_ws/install/microxrcedds_client/lib:/home/abhay/microros_ws/install/microcdr/lib:/home/abhay/microros_ws/install/micro_ros_utilities/lib:/home/abhay/microros_ws/install/micro_ros_msgs/lib:/home/abhay/microros_ws/install/lifecycle_msgs/lib:/home/abhay/microros_ws/install/complex_msgs/lib:/opt/ros/humble/opt/rviz_ogre_vendor/lib:/opt/ros/humble/lib/x86_64-linux-gnu:/opt/ros/humble/lib /usr/bin/cmake --build /home/abhay/microros_ws/build/shape_msgs -- -j16 -l16
[0.064s] [35m[1mConsolidate compiler generated dependencies of target shape_msgs__rosidl_generator_c[0m
[0.091s] [  0%] Built target ament_cmake_python_copy_shape_msgs
[0.093s] [  1%] Built target shape_msgs__cpp
[0.095s] [ 10%] Built target shape_msgs__rosidl_generator_c
[0.114s] [35m[1mConsolidate compiler generated dependencies of target shape_msgs__rosidl_typesupport_cpp[0m
[0.119s] [35m[1mConsolidate compiler generated dependencies of target shape_msgs__rosidl_typesupport_fastrtps_cpp[0m
[0.125s] [35m[1mConsolidate compiler generated dependencies of target shape_msgs__rosidl_typesupport_microxrcedds_cpp[0m
[0.131s] [35m[1mConsolidate compiler generated dependencies of target shape_msgs__rosidl_typesupport_introspection_cpp[0m
[0.182s] [ 23%] Built target shape_msgs__rosidl_typesupport_cpp
[0.182s] [ 27%] Built target shape_msgs__rosidl_typesupport_fastrtps_cpp
[0.199s] [ 36%] Built target shape_msgs__rosidl_typesupport_microxrcedds_cpp
[0.203s] [35m[1mConsolidate compiler generated dependencies of target shape_msgs__rosidl_typesupport_fastrtps_c[0m
[0.209s] [35m[1mConsolidate compiler generated dependencies of target shape_msgs__rosidl_typesupport_microxrcedds_c[0m
[0.210s] [ 44%] Built target shape_msgs__rosidl_typesupport_introspection_cpp
[0.217s] [35m[1mConsolidate compiler generated dependencies of target shape_msgs__rosidl_typesupport_introspection_c[0m
[0.225s] [35m[1mConsolidate compiler generated dependencies of target shape_msgs__rosidl_typesupport_c[0m
[0.226s] [ 53%] Built target shape_msgs__rosidl_typesupport_fastrtps_c
[0.230s] [ 62%] Built target shape_msgs__rosidl_typesupport_microxrcedds_c
[0.238s] [ 71%] Built target shape_msgs__rosidl_typesupport_introspection_c
[0.240s] [ 79%] Built target shape_msgs__rosidl_typesupport_c
[0.269s] [ 79%] Built target shape_msgs
[0.302s] [ 81%] Built target shape_msgs__py
[0.315s] [35m[1mConsolidate compiler generated dependencies of target shape_msgs__rosidl_generator_py[0m
[0.339s] [ 88%] Built target shape_msgs__rosidl_generator_py
[0.355s] [35m[1mConsolidate compiler generated dependencies of target shape_msgs__rosidl_typesupport_microxrcedds_c__pyext[0m
[0.355s] [35m[1mConsolidate compiler generated dependencies of target shape_msgs__rosidl_typesupport_fastrtps_c__pyext[0m
[0.368s] [35m[1mConsolidate compiler generated dependencies of target shape_msgs__rosidl_typesupport_c__pyext[0m
[0.374s] [35m[1mConsolidate compiler generated dependencies of target shape_msgs__rosidl_typesupport_introspection_c__pyext[0m
[0.374s] [ 91%] Built target shape_msgs__rosidl_typesupport_fastrtps_c__pyext
[0.375s] [ 94%] Built target shape_msgs__rosidl_typesupport_microxrcedds_c__pyext
[0.390s] [ 97%] Built target shape_msgs__rosidl_typesupport_c__pyext
[0.395s] [100%] Built target shape_msgs__rosidl_typesupport_introspection_c__pyext
[0.517s] running egg_info
[0.517s] writing shape_msgs.egg-info/PKG-INFO
[0.518s] writing dependency_links to shape_msgs.egg-info/dependency_links.txt
[0.518s] writing top-level names to shape_msgs.egg-info/top_level.txt
[0.519s] reading manifest file 'shape_msgs.egg-info/SOURCES.txt'
[0.520s] writing manifest file 'shape_msgs.egg-info/SOURCES.txt'
[0.545s] [100%] Built target ament_cmake_python_build_shape_msgs_egg
[0.556s] Invoked command in '/home/abhay/microros_ws/build/shape_msgs' returned '0': CMAKE_PREFIX_PATH=/home/abhay/microros_ws/install/geometry_msgs:/home/abhay/microros_ws/install/std_msgs:/home/abhay/microros_ws/install/builtin_interfaces:/home/abhay/microros_ws/install/micro_ros_demos_rclc:/home/abhay/microros_ws/install/common_interfaces:/home/abhay/microros_ws/install/visualization_msgs:/home/abhay/microros_ws/install/test_msgs:/home/abhay/microros_ws/install/example_interfaces:/home/abhay/microros_ws/install/action_msgs:/home/abhay/microros_ws/install/unique_identifier_msgs:/home/abhay/microros_ws/install/trajectory_msgs:/home/abhay/microros_ws/install/stereo_msgs:/home/abhay/microros_ws/install/std_srvs:/home/abhay/microros_ws/install/shape_msgs:/home/abhay/microros_ws/install/sensor_msgs:/home/abhay/microros_ws/install/nav_msgs:/home/abhay/microros_ws/install/diagnostic_msgs:/home/abhay/microros_ws/install/actionlib_msgs:/home/abhay/microros_ws/install/statistics_msgs:/home/abhay/microros_ws/install/rosidl_typesupport_microxrcedds_test_msg:/home/abhay/microros_ws/install/rosidl_typesupport_microxrcedds_cpp_tests:/home/abhay/microros_ws/install/rmw_microxrcedds:/home/abhay/microros_ws/install/rosidl_typesupport_microxrcedds_cpp:/home/abhay/microros_ws/install/rosidl_typesupport_microxrcedds_c_tests:/home/abhay/microros_ws/install/rosidl_typesupport_microxrcedds_c:/home/abhay/microros_ws/install/rosgraph_msgs:/home/abhay/microros_ws/install/rclc_parameter:/home/abhay/microros_ws/install/rclc:/home/abhay/microros_ws/install/composition_interfaces:/home/abhay/microros_ws/install/rcl_interfaces:/home/abhay/microros_ws/install/microxrcedds_client:/home/abhay/microros_ws/install/microcdr:/home/abhay/microros_ws/install/micro_ros_utilities:/home/abhay/microros_ws/install/micro_ros_msgs:/home/abhay/microros_ws/install/lifecycle_msgs:/home/abhay/microros_ws/install/complex_msgs:/home/abhay/microros_ws/install/micro_ros_setup:/home/abhay/microros_ws/install/sensor_msgs_py:/home/abhay/ros2_ws/install/py_srvcli:/home/abhay/ros2_ws/install/my_robot_controller:/opt/ros/humble LD_LIBRARY_PATH=/home/abhay/microros_ws/install/geometry_msgs/lib:/home/abhay/microros_ws/install/std_msgs/lib:/home/abhay/microros_ws/install/builtin_interfaces/lib:/home/abhay/microros_ws/install/visualization_msgs/lib:/home/abhay/microros_ws/install/test_msgs/lib:/home/abhay/microros_ws/install/example_interfaces/lib:/home/abhay/microros_ws/install/action_msgs/lib:/home/abhay/microros_ws/install/unique_identifier_msgs/lib:/home/abhay/microros_ws/install/trajectory_msgs/lib:/home/abhay/microros_ws/install/stereo_msgs/lib:/home/abhay/microros_ws/install/std_srvs/lib:/home/abhay/microros_ws/install/shape_msgs/lib:/home/abhay/microros_ws/install/sensor_msgs/lib:/home/abhay/microros_ws/install/nav_msgs/lib:/home/abhay/microros_ws/install/diagnostic_msgs/lib:/home/abhay/microros_ws/install/actionlib_msgs/lib:/home/abhay/microros_ws/install/statistics_msgs/lib:/home/abhay/microros_ws/install/rmw_microxrcedds/lib:/home/abhay/microros_ws/install/rosidl_typesupport_microxrcedds_cpp/lib:/home/abhay/microros_ws/install/rosidl_typesupport_microxrcedds_c/lib:/home/abhay/microros_ws/install/rosgraph_msgs/lib:/home/abhay/microros_ws/install/rclc_parameter/lib:/home/abhay/microros_ws/install/rclc/lib:/home/abhay/microros_ws/install/composition_interfaces/lib:/home/abhay/microros_ws/install/rcl_interfaces/lib:/home/abhay/microros_ws/install/microxrcedds_client/lib:/home/abhay/microros_ws/install/microcdr/lib:/home/abhay/microros_ws/install/micro_ros_utilities/lib:/home/abhay/microros_ws/install/micro_ros_msgs/lib:/home/abhay/microros_ws/install/lifecycle_msgs/lib:/home/abhay/microros_ws/install/complex_msgs/lib:/opt/ros/humble/opt/rviz_ogre_vendor/lib:/opt/ros/humble/lib/x86_64-linux-gnu:/opt/ros/humble/lib /usr/bin/cmake --build /home/abhay/microros_ws/build/shape_msgs -- -j16 -l16
[0.734s] Invoking command in '/home/abhay/microros_ws/build/shape_msgs': CMAKE_PREFIX_PATH=/home/abhay/microros_ws/install/geometry_msgs:/home/abhay/microros_ws/install/std_msgs:/home/abhay/microros_ws/install/builtin_interfaces:/home/abhay/microros_ws/install/micro_ros_demos_rclc:/home/abhay/microros_ws/install/common_interfaces:/home/abhay/microros_ws/install/visualization_msgs:/home/abhay/microros_ws/install/test_msgs:/home/abhay/microros_ws/install/example_interfaces:/home/abhay/microros_ws/install/action_msgs:/home/abhay/microros_ws/install/unique_identifier_msgs:/home/abhay/microros_ws/install/trajectory_msgs:/home/abhay/microros_ws/install/stereo_msgs:/home/abhay/microros_ws/install/std_srvs:/home/abhay/microros_ws/install/shape_msgs:/home/abhay/microros_ws/install/sensor_msgs:/home/abhay/microros_ws/install/nav_msgs:/home/abhay/microros_ws/install/diagnostic_msgs:/home/abhay/microros_ws/install/actionlib_msgs:/home/abhay/microros_ws/install/statistics_msgs:/home/abhay/microros_ws/install/rosidl_typesupport_microxrcedds_test_msg:/home/abhay/microros_ws/install/rosidl_typesupport_microxrcedds_cpp_tests:/home/abhay/microros_ws/install/rmw_microxrcedds:/home/abhay/microros_ws/install/rosidl_typesupport_microxrcedds_cpp:/home/abhay/microros_ws/install/rosidl_typesupport_microxrcedds_c_tests:/home/abhay/microros_ws/install/rosidl_typesupport_microxrcedds_c:/home/abhay/microros_ws/install/rosgraph_msgs:/home/abhay/microros_ws/install/rclc_parameter:/home/abhay/microros_ws/install/rclc:/home/abhay/microros_ws/install/composition_interfaces:/home/abhay/microros_ws/install/rcl_interfaces:/home/abhay/microros_ws/install/microxrcedds_client:/home/abhay/microros_ws/install/microcdr:/home/abhay/microros_ws/install/micro_ros_utilities:/home/abhay/microros_ws/install/micro_ros_msgs:/home/abhay/microros_ws/install/lifecycle_msgs:/home/abhay/microros_ws/install/complex_msgs:/home/abhay/microros_ws/install/micro_ros_setup:/home/abhay/microros_ws/install/sensor_msgs_py:/home/abhay/ros2_ws/install/py_srvcli:/home/abhay/ros2_ws/install/my_robot_controller:/opt/ros/humble LD_LIBRARY_PATH=/home/abhay/microros_ws/install/geometry_msgs/lib:/home/abhay/microros_ws/install/std_msgs/lib:/home/abhay/microros_ws/install/builtin_interfaces/lib:/home/abhay/microros_ws/install/visualization_msgs/lib:/home/abhay/microros_ws/install/test_msgs/lib:/home/abhay/microros_ws/install/example_interfaces/lib:/home/abhay/microros_ws/install/action_msgs/lib:/home/abhay/microros_ws/install/unique_identifier_msgs/lib:/home/abhay/microros_ws/install/trajectory_msgs/lib:/home/abhay/microros_ws/install/stereo_msgs/lib:/home/abhay/microros_ws/install/std_srvs/lib:/home/abhay/microros_ws/install/shape_msgs/lib:/home/abhay/microros_ws/install/sensor_msgs/lib:/home/abhay/microros_ws/install/nav_msgs/lib:/home/abhay/microros_ws/install/diagnostic_msgs/lib:/home/abhay/microros_ws/install/actionlib_msgs/lib:/home/abhay/microros_ws/install/statistics_msgs/lib:/home/abhay/microros_ws/install/rmw_microxrcedds/lib:/home/abhay/microros_ws/install/rosidl_typesupport_microxrcedds_cpp/lib:/home/abhay/microros_ws/install/rosidl_typesupport_microxrcedds_c/lib:/home/abhay/microros_ws/install/rosgraph_msgs/lib:/home/abhay/microros_ws/install/rclc_parameter/lib:/home/abhay/microros_ws/install/rclc/lib:/home/abhay/microros_ws/install/composition_interfaces/lib:/home/abhay/microros_ws/install/rcl_interfaces/lib:/home/abhay/microros_ws/install/microxrcedds_client/lib:/home/abhay/microros_ws/install/microcdr/lib:/home/abhay/microros_ws/install/micro_ros_utilities/lib:/home/abhay/microros_ws/install/micro_ros_msgs/lib:/home/abhay/microros_ws/install/lifecycle_msgs/lib:/home/abhay/microros_ws/install/complex_msgs/lib:/opt/ros/humble/opt/rviz_ogre_vendor/lib:/opt/ros/humble/lib/x86_64-linux-gnu:/opt/ros/humble/lib /usr/bin/cmake --install /home/abhay/microros_ws/build/shape_msgs
[0.743s] -- Install configuration: ""
[0.743s] -- Up-to-date: /home/abhay/microros_ws/install/shape_msgs/share/ament_index/resource_index/rosidl_interfaces/shape_msgs
[0.744s] -- Up-to-date: /home/abhay/microros_ws/install/shape_msgs/include/shape_msgs/shape_msgs
[0.744s] -- Up-to-date: /home/abhay/microros_ws/install/shape_msgs/include/shape_msgs/shape_msgs/msg
[0.744s] -- Up-to-date: /home/abhay/microros_ws/install/shape_msgs/include/shape_msgs/shape_msgs/msg/rosidl_generator_c__visibility_control.h
[0.744s] -- Up-to-date: /home/abhay/microros_ws/install/shape_msgs/include/shape_msgs/shape_msgs/msg/plane.h
[0.744s] -- Up-to-date: /home/abhay/microros_ws/install/shape_msgs/include/shape_msgs/shape_msgs/msg/detail
[0.744s] -- Up-to-date: /home/abhay/microros_ws/install/shape_msgs/include/shape_msgs/shape_msgs/msg/detail/mesh__struct.h
[0.744s] -- Up-to-date: /home/abhay/microros_ws/install/shape_msgs/include/shape_msgs/shape_msgs/msg/detail/solid_primitive__functions.c
[0.744s] -- Up-to-date: /home/abhay/microros_ws/install/shape_msgs/include/shape_msgs/shape_msgs/msg/detail/solid_primitive__struct.h
[0.744s] -- Up-to-date: /home/abhay/microros_ws/install/shape_msgs/include/shape_msgs/shape_msgs/msg/detail/mesh_triangle__type_support.h
[0.745s] -- Up-to-date: /home/abhay/microros_ws/install/shape_msgs/include/shape_msgs/shape_msgs/msg/detail/mesh_triangle__struct.h
[0.745s] -- Up-to-date: /home/abhay/microros_ws/install/shape_msgs/include/shape_msgs/shape_msgs/msg/detail/mesh__type_support.h
[0.745s] -- Up-to-date: /home/abhay/microros_ws/install/shape_msgs/include/shape_msgs/shape_msgs/msg/detail/mesh_triangle__functions.h
[0.745s] -- Up-to-date: /home/abhay/microros_ws/install/shape_msgs/include/shape_msgs/shape_msgs/msg/detail/mesh__functions.h
[0.745s] -- Up-to-date: /home/abhay/microros_ws/install/shape_msgs/include/shape_msgs/shape_msgs/msg/detail/mesh__functions.c
[0.745s] -- Up-to-date: /home/abhay/microros_ws/install/shape_msgs/include/shape_msgs/shape_msgs/msg/detail/plane__struct.h
[0.745s] -- Up-to-date: /home/abhay/microros_ws/install/shape_msgs/include/shape_msgs/shape_msgs/msg/detail/mesh_triangle__functions.c
[0.746s] -- Up-to-date: /home/abhay/microros_ws/install/shape_msgs/include/shape_msgs/shape_msgs/msg/detail/plane__functions.h
[0.746s] -- Up-to-date: /home/abhay/microros_ws/install/shape_msgs/include/shape_msgs/shape_msgs/msg/detail/plane__type_support.h
[0.746s] -- Up-to-date: /home/abhay/microros_ws/install/shape_msgs/include/shape_msgs/shape_msgs/msg/detail/plane__functions.c
[0.746s] -- Up-to-date: /home/abhay/microros_ws/install/shape_msgs/include/shape_msgs/shape_msgs/msg/detail/solid_primitive__functions.h
[0.746s] -- Up-to-date: /home/abhay/microros_ws/install/shape_msgs/include/shape_msgs/shape_msgs/msg/detail/solid_primitive__type_support.h
[0.746s] -- Up-to-date: /home/abhay/microros_ws/install/shape_msgs/include/shape_msgs/shape_msgs/msg/solid_primitive.h
[0.746s] -- Up-to-date: /home/abhay/microros_ws/install/shape_msgs/include/shape_msgs/shape_msgs/msg/mesh_triangle.h
[0.747s] -- Up-to-date: /home/abhay/microros_ws/install/shape_msgs/include/shape_msgs/shape_msgs/msg/mesh.h
[0.747s] -- Up-to-date: /home/abhay/microros_ws/install/shape_msgs/share/shape_msgs/environment/library_path.sh
[0.747s] -- Up-to-date: /home/abhay/microros_ws/install/shape_msgs/share/shape_msgs/environment/library_path.dsv
[0.747s] -- Up-to-date: /home/abhay/microros_ws/install/shape_msgs/lib/libshape_msgs__rosidl_generator_c.so
[0.747s] -- Up-to-date: /home/abhay/microros_ws/install/shape_msgs/include/shape_msgs/shape_msgs
[0.748s] -- Up-to-date: /home/abhay/microros_ws/install/shape_msgs/include/shape_msgs/shape_msgs/msg
[0.749s] -- Up-to-date: /home/abhay/microros_ws/install/shape_msgs/include/shape_msgs/shape_msgs/msg/detail
[0.749s] -- Up-to-date: /home/abhay/microros_ws/install/shape_msgs/include/shape_msgs/shape_msgs/msg/detail/mesh_triangle__rosidl_typesupport_fastrtps_c.h
[0.749s] -- Up-to-date: /home/abhay/microros_ws/install/shape_msgs/include/shape_msgs/shape_msgs/msg/detail/mesh__rosidl_typesupport_fastrtps_c.h
[0.749s] -- Up-to-date: /home/abhay/microros_ws/install/shape_msgs/include/shape_msgs/shape_msgs/msg/detail/solid_primitive__rosidl_typesupport_fastrtps_c.h
[0.749s] -- Up-to-date: /home/abhay/microros_ws/install/shape_msgs/include/shape_msgs/shape_msgs/msg/detail/plane__rosidl_typesupport_fastrtps_c.h
[0.749s] -- Up-to-date: /home/abhay/microros_ws/install/shape_msgs/include/shape_msgs/shape_msgs/msg/rosidl_typesupport_fastrtps_c__visibility_control.h
[0.749s] -- Up-to-date: /home/abhay/microros_ws/install/shape_msgs/lib/libshape_msgs__rosidl_typesupport_fastrtps_c.so
[0.750s] -- Up-to-date: /home/abhay/microros_ws/install/shape_msgs/include/shape_msgs/shape_msgs
[0.750s] -- Up-to-date: /home/abhay/microros_ws/install/shape_msgs/include/shape_msgs/shape_msgs/msg
[0.750s] -- Up-to-date: /home/abhay/microros_ws/install/shape_msgs/include/shape_msgs/shape_msgs/msg/detail
[0.750s] -- Up-to-date: /home/abhay/microros_ws/install/shape_msgs/include/shape_msgs/shape_msgs/msg/detail/mesh__struct.hpp
[0.750s] -- Up-to-date: /home/abhay/microros_ws/install/shape_msgs/include/shape_msgs/shape_msgs/msg/detail/mesh__builder.hpp
[0.750s] -- Up-to-date: /home/abhay/microros_ws/install/shape_msgs/include/shape_msgs/shape_msgs/msg/detail/plane__traits.hpp
[0.750s] -- Up-to-date: /home/abhay/microros_ws/install/shape_msgs/include/shape_msgs/shape_msgs/msg/detail/solid_primitive__traits.hpp
[0.750s] -- Up-to-date: /home/abhay/microros_ws/install/shape_msgs/include/shape_msgs/shape_msgs/msg/detail/mesh_triangle__builder.hpp
[0.750s] -- Up-to-date: /home/abhay/microros_ws/install/shape_msgs/include/shape_msgs/shape_msgs/msg/detail/solid_primitive__struct.hpp
[0.750s] -- Up-to-date: /home/abhay/microros_ws/install/shape_msgs/include/shape_msgs/shape_msgs/msg/detail/plane__builder.hpp
[0.750s] -- Up-to-date: /home/abhay/microros_ws/install/shape_msgs/include/shape_msgs/shape_msgs/msg/detail/solid_primitive__builder.hpp
[0.751s] -- Up-to-date: /home/abhay/microros_ws/install/shape_msgs/include/shape_msgs/shape_msgs/msg/detail/mesh_triangle__struct.hpp
[0.751s] -- Up-to-date: /home/abhay/microros_ws/install/shape_msgs/include/shape_msgs/shape_msgs/msg/detail/plane__struct.hpp
[0.751s] -- Up-to-date: /home/abhay/microros_ws/install/shape_msgs/include/shape_msgs/shape_msgs/msg/detail/mesh_triangle__traits.hpp
[0.751s] -- Up-to-date: /home/abhay/microros_ws/install/shape_msgs/include/shape_msgs/shape_msgs/msg/detail/mesh__traits.hpp
[0.751s] -- Up-to-date: /home/abhay/microros_ws/install/shape_msgs/include/shape_msgs/shape_msgs/msg/mesh_triangle.hpp
[0.751s] -- Up-to-date: /home/abhay/microros_ws/install/shape_msgs/include/shape_msgs/shape_msgs/msg/solid_primitive.hpp
[0.751s] -- Up-to-date: /home/abhay/microros_ws/install/shape_msgs/include/shape_msgs/shape_msgs/msg/plane.hpp
[0.751s] -- Up-to-date: /home/abhay/microros_ws/install/shape_msgs/include/shape_msgs/shape_msgs/msg/mesh.hpp
[0.751s] -- Up-to-date: /home/abhay/microros_ws/install/shape_msgs/include/shape_msgs/shape_msgs
[0.751s] -- Up-to-date: /home/abhay/microros_ws/install/shape_msgs/include/shape_msgs/shape_msgs/msg
[0.751s] -- Up-to-date: /home/abhay/microros_ws/install/shape_msgs/include/shape_msgs/shape_msgs/msg/detail
[0.751s] -- Up-to-date: /home/abhay/microros_ws/install/shape_msgs/include/shape_msgs/shape_msgs/msg/detail/mesh_triangle__rosidl_typesupport_fastrtps_cpp.hpp
[0.751s] -- Up-to-date: /home/abhay/microros_ws/install/shape_msgs/include/shape_msgs/shape_msgs/msg/detail/solid_primitive__rosidl_typesupport_fastrtps_cpp.hpp
[0.752s] -- Up-to-date: /home/abhay/microros_ws/install/shape_msgs/include/shape_msgs/shape_msgs/msg/detail/mesh__rosidl_typesupport_fastrtps_cpp.hpp
[0.752s] -- Up-to-date: /home/abhay/microros_ws/install/shape_msgs/include/shape_msgs/shape_msgs/msg/detail/dds_fastrtps
[0.752s] -- Up-to-date: /home/abhay/microros_ws/install/shape_msgs/include/shape_msgs/shape_msgs/msg/detail/plane__rosidl_typesupport_fastrtps_cpp.hpp
[0.752s] -- Up-to-date: /home/abhay/microros_ws/install/shape_msgs/include/shape_msgs/shape_msgs/msg/rosidl_typesupport_fastrtps_cpp__visibility_control.h
[0.752s] -- Up-to-date: /home/abhay/microros_ws/install/shape_msgs/lib/libshape_msgs__rosidl_typesupport_fastrtps_cpp.so
[0.752s] -- Up-to-date: /home/abhay/microros_ws/install/shape_msgs/include/shape_msgs
[0.752s] -- Up-to-date: /home/abhay/microros_ws/install/shape_msgs/include/shape_msgs/msg
[0.752s] -- Up-to-date: /home/abhay/microros_ws/install/shape_msgs/include/shape_msgs/msg/detail
[0.752s] -- Up-to-date: /home/abhay/microros_ws/install/shape_msgs/include/shape_msgs/msg/detail/microxrcedds
[0.753s] -- Up-to-date: /home/abhay/microros_ws/install/shape_msgs/include/shape_msgs/msg/detail/mesh_triangle__rosidl_typesupport_microxrcedds_c.h
[0.753s] -- Up-to-date: /home/abhay/microros_ws/install/shape_msgs/include/shape_msgs/msg/detail/solid_primitive__rosidl_typesupport_microxrcedds_c.h
[0.753s] -- Up-to-date: /home/abhay/microros_ws/install/shape_msgs/include/shape_msgs/msg/detail/plane__rosidl_typesupport_microxrcedds_c.h
[0.753s] -- Up-to-date: /home/abhay/microros_ws/install/shape_msgs/include/shape_msgs/msg/detail/mesh__rosidl_typesupport_microxrcedds_c.h
[0.753s] -- Up-to-date: /home/abhay/microros_ws/install/shape_msgs/include/shape_msgs/msg/rosidl_typesupport_microxrcedds_c__visibility_control.h
[0.753s] -- Up-to-date: /home/abhay/microros_ws/install/shape_msgs/lib/libshape_msgs__rosidl_typesupport_microxrcedds_c.so
[0.753s] -- Up-to-date: /home/abhay/microros_ws/install/shape_msgs/include/shape_msgs/shape_msgs
[0.753s] -- Up-to-date: /home/abhay/microros_ws/install/shape_msgs/include/shape_msgs/shape_msgs/msg
[0.753s] -- Up-to-date: /home/abhay/microros_ws/install/shape_msgs/include/shape_msgs/shape_msgs/msg/detail
[0.753s] -- Up-to-date: /home/abhay/microros_ws/install/shape_msgs/include/shape_msgs/shape_msgs/msg/detail/mesh__type_support.c
[0.754s] -- Up-to-date: /home/abhay/microros_ws/install/shape_msgs/include/shape_msgs/shape_msgs/msg/detail/mesh__rosidl_typesupport_introspection_c.h
[0.754s] -- Up-to-date: /home/abhay/microros_ws/install/shape_msgs/include/shape_msgs/shape_msgs/msg/detail/plane__rosidl_typesupport_introspection_c.h
[0.754s] -- Up-to-date: /home/abhay/microros_ws/install/shape_msgs/include/shape_msgs/shape_msgs/msg/detail/solid_primitive__rosidl_typesupport_introspection_c.h
[0.754s] -- Up-to-date: /home/abhay/microros_ws/install/shape_msgs/include/shape_msgs/shape_msgs/msg/detail/mesh_triangle__type_support.c
[0.754s] -- Up-to-date: /home/abhay/microros_ws/install/shape_msgs/include/shape_msgs/shape_msgs/msg/detail/mesh_triangle__rosidl_typesupport_introspection_c.h
[0.754s] -- Up-to-date: /home/abhay/microros_ws/install/shape_msgs/include/shape_msgs/shape_msgs/msg/detail/plane__type_support.c
[0.754s] -- Up-to-date: /home/abhay/microros_ws/install/shape_msgs/include/shape_msgs/shape_msgs/msg/detail/solid_primitive__type_support.c
[0.755s] -- Up-to-date: /home/abhay/microros_ws/install/shape_msgs/include/shape_msgs/shape_msgs/msg/rosidl_typesupport_introspection_c__visibility_control.h
[0.755s] -- Up-to-date: /home/abhay/microros_ws/install/shape_msgs/lib/libshape_msgs__rosidl_typesupport_introspection_c.so
[0.755s] -- Up-to-date: /home/abhay/microros_ws/install/shape_msgs/lib/libshape_msgs__rosidl_typesupport_c.so
[0.755s] -- Up-to-date: /home/abhay/microros_ws/install/shape_msgs/include/shape_msgs
[0.755s] -- Up-to-date: /home/abhay/microros_ws/install/shape_msgs/include/shape_msgs/msg
[0.755s] -- Up-to-date: /home/abhay/microros_ws/install/shape_msgs/include/shape_msgs/msg/detail
[0.755s] -- Up-to-date: /home/abhay/microros_ws/install/shape_msgs/include/shape_msgs/msg/detail/mesh__rosidl_typesupport_microxrcedds_cpp.hpp
[0.755s] -- Up-to-date: /home/abhay/microros_ws/install/shape_msgs/include/shape_msgs/msg/detail/plane__rosidl_typesupport_microxrcedds_cpp.hpp
[0.755s] -- Up-to-date: /home/abhay/microros_ws/install/shape_msgs/include/shape_msgs/msg/detail/microxrcedds
[0.755s] -- Up-to-date: /home/abhay/microros_ws/install/shape_msgs/include/shape_msgs/msg/detail/microxrcedds/solid_primitive__type_support_cpp.cpp
[0.755s] -- Up-to-date: /home/abhay/microros_ws/install/shape_msgs/include/shape_msgs/msg/detail/microxrcedds/plane__type_support_cpp.cpp
[0.755s] -- Up-to-date: /home/abhay/microros_ws/install/shape_msgs/include/shape_msgs/msg/detail/microxrcedds/mesh_triangle__type_support_cpp.cpp
[0.755s] -- Up-to-date: /home/abhay/microros_ws/install/shape_msgs/include/shape_msgs/msg/detail/microxrcedds/mesh__type_support_cpp.cpp
[0.756s] -- Up-to-date: /home/abhay/microros_ws/install/shape_msgs/include/shape_msgs/msg/detail/solid_primitive__rosidl_typesupport_microxrcedds_cpp.hpp
[0.756s] -- Up-to-date: /home/abhay/microros_ws/install/shape_msgs/include/shape_msgs/msg/detail/mesh_triangle__rosidl_typesupport_microxrcedds_cpp.hpp
[0.757s] -- Up-to-date: /home/abhay/microros_ws/install/shape_msgs/include/shape_msgs/msg/rosidl_typesupport_microxrcedds_cpp__visibility_control.h
[0.757s] -- Up-to-date: /home/abhay/microros_ws/install/shape_msgs/lib/libshape_msgs__rosidl_typesupport_microxrcedds_cpp.so
[0.757s] -- Up-to-date: /home/abhay/microros_ws/install/shape_msgs/include/shape_msgs/shape_msgs
[0.757s] -- Up-to-date: /home/abhay/microros_ws/install/shape_msgs/include/shape_msgs/shape_msgs/msg
[0.758s] -- Up-to-date: /home/abhay/microros_ws/install/shape_msgs/include/shape_msgs/shape_msgs/msg/detail
[0.758s] -- Up-to-date: /home/abhay/microros_ws/install/shape_msgs/include/shape_msgs/shape_msgs/msg/detail/mesh__rosidl_typesupport_introspection_cpp.hpp
[0.758s] -- Up-to-date: /home/abhay/microros_ws/install/shape_msgs/include/shape_msgs/shape_msgs/msg/detail/solid_primitive__rosidl_typesupport_introspection_cpp.hpp
[0.758s] -- Up-to-date: /home/abhay/microros_ws/install/shape_msgs/include/shape_msgs/shape_msgs/msg/detail/mesh__type_support.cpp
[0.758s] -- Up-to-date: /home/abhay/microros_ws/install/shape_msgs/include/shape_msgs/shape_msgs/msg/detail/plane__rosidl_typesupport_introspection_cpp.hpp
[0.758s] -- Up-to-date: /home/abhay/microros_ws/install/shape_msgs/include/shape_msgs/shape_msgs/msg/detail/solid_primitive__type_support.cpp
[0.758s] -- Up-to-date: /home/abhay/microros_ws/install/shape_msgs/include/shape_msgs/shape_msgs/msg/detail/plane__type_support.cpp
[0.759s] -- Up-to-date: /home/abhay/microros_ws/install/shape_msgs/include/shape_msgs/shape_msgs/msg/detail/mesh_triangle__type_support.cpp
[0.759s] -- Up-to-date: /home/abhay/microros_ws/install/shape_msgs/include/shape_msgs/shape_msgs/msg/detail/mesh_triangle__rosidl_typesupport_introspection_cpp.hpp
[0.759s] -- Up-to-date: /home/abhay/microros_ws/install/shape_msgs/lib/libshape_msgs__rosidl_typesupport_introspection_cpp.so
[0.759s] -- Up-to-date: /home/abhay/microros_ws/install/shape_msgs/lib/libshape_msgs__rosidl_typesupport_cpp.so
[0.759s] -- Up-to-date: /home/abhay/microros_ws/install/shape_msgs/share/shape_msgs/environment/pythonpath.sh
[0.759s] -- Up-to-date: /home/abhay/microros_ws/install/shape_msgs/share/shape_msgs/environment/pythonpath.dsv
[0.759s] -- Up-to-date: /home/abhay/microros_ws/install/shape_msgs/local/lib/python3.10/dist-packages/shape_msgs-4.2.3-py3.10.egg-info
[0.759s] -- Installing: /home/abhay/microros_ws/install/shape_msgs/local/lib/python3.10/dist-packages/shape_msgs-4.2.3-py3.10.egg-info/top_level.txt
[0.759s] -- Installing: /home/abhay/microros_ws/install/shape_msgs/local/lib/python3.10/dist-packages/shape_msgs-4.2.3-py3.10.egg-info/SOURCES.txt
[0.759s] -- Installing: /home/abhay/microros_ws/install/shape_msgs/local/lib/python3.10/dist-packages/shape_msgs-4.2.3-py3.10.egg-info/dependency_links.txt
[0.759s] -- Installing: /home/abhay/microros_ws/install/shape_msgs/local/lib/python3.10/dist-packages/shape_msgs-4.2.3-py3.10.egg-info/PKG-INFO
[0.760s] -- Up-to-date: /home/abhay/microros_ws/install/shape_msgs/local/lib/python3.10/dist-packages/shape_msgs
[0.760s] -- Up-to-date: /home/abhay/microros_ws/install/shape_msgs/local/lib/python3.10/dist-packages/shape_msgs/_shape_msgs_s.ep.rosidl_typesupport_introspection_c.c
[0.760s] -- Up-to-date: /home/abhay/microros_ws/install/shape_msgs/local/lib/python3.10/dist-packages/shape_msgs/msg
[0.760s] -- Up-to-date: /home/abhay/microros_ws/install/shape_msgs/local/lib/python3.10/dist-packages/shape_msgs/msg/_mesh_s.c
[0.760s] -- Up-to-date: /home/abhay/microros_ws/install/shape_msgs/local/lib/python3.10/dist-packages/shape_msgs/msg/_mesh_triangle_s.c
[0.760s] -- Up-to-date: /home/abhay/microros_ws/install/shape_msgs/local/lib/python3.10/dist-packages/shape_msgs/msg/_mesh_triangle.py
[0.760s] -- Up-to-date: /home/abhay/microros_ws/install/shape_msgs/local/lib/python3.10/dist-packages/shape_msgs/msg/_solid_primitive.py
[0.760s] -- Up-to-date: /home/abhay/microros_ws/install/shape_msgs/local/lib/python3.10/dist-packages/shape_msgs/msg/_mesh.py
[0.760s] -- Up-to-date: /home/abhay/microros_ws/install/shape_msgs/local/lib/python3.10/dist-packages/shape_msgs/msg/_plane_s.c
[0.760s] -- Up-to-date: /home/abhay/microros_ws/install/shape_msgs/local/lib/python3.10/dist-packages/shape_msgs/msg/_solid_primitive_s.c
[0.760s] -- Up-to-date: /home/abhay/microros_ws/install/shape_msgs/local/lib/python3.10/dist-packages/shape_msgs/msg/__init__.py
[0.761s] -- Up-to-date: /home/abhay/microros_ws/install/shape_msgs/local/lib/python3.10/dist-packages/shape_msgs/msg/_plane.py
[0.761s] -- Up-to-date: /home/abhay/microros_ws/install/shape_msgs/local/lib/python3.10/dist-packages/shape_msgs/_shape_msgs_s.ep.rosidl_typesupport_fastrtps_c.c
[0.761s] -- Up-to-date: /home/abhay/microros_ws/install/shape_msgs/local/lib/python3.10/dist-packages/shape_msgs/libshape_msgs__rosidl_generator_py.so
[0.761s] -- Up-to-date: /home/abhay/microros_ws/install/shape_msgs/local/lib/python3.10/dist-packages/shape_msgs/_shape_msgs_s.ep.rosidl_typesupport_microxrcedds_c.c
[0.761s] -- Up-to-date: /home/abhay/microros_ws/install/shape_msgs/local/lib/python3.10/dist-packages/shape_msgs/shape_msgs_s__rosidl_typesupport_introspection_c.cpython-310-x86_64-linux-gnu.so
[0.761s] -- Up-to-date: /home/abhay/microros_ws/install/shape_msgs/local/lib/python3.10/dist-packages/shape_msgs/_shape_msgs_s.ep.rosidl_typesupport_c.c
[0.761s] -- Up-to-date: /home/abhay/microros_ws/install/shape_msgs/local/lib/python3.10/dist-packages/shape_msgs/shape_msgs_s__rosidl_typesupport_microxrcedds_c.cpython-310-x86_64-linux-gnu.so
[0.761s] -- Up-to-date: /home/abhay/microros_ws/install/shape_msgs/local/lib/python3.10/dist-packages/shape_msgs/shape_msgs_s__rosidl_typesupport_fastrtps_c.cpython-310-x86_64-linux-gnu.so
[0.761s] -- Up-to-date: /home/abhay/microros_ws/install/shape_msgs/local/lib/python3.10/dist-packages/shape_msgs/__init__.py
[0.762s] -- Up-to-date: /home/abhay/microros_ws/install/shape_msgs/local/lib/python3.10/dist-packages/shape_msgs/shape_msgs_s__rosidl_typesupport_c.cpython-310-x86_64-linux-gnu.so
[0.792s] Listing '/home/abhay/microros_ws/install/shape_msgs/local/lib/python3.10/dist-packages/shape_msgs'...
[0.792s] Listing '/home/abhay/microros_ws/install/shape_msgs/local/lib/python3.10/dist-packages/shape_msgs/msg'...
[0.792s] -- Up-to-date: /home/abhay/microros_ws/install/shape_msgs/local/lib/python3.10/dist-packages/shape_msgs/shape_msgs_s__rosidl_typesupport_microxrcedds_c.cpython-310-x86_64-linux-gnu.so
[0.792s] -- Up-to-date: /home/abhay/microros_ws/install/shape_msgs/local/lib/python3.10/dist-packages/shape_msgs/shape_msgs_s__rosidl_typesupport_fastrtps_c.cpython-310-x86_64-linux-gnu.so
[0.792s] -- Up-to-date: /home/abhay/microros_ws/install/shape_msgs/local/lib/python3.10/dist-packages/shape_msgs/shape_msgs_s__rosidl_typesupport_introspection_c.cpython-310-x86_64-linux-gnu.so
[0.792s] -- Up-to-date: /home/abhay/microros_ws/install/shape_msgs/local/lib/python3.10/dist-packages/shape_msgs/shape_msgs_s__rosidl_typesupport_c.cpython-310-x86_64-linux-gnu.so
[0.793s] -- Up-to-date: /home/abhay/microros_ws/install/shape_msgs/lib/libshape_msgs__rosidl_generator_py.so
[0.793s] -- Up-to-date: /home/abhay/microros_ws/install/shape_msgs/share/shape_msgs/msg/Mesh.idl
[0.793s] -- Up-to-date: /home/abhay/microros_ws/install/shape_msgs/share/shape_msgs/msg/MeshTriangle.idl
[0.794s] -- Up-to-date: /home/abhay/microros_ws/install/shape_msgs/share/shape_msgs/msg/Plane.idl
[0.794s] -- Up-to-date: /home/abhay/microros_ws/install/shape_msgs/share/shape_msgs/msg/SolidPrimitive.idl
[0.794s] -- Up-to-date: /home/abhay/microros_ws/install/shape_msgs/share/shape_msgs/msg/Mesh.msg
[0.794s] -- Up-to-date: /home/abhay/microros_ws/install/shape_msgs/share/shape_msgs/msg/MeshTriangle.msg
[0.794s] -- Up-to-date: /home/abhay/microros_ws/install/shape_msgs/share/shape_msgs/msg/Plane.msg
[0.795s] -- Up-to-date: /home/abhay/microros_ws/install/shape_msgs/share/shape_msgs/msg/SolidPrimitive.msg
[0.795s] -- Up-to-date: /home/abhay/microros_ws/install/shape_msgs/share/ament_index/resource_index/package_run_dependencies/shape_msgs
[0.795s] -- Up-to-date: /home/abhay/microros_ws/install/shape_msgs/share/ament_index/resource_index/parent_prefix_path/shape_msgs
[0.795s] -- Up-to-date: /home/abhay/microros_ws/install/shape_msgs/share/shape_msgs/environment/ament_prefix_path.sh
[0.795s] -- Up-to-date: /home/abhay/microros_ws/install/shape_msgs/share/shape_msgs/environment/ament_prefix_path.dsv
[0.795s] -- Up-to-date: /home/abhay/microros_ws/install/shape_msgs/share/shape_msgs/environment/path.sh
[0.796s] -- Up-to-date: /home/abhay/microros_ws/install/shape_msgs/share/shape_msgs/environment/path.dsv
[0.797s] -- Up-to-date: /home/abhay/microros_ws/install/shape_msgs/share/shape_msgs/local_setup.bash
[0.797s] -- Up-to-date: /home/abhay/microros_ws/install/shape_msgs/share/shape_msgs/local_setup.sh
[0.797s] -- Up-to-date: /home/abhay/microros_ws/install/shape_msgs/share/shape_msgs/local_setup.zsh
[0.798s] -- Up-to-date: /home/abhay/microros_ws/install/shape_msgs/share/shape_msgs/local_setup.dsv
[0.798s] -- Installing: /home/abhay/microros_ws/install/shape_msgs/share/shape_msgs/package.dsv
[0.798s] -- Up-to-date: /home/abhay/microros_ws/install/shape_msgs/share/ament_index/resource_index/packages/shape_msgs
[0.798s] -- Up-to-date: /home/abhay/microros_ws/install/shape_msgs/share/shape_msgs/cmake/export_shape_msgs__rosidl_generator_cExport.cmake
[0.798s] -- Up-to-date: /home/abhay/microros_ws/install/shape_msgs/share/shape_msgs/cmake/export_shape_msgs__rosidl_generator_cExport-noconfig.cmake
[0.798s] -- Up-to-date: /home/abhay/microros_ws/install/shape_msgs/share/shape_msgs/cmake/export_shape_msgs__rosidl_typesupport_fastrtps_cExport.cmake
[0.798s] -- Up-to-date: /home/abhay/microros_ws/install/shape_msgs/share/shape_msgs/cmake/export_shape_msgs__rosidl_typesupport_fastrtps_cExport-noconfig.cmake
[0.798s] -- Up-to-date: /home/abhay/microros_ws/install/shape_msgs/share/shape_msgs/cmake/export_shape_msgs__rosidl_generator_cppExport.cmake
[0.798s] -- Up-to-date: /home/abhay/microros_ws/install/shape_msgs/share/shape_msgs/cmake/export_shape_msgs__rosidl_typesupport_fastrtps_cppExport.cmake
[0.799s] -- Up-to-date: /home/abhay/microros_ws/install/shape_msgs/share/shape_msgs/cmake/export_shape_msgs__rosidl_typesupport_fastrtps_cppExport-noconfig.cmake
[0.799s] -- Up-to-date: /home/abhay/microros_ws/install/shape_msgs/share/shape_msgs/cmake/shape_msgs__rosidl_typesupport_introspection_cExport.cmake
[0.799s] -- Up-to-date: /home/abhay/microros_ws/install/shape_msgs/share/shape_msgs/cmake/shape_msgs__rosidl_typesupport_introspection_cExport-noconfig.cmake
[0.799s] -- Up-to-date: /home/abhay/microros_ws/install/shape_msgs/share/shape_msgs/cmake/shape_msgs__rosidl_typesupport_cExport.cmake
[0.799s] -- Up-to-date: /home/abhay/microros_ws/install/shape_msgs/share/shape_msgs/cmake/shape_msgs__rosidl_typesupport_cExport-noconfig.cmake
[0.799s] -- Up-to-date: /home/abhay/microros_ws/install/shape_msgs/share/shape_msgs/cmake/shape_msgs__rosidl_typesupport_introspection_cppExport.cmake
[0.799s] -- Up-to-date: /home/abhay/microros_ws/install/shape_msgs/share/shape_msgs/cmake/shape_msgs__rosidl_typesupport_introspection_cppExport-noconfig.cmake
[0.800s] -- Up-to-date: /home/abhay/microros_ws/install/shape_msgs/share/shape_msgs/cmake/shape_msgs__rosidl_typesupport_cppExport.cmake
[0.800s] -- Up-to-date: /home/abhay/microros_ws/install/shape_msgs/share/shape_msgs/cmake/shape_msgs__rosidl_typesupport_cppExport-noconfig.cmake
[0.800s] -- Up-to-date: /home/abhay/microros_ws/install/shape_msgs/share/shape_msgs/cmake/export_shape_msgs__rosidl_generator_pyExport.cmake
[0.800s] -- Up-to-date: /home/abhay/microros_ws/install/shape_msgs/share/shape_msgs/cmake/export_shape_msgs__rosidl_generator_pyExport-noconfig.cmake
[0.800s] -- Up-to-date: /home/abhay/microros_ws/install/shape_msgs/share/shape_msgs/cmake/rosidl_cmake-extras.cmake
[0.800s] -- Up-to-date: /home/abhay/microros_ws/install/shape_msgs/share/shape_msgs/cmake/ament_cmake_export_dependencies-extras.cmake
[0.800s] -- Up-to-date: /home/abhay/microros_ws/install/shape_msgs/share/shape_msgs/cmake/ament_cmake_export_include_directories-extras.cmake
[0.800s] -- Up-to-date: /home/abhay/microros_ws/install/shape_msgs/share/shape_msgs/cmake/ament_cmake_export_libraries-extras.cmake
[0.800s] -- Up-to-date: /home/abhay/microros_ws/install/shape_msgs/share/shape_msgs/cmake/ament_cmake_export_targets-extras.cmake
[0.801s] -- Up-to-date: /home/abhay/microros_ws/install/shape_msgs/share/shape_msgs/cmake/rosidl_cmake_export_typesupport_targets-extras.cmake
[0.801s] -- Up-to-date: /home/abhay/microros_ws/install/shape_msgs/share/shape_msgs/cmake/rosidl_cmake_export_typesupport_libraries-extras.cmake
[0.801s] -- Up-to-date: /home/abhay/microros_ws/install/shape_msgs/share/shape_msgs/cmake/shape_msgsConfig.cmake
[0.801s] -- Up-to-date: /home/abhay/microros_ws/install/shape_msgs/share/shape_msgs/cmake/shape_msgsConfig-version.cmake
[0.801s] -- Up-to-date: /home/abhay/microros_ws/install/shape_msgs/share/shape_msgs/package.xml
[0.801s] Invoked command in '/home/abhay/microros_ws/build/shape_msgs' returned '0': CMAKE_PREFIX_PATH=/home/abhay/microros_ws/install/geometry_msgs:/home/abhay/microros_ws/install/std_msgs:/home/abhay/microros_ws/install/builtin_interfaces:/home/abhay/microros_ws/install/micro_ros_demos_rclc:/home/abhay/microros_ws/install/common_interfaces:/home/abhay/microros_ws/install/visualization_msgs:/home/abhay/microros_ws/install/test_msgs:/home/abhay/microros_ws/install/example_interfaces:/home/abhay/microros_ws/install/action_msgs:/home/abhay/microros_ws/install/unique_identifier_msgs:/home/abhay/microros_ws/install/trajectory_msgs:/home/abhay/microros_ws/install/stereo_msgs:/home/abhay/microros_ws/install/std_srvs:/home/abhay/microros_ws/install/shape_msgs:/home/abhay/microros_ws/install/sensor_msgs:/home/abhay/microros_ws/install/nav_msgs:/home/abhay/microros_ws/install/diagnostic_msgs:/home/abhay/microros_ws/install/actionlib_msgs:/home/abhay/microros_ws/install/statistics_msgs:/home/abhay/microros_ws/install/rosidl_typesupport_microxrcedds_test_msg:/home/abhay/microros_ws/install/rosidl_typesupport_microxrcedds_cpp_tests:/home/abhay/microros_ws/install/rmw_microxrcedds:/home/abhay/microros_ws/install/rosidl_typesupport_microxrcedds_cpp:/home/abhay/microros_ws/install/rosidl_typesupport_microxrcedds_c_tests:/home/abhay/microros_ws/install/rosidl_typesupport_microxrcedds_c:/home/abhay/microros_ws/install/rosgraph_msgs:/home/abhay/microros_ws/install/rclc_parameter:/home/abhay/microros_ws/install/rclc:/home/abhay/microros_ws/install/composition_interfaces:/home/abhay/microros_ws/install/rcl_interfaces:/home/abhay/microros_ws/install/microxrcedds_client:/home/abhay/microros_ws/install/microcdr:/home/abhay/microros_ws/install/micro_ros_utilities:/home/abhay/microros_ws/install/micro_ros_msgs:/home/abhay/microros_ws/install/lifecycle_msgs:/home/abhay/microros_ws/install/complex_msgs:/home/abhay/microros_ws/install/micro_ros_setup:/home/abhay/microros_ws/install/sensor_msgs_py:/home/abhay/ros2_ws/install/py_srvcli:/home/abhay/ros2_ws/install/my_robot_controller:/opt/ros/humble LD_LIBRARY_PATH=/home/abhay/microros_ws/install/geometry_msgs/lib:/home/abhay/microros_ws/install/std_msgs/lib:/home/abhay/microros_ws/install/builtin_interfaces/lib:/home/abhay/microros_ws/install/visualization_msgs/lib:/home/abhay/microros_ws/install/test_msgs/lib:/home/abhay/microros_ws/install/example_interfaces/lib:/home/abhay/microros_ws/install/action_msgs/lib:/home/abhay/microros_ws/install/unique_identifier_msgs/lib:/home/abhay/microros_ws/install/trajectory_msgs/lib:/home/abhay/microros_ws/install/stereo_msgs/lib:/home/abhay/microros_ws/install/std_srvs/lib:/home/abhay/microros_ws/install/shape_msgs/lib:/home/abhay/microros_ws/install/sensor_msgs/lib:/home/abhay/microros_ws/install/nav_msgs/lib:/home/abhay/microros_ws/install/diagnostic_msgs/lib:/home/abhay/microros_ws/install/actionlib_msgs/lib:/home/abhay/microros_ws/install/statistics_msgs/lib:/home/abhay/microros_ws/install/rmw_microxrcedds/lib:/home/abhay/microros_ws/install/rosidl_typesupport_microxrcedds_cpp/lib:/home/abhay/microros_ws/install/rosidl_typesupport_microxrcedds_c/lib:/home/abhay/microros_ws/install/rosgraph_msgs/lib:/home/abhay/microros_ws/install/rclc_parameter/lib:/home/abhay/microros_ws/install/rclc/lib:/home/abhay/microros_ws/install/composition_interfaces/lib:/home/abhay/microros_ws/install/rcl_interfaces/lib:/home/abhay/microros_ws/install/microxrcedds_client/lib:/home/abhay/microros_ws/install/microcdr/lib:/home/abhay/microros_ws/install/micro_ros_utilities/lib:/home/abhay/microros_ws/install/micro_ros_msgs/lib:/home/abhay/microros_ws/install/lifecycle_msgs/lib:/home/abhay/microros_ws/install/complex_msgs/lib:/opt/ros/humble/opt/rviz_ogre_vendor/lib:/opt/ros/humble/lib/x86_64-linux-gnu:/opt/ros/humble/lib /usr/bin/cmake --install /home/abhay/microros_ws/build/shape_msgs
