[0.021s] Invoking command in '/home/abhay/microros_ws/build/shape_msgs': AMENT_PREFIX_PATH=/home/abhay/microros_ws/install/geometry_msgs:/home/abhay/microros_ws/install/std_msgs:/home/abhay/microros_ws/install/builtin_interfaces:${AMENT_PREFIX_PATH} CMAKE_PREFIX_PATH=/home/abhay/microros_ws/install/geometry_msgs:/home/abhay/microros_ws/install/std_msgs:/home/abhay/microros_ws/install/builtin_interfaces:/home/abhay/microros_ws/install/rosidl_typesupport_microxrcedds_cpp:/home/abhay/microros_ws/install/rosidl_typesupport_microxrcedds_c:/home/abhay/microros_ws/install/microcdr:/home/abhay/microros_ws/install/micro_ros_setup:/home/abhay/ros2_ws/install/py_srvcli:/home/abhay/ros2_ws/install/my_robot_controller:/opt/ros/humble LD_LIBRARY_PATH=/home/abhay/microros_ws/install/geometry_msgs/lib:/home/abhay/microros_ws/install/std_msgs/lib:/home/abhay/microros_ws/install/builtin_interfaces/lib:${LD_LIBRARY_PATH} PYTHONPATH=/home/abhay/microros_ws/install/geometry_msgs/local/lib/python3.10/dist-packages:/home/abhay/microros_ws/install/std_msgs/local/lib/python3.10/dist-packages:/home/abhay/microros_ws/install/builtin_interfaces/local/lib/python3.10/dist-packages:${PYTHONPATH} /usr/bin/cmake /home/abhay/microros_ws/src/ros2/common_interfaces/shape_msgs -DBUILD_TESTING=OFF -DBUILD_SHARED_LIBS=ON -DCMAKE_INSTALL_PREFIX=/home/abhay/microros_ws/install/shape_msgs
[0.064s] -- The C compiler identification is GNU 11.4.0
[0.109s] -- The CXX compiler identification is GNU 11.4.0
[0.114s] -- Detecting C compiler ABI info
[0.178s] -- Detecting C compiler ABI info - done
[0.186s] -- Check for working C compiler: /usr/bin/cc - skipped
[0.186s] -- Detecting C compile features
[0.186s] -- Detecting C compile features - done
[0.189s] -- Detecting CXX compiler ABI info
[0.249s] -- Detecting CXX compiler ABI info - done
[0.254s] -- Check for working CXX compiler: /usr/bin/c++ - skipped
[0.254s] -- Detecting CXX compile features
[0.255s] -- Detecting CXX compile features - done
[0.257s] -- Found ament_cmake: 1.3.8 (/opt/ros/humble/share/ament_cmake/cmake)
[0.391s] -- Found Python3: /usr/bin/python3 (found version "3.10.12") found components: Interpreter 
[0.476s] -- Found geometry_msgs: 4.2.3 (/home/abhay/microros_ws/install/geometry_msgs/share/geometry_msgs/cmake)
[0.522s] -- Found rosidl_generator_c: 3.1.5 (/opt/ros/humble/share/rosidl_generator_c/cmake)
[0.528s] -- Found rosidl_adapter: 3.1.5 (/opt/ros/humble/share/rosidl_adapter/cmake)
[0.539s] -- Found rosidl_generator_cpp: 3.1.5 (/opt/ros/humble/share/rosidl_generator_cpp/cmake)
[0.556s] -- Using all available rosidl_typesupport_c: rosidl_typesupport_microxrcedds_c;rosidl_typesupport_fastrtps_c;rosidl_typesupport_introspection_c
[0.590s] -- Using all available rosidl_typesupport_cpp: rosidl_typesupport_microxrcedds_cpp;rosidl_typesupport_fastrtps_cpp;rosidl_typesupport_introspection_cpp
[0.720s] -- Found rosidl_default_generators: 1.2.0 (/opt/ros/humble/share/rosidl_default_generators/cmake)
[0.984s] -- Found ament_cmake_ros: 0.10.0 (/opt/ros/humble/share/ament_cmake_ros/cmake)
[1.405s] -- Using all available rosidl_typesupport_c: rosidl_typesupport_microxrcedds_c;rosidl_typesupport_fastrtps_c;rosidl_typesupport_introspection_c
[1.603s] -- Using all available rosidl_typesupport_cpp: rosidl_typesupport_microxrcedds_cpp;rosidl_typesupport_fastrtps_cpp;rosidl_typesupport_introspection_cpp
[1.623s] -- Found PythonInterp: /usr/bin/python3 (found suitable version "3.10.12", minimum required is "3.6") 
[1.624s] -- Found python_cmake_module: 0.10.0 (/opt/ros/humble/share/python_cmake_module/cmake)
[1.648s] -- Found PythonLibs: /usr/lib/x86_64-linux-gnu/libpython3.10.so (found suitable version "3.10.12", minimum required is "3.5") 
[1.648s] -- Using PYTHON_EXECUTABLE: /usr/bin/python3
[1.649s] -- Using PYTHON_INCLUDE_DIRS: /usr/include/python3.10
[1.649s] -- Using PYTHON_LIBRARIES: /usr/lib/x86_64-linux-gnu/libpython3.10.so
[1.666s] -- Found PythonExtra: .so  
[1.726s] -- Configuring done
[1.763s] -- Generating done
[1.766s] -- Build files have been written to: /home/abhay/microros_ws/build/shape_msgs
[1.777s] Invoked command in '/home/abhay/microros_ws/build/shape_msgs' returned '0': AMENT_PREFIX_PATH=/home/abhay/microros_ws/install/geometry_msgs:/home/abhay/microros_ws/install/std_msgs:/home/abhay/microros_ws/install/builtin_interfaces:${AMENT_PREFIX_PATH} CMAKE_PREFIX_PATH=/home/abhay/microros_ws/install/geometry_msgs:/home/abhay/microros_ws/install/std_msgs:/home/abhay/microros_ws/install/builtin_interfaces:/home/abhay/microros_ws/install/rosidl_typesupport_microxrcedds_cpp:/home/abhay/microros_ws/install/rosidl_typesupport_microxrcedds_c:/home/abhay/microros_ws/install/microcdr:/home/abhay/microros_ws/install/micro_ros_setup:/home/abhay/ros2_ws/install/py_srvcli:/home/abhay/ros2_ws/install/my_robot_controller:/opt/ros/humble LD_LIBRARY_PATH=/home/abhay/microros_ws/install/geometry_msgs/lib:/home/abhay/microros_ws/install/std_msgs/lib:/home/abhay/microros_ws/install/builtin_interfaces/lib:${LD_LIBRARY_PATH} PYTHONPATH=/home/abhay/microros_ws/install/geometry_msgs/local/lib/python3.10/dist-packages:/home/abhay/microros_ws/install/std_msgs/local/lib/python3.10/dist-packages:/home/abhay/microros_ws/install/builtin_interfaces/local/lib/python3.10/dist-packages:${PYTHONPATH} /usr/bin/cmake /home/abhay/microros_ws/src/ros2/common_interfaces/shape_msgs -DBUILD_TESTING=OFF -DBUILD_SHARED_LIBS=ON -DCMAKE_INSTALL_PREFIX=/home/abhay/microros_ws/install/shape_msgs
[1.779s] Invoking command in '/home/abhay/microros_ws/build/shape_msgs': AMENT_PREFIX_PATH=/home/abhay/microros_ws/install/geometry_msgs:/home/abhay/microros_ws/install/std_msgs:/home/abhay/microros_ws/install/builtin_interfaces:${AMENT_PREFIX_PATH} CMAKE_PREFIX_PATH=/home/abhay/microros_ws/install/geometry_msgs:/home/abhay/microros_ws/install/std_msgs:/home/abhay/microros_ws/install/builtin_interfaces:/home/abhay/microros_ws/install/rosidl_typesupport_microxrcedds_cpp:/home/abhay/microros_ws/install/rosidl_typesupport_microxrcedds_c:/home/abhay/microros_ws/install/microcdr:/home/abhay/microros_ws/install/micro_ros_setup:/home/abhay/ros2_ws/install/py_srvcli:/home/abhay/ros2_ws/install/my_robot_controller:/opt/ros/humble LD_LIBRARY_PATH=/home/abhay/microros_ws/install/geometry_msgs/lib:/home/abhay/microros_ws/install/std_msgs/lib:/home/abhay/microros_ws/install/builtin_interfaces/lib:${LD_LIBRARY_PATH} PYTHONPATH=/home/abhay/microros_ws/install/geometry_msgs/local/lib/python3.10/dist-packages:/home/abhay/microros_ws/install/std_msgs/local/lib/python3.10/dist-packages:/home/abhay/microros_ws/install/builtin_interfaces/local/lib/python3.10/dist-packages:${PYTHONPATH} /usr/bin/cmake --build /home/abhay/microros_ws/build/shape_msgs -- -j16 -l16
[1.823s] [  1%] [34m[1mGenerating C code for ROS interfaces[0m
[1.829s] [  2%] [34m[1mGenerating C++ code for ROS interfaces[0m
[1.843s] [  2%] Built target ament_cmake_python_copy_shape_msgs
[2.206s] running egg_info
[2.206s] creating shape_msgs.egg-info
[2.207s] writing shape_msgs.egg-info/PKG-INFO
[2.207s] writing dependency_links to shape_msgs.egg-info/dependency_links.txt
[2.207s] writing top-level names to shape_msgs.egg-info/top_level.txt
[2.207s] writing manifest file 'shape_msgs.egg-info/SOURCES.txt'
[2.210s] reading manifest file 'shape_msgs.egg-info/SOURCES.txt'
[2.211s] writing manifest file 'shape_msgs.egg-info/SOURCES.txt'
[2.252s] [  2%] Built target ament_cmake_python_build_shape_msgs_egg
[2.414s] [  2%] Built target shape_msgs__cpp
[2.425s] [  4%] [34m[1mGenerating C++ type support for eProsima Micro XRCE-DDS[0m
[2.427s] [  5%] [34m[1mGenerating C++ type support dispatch for ROS interfaces[0m
[2.427s] [  7%] [34m[1mGenerating C++ type support for eProsima Fast-RTPS[0m
[2.427s] [  8%] [34m[1mGenerating C++ introspection for ROS interfaces[0m
[2.748s] [ 10%] [32mBuilding C object CMakeFiles/shape_msgs__rosidl_generator_c.dir/rosidl_generator_c/shape_msgs/msg/detail/mesh__functions.c.o[0m
[2.758s] [ 11%] [32mBuilding C object CMakeFiles/shape_msgs__rosidl_generator_c.dir/rosidl_generator_c/shape_msgs/msg/detail/mesh_triangle__functions.c.o[0m
[2.762s] [ 13%] [32mBuilding C object CMakeFiles/shape_msgs__rosidl_generator_c.dir/rosidl_generator_c/shape_msgs/msg/detail/plane__functions.c.o[0m
[2.790s] [ 14%] [32mBuilding C object CMakeFiles/shape_msgs__rosidl_generator_c.dir/rosidl_generator_c/shape_msgs/msg/detail/solid_primitive__functions.c.o[0m
[2.964s] [ 15%] [32m[1mLinking C shared library libshape_msgs__rosidl_generator_c.so[0m
[3.102s] [ 15%] Built target shape_msgs__rosidl_generator_c
[3.152s] [ 17%] [34m[1mGenerating C type support for eProsima Fast-RTPS[0m
[3.174s] [ 18%] [34m[1mGenerating C type support for eProsima Micro XRCE-DDS[0m
[3.180s] [ 20%] [34m[1mGenerating C introspection for ROS interfaces[0m
[3.185s] [ 21%] [34m[1mGenerating C type support dispatch for ROS interfaces[0m
[3.308s] [ 23%] [32mBuilding CXX object CMakeFiles/shape_msgs__rosidl_typesupport_cpp.dir/rosidl_typesupport_cpp/shape_msgs/msg/mesh__type_support.cpp.o[0m
[3.338s] [ 24%] [32mBuilding CXX object CMakeFiles/shape_msgs__rosidl_typesupport_cpp.dir/rosidl_typesupport_cpp/shape_msgs/msg/mesh_triangle__type_support.cpp.o[0m
[3.342s] [ 26%] [32mBuilding CXX object CMakeFiles/shape_msgs__rosidl_typesupport_microxrcedds_cpp.dir/rosidl_typesupport_microxrcedds_cpp/shape_msgs/msg/detail/microxrcedds/mesh_triangle__type_support_cpp.cpp.o[0m
[3.342s] [ 27%] [32mBuilding CXX object CMakeFiles/shape_msgs__rosidl_typesupport_microxrcedds_cpp.dir/rosidl_typesupport_microxrcedds_cpp/shape_msgs/msg/detail/microxrcedds/mesh__type_support_cpp.cpp.o[0m
[3.362s] [ 28%] [32mBuilding CXX object CMakeFiles/shape_msgs__rosidl_typesupport_cpp.dir/rosidl_typesupport_cpp/shape_msgs/msg/plane__type_support.cpp.o[0m
[3.364s] [ 30%] [32mBuilding CXX object CMakeFiles/shape_msgs__rosidl_typesupport_microxrcedds_cpp.dir/rosidl_typesupport_microxrcedds_cpp/shape_msgs/msg/detail/microxrcedds/plane__type_support_cpp.cpp.o[0m
[3.365s] [ 31%] [32mBuilding CXX object CMakeFiles/shape_msgs__rosidl_typesupport_cpp.dir/rosidl_typesupport_cpp/shape_msgs/msg/solid_primitive__type_support.cpp.o[0m
[3.402s] [ 33%] [32mBuilding CXX object CMakeFiles/shape_msgs__rosidl_typesupport_fastrtps_cpp.dir/rosidl_typesupport_fastrtps_cpp/shape_msgs/msg/detail/dds_fastrtps/mesh__type_support.cpp.o[0m
[3.403s] [ 34%] [32mBuilding CXX object CMakeFiles/shape_msgs__rosidl_typesupport_microxrcedds_cpp.dir/rosidl_typesupport_microxrcedds_cpp/shape_msgs/msg/detail/microxrcedds/solid_primitive__type_support_cpp.cpp.o[0m
[3.422s] [ 36%] [32mBuilding CXX object CMakeFiles/shape_msgs__rosidl_typesupport_fastrtps_cpp.dir/rosidl_typesupport_fastrtps_cpp/shape_msgs/msg/detail/dds_fastrtps/plane__type_support.cpp.o[0m
[3.441s] [ 37%] [32mBuilding CXX object CMakeFiles/shape_msgs__rosidl_typesupport_fastrtps_cpp.dir/rosidl_typesupport_fastrtps_cpp/shape_msgs/msg/detail/dds_fastrtps/mesh_triangle__type_support.cpp.o[0m
[3.897s] [ 39%] [32mBuilding CXX object CMakeFiles/shape_msgs__rosidl_typesupport_introspection_cpp.dir/rosidl_typesupport_introspection_cpp/shape_msgs/msg/detail/mesh__type_support.cpp.o[0m
[4.208s] [ 40%] [32mBuilding CXX object CMakeFiles/shape_msgs__rosidl_typesupport_introspection_cpp.dir/rosidl_typesupport_introspection_cpp/shape_msgs/msg/detail/mesh_triangle__type_support.cpp.o[0m
[4.228s] [ 42%] [32mBuilding CXX object CMakeFiles/shape_msgs__rosidl_typesupport_introspection_cpp.dir/rosidl_typesupport_introspection_cpp/shape_msgs/msg/detail/plane__type_support.cpp.o[0m
[4.293s] [ 43%] [32m[1mLinking CXX shared library libshape_msgs__rosidl_typesupport_cpp.so[0m
[4.310s] [ 44%] [32mBuilding CXX object CMakeFiles/shape_msgs__rosidl_typesupport_introspection_cpp.dir/rosidl_typesupport_introspection_cpp/shape_msgs/msg/detail/solid_primitive__type_support.cpp.o[0m
[4.596s] [ 44%] Built target shape_msgs__rosidl_typesupport_cpp
[4.624s] [ 46%] [32mBuilding CXX object CMakeFiles/shape_msgs__rosidl_typesupport_fastrtps_cpp.dir/rosidl_typesupport_fastrtps_cpp/shape_msgs/msg/detail/dds_fastrtps/solid_primitive__type_support.cpp.o[0m
[4.960s] [ 47%] [32m[1mLinking CXX shared library libshape_msgs__rosidl_typesupport_microxrcedds_cpp.so[0m
[5.385s] [ 49%] [32mBuilding CXX object CMakeFiles/shape_msgs__rosidl_typesupport_c.dir/rosidl_typesupport_c/shape_msgs/msg/mesh__type_support.cpp.o[0m
[5.386s] [ 50%] [32mBuilding CXX object CMakeFiles/shape_msgs__rosidl_typesupport_c.dir/rosidl_typesupport_c/shape_msgs/msg/mesh_triangle__type_support.cpp.o[0m
[5.433s] [ 52%] [32mBuilding CXX object CMakeFiles/shape_msgs__rosidl_typesupport_c.dir/rosidl_typesupport_c/shape_msgs/msg/solid_primitive__type_support.cpp.o[0m
[5.444s] [ 53%] [32mBuilding CXX object CMakeFiles/shape_msgs__rosidl_typesupport_c.dir/rosidl_typesupport_c/shape_msgs/msg/plane__type_support.cpp.o[0m
[5.644s] [ 55%] [32m[1mLinking CXX shared library libshape_msgs__rosidl_typesupport_c.so[0m
[5.707s] [ 56%] [32mBuilding CXX object CMakeFiles/shape_msgs__rosidl_typesupport_fastrtps_c.dir/rosidl_typesupport_fastrtps_c/shape_msgs/msg/detail/mesh__type_support_c.cpp.o[0m
[5.732s] [ 56%] Built target shape_msgs__rosidl_typesupport_microxrcedds_cpp
[5.750s] [ 57%] [32mBuilding CXX object CMakeFiles/shape_msgs__rosidl_typesupport_fastrtps_c.dir/rosidl_typesupport_fastrtps_c/shape_msgs/msg/detail/mesh_triangle__type_support_c.cpp.o[0m
[5.753s] [ 59%] [32mBuilding CXX object CMakeFiles/shape_msgs__rosidl_typesupport_fastrtps_c.dir/rosidl_typesupport_fastrtps_c/shape_msgs/msg/detail/plane__type_support_c.cpp.o[0m
[5.788s] [ 60%] [32mBuilding C object CMakeFiles/shape_msgs__rosidl_typesupport_introspection_c.dir/rosidl_typesupport_introspection_c/shape_msgs/msg/detail/mesh__type_support.c.o[0m
[5.796s] [ 62%] [32mBuilding CXX object CMakeFiles/shape_msgs__rosidl_typesupport_fastrtps_c.dir/rosidl_typesupport_fastrtps_c/shape_msgs/msg/detail/solid_primitive__type_support_c.cpp.o[0m
[5.813s] [ 63%] [32mBuilding C object CMakeFiles/shape_msgs__rosidl_typesupport_introspection_c.dir/rosidl_typesupport_introspection_c/shape_msgs/msg/detail/mesh_triangle__type_support.c.o[0m
[5.835s] [ 65%] [32mBuilding C object CMakeFiles/shape_msgs__rosidl_typesupport_introspection_c.dir/rosidl_typesupport_introspection_c/shape_msgs/msg/detail/plane__type_support.c.o[0m
[5.845s] [ 66%] [32mBuilding C object CMakeFiles/shape_msgs__rosidl_typesupport_introspection_c.dir/rosidl_typesupport_introspection_c/shape_msgs/msg/detail/solid_primitive__type_support.c.o[0m
[5.979s] [ 66%] Built target shape_msgs__rosidl_typesupport_c
[6.114s] [ 68%] [32m[1mLinking C shared library libshape_msgs__rosidl_typesupport_introspection_c.so[0m
[6.286s] [ 69%] [32mBuilding C object CMakeFiles/shape_msgs__rosidl_typesupport_microxrcedds_c.dir/rosidl_typesupport_microxrcedds_c/shape_msgs/msg/detail/microxrcedds/mesh__type_support_c.c.o[0m
[6.328s] [ 71%] [32mBuilding C object CMakeFiles/shape_msgs__rosidl_typesupport_microxrcedds_c.dir/rosidl_typesupport_microxrcedds_c/shape_msgs/msg/detail/microxrcedds/solid_primitive__type_support_c.c.o[0m
[6.332s] [ 72%] [32mBuilding C object CMakeFiles/shape_msgs__rosidl_typesupport_microxrcedds_c.dir/rosidl_typesupport_microxrcedds_c/shape_msgs/msg/detail/microxrcedds/mesh_triangle__type_support_c.c.o[0m
[6.364s] [ 73%] [32mBuilding C object CMakeFiles/shape_msgs__rosidl_typesupport_microxrcedds_c.dir/rosidl_typesupport_microxrcedds_c/shape_msgs/msg/detail/microxrcedds/plane__type_support_c.c.o[0m
[6.381s] [ 73%] Built target shape_msgs__rosidl_typesupport_introspection_c
[6.684s] [ 75%] [32m[1mLinking C shared library libshape_msgs__rosidl_typesupport_microxrcedds_c.so[0m
[6.897s] [ 75%] Built target shape_msgs__rosidl_typesupport_microxrcedds_c
[7.032s] [ 76%] [32m[1mLinking CXX shared library libshape_msgs__rosidl_typesupport_introspection_cpp.so[0m
[7.257s] [ 78%] [32m[1mLinking CXX shared library libshape_msgs__rosidl_typesupport_fastrtps_cpp.so[0m
[7.606s] [ 78%] Built target shape_msgs__rosidl_typesupport_introspection_cpp
[7.801s] [ 78%] Built target shape_msgs__rosidl_typesupport_fastrtps_cpp
[8.172s] [ 79%] [32m[1mLinking CXX shared library libshape_msgs__rosidl_typesupport_fastrtps_c.so[0m
[8.544s] [ 79%] Built target shape_msgs__rosidl_typesupport_fastrtps_c
[8.592s] [ 79%] Built target shape_msgs
[8.630s] [ 81%] [34m[1mGenerating Python code for ROS interfaces[0m
[10.411s] [ 81%] Built target shape_msgs__py
[10.440s] [ 82%] [32mBuilding C object CMakeFiles/shape_msgs__rosidl_generator_py.dir/rosidl_generator_py/shape_msgs/msg/_mesh_s.c.o[0m
[10.595s] [ 84%] [32mBuilding C object CMakeFiles/shape_msgs__rosidl_generator_py.dir/rosidl_generator_py/shape_msgs/msg/_solid_primitive_s.c.o[0m
[10.751s] [ 85%] [32mBuilding C object CMakeFiles/shape_msgs__rosidl_generator_py.dir/rosidl_generator_py/shape_msgs/msg/_plane_s.c.o[0m
[10.898s] [ 86%] [32mBuilding C object CMakeFiles/shape_msgs__rosidl_generator_py.dir/rosidl_generator_py/shape_msgs/msg/_mesh_triangle_s.c.o[0m
[11.048s] [ 88%] [32m[1mLinking C shared library rosidl_generator_py/shape_msgs/libshape_msgs__rosidl_generator_py.so[0m
[11.113s] [ 88%] Built target shape_msgs__rosidl_generator_py
[11.141s] [ 89%] [32mBuilding C object CMakeFiles/shape_msgs__rosidl_typesupport_microxrcedds_c__pyext.dir/rosidl_generator_py/shape_msgs/_shape_msgs_s.ep.rosidl_typesupport_microxrcedds_c.c.o[0m
[11.300s] [ 91%] [32m[1mLinking C shared library rosidl_generator_py/shape_msgs/shape_msgs_s__rosidl_typesupport_microxrcedds_c.cpython-310-x86_64-linux-gnu.so[0m
[11.362s] [ 91%] Built target shape_msgs__rosidl_typesupport_microxrcedds_c__pyext
[11.392s] [ 92%] [32mBuilding C object CMakeFiles/shape_msgs__rosidl_typesupport_c__pyext.dir/rosidl_generator_py/shape_msgs/_shape_msgs_s.ep.rosidl_typesupport_c.c.o[0m
[11.522s] [ 94%] [32m[1mLinking C shared library rosidl_generator_py/shape_msgs/shape_msgs_s__rosidl_typesupport_c.cpython-310-x86_64-linux-gnu.so[0m
[11.581s] [ 94%] Built target shape_msgs__rosidl_typesupport_c__pyext
[11.610s] [ 95%] [32mBuilding C object CMakeFiles/shape_msgs__rosidl_typesupport_introspection_c__pyext.dir/rosidl_generator_py/shape_msgs/_shape_msgs_s.ep.rosidl_typesupport_introspection_c.c.o[0m
[11.736s] [ 97%] [32m[1mLinking C shared library rosidl_generator_py/shape_msgs/shape_msgs_s__rosidl_typesupport_introspection_c.cpython-310-x86_64-linux-gnu.so[0m
[11.783s] [ 97%] Built target shape_msgs__rosidl_typesupport_introspection_c__pyext
[11.811s] [ 98%] [32mBuilding C object CMakeFiles/shape_msgs__rosidl_typesupport_fastrtps_c__pyext.dir/rosidl_generator_py/shape_msgs/_shape_msgs_s.ep.rosidl_typesupport_fastrtps_c.c.o[0m
[11.966s] [100%] [32m[1mLinking C shared library rosidl_generator_py/shape_msgs/shape_msgs_s__rosidl_typesupport_fastrtps_c.cpython-310-x86_64-linux-gnu.so[0m
[12.010s] [100%] Built target shape_msgs__rosidl_typesupport_fastrtps_c__pyext
[12.023s] Invoked command in '/home/abhay/microros_ws/build/shape_msgs' returned '0': AMENT_PREFIX_PATH=/home/abhay/microros_ws/install/geometry_msgs:/home/abhay/microros_ws/install/std_msgs:/home/abhay/microros_ws/install/builtin_interfaces:${AMENT_PREFIX_PATH} CMAKE_PREFIX_PATH=/home/abhay/microros_ws/install/geometry_msgs:/home/abhay/microros_ws/install/std_msgs:/home/abhay/microros_ws/install/builtin_interfaces:/home/abhay/microros_ws/install/rosidl_typesupport_microxrcedds_cpp:/home/abhay/microros_ws/install/rosidl_typesupport_microxrcedds_c:/home/abhay/microros_ws/install/microcdr:/home/abhay/microros_ws/install/micro_ros_setup:/home/abhay/ros2_ws/install/py_srvcli:/home/abhay/ros2_ws/install/my_robot_controller:/opt/ros/humble LD_LIBRARY_PATH=/home/abhay/microros_ws/install/geometry_msgs/lib:/home/abhay/microros_ws/install/std_msgs/lib:/home/abhay/microros_ws/install/builtin_interfaces/lib:${LD_LIBRARY_PATH} PYTHONPATH=/home/abhay/microros_ws/install/geometry_msgs/local/lib/python3.10/dist-packages:/home/abhay/microros_ws/install/std_msgs/local/lib/python3.10/dist-packages:/home/abhay/microros_ws/install/builtin_interfaces/local/lib/python3.10/dist-packages:${PYTHONPATH} /usr/bin/cmake --build /home/abhay/microros_ws/build/shape_msgs -- -j16 -l16
[12.171s] Invoking command in '/home/abhay/microros_ws/build/shape_msgs': AMENT_PREFIX_PATH=/home/abhay/microros_ws/install/geometry_msgs:/home/abhay/microros_ws/install/std_msgs:/home/abhay/microros_ws/install/builtin_interfaces:${AMENT_PREFIX_PATH} CMAKE_PREFIX_PATH=/home/abhay/microros_ws/install/geometry_msgs:/home/abhay/microros_ws/install/std_msgs:/home/abhay/microros_ws/install/builtin_interfaces:/home/abhay/microros_ws/install/rosidl_typesupport_microxrcedds_cpp:/home/abhay/microros_ws/install/rosidl_typesupport_microxrcedds_c:/home/abhay/microros_ws/install/microcdr:/home/abhay/microros_ws/install/micro_ros_setup:/home/abhay/ros2_ws/install/py_srvcli:/home/abhay/ros2_ws/install/my_robot_controller:/opt/ros/humble LD_LIBRARY_PATH=/home/abhay/microros_ws/install/geometry_msgs/lib:/home/abhay/microros_ws/install/std_msgs/lib:/home/abhay/microros_ws/install/builtin_interfaces/lib:${LD_LIBRARY_PATH} PYTHONPATH=/home/abhay/microros_ws/install/geometry_msgs/local/lib/python3.10/dist-packages:/home/abhay/microros_ws/install/std_msgs/local/lib/python3.10/dist-packages:/home/abhay/microros_ws/install/builtin_interfaces/local/lib/python3.10/dist-packages:${PYTHONPATH} /usr/bin/cmake --install /home/abhay/microros_ws/build/shape_msgs
[12.182s] -- Install configuration: ""
[12.182s] -- Installing: /home/abhay/microros_ws/install/shape_msgs/share/ament_index/resource_index/rosidl_interfaces/shape_msgs
[12.183s] -- Installing: /home/abhay/microros_ws/install/shape_msgs/include/shape_msgs/shape_msgs
[12.183s] -- Installing: /home/abhay/microros_ws/install/shape_msgs/include/shape_msgs/shape_msgs/msg
[12.183s] -- Installing: /home/abhay/microros_ws/install/shape_msgs/include/shape_msgs/shape_msgs/msg/rosidl_generator_c__visibility_control.h
[12.183s] -- Installing: /home/abhay/microros_ws/install/shape_msgs/include/shape_msgs/shape_msgs/msg/plane.h
[12.184s] -- Installing: /home/abhay/microros_ws/install/shape_msgs/include/shape_msgs/shape_msgs/msg/detail
[12.184s] -- Installing: /home/abhay/microros_ws/install/shape_msgs/include/shape_msgs/shape_msgs/msg/detail/mesh__struct.h
[12.184s] -- Installing: /home/abhay/microros_ws/install/shape_msgs/include/shape_msgs/shape_msgs/msg/detail/solid_primitive__functions.c
[12.184s] -- Installing: /home/abhay/microros_ws/install/shape_msgs/include/shape_msgs/shape_msgs/msg/detail/solid_primitive__struct.h
[12.184s] -- Installing: /home/abhay/microros_ws/install/shape_msgs/include/shape_msgs/shape_msgs/msg/detail/mesh_triangle__type_support.h
[12.184s] -- Installing: /home/abhay/microros_ws/install/shape_msgs/include/shape_msgs/shape_msgs/msg/detail/mesh_triangle__struct.h
[12.185s] -- Installing: /home/abhay/microros_ws/install/shape_msgs/include/shape_msgs/shape_msgs/msg/detail/mesh__type_support.h
[12.185s] -- Installing: /home/abhay/microros_ws/install/shape_msgs/include/shape_msgs/shape_msgs/msg/detail/mesh_triangle__functions.h
[12.185s] -- Installing: /home/abhay/microros_ws/install/shape_msgs/include/shape_msgs/shape_msgs/msg/detail/mesh__functions.h
[12.185s] -- Installing: /home/abhay/microros_ws/install/shape_msgs/include/shape_msgs/shape_msgs/msg/detail/mesh__functions.c
[12.185s] -- Installing: /home/abhay/microros_ws/install/shape_msgs/include/shape_msgs/shape_msgs/msg/detail/plane__struct.h
[12.185s] -- Installing: /home/abhay/microros_ws/install/shape_msgs/include/shape_msgs/shape_msgs/msg/detail/mesh_triangle__functions.c
[12.186s] -- Installing: /home/abhay/microros_ws/install/shape_msgs/include/shape_msgs/shape_msgs/msg/detail/plane__functions.h
[12.186s] -- Installing: /home/abhay/microros_ws/install/shape_msgs/include/shape_msgs/shape_msgs/msg/detail/plane__type_support.h
[12.186s] -- Installing: /home/abhay/microros_ws/install/shape_msgs/include/shape_msgs/shape_msgs/msg/detail/plane__functions.c
[12.186s] -- Installing: /home/abhay/microros_ws/install/shape_msgs/include/shape_msgs/shape_msgs/msg/detail/solid_primitive__functions.h
[12.186s] -- Installing: /home/abhay/microros_ws/install/shape_msgs/include/shape_msgs/shape_msgs/msg/detail/solid_primitive__type_support.h
[12.187s] -- Installing: /home/abhay/microros_ws/install/shape_msgs/include/shape_msgs/shape_msgs/msg/solid_primitive.h
[12.187s] -- Installing: /home/abhay/microros_ws/install/shape_msgs/include/shape_msgs/shape_msgs/msg/mesh_triangle.h
[12.187s] -- Installing: /home/abhay/microros_ws/install/shape_msgs/include/shape_msgs/shape_msgs/msg/mesh.h
[12.187s] -- Installing: /home/abhay/microros_ws/install/shape_msgs/share/shape_msgs/environment/library_path.sh
[12.188s] -- Installing: /home/abhay/microros_ws/install/shape_msgs/share/shape_msgs/environment/library_path.dsv
[12.188s] -- Installing: /home/abhay/microros_ws/install/shape_msgs/lib/libshape_msgs__rosidl_generator_c.so
[12.188s] -- Set runtime path of "/home/abhay/microros_ws/install/shape_msgs/lib/libshape_msgs__rosidl_generator_c.so" to ""
[12.188s] -- Up-to-date: /home/abhay/microros_ws/install/shape_msgs/include/shape_msgs/shape_msgs
[12.188s] -- Up-to-date: /home/abhay/microros_ws/install/shape_msgs/include/shape_msgs/shape_msgs/msg
[12.188s] -- Up-to-date: /home/abhay/microros_ws/install/shape_msgs/include/shape_msgs/shape_msgs/msg/detail
[12.189s] -- Installing: /home/abhay/microros_ws/install/shape_msgs/include/shape_msgs/shape_msgs/msg/detail/mesh_triangle__rosidl_typesupport_fastrtps_c.h
[12.189s] -- Installing: /home/abhay/microros_ws/install/shape_msgs/include/shape_msgs/shape_msgs/msg/detail/mesh__rosidl_typesupport_fastrtps_c.h
[12.189s] -- Installing: /home/abhay/microros_ws/install/shape_msgs/include/shape_msgs/shape_msgs/msg/detail/solid_primitive__rosidl_typesupport_fastrtps_c.h
[12.189s] -- Installing: /home/abhay/microros_ws/install/shape_msgs/include/shape_msgs/shape_msgs/msg/detail/plane__rosidl_typesupport_fastrtps_c.h
[12.189s] -- Installing: /home/abhay/microros_ws/install/shape_msgs/include/shape_msgs/shape_msgs/msg/rosidl_typesupport_fastrtps_c__visibility_control.h
[12.189s] -- Installing: /home/abhay/microros_ws/install/shape_msgs/lib/libshape_msgs__rosidl_typesupport_fastrtps_c.so
[12.189s] -- Set runtime path of "/home/abhay/microros_ws/install/shape_msgs/lib/libshape_msgs__rosidl_typesupport_fastrtps_c.so" to ""
[12.190s] -- Up-to-date: /home/abhay/microros_ws/install/shape_msgs/include/shape_msgs/shape_msgs
[12.190s] -- Up-to-date: /home/abhay/microros_ws/install/shape_msgs/include/shape_msgs/shape_msgs/msg
[12.190s] -- Up-to-date: /home/abhay/microros_ws/install/shape_msgs/include/shape_msgs/shape_msgs/msg/detail
[12.190s] -- Installing: /home/abhay/microros_ws/install/shape_msgs/include/shape_msgs/shape_msgs/msg/detail/mesh__struct.hpp
[12.190s] -- Installing: /home/abhay/microros_ws/install/shape_msgs/include/shape_msgs/shape_msgs/msg/detail/mesh__builder.hpp
[12.190s] -- Installing: /home/abhay/microros_ws/install/shape_msgs/include/shape_msgs/shape_msgs/msg/detail/plane__traits.hpp
[12.190s] -- Installing: /home/abhay/microros_ws/install/shape_msgs/include/shape_msgs/shape_msgs/msg/detail/solid_primitive__traits.hpp
[12.191s] -- Installing: /home/abhay/microros_ws/install/shape_msgs/include/shape_msgs/shape_msgs/msg/detail/mesh_triangle__builder.hpp
[12.191s] -- Installing: /home/abhay/microros_ws/install/shape_msgs/include/shape_msgs/shape_msgs/msg/detail/solid_primitive__struct.hpp
[12.191s] -- Installing: /home/abhay/microros_ws/install/shape_msgs/include/shape_msgs/shape_msgs/msg/detail/plane__builder.hpp
[12.191s] -- Installing: /home/abhay/microros_ws/install/shape_msgs/include/shape_msgs/shape_msgs/msg/detail/solid_primitive__builder.hpp
[12.191s] -- Installing: /home/abhay/microros_ws/install/shape_msgs/include/shape_msgs/shape_msgs/msg/detail/mesh_triangle__struct.hpp
[12.191s] -- Installing: /home/abhay/microros_ws/install/shape_msgs/include/shape_msgs/shape_msgs/msg/detail/plane__struct.hpp
[12.191s] -- Installing: /home/abhay/microros_ws/install/shape_msgs/include/shape_msgs/shape_msgs/msg/detail/mesh_triangle__traits.hpp
[12.193s] -- Installing: /home/abhay/microros_ws/install/shape_msgs/include/shape_msgs/shape_msgs/msg/detail/mesh__traits.hpp
[12.193s] -- Installing: /home/abhay/microros_ws/install/shape_msgs/include/shape_msgs/shape_msgs/msg/mesh_triangle.hpp
[12.193s] -- Installing: /home/abhay/microros_ws/install/shape_msgs/include/shape_msgs/shape_msgs/msg/solid_primitive.hpp
[12.193s] -- Installing: /home/abhay/microros_ws/install/shape_msgs/include/shape_msgs/shape_msgs/msg/plane.hpp
[12.193s] -- Installing: /home/abhay/microros_ws/install/shape_msgs/include/shape_msgs/shape_msgs/msg/mesh.hpp
[12.193s] -- Up-to-date: /home/abhay/microros_ws/install/shape_msgs/include/shape_msgs/shape_msgs
[12.193s] -- Up-to-date: /home/abhay/microros_ws/install/shape_msgs/include/shape_msgs/shape_msgs/msg
[12.193s] -- Up-to-date: /home/abhay/microros_ws/install/shape_msgs/include/shape_msgs/shape_msgs/msg/detail
[12.194s] -- Installing: /home/abhay/microros_ws/install/shape_msgs/include/shape_msgs/shape_msgs/msg/detail/mesh_triangle__rosidl_typesupport_fastrtps_cpp.hpp
[12.194s] -- Installing: /home/abhay/microros_ws/install/shape_msgs/include/shape_msgs/shape_msgs/msg/detail/solid_primitive__rosidl_typesupport_fastrtps_cpp.hpp
[12.194s] -- Installing: /home/abhay/microros_ws/install/shape_msgs/include/shape_msgs/shape_msgs/msg/detail/mesh__rosidl_typesupport_fastrtps_cpp.hpp
[12.194s] -- Installing: /home/abhay/microros_ws/install/shape_msgs/include/shape_msgs/shape_msgs/msg/detail/dds_fastrtps
[12.194s] -- Installing: /home/abhay/microros_ws/install/shape_msgs/include/shape_msgs/shape_msgs/msg/detail/plane__rosidl_typesupport_fastrtps_cpp.hpp
[12.194s] -- Installing: /home/abhay/microros_ws/install/shape_msgs/include/shape_msgs/shape_msgs/msg/rosidl_typesupport_fastrtps_cpp__visibility_control.h
[12.195s] -- Installing: /home/abhay/microros_ws/install/shape_msgs/lib/libshape_msgs__rosidl_typesupport_fastrtps_cpp.so
[12.195s] -- Set runtime path of "/home/abhay/microros_ws/install/shape_msgs/lib/libshape_msgs__rosidl_typesupport_fastrtps_cpp.so" to ""
[12.195s] -- Up-to-date: /home/abhay/microros_ws/install/shape_msgs/include/shape_msgs
[12.195s] -- Installing: /home/abhay/microros_ws/install/shape_msgs/include/shape_msgs/msg
[12.195s] -- Installing: /home/abhay/microros_ws/install/shape_msgs/include/shape_msgs/msg/detail
[12.195s] -- Installing: /home/abhay/microros_ws/install/shape_msgs/include/shape_msgs/msg/detail/microxrcedds
[12.195s] -- Installing: /home/abhay/microros_ws/install/shape_msgs/include/shape_msgs/msg/detail/mesh_triangle__rosidl_typesupport_microxrcedds_c.h
[12.196s] -- Installing: /home/abhay/microros_ws/install/shape_msgs/include/shape_msgs/msg/detail/solid_primitive__rosidl_typesupport_microxrcedds_c.h
[12.196s] -- Installing: /home/abhay/microros_ws/install/shape_msgs/include/shape_msgs/msg/detail/plane__rosidl_typesupport_microxrcedds_c.h
[12.196s] -- Installing: /home/abhay/microros_ws/install/shape_msgs/include/shape_msgs/msg/detail/mesh__rosidl_typesupport_microxrcedds_c.h
[12.196s] -- Installing: /home/abhay/microros_ws/install/shape_msgs/include/shape_msgs/msg/rosidl_typesupport_microxrcedds_c__visibility_control.h
[12.196s] -- Installing: /home/abhay/microros_ws/install/shape_msgs/lib/libshape_msgs__rosidl_typesupport_microxrcedds_c.so
[12.196s] -- Set runtime path of "/home/abhay/microros_ws/install/shape_msgs/lib/libshape_msgs__rosidl_typesupport_microxrcedds_c.so" to ""
[12.196s] -- Up-to-date: /home/abhay/microros_ws/install/shape_msgs/include/shape_msgs/shape_msgs
[12.196s] -- Up-to-date: /home/abhay/microros_ws/install/shape_msgs/include/shape_msgs/shape_msgs/msg
[12.196s] -- Up-to-date: /home/abhay/microros_ws/install/shape_msgs/include/shape_msgs/shape_msgs/msg/detail
[12.197s] -- Installing: /home/abhay/microros_ws/install/shape_msgs/include/shape_msgs/shape_msgs/msg/detail/mesh__type_support.c
[12.197s] -- Installing: /home/abhay/microros_ws/install/shape_msgs/include/shape_msgs/shape_msgs/msg/detail/mesh__rosidl_typesupport_introspection_c.h
[12.197s] -- Installing: /home/abhay/microros_ws/install/shape_msgs/include/shape_msgs/shape_msgs/msg/detail/plane__rosidl_typesupport_introspection_c.h
[12.197s] -- Installing: /home/abhay/microros_ws/install/shape_msgs/include/shape_msgs/shape_msgs/msg/detail/solid_primitive__rosidl_typesupport_introspection_c.h
[12.197s] -- Installing: /home/abhay/microros_ws/install/shape_msgs/include/shape_msgs/shape_msgs/msg/detail/mesh_triangle__type_support.c
[12.197s] -- Installing: /home/abhay/microros_ws/install/shape_msgs/include/shape_msgs/shape_msgs/msg/detail/mesh_triangle__rosidl_typesupport_introspection_c.h
[12.197s] -- Installing: /home/abhay/microros_ws/install/shape_msgs/include/shape_msgs/shape_msgs/msg/detail/plane__type_support.c
[12.198s] -- Installing: /home/abhay/microros_ws/install/shape_msgs/include/shape_msgs/shape_msgs/msg/detail/solid_primitive__type_support.c
[12.198s] -- Installing: /home/abhay/microros_ws/install/shape_msgs/include/shape_msgs/shape_msgs/msg/rosidl_typesupport_introspection_c__visibility_control.h
[12.198s] -- Installing: /home/abhay/microros_ws/install/shape_msgs/lib/libshape_msgs__rosidl_typesupport_introspection_c.so
[12.198s] -- Set runtime path of "/home/abhay/microros_ws/install/shape_msgs/lib/libshape_msgs__rosidl_typesupport_introspection_c.so" to ""
[12.198s] -- Installing: /home/abhay/microros_ws/install/shape_msgs/lib/libshape_msgs__rosidl_typesupport_c.so
[12.198s] -- Set runtime path of "/home/abhay/microros_ws/install/shape_msgs/lib/libshape_msgs__rosidl_typesupport_c.so" to ""
[12.198s] -- Up-to-date: /home/abhay/microros_ws/install/shape_msgs/include/shape_msgs
[12.198s] -- Up-to-date: /home/abhay/microros_ws/install/shape_msgs/include/shape_msgs/msg
[12.198s] -- Up-to-date: /home/abhay/microros_ws/install/shape_msgs/include/shape_msgs/msg/detail
[12.199s] -- Installing: /home/abhay/microros_ws/install/shape_msgs/include/shape_msgs/msg/detail/mesh__rosidl_typesupport_microxrcedds_cpp.hpp
[12.199s] -- Installing: /home/abhay/microros_ws/install/shape_msgs/include/shape_msgs/msg/detail/plane__rosidl_typesupport_microxrcedds_cpp.hpp
[12.199s] -- Up-to-date: /home/abhay/microros_ws/install/shape_msgs/include/shape_msgs/msg/detail/microxrcedds
[12.199s] -- Installing: /home/abhay/microros_ws/install/shape_msgs/include/shape_msgs/msg/detail/microxrcedds/solid_primitive__type_support_cpp.cpp
[12.199s] -- Installing: /home/abhay/microros_ws/install/shape_msgs/include/shape_msgs/msg/detail/microxrcedds/plane__type_support_cpp.cpp
[12.199s] -- Installing: /home/abhay/microros_ws/install/shape_msgs/include/shape_msgs/msg/detail/microxrcedds/mesh_triangle__type_support_cpp.cpp
[12.199s] -- Installing: /home/abhay/microros_ws/install/shape_msgs/include/shape_msgs/msg/detail/microxrcedds/mesh__type_support_cpp.cpp
[12.199s] -- Installing: /home/abhay/microros_ws/install/shape_msgs/include/shape_msgs/msg/detail/solid_primitive__rosidl_typesupport_microxrcedds_cpp.hpp
[12.199s] -- Installing: /home/abhay/microros_ws/install/shape_msgs/include/shape_msgs/msg/detail/mesh_triangle__rosidl_typesupport_microxrcedds_cpp.hpp
[12.199s] -- Installing: /home/abhay/microros_ws/install/shape_msgs/include/shape_msgs/msg/rosidl_typesupport_microxrcedds_cpp__visibility_control.h
[12.200s] -- Installing: /home/abhay/microros_ws/install/shape_msgs/lib/libshape_msgs__rosidl_typesupport_microxrcedds_cpp.so
[12.200s] -- Set runtime path of "/home/abhay/microros_ws/install/shape_msgs/lib/libshape_msgs__rosidl_typesupport_microxrcedds_cpp.so" to ""
[12.200s] -- Up-to-date: /home/abhay/microros_ws/install/shape_msgs/include/shape_msgs/shape_msgs
[12.200s] -- Up-to-date: /home/abhay/microros_ws/install/shape_msgs/include/shape_msgs/shape_msgs/msg
[12.200s] -- Up-to-date: /home/abhay/microros_ws/install/shape_msgs/include/shape_msgs/shape_msgs/msg/detail
[12.200s] -- Installing: /home/abhay/microros_ws/install/shape_msgs/include/shape_msgs/shape_msgs/msg/detail/mesh__rosidl_typesupport_introspection_cpp.hpp
[12.200s] -- Installing: /home/abhay/microros_ws/install/shape_msgs/include/shape_msgs/shape_msgs/msg/detail/solid_primitive__rosidl_typesupport_introspection_cpp.hpp
[12.200s] -- Installing: /home/abhay/microros_ws/install/shape_msgs/include/shape_msgs/shape_msgs/msg/detail/mesh__type_support.cpp
[12.200s] -- Installing: /home/abhay/microros_ws/install/shape_msgs/include/shape_msgs/shape_msgs/msg/detail/plane__rosidl_typesupport_introspection_cpp.hpp
[12.201s] -- Installing: /home/abhay/microros_ws/install/shape_msgs/include/shape_msgs/shape_msgs/msg/detail/solid_primitive__type_support.cpp
[12.201s] -- Installing: /home/abhay/microros_ws/install/shape_msgs/include/shape_msgs/shape_msgs/msg/detail/plane__type_support.cpp
[12.201s] -- Installing: /home/abhay/microros_ws/install/shape_msgs/include/shape_msgs/shape_msgs/msg/detail/mesh_triangle__type_support.cpp
[12.201s] -- Installing: /home/abhay/microros_ws/install/shape_msgs/include/shape_msgs/shape_msgs/msg/detail/mesh_triangle__rosidl_typesupport_introspection_cpp.hpp
[12.201s] -- Installing: /home/abhay/microros_ws/install/shape_msgs/lib/libshape_msgs__rosidl_typesupport_introspection_cpp.so
[12.201s] -- Set runtime path of "/home/abhay/microros_ws/install/shape_msgs/lib/libshape_msgs__rosidl_typesupport_introspection_cpp.so" to ""
[12.201s] -- Installing: /home/abhay/microros_ws/install/shape_msgs/lib/libshape_msgs__rosidl_typesupport_cpp.so
[12.201s] -- Set runtime path of "/home/abhay/microros_ws/install/shape_msgs/lib/libshape_msgs__rosidl_typesupport_cpp.so" to ""
[12.202s] -- Installing: /home/abhay/microros_ws/install/shape_msgs/share/shape_msgs/environment/pythonpath.sh
[12.202s] -- Installing: /home/abhay/microros_ws/install/shape_msgs/share/shape_msgs/environment/pythonpath.dsv
[12.202s] -- Installing: /home/abhay/microros_ws/install/shape_msgs/local/lib/python3.10/dist-packages/shape_msgs-4.2.3-py3.10.egg-info
[12.202s] -- Installing: /home/abhay/microros_ws/install/shape_msgs/local/lib/python3.10/dist-packages/shape_msgs-4.2.3-py3.10.egg-info/top_level.txt
[12.202s] -- Installing: /home/abhay/microros_ws/install/shape_msgs/local/lib/python3.10/dist-packages/shape_msgs-4.2.3-py3.10.egg-info/SOURCES.txt
[12.202s] -- Installing: /home/abhay/microros_ws/install/shape_msgs/local/lib/python3.10/dist-packages/shape_msgs-4.2.3-py3.10.egg-info/dependency_links.txt
[12.202s] -- Installing: /home/abhay/microros_ws/install/shape_msgs/local/lib/python3.10/dist-packages/shape_msgs-4.2.3-py3.10.egg-info/PKG-INFO
[12.202s] -- Installing: /home/abhay/microros_ws/install/shape_msgs/local/lib/python3.10/dist-packages/shape_msgs
[12.202s] -- Installing: /home/abhay/microros_ws/install/shape_msgs/local/lib/python3.10/dist-packages/shape_msgs/_shape_msgs_s.ep.rosidl_typesupport_introspection_c.c
[12.203s] -- Installing: /home/abhay/microros_ws/install/shape_msgs/local/lib/python3.10/dist-packages/shape_msgs/msg
[12.203s] -- Installing: /home/abhay/microros_ws/install/shape_msgs/local/lib/python3.10/dist-packages/shape_msgs/msg/_mesh_s.c
[12.203s] -- Installing: /home/abhay/microros_ws/install/shape_msgs/local/lib/python3.10/dist-packages/shape_msgs/msg/_mesh_triangle_s.c
[12.203s] -- Installing: /home/abhay/microros_ws/install/shape_msgs/local/lib/python3.10/dist-packages/shape_msgs/msg/_mesh_triangle.py
[12.203s] -- Installing: /home/abhay/microros_ws/install/shape_msgs/local/lib/python3.10/dist-packages/shape_msgs/msg/_solid_primitive.py
[12.203s] -- Installing: /home/abhay/microros_ws/install/shape_msgs/local/lib/python3.10/dist-packages/shape_msgs/msg/_mesh.py
[12.203s] -- Installing: /home/abhay/microros_ws/install/shape_msgs/local/lib/python3.10/dist-packages/shape_msgs/msg/_plane_s.c
[12.203s] -- Installing: /home/abhay/microros_ws/install/shape_msgs/local/lib/python3.10/dist-packages/shape_msgs/msg/_solid_primitive_s.c
[12.203s] -- Installing: /home/abhay/microros_ws/install/shape_msgs/local/lib/python3.10/dist-packages/shape_msgs/msg/__init__.py
[12.204s] -- Installing: /home/abhay/microros_ws/install/shape_msgs/local/lib/python3.10/dist-packages/shape_msgs/msg/_plane.py
[12.204s] -- Installing: /home/abhay/microros_ws/install/shape_msgs/local/lib/python3.10/dist-packages/shape_msgs/_shape_msgs_s.ep.rosidl_typesupport_fastrtps_c.c
[12.204s] -- Installing: /home/abhay/microros_ws/install/shape_msgs/local/lib/python3.10/dist-packages/shape_msgs/libshape_msgs__rosidl_generator_py.so
[12.204s] -- Installing: /home/abhay/microros_ws/install/shape_msgs/local/lib/python3.10/dist-packages/shape_msgs/_shape_msgs_s.ep.rosidl_typesupport_microxrcedds_c.c
[12.204s] -- Installing: /home/abhay/microros_ws/install/shape_msgs/local/lib/python3.10/dist-packages/shape_msgs/shape_msgs_s__rosidl_typesupport_introspection_c.cpython-310-x86_64-linux-gnu.so
[12.204s] -- Installing: /home/abhay/microros_ws/install/shape_msgs/local/lib/python3.10/dist-packages/shape_msgs/_shape_msgs_s.ep.rosidl_typesupport_c.c
[12.204s] -- Installing: /home/abhay/microros_ws/install/shape_msgs/local/lib/python3.10/dist-packages/shape_msgs/shape_msgs_s__rosidl_typesupport_microxrcedds_c.cpython-310-x86_64-linux-gnu.so
[12.204s] -- Installing: /home/abhay/microros_ws/install/shape_msgs/local/lib/python3.10/dist-packages/shape_msgs/shape_msgs_s__rosidl_typesupport_fastrtps_c.cpython-310-x86_64-linux-gnu.so
[12.204s] -- Installing: /home/abhay/microros_ws/install/shape_msgs/local/lib/python3.10/dist-packages/shape_msgs/__init__.py
[12.204s] -- Installing: /home/abhay/microros_ws/install/shape_msgs/local/lib/python3.10/dist-packages/shape_msgs/shape_msgs_s__rosidl_typesupport_c.cpython-310-x86_64-linux-gnu.so
[12.241s] Listing '/home/abhay/microros_ws/install/shape_msgs/local/lib/python3.10/dist-packages/shape_msgs'...
[12.241s] Compiling '/home/abhay/microros_ws/install/shape_msgs/local/lib/python3.10/dist-packages/shape_msgs/__init__.py'...
[12.241s] Listing '/home/abhay/microros_ws/install/shape_msgs/local/lib/python3.10/dist-packages/shape_msgs/msg'...
[12.241s] Compiling '/home/abhay/microros_ws/install/shape_msgs/local/lib/python3.10/dist-packages/shape_msgs/msg/__init__.py'...
[12.241s] Compiling '/home/abhay/microros_ws/install/shape_msgs/local/lib/python3.10/dist-packages/shape_msgs/msg/_mesh.py'...
[12.241s] Compiling '/home/abhay/microros_ws/install/shape_msgs/local/lib/python3.10/dist-packages/shape_msgs/msg/_mesh_triangle.py'...
[12.241s] Compiling '/home/abhay/microros_ws/install/shape_msgs/local/lib/python3.10/dist-packages/shape_msgs/msg/_plane.py'...
[12.242s] Compiling '/home/abhay/microros_ws/install/shape_msgs/local/lib/python3.10/dist-packages/shape_msgs/msg/_solid_primitive.py'...
[12.247s] -- Installing: /home/abhay/microros_ws/install/shape_msgs/local/lib/python3.10/dist-packages/shape_msgs/shape_msgs_s__rosidl_typesupport_microxrcedds_c.cpython-310-x86_64-linux-gnu.so
[12.248s] -- Set runtime path of "/home/abhay/microros_ws/install/shape_msgs/local/lib/python3.10/dist-packages/shape_msgs/shape_msgs_s__rosidl_typesupport_microxrcedds_c.cpython-310-x86_64-linux-gnu.so" to ""
[12.248s] -- Installing: /home/abhay/microros_ws/install/shape_msgs/local/lib/python3.10/dist-packages/shape_msgs/shape_msgs_s__rosidl_typesupport_fastrtps_c.cpython-310-x86_64-linux-gnu.so
[12.248s] -- Set runtime path of "/home/abhay/microros_ws/install/shape_msgs/local/lib/python3.10/dist-packages/shape_msgs/shape_msgs_s__rosidl_typesupport_fastrtps_c.cpython-310-x86_64-linux-gnu.so" to ""
[12.248s] -- Installing: /home/abhay/microros_ws/install/shape_msgs/local/lib/python3.10/dist-packages/shape_msgs/shape_msgs_s__rosidl_typesupport_introspection_c.cpython-310-x86_64-linux-gnu.so
[12.248s] -- Set runtime path of "/home/abhay/microros_ws/install/shape_msgs/local/lib/python3.10/dist-packages/shape_msgs/shape_msgs_s__rosidl_typesupport_introspection_c.cpython-310-x86_64-linux-gnu.so" to ""
[12.248s] -- Installing: /home/abhay/microros_ws/install/shape_msgs/local/lib/python3.10/dist-packages/shape_msgs/shape_msgs_s__rosidl_typesupport_c.cpython-310-x86_64-linux-gnu.so
[12.249s] -- Set runtime path of "/home/abhay/microros_ws/install/shape_msgs/local/lib/python3.10/dist-packages/shape_msgs/shape_msgs_s__rosidl_typesupport_c.cpython-310-x86_64-linux-gnu.so" to ""
[12.249s] -- Installing: /home/abhay/microros_ws/install/shape_msgs/lib/libshape_msgs__rosidl_generator_py.so
[12.249s] -- Set runtime path of "/home/abhay/microros_ws/install/shape_msgs/lib/libshape_msgs__rosidl_generator_py.so" to ""
[12.249s] -- Installing: /home/abhay/microros_ws/install/shape_msgs/share/shape_msgs/msg/Mesh.idl
[12.249s] -- Installing: /home/abhay/microros_ws/install/shape_msgs/share/shape_msgs/msg/MeshTriangle.idl
[12.249s] -- Installing: /home/abhay/microros_ws/install/shape_msgs/share/shape_msgs/msg/Plane.idl
[12.249s] -- Installing: /home/abhay/microros_ws/install/shape_msgs/share/shape_msgs/msg/SolidPrimitive.idl
[12.249s] -- Installing: /home/abhay/microros_ws/install/shape_msgs/share/shape_msgs/msg/Mesh.msg
[12.250s] -- Installing: /home/abhay/microros_ws/install/shape_msgs/share/shape_msgs/msg/MeshTriangle.msg
[12.250s] -- Installing: /home/abhay/microros_ws/install/shape_msgs/share/shape_msgs/msg/Plane.msg
[12.250s] -- Installing: /home/abhay/microros_ws/install/shape_msgs/share/shape_msgs/msg/SolidPrimitive.msg
[12.250s] -- Installing: /home/abhay/microros_ws/install/shape_msgs/share/ament_index/resource_index/package_run_dependencies/shape_msgs
[12.250s] -- Installing: /home/abhay/microros_ws/install/shape_msgs/share/ament_index/resource_index/parent_prefix_path/shape_msgs
[12.250s] -- Installing: /home/abhay/microros_ws/install/shape_msgs/share/shape_msgs/environment/ament_prefix_path.sh
[12.250s] -- Installing: /home/abhay/microros_ws/install/shape_msgs/share/shape_msgs/environment/ament_prefix_path.dsv
[12.250s] -- Installing: /home/abhay/microros_ws/install/shape_msgs/share/shape_msgs/environment/path.sh
[12.250s] -- Installing: /home/abhay/microros_ws/install/shape_msgs/share/shape_msgs/environment/path.dsv
[12.251s] -- Installing: /home/abhay/microros_ws/install/shape_msgs/share/shape_msgs/local_setup.bash
[12.251s] -- Installing: /home/abhay/microros_ws/install/shape_msgs/share/shape_msgs/local_setup.sh
[12.251s] -- Installing: /home/abhay/microros_ws/install/shape_msgs/share/shape_msgs/local_setup.zsh
[12.251s] -- Installing: /home/abhay/microros_ws/install/shape_msgs/share/shape_msgs/local_setup.dsv
[12.251s] -- Installing: /home/abhay/microros_ws/install/shape_msgs/share/shape_msgs/package.dsv
[12.251s] -- Installing: /home/abhay/microros_ws/install/shape_msgs/share/ament_index/resource_index/packages/shape_msgs
[12.251s] -- Installing: /home/abhay/microros_ws/install/shape_msgs/share/shape_msgs/cmake/export_shape_msgs__rosidl_generator_cExport.cmake
[12.251s] -- Installing: /home/abhay/microros_ws/install/shape_msgs/share/shape_msgs/cmake/export_shape_msgs__rosidl_generator_cExport-noconfig.cmake
[12.251s] -- Installing: /home/abhay/microros_ws/install/shape_msgs/share/shape_msgs/cmake/export_shape_msgs__rosidl_typesupport_fastrtps_cExport.cmake
[12.252s] -- Installing: /home/abhay/microros_ws/install/shape_msgs/share/shape_msgs/cmake/export_shape_msgs__rosidl_typesupport_fastrtps_cExport-noconfig.cmake
[12.252s] -- Installing: /home/abhay/microros_ws/install/shape_msgs/share/shape_msgs/cmake/export_shape_msgs__rosidl_generator_cppExport.cmake
[12.252s] -- Installing: /home/abhay/microros_ws/install/shape_msgs/share/shape_msgs/cmake/export_shape_msgs__rosidl_typesupport_fastrtps_cppExport.cmake
[12.252s] -- Installing: /home/abhay/microros_ws/install/shape_msgs/share/shape_msgs/cmake/export_shape_msgs__rosidl_typesupport_fastrtps_cppExport-noconfig.cmake
[12.252s] -- Installing: /home/abhay/microros_ws/install/shape_msgs/share/shape_msgs/cmake/shape_msgs__rosidl_typesupport_introspection_cExport.cmake
[12.252s] -- Installing: /home/abhay/microros_ws/install/shape_msgs/share/shape_msgs/cmake/shape_msgs__rosidl_typesupport_introspection_cExport-noconfig.cmake
[12.252s] -- Installing: /home/abhay/microros_ws/install/shape_msgs/share/shape_msgs/cmake/shape_msgs__rosidl_typesupport_cExport.cmake
[12.252s] -- Installing: /home/abhay/microros_ws/install/shape_msgs/share/shape_msgs/cmake/shape_msgs__rosidl_typesupport_cExport-noconfig.cmake
[12.252s] -- Installing: /home/abhay/microros_ws/install/shape_msgs/share/shape_msgs/cmake/shape_msgs__rosidl_typesupport_introspection_cppExport.cmake
[12.252s] -- Installing: /home/abhay/microros_ws/install/shape_msgs/share/shape_msgs/cmake/shape_msgs__rosidl_typesupport_introspection_cppExport-noconfig.cmake
[12.253s] -- Installing: /home/abhay/microros_ws/install/shape_msgs/share/shape_msgs/cmake/shape_msgs__rosidl_typesupport_cppExport.cmake
[12.253s] -- Installing: /home/abhay/microros_ws/install/shape_msgs/share/shape_msgs/cmake/shape_msgs__rosidl_typesupport_cppExport-noconfig.cmake
[12.253s] -- Installing: /home/abhay/microros_ws/install/shape_msgs/share/shape_msgs/cmake/export_shape_msgs__rosidl_generator_pyExport.cmake
[12.253s] -- Installing: /home/abhay/microros_ws/install/shape_msgs/share/shape_msgs/cmake/export_shape_msgs__rosidl_generator_pyExport-noconfig.cmake
[12.253s] -- Installing: /home/abhay/microros_ws/install/shape_msgs/share/shape_msgs/cmake/rosidl_cmake-extras.cmake
[12.253s] -- Installing: /home/abhay/microros_ws/install/shape_msgs/share/shape_msgs/cmake/ament_cmake_export_dependencies-extras.cmake
[12.253s] -- Installing: /home/abhay/microros_ws/install/shape_msgs/share/shape_msgs/cmake/ament_cmake_export_include_directories-extras.cmake
[12.254s] -- Installing: /home/abhay/microros_ws/install/shape_msgs/share/shape_msgs/cmake/ament_cmake_export_libraries-extras.cmake
[12.254s] -- Installing: /home/abhay/microros_ws/install/shape_msgs/share/shape_msgs/cmake/ament_cmake_export_targets-extras.cmake
[12.254s] -- Installing: /home/abhay/microros_ws/install/shape_msgs/share/shape_msgs/cmake/rosidl_cmake_export_typesupport_targets-extras.cmake
[12.254s] -- Installing: /home/abhay/microros_ws/install/shape_msgs/share/shape_msgs/cmake/rosidl_cmake_export_typesupport_libraries-extras.cmake
[12.254s] -- Installing: /home/abhay/microros_ws/install/shape_msgs/share/shape_msgs/cmake/shape_msgsConfig.cmake
[12.254s] -- Installing: /home/abhay/microros_ws/install/shape_msgs/share/shape_msgs/cmake/shape_msgsConfig-version.cmake
[12.254s] -- Installing: /home/abhay/microros_ws/install/shape_msgs/share/shape_msgs/package.xml
[12.256s] Invoked command in '/home/abhay/microros_ws/build/shape_msgs' returned '0': AMENT_PREFIX_PATH=/home/abhay/microros_ws/install/geometry_msgs:/home/abhay/microros_ws/install/std_msgs:/home/abhay/microros_ws/install/builtin_interfaces:${AMENT_PREFIX_PATH} CMAKE_PREFIX_PATH=/home/abhay/microros_ws/install/geometry_msgs:/home/abhay/microros_ws/install/std_msgs:/home/abhay/microros_ws/install/builtin_interfaces:/home/abhay/microros_ws/install/rosidl_typesupport_microxrcedds_cpp:/home/abhay/microros_ws/install/rosidl_typesupport_microxrcedds_c:/home/abhay/microros_ws/install/microcdr:/home/abhay/microros_ws/install/micro_ros_setup:/home/abhay/ros2_ws/install/py_srvcli:/home/abhay/ros2_ws/install/my_robot_controller:/opt/ros/humble LD_LIBRARY_PATH=/home/abhay/microros_ws/install/geometry_msgs/lib:/home/abhay/microros_ws/install/std_msgs/lib:/home/abhay/microros_ws/install/builtin_interfaces/lib:${LD_LIBRARY_PATH} PYTHONPATH=/home/abhay/microros_ws/install/geometry_msgs/local/lib/python3.10/dist-packages:/home/abhay/microros_ws/install/std_msgs/local/lib/python3.10/dist-packages:/home/abhay/microros_ws/install/builtin_interfaces/local/lib/python3.10/dist-packages:${PYTHONPATH} /usr/bin/cmake --install /home/abhay/microros_ws/build/shape_msgs
