[0.024s] Invoking command in '/home/abhay/microros_ws/build/unique_identifier_msgs': CMAKE_PREFIX_PATH=${CMAKE_PREFIX_PATH}:/home/abhay/ros2_ws/install/py_srvcli:/home/abhay/ros2_ws/install/my_robot_controller:/opt/ros/humble /usr/bin/cmake /home/abhay/microros_ws/src/ros2/unique_identifier_msgs -DBUILD_TESTING=OFF -DBUILD_SHARED_LIBS=ON -DCMAKE_INSTALL_PREFIX=/home/abhay/microros_ws/install/unique_identifier_msgs
[0.070s] -- The C compiler identification is GNU 11.4.0
[0.123s] -- The CXX compiler identification is GNU 11.4.0
[0.131s] -- Detecting C compiler ABI info
[0.193s] -- Detecting C compiler ABI info - done
[0.203s] -- Check for working C compiler: /usr/bin/cc - skipped
[0.203s] -- Detecting C compile features
[0.203s] -- Detecting C compile features - done
[0.207s] -- Detecting CXX compiler ABI info
[0.289s] -- Detecting CXX compiler ABI info - done
[0.298s] -- Check for working CXX compiler: /usr/bin/c++ - skipped
[0.299s] -- Detecting CXX compile features
[0.299s] -- Detecting CXX compile features - done
[0.302s] -- Found ament_cmake: 1.3.8 (/opt/ros/humble/share/ament_cmake/cmake)
[0.504s] -- Found Python3: /usr/bin/python3 (found version "3.10.12") found components: Interpreter 
[0.638s] -- Found rosidl_default_generators: 1.2.0 (/opt/ros/humble/share/rosidl_default_generators/cmake)
[0.643s] -- Using all available rosidl_typesupport_c: rosidl_typesupport_microxrcedds_c;rosidl_typesupport_fastrtps_c;rosidl_typesupport_introspection_c
[0.654s] -- Found rosidl_adapter: 3.1.5 (/opt/ros/humble/share/rosidl_adapter/cmake)
[0.746s] -- Using all available rosidl_typesupport_cpp: rosidl_typesupport_microxrcedds_cpp;rosidl_typesupport_fastrtps_cpp;rosidl_typesupport_introspection_cpp
[1.072s] -- Found ament_cmake_ros: 0.10.0 (/opt/ros/humble/share/ament_cmake_ros/cmake)
[1.292s] -- Using all available rosidl_typesupport_c: rosidl_typesupport_microxrcedds_c;rosidl_typesupport_fastrtps_c;rosidl_typesupport_introspection_c
[1.561s] -- Using all available rosidl_typesupport_cpp: rosidl_typesupport_microxrcedds_cpp;rosidl_typesupport_fastrtps_cpp;rosidl_typesupport_introspection_cpp
[1.578s] -- Found PythonInterp: /usr/bin/python3 (found suitable version "3.10.12", minimum required is "3.6") 
[1.579s] -- Found python_cmake_module: 0.10.0 (/opt/ros/humble/share/python_cmake_module/cmake)
[1.601s] -- Found PythonLibs: /usr/lib/x86_64-linux-gnu/libpython3.10.so (found suitable version "3.10.12", minimum required is "3.5") 
[1.601s] -- Using PYTHON_EXECUTABLE: /usr/bin/python3
[1.601s] -- Using PYTHON_INCLUDE_DIRS: /usr/include/python3.10
[1.601s] -- Using PYTHON_LIBRARIES: /usr/lib/x86_64-linux-gnu/libpython3.10.so
[1.618s] -- Found PythonExtra: .so  
[1.656s] -- Configuring done
[1.687s] -- Generating done
[1.689s] -- Build files have been written to: /home/abhay/microros_ws/build/unique_identifier_msgs
[1.694s] Invoked command in '/home/abhay/microros_ws/build/unique_identifier_msgs' returned '0': CMAKE_PREFIX_PATH=${CMAKE_PREFIX_PATH}:/home/abhay/ros2_ws/install/py_srvcli:/home/abhay/ros2_ws/install/my_robot_controller:/opt/ros/humble /usr/bin/cmake /home/abhay/microros_ws/src/ros2/unique_identifier_msgs -DBUILD_TESTING=OFF -DBUILD_SHARED_LIBS=ON -DCMAKE_INSTALL_PREFIX=/home/abhay/microros_ws/install/unique_identifier_msgs
[1.696s] Invoking command in '/home/abhay/microros_ws/build/unique_identifier_msgs': CMAKE_PREFIX_PATH=${CMAKE_PREFIX_PATH}:/home/abhay/ros2_ws/install/py_srvcli:/home/abhay/ros2_ws/install/my_robot_controller:/opt/ros/humble /usr/bin/cmake --build /home/abhay/microros_ws/build/unique_identifier_msgs -- -j16 -l16
[1.733s] [  2%] [34m[1mGenerating C code for ROS interfaces[0m
[1.738s] [  5%] [34m[1mGenerating C++ code for ROS interfaces[0m
[1.744s] [  5%] Built target ament_cmake_python_copy_unique_identifier_msgs
[2.063s] running egg_info
[2.064s] creating unique_identifier_msgs.egg-info
[2.064s] writing unique_identifier_msgs.egg-info/PKG-INFO
[2.064s] writing dependency_links to unique_identifier_msgs.egg-info/dependency_links.txt
[2.064s] writing top-level names to unique_identifier_msgs.egg-info/top_level.txt
[2.064s] writing manifest file 'unique_identifier_msgs.egg-info/SOURCES.txt'
[2.067s] reading manifest file 'unique_identifier_msgs.egg-info/SOURCES.txt'
[2.068s] writing manifest file 'unique_identifier_msgs.egg-info/SOURCES.txt'
[2.069s] [  5%] Built target unique_identifier_msgs__cpp
[2.085s] [  7%] [34m[1mGenerating C++ type support dispatch for ROS interfaces[0m
[2.103s] [ 10%] [34m[1mGenerating C++ type support for eProsima Fast-RTPS[0m
[2.105s] [ 12%] [34m[1mGenerating C++ introspection for ROS interfaces[0m
[2.130s] [ 12%] Built target ament_cmake_python_build_unique_identifier_msgs_egg
[2.131s] [ 15%] [34m[1mGenerating C++ type support for eProsima Micro XRCE-DDS[0m
[2.177s] [ 17%] [32mBuilding C object CMakeFiles/unique_identifier_msgs__rosidl_generator_c.dir/rosidl_generator_c/unique_identifier_msgs/msg/detail/uuid__functions.c.o[0m
[2.255s] [ 20%] [32m[1mLinking C shared library libunique_identifier_msgs__rosidl_generator_c.so[0m
[2.321s] [ 20%] Built target unique_identifier_msgs__rosidl_generator_c
[2.352s] [ 23%] [34m[1mGenerating C type support for eProsima Micro XRCE-DDS[0m
[2.361s] [ 25%] [34m[1mGenerating C type support for eProsima Fast-RTPS[0m
[2.374s] [ 28%] [34m[1mGenerating C introspection for ROS interfaces[0m
[2.394s] [ 30%] [34m[1mGenerating C type support dispatch for ROS interfaces[0m
[2.555s] [ 33%] [32mBuilding CXX object CMakeFiles/unique_identifier_msgs__rosidl_typesupport_cpp.dir/rosidl_typesupport_cpp/unique_identifier_msgs/msg/uuid__type_support.cpp.o[0m
[2.690s] [ 35%] [32mBuilding CXX object CMakeFiles/unique_identifier_msgs__rosidl_typesupport_introspection_cpp.dir/rosidl_typesupport_introspection_cpp/unique_identifier_msgs/msg/detail/uuid__type_support.cpp.o[0m
[2.714s] [ 38%] [32mBuilding CXX object CMakeFiles/unique_identifier_msgs__rosidl_typesupport_microxrcedds_cpp.dir/rosidl_typesupport_microxrcedds_cpp/unique_identifier_msgs/msg/detail/microxrcedds/uuid__type_support_cpp.cpp.o[0m
[2.723s] [ 41%] [32mBuilding CXX object CMakeFiles/unique_identifier_msgs__rosidl_typesupport_fastrtps_cpp.dir/rosidl_typesupport_fastrtps_cpp/unique_identifier_msgs/msg/detail/dds_fastrtps/uuid__type_support.cpp.o[0m
[2.997s] [ 43%] [32mBuilding C object CMakeFiles/unique_identifier_msgs__rosidl_typesupport_microxrcedds_c.dir/rosidl_typesupport_microxrcedds_c/unique_identifier_msgs/msg/detail/microxrcedds/uuid__type_support_c.c.o[0m
[3.185s] [ 46%] [32mBuilding CXX object CMakeFiles/unique_identifier_msgs__rosidl_typesupport_c.dir/rosidl_typesupport_c/unique_identifier_msgs/msg/uuid__type_support.cpp.o[0m
[3.210s] [ 48%] [32mBuilding C object CMakeFiles/unique_identifier_msgs__rosidl_typesupport_introspection_c.dir/rosidl_typesupport_introspection_c/unique_identifier_msgs/msg/detail/uuid__type_support.c.o[0m
[3.214s] [ 51%] [32mBuilding CXX object CMakeFiles/unique_identifier_msgs__rosidl_typesupport_fastrtps_c.dir/rosidl_typesupport_fastrtps_c/unique_identifier_msgs/msg/detail/uuid__type_support_c.cpp.o[0m
[3.230s] [ 53%] [32m[1mLinking C shared library libunique_identifier_msgs__rosidl_typesupport_microxrcedds_c.so[0m
[3.318s] [ 56%] [32m[1mLinking CXX shared library libunique_identifier_msgs__rosidl_typesupport_c.so[0m
[3.371s] [ 56%] Built target unique_identifier_msgs__rosidl_typesupport_microxrcedds_c
[3.376s] [ 58%] [32m[1mLinking C shared library libunique_identifier_msgs__rosidl_typesupport_introspection_c.so[0m
[3.517s] [ 58%] Built target unique_identifier_msgs__rosidl_typesupport_c
[3.570s] [ 58%] Built target unique_identifier_msgs__rosidl_typesupport_introspection_c
[3.790s] [ 61%] [32m[1mLinking CXX shared library libunique_identifier_msgs__rosidl_typesupport_microxrcedds_cpp.so[0m
[3.810s] [ 64%] [32m[1mLinking CXX shared library libunique_identifier_msgs__rosidl_typesupport_cpp.so[0m
[4.062s] [ 64%] Built target unique_identifier_msgs__rosidl_typesupport_cpp
[4.087s] [ 64%] Built target unique_identifier_msgs__rosidl_typesupport_microxrcedds_cpp
[4.263s] [ 66%] [32m[1mLinking CXX shared library libunique_identifier_msgs__rosidl_typesupport_introspection_cpp.so[0m
[4.424s] [ 69%] [32m[1mLinking CXX shared library libunique_identifier_msgs__rosidl_typesupport_fastrtps_c.so[0m
[4.452s] [ 71%] [32m[1mLinking CXX shared library libunique_identifier_msgs__rosidl_typesupport_fastrtps_cpp.so[0m
[4.780s] [ 71%] Built target unique_identifier_msgs__rosidl_typesupport_introspection_cpp
[4.844s] [ 71%] Built target unique_identifier_msgs__rosidl_typesupport_fastrtps_cpp
[4.880s] [ 71%] Built target unique_identifier_msgs__rosidl_typesupport_fastrtps_c
[5.035s] [ 71%] Built target unique_identifier_msgs
[5.158s] [ 74%] [34m[1mGenerating Python code for ROS interfaces[0m
[5.819s] [ 74%] Built target unique_identifier_msgs__py
[5.842s] [ 76%] [32mBuilding C object CMakeFiles/unique_identifier_msgs__rosidl_generator_py.dir/rosidl_generator_py/unique_identifier_msgs/msg/_uuid_s.c.o[0m
[5.993s] [ 79%] [32m[1mLinking C shared library rosidl_generator_py/unique_identifier_msgs/libunique_identifier_msgs__rosidl_generator_py.so[0m
[6.041s] [ 79%] Built target unique_identifier_msgs__rosidl_generator_py
[6.067s] [ 82%] [32mBuilding C object CMakeFiles/unique_identifier_msgs__rosidl_typesupport_c__pyext.dir/rosidl_generator_py/unique_identifier_msgs/_unique_identifier_msgs_s.ep.rosidl_typesupport_c.c.o[0m
[6.068s] [ 89%] [32mBuilding C object CMakeFiles/unique_identifier_msgs__rosidl_typesupport_fastrtps_c__pyext.dir/rosidl_generator_py/unique_identifier_msgs/_unique_identifier_msgs_s.ep.rosidl_typesupport_fastrtps_c.c.o[0m
[6.068s] [ 89%] [32mBuilding C object CMakeFiles/unique_identifier_msgs__rosidl_typesupport_introspection_c__pyext.dir/rosidl_generator_py/unique_identifier_msgs/_unique_identifier_msgs_s.ep.rosidl_typesupport_introspection_c.c.o[0m
[6.068s] [ 89%] [32mBuilding C object CMakeFiles/unique_identifier_msgs__rosidl_typesupport_microxrcedds_c__pyext.dir/rosidl_generator_py/unique_identifier_msgs/_unique_identifier_msgs_s.ep.rosidl_typesupport_microxrcedds_c.c.o[0m
[6.203s] [ 92%] [32m[1mLinking C shared library rosidl_generator_py/unique_identifier_msgs/unique_identifier_msgs_s__rosidl_typesupport_introspection_c.cpython-310-x86_64-linux-gnu.so[0m
[6.204s] [ 94%] [32m[1mLinking C shared library rosidl_generator_py/unique_identifier_msgs/unique_identifier_msgs_s__rosidl_typesupport_microxrcedds_c.cpython-310-x86_64-linux-gnu.so[0m
[6.218s] [ 97%] [32m[1mLinking C shared library rosidl_generator_py/unique_identifier_msgs/unique_identifier_msgs_s__rosidl_typesupport_fastrtps_c.cpython-310-x86_64-linux-gnu.so[0m
[6.219s] [100%] [32m[1mLinking C shared library rosidl_generator_py/unique_identifier_msgs/unique_identifier_msgs_s__rosidl_typesupport_c.cpython-310-x86_64-linux-gnu.so[0m
[6.245s] [100%] Built target unique_identifier_msgs__rosidl_typesupport_introspection_c__pyext
[6.254s] [100%] Built target unique_identifier_msgs__rosidl_typesupport_microxrcedds_c__pyext
[6.259s] [100%] Built target unique_identifier_msgs__rosidl_typesupport_fastrtps_c__pyext
[6.261s] [100%] Built target unique_identifier_msgs__rosidl_typesupport_c__pyext
[6.275s] Invoked command in '/home/abhay/microros_ws/build/unique_identifier_msgs' returned '0': CMAKE_PREFIX_PATH=${CMAKE_PREFIX_PATH}:/home/abhay/ros2_ws/install/py_srvcli:/home/abhay/ros2_ws/install/my_robot_controller:/opt/ros/humble /usr/bin/cmake --build /home/abhay/microros_ws/build/unique_identifier_msgs -- -j16 -l16
[6.365s] Invoking command in '/home/abhay/microros_ws/build/unique_identifier_msgs': CMAKE_PREFIX_PATH=${CMAKE_PREFIX_PATH}:/home/abhay/ros2_ws/install/py_srvcli:/home/abhay/ros2_ws/install/my_robot_controller:/opt/ros/humble /usr/bin/cmake --install /home/abhay/microros_ws/build/unique_identifier_msgs
[6.376s] -- Install configuration: ""
[6.376s] -- Installing: /home/abhay/microros_ws/install/unique_identifier_msgs/share/ament_index/resource_index/rosidl_interfaces/unique_identifier_msgs
[6.376s] -- Installing: /home/abhay/microros_ws/install/unique_identifier_msgs/include/unique_identifier_msgs/unique_identifier_msgs
[6.376s] -- Installing: /home/abhay/microros_ws/install/unique_identifier_msgs/include/unique_identifier_msgs/unique_identifier_msgs/msg
[6.376s] -- Installing: /home/abhay/microros_ws/install/unique_identifier_msgs/include/unique_identifier_msgs/unique_identifier_msgs/msg/rosidl_generator_c__visibility_control.h
[6.376s] -- Installing: /home/abhay/microros_ws/install/unique_identifier_msgs/include/unique_identifier_msgs/unique_identifier_msgs/msg/uuid.h
[6.377s] -- Installing: /home/abhay/microros_ws/install/unique_identifier_msgs/include/unique_identifier_msgs/unique_identifier_msgs/msg/detail
[6.377s] -- Installing: /home/abhay/microros_ws/install/unique_identifier_msgs/include/unique_identifier_msgs/unique_identifier_msgs/msg/detail/uuid__type_support.h
[6.377s] -- Installing: /home/abhay/microros_ws/install/unique_identifier_msgs/include/unique_identifier_msgs/unique_identifier_msgs/msg/detail/uuid__functions.h
[6.377s] -- Installing: /home/abhay/microros_ws/install/unique_identifier_msgs/include/unique_identifier_msgs/unique_identifier_msgs/msg/detail/uuid__functions.c
[6.377s] -- Installing: /home/abhay/microros_ws/install/unique_identifier_msgs/include/unique_identifier_msgs/unique_identifier_msgs/msg/detail/uuid__struct.h
[6.377s] -- Installing: /home/abhay/microros_ws/install/unique_identifier_msgs/share/unique_identifier_msgs/environment/library_path.sh
[6.377s] -- Installing: /home/abhay/microros_ws/install/unique_identifier_msgs/share/unique_identifier_msgs/environment/library_path.dsv
[6.378s] -- Installing: /home/abhay/microros_ws/install/unique_identifier_msgs/lib/libunique_identifier_msgs__rosidl_generator_c.so
[6.378s] -- Set runtime path of "/home/abhay/microros_ws/install/unique_identifier_msgs/lib/libunique_identifier_msgs__rosidl_generator_c.so" to ""
[6.378s] -- Up-to-date: /home/abhay/microros_ws/install/unique_identifier_msgs/include/unique_identifier_msgs
[6.378s] -- Installing: /home/abhay/microros_ws/install/unique_identifier_msgs/include/unique_identifier_msgs/msg
[6.379s] -- Installing: /home/abhay/microros_ws/install/unique_identifier_msgs/include/unique_identifier_msgs/msg/detail
[6.379s] -- Installing: /home/abhay/microros_ws/install/unique_identifier_msgs/include/unique_identifier_msgs/msg/detail/uuid__rosidl_typesupport_microxrcedds_c.h
[6.379s] -- Installing: /home/abhay/microros_ws/install/unique_identifier_msgs/include/unique_identifier_msgs/msg/detail/microxrcedds
[6.379s] -- Installing: /home/abhay/microros_ws/install/unique_identifier_msgs/include/unique_identifier_msgs/msg/rosidl_typesupport_microxrcedds_c__visibility_control.h
[6.379s] -- Installing: /home/abhay/microros_ws/install/unique_identifier_msgs/lib/libunique_identifier_msgs__rosidl_typesupport_microxrcedds_c.so
[6.379s] -- Set runtime path of "/home/abhay/microros_ws/install/unique_identifier_msgs/lib/libunique_identifier_msgs__rosidl_typesupport_microxrcedds_c.so" to ""
[6.379s] -- Up-to-date: /home/abhay/microros_ws/install/unique_identifier_msgs/include/unique_identifier_msgs/unique_identifier_msgs
[6.379s] -- Up-to-date: /home/abhay/microros_ws/install/unique_identifier_msgs/include/unique_identifier_msgs/unique_identifier_msgs/msg
[6.379s] -- Up-to-date: /home/abhay/microros_ws/install/unique_identifier_msgs/include/unique_identifier_msgs/unique_identifier_msgs/msg/detail
[6.380s] -- Installing: /home/abhay/microros_ws/install/unique_identifier_msgs/include/unique_identifier_msgs/unique_identifier_msgs/msg/detail/uuid__rosidl_typesupport_fastrtps_c.h
[6.380s] -- Installing: /home/abhay/microros_ws/install/unique_identifier_msgs/include/unique_identifier_msgs/unique_identifier_msgs/msg/rosidl_typesupport_fastrtps_c__visibility_control.h
[6.380s] -- Installing: /home/abhay/microros_ws/install/unique_identifier_msgs/lib/libunique_identifier_msgs__rosidl_typesupport_fastrtps_c.so
[6.380s] -- Set runtime path of "/home/abhay/microros_ws/install/unique_identifier_msgs/lib/libunique_identifier_msgs__rosidl_typesupport_fastrtps_c.so" to ""
[6.380s] -- Up-to-date: /home/abhay/microros_ws/install/unique_identifier_msgs/include/unique_identifier_msgs/unique_identifier_msgs
[6.380s] -- Up-to-date: /home/abhay/microros_ws/install/unique_identifier_msgs/include/unique_identifier_msgs/unique_identifier_msgs/msg
[6.380s] -- Up-to-date: /home/abhay/microros_ws/install/unique_identifier_msgs/include/unique_identifier_msgs/unique_identifier_msgs/msg/detail
[6.380s] -- Installing: /home/abhay/microros_ws/install/unique_identifier_msgs/include/unique_identifier_msgs/unique_identifier_msgs/msg/detail/uuid__rosidl_typesupport_introspection_c.h
[6.381s] -- Installing: /home/abhay/microros_ws/install/unique_identifier_msgs/include/unique_identifier_msgs/unique_identifier_msgs/msg/detail/uuid__type_support.c
[6.381s] -- Installing: /home/abhay/microros_ws/install/unique_identifier_msgs/include/unique_identifier_msgs/unique_identifier_msgs/msg/rosidl_typesupport_introspection_c__visibility_control.h
[6.381s] -- Installing: /home/abhay/microros_ws/install/unique_identifier_msgs/lib/libunique_identifier_msgs__rosidl_typesupport_introspection_c.so
[6.381s] -- Set runtime path of "/home/abhay/microros_ws/install/unique_identifier_msgs/lib/libunique_identifier_msgs__rosidl_typesupport_introspection_c.so" to ""
[6.381s] -- Installing: /home/abhay/microros_ws/install/unique_identifier_msgs/lib/libunique_identifier_msgs__rosidl_typesupport_c.so
[6.381s] -- Set runtime path of "/home/abhay/microros_ws/install/unique_identifier_msgs/lib/libunique_identifier_msgs__rosidl_typesupport_c.so" to ""
[6.382s] -- Up-to-date: /home/abhay/microros_ws/install/unique_identifier_msgs/include/unique_identifier_msgs/unique_identifier_msgs
[6.382s] -- Up-to-date: /home/abhay/microros_ws/install/unique_identifier_msgs/include/unique_identifier_msgs/unique_identifier_msgs/msg
[6.382s] -- Up-to-date: /home/abhay/microros_ws/install/unique_identifier_msgs/include/unique_identifier_msgs/unique_identifier_msgs/msg/detail
[6.382s] -- Installing: /home/abhay/microros_ws/install/unique_identifier_msgs/include/unique_identifier_msgs/unique_identifier_msgs/msg/detail/uuid__builder.hpp
[6.382s] -- Installing: /home/abhay/microros_ws/install/unique_identifier_msgs/include/unique_identifier_msgs/unique_identifier_msgs/msg/detail/uuid__struct.hpp
[6.382s] -- Installing: /home/abhay/microros_ws/install/unique_identifier_msgs/include/unique_identifier_msgs/unique_identifier_msgs/msg/detail/uuid__traits.hpp
[6.382s] -- Installing: /home/abhay/microros_ws/install/unique_identifier_msgs/include/unique_identifier_msgs/unique_identifier_msgs/msg/uuid.hpp
[6.382s] -- Up-to-date: /home/abhay/microros_ws/install/unique_identifier_msgs/include/unique_identifier_msgs
[6.382s] -- Up-to-date: /home/abhay/microros_ws/install/unique_identifier_msgs/include/unique_identifier_msgs/msg
[6.382s] -- Up-to-date: /home/abhay/microros_ws/install/unique_identifier_msgs/include/unique_identifier_msgs/msg/detail
[6.383s] -- Up-to-date: /home/abhay/microros_ws/install/unique_identifier_msgs/include/unique_identifier_msgs/msg/detail/microxrcedds
[6.383s] -- Installing: /home/abhay/microros_ws/install/unique_identifier_msgs/include/unique_identifier_msgs/msg/detail/microxrcedds/uuid__type_support_cpp.cpp
[6.383s] -- Installing: /home/abhay/microros_ws/install/unique_identifier_msgs/include/unique_identifier_msgs/msg/detail/uuid__rosidl_typesupport_microxrcedds_cpp.hpp
[6.383s] -- Installing: /home/abhay/microros_ws/install/unique_identifier_msgs/include/unique_identifier_msgs/msg/rosidl_typesupport_microxrcedds_cpp__visibility_control.h
[6.383s] -- Installing: /home/abhay/microros_ws/install/unique_identifier_msgs/lib/libunique_identifier_msgs__rosidl_typesupport_microxrcedds_cpp.so
[6.383s] -- Set runtime path of "/home/abhay/microros_ws/install/unique_identifier_msgs/lib/libunique_identifier_msgs__rosidl_typesupport_microxrcedds_cpp.so" to ""
[6.383s] -- Up-to-date: /home/abhay/microros_ws/install/unique_identifier_msgs/include/unique_identifier_msgs/unique_identifier_msgs
[6.383s] -- Up-to-date: /home/abhay/microros_ws/install/unique_identifier_msgs/include/unique_identifier_msgs/unique_identifier_msgs/msg
[6.384s] -- Up-to-date: /home/abhay/microros_ws/install/unique_identifier_msgs/include/unique_identifier_msgs/unique_identifier_msgs/msg/detail
[6.384s] -- Installing: /home/abhay/microros_ws/install/unique_identifier_msgs/include/unique_identifier_msgs/unique_identifier_msgs/msg/detail/uuid__rosidl_typesupport_fastrtps_cpp.hpp
[6.384s] -- Installing: /home/abhay/microros_ws/install/unique_identifier_msgs/include/unique_identifier_msgs/unique_identifier_msgs/msg/detail/dds_fastrtps
[6.384s] -- Installing: /home/abhay/microros_ws/install/unique_identifier_msgs/include/unique_identifier_msgs/unique_identifier_msgs/msg/rosidl_typesupport_fastrtps_cpp__visibility_control.h
[6.384s] -- Installing: /home/abhay/microros_ws/install/unique_identifier_msgs/lib/libunique_identifier_msgs__rosidl_typesupport_fastrtps_cpp.so
[6.384s] -- Set runtime path of "/home/abhay/microros_ws/install/unique_identifier_msgs/lib/libunique_identifier_msgs__rosidl_typesupport_fastrtps_cpp.so" to ""
[6.384s] -- Up-to-date: /home/abhay/microros_ws/install/unique_identifier_msgs/include/unique_identifier_msgs/unique_identifier_msgs
[6.384s] -- Up-to-date: /home/abhay/microros_ws/install/unique_identifier_msgs/include/unique_identifier_msgs/unique_identifier_msgs/msg
[6.384s] -- Up-to-date: /home/abhay/microros_ws/install/unique_identifier_msgs/include/unique_identifier_msgs/unique_identifier_msgs/msg/detail
[6.385s] -- Installing: /home/abhay/microros_ws/install/unique_identifier_msgs/include/unique_identifier_msgs/unique_identifier_msgs/msg/detail/uuid__type_support.cpp
[6.385s] -- Installing: /home/abhay/microros_ws/install/unique_identifier_msgs/include/unique_identifier_msgs/unique_identifier_msgs/msg/detail/uuid__rosidl_typesupport_introspection_cpp.hpp
[6.385s] -- Installing: /home/abhay/microros_ws/install/unique_identifier_msgs/lib/libunique_identifier_msgs__rosidl_typesupport_introspection_cpp.so
[6.385s] -- Set runtime path of "/home/abhay/microros_ws/install/unique_identifier_msgs/lib/libunique_identifier_msgs__rosidl_typesupport_introspection_cpp.so" to ""
[6.385s] -- Installing: /home/abhay/microros_ws/install/unique_identifier_msgs/lib/libunique_identifier_msgs__rosidl_typesupport_cpp.so
[6.385s] -- Set runtime path of "/home/abhay/microros_ws/install/unique_identifier_msgs/lib/libunique_identifier_msgs__rosidl_typesupport_cpp.so" to ""
[6.386s] -- Installing: /home/abhay/microros_ws/install/unique_identifier_msgs/share/unique_identifier_msgs/environment/pythonpath.sh
[6.386s] -- Installing: /home/abhay/microros_ws/install/unique_identifier_msgs/share/unique_identifier_msgs/environment/pythonpath.dsv
[6.386s] -- Installing: /home/abhay/microros_ws/install/unique_identifier_msgs/local/lib/python3.10/dist-packages/unique_identifier_msgs-2.2.1-py3.10.egg-info
[6.386s] -- Installing: /home/abhay/microros_ws/install/unique_identifier_msgs/local/lib/python3.10/dist-packages/unique_identifier_msgs-2.2.1-py3.10.egg-info/top_level.txt
[6.387s] -- Installing: /home/abhay/microros_ws/install/unique_identifier_msgs/local/lib/python3.10/dist-packages/unique_identifier_msgs-2.2.1-py3.10.egg-info/SOURCES.txt
[6.387s] -- Installing: /home/abhay/microros_ws/install/unique_identifier_msgs/local/lib/python3.10/dist-packages/unique_identifier_msgs-2.2.1-py3.10.egg-info/dependency_links.txt
[6.387s] -- Installing: /home/abhay/microros_ws/install/unique_identifier_msgs/local/lib/python3.10/dist-packages/unique_identifier_msgs-2.2.1-py3.10.egg-info/PKG-INFO
[6.387s] -- Installing: /home/abhay/microros_ws/install/unique_identifier_msgs/local/lib/python3.10/dist-packages/unique_identifier_msgs
[6.387s] -- Installing: /home/abhay/microros_ws/install/unique_identifier_msgs/local/lib/python3.10/dist-packages/unique_identifier_msgs/msg
[6.387s] -- Installing: /home/abhay/microros_ws/install/unique_identifier_msgs/local/lib/python3.10/dist-packages/unique_identifier_msgs/msg/_uuid_s.c
[6.387s] -- Installing: /home/abhay/microros_ws/install/unique_identifier_msgs/local/lib/python3.10/dist-packages/unique_identifier_msgs/msg/_uuid.py
[6.387s] -- Installing: /home/abhay/microros_ws/install/unique_identifier_msgs/local/lib/python3.10/dist-packages/unique_identifier_msgs/msg/__init__.py
[6.387s] -- Installing: /home/abhay/microros_ws/install/unique_identifier_msgs/local/lib/python3.10/dist-packages/unique_identifier_msgs/unique_identifier_msgs_s__rosidl_typesupport_microxrcedds_c.cpython-310-x86_64-linux-gnu.so
[6.387s] -- Installing: /home/abhay/microros_ws/install/unique_identifier_msgs/local/lib/python3.10/dist-packages/unique_identifier_msgs/_unique_identifier_msgs_s.ep.rosidl_typesupport_c.c
[6.388s] -- Installing: /home/abhay/microros_ws/install/unique_identifier_msgs/local/lib/python3.10/dist-packages/unique_identifier_msgs/libunique_identifier_msgs__rosidl_generator_py.so
[6.388s] -- Installing: /home/abhay/microros_ws/install/unique_identifier_msgs/local/lib/python3.10/dist-packages/unique_identifier_msgs/_unique_identifier_msgs_s.ep.rosidl_typesupport_microxrcedds_c.c
[6.388s] -- Installing: /home/abhay/microros_ws/install/unique_identifier_msgs/local/lib/python3.10/dist-packages/unique_identifier_msgs/_unique_identifier_msgs_s.ep.rosidl_typesupport_introspection_c.c
[6.389s] -- Installing: /home/abhay/microros_ws/install/unique_identifier_msgs/local/lib/python3.10/dist-packages/unique_identifier_msgs/unique_identifier_msgs_s__rosidl_typesupport_fastrtps_c.cpython-310-x86_64-linux-gnu.so
[6.389s] -- Installing: /home/abhay/microros_ws/install/unique_identifier_msgs/local/lib/python3.10/dist-packages/unique_identifier_msgs/_unique_identifier_msgs_s.ep.rosidl_typesupport_fastrtps_c.c
[6.390s] -- Installing: /home/abhay/microros_ws/install/unique_identifier_msgs/local/lib/python3.10/dist-packages/unique_identifier_msgs/unique_identifier_msgs_s__rosidl_typesupport_c.cpython-310-x86_64-linux-gnu.so
[6.390s] -- Installing: /home/abhay/microros_ws/install/unique_identifier_msgs/local/lib/python3.10/dist-packages/unique_identifier_msgs/unique_identifier_msgs_s__rosidl_typesupport_introspection_c.cpython-310-x86_64-linux-gnu.so
[6.390s] -- Installing: /home/abhay/microros_ws/install/unique_identifier_msgs/local/lib/python3.10/dist-packages/unique_identifier_msgs/__init__.py
[6.447s] Listing '/home/abhay/microros_ws/install/unique_identifier_msgs/local/lib/python3.10/dist-packages/unique_identifier_msgs'...
[6.447s] Compiling '/home/abhay/microros_ws/install/unique_identifier_msgs/local/lib/python3.10/dist-packages/unique_identifier_msgs/__init__.py'...
[6.447s] Listing '/home/abhay/microros_ws/install/unique_identifier_msgs/local/lib/python3.10/dist-packages/unique_identifier_msgs/msg'...
[6.447s] Compiling '/home/abhay/microros_ws/install/unique_identifier_msgs/local/lib/python3.10/dist-packages/unique_identifier_msgs/msg/__init__.py'...
[6.447s] Compiling '/home/abhay/microros_ws/install/unique_identifier_msgs/local/lib/python3.10/dist-packages/unique_identifier_msgs/msg/_uuid.py'...
[6.455s] -- Installing: /home/abhay/microros_ws/install/unique_identifier_msgs/local/lib/python3.10/dist-packages/unique_identifier_msgs/unique_identifier_msgs_s__rosidl_typesupport_microxrcedds_c.cpython-310-x86_64-linux-gnu.so
[6.456s] -- Set runtime path of "/home/abhay/microros_ws/install/unique_identifier_msgs/local/lib/python3.10/dist-packages/unique_identifier_msgs/unique_identifier_msgs_s__rosidl_typesupport_microxrcedds_c.cpython-310-x86_64-linux-gnu.so" to ""
[6.456s] -- Installing: /home/abhay/microros_ws/install/unique_identifier_msgs/local/lib/python3.10/dist-packages/unique_identifier_msgs/unique_identifier_msgs_s__rosidl_typesupport_fastrtps_c.cpython-310-x86_64-linux-gnu.so
[6.457s] -- Set runtime path of "/home/abhay/microros_ws/install/unique_identifier_msgs/local/lib/python3.10/dist-packages/unique_identifier_msgs/unique_identifier_msgs_s__rosidl_typesupport_fastrtps_c.cpython-310-x86_64-linux-gnu.so" to ""
[6.457s] -- Installing: /home/abhay/microros_ws/install/unique_identifier_msgs/local/lib/python3.10/dist-packages/unique_identifier_msgs/unique_identifier_msgs_s__rosidl_typesupport_introspection_c.cpython-310-x86_64-linux-gnu.so
[6.458s] -- Set runtime path of "/home/abhay/microros_ws/install/unique_identifier_msgs/local/lib/python3.10/dist-packages/unique_identifier_msgs/unique_identifier_msgs_s__rosidl_typesupport_introspection_c.cpython-310-x86_64-linux-gnu.so" to ""
[6.458s] -- Installing: /home/abhay/microros_ws/install/unique_identifier_msgs/local/lib/python3.10/dist-packages/unique_identifier_msgs/unique_identifier_msgs_s__rosidl_typesupport_c.cpython-310-x86_64-linux-gnu.so
[6.459s] -- Set runtime path of "/home/abhay/microros_ws/install/unique_identifier_msgs/local/lib/python3.10/dist-packages/unique_identifier_msgs/unique_identifier_msgs_s__rosidl_typesupport_c.cpython-310-x86_64-linux-gnu.so" to ""
[6.459s] -- Installing: /home/abhay/microros_ws/install/unique_identifier_msgs/lib/libunique_identifier_msgs__rosidl_generator_py.so
[6.459s] -- Set runtime path of "/home/abhay/microros_ws/install/unique_identifier_msgs/lib/libunique_identifier_msgs__rosidl_generator_py.so" to ""
[6.460s] -- Installing: /home/abhay/microros_ws/install/unique_identifier_msgs/share/unique_identifier_msgs/msg/UUID.idl
[6.460s] -- Installing: /home/abhay/microros_ws/install/unique_identifier_msgs/share/unique_identifier_msgs/msg/UUID.msg
[6.461s] -- Installing: /home/abhay/microros_ws/install/unique_identifier_msgs/share/ament_index/resource_index/package_run_dependencies/unique_identifier_msgs
[6.461s] -- Installing: /home/abhay/microros_ws/install/unique_identifier_msgs/share/ament_index/resource_index/parent_prefix_path/unique_identifier_msgs
[6.461s] -- Installing: /home/abhay/microros_ws/install/unique_identifier_msgs/share/unique_identifier_msgs/environment/ament_prefix_path.sh
[6.462s] -- Installing: /home/abhay/microros_ws/install/unique_identifier_msgs/share/unique_identifier_msgs/environment/ament_prefix_path.dsv
[6.462s] -- Installing: /home/abhay/microros_ws/install/unique_identifier_msgs/share/unique_identifier_msgs/environment/path.sh
[6.462s] -- Installing: /home/abhay/microros_ws/install/unique_identifier_msgs/share/unique_identifier_msgs/environment/path.dsv
[6.463s] -- Installing: /home/abhay/microros_ws/install/unique_identifier_msgs/share/unique_identifier_msgs/local_setup.bash
[6.463s] -- Installing: /home/abhay/microros_ws/install/unique_identifier_msgs/share/unique_identifier_msgs/local_setup.sh
[6.463s] -- Installing: /home/abhay/microros_ws/install/unique_identifier_msgs/share/unique_identifier_msgs/local_setup.zsh
[6.464s] -- Installing: /home/abhay/microros_ws/install/unique_identifier_msgs/share/unique_identifier_msgs/local_setup.dsv
[6.464s] -- Installing: /home/abhay/microros_ws/install/unique_identifier_msgs/share/unique_identifier_msgs/package.dsv
[6.464s] -- Installing: /home/abhay/microros_ws/install/unique_identifier_msgs/share/ament_index/resource_index/packages/unique_identifier_msgs
[6.465s] -- Installing: /home/abhay/microros_ws/install/unique_identifier_msgs/share/unique_identifier_msgs/cmake/export_unique_identifier_msgs__rosidl_generator_cExport.cmake
[6.465s] -- Installing: /home/abhay/microros_ws/install/unique_identifier_msgs/share/unique_identifier_msgs/cmake/export_unique_identifier_msgs__rosidl_generator_cExport-noconfig.cmake
[6.466s] -- Installing: /home/abhay/microros_ws/install/unique_identifier_msgs/share/unique_identifier_msgs/cmake/export_unique_identifier_msgs__rosidl_typesupport_fastrtps_cExport.cmake
[6.466s] -- Installing: /home/abhay/microros_ws/install/unique_identifier_msgs/share/unique_identifier_msgs/cmake/export_unique_identifier_msgs__rosidl_typesupport_fastrtps_cExport-noconfig.cmake
[6.467s] -- Installing: /home/abhay/microros_ws/install/unique_identifier_msgs/share/unique_identifier_msgs/cmake/unique_identifier_msgs__rosidl_typesupport_introspection_cExport.cmake
[6.467s] -- Installing: /home/abhay/microros_ws/install/unique_identifier_msgs/share/unique_identifier_msgs/cmake/unique_identifier_msgs__rosidl_typesupport_introspection_cExport-noconfig.cmake
[6.467s] -- Installing: /home/abhay/microros_ws/install/unique_identifier_msgs/share/unique_identifier_msgs/cmake/unique_identifier_msgs__rosidl_typesupport_cExport.cmake
[6.467s] -- Installing: /home/abhay/microros_ws/install/unique_identifier_msgs/share/unique_identifier_msgs/cmake/unique_identifier_msgs__rosidl_typesupport_cExport-noconfig.cmake
[6.468s] -- Installing: /home/abhay/microros_ws/install/unique_identifier_msgs/share/unique_identifier_msgs/cmake/export_unique_identifier_msgs__rosidl_generator_cppExport.cmake
[6.468s] -- Installing: /home/abhay/microros_ws/install/unique_identifier_msgs/share/unique_identifier_msgs/cmake/export_unique_identifier_msgs__rosidl_typesupport_fastrtps_cppExport.cmake
[6.468s] -- Installing: /home/abhay/microros_ws/install/unique_identifier_msgs/share/unique_identifier_msgs/cmake/export_unique_identifier_msgs__rosidl_typesupport_fastrtps_cppExport-noconfig.cmake
[6.469s] -- Installing: /home/abhay/microros_ws/install/unique_identifier_msgs/share/unique_identifier_msgs/cmake/unique_identifier_msgs__rosidl_typesupport_introspection_cppExport.cmake
[6.469s] -- Installing: /home/abhay/microros_ws/install/unique_identifier_msgs/share/unique_identifier_msgs/cmake/unique_identifier_msgs__rosidl_typesupport_introspection_cppExport-noconfig.cmake
[6.469s] -- Installing: /home/abhay/microros_ws/install/unique_identifier_msgs/share/unique_identifier_msgs/cmake/unique_identifier_msgs__rosidl_typesupport_cppExport.cmake
[6.470s] -- Installing: /home/abhay/microros_ws/install/unique_identifier_msgs/share/unique_identifier_msgs/cmake/unique_identifier_msgs__rosidl_typesupport_cppExport-noconfig.cmake
[6.470s] -- Installing: /home/abhay/microros_ws/install/unique_identifier_msgs/share/unique_identifier_msgs/cmake/export_unique_identifier_msgs__rosidl_generator_pyExport.cmake
[6.470s] -- Installing: /home/abhay/microros_ws/install/unique_identifier_msgs/share/unique_identifier_msgs/cmake/export_unique_identifier_msgs__rosidl_generator_pyExport-noconfig.cmake
[6.471s] -- Installing: /home/abhay/microros_ws/install/unique_identifier_msgs/share/unique_identifier_msgs/cmake/rosidl_cmake-extras.cmake
[6.471s] -- Installing: /home/abhay/microros_ws/install/unique_identifier_msgs/share/unique_identifier_msgs/cmake/ament_cmake_export_include_directories-extras.cmake
[6.471s] -- Installing: /home/abhay/microros_ws/install/unique_identifier_msgs/share/unique_identifier_msgs/cmake/ament_cmake_export_libraries-extras.cmake
[6.471s] -- Installing: /home/abhay/microros_ws/install/unique_identifier_msgs/share/unique_identifier_msgs/cmake/ament_cmake_export_targets-extras.cmake
[6.471s] -- Installing: /home/abhay/microros_ws/install/unique_identifier_msgs/share/unique_identifier_msgs/cmake/rosidl_cmake_export_typesupport_targets-extras.cmake
[6.472s] -- Installing: /home/abhay/microros_ws/install/unique_identifier_msgs/share/unique_identifier_msgs/cmake/ament_cmake_export_dependencies-extras.cmake
[6.472s] -- Installing: /home/abhay/microros_ws/install/unique_identifier_msgs/share/unique_identifier_msgs/cmake/rosidl_cmake_export_typesupport_libraries-extras.cmake
[6.472s] -- Installing: /home/abhay/microros_ws/install/unique_identifier_msgs/share/unique_identifier_msgs/cmake/unique_identifier_msgsConfig.cmake
[6.472s] -- Installing: /home/abhay/microros_ws/install/unique_identifier_msgs/share/unique_identifier_msgs/cmake/unique_identifier_msgsConfig-version.cmake
[6.472s] -- Installing: /home/abhay/microros_ws/install/unique_identifier_msgs/share/unique_identifier_msgs/package.xml
[6.473s] -- Installing: /home/abhay/microros_ws/install/unique_identifier_msgs/share/unique_identifier_msgs/mapping_rules.yaml
[6.477s] Invoked command in '/home/abhay/microros_ws/build/unique_identifier_msgs' returned '0': CMAKE_PREFIX_PATH=${CMAKE_PREFIX_PATH}:/home/abhay/ros2_ws/install/py_srvcli:/home/abhay/ros2_ws/install/my_robot_controller:/opt/ros/humble /usr/bin/cmake --install /home/abhay/microros_ws/build/unique_identifier_msgs
