[0.017s] Invoking command in '/home/abhay/microros_ws/build/nav_msgs': AMENT_PREFIX_PATH=/home/abhay/microros_ws/install/geometry_msgs:/home/abhay/microros_ws/install/std_msgs:/home/abhay/microros_ws/install/builtin_interfaces:${AMENT_PREFIX_PATH} CMAKE_PREFIX_PATH=/home/abhay/microros_ws/install/geometry_msgs:/home/abhay/microros_ws/install/std_msgs:/home/abhay/microros_ws/install/builtin_interfaces:/home/abhay/microros_ws/install/rosidl_typesupport_microxrcedds_cpp:/home/abhay/microros_ws/install/rosidl_typesupport_microxrcedds_c:/home/abhay/microros_ws/install/microcdr:/home/abhay/microros_ws/install/micro_ros_setup:/home/abhay/ros2_ws/install/py_srvcli:/home/abhay/ros2_ws/install/my_robot_controller:/opt/ros/humble LD_LIBRARY_PATH=/home/abhay/microros_ws/install/geometry_msgs/lib:/home/abhay/microros_ws/install/std_msgs/lib:/home/abhay/microros_ws/install/builtin_interfaces/lib:${LD_LIBRARY_PATH} PYTHONPATH=/home/abhay/microros_ws/install/geometry_msgs/local/lib/python3.10/dist-packages:/home/abhay/microros_ws/install/std_msgs/local/lib/python3.10/dist-packages:/home/abhay/microros_ws/install/builtin_interfaces/local/lib/python3.10/dist-packages:${PYTHONPATH} /usr/bin/cmake /home/abhay/microros_ws/src/ros2/common_interfaces/nav_msgs -DBUILD_TESTING=OFF -DBUILD_SHARED_LIBS=ON -DCMAKE_INSTALL_PREFIX=/home/abhay/microros_ws/install/nav_msgs
[0.061s] -- The C compiler identification is GNU 11.4.0
[0.110s] -- The CXX compiler identification is GNU 11.4.0
[0.117s] -- Detecting C compiler ABI info
[0.167s] -- Detecting C compiler ABI info - done
[0.173s] -- Check for working C compiler: /usr/bin/cc - skipped
[0.173s] -- Detecting C compile features
[0.173s] -- Detecting C compile features - done
[0.175s] -- Detecting CXX compiler ABI info
[0.235s] -- Detecting CXX compiler ABI info - done
[0.244s] -- Check for working CXX compiler: /usr/bin/c++ - skipped
[0.245s] -- Detecting CXX compile features
[0.245s] -- Detecting CXX compile features - done
[0.248s] -- Found ament_cmake: 1.3.8 (/opt/ros/humble/share/ament_cmake/cmake)
[0.404s] -- Found Python3: /usr/bin/python3 (found version "3.10.12") found components: Interpreter 
[0.477s] -- Found builtin_interfaces: 1.2.1 (/home/abhay/microros_ws/install/builtin_interfaces/share/builtin_interfaces/cmake)
[0.505s] -- Found rosidl_generator_c: 3.1.5 (/opt/ros/humble/share/rosidl_generator_c/cmake)
[0.509s] -- Found rosidl_adapter: 3.1.5 (/opt/ros/humble/share/rosidl_adapter/cmake)
[0.516s] -- Found rosidl_generator_cpp: 3.1.5 (/opt/ros/humble/share/rosidl_generator_cpp/cmake)
[0.527s] -- Using all available rosidl_typesupport_c: rosidl_typesupport_microxrcedds_c;rosidl_typesupport_fastrtps_c;rosidl_typesupport_introspection_c
[0.548s] -- Using all available rosidl_typesupport_cpp: rosidl_typesupport_microxrcedds_cpp;rosidl_typesupport_fastrtps_cpp;rosidl_typesupport_introspection_cpp
[0.566s] -- Found geometry_msgs: 4.2.3 (/home/abhay/microros_ws/install/geometry_msgs/share/geometry_msgs/cmake)
[0.649s] -- Found rosidl_default_generators: 1.2.0 (/opt/ros/humble/share/rosidl_default_generators/cmake)
[1.008s] -- Found ament_cmake_ros: 0.10.0 (/opt/ros/humble/share/ament_cmake_ros/cmake)
[1.441s] -- Using all available rosidl_typesupport_c: rosidl_typesupport_microxrcedds_c;rosidl_typesupport_fastrtps_c;rosidl_typesupport_introspection_c
[1.649s] -- Using all available rosidl_typesupport_cpp: rosidl_typesupport_microxrcedds_cpp;rosidl_typesupport_fastrtps_cpp;rosidl_typesupport_introspection_cpp
[1.669s] -- Found PythonInterp: /usr/bin/python3 (found suitable version "3.10.12", minimum required is "3.6") 
[1.671s] -- Found python_cmake_module: 0.10.0 (/opt/ros/humble/share/python_cmake_module/cmake)
[1.696s] -- Found PythonLibs: /usr/lib/x86_64-linux-gnu/libpython3.10.so (found suitable version "3.10.12", minimum required is "3.5") 
[1.696s] -- Using PYTHON_EXECUTABLE: /usr/bin/python3
[1.696s] -- Using PYTHON_INCLUDE_DIRS: /usr/include/python3.10
[1.696s] -- Using PYTHON_LIBRARIES: /usr/lib/x86_64-linux-gnu/libpython3.10.so
[1.714s] -- Found PythonExtra: .so  
[1.797s] -- Configuring done
[1.853s] -- Generating done
[1.855s] -- Build files have been written to: /home/abhay/microros_ws/build/nav_msgs
[1.867s] Invoked command in '/home/abhay/microros_ws/build/nav_msgs' returned '0': AMENT_PREFIX_PATH=/home/abhay/microros_ws/install/geometry_msgs:/home/abhay/microros_ws/install/std_msgs:/home/abhay/microros_ws/install/builtin_interfaces:${AMENT_PREFIX_PATH} CMAKE_PREFIX_PATH=/home/abhay/microros_ws/install/geometry_msgs:/home/abhay/microros_ws/install/std_msgs:/home/abhay/microros_ws/install/builtin_interfaces:/home/abhay/microros_ws/install/rosidl_typesupport_microxrcedds_cpp:/home/abhay/microros_ws/install/rosidl_typesupport_microxrcedds_c:/home/abhay/microros_ws/install/microcdr:/home/abhay/microros_ws/install/micro_ros_setup:/home/abhay/ros2_ws/install/py_srvcli:/home/abhay/ros2_ws/install/my_robot_controller:/opt/ros/humble LD_LIBRARY_PATH=/home/abhay/microros_ws/install/geometry_msgs/lib:/home/abhay/microros_ws/install/std_msgs/lib:/home/abhay/microros_ws/install/builtin_interfaces/lib:${LD_LIBRARY_PATH} PYTHONPATH=/home/abhay/microros_ws/install/geometry_msgs/local/lib/python3.10/dist-packages:/home/abhay/microros_ws/install/std_msgs/local/lib/python3.10/dist-packages:/home/abhay/microros_ws/install/builtin_interfaces/local/lib/python3.10/dist-packages:${PYTHONPATH} /usr/bin/cmake /home/abhay/microros_ws/src/ros2/common_interfaces/nav_msgs -DBUILD_TESTING=OFF -DBUILD_SHARED_LIBS=ON -DCMAKE_INSTALL_PREFIX=/home/abhay/microros_ws/install/nav_msgs
[1.869s] Invoking command in '/home/abhay/microros_ws/build/nav_msgs': AMENT_PREFIX_PATH=/home/abhay/microros_ws/install/geometry_msgs:/home/abhay/microros_ws/install/std_msgs:/home/abhay/microros_ws/install/builtin_interfaces:${AMENT_PREFIX_PATH} CMAKE_PREFIX_PATH=/home/abhay/microros_ws/install/geometry_msgs:/home/abhay/microros_ws/install/std_msgs:/home/abhay/microros_ws/install/builtin_interfaces:/home/abhay/microros_ws/install/rosidl_typesupport_microxrcedds_cpp:/home/abhay/microros_ws/install/rosidl_typesupport_microxrcedds_c:/home/abhay/microros_ws/install/microcdr:/home/abhay/microros_ws/install/micro_ros_setup:/home/abhay/ros2_ws/install/py_srvcli:/home/abhay/ros2_ws/install/my_robot_controller:/opt/ros/humble LD_LIBRARY_PATH=/home/abhay/microros_ws/install/geometry_msgs/lib:/home/abhay/microros_ws/install/std_msgs/lib:/home/abhay/microros_ws/install/builtin_interfaces/lib:${LD_LIBRARY_PATH} PYTHONPATH=/home/abhay/microros_ws/install/geometry_msgs/local/lib/python3.10/dist-packages:/home/abhay/microros_ws/install/std_msgs/local/lib/python3.10/dist-packages:/home/abhay/microros_ws/install/builtin_interfaces/local/lib/python3.10/dist-packages:${PYTHONPATH} /usr/bin/cmake --build /home/abhay/microros_ws/build/nav_msgs -- -j16 -l16
[1.913s] [  1%] [34m[1mGenerating C code for ROS interfaces[0m
[1.919s] [  1%] [34m[1mGenerating C++ code for ROS interfaces[0m
[1.937s] [  1%] Built target ament_cmake_python_copy_nav_msgs
[2.236s] running egg_info
[2.237s] creating nav_msgs.egg-info
[2.237s] writing nav_msgs.egg-info/PKG-INFO
[2.237s] writing dependency_links to nav_msgs.egg-info/dependency_links.txt
[2.237s] writing top-level names to nav_msgs.egg-info/top_level.txt
[2.238s] writing manifest file 'nav_msgs.egg-info/SOURCES.txt'
[2.241s] reading manifest file 'nav_msgs.egg-info/SOURCES.txt'
[2.242s] writing manifest file 'nav_msgs.egg-info/SOURCES.txt'
[2.285s] [  1%] Built target ament_cmake_python_build_nav_msgs_egg
[4.033s] [  1%] Built target nav_msgs__cpp
[4.123s] [  2%] [34m[1mGenerating C++ type support dispatch for ROS interfaces[0m
[4.133s] [  3%] [34m[1mGenerating C++ type support for eProsima Fast-RTPS[0m
[4.141s] [  4%] [34m[1mGenerating C++ introspection for ROS interfaces[0m
[4.161s] [  5%] [34m[1mGenerating C++ type support for eProsima Micro XRCE-DDS[0m
[4.658s] [  6%] [32mBuilding C object CMakeFiles/nav_msgs__rosidl_generator_c.dir/rosidl_generator_c/nav_msgs/msg/detail/grid_cells__functions.c.o[0m
[4.690s] [  7%] [32mBuilding C object CMakeFiles/nav_msgs__rosidl_generator_c.dir/rosidl_generator_c/nav_msgs/msg/detail/map_meta_data__functions.c.o[0m
[4.703s] [  8%] [32mBuilding C object CMakeFiles/nav_msgs__rosidl_generator_c.dir/rosidl_generator_c/nav_msgs/msg/detail/occupancy_grid__functions.c.o[0m
[4.713s] [  8%] [32mBuilding C object CMakeFiles/nav_msgs__rosidl_generator_c.dir/rosidl_generator_c/nav_msgs/msg/detail/odometry__functions.c.o[0m
[4.735s] [  9%] [32mBuilding C object CMakeFiles/nav_msgs__rosidl_generator_c.dir/rosidl_generator_c/nav_msgs/msg/detail/path__functions.c.o[0m
[4.741s] [ 10%] [32mBuilding C object CMakeFiles/nav_msgs__rosidl_generator_c.dir/rosidl_generator_c/nav_msgs/srv/detail/get_map__functions.c.o[0m
[4.827s] [ 11%] [32mBuilding C object CMakeFiles/nav_msgs__rosidl_generator_c.dir/rosidl_generator_c/nav_msgs/srv/detail/get_plan__functions.c.o[0m
[4.923s] [ 12%] [32mBuilding C object CMakeFiles/nav_msgs__rosidl_generator_c.dir/rosidl_generator_c/nav_msgs/srv/detail/set_map__functions.c.o[0m
[5.094s] [ 13%] [32mBuilding C object CMakeFiles/nav_msgs__rosidl_generator_c.dir/rosidl_generator_c/nav_msgs/srv/detail/load_map__functions.c.o[0m
[5.335s] [ 13%] [32m[1mLinking C shared library libnav_msgs__rosidl_generator_c.so[0m
[5.576s] [ 13%] Built target nav_msgs__rosidl_generator_c
[5.648s] [ 14%] [34m[1mGenerating C type support for eProsima Fast-RTPS[0m
[5.675s] [ 15%] [34m[1mGenerating C introspection for ROS interfaces[0m
[5.698s] [ 16%] [34m[1mGenerating C type support for eProsima Micro XRCE-DDS[0m
[5.731s] [ 17%] [34m[1mGenerating C type support dispatch for ROS interfaces[0m
[8.776s] [ 17%] [32mBuilding CXX object CMakeFiles/nav_msgs__rosidl_typesupport_cpp.dir/rosidl_typesupport_cpp/nav_msgs/msg/grid_cells__type_support.cpp.o[0m
[9.002s] [ 18%] [32mBuilding CXX object CMakeFiles/nav_msgs__rosidl_typesupport_introspection_cpp.dir/rosidl_typesupport_introspection_cpp/nav_msgs/msg/detail/grid_cells__type_support.cpp.o[0m
[9.072s] [ 19%] [32mBuilding CXX object CMakeFiles/nav_msgs__rosidl_typesupport_fastrtps_c.dir/rosidl_typesupport_fastrtps_c/nav_msgs/msg/detail/grid_cells__type_support_c.cpp.o[0m
[9.106s] [ 20%] [32mBuilding CXX object CMakeFiles/nav_msgs__rosidl_typesupport_c.dir/rosidl_typesupport_c/nav_msgs/msg/grid_cells__type_support.cpp.o[0m
[9.127s] [ 21%] [32mBuilding CXX object CMakeFiles/nav_msgs__rosidl_typesupport_microxrcedds_cpp.dir/rosidl_typesupport_microxrcedds_cpp/nav_msgs/msg/detail/microxrcedds/grid_cells__type_support_cpp.cpp.o[0m
[9.143s] [ 22%] [32mBuilding CXX object CMakeFiles/nav_msgs__rosidl_typesupport_fastrtps_cpp.dir/rosidl_typesupport_fastrtps_cpp/nav_msgs/msg/detail/dds_fastrtps/grid_cells__type_support.cpp.o[0m
[9.152s] [ 22%] [32mBuilding CXX object CMakeFiles/nav_msgs__rosidl_typesupport_c.dir/rosidl_typesupport_c/nav_msgs/msg/map_meta_data__type_support.cpp.o[0m
[9.198s] [ 23%] [32mBuilding CXX object CMakeFiles/nav_msgs__rosidl_typesupport_cpp.dir/rosidl_typesupport_cpp/nav_msgs/srv/load_map__type_support.cpp.o[0m
[9.201s] [ 24%] [32mBuilding CXX object CMakeFiles/nav_msgs__rosidl_typesupport_c.dir/rosidl_typesupport_c/nav_msgs/msg/occupancy_grid__type_support.cpp.o[0m
[9.252s] [ 25%] [32mBuilding CXX object CMakeFiles/nav_msgs__rosidl_typesupport_c.dir/rosidl_typesupport_c/nav_msgs/msg/odometry__type_support.cpp.o[0m
[9.306s] [ 26%] [32mBuilding CXX object CMakeFiles/nav_msgs__rosidl_typesupport_c.dir/rosidl_typesupport_c/nav_msgs/msg/path__type_support.cpp.o[0m
[9.333s] [ 27%] [32mBuilding C object CMakeFiles/nav_msgs__rosidl_typesupport_introspection_c.dir/rosidl_typesupport_introspection_c/nav_msgs/msg/detail/grid_cells__type_support.c.o[0m
[9.358s] [ 28%] [32mBuilding CXX object CMakeFiles/nav_msgs__rosidl_typesupport_c.dir/rosidl_typesupport_c/nav_msgs/srv/get_map__type_support.cpp.o[0m
[9.398s] [ 29%] [32mBuilding C object CMakeFiles/nav_msgs__rosidl_typesupport_introspection_c.dir/rosidl_typesupport_introspection_c/nav_msgs/msg/detail/map_meta_data__type_support.c.o[0m
[9.414s] [ 30%] [32mBuilding CXX object CMakeFiles/nav_msgs__rosidl_typesupport_c.dir/rosidl_typesupport_c/nav_msgs/srv/get_plan__type_support.cpp.o[0m
[9.455s] [ 31%] [32mBuilding C object CMakeFiles/nav_msgs__rosidl_typesupport_introspection_c.dir/rosidl_typesupport_introspection_c/nav_msgs/msg/detail/occupancy_grid__type_support.c.o[0m
[9.469s] [ 32%] [32mBuilding C object CMakeFiles/nav_msgs__rosidl_typesupport_microxrcedds_c.dir/rosidl_typesupport_microxrcedds_c/nav_msgs/msg/detail/microxrcedds/grid_cells__type_support_c.c.o[0m
[9.469s] [ 32%] [32mBuilding CXX object CMakeFiles/nav_msgs__rosidl_typesupport_c.dir/rosidl_typesupport_c/nav_msgs/srv/load_map__type_support.cpp.o[0m
[9.518s] [ 32%] [32mBuilding C object CMakeFiles/nav_msgs__rosidl_typesupport_introspection_c.dir/rosidl_typesupport_introspection_c/nav_msgs/msg/detail/odometry__type_support.c.o[0m
[9.527s] [ 33%] [32mBuilding CXX object CMakeFiles/nav_msgs__rosidl_typesupport_c.dir/rosidl_typesupport_c/nav_msgs/srv/set_map__type_support.cpp.o[0m
[9.536s] [ 33%] [32mBuilding CXX object CMakeFiles/nav_msgs__rosidl_typesupport_cpp.dir/rosidl_typesupport_cpp/nav_msgs/srv/get_plan__type_support.cpp.o[0m
[9.546s] [ 34%] [32mBuilding C object CMakeFiles/nav_msgs__rosidl_typesupport_microxrcedds_c.dir/rosidl_typesupport_microxrcedds_c/nav_msgs/msg/detail/microxrcedds/map_meta_data__type_support_c.c.o[0m
[9.562s] [ 35%] [32mBuilding CXX object CMakeFiles/nav_msgs__rosidl_typesupport_microxrcedds_cpp.dir/rosidl_typesupport_microxrcedds_cpp/nav_msgs/msg/detail/microxrcedds/map_meta_data__type_support_cpp.cpp.o[0m
[9.576s] [ 36%] [32mBuilding C object CMakeFiles/nav_msgs__rosidl_typesupport_introspection_c.dir/rosidl_typesupport_introspection_c/nav_msgs/msg/detail/path__type_support.c.o[0m
[9.582s] [ 37%] [32m[1mLinking CXX shared library libnav_msgs__rosidl_typesupport_c.so[0m
[9.609s] [ 38%] [32mBuilding C object CMakeFiles/nav_msgs__rosidl_typesupport_microxrcedds_c.dir/rosidl_typesupport_microxrcedds_c/nav_msgs/msg/detail/microxrcedds/occupancy_grid__type_support_c.c.o[0m
[9.635s] [ 39%] [32mBuilding C object CMakeFiles/nav_msgs__rosidl_typesupport_introspection_c.dir/rosidl_typesupport_introspection_c/nav_msgs/srv/detail/get_map__type_support.c.o[0m
[9.637s] [ 40%] [32mBuilding CXX object CMakeFiles/nav_msgs__rosidl_typesupport_fastrtps_c.dir/rosidl_typesupport_fastrtps_c/nav_msgs/msg/detail/map_meta_data__type_support_c.cpp.o[0m
[9.656s] [ 40%] Built target nav_msgs__rosidl_typesupport_c
[9.682s] [ 41%] [32mBuilding C object CMakeFiles/nav_msgs__rosidl_typesupport_microxrcedds_c.dir/rosidl_typesupport_microxrcedds_c/nav_msgs/msg/detail/microxrcedds/odometry__type_support_c.c.o[0m
[9.692s] [ 42%] [32mBuilding C object CMakeFiles/nav_msgs__rosidl_typesupport_introspection_c.dir/rosidl_typesupport_introspection_c/nav_msgs/srv/detail/get_plan__type_support.c.o[0m
[9.749s] [ 43%] [32mBuilding C object CMakeFiles/nav_msgs__rosidl_typesupport_introspection_c.dir/rosidl_typesupport_introspection_c/nav_msgs/srv/detail/load_map__type_support.c.o[0m
[9.753s] [ 43%] [32mBuilding CXX object CMakeFiles/nav_msgs__rosidl_typesupport_introspection_cpp.dir/rosidl_typesupport_introspection_cpp/nav_msgs/msg/detail/occupancy_grid__type_support.cpp.o[0m
[9.764s] [ 43%] [32mBuilding C object CMakeFiles/nav_msgs__rosidl_typesupport_microxrcedds_c.dir/rosidl_typesupport_microxrcedds_c/nav_msgs/msg/detail/microxrcedds/path__type_support_c.c.o[0m
[9.807s] [ 44%] [32mBuilding C object CMakeFiles/nav_msgs__rosidl_typesupport_introspection_c.dir/rosidl_typesupport_introspection_c/nav_msgs/srv/detail/set_map__type_support.c.o[0m
[9.838s] [ 45%] [32mBuilding C object CMakeFiles/nav_msgs__rosidl_typesupport_microxrcedds_c.dir/rosidl_typesupport_microxrcedds_c/nav_msgs/srv/detail/microxrcedds/get_map__type_support_c.c.o[0m
[9.839s] [ 46%] [32mBuilding CXX object CMakeFiles/nav_msgs__rosidl_typesupport_cpp.dir/rosidl_typesupport_cpp/nav_msgs/srv/get_map__type_support.cpp.o[0m
[9.867s] [ 46%] [32m[1mLinking C shared library libnav_msgs__rosidl_typesupport_introspection_c.so[0m
[9.915s] [ 47%] [32mBuilding C object CMakeFiles/nav_msgs__rosidl_typesupport_microxrcedds_c.dir/rosidl_typesupport_microxrcedds_c/nav_msgs/srv/detail/microxrcedds/get_plan__type_support_c.c.o[0m
[9.921s] [ 47%] Built target nav_msgs__rosidl_typesupport_introspection_c
[9.923s] [ 47%] [32mBuilding CXX object CMakeFiles/nav_msgs__rosidl_typesupport_fastrtps_cpp.dir/rosidl_typesupport_fastrtps_cpp/nav_msgs/msg/detail/dds_fastrtps/map_meta_data__type_support.cpp.o[0m
[9.990s] [ 48%] [32mBuilding C object CMakeFiles/nav_msgs__rosidl_typesupport_microxrcedds_c.dir/rosidl_typesupport_microxrcedds_c/nav_msgs/srv/detail/microxrcedds/load_map__type_support_c.c.o[0m
[10.026s] [ 49%] [32mBuilding CXX object CMakeFiles/nav_msgs__rosidl_typesupport_fastrtps_c.dir/rosidl_typesupport_fastrtps_c/nav_msgs/msg/detail/odometry__type_support_c.cpp.o[0m
[10.055s] [ 50%] [32mBuilding CXX object CMakeFiles/nav_msgs__rosidl_typesupport_microxrcedds_cpp.dir/rosidl_typesupport_microxrcedds_cpp/nav_msgs/msg/detail/microxrcedds/occupancy_grid__type_support_cpp.cpp.o[0m
[10.064s] [ 51%] [32mBuilding C object CMakeFiles/nav_msgs__rosidl_typesupport_microxrcedds_c.dir/rosidl_typesupport_microxrcedds_c/nav_msgs/srv/detail/microxrcedds/set_map__type_support_c.c.o[0m
[10.136s] [ 52%] [32mBuilding CXX object CMakeFiles/nav_msgs__rosidl_typesupport_cpp.dir/rosidl_typesupport_cpp/nav_msgs/srv/set_map__type_support.cpp.o[0m
[10.137s] [ 53%] [32m[1mLinking C shared library libnav_msgs__rosidl_typesupport_microxrcedds_c.so[0m
[10.205s] [ 53%] Built target nav_msgs__rosidl_typesupport_microxrcedds_c
[10.375s] [ 54%] [32mBuilding CXX object CMakeFiles/nav_msgs__rosidl_typesupport_fastrtps_c.dir/rosidl_typesupport_fastrtps_c/nav_msgs/msg/detail/path__type_support_c.cpp.o[0m
[10.419s] [ 55%] [32mBuilding CXX object CMakeFiles/nav_msgs__rosidl_typesupport_cpp.dir/rosidl_typesupport_cpp/nav_msgs/msg/path__type_support.cpp.o[0m
[10.448s] [ 56%] [32mBuilding CXX object CMakeFiles/nav_msgs__rosidl_typesupport_introspection_cpp.dir/rosidl_typesupport_introspection_cpp/nav_msgs/msg/detail/map_meta_data__type_support.cpp.o[0m
[10.511s] [ 56%] [32mBuilding CXX object CMakeFiles/nav_msgs__rosidl_typesupport_microxrcedds_cpp.dir/rosidl_typesupport_microxrcedds_cpp/nav_msgs/msg/detail/microxrcedds/odometry__type_support_cpp.cpp.o[0m
[10.567s] [ 56%] [32mBuilding CXX object CMakeFiles/nav_msgs__rosidl_typesupport_fastrtps_cpp.dir/rosidl_typesupport_fastrtps_cpp/nav_msgs/srv/detail/dds_fastrtps/load_map__type_support.cpp.o[0m
[10.690s] [ 57%] [32mBuilding CXX object CMakeFiles/nav_msgs__rosidl_typesupport_cpp.dir/rosidl_typesupport_cpp/nav_msgs/msg/odometry__type_support.cpp.o[0m
[10.715s] [ 57%] [32mBuilding CXX object CMakeFiles/nav_msgs__rosidl_typesupport_fastrtps_c.dir/rosidl_typesupport_fastrtps_c/nav_msgs/msg/detail/occupancy_grid__type_support_c.cpp.o[0m
[10.803s] [ 58%] [32mBuilding CXX object CMakeFiles/nav_msgs__rosidl_typesupport_microxrcedds_cpp.dir/rosidl_typesupport_microxrcedds_cpp/nav_msgs/msg/detail/microxrcedds/path__type_support_cpp.cpp.o[0m
[10.957s] [ 59%] [32mBuilding CXX object CMakeFiles/nav_msgs__rosidl_typesupport_cpp.dir/rosidl_typesupport_cpp/nav_msgs/msg/occupancy_grid__type_support.cpp.o[0m
[11.033s] [ 60%] [32mBuilding CXX object CMakeFiles/nav_msgs__rosidl_typesupport_introspection_cpp.dir/rosidl_typesupport_introspection_cpp/nav_msgs/msg/detail/path__type_support.cpp.o[0m
[11.053s] [ 61%] [32mBuilding CXX object CMakeFiles/nav_msgs__rosidl_typesupport_fastrtps_c.dir/rosidl_typesupport_fastrtps_c/nav_msgs/srv/detail/get_plan__type_support_c.cpp.o[0m
[11.145s] [ 62%] [32mBuilding CXX object CMakeFiles/nav_msgs__rosidl_typesupport_microxrcedds_cpp.dir/rosidl_typesupport_microxrcedds_cpp/nav_msgs/srv/detail/microxrcedds/get_plan__type_support_cpp.cpp.o[0m
[11.215s] [ 63%] [32mBuilding CXX object CMakeFiles/nav_msgs__rosidl_typesupport_fastrtps_cpp.dir/rosidl_typesupport_fastrtps_cpp/nav_msgs/srv/detail/dds_fastrtps/set_map__type_support.cpp.o[0m
[11.229s] [ 64%] [32mBuilding CXX object CMakeFiles/nav_msgs__rosidl_typesupport_cpp.dir/rosidl_typesupport_cpp/nav_msgs/msg/map_meta_data__type_support.cpp.o[0m
[11.457s] [ 65%] [32mBuilding CXX object CMakeFiles/nav_msgs__rosidl_typesupport_introspection_cpp.dir/rosidl_typesupport_introspection_cpp/nav_msgs/srv/detail/get_map__type_support.cpp.o[0m
[11.461s] [ 66%] [32mBuilding CXX object CMakeFiles/nav_msgs__rosidl_typesupport_microxrcedds_cpp.dir/rosidl_typesupport_microxrcedds_cpp/nav_msgs/srv/detail/microxrcedds/load_map__type_support_cpp.cpp.o[0m
[11.516s] [ 67%] [32m[1mLinking CXX shared library libnav_msgs__rosidl_typesupport_cpp.so[0m
[11.564s] [ 67%] Built target nav_msgs__rosidl_typesupport_cpp
[11.582s] [ 67%] [32mBuilding CXX object CMakeFiles/nav_msgs__rosidl_typesupport_fastrtps_c.dir/rosidl_typesupport_fastrtps_c/nav_msgs/srv/detail/set_map__type_support_c.cpp.o[0m
[11.823s] [ 68%] [32mBuilding CXX object CMakeFiles/nav_msgs__rosidl_typesupport_microxrcedds_cpp.dir/rosidl_typesupport_microxrcedds_cpp/nav_msgs/srv/detail/microxrcedds/set_map__type_support_cpp.cpp.o[0m
[11.876s] [ 69%] [32mBuilding CXX object CMakeFiles/nav_msgs__rosidl_typesupport_fastrtps_cpp.dir/rosidl_typesupport_fastrtps_cpp/nav_msgs/srv/detail/dds_fastrtps/get_plan__type_support.cpp.o[0m
[11.938s] [ 70%] [32mBuilding CXX object CMakeFiles/nav_msgs__rosidl_typesupport_fastrtps_c.dir/rosidl_typesupport_fastrtps_c/nav_msgs/srv/detail/load_map__type_support_c.cpp.o[0m
[12.100s] [ 70%] [32mBuilding CXX object CMakeFiles/nav_msgs__rosidl_typesupport_introspection_cpp.dir/rosidl_typesupport_introspection_cpp/nav_msgs/srv/detail/set_map__type_support.cpp.o[0m
[12.126s] [ 71%] [32mBuilding CXX object CMakeFiles/nav_msgs__rosidl_typesupport_microxrcedds_cpp.dir/rosidl_typesupport_microxrcedds_cpp/nav_msgs/srv/detail/microxrcedds/get_map__type_support_cpp.cpp.o[0m
[12.288s] [ 72%] [32mBuilding CXX object CMakeFiles/nav_msgs__rosidl_typesupport_fastrtps_c.dir/rosidl_typesupport_fastrtps_c/nav_msgs/srv/detail/get_map__type_support_c.cpp.o[0m
[12.428s] [ 73%] [32m[1mLinking CXX shared library libnav_msgs__rosidl_typesupport_microxrcedds_cpp.so[0m
[12.493s] [ 74%] [32mBuilding CXX object CMakeFiles/nav_msgs__rosidl_typesupport_introspection_cpp.dir/rosidl_typesupport_introspection_cpp/nav_msgs/srv/detail/load_map__type_support.cpp.o[0m
[12.502s] [ 75%] [32mBuilding CXX object CMakeFiles/nav_msgs__rosidl_typesupport_fastrtps_cpp.dir/rosidl_typesupport_fastrtps_cpp/nav_msgs/srv/detail/dds_fastrtps/get_map__type_support.cpp.o[0m
[12.545s] [ 75%] Built target nav_msgs__rosidl_typesupport_microxrcedds_cpp
[12.604s] [ 76%] [32m[1mLinking CXX shared library libnav_msgs__rosidl_typesupport_fastrtps_c.so[0m
[12.676s] [ 76%] Built target nav_msgs__rosidl_typesupport_fastrtps_c
[12.827s] [ 77%] [32mBuilding CXX object CMakeFiles/nav_msgs__rosidl_typesupport_introspection_cpp.dir/rosidl_typesupport_introspection_cpp/nav_msgs/srv/detail/get_plan__type_support.cpp.o[0m
[12.854s] [ 78%] [32mBuilding CXX object CMakeFiles/nav_msgs__rosidl_typesupport_fastrtps_cpp.dir/rosidl_typesupport_fastrtps_cpp/nav_msgs/msg/detail/dds_fastrtps/path__type_support.cpp.o[0m
[13.124s] [ 79%] [32mBuilding CXX object CMakeFiles/nav_msgs__rosidl_typesupport_introspection_cpp.dir/rosidl_typesupport_introspection_cpp/nav_msgs/msg/detail/odometry__type_support.cpp.o[0m
[13.191s] [ 81%] [32mBuilding CXX object CMakeFiles/nav_msgs__rosidl_typesupport_fastrtps_cpp.dir/rosidl_typesupport_fastrtps_cpp/nav_msgs/msg/detail/dds_fastrtps/occupancy_grid__type_support.cpp.o[0m
[13.191s] [ 81%] [32mBuilding CXX object CMakeFiles/nav_msgs__rosidl_typesupport_fastrtps_cpp.dir/rosidl_typesupport_fastrtps_cpp/nav_msgs/msg/detail/dds_fastrtps/odometry__type_support.cpp.o[0m
[13.440s] [ 82%] [32m[1mLinking CXX shared library libnav_msgs__rosidl_typesupport_introspection_cpp.so[0m
[13.525s] [ 82%] Built target nav_msgs__rosidl_typesupport_introspection_cpp
[13.574s] [ 83%] [32m[1mLinking CXX shared library libnav_msgs__rosidl_typesupport_fastrtps_cpp.so[0m
[13.641s] [ 83%] Built target nav_msgs__rosidl_typesupport_fastrtps_cpp
[13.657s] [ 83%] Built target nav_msgs
[13.673s] [ 84%] [34m[1mGenerating Python code for ROS interfaces[0m
[15.271s] [ 84%] Built target nav_msgs__py
[15.289s] [ 85%] [32mBuilding C object CMakeFiles/nav_msgs__rosidl_generator_py.dir/rosidl_generator_py/nav_msgs/msg/_grid_cells_s.c.o[0m
[15.289s] [ 86%] [32mBuilding C object CMakeFiles/nav_msgs__rosidl_generator_py.dir/rosidl_generator_py/nav_msgs/msg/_map_meta_data_s.c.o[0m
[15.291s] [ 87%] [32mBuilding C object CMakeFiles/nav_msgs__rosidl_generator_py.dir/rosidl_generator_py/nav_msgs/msg/_occupancy_grid_s.c.o[0m
[15.371s] [ 88%] [32mBuilding C object CMakeFiles/nav_msgs__rosidl_generator_py.dir/rosidl_generator_py/nav_msgs/srv/_set_map_s.c.o[0m
[15.378s] [ 89%] [32mBuilding C object CMakeFiles/nav_msgs__rosidl_generator_py.dir/rosidl_generator_py/nav_msgs/srv/_load_map_s.c.o[0m
[15.412s] [ 90%] [32mBuilding C object CMakeFiles/nav_msgs__rosidl_generator_py.dir/rosidl_generator_py/nav_msgs/srv/_get_plan_s.c.o[0m
[15.457s] [ 90%] [32mBuilding C object CMakeFiles/nav_msgs__rosidl_generator_py.dir/rosidl_generator_py/nav_msgs/srv/_get_map_s.c.o[0m
[15.478s] [ 91%] [32mBuilding C object CMakeFiles/nav_msgs__rosidl_generator_py.dir/rosidl_generator_py/nav_msgs/msg/_path_s.c.o[0m
[15.539s] [ 92%] [32mBuilding C object CMakeFiles/nav_msgs__rosidl_generator_py.dir/rosidl_generator_py/nav_msgs/msg/_odometry_s.c.o[0m
[15.618s] [ 93%] [32m[1mLinking C shared library rosidl_generator_py/nav_msgs/libnav_msgs__rosidl_generator_py.so[0m
[15.655s] [ 93%] Built target nav_msgs__rosidl_generator_py
[15.671s] [ 94%] [32mBuilding C object CMakeFiles/nav_msgs__rosidl_typesupport_fastrtps_c__pyext.dir/rosidl_generator_py/nav_msgs/_nav_msgs_s.ep.rosidl_typesupport_fastrtps_c.c.o[0m
[15.671s] [ 94%] [32mBuilding C object CMakeFiles/nav_msgs__rosidl_typesupport_microxrcedds_c__pyext.dir/rosidl_generator_py/nav_msgs/_nav_msgs_s.ep.rosidl_typesupport_microxrcedds_c.c.o[0m
[15.677s] [ 95%] [32mBuilding C object CMakeFiles/nav_msgs__rosidl_typesupport_introspection_c__pyext.dir/rosidl_generator_py/nav_msgs/_nav_msgs_s.ep.rosidl_typesupport_introspection_c.c.o[0m
[15.780s] [ 96%] [32m[1mLinking C shared library rosidl_generator_py/nav_msgs/nav_msgs_s__rosidl_typesupport_fastrtps_c.cpython-310-x86_64-linux-gnu.so[0m
[15.783s] [ 97%] [32m[1mLinking C shared library rosidl_generator_py/nav_msgs/nav_msgs_s__rosidl_typesupport_microxrcedds_c.cpython-310-x86_64-linux-gnu.so[0m
[15.814s] [ 97%] Built target nav_msgs__rosidl_typesupport_fastrtps_c__pyext
[15.818s] [ 97%] Built target nav_msgs__rosidl_typesupport_microxrcedds_c__pyext
[15.830s] [ 98%] [32mBuilding C object CMakeFiles/nav_msgs__rosidl_typesupport_c__pyext.dir/rosidl_generator_py/nav_msgs/_nav_msgs_s.ep.rosidl_typesupport_c.c.o[0m
[15.832s] [ 99%] [32m[1mLinking C shared library rosidl_generator_py/nav_msgs/nav_msgs_s__rosidl_typesupport_introspection_c.cpython-310-x86_64-linux-gnu.so[0m
[15.865s] [ 99%] Built target nav_msgs__rosidl_typesupport_introspection_c__pyext
[15.939s] [100%] [32m[1mLinking C shared library rosidl_generator_py/nav_msgs/nav_msgs_s__rosidl_typesupport_c.cpython-310-x86_64-linux-gnu.so[0m
[15.972s] [100%] Built target nav_msgs__rosidl_typesupport_c__pyext
[15.982s] Invoked command in '/home/abhay/microros_ws/build/nav_msgs' returned '0': AMENT_PREFIX_PATH=/home/abhay/microros_ws/install/geometry_msgs:/home/abhay/microros_ws/install/std_msgs:/home/abhay/microros_ws/install/builtin_interfaces:${AMENT_PREFIX_PATH} CMAKE_PREFIX_PATH=/home/abhay/microros_ws/install/geometry_msgs:/home/abhay/microros_ws/install/std_msgs:/home/abhay/microros_ws/install/builtin_interfaces:/home/abhay/microros_ws/install/rosidl_typesupport_microxrcedds_cpp:/home/abhay/microros_ws/install/rosidl_typesupport_microxrcedds_c:/home/abhay/microros_ws/install/microcdr:/home/abhay/microros_ws/install/micro_ros_setup:/home/abhay/ros2_ws/install/py_srvcli:/home/abhay/ros2_ws/install/my_robot_controller:/opt/ros/humble LD_LIBRARY_PATH=/home/abhay/microros_ws/install/geometry_msgs/lib:/home/abhay/microros_ws/install/std_msgs/lib:/home/abhay/microros_ws/install/builtin_interfaces/lib:${LD_LIBRARY_PATH} PYTHONPATH=/home/abhay/microros_ws/install/geometry_msgs/local/lib/python3.10/dist-packages:/home/abhay/microros_ws/install/std_msgs/local/lib/python3.10/dist-packages:/home/abhay/microros_ws/install/builtin_interfaces/local/lib/python3.10/dist-packages:${PYTHONPATH} /usr/bin/cmake --build /home/abhay/microros_ws/build/nav_msgs -- -j16 -l16
[16.190s] Invoking command in '/home/abhay/microros_ws/build/nav_msgs': AMENT_PREFIX_PATH=/home/abhay/microros_ws/install/geometry_msgs:/home/abhay/microros_ws/install/std_msgs:/home/abhay/microros_ws/install/builtin_interfaces:${AMENT_PREFIX_PATH} CMAKE_PREFIX_PATH=/home/abhay/microros_ws/install/geometry_msgs:/home/abhay/microros_ws/install/std_msgs:/home/abhay/microros_ws/install/builtin_interfaces:/home/abhay/microros_ws/install/rosidl_typesupport_microxrcedds_cpp:/home/abhay/microros_ws/install/rosidl_typesupport_microxrcedds_c:/home/abhay/microros_ws/install/microcdr:/home/abhay/microros_ws/install/micro_ros_setup:/home/abhay/ros2_ws/install/py_srvcli:/home/abhay/ros2_ws/install/my_robot_controller:/opt/ros/humble LD_LIBRARY_PATH=/home/abhay/microros_ws/install/geometry_msgs/lib:/home/abhay/microros_ws/install/std_msgs/lib:/home/abhay/microros_ws/install/builtin_interfaces/lib:${LD_LIBRARY_PATH} PYTHONPATH=/home/abhay/microros_ws/install/geometry_msgs/local/lib/python3.10/dist-packages:/home/abhay/microros_ws/install/std_msgs/local/lib/python3.10/dist-packages:/home/abhay/microros_ws/install/builtin_interfaces/local/lib/python3.10/dist-packages:${PYTHONPATH} /usr/bin/cmake --install /home/abhay/microros_ws/build/nav_msgs
[16.198s] -- Install configuration: ""
[16.198s] -- Installing: /home/abhay/microros_ws/install/nav_msgs/share/ament_index/resource_index/rosidl_interfaces/nav_msgs
[16.198s] -- Installing: /home/abhay/microros_ws/install/nav_msgs/include/nav_msgs/nav_msgs
[16.198s] -- Installing: /home/abhay/microros_ws/install/nav_msgs/include/nav_msgs/nav_msgs/msg
[16.198s] -- Installing: /home/abhay/microros_ws/install/nav_msgs/include/nav_msgs/nav_msgs/msg/occupancy_grid.h
[16.198s] -- Installing: /home/abhay/microros_ws/install/nav_msgs/include/nav_msgs/nav_msgs/msg/rosidl_generator_c__visibility_control.h
[16.198s] -- Installing: /home/abhay/microros_ws/install/nav_msgs/include/nav_msgs/nav_msgs/msg/detail
[16.198s] -- Installing: /home/abhay/microros_ws/install/nav_msgs/include/nav_msgs/nav_msgs/msg/detail/path__type_support.h
[16.199s] -- Installing: /home/abhay/microros_ws/install/nav_msgs/include/nav_msgs/nav_msgs/msg/detail/occupancy_grid__type_support.h
[16.199s] -- Installing: /home/abhay/microros_ws/install/nav_msgs/include/nav_msgs/nav_msgs/msg/detail/map_meta_data__struct.h
[16.199s] -- Installing: /home/abhay/microros_ws/install/nav_msgs/include/nav_msgs/nav_msgs/msg/detail/grid_cells__functions.c
[16.199s] -- Installing: /home/abhay/microros_ws/install/nav_msgs/include/nav_msgs/nav_msgs/msg/detail/map_meta_data__functions.c
[16.199s] -- Installing: /home/abhay/microros_ws/install/nav_msgs/include/nav_msgs/nav_msgs/msg/detail/occupancy_grid__functions.h
[16.199s] -- Installing: /home/abhay/microros_ws/install/nav_msgs/include/nav_msgs/nav_msgs/msg/detail/grid_cells__functions.h
[16.199s] -- Installing: /home/abhay/microros_ws/install/nav_msgs/include/nav_msgs/nav_msgs/msg/detail/odometry__functions.c
[16.199s] -- Installing: /home/abhay/microros_ws/install/nav_msgs/include/nav_msgs/nav_msgs/msg/detail/path__functions.c
[16.199s] -- Installing: /home/abhay/microros_ws/install/nav_msgs/include/nav_msgs/nav_msgs/msg/detail/map_meta_data__type_support.h
[16.199s] -- Installing: /home/abhay/microros_ws/install/nav_msgs/include/nav_msgs/nav_msgs/msg/detail/map_meta_data__functions.h
[16.200s] -- Installing: /home/abhay/microros_ws/install/nav_msgs/include/nav_msgs/nav_msgs/msg/detail/path__functions.h
[16.200s] -- Installing: /home/abhay/microros_ws/install/nav_msgs/include/nav_msgs/nav_msgs/msg/detail/grid_cells__struct.h
[16.200s] -- Installing: /home/abhay/microros_ws/install/nav_msgs/include/nav_msgs/nav_msgs/msg/detail/odometry__type_support.h
[16.200s] -- Installing: /home/abhay/microros_ws/install/nav_msgs/include/nav_msgs/nav_msgs/msg/detail/grid_cells__type_support.h
[16.200s] -- Installing: /home/abhay/microros_ws/install/nav_msgs/include/nav_msgs/nav_msgs/msg/detail/occupancy_grid__functions.c
[16.200s] -- Installing: /home/abhay/microros_ws/install/nav_msgs/include/nav_msgs/nav_msgs/msg/detail/odometry__functions.h
[16.200s] -- Installing: /home/abhay/microros_ws/install/nav_msgs/include/nav_msgs/nav_msgs/msg/detail/path__struct.h
[16.200s] -- Installing: /home/abhay/microros_ws/install/nav_msgs/include/nav_msgs/nav_msgs/msg/detail/odometry__struct.h
[16.200s] -- Installing: /home/abhay/microros_ws/install/nav_msgs/include/nav_msgs/nav_msgs/msg/detail/occupancy_grid__struct.h
[16.200s] -- Installing: /home/abhay/microros_ws/install/nav_msgs/include/nav_msgs/nav_msgs/msg/map_meta_data.h
[16.200s] -- Installing: /home/abhay/microros_ws/install/nav_msgs/include/nav_msgs/nav_msgs/msg/grid_cells.h
[16.201s] -- Installing: /home/abhay/microros_ws/install/nav_msgs/include/nav_msgs/nav_msgs/msg/odometry.h
[16.201s] -- Installing: /home/abhay/microros_ws/install/nav_msgs/include/nav_msgs/nav_msgs/msg/path.h
[16.201s] -- Installing: /home/abhay/microros_ws/install/nav_msgs/include/nav_msgs/nav_msgs/srv
[16.201s] -- Installing: /home/abhay/microros_ws/install/nav_msgs/include/nav_msgs/nav_msgs/srv/detail
[16.201s] -- Installing: /home/abhay/microros_ws/install/nav_msgs/include/nav_msgs/nav_msgs/srv/detail/get_plan__functions.c
[16.201s] -- Installing: /home/abhay/microros_ws/install/nav_msgs/include/nav_msgs/nav_msgs/srv/detail/set_map__struct.h
[16.201s] -- Installing: /home/abhay/microros_ws/install/nav_msgs/include/nav_msgs/nav_msgs/srv/detail/get_plan__functions.h
[16.201s] -- Installing: /home/abhay/microros_ws/install/nav_msgs/include/nav_msgs/nav_msgs/srv/detail/load_map__functions.c
[16.201s] -- Installing: /home/abhay/microros_ws/install/nav_msgs/include/nav_msgs/nav_msgs/srv/detail/get_map__functions.c
[16.201s] -- Installing: /home/abhay/microros_ws/install/nav_msgs/include/nav_msgs/nav_msgs/srv/detail/get_plan__type_support.h
[16.201s] -- Installing: /home/abhay/microros_ws/install/nav_msgs/include/nav_msgs/nav_msgs/srv/detail/get_plan__struct.h
[16.202s] -- Installing: /home/abhay/microros_ws/install/nav_msgs/include/nav_msgs/nav_msgs/srv/detail/load_map__functions.h
[16.202s] -- Installing: /home/abhay/microros_ws/install/nav_msgs/include/nav_msgs/nav_msgs/srv/detail/get_map__struct.h
[16.202s] -- Installing: /home/abhay/microros_ws/install/nav_msgs/include/nav_msgs/nav_msgs/srv/detail/set_map__functions.h
[16.202s] -- Installing: /home/abhay/microros_ws/install/nav_msgs/include/nav_msgs/nav_msgs/srv/detail/get_map__functions.h
[16.202s] -- Installing: /home/abhay/microros_ws/install/nav_msgs/include/nav_msgs/nav_msgs/srv/detail/load_map__struct.h
[16.202s] -- Installing: /home/abhay/microros_ws/install/nav_msgs/include/nav_msgs/nav_msgs/srv/detail/load_map__type_support.h
[16.202s] -- Installing: /home/abhay/microros_ws/install/nav_msgs/include/nav_msgs/nav_msgs/srv/detail/get_map__type_support.h
[16.202s] -- Installing: /home/abhay/microros_ws/install/nav_msgs/include/nav_msgs/nav_msgs/srv/detail/set_map__type_support.h
[16.202s] -- Installing: /home/abhay/microros_ws/install/nav_msgs/include/nav_msgs/nav_msgs/srv/detail/set_map__functions.c
[16.202s] -- Installing: /home/abhay/microros_ws/install/nav_msgs/include/nav_msgs/nav_msgs/srv/get_plan.h
[16.203s] -- Installing: /home/abhay/microros_ws/install/nav_msgs/include/nav_msgs/nav_msgs/srv/set_map.h
[16.203s] -- Installing: /home/abhay/microros_ws/install/nav_msgs/include/nav_msgs/nav_msgs/srv/load_map.h
[16.203s] -- Installing: /home/abhay/microros_ws/install/nav_msgs/include/nav_msgs/nav_msgs/srv/get_map.h
[16.203s] -- Installing: /home/abhay/microros_ws/install/nav_msgs/share/nav_msgs/environment/library_path.sh
[16.203s] -- Installing: /home/abhay/microros_ws/install/nav_msgs/share/nav_msgs/environment/library_path.dsv
[16.203s] -- Installing: /home/abhay/microros_ws/install/nav_msgs/lib/libnav_msgs__rosidl_generator_c.so
[16.203s] -- Set runtime path of "/home/abhay/microros_ws/install/nav_msgs/lib/libnav_msgs__rosidl_generator_c.so" to ""
[16.203s] -- Up-to-date: /home/abhay/microros_ws/install/nav_msgs/include/nav_msgs/nav_msgs
[16.203s] -- Up-to-date: /home/abhay/microros_ws/install/nav_msgs/include/nav_msgs/nav_msgs/msg
[16.203s] -- Up-to-date: /home/abhay/microros_ws/install/nav_msgs/include/nav_msgs/nav_msgs/msg/detail
[16.203s] -- Installing: /home/abhay/microros_ws/install/nav_msgs/include/nav_msgs/nav_msgs/msg/detail/occupancy_grid__rosidl_typesupport_fastrtps_c.h
[16.204s] -- Installing: /home/abhay/microros_ws/install/nav_msgs/include/nav_msgs/nav_msgs/msg/detail/odometry__rosidl_typesupport_fastrtps_c.h
[16.204s] -- Installing: /home/abhay/microros_ws/install/nav_msgs/include/nav_msgs/nav_msgs/msg/detail/map_meta_data__rosidl_typesupport_fastrtps_c.h
[16.204s] -- Installing: /home/abhay/microros_ws/install/nav_msgs/include/nav_msgs/nav_msgs/msg/detail/grid_cells__rosidl_typesupport_fastrtps_c.h
[16.204s] -- Installing: /home/abhay/microros_ws/install/nav_msgs/include/nav_msgs/nav_msgs/msg/detail/path__rosidl_typesupport_fastrtps_c.h
[16.204s] -- Installing: /home/abhay/microros_ws/install/nav_msgs/include/nav_msgs/nav_msgs/msg/rosidl_typesupport_fastrtps_c__visibility_control.h
[16.204s] -- Up-to-date: /home/abhay/microros_ws/install/nav_msgs/include/nav_msgs/nav_msgs/srv
[16.204s] -- Up-to-date: /home/abhay/microros_ws/install/nav_msgs/include/nav_msgs/nav_msgs/srv/detail
[16.204s] -- Installing: /home/abhay/microros_ws/install/nav_msgs/include/nav_msgs/nav_msgs/srv/detail/set_map__rosidl_typesupport_fastrtps_c.h
[16.204s] -- Installing: /home/abhay/microros_ws/install/nav_msgs/include/nav_msgs/nav_msgs/srv/detail/get_map__rosidl_typesupport_fastrtps_c.h
[16.204s] -- Installing: /home/abhay/microros_ws/install/nav_msgs/include/nav_msgs/nav_msgs/srv/detail/get_plan__rosidl_typesupport_fastrtps_c.h
[16.205s] -- Installing: /home/abhay/microros_ws/install/nav_msgs/include/nav_msgs/nav_msgs/srv/detail/load_map__rosidl_typesupport_fastrtps_c.h
[16.205s] -- Installing: /home/abhay/microros_ws/install/nav_msgs/lib/libnav_msgs__rosidl_typesupport_fastrtps_c.so
[16.205s] -- Set runtime path of "/home/abhay/microros_ws/install/nav_msgs/lib/libnav_msgs__rosidl_typesupport_fastrtps_c.so" to ""
[16.205s] -- Up-to-date: /home/abhay/microros_ws/install/nav_msgs/include/nav_msgs/nav_msgs
[16.205s] -- Up-to-date: /home/abhay/microros_ws/install/nav_msgs/include/nav_msgs/nav_msgs/msg
[16.205s] -- Up-to-date: /home/abhay/microros_ws/install/nav_msgs/include/nav_msgs/nav_msgs/msg/detail
[16.205s] -- Installing: /home/abhay/microros_ws/install/nav_msgs/include/nav_msgs/nav_msgs/msg/detail/occupancy_grid__struct.hpp
[16.205s] -- Installing: /home/abhay/microros_ws/install/nav_msgs/include/nav_msgs/nav_msgs/msg/detail/odometry__builder.hpp
[16.205s] -- Installing: /home/abhay/microros_ws/install/nav_msgs/include/nav_msgs/nav_msgs/msg/detail/map_meta_data__traits.hpp
[16.205s] -- Installing: /home/abhay/microros_ws/install/nav_msgs/include/nav_msgs/nav_msgs/msg/detail/grid_cells__struct.hpp
[16.205s] -- Installing: /home/abhay/microros_ws/install/nav_msgs/include/nav_msgs/nav_msgs/msg/detail/map_meta_data__builder.hpp
[16.206s] -- Installing: /home/abhay/microros_ws/install/nav_msgs/include/nav_msgs/nav_msgs/msg/detail/path__builder.hpp
[16.206s] -- Installing: /home/abhay/microros_ws/install/nav_msgs/include/nav_msgs/nav_msgs/msg/detail/odometry__traits.hpp
[16.206s] -- Installing: /home/abhay/microros_ws/install/nav_msgs/include/nav_msgs/nav_msgs/msg/detail/path__traits.hpp
[16.206s] -- Installing: /home/abhay/microros_ws/install/nav_msgs/include/nav_msgs/nav_msgs/msg/detail/occupancy_grid__builder.hpp
[16.206s] -- Installing: /home/abhay/microros_ws/install/nav_msgs/include/nav_msgs/nav_msgs/msg/detail/occupancy_grid__traits.hpp
[16.206s] -- Installing: /home/abhay/microros_ws/install/nav_msgs/include/nav_msgs/nav_msgs/msg/detail/odometry__struct.hpp
[16.206s] -- Installing: /home/abhay/microros_ws/install/nav_msgs/include/nav_msgs/nav_msgs/msg/detail/path__struct.hpp
[16.206s] -- Installing: /home/abhay/microros_ws/install/nav_msgs/include/nav_msgs/nav_msgs/msg/detail/map_meta_data__struct.hpp
[16.206s] -- Installing: /home/abhay/microros_ws/install/nav_msgs/include/nav_msgs/nav_msgs/msg/detail/grid_cells__traits.hpp
[16.206s] -- Installing: /home/abhay/microros_ws/install/nav_msgs/include/nav_msgs/nav_msgs/msg/detail/grid_cells__builder.hpp
[16.206s] -- Installing: /home/abhay/microros_ws/install/nav_msgs/include/nav_msgs/nav_msgs/msg/map_meta_data.hpp
[16.207s] -- Installing: /home/abhay/microros_ws/install/nav_msgs/include/nav_msgs/nav_msgs/msg/odometry.hpp
[16.207s] -- Installing: /home/abhay/microros_ws/install/nav_msgs/include/nav_msgs/nav_msgs/msg/path.hpp
[16.207s] -- Installing: /home/abhay/microros_ws/install/nav_msgs/include/nav_msgs/nav_msgs/msg/grid_cells.hpp
[16.207s] -- Installing: /home/abhay/microros_ws/install/nav_msgs/include/nav_msgs/nav_msgs/msg/occupancy_grid.hpp
[16.207s] -- Up-to-date: /home/abhay/microros_ws/install/nav_msgs/include/nav_msgs/nav_msgs/srv
[16.207s] -- Up-to-date: /home/abhay/microros_ws/install/nav_msgs/include/nav_msgs/nav_msgs/srv/detail
[16.207s] -- Installing: /home/abhay/microros_ws/install/nav_msgs/include/nav_msgs/nav_msgs/srv/detail/set_map__builder.hpp
[16.207s] -- Installing: /home/abhay/microros_ws/install/nav_msgs/include/nav_msgs/nav_msgs/srv/detail/set_map__traits.hpp
[16.207s] -- Installing: /home/abhay/microros_ws/install/nav_msgs/include/nav_msgs/nav_msgs/srv/detail/get_map__traits.hpp
[16.207s] -- Installing: /home/abhay/microros_ws/install/nav_msgs/include/nav_msgs/nav_msgs/srv/detail/get_plan__traits.hpp
[16.207s] -- Installing: /home/abhay/microros_ws/install/nav_msgs/include/nav_msgs/nav_msgs/srv/detail/get_map__struct.hpp
[16.208s] -- Installing: /home/abhay/microros_ws/install/nav_msgs/include/nav_msgs/nav_msgs/srv/detail/set_map__struct.hpp
[16.208s] -- Installing: /home/abhay/microros_ws/install/nav_msgs/include/nav_msgs/nav_msgs/srv/detail/load_map__struct.hpp
[16.208s] -- Installing: /home/abhay/microros_ws/install/nav_msgs/include/nav_msgs/nav_msgs/srv/detail/load_map__traits.hpp
[16.208s] -- Installing: /home/abhay/microros_ws/install/nav_msgs/include/nav_msgs/nav_msgs/srv/detail/get_map__builder.hpp
[16.208s] -- Installing: /home/abhay/microros_ws/install/nav_msgs/include/nav_msgs/nav_msgs/srv/detail/load_map__builder.hpp
[16.208s] -- Installing: /home/abhay/microros_ws/install/nav_msgs/include/nav_msgs/nav_msgs/srv/detail/get_plan__builder.hpp
[16.208s] -- Installing: /home/abhay/microros_ws/install/nav_msgs/include/nav_msgs/nav_msgs/srv/detail/get_plan__struct.hpp
[16.208s] -- Installing: /home/abhay/microros_ws/install/nav_msgs/include/nav_msgs/nav_msgs/srv/load_map.hpp
[16.208s] -- Installing: /home/abhay/microros_ws/install/nav_msgs/include/nav_msgs/nav_msgs/srv/set_map.hpp
[16.208s] -- Installing: /home/abhay/microros_ws/install/nav_msgs/include/nav_msgs/nav_msgs/srv/get_plan.hpp
[16.208s] -- Installing: /home/abhay/microros_ws/install/nav_msgs/include/nav_msgs/nav_msgs/srv/get_map.hpp
[16.208s] -- Up-to-date: /home/abhay/microros_ws/install/nav_msgs/include/nav_msgs/nav_msgs
[16.209s] -- Up-to-date: /home/abhay/microros_ws/install/nav_msgs/include/nav_msgs/nav_msgs/msg
[16.209s] -- Up-to-date: /home/abhay/microros_ws/install/nav_msgs/include/nav_msgs/nav_msgs/msg/detail
[16.209s] -- Installing: /home/abhay/microros_ws/install/nav_msgs/include/nav_msgs/nav_msgs/msg/detail/path__rosidl_typesupport_fastrtps_cpp.hpp
[16.209s] -- Installing: /home/abhay/microros_ws/install/nav_msgs/include/nav_msgs/nav_msgs/msg/detail/map_meta_data__rosidl_typesupport_fastrtps_cpp.hpp
[16.209s] -- Installing: /home/abhay/microros_ws/install/nav_msgs/include/nav_msgs/nav_msgs/msg/detail/odometry__rosidl_typesupport_fastrtps_cpp.hpp
[16.209s] -- Installing: /home/abhay/microros_ws/install/nav_msgs/include/nav_msgs/nav_msgs/msg/detail/dds_fastrtps
[16.209s] -- Installing: /home/abhay/microros_ws/install/nav_msgs/include/nav_msgs/nav_msgs/msg/detail/occupancy_grid__rosidl_typesupport_fastrtps_cpp.hpp
[16.209s] -- Installing: /home/abhay/microros_ws/install/nav_msgs/include/nav_msgs/nav_msgs/msg/detail/grid_cells__rosidl_typesupport_fastrtps_cpp.hpp
[16.209s] -- Installing: /home/abhay/microros_ws/install/nav_msgs/include/nav_msgs/nav_msgs/msg/rosidl_typesupport_fastrtps_cpp__visibility_control.h
[16.209s] -- Up-to-date: /home/abhay/microros_ws/install/nav_msgs/include/nav_msgs/nav_msgs/srv
[16.210s] -- Up-to-date: /home/abhay/microros_ws/install/nav_msgs/include/nav_msgs/nav_msgs/srv/detail
[16.210s] -- Installing: /home/abhay/microros_ws/install/nav_msgs/include/nav_msgs/nav_msgs/srv/detail/set_map__rosidl_typesupport_fastrtps_cpp.hpp
[16.210s] -- Installing: /home/abhay/microros_ws/install/nav_msgs/include/nav_msgs/nav_msgs/srv/detail/load_map__rosidl_typesupport_fastrtps_cpp.hpp
[16.210s] -- Installing: /home/abhay/microros_ws/install/nav_msgs/include/nav_msgs/nav_msgs/srv/detail/get_map__rosidl_typesupport_fastrtps_cpp.hpp
[16.210s] -- Installing: /home/abhay/microros_ws/install/nav_msgs/include/nav_msgs/nav_msgs/srv/detail/get_plan__rosidl_typesupport_fastrtps_cpp.hpp
[16.210s] -- Installing: /home/abhay/microros_ws/install/nav_msgs/include/nav_msgs/nav_msgs/srv/detail/dds_fastrtps
[16.210s] -- Installing: /home/abhay/microros_ws/install/nav_msgs/lib/libnav_msgs__rosidl_typesupport_fastrtps_cpp.so
[16.210s] -- Set runtime path of "/home/abhay/microros_ws/install/nav_msgs/lib/libnav_msgs__rosidl_typesupport_fastrtps_cpp.so" to ""
[16.210s] -- Up-to-date: /home/abhay/microros_ws/install/nav_msgs/include/nav_msgs
[16.210s] -- Installing: /home/abhay/microros_ws/install/nav_msgs/include/nav_msgs/msg
[16.211s] -- Installing: /home/abhay/microros_ws/install/nav_msgs/include/nav_msgs/msg/detail
[16.211s] -- Installing: /home/abhay/microros_ws/install/nav_msgs/include/nav_msgs/msg/detail/map_meta_data__rosidl_typesupport_microxrcedds_c.h
[16.211s] -- Installing: /home/abhay/microros_ws/install/nav_msgs/include/nav_msgs/msg/detail/microxrcedds
[16.211s] -- Installing: /home/abhay/microros_ws/install/nav_msgs/include/nav_msgs/msg/detail/grid_cells__rosidl_typesupport_microxrcedds_c.h
[16.211s] -- Installing: /home/abhay/microros_ws/install/nav_msgs/include/nav_msgs/msg/detail/odometry__rosidl_typesupport_microxrcedds_c.h
[16.211s] -- Installing: /home/abhay/microros_ws/install/nav_msgs/include/nav_msgs/msg/detail/occupancy_grid__rosidl_typesupport_microxrcedds_c.h
[16.211s] -- Installing: /home/abhay/microros_ws/install/nav_msgs/include/nav_msgs/msg/detail/path__rosidl_typesupport_microxrcedds_c.h
[16.211s] -- Installing: /home/abhay/microros_ws/install/nav_msgs/include/nav_msgs/msg/rosidl_typesupport_microxrcedds_c__visibility_control.h
[16.211s] -- Installing: /home/abhay/microros_ws/install/nav_msgs/include/nav_msgs/srv
[16.211s] -- Installing: /home/abhay/microros_ws/install/nav_msgs/include/nav_msgs/srv/detail
[16.212s] -- Installing: /home/abhay/microros_ws/install/nav_msgs/include/nav_msgs/srv/detail/set_map__rosidl_typesupport_microxrcedds_c.h
[16.212s] -- Installing: /home/abhay/microros_ws/install/nav_msgs/include/nav_msgs/srv/detail/microxrcedds
[16.212s] -- Installing: /home/abhay/microros_ws/install/nav_msgs/include/nav_msgs/srv/detail/get_map__rosidl_typesupport_microxrcedds_c.h
[16.212s] -- Installing: /home/abhay/microros_ws/install/nav_msgs/include/nav_msgs/srv/detail/load_map__rosidl_typesupport_microxrcedds_c.h
[16.212s] -- Installing: /home/abhay/microros_ws/install/nav_msgs/include/nav_msgs/srv/detail/get_plan__rosidl_typesupport_microxrcedds_c.h
[16.212s] -- Installing: /home/abhay/microros_ws/install/nav_msgs/lib/libnav_msgs__rosidl_typesupport_microxrcedds_c.so
[16.212s] -- Set runtime path of "/home/abhay/microros_ws/install/nav_msgs/lib/libnav_msgs__rosidl_typesupport_microxrcedds_c.so" to ""
[16.212s] -- Up-to-date: /home/abhay/microros_ws/install/nav_msgs/include/nav_msgs/nav_msgs
[16.212s] -- Up-to-date: /home/abhay/microros_ws/install/nav_msgs/include/nav_msgs/nav_msgs/msg
[16.212s] -- Up-to-date: /home/abhay/microros_ws/install/nav_msgs/include/nav_msgs/nav_msgs/msg/detail
[16.213s] -- Installing: /home/abhay/microros_ws/install/nav_msgs/include/nav_msgs/nav_msgs/msg/detail/map_meta_data__type_support.c
[16.213s] -- Installing: /home/abhay/microros_ws/install/nav_msgs/include/nav_msgs/nav_msgs/msg/detail/path__type_support.c
[16.213s] -- Installing: /home/abhay/microros_ws/install/nav_msgs/include/nav_msgs/nav_msgs/msg/detail/map_meta_data__rosidl_typesupport_introspection_c.h
[16.213s] -- Installing: /home/abhay/microros_ws/install/nav_msgs/include/nav_msgs/nav_msgs/msg/detail/occupancy_grid__type_support.c
[16.213s] -- Installing: /home/abhay/microros_ws/install/nav_msgs/include/nav_msgs/nav_msgs/msg/detail/odometry__type_support.c
[16.213s] -- Installing: /home/abhay/microros_ws/install/nav_msgs/include/nav_msgs/nav_msgs/msg/detail/odometry__rosidl_typesupport_introspection_c.h
[16.213s] -- Installing: /home/abhay/microros_ws/install/nav_msgs/include/nav_msgs/nav_msgs/msg/detail/grid_cells__type_support.c
[16.213s] -- Installing: /home/abhay/microros_ws/install/nav_msgs/include/nav_msgs/nav_msgs/msg/detail/occupancy_grid__rosidl_typesupport_introspection_c.h
[16.213s] -- Installing: /home/abhay/microros_ws/install/nav_msgs/include/nav_msgs/nav_msgs/msg/detail/path__rosidl_typesupport_introspection_c.h
[16.213s] -- Installing: /home/abhay/microros_ws/install/nav_msgs/include/nav_msgs/nav_msgs/msg/detail/grid_cells__rosidl_typesupport_introspection_c.h
[16.213s] -- Installing: /home/abhay/microros_ws/install/nav_msgs/include/nav_msgs/nav_msgs/msg/rosidl_typesupport_introspection_c__visibility_control.h
[16.214s] -- Up-to-date: /home/abhay/microros_ws/install/nav_msgs/include/nav_msgs/nav_msgs/srv
[16.214s] -- Up-to-date: /home/abhay/microros_ws/install/nav_msgs/include/nav_msgs/nav_msgs/srv/detail
[16.214s] -- Installing: /home/abhay/microros_ws/install/nav_msgs/include/nav_msgs/nav_msgs/srv/detail/get_map__type_support.c
[16.214s] -- Installing: /home/abhay/microros_ws/install/nav_msgs/include/nav_msgs/nav_msgs/srv/detail/set_map__type_support.c
[16.214s] -- Installing: /home/abhay/microros_ws/install/nav_msgs/include/nav_msgs/nav_msgs/srv/detail/load_map__rosidl_typesupport_introspection_c.h
[16.214s] -- Installing: /home/abhay/microros_ws/install/nav_msgs/include/nav_msgs/nav_msgs/srv/detail/get_plan__type_support.c
[16.214s] -- Installing: /home/abhay/microros_ws/install/nav_msgs/include/nav_msgs/nav_msgs/srv/detail/get_plan__rosidl_typesupport_introspection_c.h
[16.214s] -- Installing: /home/abhay/microros_ws/install/nav_msgs/include/nav_msgs/nav_msgs/srv/detail/set_map__rosidl_typesupport_introspection_c.h
[16.214s] -- Installing: /home/abhay/microros_ws/install/nav_msgs/include/nav_msgs/nav_msgs/srv/detail/load_map__type_support.c
[16.214s] -- Installing: /home/abhay/microros_ws/install/nav_msgs/include/nav_msgs/nav_msgs/srv/detail/get_map__rosidl_typesupport_introspection_c.h
[16.214s] -- Installing: /home/abhay/microros_ws/install/nav_msgs/lib/libnav_msgs__rosidl_typesupport_introspection_c.so
[16.214s] -- Set runtime path of "/home/abhay/microros_ws/install/nav_msgs/lib/libnav_msgs__rosidl_typesupport_introspection_c.so" to ""
[16.214s] -- Installing: /home/abhay/microros_ws/install/nav_msgs/lib/libnav_msgs__rosidl_typesupport_c.so
[16.215s] -- Set runtime path of "/home/abhay/microros_ws/install/nav_msgs/lib/libnav_msgs__rosidl_typesupport_c.so" to ""
[16.215s] -- Up-to-date: /home/abhay/microros_ws/install/nav_msgs/include/nav_msgs
[16.215s] -- Up-to-date: /home/abhay/microros_ws/install/nav_msgs/include/nav_msgs/msg
[16.215s] -- Up-to-date: /home/abhay/microros_ws/install/nav_msgs/include/nav_msgs/msg/detail
[16.215s] -- Installing: /home/abhay/microros_ws/install/nav_msgs/include/nav_msgs/msg/detail/occupancy_grid__rosidl_typesupport_microxrcedds_cpp.hpp
[16.215s] -- Up-to-date: /home/abhay/microros_ws/install/nav_msgs/include/nav_msgs/msg/detail/microxrcedds
[16.215s] -- Installing: /home/abhay/microros_ws/install/nav_msgs/include/nav_msgs/msg/detail/microxrcedds/odometry__type_support_cpp.cpp
[16.215s] -- Installing: /home/abhay/microros_ws/install/nav_msgs/include/nav_msgs/msg/detail/microxrcedds/occupancy_grid__type_support_cpp.cpp
[16.215s] -- Installing: /home/abhay/microros_ws/install/nav_msgs/include/nav_msgs/msg/detail/microxrcedds/path__type_support_cpp.cpp
[16.215s] -- Installing: /home/abhay/microros_ws/install/nav_msgs/include/nav_msgs/msg/detail/microxrcedds/map_meta_data__type_support_cpp.cpp
[16.215s] -- Installing: /home/abhay/microros_ws/install/nav_msgs/include/nav_msgs/msg/detail/microxrcedds/grid_cells__type_support_cpp.cpp
[16.215s] -- Installing: /home/abhay/microros_ws/install/nav_msgs/include/nav_msgs/msg/detail/map_meta_data__rosidl_typesupport_microxrcedds_cpp.hpp
[16.215s] -- Installing: /home/abhay/microros_ws/install/nav_msgs/include/nav_msgs/msg/detail/odometry__rosidl_typesupport_microxrcedds_cpp.hpp
[16.215s] -- Installing: /home/abhay/microros_ws/install/nav_msgs/include/nav_msgs/msg/detail/path__rosidl_typesupport_microxrcedds_cpp.hpp
[16.216s] -- Installing: /home/abhay/microros_ws/install/nav_msgs/include/nav_msgs/msg/detail/grid_cells__rosidl_typesupport_microxrcedds_cpp.hpp
[16.216s] -- Installing: /home/abhay/microros_ws/install/nav_msgs/include/nav_msgs/msg/rosidl_typesupport_microxrcedds_cpp__visibility_control.h
[16.216s] -- Up-to-date: /home/abhay/microros_ws/install/nav_msgs/include/nav_msgs/srv
[16.216s] -- Up-to-date: /home/abhay/microros_ws/install/nav_msgs/include/nav_msgs/srv/detail
[16.216s] -- Installing: /home/abhay/microros_ws/install/nav_msgs/include/nav_msgs/srv/detail/load_map__rosidl_typesupport_microxrcedds_cpp.hpp
[16.216s] -- Up-to-date: /home/abhay/microros_ws/install/nav_msgs/include/nav_msgs/srv/detail/microxrcedds
[16.216s] -- Installing: /home/abhay/microros_ws/install/nav_msgs/include/nav_msgs/srv/detail/microxrcedds/load_map__type_support_cpp.cpp
[16.216s] -- Installing: /home/abhay/microros_ws/install/nav_msgs/include/nav_msgs/srv/detail/microxrcedds/get_map__type_support_cpp.cpp
[16.216s] -- Installing: /home/abhay/microros_ws/install/nav_msgs/include/nav_msgs/srv/detail/microxrcedds/get_plan__type_support_cpp.cpp
[16.216s] -- Installing: /home/abhay/microros_ws/install/nav_msgs/include/nav_msgs/srv/detail/microxrcedds/set_map__type_support_cpp.cpp
[16.216s] -- Installing: /home/abhay/microros_ws/install/nav_msgs/include/nav_msgs/srv/detail/get_plan__rosidl_typesupport_microxrcedds_cpp.hpp
[16.216s] -- Installing: /home/abhay/microros_ws/install/nav_msgs/include/nav_msgs/srv/detail/set_map__rosidl_typesupport_microxrcedds_cpp.hpp
[16.216s] -- Installing: /home/abhay/microros_ws/install/nav_msgs/include/nav_msgs/srv/detail/get_map__rosidl_typesupport_microxrcedds_cpp.hpp
[16.217s] -- Installing: /home/abhay/microros_ws/install/nav_msgs/lib/libnav_msgs__rosidl_typesupport_microxrcedds_cpp.so
[16.217s] -- Set runtime path of "/home/abhay/microros_ws/install/nav_msgs/lib/libnav_msgs__rosidl_typesupport_microxrcedds_cpp.so" to ""
[16.217s] -- Up-to-date: /home/abhay/microros_ws/install/nav_msgs/include/nav_msgs/nav_msgs
[16.217s] -- Up-to-date: /home/abhay/microros_ws/install/nav_msgs/include/nav_msgs/nav_msgs/msg
[16.217s] -- Up-to-date: /home/abhay/microros_ws/install/nav_msgs/include/nav_msgs/nav_msgs/msg/detail
[16.217s] -- Installing: /home/abhay/microros_ws/install/nav_msgs/include/nav_msgs/nav_msgs/msg/detail/map_meta_data__rosidl_typesupport_introspection_cpp.hpp
[16.217s] -- Installing: /home/abhay/microros_ws/install/nav_msgs/include/nav_msgs/nav_msgs/msg/detail/occupancy_grid__rosidl_typesupport_introspection_cpp.hpp
[16.217s] -- Installing: /home/abhay/microros_ws/install/nav_msgs/include/nav_msgs/nav_msgs/msg/detail/odometry__rosidl_typesupport_introspection_cpp.hpp
[16.217s] -- Installing: /home/abhay/microros_ws/install/nav_msgs/include/nav_msgs/nav_msgs/msg/detail/grid_cells__type_support.cpp
[16.217s] -- Installing: /home/abhay/microros_ws/install/nav_msgs/include/nav_msgs/nav_msgs/msg/detail/occupancy_grid__type_support.cpp
[16.217s] -- Installing: /home/abhay/microros_ws/install/nav_msgs/include/nav_msgs/nav_msgs/msg/detail/odometry__type_support.cpp
[16.217s] -- Installing: /home/abhay/microros_ws/install/nav_msgs/include/nav_msgs/nav_msgs/msg/detail/map_meta_data__type_support.cpp
[16.218s] -- Installing: /home/abhay/microros_ws/install/nav_msgs/include/nav_msgs/nav_msgs/msg/detail/path__type_support.cpp
[16.218s] -- Installing: /home/abhay/microros_ws/install/nav_msgs/include/nav_msgs/nav_msgs/msg/detail/path__rosidl_typesupport_introspection_cpp.hpp
[16.218s] -- Installing: /home/abhay/microros_ws/install/nav_msgs/include/nav_msgs/nav_msgs/msg/detail/grid_cells__rosidl_typesupport_introspection_cpp.hpp
[16.218s] -- Up-to-date: /home/abhay/microros_ws/install/nav_msgs/include/nav_msgs/nav_msgs/srv
[16.218s] -- Up-to-date: /home/abhay/microros_ws/install/nav_msgs/include/nav_msgs/nav_msgs/srv/detail
[16.218s] -- Installing: /home/abhay/microros_ws/install/nav_msgs/include/nav_msgs/nav_msgs/srv/detail/get_map__rosidl_typesupport_introspection_cpp.hpp
[16.218s] -- Installing: /home/abhay/microros_ws/install/nav_msgs/include/nav_msgs/nav_msgs/srv/detail/set_map__rosidl_typesupport_introspection_cpp.hpp
[16.218s] -- Installing: /home/abhay/microros_ws/install/nav_msgs/include/nav_msgs/nav_msgs/srv/detail/load_map__type_support.cpp
[16.218s] -- Installing: /home/abhay/microros_ws/install/nav_msgs/include/nav_msgs/nav_msgs/srv/detail/set_map__type_support.cpp
[16.218s] -- Installing: /home/abhay/microros_ws/install/nav_msgs/include/nav_msgs/nav_msgs/srv/detail/get_map__type_support.cpp
[16.218s] -- Installing: /home/abhay/microros_ws/install/nav_msgs/include/nav_msgs/nav_msgs/srv/detail/get_plan__type_support.cpp
[16.219s] -- Installing: /home/abhay/microros_ws/install/nav_msgs/include/nav_msgs/nav_msgs/srv/detail/load_map__rosidl_typesupport_introspection_cpp.hpp
[16.219s] -- Installing: /home/abhay/microros_ws/install/nav_msgs/include/nav_msgs/nav_msgs/srv/detail/get_plan__rosidl_typesupport_introspection_cpp.hpp
[16.219s] -- Installing: /home/abhay/microros_ws/install/nav_msgs/lib/libnav_msgs__rosidl_typesupport_introspection_cpp.so
[16.219s] -- Set runtime path of "/home/abhay/microros_ws/install/nav_msgs/lib/libnav_msgs__rosidl_typesupport_introspection_cpp.so" to ""
[16.219s] -- Installing: /home/abhay/microros_ws/install/nav_msgs/lib/libnav_msgs__rosidl_typesupport_cpp.so
[16.219s] -- Set runtime path of "/home/abhay/microros_ws/install/nav_msgs/lib/libnav_msgs__rosidl_typesupport_cpp.so" to ""
[16.219s] -- Installing: /home/abhay/microros_ws/install/nav_msgs/share/nav_msgs/environment/pythonpath.sh
[16.219s] -- Installing: /home/abhay/microros_ws/install/nav_msgs/share/nav_msgs/environment/pythonpath.dsv
[16.219s] -- Installing: /home/abhay/microros_ws/install/nav_msgs/local/lib/python3.10/dist-packages/nav_msgs-4.2.3-py3.10.egg-info
[16.219s] -- Installing: /home/abhay/microros_ws/install/nav_msgs/local/lib/python3.10/dist-packages/nav_msgs-4.2.3-py3.10.egg-info/top_level.txt
[16.219s] -- Installing: /home/abhay/microros_ws/install/nav_msgs/local/lib/python3.10/dist-packages/nav_msgs-4.2.3-py3.10.egg-info/SOURCES.txt
[16.219s] -- Installing: /home/abhay/microros_ws/install/nav_msgs/local/lib/python3.10/dist-packages/nav_msgs-4.2.3-py3.10.egg-info/dependency_links.txt
[16.219s] -- Installing: /home/abhay/microros_ws/install/nav_msgs/local/lib/python3.10/dist-packages/nav_msgs-4.2.3-py3.10.egg-info/PKG-INFO
[16.220s] -- Installing: /home/abhay/microros_ws/install/nav_msgs/local/lib/python3.10/dist-packages/nav_msgs
[16.220s] -- Installing: /home/abhay/microros_ws/install/nav_msgs/local/lib/python3.10/dist-packages/nav_msgs/nav_msgs_s__rosidl_typesupport_microxrcedds_c.cpython-310-x86_64-linux-gnu.so
[16.220s] -- Installing: /home/abhay/microros_ws/install/nav_msgs/local/lib/python3.10/dist-packages/nav_msgs/msg
[16.220s] -- Installing: /home/abhay/microros_ws/install/nav_msgs/local/lib/python3.10/dist-packages/nav_msgs/msg/_path_s.c
[16.220s] -- Installing: /home/abhay/microros_ws/install/nav_msgs/local/lib/python3.10/dist-packages/nav_msgs/msg/_odometry_s.c
[16.220s] -- Installing: /home/abhay/microros_ws/install/nav_msgs/local/lib/python3.10/dist-packages/nav_msgs/msg/_map_meta_data.py
[16.220s] -- Installing: /home/abhay/microros_ws/install/nav_msgs/local/lib/python3.10/dist-packages/nav_msgs/msg/_path.py
[16.220s] -- Installing: /home/abhay/microros_ws/install/nav_msgs/local/lib/python3.10/dist-packages/nav_msgs/msg/_grid_cells_s.c
[16.220s] -- Installing: /home/abhay/microros_ws/install/nav_msgs/local/lib/python3.10/dist-packages/nav_msgs/msg/_grid_cells.py
[16.220s] -- Installing: /home/abhay/microros_ws/install/nav_msgs/local/lib/python3.10/dist-packages/nav_msgs/msg/_occupancy_grid_s.c
[16.220s] -- Installing: /home/abhay/microros_ws/install/nav_msgs/local/lib/python3.10/dist-packages/nav_msgs/msg/_occupancy_grid.py
[16.220s] -- Installing: /home/abhay/microros_ws/install/nav_msgs/local/lib/python3.10/dist-packages/nav_msgs/msg/_map_meta_data_s.c
[16.220s] -- Installing: /home/abhay/microros_ws/install/nav_msgs/local/lib/python3.10/dist-packages/nav_msgs/msg/_odometry.py
[16.220s] -- Installing: /home/abhay/microros_ws/install/nav_msgs/local/lib/python3.10/dist-packages/nav_msgs/msg/__init__.py
[16.221s] -- Installing: /home/abhay/microros_ws/install/nav_msgs/local/lib/python3.10/dist-packages/nav_msgs/_nav_msgs_s.ep.rosidl_typesupport_c.c
[16.221s] -- Installing: /home/abhay/microros_ws/install/nav_msgs/local/lib/python3.10/dist-packages/nav_msgs/nav_msgs_s__rosidl_typesupport_fastrtps_c.cpython-310-x86_64-linux-gnu.so
[16.221s] -- Installing: /home/abhay/microros_ws/install/nav_msgs/local/lib/python3.10/dist-packages/nav_msgs/nav_msgs_s__rosidl_typesupport_c.cpython-310-x86_64-linux-gnu.so
[16.221s] -- Installing: /home/abhay/microros_ws/install/nav_msgs/local/lib/python3.10/dist-packages/nav_msgs/_nav_msgs_s.ep.rosidl_typesupport_fastrtps_c.c
[16.221s] -- Installing: /home/abhay/microros_ws/install/nav_msgs/local/lib/python3.10/dist-packages/nav_msgs/nav_msgs_s__rosidl_typesupport_introspection_c.cpython-310-x86_64-linux-gnu.so
[16.221s] -- Installing: /home/abhay/microros_ws/install/nav_msgs/local/lib/python3.10/dist-packages/nav_msgs/libnav_msgs__rosidl_generator_py.so
[16.221s] -- Installing: /home/abhay/microros_ws/install/nav_msgs/local/lib/python3.10/dist-packages/nav_msgs/_nav_msgs_s.ep.rosidl_typesupport_microxrcedds_c.c
[16.221s] -- Installing: /home/abhay/microros_ws/install/nav_msgs/local/lib/python3.10/dist-packages/nav_msgs/_nav_msgs_s.ep.rosidl_typesupport_introspection_c.c
[16.221s] -- Installing: /home/abhay/microros_ws/install/nav_msgs/local/lib/python3.10/dist-packages/nav_msgs/__init__.py
[16.221s] -- Installing: /home/abhay/microros_ws/install/nav_msgs/local/lib/python3.10/dist-packages/nav_msgs/srv
[16.221s] -- Installing: /home/abhay/microros_ws/install/nav_msgs/local/lib/python3.10/dist-packages/nav_msgs/srv/_set_map.py
[16.221s] -- Installing: /home/abhay/microros_ws/install/nav_msgs/local/lib/python3.10/dist-packages/nav_msgs/srv/_load_map_s.c
[16.221s] -- Installing: /home/abhay/microros_ws/install/nav_msgs/local/lib/python3.10/dist-packages/nav_msgs/srv/_get_map_s.c
[16.222s] -- Installing: /home/abhay/microros_ws/install/nav_msgs/local/lib/python3.10/dist-packages/nav_msgs/srv/_get_plan.py
[16.222s] -- Installing: /home/abhay/microros_ws/install/nav_msgs/local/lib/python3.10/dist-packages/nav_msgs/srv/_get_plan_s.c
[16.222s] -- Installing: /home/abhay/microros_ws/install/nav_msgs/local/lib/python3.10/dist-packages/nav_msgs/srv/_get_map.py
[16.222s] -- Installing: /home/abhay/microros_ws/install/nav_msgs/local/lib/python3.10/dist-packages/nav_msgs/srv/_load_map.py
[16.222s] -- Installing: /home/abhay/microros_ws/install/nav_msgs/local/lib/python3.10/dist-packages/nav_msgs/srv/__init__.py
[16.222s] -- Installing: /home/abhay/microros_ws/install/nav_msgs/local/lib/python3.10/dist-packages/nav_msgs/srv/_set_map_s.c
[16.254s] Listing '/home/abhay/microros_ws/install/nav_msgs/local/lib/python3.10/dist-packages/nav_msgs'...
[16.255s] Compiling '/home/abhay/microros_ws/install/nav_msgs/local/lib/python3.10/dist-packages/nav_msgs/__init__.py'...
[16.255s] Listing '/home/abhay/microros_ws/install/nav_msgs/local/lib/python3.10/dist-packages/nav_msgs/msg'...
[16.255s] Compiling '/home/abhay/microros_ws/install/nav_msgs/local/lib/python3.10/dist-packages/nav_msgs/msg/__init__.py'...
[16.255s] Compiling '/home/abhay/microros_ws/install/nav_msgs/local/lib/python3.10/dist-packages/nav_msgs/msg/_grid_cells.py'...
[16.255s] Compiling '/home/abhay/microros_ws/install/nav_msgs/local/lib/python3.10/dist-packages/nav_msgs/msg/_map_meta_data.py'...
[16.255s] Compiling '/home/abhay/microros_ws/install/nav_msgs/local/lib/python3.10/dist-packages/nav_msgs/msg/_occupancy_grid.py'...
[16.255s] Compiling '/home/abhay/microros_ws/install/nav_msgs/local/lib/python3.10/dist-packages/nav_msgs/msg/_odometry.py'...
[16.255s] Compiling '/home/abhay/microros_ws/install/nav_msgs/local/lib/python3.10/dist-packages/nav_msgs/msg/_path.py'...
[16.255s] Listing '/home/abhay/microros_ws/install/nav_msgs/local/lib/python3.10/dist-packages/nav_msgs/srv'...
[16.255s] Compiling '/home/abhay/microros_ws/install/nav_msgs/local/lib/python3.10/dist-packages/nav_msgs/srv/__init__.py'...
[16.255s] Compiling '/home/abhay/microros_ws/install/nav_msgs/local/lib/python3.10/dist-packages/nav_msgs/srv/_get_map.py'...
[16.255s] Compiling '/home/abhay/microros_ws/install/nav_msgs/local/lib/python3.10/dist-packages/nav_msgs/srv/_get_plan.py'...
[16.256s] Compiling '/home/abhay/microros_ws/install/nav_msgs/local/lib/python3.10/dist-packages/nav_msgs/srv/_load_map.py'...
[16.256s] Compiling '/home/abhay/microros_ws/install/nav_msgs/local/lib/python3.10/dist-packages/nav_msgs/srv/_set_map.py'...
[16.259s] -- Installing: /home/abhay/microros_ws/install/nav_msgs/local/lib/python3.10/dist-packages/nav_msgs/nav_msgs_s__rosidl_typesupport_microxrcedds_c.cpython-310-x86_64-linux-gnu.so
[16.259s] -- Set runtime path of "/home/abhay/microros_ws/install/nav_msgs/local/lib/python3.10/dist-packages/nav_msgs/nav_msgs_s__rosidl_typesupport_microxrcedds_c.cpython-310-x86_64-linux-gnu.so" to ""
[16.259s] -- Installing: /home/abhay/microros_ws/install/nav_msgs/local/lib/python3.10/dist-packages/nav_msgs/nav_msgs_s__rosidl_typesupport_fastrtps_c.cpython-310-x86_64-linux-gnu.so
[16.259s] -- Set runtime path of "/home/abhay/microros_ws/install/nav_msgs/local/lib/python3.10/dist-packages/nav_msgs/nav_msgs_s__rosidl_typesupport_fastrtps_c.cpython-310-x86_64-linux-gnu.so" to ""
[16.259s] -- Installing: /home/abhay/microros_ws/install/nav_msgs/local/lib/python3.10/dist-packages/nav_msgs/nav_msgs_s__rosidl_typesupport_introspection_c.cpython-310-x86_64-linux-gnu.so
[16.260s] -- Set runtime path of "/home/abhay/microros_ws/install/nav_msgs/local/lib/python3.10/dist-packages/nav_msgs/nav_msgs_s__rosidl_typesupport_introspection_c.cpython-310-x86_64-linux-gnu.so" to ""
[16.260s] -- Installing: /home/abhay/microros_ws/install/nav_msgs/local/lib/python3.10/dist-packages/nav_msgs/nav_msgs_s__rosidl_typesupport_c.cpython-310-x86_64-linux-gnu.so
[16.260s] -- Set runtime path of "/home/abhay/microros_ws/install/nav_msgs/local/lib/python3.10/dist-packages/nav_msgs/nav_msgs_s__rosidl_typesupport_c.cpython-310-x86_64-linux-gnu.so" to ""
[16.260s] -- Installing: /home/abhay/microros_ws/install/nav_msgs/lib/libnav_msgs__rosidl_generator_py.so
[16.260s] -- Set runtime path of "/home/abhay/microros_ws/install/nav_msgs/lib/libnav_msgs__rosidl_generator_py.so" to ""
[16.260s] -- Installing: /home/abhay/microros_ws/install/nav_msgs/share/nav_msgs/msg/GridCells.idl
[16.260s] -- Installing: /home/abhay/microros_ws/install/nav_msgs/share/nav_msgs/msg/MapMetaData.idl
[16.260s] -- Installing: /home/abhay/microros_ws/install/nav_msgs/share/nav_msgs/msg/OccupancyGrid.idl
[16.260s] -- Installing: /home/abhay/microros_ws/install/nav_msgs/share/nav_msgs/msg/Odometry.idl
[16.260s] -- Installing: /home/abhay/microros_ws/install/nav_msgs/share/nav_msgs/msg/Path.idl
[16.261s] -- Installing: /home/abhay/microros_ws/install/nav_msgs/share/nav_msgs/srv/GetMap.idl
[16.261s] -- Installing: /home/abhay/microros_ws/install/nav_msgs/share/nav_msgs/srv/GetPlan.idl
[16.261s] -- Installing: /home/abhay/microros_ws/install/nav_msgs/share/nav_msgs/srv/LoadMap.idl
[16.261s] -- Installing: /home/abhay/microros_ws/install/nav_msgs/share/nav_msgs/srv/SetMap.idl
[16.261s] -- Installing: /home/abhay/microros_ws/install/nav_msgs/share/nav_msgs/msg/GridCells.msg
[16.261s] -- Installing: /home/abhay/microros_ws/install/nav_msgs/share/nav_msgs/msg/MapMetaData.msg
[16.261s] -- Installing: /home/abhay/microros_ws/install/nav_msgs/share/nav_msgs/msg/OccupancyGrid.msg
[16.261s] -- Installing: /home/abhay/microros_ws/install/nav_msgs/share/nav_msgs/msg/Odometry.msg
[16.261s] -- Installing: /home/abhay/microros_ws/install/nav_msgs/share/nav_msgs/msg/Path.msg
[16.261s] -- Installing: /home/abhay/microros_ws/install/nav_msgs/share/nav_msgs/srv/GetMap.srv
[16.261s] -- Installing: /home/abhay/microros_ws/install/nav_msgs/share/nav_msgs/srv/GetMap_Request.msg
[16.262s] -- Installing: /home/abhay/microros_ws/install/nav_msgs/share/nav_msgs/srv/GetMap_Response.msg
[16.262s] -- Installing: /home/abhay/microros_ws/install/nav_msgs/share/nav_msgs/srv/GetPlan.srv
[16.262s] -- Installing: /home/abhay/microros_ws/install/nav_msgs/share/nav_msgs/srv/GetPlan_Request.msg
[16.262s] -- Installing: /home/abhay/microros_ws/install/nav_msgs/share/nav_msgs/srv/GetPlan_Response.msg
[16.262s] -- Installing: /home/abhay/microros_ws/install/nav_msgs/share/nav_msgs/srv/LoadMap.srv
[16.262s] -- Installing: /home/abhay/microros_ws/install/nav_msgs/share/nav_msgs/srv/LoadMap_Request.msg
[16.262s] -- Installing: /home/abhay/microros_ws/install/nav_msgs/share/nav_msgs/srv/LoadMap_Response.msg
[16.262s] -- Installing: /home/abhay/microros_ws/install/nav_msgs/share/nav_msgs/srv/SetMap.srv
[16.262s] -- Installing: /home/abhay/microros_ws/install/nav_msgs/share/nav_msgs/srv/SetMap_Request.msg
[16.262s] -- Installing: /home/abhay/microros_ws/install/nav_msgs/share/nav_msgs/srv/SetMap_Response.msg
[16.262s] -- Installing: /home/abhay/microros_ws/install/nav_msgs/share/ament_index/resource_index/package_run_dependencies/nav_msgs
[16.263s] -- Installing: /home/abhay/microros_ws/install/nav_msgs/share/ament_index/resource_index/parent_prefix_path/nav_msgs
[16.263s] -- Installing: /home/abhay/microros_ws/install/nav_msgs/share/nav_msgs/environment/ament_prefix_path.sh
[16.263s] -- Installing: /home/abhay/microros_ws/install/nav_msgs/share/nav_msgs/environment/ament_prefix_path.dsv
[16.263s] -- Installing: /home/abhay/microros_ws/install/nav_msgs/share/nav_msgs/environment/path.sh
[16.263s] -- Installing: /home/abhay/microros_ws/install/nav_msgs/share/nav_msgs/environment/path.dsv
[16.263s] -- Installing: /home/abhay/microros_ws/install/nav_msgs/share/nav_msgs/local_setup.bash
[16.263s] -- Installing: /home/abhay/microros_ws/install/nav_msgs/share/nav_msgs/local_setup.sh
[16.263s] -- Installing: /home/abhay/microros_ws/install/nav_msgs/share/nav_msgs/local_setup.zsh
[16.263s] -- Installing: /home/abhay/microros_ws/install/nav_msgs/share/nav_msgs/local_setup.dsv
[16.263s] -- Installing: /home/abhay/microros_ws/install/nav_msgs/share/nav_msgs/package.dsv
[16.263s] -- Installing: /home/abhay/microros_ws/install/nav_msgs/share/ament_index/resource_index/packages/nav_msgs
[16.264s] -- Installing: /home/abhay/microros_ws/install/nav_msgs/share/nav_msgs/cmake/export_nav_msgs__rosidl_generator_cExport.cmake
[16.264s] -- Installing: /home/abhay/microros_ws/install/nav_msgs/share/nav_msgs/cmake/export_nav_msgs__rosidl_generator_cExport-noconfig.cmake
[16.264s] -- Installing: /home/abhay/microros_ws/install/nav_msgs/share/nav_msgs/cmake/export_nav_msgs__rosidl_typesupport_fastrtps_cExport.cmake
[16.264s] -- Installing: /home/abhay/microros_ws/install/nav_msgs/share/nav_msgs/cmake/export_nav_msgs__rosidl_typesupport_fastrtps_cExport-noconfig.cmake
[16.264s] -- Installing: /home/abhay/microros_ws/install/nav_msgs/share/nav_msgs/cmake/export_nav_msgs__rosidl_generator_cppExport.cmake
[16.264s] -- Installing: /home/abhay/microros_ws/install/nav_msgs/share/nav_msgs/cmake/export_nav_msgs__rosidl_typesupport_fastrtps_cppExport.cmake
[16.264s] -- Installing: /home/abhay/microros_ws/install/nav_msgs/share/nav_msgs/cmake/export_nav_msgs__rosidl_typesupport_fastrtps_cppExport-noconfig.cmake
[16.264s] -- Installing: /home/abhay/microros_ws/install/nav_msgs/share/nav_msgs/cmake/nav_msgs__rosidl_typesupport_introspection_cExport.cmake
[16.264s] -- Installing: /home/abhay/microros_ws/install/nav_msgs/share/nav_msgs/cmake/nav_msgs__rosidl_typesupport_introspection_cExport-noconfig.cmake
[16.264s] -- Installing: /home/abhay/microros_ws/install/nav_msgs/share/nav_msgs/cmake/nav_msgs__rosidl_typesupport_cExport.cmake
[16.264s] -- Installing: /home/abhay/microros_ws/install/nav_msgs/share/nav_msgs/cmake/nav_msgs__rosidl_typesupport_cExport-noconfig.cmake
[16.264s] -- Installing: /home/abhay/microros_ws/install/nav_msgs/share/nav_msgs/cmake/nav_msgs__rosidl_typesupport_introspection_cppExport.cmake
[16.265s] -- Installing: /home/abhay/microros_ws/install/nav_msgs/share/nav_msgs/cmake/nav_msgs__rosidl_typesupport_introspection_cppExport-noconfig.cmake
[16.265s] -- Installing: /home/abhay/microros_ws/install/nav_msgs/share/nav_msgs/cmake/nav_msgs__rosidl_typesupport_cppExport.cmake
[16.265s] -- Installing: /home/abhay/microros_ws/install/nav_msgs/share/nav_msgs/cmake/nav_msgs__rosidl_typesupport_cppExport-noconfig.cmake
[16.265s] -- Installing: /home/abhay/microros_ws/install/nav_msgs/share/nav_msgs/cmake/export_nav_msgs__rosidl_generator_pyExport.cmake
[16.265s] -- Installing: /home/abhay/microros_ws/install/nav_msgs/share/nav_msgs/cmake/export_nav_msgs__rosidl_generator_pyExport-noconfig.cmake
[16.265s] -- Installing: /home/abhay/microros_ws/install/nav_msgs/share/nav_msgs/cmake/rosidl_cmake-extras.cmake
[16.265s] -- Installing: /home/abhay/microros_ws/install/nav_msgs/share/nav_msgs/cmake/ament_cmake_export_dependencies-extras.cmake
[16.265s] -- Installing: /home/abhay/microros_ws/install/nav_msgs/share/nav_msgs/cmake/ament_cmake_export_include_directories-extras.cmake
[16.265s] -- Installing: /home/abhay/microros_ws/install/nav_msgs/share/nav_msgs/cmake/ament_cmake_export_libraries-extras.cmake
[16.265s] -- Installing: /home/abhay/microros_ws/install/nav_msgs/share/nav_msgs/cmake/ament_cmake_export_targets-extras.cmake
[16.265s] -- Installing: /home/abhay/microros_ws/install/nav_msgs/share/nav_msgs/cmake/rosidl_cmake_export_typesupport_targets-extras.cmake
[16.265s] -- Installing: /home/abhay/microros_ws/install/nav_msgs/share/nav_msgs/cmake/rosidl_cmake_export_typesupport_libraries-extras.cmake
[16.265s] -- Installing: /home/abhay/microros_ws/install/nav_msgs/share/nav_msgs/cmake/nav_msgsConfig.cmake
[16.266s] -- Installing: /home/abhay/microros_ws/install/nav_msgs/share/nav_msgs/cmake/nav_msgsConfig-version.cmake
[16.266s] -- Installing: /home/abhay/microros_ws/install/nav_msgs/share/nav_msgs/package.xml
[16.267s] Invoked command in '/home/abhay/microros_ws/build/nav_msgs' returned '0': AMENT_PREFIX_PATH=/home/abhay/microros_ws/install/geometry_msgs:/home/abhay/microros_ws/install/std_msgs:/home/abhay/microros_ws/install/builtin_interfaces:${AMENT_PREFIX_PATH} CMAKE_PREFIX_PATH=/home/abhay/microros_ws/install/geometry_msgs:/home/abhay/microros_ws/install/std_msgs:/home/abhay/microros_ws/install/builtin_interfaces:/home/abhay/microros_ws/install/rosidl_typesupport_microxrcedds_cpp:/home/abhay/microros_ws/install/rosidl_typesupport_microxrcedds_c:/home/abhay/microros_ws/install/microcdr:/home/abhay/microros_ws/install/micro_ros_setup:/home/abhay/ros2_ws/install/py_srvcli:/home/abhay/ros2_ws/install/my_robot_controller:/opt/ros/humble LD_LIBRARY_PATH=/home/abhay/microros_ws/install/geometry_msgs/lib:/home/abhay/microros_ws/install/std_msgs/lib:/home/abhay/microros_ws/install/builtin_interfaces/lib:${LD_LIBRARY_PATH} PYTHONPATH=/home/abhay/microros_ws/install/geometry_msgs/local/lib/python3.10/dist-packages:/home/abhay/microros_ws/install/std_msgs/local/lib/python3.10/dist-packages:/home/abhay/microros_ws/install/builtin_interfaces/local/lib/python3.10/dist-packages:${PYTHONPATH} /usr/bin/cmake --install /home/abhay/microros_ws/build/nav_msgs
