[0.017s] Invoking command in '/home/abhay/microros_ws/build/visualization_msgs': CMAKE_PREFIX_PATH=/home/abhay/microros_ws/install/sensor_msgs:/home/abhay/microros_ws/install/geometry_msgs:/home/abhay/microros_ws/install/std_msgs:/home/abhay/microros_ws/install/builtin_interfaces:/home/abhay/microros_ws/install/micro_ros_demos_rclc:/home/abhay/microros_ws/install/common_interfaces:/home/abhay/microros_ws/install/visualization_msgs:/home/abhay/microros_ws/install/test_msgs:/home/abhay/microros_ws/install/example_interfaces:/home/abhay/microros_ws/install/action_msgs:/home/abhay/microros_ws/install/unique_identifier_msgs:/home/abhay/microros_ws/install/trajectory_msgs:/home/abhay/microros_ws/install/stereo_msgs:/home/abhay/microros_ws/install/std_srvs:/home/abhay/microros_ws/install/shape_msgs:/home/abhay/microros_ws/install/nav_msgs:/home/abhay/microros_ws/install/diagnostic_msgs:/home/abhay/microros_ws/install/actionlib_msgs:/home/abhay/microros_ws/install/statistics_msgs:/home/abhay/microros_ws/install/rosidl_typesupport_microxrcedds_test_msg:/home/abhay/microros_ws/install/rosidl_typesupport_microxrcedds_cpp_tests:/home/abhay/microros_ws/install/rmw_microxrcedds:/home/abhay/microros_ws/install/rosidl_typesupport_microxrcedds_cpp:/home/abhay/microros_ws/install/rosidl_typesupport_microxrcedds_c_tests:/home/abhay/microros_ws/install/rosidl_typesupport_microxrcedds_c:/home/abhay/microros_ws/install/rosgraph_msgs:/home/abhay/microros_ws/install/rclc_parameter:/home/abhay/microros_ws/install/rclc:/home/abhay/microros_ws/install/composition_interfaces:/home/abhay/microros_ws/install/rcl_interfaces:/home/abhay/microros_ws/install/microxrcedds_client:/home/abhay/microros_ws/install/microcdr:/home/abhay/microros_ws/install/micro_ros_utilities:/home/abhay/microros_ws/install/micro_ros_msgs:/home/abhay/microros_ws/install/lifecycle_msgs:/home/abhay/microros_ws/install/complex_msgs:/home/abhay/microros_ws/install/micro_ros_setup:/home/abhay/microros_ws/install/sensor_msgs_py:/home/abhay/ros2_ws/install/py_srvcli:/home/abhay/ros2_ws/install/my_robot_controller:/opt/ros/humble LD_LIBRARY_PATH=/home/abhay/microros_ws/install/sensor_msgs/lib:/home/abhay/microros_ws/install/geometry_msgs/lib:/home/abhay/microros_ws/install/std_msgs/lib:/home/abhay/microros_ws/install/builtin_interfaces/lib:/home/abhay/microros_ws/install/visualization_msgs/lib:/home/abhay/microros_ws/install/test_msgs/lib:/home/abhay/microros_ws/install/example_interfaces/lib:/home/abhay/microros_ws/install/action_msgs/lib:/home/abhay/microros_ws/install/unique_identifier_msgs/lib:/home/abhay/microros_ws/install/trajectory_msgs/lib:/home/abhay/microros_ws/install/stereo_msgs/lib:/home/abhay/microros_ws/install/std_srvs/lib:/home/abhay/microros_ws/install/shape_msgs/lib:/home/abhay/microros_ws/install/nav_msgs/lib:/home/abhay/microros_ws/install/diagnostic_msgs/lib:/home/abhay/microros_ws/install/actionlib_msgs/lib:/home/abhay/microros_ws/install/statistics_msgs/lib:/home/abhay/microros_ws/install/rmw_microxrcedds/lib:/home/abhay/microros_ws/install/rosidl_typesupport_microxrcedds_cpp/lib:/home/abhay/microros_ws/install/rosidl_typesupport_microxrcedds_c/lib:/home/abhay/microros_ws/install/rosgraph_msgs/lib:/home/abhay/microros_ws/install/rclc_parameter/lib:/home/abhay/microros_ws/install/rclc/lib:/home/abhay/microros_ws/install/composition_interfaces/lib:/home/abhay/microros_ws/install/rcl_interfaces/lib:/home/abhay/microros_ws/install/microxrcedds_client/lib:/home/abhay/microros_ws/install/microcdr/lib:/home/abhay/microros_ws/install/micro_ros_utilities/lib:/home/abhay/microros_ws/install/micro_ros_msgs/lib:/home/abhay/microros_ws/install/lifecycle_msgs/lib:/home/abhay/microros_ws/install/complex_msgs/lib:/opt/ros/humble/opt/rviz_ogre_vendor/lib:/opt/ros/humble/lib/x86_64-linux-gnu:/opt/ros/humble/lib /usr/bin/cmake --build /home/abhay/microros_ws/build/visualization_msgs -- -j16 -l16
[0.059s] [35m[1mConsolidate compiler generated dependencies of target visualization_msgs__rosidl_generator_c[0m
[0.072s] [  0%] Built target visualization_msgs__cpp
[0.073s] [  9%] Built target visualization_msgs__rosidl_generator_c
[0.084s] [  9%] Built target ament_cmake_python_copy_visualization_msgs
[0.091s] [35m[1mConsolidate compiler generated dependencies of target visualization_msgs__rosidl_typesupport_microxrcedds_c[0m
[0.092s] [35m[1mConsolidate compiler generated dependencies of target visualization_msgs__rosidl_typesupport_cpp[0m
[0.092s] [35m[1mConsolidate compiler generated dependencies of target visualization_msgs__rosidl_typesupport_c[0m
[0.093s] [35m[1mConsolidate compiler generated dependencies of target visualization_msgs__rosidl_typesupport_microxrcedds_cpp[0m
[0.093s] [35m[1mConsolidate compiler generated dependencies of target visualization_msgs__rosidl_typesupport_fastrtps_cpp[0m
[0.093s] [35m[1mConsolidate compiler generated dependencies of target visualization_msgs__rosidl_typesupport_introspection_cpp[0m
[0.095s] [35m[1mConsolidate compiler generated dependencies of target visualization_msgs__rosidl_typesupport_fastrtps_c[0m
[0.100s] [35m[1mConsolidate compiler generated dependencies of target visualization_msgs__rosidl_typesupport_introspection_c[0m
[0.117s] [ 18%] Built target visualization_msgs__rosidl_typesupport_c
[0.117s] [ 28%] Built target visualization_msgs__rosidl_typesupport_microxrcedds_c
[0.122s] [ 37%] Built target visualization_msgs__rosidl_typesupport_cpp
[0.122s] [ 47%] Built target visualization_msgs__rosidl_typesupport_microxrcedds_cpp
[0.126s] [ 67%] Built target visualization_msgs__rosidl_typesupport_fastrtps_c
[0.126s] [ 67%] Built target visualization_msgs__rosidl_typesupport_introspection_c
[0.126s] [ 76%] Built target visualization_msgs__rosidl_typesupport_introspection_cpp
[0.127s] [ 85%] Built target visualization_msgs__rosidl_typesupport_fastrtps_cpp
[0.152s] [ 85%] Built target visualization_msgs
[0.174s] [ 86%] Built target visualization_msgs__py
[0.187s] [35m[1mConsolidate compiler generated dependencies of target visualization_msgs__rosidl_generator_py[0m
[0.209s] [ 95%] Built target visualization_msgs__rosidl_generator_py
[0.221s] [35m[1mConsolidate compiler generated dependencies of target visualization_msgs__rosidl_typesupport_introspection_c__pyext[0m
[0.221s] [35m[1mConsolidate compiler generated dependencies of target visualization_msgs__rosidl_typesupport_c__pyext[0m
[0.224s] [35m[1mConsolidate compiler generated dependencies of target visualization_msgs__rosidl_typesupport_microxrcedds_c__pyext[0m
[0.224s] [35m[1mConsolidate compiler generated dependencies of target visualization_msgs__rosidl_typesupport_fastrtps_c__pyext[0m
[0.235s] [ 96%] Built target visualization_msgs__rosidl_typesupport_introspection_c__pyext
[0.238s] [ 97%] Built target visualization_msgs__rosidl_typesupport_microxrcedds_c__pyext
[0.240s] [ 99%] Built target visualization_msgs__rosidl_typesupport_c__pyext
[0.242s] [100%] Built target visualization_msgs__rosidl_typesupport_fastrtps_c__pyext
[0.332s] running egg_info
[0.332s] writing visualization_msgs.egg-info/PKG-INFO
[0.332s] writing dependency_links to visualization_msgs.egg-info/dependency_links.txt
[0.333s] writing top-level names to visualization_msgs.egg-info/top_level.txt
[0.334s] reading manifest file 'visualization_msgs.egg-info/SOURCES.txt'
[0.335s] writing manifest file 'visualization_msgs.egg-info/SOURCES.txt'
[0.360s] [100%] Built target ament_cmake_python_build_visualization_msgs_egg
[0.371s] Invoked command in '/home/abhay/microros_ws/build/visualization_msgs' returned '0': CMAKE_PREFIX_PATH=/home/abhay/microros_ws/install/sensor_msgs:/home/abhay/microros_ws/install/geometry_msgs:/home/abhay/microros_ws/install/std_msgs:/home/abhay/microros_ws/install/builtin_interfaces:/home/abhay/microros_ws/install/micro_ros_demos_rclc:/home/abhay/microros_ws/install/common_interfaces:/home/abhay/microros_ws/install/visualization_msgs:/home/abhay/microros_ws/install/test_msgs:/home/abhay/microros_ws/install/example_interfaces:/home/abhay/microros_ws/install/action_msgs:/home/abhay/microros_ws/install/unique_identifier_msgs:/home/abhay/microros_ws/install/trajectory_msgs:/home/abhay/microros_ws/install/stereo_msgs:/home/abhay/microros_ws/install/std_srvs:/home/abhay/microros_ws/install/shape_msgs:/home/abhay/microros_ws/install/nav_msgs:/home/abhay/microros_ws/install/diagnostic_msgs:/home/abhay/microros_ws/install/actionlib_msgs:/home/abhay/microros_ws/install/statistics_msgs:/home/abhay/microros_ws/install/rosidl_typesupport_microxrcedds_test_msg:/home/abhay/microros_ws/install/rosidl_typesupport_microxrcedds_cpp_tests:/home/abhay/microros_ws/install/rmw_microxrcedds:/home/abhay/microros_ws/install/rosidl_typesupport_microxrcedds_cpp:/home/abhay/microros_ws/install/rosidl_typesupport_microxrcedds_c_tests:/home/abhay/microros_ws/install/rosidl_typesupport_microxrcedds_c:/home/abhay/microros_ws/install/rosgraph_msgs:/home/abhay/microros_ws/install/rclc_parameter:/home/abhay/microros_ws/install/rclc:/home/abhay/microros_ws/install/composition_interfaces:/home/abhay/microros_ws/install/rcl_interfaces:/home/abhay/microros_ws/install/microxrcedds_client:/home/abhay/microros_ws/install/microcdr:/home/abhay/microros_ws/install/micro_ros_utilities:/home/abhay/microros_ws/install/micro_ros_msgs:/home/abhay/microros_ws/install/lifecycle_msgs:/home/abhay/microros_ws/install/complex_msgs:/home/abhay/microros_ws/install/micro_ros_setup:/home/abhay/microros_ws/install/sensor_msgs_py:/home/abhay/ros2_ws/install/py_srvcli:/home/abhay/ros2_ws/install/my_robot_controller:/opt/ros/humble LD_LIBRARY_PATH=/home/abhay/microros_ws/install/sensor_msgs/lib:/home/abhay/microros_ws/install/geometry_msgs/lib:/home/abhay/microros_ws/install/std_msgs/lib:/home/abhay/microros_ws/install/builtin_interfaces/lib:/home/abhay/microros_ws/install/visualization_msgs/lib:/home/abhay/microros_ws/install/test_msgs/lib:/home/abhay/microros_ws/install/example_interfaces/lib:/home/abhay/microros_ws/install/action_msgs/lib:/home/abhay/microros_ws/install/unique_identifier_msgs/lib:/home/abhay/microros_ws/install/trajectory_msgs/lib:/home/abhay/microros_ws/install/stereo_msgs/lib:/home/abhay/microros_ws/install/std_srvs/lib:/home/abhay/microros_ws/install/shape_msgs/lib:/home/abhay/microros_ws/install/nav_msgs/lib:/home/abhay/microros_ws/install/diagnostic_msgs/lib:/home/abhay/microros_ws/install/actionlib_msgs/lib:/home/abhay/microros_ws/install/statistics_msgs/lib:/home/abhay/microros_ws/install/rmw_microxrcedds/lib:/home/abhay/microros_ws/install/rosidl_typesupport_microxrcedds_cpp/lib:/home/abhay/microros_ws/install/rosidl_typesupport_microxrcedds_c/lib:/home/abhay/microros_ws/install/rosgraph_msgs/lib:/home/abhay/microros_ws/install/rclc_parameter/lib:/home/abhay/microros_ws/install/rclc/lib:/home/abhay/microros_ws/install/composition_interfaces/lib:/home/abhay/microros_ws/install/rcl_interfaces/lib:/home/abhay/microros_ws/install/microxrcedds_client/lib:/home/abhay/microros_ws/install/microcdr/lib:/home/abhay/microros_ws/install/micro_ros_utilities/lib:/home/abhay/microros_ws/install/micro_ros_msgs/lib:/home/abhay/microros_ws/install/lifecycle_msgs/lib:/home/abhay/microros_ws/install/complex_msgs/lib:/opt/ros/humble/opt/rviz_ogre_vendor/lib:/opt/ros/humble/lib/x86_64-linux-gnu:/opt/ros/humble/lib /usr/bin/cmake --build /home/abhay/microros_ws/build/visualization_msgs -- -j16 -l16
[0.774s] Invoking command in '/home/abhay/microros_ws/build/visualization_msgs': CMAKE_PREFIX_PATH=/home/abhay/microros_ws/install/sensor_msgs:/home/abhay/microros_ws/install/geometry_msgs:/home/abhay/microros_ws/install/std_msgs:/home/abhay/microros_ws/install/builtin_interfaces:/home/abhay/microros_ws/install/micro_ros_demos_rclc:/home/abhay/microros_ws/install/common_interfaces:/home/abhay/microros_ws/install/visualization_msgs:/home/abhay/microros_ws/install/test_msgs:/home/abhay/microros_ws/install/example_interfaces:/home/abhay/microros_ws/install/action_msgs:/home/abhay/microros_ws/install/unique_identifier_msgs:/home/abhay/microros_ws/install/trajectory_msgs:/home/abhay/microros_ws/install/stereo_msgs:/home/abhay/microros_ws/install/std_srvs:/home/abhay/microros_ws/install/shape_msgs:/home/abhay/microros_ws/install/nav_msgs:/home/abhay/microros_ws/install/diagnostic_msgs:/home/abhay/microros_ws/install/actionlib_msgs:/home/abhay/microros_ws/install/statistics_msgs:/home/abhay/microros_ws/install/rosidl_typesupport_microxrcedds_test_msg:/home/abhay/microros_ws/install/rosidl_typesupport_microxrcedds_cpp_tests:/home/abhay/microros_ws/install/rmw_microxrcedds:/home/abhay/microros_ws/install/rosidl_typesupport_microxrcedds_cpp:/home/abhay/microros_ws/install/rosidl_typesupport_microxrcedds_c_tests:/home/abhay/microros_ws/install/rosidl_typesupport_microxrcedds_c:/home/abhay/microros_ws/install/rosgraph_msgs:/home/abhay/microros_ws/install/rclc_parameter:/home/abhay/microros_ws/install/rclc:/home/abhay/microros_ws/install/composition_interfaces:/home/abhay/microros_ws/install/rcl_interfaces:/home/abhay/microros_ws/install/microxrcedds_client:/home/abhay/microros_ws/install/microcdr:/home/abhay/microros_ws/install/micro_ros_utilities:/home/abhay/microros_ws/install/micro_ros_msgs:/home/abhay/microros_ws/install/lifecycle_msgs:/home/abhay/microros_ws/install/complex_msgs:/home/abhay/microros_ws/install/micro_ros_setup:/home/abhay/microros_ws/install/sensor_msgs_py:/home/abhay/ros2_ws/install/py_srvcli:/home/abhay/ros2_ws/install/my_robot_controller:/opt/ros/humble LD_LIBRARY_PATH=/home/abhay/microros_ws/install/sensor_msgs/lib:/home/abhay/microros_ws/install/geometry_msgs/lib:/home/abhay/microros_ws/install/std_msgs/lib:/home/abhay/microros_ws/install/builtin_interfaces/lib:/home/abhay/microros_ws/install/visualization_msgs/lib:/home/abhay/microros_ws/install/test_msgs/lib:/home/abhay/microros_ws/install/example_interfaces/lib:/home/abhay/microros_ws/install/action_msgs/lib:/home/abhay/microros_ws/install/unique_identifier_msgs/lib:/home/abhay/microros_ws/install/trajectory_msgs/lib:/home/abhay/microros_ws/install/stereo_msgs/lib:/home/abhay/microros_ws/install/std_srvs/lib:/home/abhay/microros_ws/install/shape_msgs/lib:/home/abhay/microros_ws/install/nav_msgs/lib:/home/abhay/microros_ws/install/diagnostic_msgs/lib:/home/abhay/microros_ws/install/actionlib_msgs/lib:/home/abhay/microros_ws/install/statistics_msgs/lib:/home/abhay/microros_ws/install/rmw_microxrcedds/lib:/home/abhay/microros_ws/install/rosidl_typesupport_microxrcedds_cpp/lib:/home/abhay/microros_ws/install/rosidl_typesupport_microxrcedds_c/lib:/home/abhay/microros_ws/install/rosgraph_msgs/lib:/home/abhay/microros_ws/install/rclc_parameter/lib:/home/abhay/microros_ws/install/rclc/lib:/home/abhay/microros_ws/install/composition_interfaces/lib:/home/abhay/microros_ws/install/rcl_interfaces/lib:/home/abhay/microros_ws/install/microxrcedds_client/lib:/home/abhay/microros_ws/install/microcdr/lib:/home/abhay/microros_ws/install/micro_ros_utilities/lib:/home/abhay/microros_ws/install/micro_ros_msgs/lib:/home/abhay/microros_ws/install/lifecycle_msgs/lib:/home/abhay/microros_ws/install/complex_msgs/lib:/opt/ros/humble/opt/rviz_ogre_vendor/lib:/opt/ros/humble/lib/x86_64-linux-gnu:/opt/ros/humble/lib /usr/bin/cmake --install /home/abhay/microros_ws/build/visualization_msgs
[0.782s] -- Install configuration: ""
[0.782s] -- Up-to-date: /home/abhay/microros_ws/install/visualization_msgs/share/ament_index/resource_index/rosidl_interfaces/visualization_msgs
[0.782s] -- Up-to-date: /home/abhay/microros_ws/install/visualization_msgs/include/visualization_msgs/visualization_msgs
[0.782s] -- Up-to-date: /home/abhay/microros_ws/install/visualization_msgs/include/visualization_msgs/visualization_msgs/msg
[0.782s] -- Up-to-date: /home/abhay/microros_ws/install/visualization_msgs/include/visualization_msgs/visualization_msgs/msg/image_marker.h
[0.782s] -- Up-to-date: /home/abhay/microros_ws/install/visualization_msgs/include/visualization_msgs/visualization_msgs/msg/mesh_file.h
[0.782s] -- Up-to-date: /home/abhay/microros_ws/install/visualization_msgs/include/visualization_msgs/visualization_msgs/msg/rosidl_generator_c__visibility_control.h
[0.783s] -- Up-to-date: /home/abhay/microros_ws/install/visualization_msgs/include/visualization_msgs/visualization_msgs/msg/interactive_marker_pose.h
[0.783s] -- Up-to-date: /home/abhay/microros_ws/install/visualization_msgs/include/visualization_msgs/visualization_msgs/msg/detail
[0.783s] -- Up-to-date: /home/abhay/microros_ws/install/visualization_msgs/include/visualization_msgs/visualization_msgs/msg/detail/marker_array__struct.h
[0.783s] -- Up-to-date: /home/abhay/microros_ws/install/visualization_msgs/include/visualization_msgs/visualization_msgs/msg/detail/interactive_marker_feedback__struct.h
[0.783s] -- Up-to-date: /home/abhay/microros_ws/install/visualization_msgs/include/visualization_msgs/visualization_msgs/msg/detail/interactive_marker_init__struct.h
[0.783s] -- Up-to-date: /home/abhay/microros_ws/install/visualization_msgs/include/visualization_msgs/visualization_msgs/msg/detail/marker_array__functions.c
[0.783s] -- Up-to-date: /home/abhay/microros_ws/install/visualization_msgs/include/visualization_msgs/visualization_msgs/msg/detail/uv_coordinate__functions.h
[0.783s] -- Up-to-date: /home/abhay/microros_ws/install/visualization_msgs/include/visualization_msgs/visualization_msgs/msg/detail/interactive_marker_control__struct.h
[0.783s] -- Up-to-date: /home/abhay/microros_ws/install/visualization_msgs/include/visualization_msgs/visualization_msgs/msg/detail/interactive_marker_feedback__type_support.h
[0.783s] -- Up-to-date: /home/abhay/microros_ws/install/visualization_msgs/include/visualization_msgs/visualization_msgs/msg/detail/menu_entry__functions.h
[0.783s] -- Up-to-date: /home/abhay/microros_ws/install/visualization_msgs/include/visualization_msgs/visualization_msgs/msg/detail/interactive_marker_pose__functions.c
[0.784s] -- Up-to-date: /home/abhay/microros_ws/install/visualization_msgs/include/visualization_msgs/visualization_msgs/msg/detail/menu_entry__struct.h
[0.784s] -- Up-to-date: /home/abhay/microros_ws/install/visualization_msgs/include/visualization_msgs/visualization_msgs/msg/detail/marker_array__functions.h
[0.784s] -- Up-to-date: /home/abhay/microros_ws/install/visualization_msgs/include/visualization_msgs/visualization_msgs/msg/detail/marker__type_support.h
[0.784s] -- Up-to-date: /home/abhay/microros_ws/install/visualization_msgs/include/visualization_msgs/visualization_msgs/msg/detail/interactive_marker_update__functions.c
[0.784s] -- Up-to-date: /home/abhay/microros_ws/install/visualization_msgs/include/visualization_msgs/visualization_msgs/msg/detail/interactive_marker_update__functions.h
[0.784s] -- Up-to-date: /home/abhay/microros_ws/install/visualization_msgs/include/visualization_msgs/visualization_msgs/msg/detail/marker__functions.c
[0.785s] -- Up-to-date: /home/abhay/microros_ws/install/visualization_msgs/include/visualization_msgs/visualization_msgs/msg/detail/menu_entry__type_support.h
[0.785s] -- Up-to-date: /home/abhay/microros_ws/install/visualization_msgs/include/visualization_msgs/visualization_msgs/msg/detail/interactive_marker_init__type_support.h
[0.785s] -- Up-to-date: /home/abhay/microros_ws/install/visualization_msgs/include/visualization_msgs/visualization_msgs/msg/detail/marker_array__type_support.h
[0.785s] -- Up-to-date: /home/abhay/microros_ws/install/visualization_msgs/include/visualization_msgs/visualization_msgs/msg/detail/mesh_file__functions.h
[0.785s] -- Up-to-date: /home/abhay/microros_ws/install/visualization_msgs/include/visualization_msgs/visualization_msgs/msg/detail/interactive_marker_control__functions.h
[0.785s] -- Up-to-date: /home/abhay/microros_ws/install/visualization_msgs/include/visualization_msgs/visualization_msgs/msg/detail/interactive_marker__functions.h
[0.785s] -- Up-to-date: /home/abhay/microros_ws/install/visualization_msgs/include/visualization_msgs/visualization_msgs/msg/detail/marker__struct.h
[0.785s] -- Up-to-date: /home/abhay/microros_ws/install/visualization_msgs/include/visualization_msgs/visualization_msgs/msg/detail/menu_entry__functions.c
[0.786s] -- Up-to-date: /home/abhay/microros_ws/install/visualization_msgs/include/visualization_msgs/visualization_msgs/msg/detail/mesh_file__functions.c
[0.786s] -- Up-to-date: /home/abhay/microros_ws/install/visualization_msgs/include/visualization_msgs/visualization_msgs/msg/detail/image_marker__type_support.h
[0.786s] -- Up-to-date: /home/abhay/microros_ws/install/visualization_msgs/include/visualization_msgs/visualization_msgs/msg/detail/interactive_marker_init__functions.h
[0.786s] -- Up-to-date: /home/abhay/microros_ws/install/visualization_msgs/include/visualization_msgs/visualization_msgs/msg/detail/interactive_marker__type_support.h
[0.786s] -- Up-to-date: /home/abhay/microros_ws/install/visualization_msgs/include/visualization_msgs/visualization_msgs/msg/detail/interactive_marker_feedback__functions.c
[0.786s] -- Up-to-date: /home/abhay/microros_ws/install/visualization_msgs/include/visualization_msgs/visualization_msgs/msg/detail/marker__functions.h
[0.786s] -- Up-to-date: /home/abhay/microros_ws/install/visualization_msgs/include/visualization_msgs/visualization_msgs/msg/detail/interactive_marker_control__functions.c
[0.786s] -- Up-to-date: /home/abhay/microros_ws/install/visualization_msgs/include/visualization_msgs/visualization_msgs/msg/detail/interactive_marker_control__type_support.h
[0.786s] -- Up-to-date: /home/abhay/microros_ws/install/visualization_msgs/include/visualization_msgs/visualization_msgs/msg/detail/interactive_marker_feedback__functions.h
[0.787s] -- Up-to-date: /home/abhay/microros_ws/install/visualization_msgs/include/visualization_msgs/visualization_msgs/msg/detail/uv_coordinate__functions.c
[0.787s] -- Up-to-date: /home/abhay/microros_ws/install/visualization_msgs/include/visualization_msgs/visualization_msgs/msg/detail/interactive_marker_pose__struct.h
[0.787s] -- Up-to-date: /home/abhay/microros_ws/install/visualization_msgs/include/visualization_msgs/visualization_msgs/msg/detail/interactive_marker_pose__type_support.h
[0.787s] -- Up-to-date: /home/abhay/microros_ws/install/visualization_msgs/include/visualization_msgs/visualization_msgs/msg/detail/uv_coordinate__struct.h
[0.787s] -- Up-to-date: /home/abhay/microros_ws/install/visualization_msgs/include/visualization_msgs/visualization_msgs/msg/detail/interactive_marker__struct.h
[0.787s] -- Up-to-date: /home/abhay/microros_ws/install/visualization_msgs/include/visualization_msgs/visualization_msgs/msg/detail/image_marker__struct.h
[0.787s] -- Up-to-date: /home/abhay/microros_ws/install/visualization_msgs/include/visualization_msgs/visualization_msgs/msg/detail/interactive_marker_pose__functions.h
[0.787s] -- Up-to-date: /home/abhay/microros_ws/install/visualization_msgs/include/visualization_msgs/visualization_msgs/msg/detail/mesh_file__struct.h
[0.787s] -- Up-to-date: /home/abhay/microros_ws/install/visualization_msgs/include/visualization_msgs/visualization_msgs/msg/detail/interactive_marker_init__functions.c
[0.787s] -- Up-to-date: /home/abhay/microros_ws/install/visualization_msgs/include/visualization_msgs/visualization_msgs/msg/detail/mesh_file__type_support.h
[0.788s] -- Up-to-date: /home/abhay/microros_ws/install/visualization_msgs/include/visualization_msgs/visualization_msgs/msg/detail/image_marker__functions.c
[0.788s] -- Up-to-date: /home/abhay/microros_ws/install/visualization_msgs/include/visualization_msgs/visualization_msgs/msg/detail/uv_coordinate__type_support.h
[0.788s] -- Up-to-date: /home/abhay/microros_ws/install/visualization_msgs/include/visualization_msgs/visualization_msgs/msg/detail/interactive_marker_update__type_support.h
[0.788s] -- Up-to-date: /home/abhay/microros_ws/install/visualization_msgs/include/visualization_msgs/visualization_msgs/msg/detail/interactive_marker_update__struct.h
[0.788s] -- Up-to-date: /home/abhay/microros_ws/install/visualization_msgs/include/visualization_msgs/visualization_msgs/msg/detail/image_marker__functions.h
[0.788s] -- Up-to-date: /home/abhay/microros_ws/install/visualization_msgs/include/visualization_msgs/visualization_msgs/msg/detail/interactive_marker__functions.c
[0.788s] -- Up-to-date: /home/abhay/microros_ws/install/visualization_msgs/include/visualization_msgs/visualization_msgs/msg/marker_array.h
[0.788s] -- Up-to-date: /home/abhay/microros_ws/install/visualization_msgs/include/visualization_msgs/visualization_msgs/msg/interactive_marker_init.h
[0.788s] -- Up-to-date: /home/abhay/microros_ws/install/visualization_msgs/include/visualization_msgs/visualization_msgs/msg/interactive_marker_control.h
[0.788s] -- Up-to-date: /home/abhay/microros_ws/install/visualization_msgs/include/visualization_msgs/visualization_msgs/msg/interactive_marker_feedback.h
[0.788s] -- Up-to-date: /home/abhay/microros_ws/install/visualization_msgs/include/visualization_msgs/visualization_msgs/msg/interactive_marker.h
[0.788s] -- Up-to-date: /home/abhay/microros_ws/install/visualization_msgs/include/visualization_msgs/visualization_msgs/msg/uv_coordinate.h
[0.788s] -- Up-to-date: /home/abhay/microros_ws/install/visualization_msgs/include/visualization_msgs/visualization_msgs/msg/interactive_marker_update.h
[0.788s] -- Up-to-date: /home/abhay/microros_ws/install/visualization_msgs/include/visualization_msgs/visualization_msgs/msg/menu_entry.h
[0.788s] -- Up-to-date: /home/abhay/microros_ws/install/visualization_msgs/include/visualization_msgs/visualization_msgs/msg/marker.h
[0.788s] -- Up-to-date: /home/abhay/microros_ws/install/visualization_msgs/include/visualization_msgs/visualization_msgs/srv
[0.789s] -- Up-to-date: /home/abhay/microros_ws/install/visualization_msgs/include/visualization_msgs/visualization_msgs/srv/detail
[0.789s] -- Up-to-date: /home/abhay/microros_ws/install/visualization_msgs/include/visualization_msgs/visualization_msgs/srv/detail/get_interactive_markers__functions.h
[0.789s] -- Up-to-date: /home/abhay/microros_ws/install/visualization_msgs/include/visualization_msgs/visualization_msgs/srv/detail/get_interactive_markers__struct.h
[0.789s] -- Up-to-date: /home/abhay/microros_ws/install/visualization_msgs/include/visualization_msgs/visualization_msgs/srv/detail/get_interactive_markers__type_support.h
[0.789s] -- Up-to-date: /home/abhay/microros_ws/install/visualization_msgs/include/visualization_msgs/visualization_msgs/srv/detail/get_interactive_markers__functions.c
[0.789s] -- Up-to-date: /home/abhay/microros_ws/install/visualization_msgs/include/visualization_msgs/visualization_msgs/srv/get_interactive_markers.h
[0.789s] -- Up-to-date: /home/abhay/microros_ws/install/visualization_msgs/share/visualization_msgs/environment/library_path.sh
[0.789s] -- Up-to-date: /home/abhay/microros_ws/install/visualization_msgs/share/visualization_msgs/environment/library_path.dsv
[0.789s] -- Up-to-date: /home/abhay/microros_ws/install/visualization_msgs/lib/libvisualization_msgs__rosidl_generator_c.so
[0.789s] -- Up-to-date: /home/abhay/microros_ws/install/visualization_msgs/include/visualization_msgs/visualization_msgs
[0.789s] -- Up-to-date: /home/abhay/microros_ws/install/visualization_msgs/include/visualization_msgs/visualization_msgs/msg
[0.789s] -- Up-to-date: /home/abhay/microros_ws/install/visualization_msgs/include/visualization_msgs/visualization_msgs/msg/detail
[0.789s] -- Up-to-date: /home/abhay/microros_ws/install/visualization_msgs/include/visualization_msgs/visualization_msgs/msg/detail/menu_entry__rosidl_typesupport_fastrtps_c.h
[0.789s] -- Up-to-date: /home/abhay/microros_ws/install/visualization_msgs/include/visualization_msgs/visualization_msgs/msg/detail/interactive_marker_init__rosidl_typesupport_fastrtps_c.h
[0.789s] -- Up-to-date: /home/abhay/microros_ws/install/visualization_msgs/include/visualization_msgs/visualization_msgs/msg/detail/marker_array__rosidl_typesupport_fastrtps_c.h
[0.789s] -- Up-to-date: /home/abhay/microros_ws/install/visualization_msgs/include/visualization_msgs/visualization_msgs/msg/detail/interactive_marker_feedback__rosidl_typesupport_fastrtps_c.h
[0.789s] -- Up-to-date: /home/abhay/microros_ws/install/visualization_msgs/include/visualization_msgs/visualization_msgs/msg/detail/interactive_marker_update__rosidl_typesupport_fastrtps_c.h
[0.789s] -- Up-to-date: /home/abhay/microros_ws/install/visualization_msgs/include/visualization_msgs/visualization_msgs/msg/detail/uv_coordinate__rosidl_typesupport_fastrtps_c.h
[0.789s] -- Up-to-date: /home/abhay/microros_ws/install/visualization_msgs/include/visualization_msgs/visualization_msgs/msg/detail/marker__rosidl_typesupport_fastrtps_c.h
[0.789s] -- Up-to-date: /home/abhay/microros_ws/install/visualization_msgs/include/visualization_msgs/visualization_msgs/msg/detail/image_marker__rosidl_typesupport_fastrtps_c.h
[0.789s] -- Up-to-date: /home/abhay/microros_ws/install/visualization_msgs/include/visualization_msgs/visualization_msgs/msg/detail/mesh_file__rosidl_typesupport_fastrtps_c.h
[0.789s] -- Up-to-date: /home/abhay/microros_ws/install/visualization_msgs/include/visualization_msgs/visualization_msgs/msg/detail/interactive_marker_pose__rosidl_typesupport_fastrtps_c.h
[0.789s] -- Up-to-date: /home/abhay/microros_ws/install/visualization_msgs/include/visualization_msgs/visualization_msgs/msg/detail/interactive_marker_control__rosidl_typesupport_fastrtps_c.h
[0.789s] -- Up-to-date: /home/abhay/microros_ws/install/visualization_msgs/include/visualization_msgs/visualization_msgs/msg/detail/interactive_marker__rosidl_typesupport_fastrtps_c.h
[0.789s] -- Up-to-date: /home/abhay/microros_ws/install/visualization_msgs/include/visualization_msgs/visualization_msgs/msg/rosidl_typesupport_fastrtps_c__visibility_control.h
[0.789s] -- Up-to-date: /home/abhay/microros_ws/install/visualization_msgs/include/visualization_msgs/visualization_msgs/srv
[0.789s] -- Up-to-date: /home/abhay/microros_ws/install/visualization_msgs/include/visualization_msgs/visualization_msgs/srv/detail
[0.789s] -- Up-to-date: /home/abhay/microros_ws/install/visualization_msgs/include/visualization_msgs/visualization_msgs/srv/detail/get_interactive_markers__rosidl_typesupport_fastrtps_c.h
[0.789s] -- Up-to-date: /home/abhay/microros_ws/install/visualization_msgs/lib/libvisualization_msgs__rosidl_typesupport_fastrtps_c.so
[0.789s] -- Up-to-date: /home/abhay/microros_ws/install/visualization_msgs/include/visualization_msgs/visualization_msgs
[0.789s] -- Up-to-date: /home/abhay/microros_ws/install/visualization_msgs/include/visualization_msgs/visualization_msgs/msg
[0.789s] -- Up-to-date: /home/abhay/microros_ws/install/visualization_msgs/include/visualization_msgs/visualization_msgs/msg/interactive_marker_feedback.hpp
[0.789s] -- Up-to-date: /home/abhay/microros_ws/install/visualization_msgs/include/visualization_msgs/visualization_msgs/msg/menu_entry.hpp
[0.790s] -- Up-to-date: /home/abhay/microros_ws/install/visualization_msgs/include/visualization_msgs/visualization_msgs/msg/mesh_file.hpp
[0.790s] -- Up-to-date: /home/abhay/microros_ws/install/visualization_msgs/include/visualization_msgs/visualization_msgs/msg/detail
[0.790s] -- Up-to-date: /home/abhay/microros_ws/install/visualization_msgs/include/visualization_msgs/visualization_msgs/msg/detail/marker__struct.hpp
[0.790s] -- Up-to-date: /home/abhay/microros_ws/install/visualization_msgs/include/visualization_msgs/visualization_msgs/msg/detail/image_marker__builder.hpp
[0.790s] -- Up-to-date: /home/abhay/microros_ws/install/visualization_msgs/include/visualization_msgs/visualization_msgs/msg/detail/interactive_marker_pose__struct.hpp
[0.790s] -- Up-to-date: /home/abhay/microros_ws/install/visualization_msgs/include/visualization_msgs/visualization_msgs/msg/detail/interactive_marker__builder.hpp
[0.790s] -- Up-to-date: /home/abhay/microros_ws/install/visualization_msgs/include/visualization_msgs/visualization_msgs/msg/detail/interactive_marker_update__struct.hpp
[0.790s] -- Up-to-date: /home/abhay/microros_ws/install/visualization_msgs/include/visualization_msgs/visualization_msgs/msg/detail/interactive_marker_feedback__builder.hpp
[0.790s] -- Up-to-date: /home/abhay/microros_ws/install/visualization_msgs/include/visualization_msgs/visualization_msgs/msg/detail/interactive_marker_pose__traits.hpp
[0.790s] -- Up-to-date: /home/abhay/microros_ws/install/visualization_msgs/include/visualization_msgs/visualization_msgs/msg/detail/menu_entry__struct.hpp
[0.790s] -- Up-to-date: /home/abhay/microros_ws/install/visualization_msgs/include/visualization_msgs/visualization_msgs/msg/detail/interactive_marker_init__traits.hpp
[0.790s] -- Up-to-date: /home/abhay/microros_ws/install/visualization_msgs/include/visualization_msgs/visualization_msgs/msg/detail/interactive_marker_init__struct.hpp
[0.790s] -- Up-to-date: /home/abhay/microros_ws/install/visualization_msgs/include/visualization_msgs/visualization_msgs/msg/detail/interactive_marker_control__struct.hpp
[0.790s] -- Up-to-date: /home/abhay/microros_ws/install/visualization_msgs/include/visualization_msgs/visualization_msgs/msg/detail/interactive_marker_feedback__struct.hpp
[0.790s] -- Up-to-date: /home/abhay/microros_ws/install/visualization_msgs/include/visualization_msgs/visualization_msgs/msg/detail/image_marker__struct.hpp
[0.790s] -- Up-to-date: /home/abhay/microros_ws/install/visualization_msgs/include/visualization_msgs/visualization_msgs/msg/detail/menu_entry__builder.hpp
[0.790s] -- Up-to-date: /home/abhay/microros_ws/install/visualization_msgs/include/visualization_msgs/visualization_msgs/msg/detail/interactive_marker__traits.hpp
[0.790s] -- Up-to-date: /home/abhay/microros_ws/install/visualization_msgs/include/visualization_msgs/visualization_msgs/msg/detail/interactive_marker_pose__builder.hpp
[0.790s] -- Up-to-date: /home/abhay/microros_ws/install/visualization_msgs/include/visualization_msgs/visualization_msgs/msg/detail/interactive_marker_control__traits.hpp
[0.790s] -- Up-to-date: /home/abhay/microros_ws/install/visualization_msgs/include/visualization_msgs/visualization_msgs/msg/detail/interactive_marker_feedback__traits.hpp
[0.790s] -- Up-to-date: /home/abhay/microros_ws/install/visualization_msgs/include/visualization_msgs/visualization_msgs/msg/detail/marker__builder.hpp
[0.790s] -- Up-to-date: /home/abhay/microros_ws/install/visualization_msgs/include/visualization_msgs/visualization_msgs/msg/detail/mesh_file__traits.hpp
[0.790s] -- Up-to-date: /home/abhay/microros_ws/install/visualization_msgs/include/visualization_msgs/visualization_msgs/msg/detail/marker_array__builder.hpp
[0.790s] -- Up-to-date: /home/abhay/microros_ws/install/visualization_msgs/include/visualization_msgs/visualization_msgs/msg/detail/interactive_marker_init__builder.hpp
[0.790s] -- Up-to-date: /home/abhay/microros_ws/install/visualization_msgs/include/visualization_msgs/visualization_msgs/msg/detail/uv_coordinate__struct.hpp
[0.790s] -- Up-to-date: /home/abhay/microros_ws/install/visualization_msgs/include/visualization_msgs/visualization_msgs/msg/detail/mesh_file__struct.hpp
[0.790s] -- Up-to-date: /home/abhay/microros_ws/install/visualization_msgs/include/visualization_msgs/visualization_msgs/msg/detail/uv_coordinate__builder.hpp
[0.790s] -- Up-to-date: /home/abhay/microros_ws/install/visualization_msgs/include/visualization_msgs/visualization_msgs/msg/detail/menu_entry__traits.hpp
[0.790s] -- Up-to-date: /home/abhay/microros_ws/install/visualization_msgs/include/visualization_msgs/visualization_msgs/msg/detail/interactive_marker_update__builder.hpp
[0.790s] -- Up-to-date: /home/abhay/microros_ws/install/visualization_msgs/include/visualization_msgs/visualization_msgs/msg/detail/uv_coordinate__traits.hpp
[0.790s] -- Up-to-date: /home/abhay/microros_ws/install/visualization_msgs/include/visualization_msgs/visualization_msgs/msg/detail/marker_array__traits.hpp
[0.790s] -- Up-to-date: /home/abhay/microros_ws/install/visualization_msgs/include/visualization_msgs/visualization_msgs/msg/detail/interactive_marker__struct.hpp
[0.790s] -- Up-to-date: /home/abhay/microros_ws/install/visualization_msgs/include/visualization_msgs/visualization_msgs/msg/detail/interactive_marker_control__builder.hpp
[0.790s] -- Up-to-date: /home/abhay/microros_ws/install/visualization_msgs/include/visualization_msgs/visualization_msgs/msg/detail/marker__traits.hpp
[0.791s] -- Up-to-date: /home/abhay/microros_ws/install/visualization_msgs/include/visualization_msgs/visualization_msgs/msg/detail/interactive_marker_update__traits.hpp
[0.791s] -- Up-to-date: /home/abhay/microros_ws/install/visualization_msgs/include/visualization_msgs/visualization_msgs/msg/detail/image_marker__traits.hpp
[0.791s] -- Up-to-date: /home/abhay/microros_ws/install/visualization_msgs/include/visualization_msgs/visualization_msgs/msg/detail/mesh_file__builder.hpp
[0.791s] -- Up-to-date: /home/abhay/microros_ws/install/visualization_msgs/include/visualization_msgs/visualization_msgs/msg/detail/marker_array__struct.hpp
[0.791s] -- Up-to-date: /home/abhay/microros_ws/install/visualization_msgs/include/visualization_msgs/visualization_msgs/msg/interactive_marker_init.hpp
[0.791s] -- Up-to-date: /home/abhay/microros_ws/install/visualization_msgs/include/visualization_msgs/visualization_msgs/msg/interactive_marker_pose.hpp
[0.791s] -- Up-to-date: /home/abhay/microros_ws/install/visualization_msgs/include/visualization_msgs/visualization_msgs/msg/uv_coordinate.hpp
[0.791s] -- Up-to-date: /home/abhay/microros_ws/install/visualization_msgs/include/visualization_msgs/visualization_msgs/msg/interactive_marker_update.hpp
[0.791s] -- Up-to-date: /home/abhay/microros_ws/install/visualization_msgs/include/visualization_msgs/visualization_msgs/msg/marker.hpp
[0.791s] -- Up-to-date: /home/abhay/microros_ws/install/visualization_msgs/include/visualization_msgs/visualization_msgs/msg/interactive_marker.hpp
[0.791s] -- Up-to-date: /home/abhay/microros_ws/install/visualization_msgs/include/visualization_msgs/visualization_msgs/msg/image_marker.hpp
[0.791s] -- Up-to-date: /home/abhay/microros_ws/install/visualization_msgs/include/visualization_msgs/visualization_msgs/msg/marker_array.hpp
[0.791s] -- Up-to-date: /home/abhay/microros_ws/install/visualization_msgs/include/visualization_msgs/visualization_msgs/msg/interactive_marker_control.hpp
[0.791s] -- Up-to-date: /home/abhay/microros_ws/install/visualization_msgs/include/visualization_msgs/visualization_msgs/srv
[0.791s] -- Up-to-date: /home/abhay/microros_ws/install/visualization_msgs/include/visualization_msgs/visualization_msgs/srv/detail
[0.791s] -- Up-to-date: /home/abhay/microros_ws/install/visualization_msgs/include/visualization_msgs/visualization_msgs/srv/detail/get_interactive_markers__traits.hpp
[0.791s] -- Up-to-date: /home/abhay/microros_ws/install/visualization_msgs/include/visualization_msgs/visualization_msgs/srv/detail/get_interactive_markers__builder.hpp
[0.791s] -- Up-to-date: /home/abhay/microros_ws/install/visualization_msgs/include/visualization_msgs/visualization_msgs/srv/detail/get_interactive_markers__struct.hpp
[0.791s] -- Up-to-date: /home/abhay/microros_ws/install/visualization_msgs/include/visualization_msgs/visualization_msgs/srv/get_interactive_markers.hpp
[0.791s] -- Up-to-date: /home/abhay/microros_ws/install/visualization_msgs/include/visualization_msgs/visualization_msgs
[0.791s] -- Up-to-date: /home/abhay/microros_ws/install/visualization_msgs/include/visualization_msgs/visualization_msgs/msg
[0.791s] -- Up-to-date: /home/abhay/microros_ws/install/visualization_msgs/include/visualization_msgs/visualization_msgs/msg/detail
[0.791s] -- Up-to-date: /home/abhay/microros_ws/install/visualization_msgs/include/visualization_msgs/visualization_msgs/msg/detail/mesh_file__rosidl_typesupport_fastrtps_cpp.hpp
[0.791s] -- Up-to-date: /home/abhay/microros_ws/install/visualization_msgs/include/visualization_msgs/visualization_msgs/msg/detail/uv_coordinate__rosidl_typesupport_fastrtps_cpp.hpp
[0.791s] -- Up-to-date: /home/abhay/microros_ws/install/visualization_msgs/include/visualization_msgs/visualization_msgs/msg/detail/interactive_marker_control__rosidl_typesupport_fastrtps_cpp.hpp
[0.791s] -- Up-to-date: /home/abhay/microros_ws/install/visualization_msgs/include/visualization_msgs/visualization_msgs/msg/detail/interactive_marker__rosidl_typesupport_fastrtps_cpp.hpp
[0.791s] -- Up-to-date: /home/abhay/microros_ws/install/visualization_msgs/include/visualization_msgs/visualization_msgs/msg/detail/image_marker__rosidl_typesupport_fastrtps_cpp.hpp
[0.791s] -- Up-to-date: /home/abhay/microros_ws/install/visualization_msgs/include/visualization_msgs/visualization_msgs/msg/detail/interactive_marker_init__rosidl_typesupport_fastrtps_cpp.hpp
[0.791s] -- Up-to-date: /home/abhay/microros_ws/install/visualization_msgs/include/visualization_msgs/visualization_msgs/msg/detail/interactive_marker_update__rosidl_typesupport_fastrtps_cpp.hpp
[0.791s] -- Up-to-date: /home/abhay/microros_ws/install/visualization_msgs/include/visualization_msgs/visualization_msgs/msg/detail/menu_entry__rosidl_typesupport_fastrtps_cpp.hpp
[0.791s] -- Up-to-date: /home/abhay/microros_ws/install/visualization_msgs/include/visualization_msgs/visualization_msgs/msg/detail/marker_array__rosidl_typesupport_fastrtps_cpp.hpp
[0.791s] -- Up-to-date: /home/abhay/microros_ws/install/visualization_msgs/include/visualization_msgs/visualization_msgs/msg/detail/interactive_marker_pose__rosidl_typesupport_fastrtps_cpp.hpp
[0.791s] -- Up-to-date: /home/abhay/microros_ws/install/visualization_msgs/include/visualization_msgs/visualization_msgs/msg/detail/dds_fastrtps
[0.791s] -- Up-to-date: /home/abhay/microros_ws/install/visualization_msgs/include/visualization_msgs/visualization_msgs/msg/detail/interactive_marker_feedback__rosidl_typesupport_fastrtps_cpp.hpp
[0.792s] -- Up-to-date: /home/abhay/microros_ws/install/visualization_msgs/include/visualization_msgs/visualization_msgs/msg/detail/marker__rosidl_typesupport_fastrtps_cpp.hpp
[0.792s] -- Up-to-date: /home/abhay/microros_ws/install/visualization_msgs/include/visualization_msgs/visualization_msgs/msg/rosidl_typesupport_fastrtps_cpp__visibility_control.h
[0.792s] -- Up-to-date: /home/abhay/microros_ws/install/visualization_msgs/include/visualization_msgs/visualization_msgs/srv
[0.792s] -- Up-to-date: /home/abhay/microros_ws/install/visualization_msgs/include/visualization_msgs/visualization_msgs/srv/detail
[0.792s] -- Up-to-date: /home/abhay/microros_ws/install/visualization_msgs/include/visualization_msgs/visualization_msgs/srv/detail/get_interactive_markers__rosidl_typesupport_fastrtps_cpp.hpp
[0.792s] -- Up-to-date: /home/abhay/microros_ws/install/visualization_msgs/include/visualization_msgs/visualization_msgs/srv/detail/dds_fastrtps
[0.792s] -- Up-to-date: /home/abhay/microros_ws/install/visualization_msgs/lib/libvisualization_msgs__rosidl_typesupport_fastrtps_cpp.so
[0.792s] -- Up-to-date: /home/abhay/microros_ws/install/visualization_msgs/include/visualization_msgs
[0.792s] -- Up-to-date: /home/abhay/microros_ws/install/visualization_msgs/include/visualization_msgs/msg
[0.792s] -- Up-to-date: /home/abhay/microros_ws/install/visualization_msgs/include/visualization_msgs/msg/detail
[0.792s] -- Up-to-date: /home/abhay/microros_ws/install/visualization_msgs/include/visualization_msgs/msg/detail/uv_coordinate__rosidl_typesupport_microxrcedds_c.h
[0.792s] -- Up-to-date: /home/abhay/microros_ws/install/visualization_msgs/include/visualization_msgs/msg/detail/menu_entry__rosidl_typesupport_microxrcedds_c.h
[0.792s] -- Up-to-date: /home/abhay/microros_ws/install/visualization_msgs/include/visualization_msgs/msg/detail/marker__rosidl_typesupport_microxrcedds_c.h
[0.792s] -- Up-to-date: /home/abhay/microros_ws/install/visualization_msgs/include/visualization_msgs/msg/detail/interactive_marker_pose__rosidl_typesupport_microxrcedds_c.h
[0.792s] -- Up-to-date: /home/abhay/microros_ws/install/visualization_msgs/include/visualization_msgs/msg/detail/microxrcedds
[0.792s] -- Up-to-date: /home/abhay/microros_ws/install/visualization_msgs/include/visualization_msgs/msg/detail/marker_array__rosidl_typesupport_microxrcedds_c.h
[0.792s] -- Up-to-date: /home/abhay/microros_ws/install/visualization_msgs/include/visualization_msgs/msg/detail/interactive_marker_feedback__rosidl_typesupport_microxrcedds_c.h
[0.792s] -- Up-to-date: /home/abhay/microros_ws/install/visualization_msgs/include/visualization_msgs/msg/detail/image_marker__rosidl_typesupport_microxrcedds_c.h
[0.792s] -- Up-to-date: /home/abhay/microros_ws/install/visualization_msgs/include/visualization_msgs/msg/detail/interactive_marker__rosidl_typesupport_microxrcedds_c.h
[0.792s] -- Up-to-date: /home/abhay/microros_ws/install/visualization_msgs/include/visualization_msgs/msg/detail/interactive_marker_update__rosidl_typesupport_microxrcedds_c.h
[0.792s] -- Up-to-date: /home/abhay/microros_ws/install/visualization_msgs/include/visualization_msgs/msg/detail/interactive_marker_init__rosidl_typesupport_microxrcedds_c.h
[0.792s] -- Up-to-date: /home/abhay/microros_ws/install/visualization_msgs/include/visualization_msgs/msg/detail/interactive_marker_control__rosidl_typesupport_microxrcedds_c.h
[0.792s] -- Up-to-date: /home/abhay/microros_ws/install/visualization_msgs/include/visualization_msgs/msg/detail/mesh_file__rosidl_typesupport_microxrcedds_c.h
[0.792s] -- Up-to-date: /home/abhay/microros_ws/install/visualization_msgs/include/visualization_msgs/msg/rosidl_typesupport_microxrcedds_c__visibility_control.h
[0.792s] -- Up-to-date: /home/abhay/microros_ws/install/visualization_msgs/include/visualization_msgs/srv
[0.793s] -- Up-to-date: /home/abhay/microros_ws/install/visualization_msgs/include/visualization_msgs/srv/detail
[0.793s] -- Up-to-date: /home/abhay/microros_ws/install/visualization_msgs/include/visualization_msgs/srv/detail/microxrcedds
[0.793s] -- Up-to-date: /home/abhay/microros_ws/install/visualization_msgs/include/visualization_msgs/srv/detail/get_interactive_markers__rosidl_typesupport_microxrcedds_c.h
[0.793s] -- Up-to-date: /home/abhay/microros_ws/install/visualization_msgs/lib/libvisualization_msgs__rosidl_typesupport_microxrcedds_c.so
[0.793s] -- Up-to-date: /home/abhay/microros_ws/install/visualization_msgs/include/visualization_msgs/visualization_msgs
[0.793s] -- Up-to-date: /home/abhay/microros_ws/install/visualization_msgs/include/visualization_msgs/visualization_msgs/msg
[0.793s] -- Up-to-date: /home/abhay/microros_ws/install/visualization_msgs/include/visualization_msgs/visualization_msgs/msg/detail
[0.793s] -- Up-to-date: /home/abhay/microros_ws/install/visualization_msgs/include/visualization_msgs/visualization_msgs/msg/detail/marker__rosidl_typesupport_introspection_c.h
[0.793s] -- Up-to-date: /home/abhay/microros_ws/install/visualization_msgs/include/visualization_msgs/visualization_msgs/msg/detail/interactive_marker_init__type_support.c
[0.793s] -- Up-to-date: /home/abhay/microros_ws/install/visualization_msgs/include/visualization_msgs/visualization_msgs/msg/detail/marker_array__rosidl_typesupport_introspection_c.h
[0.793s] -- Up-to-date: /home/abhay/microros_ws/install/visualization_msgs/include/visualization_msgs/visualization_msgs/msg/detail/interactive_marker_update__type_support.c
[0.793s] -- Up-to-date: /home/abhay/microros_ws/install/visualization_msgs/include/visualization_msgs/visualization_msgs/msg/detail/interactive_marker_pose__type_support.c
[0.793s] -- Up-to-date: /home/abhay/microros_ws/install/visualization_msgs/include/visualization_msgs/visualization_msgs/msg/detail/image_marker__type_support.c
[0.793s] -- Up-to-date: /home/abhay/microros_ws/install/visualization_msgs/include/visualization_msgs/visualization_msgs/msg/detail/mesh_file__type_support.c
[0.793s] -- Up-to-date: /home/abhay/microros_ws/install/visualization_msgs/include/visualization_msgs/visualization_msgs/msg/detail/interactive_marker_init__rosidl_typesupport_introspection_c.h
[0.793s] -- Up-to-date: /home/abhay/microros_ws/install/visualization_msgs/include/visualization_msgs/visualization_msgs/msg/detail/interactive_marker_feedback__type_support.c
[0.793s] -- Up-to-date: /home/abhay/microros_ws/install/visualization_msgs/include/visualization_msgs/visualization_msgs/msg/detail/interactive_marker_update__rosidl_typesupport_introspection_c.h
[0.793s] -- Up-to-date: /home/abhay/microros_ws/install/visualization_msgs/include/visualization_msgs/visualization_msgs/msg/detail/marker__type_support.c
[0.793s] -- Up-to-date: /home/abhay/microros_ws/install/visualization_msgs/include/visualization_msgs/visualization_msgs/msg/detail/interactive_marker_control__type_support.c
[0.793s] -- Up-to-date: /home/abhay/microros_ws/install/visualization_msgs/include/visualization_msgs/visualization_msgs/msg/detail/uv_coordinate__rosidl_typesupport_introspection_c.h
[0.793s] -- Up-to-date: /home/abhay/microros_ws/install/visualization_msgs/include/visualization_msgs/visualization_msgs/msg/detail/menu_entry__type_support.c
[0.793s] -- Up-to-date: /home/abhay/microros_ws/install/visualization_msgs/include/visualization_msgs/visualization_msgs/msg/detail/interactive_marker_feedback__rosidl_typesupport_introspection_c.h
[0.793s] -- Up-to-date: /home/abhay/microros_ws/install/visualization_msgs/include/visualization_msgs/visualization_msgs/msg/detail/menu_entry__rosidl_typesupport_introspection_c.h
[0.793s] -- Up-to-date: /home/abhay/microros_ws/install/visualization_msgs/include/visualization_msgs/visualization_msgs/msg/detail/interactive_marker__rosidl_typesupport_introspection_c.h
[0.793s] -- Up-to-date: /home/abhay/microros_ws/install/visualization_msgs/include/visualization_msgs/visualization_msgs/msg/detail/interactive_marker_pose__rosidl_typesupport_introspection_c.h
[0.793s] -- Up-to-date: /home/abhay/microros_ws/install/visualization_msgs/include/visualization_msgs/visualization_msgs/msg/detail/interactive_marker__type_support.c
[0.793s] -- Up-to-date: /home/abhay/microros_ws/install/visualization_msgs/include/visualization_msgs/visualization_msgs/msg/detail/mesh_file__rosidl_typesupport_introspection_c.h
[0.793s] -- Up-to-date: /home/abhay/microros_ws/install/visualization_msgs/include/visualization_msgs/visualization_msgs/msg/detail/marker_array__type_support.c
[0.793s] -- Up-to-date: /home/abhay/microros_ws/install/visualization_msgs/include/visualization_msgs/visualization_msgs/msg/detail/image_marker__rosidl_typesupport_introspection_c.h
[0.793s] -- Up-to-date: /home/abhay/microros_ws/install/visualization_msgs/include/visualization_msgs/visualization_msgs/msg/detail/uv_coordinate__type_support.c
[0.793s] -- Up-to-date: /home/abhay/microros_ws/install/visualization_msgs/include/visualization_msgs/visualization_msgs/msg/detail/interactive_marker_control__rosidl_typesupport_introspection_c.h
[0.794s] -- Up-to-date: /home/abhay/microros_ws/install/visualization_msgs/include/visualization_msgs/visualization_msgs/msg/rosidl_typesupport_introspection_c__visibility_control.h
[0.794s] -- Up-to-date: /home/abhay/microros_ws/install/visualization_msgs/include/visualization_msgs/visualization_msgs/srv
[0.794s] -- Up-to-date: /home/abhay/microros_ws/install/visualization_msgs/include/visualization_msgs/visualization_msgs/srv/detail
[0.794s] -- Up-to-date: /home/abhay/microros_ws/install/visualization_msgs/include/visualization_msgs/visualization_msgs/srv/detail/get_interactive_markers__rosidl_typesupport_introspection_c.h
[0.794s] -- Up-to-date: /home/abhay/microros_ws/install/visualization_msgs/include/visualization_msgs/visualization_msgs/srv/detail/get_interactive_markers__type_support.c
[0.794s] -- Up-to-date: /home/abhay/microros_ws/install/visualization_msgs/lib/libvisualization_msgs__rosidl_typesupport_introspection_c.so
[0.794s] -- Up-to-date: /home/abhay/microros_ws/install/visualization_msgs/lib/libvisualization_msgs__rosidl_typesupport_c.so
[0.794s] -- Up-to-date: /home/abhay/microros_ws/install/visualization_msgs/include/visualization_msgs
[0.794s] -- Up-to-date: /home/abhay/microros_ws/install/visualization_msgs/include/visualization_msgs/msg
[0.794s] -- Up-to-date: /home/abhay/microros_ws/install/visualization_msgs/include/visualization_msgs/msg/detail
[0.794s] -- Up-to-date: /home/abhay/microros_ws/install/visualization_msgs/include/visualization_msgs/msg/detail/interactive_marker_pose__rosidl_typesupport_microxrcedds_cpp.hpp
[0.794s] -- Up-to-date: /home/abhay/microros_ws/install/visualization_msgs/include/visualization_msgs/msg/detail/mesh_file__rosidl_typesupport_microxrcedds_cpp.hpp
[0.794s] -- Up-to-date: /home/abhay/microros_ws/install/visualization_msgs/include/visualization_msgs/msg/detail/interactive_marker_update__rosidl_typesupport_microxrcedds_cpp.hpp
[0.794s] -- Up-to-date: /home/abhay/microros_ws/install/visualization_msgs/include/visualization_msgs/msg/detail/image_marker__rosidl_typesupport_microxrcedds_cpp.hpp
[0.794s] -- Up-to-date: /home/abhay/microros_ws/install/visualization_msgs/include/visualization_msgs/msg/detail/uv_coordinate__rosidl_typesupport_microxrcedds_cpp.hpp
[0.794s] -- Up-to-date: /home/abhay/microros_ws/install/visualization_msgs/include/visualization_msgs/msg/detail/interactive_marker_control__rosidl_typesupport_microxrcedds_cpp.hpp
[0.794s] -- Up-to-date: /home/abhay/microros_ws/install/visualization_msgs/include/visualization_msgs/msg/detail/marker_array__rosidl_typesupport_microxrcedds_cpp.hpp
[0.794s] -- Up-to-date: /home/abhay/microros_ws/install/visualization_msgs/include/visualization_msgs/msg/detail/microxrcedds
[0.794s] -- Up-to-date: /home/abhay/microros_ws/install/visualization_msgs/include/visualization_msgs/msg/detail/microxrcedds/interactive_marker_init__type_support_cpp.cpp
[0.794s] -- Up-to-date: /home/abhay/microros_ws/install/visualization_msgs/include/visualization_msgs/msg/detail/microxrcedds/interactive_marker_feedback__type_support_cpp.cpp
[0.794s] -- Up-to-date: /home/abhay/microros_ws/install/visualization_msgs/include/visualization_msgs/msg/detail/microxrcedds/uv_coordinate__type_support_cpp.cpp
[0.794s] -- Up-to-date: /home/abhay/microros_ws/install/visualization_msgs/include/visualization_msgs/msg/detail/microxrcedds/menu_entry__type_support_cpp.cpp
[0.794s] -- Up-to-date: /home/abhay/microros_ws/install/visualization_msgs/include/visualization_msgs/msg/detail/microxrcedds/interactive_marker_pose__type_support_cpp.cpp
[0.794s] -- Up-to-date: /home/abhay/microros_ws/install/visualization_msgs/include/visualization_msgs/msg/detail/microxrcedds/mesh_file__type_support_cpp.cpp
[0.794s] -- Up-to-date: /home/abhay/microros_ws/install/visualization_msgs/include/visualization_msgs/msg/detail/microxrcedds/interactive_marker_update__type_support_cpp.cpp
[0.794s] -- Up-to-date: /home/abhay/microros_ws/install/visualization_msgs/include/visualization_msgs/msg/detail/microxrcedds/interactive_marker__type_support_cpp.cpp
[0.794s] -- Up-to-date: /home/abhay/microros_ws/install/visualization_msgs/include/visualization_msgs/msg/detail/microxrcedds/marker__type_support_cpp.cpp
[0.794s] -- Up-to-date: /home/abhay/microros_ws/install/visualization_msgs/include/visualization_msgs/msg/detail/microxrcedds/marker_array__type_support_cpp.cpp
[0.794s] -- Up-to-date: /home/abhay/microros_ws/install/visualization_msgs/include/visualization_msgs/msg/detail/microxrcedds/interactive_marker_control__type_support_cpp.cpp
[0.794s] -- Up-to-date: /home/abhay/microros_ws/install/visualization_msgs/include/visualization_msgs/msg/detail/microxrcedds/image_marker__type_support_cpp.cpp
[0.794s] -- Up-to-date: /home/abhay/microros_ws/install/visualization_msgs/include/visualization_msgs/msg/detail/interactive_marker_init__rosidl_typesupport_microxrcedds_cpp.hpp
[0.794s] -- Up-to-date: /home/abhay/microros_ws/install/visualization_msgs/include/visualization_msgs/msg/detail/marker__rosidl_typesupport_microxrcedds_cpp.hpp
[0.795s] -- Up-to-date: /home/abhay/microros_ws/install/visualization_msgs/include/visualization_msgs/msg/detail/interactive_marker_feedback__rosidl_typesupport_microxrcedds_cpp.hpp
[0.795s] -- Up-to-date: /home/abhay/microros_ws/install/visualization_msgs/include/visualization_msgs/msg/detail/interactive_marker__rosidl_typesupport_microxrcedds_cpp.hpp
[0.795s] -- Up-to-date: /home/abhay/microros_ws/install/visualization_msgs/include/visualization_msgs/msg/detail/menu_entry__rosidl_typesupport_microxrcedds_cpp.hpp
[0.795s] -- Up-to-date: /home/abhay/microros_ws/install/visualization_msgs/include/visualization_msgs/msg/rosidl_typesupport_microxrcedds_cpp__visibility_control.h
[0.795s] -- Up-to-date: /home/abhay/microros_ws/install/visualization_msgs/include/visualization_msgs/srv
[0.795s] -- Up-to-date: /home/abhay/microros_ws/install/visualization_msgs/include/visualization_msgs/srv/detail
[0.795s] -- Up-to-date: /home/abhay/microros_ws/install/visualization_msgs/include/visualization_msgs/srv/detail/get_interactive_markers__rosidl_typesupport_microxrcedds_cpp.hpp
[0.795s] -- Up-to-date: /home/abhay/microros_ws/install/visualization_msgs/include/visualization_msgs/srv/detail/microxrcedds
[0.795s] -- Up-to-date: /home/abhay/microros_ws/install/visualization_msgs/include/visualization_msgs/srv/detail/microxrcedds/get_interactive_markers__type_support_cpp.cpp
[0.795s] -- Up-to-date: /home/abhay/microros_ws/install/visualization_msgs/lib/libvisualization_msgs__rosidl_typesupport_microxrcedds_cpp.so
[0.795s] -- Up-to-date: /home/abhay/microros_ws/install/visualization_msgs/include/visualization_msgs/visualization_msgs
[0.795s] -- Up-to-date: /home/abhay/microros_ws/install/visualization_msgs/include/visualization_msgs/visualization_msgs/msg
[0.795s] -- Up-to-date: /home/abhay/microros_ws/install/visualization_msgs/include/visualization_msgs/visualization_msgs/msg/detail
[0.795s] -- Up-to-date: /home/abhay/microros_ws/install/visualization_msgs/include/visualization_msgs/visualization_msgs/msg/detail/interactive_marker_init__type_support.cpp
[0.795s] -- Up-to-date: /home/abhay/microros_ws/install/visualization_msgs/include/visualization_msgs/visualization_msgs/msg/detail/interactive_marker__type_support.cpp
[0.795s] -- Up-to-date: /home/abhay/microros_ws/install/visualization_msgs/include/visualization_msgs/visualization_msgs/msg/detail/marker_array__type_support.cpp
[0.795s] -- Up-to-date: /home/abhay/microros_ws/install/visualization_msgs/include/visualization_msgs/visualization_msgs/msg/detail/interactive_marker_control__rosidl_typesupport_introspection_cpp.hpp
[0.795s] -- Up-to-date: /home/abhay/microros_ws/install/visualization_msgs/include/visualization_msgs/visualization_msgs/msg/detail/marker_array__rosidl_typesupport_introspection_cpp.hpp
[0.795s] -- Up-to-date: /home/abhay/microros_ws/install/visualization_msgs/include/visualization_msgs/visualization_msgs/msg/detail/interactive_marker_control__type_support.cpp
[0.795s] -- Up-to-date: /home/abhay/microros_ws/install/visualization_msgs/include/visualization_msgs/visualization_msgs/msg/detail/interactive_marker_feedback__type_support.cpp
[0.795s] -- Up-to-date: /home/abhay/microros_ws/install/visualization_msgs/include/visualization_msgs/visualization_msgs/msg/detail/interactive_marker__rosidl_typesupport_introspection_cpp.hpp
[0.795s] -- Up-to-date: /home/abhay/microros_ws/install/visualization_msgs/include/visualization_msgs/visualization_msgs/msg/detail/mesh_file__rosidl_typesupport_introspection_cpp.hpp
[0.795s] -- Up-to-date: /home/abhay/microros_ws/install/visualization_msgs/include/visualization_msgs/visualization_msgs/msg/detail/interactive_marker_init__rosidl_typesupport_introspection_cpp.hpp
[0.795s] -- Up-to-date: /home/abhay/microros_ws/install/visualization_msgs/include/visualization_msgs/visualization_msgs/msg/detail/marker__rosidl_typesupport_introspection_cpp.hpp
[0.795s] -- Up-to-date: /home/abhay/microros_ws/install/visualization_msgs/include/visualization_msgs/visualization_msgs/msg/detail/menu_entry__type_support.cpp
[0.795s] -- Up-to-date: /home/abhay/microros_ws/install/visualization_msgs/include/visualization_msgs/visualization_msgs/msg/detail/marker__type_support.cpp
[0.795s] -- Up-to-date: /home/abhay/microros_ws/install/visualization_msgs/include/visualization_msgs/visualization_msgs/msg/detail/uv_coordinate__type_support.cpp
[0.795s] -- Up-to-date: /home/abhay/microros_ws/install/visualization_msgs/include/visualization_msgs/visualization_msgs/msg/detail/interactive_marker_feedback__rosidl_typesupport_introspection_cpp.hpp
[0.795s] -- Up-to-date: /home/abhay/microros_ws/install/visualization_msgs/include/visualization_msgs/visualization_msgs/msg/detail/image_marker__rosidl_typesupport_introspection_cpp.hpp
[0.795s] -- Up-to-date: /home/abhay/microros_ws/install/visualization_msgs/include/visualization_msgs/visualization_msgs/msg/detail/interactive_marker_update__type_support.cpp
[0.795s] -- Up-to-date: /home/abhay/microros_ws/install/visualization_msgs/include/visualization_msgs/visualization_msgs/msg/detail/mesh_file__type_support.cpp
[0.795s] -- Up-to-date: /home/abhay/microros_ws/install/visualization_msgs/include/visualization_msgs/visualization_msgs/msg/detail/uv_coordinate__rosidl_typesupport_introspection_cpp.hpp
[0.795s] -- Up-to-date: /home/abhay/microros_ws/install/visualization_msgs/include/visualization_msgs/visualization_msgs/msg/detail/menu_entry__rosidl_typesupport_introspection_cpp.hpp
[0.795s] -- Up-to-date: /home/abhay/microros_ws/install/visualization_msgs/include/visualization_msgs/visualization_msgs/msg/detail/image_marker__type_support.cpp
[0.796s] -- Up-to-date: /home/abhay/microros_ws/install/visualization_msgs/include/visualization_msgs/visualization_msgs/msg/detail/interactive_marker_pose__type_support.cpp
[0.796s] -- Up-to-date: /home/abhay/microros_ws/install/visualization_msgs/include/visualization_msgs/visualization_msgs/msg/detail/interactive_marker_pose__rosidl_typesupport_introspection_cpp.hpp
[0.796s] -- Up-to-date: /home/abhay/microros_ws/install/visualization_msgs/include/visualization_msgs/visualization_msgs/msg/detail/interactive_marker_update__rosidl_typesupport_introspection_cpp.hpp
[0.796s] -- Up-to-date: /home/abhay/microros_ws/install/visualization_msgs/include/visualization_msgs/visualization_msgs/srv
[0.796s] -- Up-to-date: /home/abhay/microros_ws/install/visualization_msgs/include/visualization_msgs/visualization_msgs/srv/detail
[0.796s] -- Up-to-date: /home/abhay/microros_ws/install/visualization_msgs/include/visualization_msgs/visualization_msgs/srv/detail/get_interactive_markers__type_support.cpp
[0.796s] -- Up-to-date: /home/abhay/microros_ws/install/visualization_msgs/include/visualization_msgs/visualization_msgs/srv/detail/get_interactive_markers__rosidl_typesupport_introspection_cpp.hpp
[0.796s] -- Up-to-date: /home/abhay/microros_ws/install/visualization_msgs/lib/libvisualization_msgs__rosidl_typesupport_introspection_cpp.so
[0.796s] -- Up-to-date: /home/abhay/microros_ws/install/visualization_msgs/lib/libvisualization_msgs__rosidl_typesupport_cpp.so
[0.796s] -- Up-to-date: /home/abhay/microros_ws/install/visualization_msgs/share/visualization_msgs/environment/pythonpath.sh
[0.796s] -- Up-to-date: /home/abhay/microros_ws/install/visualization_msgs/share/visualization_msgs/environment/pythonpath.dsv
[0.796s] -- Up-to-date: /home/abhay/microros_ws/install/visualization_msgs/local/lib/python3.10/dist-packages/visualization_msgs-4.2.3-py3.10.egg-info
[0.796s] -- Installing: /home/abhay/microros_ws/install/visualization_msgs/local/lib/python3.10/dist-packages/visualization_msgs-4.2.3-py3.10.egg-info/top_level.txt
[0.796s] -- Installing: /home/abhay/microros_ws/install/visualization_msgs/local/lib/python3.10/dist-packages/visualization_msgs-4.2.3-py3.10.egg-info/SOURCES.txt
[0.796s] -- Installing: /home/abhay/microros_ws/install/visualization_msgs/local/lib/python3.10/dist-packages/visualization_msgs-4.2.3-py3.10.egg-info/dependency_links.txt
[0.796s] -- Installing: /home/abhay/microros_ws/install/visualization_msgs/local/lib/python3.10/dist-packages/visualization_msgs-4.2.3-py3.10.egg-info/PKG-INFO
[0.796s] -- Up-to-date: /home/abhay/microros_ws/install/visualization_msgs/local/lib/python3.10/dist-packages/visualization_msgs
[0.796s] -- Up-to-date: /home/abhay/microros_ws/install/visualization_msgs/local/lib/python3.10/dist-packages/visualization_msgs/_visualization_msgs_s.ep.rosidl_typesupport_introspection_c.c
[0.796s] -- Up-to-date: /home/abhay/microros_ws/install/visualization_msgs/local/lib/python3.10/dist-packages/visualization_msgs/msg
[0.796s] -- Up-to-date: /home/abhay/microros_ws/install/visualization_msgs/local/lib/python3.10/dist-packages/visualization_msgs/msg/_interactive_marker_pose.py
[0.796s] -- Up-to-date: /home/abhay/microros_ws/install/visualization_msgs/local/lib/python3.10/dist-packages/visualization_msgs/msg/_interactive_marker_feedback_s.c
[0.796s] -- Up-to-date: /home/abhay/microros_ws/install/visualization_msgs/local/lib/python3.10/dist-packages/visualization_msgs/msg/_image_marker_s.c
[0.796s] -- Up-to-date: /home/abhay/microros_ws/install/visualization_msgs/local/lib/python3.10/dist-packages/visualization_msgs/msg/_mesh_file_s.c
[0.796s] -- Up-to-date: /home/abhay/microros_ws/install/visualization_msgs/local/lib/python3.10/dist-packages/visualization_msgs/msg/_uv_coordinate.py
[0.796s] -- Up-to-date: /home/abhay/microros_ws/install/visualization_msgs/local/lib/python3.10/dist-packages/visualization_msgs/msg/_interactive_marker_init_s.c
[0.796s] -- Up-to-date: /home/abhay/microros_ws/install/visualization_msgs/local/lib/python3.10/dist-packages/visualization_msgs/msg/_mesh_file.py
[0.796s] -- Up-to-date: /home/abhay/microros_ws/install/visualization_msgs/local/lib/python3.10/dist-packages/visualization_msgs/msg/_interactive_marker_feedback.py
[0.796s] -- Up-to-date: /home/abhay/microros_ws/install/visualization_msgs/local/lib/python3.10/dist-packages/visualization_msgs/msg/_interactive_marker_s.c
[0.796s] -- Up-to-date: /home/abhay/microros_ws/install/visualization_msgs/local/lib/python3.10/dist-packages/visualization_msgs/msg/_interactive_marker_pose_s.c
[0.796s] -- Up-to-date: /home/abhay/microros_ws/install/visualization_msgs/local/lib/python3.10/dist-packages/visualization_msgs/msg/_interactive_marker_update_s.c
[0.796s] -- Up-to-date: /home/abhay/microros_ws/install/visualization_msgs/local/lib/python3.10/dist-packages/visualization_msgs/msg/_marker_s.c
[0.796s] -- Up-to-date: /home/abhay/microros_ws/install/visualization_msgs/local/lib/python3.10/dist-packages/visualization_msgs/msg/_uv_coordinate_s.c
[0.796s] -- Up-to-date: /home/abhay/microros_ws/install/visualization_msgs/local/lib/python3.10/dist-packages/visualization_msgs/msg/_interactive_marker_update.py
[0.797s] -- Up-to-date: /home/abhay/microros_ws/install/visualization_msgs/local/lib/python3.10/dist-packages/visualization_msgs/msg/_marker_array_s.c
[0.797s] -- Up-to-date: /home/abhay/microros_ws/install/visualization_msgs/local/lib/python3.10/dist-packages/visualization_msgs/msg/_interactive_marker_control.py
[0.797s] -- Up-to-date: /home/abhay/microros_ws/install/visualization_msgs/local/lib/python3.10/dist-packages/visualization_msgs/msg/_image_marker.py
[0.797s] -- Up-to-date: /home/abhay/microros_ws/install/visualization_msgs/local/lib/python3.10/dist-packages/visualization_msgs/msg/_interactive_marker_control_s.c
[0.797s] -- Up-to-date: /home/abhay/microros_ws/install/visualization_msgs/local/lib/python3.10/dist-packages/visualization_msgs/msg/_menu_entry.py
[0.797s] -- Up-to-date: /home/abhay/microros_ws/install/visualization_msgs/local/lib/python3.10/dist-packages/visualization_msgs/msg/__init__.py
[0.797s] -- Up-to-date: /home/abhay/microros_ws/install/visualization_msgs/local/lib/python3.10/dist-packages/visualization_msgs/msg/_menu_entry_s.c
[0.797s] -- Up-to-date: /home/abhay/microros_ws/install/visualization_msgs/local/lib/python3.10/dist-packages/visualization_msgs/msg/_marker_array.py
[0.797s] -- Up-to-date: /home/abhay/microros_ws/install/visualization_msgs/local/lib/python3.10/dist-packages/visualization_msgs/msg/_interactive_marker.py
[0.797s] -- Up-to-date: /home/abhay/microros_ws/install/visualization_msgs/local/lib/python3.10/dist-packages/visualization_msgs/msg/_marker.py
[0.797s] -- Up-to-date: /home/abhay/microros_ws/install/visualization_msgs/local/lib/python3.10/dist-packages/visualization_msgs/msg/_interactive_marker_init.py
[0.797s] -- Up-to-date: /home/abhay/microros_ws/install/visualization_msgs/local/lib/python3.10/dist-packages/visualization_msgs/_visualization_msgs_s.ep.rosidl_typesupport_c.c
[0.797s] -- Up-to-date: /home/abhay/microros_ws/install/visualization_msgs/local/lib/python3.10/dist-packages/visualization_msgs/_visualization_msgs_s.ep.rosidl_typesupport_microxrcedds_c.c
[0.797s] -- Up-to-date: /home/abhay/microros_ws/install/visualization_msgs/local/lib/python3.10/dist-packages/visualization_msgs/visualization_msgs_s__rosidl_typesupport_introspection_c.cpython-310-x86_64-linux-gnu.so
[0.797s] -- Up-to-date: /home/abhay/microros_ws/install/visualization_msgs/local/lib/python3.10/dist-packages/visualization_msgs/visualization_msgs_s__rosidl_typesupport_fastrtps_c.cpython-310-x86_64-linux-gnu.so
[0.797s] -- Up-to-date: /home/abhay/microros_ws/install/visualization_msgs/local/lib/python3.10/dist-packages/visualization_msgs/libvisualization_msgs__rosidl_generator_py.so
[0.797s] -- Up-to-date: /home/abhay/microros_ws/install/visualization_msgs/local/lib/python3.10/dist-packages/visualization_msgs/visualization_msgs_s__rosidl_typesupport_microxrcedds_c.cpython-310-x86_64-linux-gnu.so
[0.797s] -- Up-to-date: /home/abhay/microros_ws/install/visualization_msgs/local/lib/python3.10/dist-packages/visualization_msgs/__init__.py
[0.797s] -- Up-to-date: /home/abhay/microros_ws/install/visualization_msgs/local/lib/python3.10/dist-packages/visualization_msgs/srv
[0.797s] -- Up-to-date: /home/abhay/microros_ws/install/visualization_msgs/local/lib/python3.10/dist-packages/visualization_msgs/srv/_get_interactive_markers_s.c
[0.797s] -- Up-to-date: /home/abhay/microros_ws/install/visualization_msgs/local/lib/python3.10/dist-packages/visualization_msgs/srv/__init__.py
[0.797s] -- Up-to-date: /home/abhay/microros_ws/install/visualization_msgs/local/lib/python3.10/dist-packages/visualization_msgs/srv/_get_interactive_markers.py
[0.797s] -- Up-to-date: /home/abhay/microros_ws/install/visualization_msgs/local/lib/python3.10/dist-packages/visualization_msgs/_visualization_msgs_s.ep.rosidl_typesupport_fastrtps_c.c
[0.797s] -- Up-to-date: /home/abhay/microros_ws/install/visualization_msgs/local/lib/python3.10/dist-packages/visualization_msgs/visualization_msgs_s__rosidl_typesupport_c.cpython-310-x86_64-linux-gnu.so
[0.820s] Listing '/home/abhay/microros_ws/install/visualization_msgs/local/lib/python3.10/dist-packages/visualization_msgs'...
[0.820s] Listing '/home/abhay/microros_ws/install/visualization_msgs/local/lib/python3.10/dist-packages/visualization_msgs/msg'...
[0.820s] Listing '/home/abhay/microros_ws/install/visualization_msgs/local/lib/python3.10/dist-packages/visualization_msgs/srv'...
[0.823s] -- Up-to-date: /home/abhay/microros_ws/install/visualization_msgs/local/lib/python3.10/dist-packages/visualization_msgs/visualization_msgs_s__rosidl_typesupport_microxrcedds_c.cpython-310-x86_64-linux-gnu.so
[0.824s] -- Up-to-date: /home/abhay/microros_ws/install/visualization_msgs/local/lib/python3.10/dist-packages/visualization_msgs/visualization_msgs_s__rosidl_typesupport_fastrtps_c.cpython-310-x86_64-linux-gnu.so
[0.824s] -- Up-to-date: /home/abhay/microros_ws/install/visualization_msgs/local/lib/python3.10/dist-packages/visualization_msgs/visualization_msgs_s__rosidl_typesupport_introspection_c.cpython-310-x86_64-linux-gnu.so
[0.824s] -- Up-to-date: /home/abhay/microros_ws/install/visualization_msgs/local/lib/python3.10/dist-packages/visualization_msgs/visualization_msgs_s__rosidl_typesupport_c.cpython-310-x86_64-linux-gnu.so
[0.824s] -- Up-to-date: /home/abhay/microros_ws/install/visualization_msgs/lib/libvisualization_msgs__rosidl_generator_py.so
[0.824s] -- Up-to-date: /home/abhay/microros_ws/install/visualization_msgs/share/visualization_msgs/msg/ImageMarker.idl
[0.824s] -- Up-to-date: /home/abhay/microros_ws/install/visualization_msgs/share/visualization_msgs/msg/InteractiveMarker.idl
[0.824s] -- Up-to-date: /home/abhay/microros_ws/install/visualization_msgs/share/visualization_msgs/msg/InteractiveMarkerControl.idl
[0.824s] -- Up-to-date: /home/abhay/microros_ws/install/visualization_msgs/share/visualization_msgs/msg/InteractiveMarkerFeedback.idl
[0.824s] -- Up-to-date: /home/abhay/microros_ws/install/visualization_msgs/share/visualization_msgs/msg/InteractiveMarkerInit.idl
[0.824s] -- Up-to-date: /home/abhay/microros_ws/install/visualization_msgs/share/visualization_msgs/msg/InteractiveMarkerPose.idl
[0.824s] -- Up-to-date: /home/abhay/microros_ws/install/visualization_msgs/share/visualization_msgs/msg/InteractiveMarkerUpdate.idl
[0.824s] -- Up-to-date: /home/abhay/microros_ws/install/visualization_msgs/share/visualization_msgs/msg/Marker.idl
[0.824s] -- Up-to-date: /home/abhay/microros_ws/install/visualization_msgs/share/visualization_msgs/msg/MarkerArray.idl
[0.824s] -- Up-to-date: /home/abhay/microros_ws/install/visualization_msgs/share/visualization_msgs/msg/MenuEntry.idl
[0.825s] -- Up-to-date: /home/abhay/microros_ws/install/visualization_msgs/share/visualization_msgs/msg/MeshFile.idl
[0.825s] -- Up-to-date: /home/abhay/microros_ws/install/visualization_msgs/share/visualization_msgs/msg/UVCoordinate.idl
[0.825s] -- Up-to-date: /home/abhay/microros_ws/install/visualization_msgs/share/visualization_msgs/srv/GetInteractiveMarkers.idl
[0.825s] -- Up-to-date: /home/abhay/microros_ws/install/visualization_msgs/share/visualization_msgs/msg/ImageMarker.msg
[0.825s] -- Up-to-date: /home/abhay/microros_ws/install/visualization_msgs/share/visualization_msgs/msg/InteractiveMarker.msg
[0.825s] -- Up-to-date: /home/abhay/microros_ws/install/visualization_msgs/share/visualization_msgs/msg/InteractiveMarkerControl.msg
[0.825s] -- Up-to-date: /home/abhay/microros_ws/install/visualization_msgs/share/visualization_msgs/msg/InteractiveMarkerFeedback.msg
[0.825s] -- Up-to-date: /home/abhay/microros_ws/install/visualization_msgs/share/visualization_msgs/msg/InteractiveMarkerInit.msg
[0.825s] -- Up-to-date: /home/abhay/microros_ws/install/visualization_msgs/share/visualization_msgs/msg/InteractiveMarkerPose.msg
[0.825s] -- Up-to-date: /home/abhay/microros_ws/install/visualization_msgs/share/visualization_msgs/msg/InteractiveMarkerUpdate.msg
[0.825s] -- Up-to-date: /home/abhay/microros_ws/install/visualization_msgs/share/visualization_msgs/msg/Marker.msg
[0.825s] -- Up-to-date: /home/abhay/microros_ws/install/visualization_msgs/share/visualization_msgs/msg/MarkerArray.msg
[0.825s] -- Up-to-date: /home/abhay/microros_ws/install/visualization_msgs/share/visualization_msgs/msg/MenuEntry.msg
[0.825s] -- Up-to-date: /home/abhay/microros_ws/install/visualization_msgs/share/visualization_msgs/msg/MeshFile.msg
[0.825s] -- Up-to-date: /home/abhay/microros_ws/install/visualization_msgs/share/visualization_msgs/msg/UVCoordinate.msg
[0.825s] -- Up-to-date: /home/abhay/microros_ws/install/visualization_msgs/share/visualization_msgs/srv/GetInteractiveMarkers.srv
[0.825s] -- Up-to-date: /home/abhay/microros_ws/install/visualization_msgs/share/visualization_msgs/srv/GetInteractiveMarkers_Request.msg
[0.825s] -- Up-to-date: /home/abhay/microros_ws/install/visualization_msgs/share/visualization_msgs/srv/GetInteractiveMarkers_Response.msg
[0.825s] -- Up-to-date: /home/abhay/microros_ws/install/visualization_msgs/share/ament_index/resource_index/package_run_dependencies/visualization_msgs
[0.825s] -- Up-to-date: /home/abhay/microros_ws/install/visualization_msgs/share/ament_index/resource_index/parent_prefix_path/visualization_msgs
[0.825s] -- Up-to-date: /home/abhay/microros_ws/install/visualization_msgs/share/visualization_msgs/environment/ament_prefix_path.sh
[0.825s] -- Up-to-date: /home/abhay/microros_ws/install/visualization_msgs/share/visualization_msgs/environment/ament_prefix_path.dsv
[0.825s] -- Up-to-date: /home/abhay/microros_ws/install/visualization_msgs/share/visualization_msgs/environment/path.sh
[0.825s] -- Up-to-date: /home/abhay/microros_ws/install/visualization_msgs/share/visualization_msgs/environment/path.dsv
[0.825s] -- Up-to-date: /home/abhay/microros_ws/install/visualization_msgs/share/visualization_msgs/local_setup.bash
[0.825s] -- Up-to-date: /home/abhay/microros_ws/install/visualization_msgs/share/visualization_msgs/local_setup.sh
[0.826s] -- Up-to-date: /home/abhay/microros_ws/install/visualization_msgs/share/visualization_msgs/local_setup.zsh
[0.826s] -- Up-to-date: /home/abhay/microros_ws/install/visualization_msgs/share/visualization_msgs/local_setup.dsv
[0.826s] -- Installing: /home/abhay/microros_ws/install/visualization_msgs/share/visualization_msgs/package.dsv
[0.826s] -- Up-to-date: /home/abhay/microros_ws/install/visualization_msgs/share/ament_index/resource_index/packages/visualization_msgs
[0.826s] -- Up-to-date: /home/abhay/microros_ws/install/visualization_msgs/share/visualization_msgs/cmake/export_visualization_msgs__rosidl_generator_cExport.cmake
[0.826s] -- Up-to-date: /home/abhay/microros_ws/install/visualization_msgs/share/visualization_msgs/cmake/export_visualization_msgs__rosidl_generator_cExport-noconfig.cmake
[0.826s] -- Up-to-date: /home/abhay/microros_ws/install/visualization_msgs/share/visualization_msgs/cmake/export_visualization_msgs__rosidl_typesupport_fastrtps_cExport.cmake
[0.826s] -- Up-to-date: /home/abhay/microros_ws/install/visualization_msgs/share/visualization_msgs/cmake/export_visualization_msgs__rosidl_typesupport_fastrtps_cExport-noconfig.cmake
[0.826s] -- Up-to-date: /home/abhay/microros_ws/install/visualization_msgs/share/visualization_msgs/cmake/export_visualization_msgs__rosidl_generator_cppExport.cmake
[0.826s] -- Up-to-date: /home/abhay/microros_ws/install/visualization_msgs/share/visualization_msgs/cmake/export_visualization_msgs__rosidl_typesupport_fastrtps_cppExport.cmake
[0.826s] -- Up-to-date: /home/abhay/microros_ws/install/visualization_msgs/share/visualization_msgs/cmake/export_visualization_msgs__rosidl_typesupport_fastrtps_cppExport-noconfig.cmake
[0.826s] -- Up-to-date: /home/abhay/microros_ws/install/visualization_msgs/share/visualization_msgs/cmake/visualization_msgs__rosidl_typesupport_introspection_cExport.cmake
[0.826s] -- Up-to-date: /home/abhay/microros_ws/install/visualization_msgs/share/visualization_msgs/cmake/visualization_msgs__rosidl_typesupport_introspection_cExport-noconfig.cmake
[0.826s] -- Up-to-date: /home/abhay/microros_ws/install/visualization_msgs/share/visualization_msgs/cmake/visualization_msgs__rosidl_typesupport_cExport.cmake
[0.826s] -- Up-to-date: /home/abhay/microros_ws/install/visualization_msgs/share/visualization_msgs/cmake/visualization_msgs__rosidl_typesupport_cExport-noconfig.cmake
[0.826s] -- Up-to-date: /home/abhay/microros_ws/install/visualization_msgs/share/visualization_msgs/cmake/visualization_msgs__rosidl_typesupport_introspection_cppExport.cmake
[0.826s] -- Up-to-date: /home/abhay/microros_ws/install/visualization_msgs/share/visualization_msgs/cmake/visualization_msgs__rosidl_typesupport_introspection_cppExport-noconfig.cmake
[0.826s] -- Up-to-date: /home/abhay/microros_ws/install/visualization_msgs/share/visualization_msgs/cmake/visualization_msgs__rosidl_typesupport_cppExport.cmake
[0.826s] -- Up-to-date: /home/abhay/microros_ws/install/visualization_msgs/share/visualization_msgs/cmake/visualization_msgs__rosidl_typesupport_cppExport-noconfig.cmake
[0.826s] -- Up-to-date: /home/abhay/microros_ws/install/visualization_msgs/share/visualization_msgs/cmake/export_visualization_msgs__rosidl_generator_pyExport.cmake
[0.826s] -- Up-to-date: /home/abhay/microros_ws/install/visualization_msgs/share/visualization_msgs/cmake/export_visualization_msgs__rosidl_generator_pyExport-noconfig.cmake
[0.826s] -- Up-to-date: /home/abhay/microros_ws/install/visualization_msgs/share/visualization_msgs/cmake/rosidl_cmake-extras.cmake
[0.826s] -- Up-to-date: /home/abhay/microros_ws/install/visualization_msgs/share/visualization_msgs/cmake/ament_cmake_export_dependencies-extras.cmake
[0.826s] -- Up-to-date: /home/abhay/microros_ws/install/visualization_msgs/share/visualization_msgs/cmake/ament_cmake_export_include_directories-extras.cmake
[0.826s] -- Up-to-date: /home/abhay/microros_ws/install/visualization_msgs/share/visualization_msgs/cmake/ament_cmake_export_libraries-extras.cmake
[0.826s] -- Up-to-date: /home/abhay/microros_ws/install/visualization_msgs/share/visualization_msgs/cmake/ament_cmake_export_targets-extras.cmake
[0.826s] -- Up-to-date: /home/abhay/microros_ws/install/visualization_msgs/share/visualization_msgs/cmake/rosidl_cmake_export_typesupport_targets-extras.cmake
[0.827s] -- Up-to-date: /home/abhay/microros_ws/install/visualization_msgs/share/visualization_msgs/cmake/rosidl_cmake_export_typesupport_libraries-extras.cmake
[0.827s] -- Up-to-date: /home/abhay/microros_ws/install/visualization_msgs/share/visualization_msgs/cmake/visualization_msgsConfig.cmake
[0.827s] -- Up-to-date: /home/abhay/microros_ws/install/visualization_msgs/share/visualization_msgs/cmake/visualization_msgsConfig-version.cmake
[0.827s] -- Up-to-date: /home/abhay/microros_ws/install/visualization_msgs/share/visualization_msgs/package.xml
[0.828s] Invoked command in '/home/abhay/microros_ws/build/visualization_msgs' returned '0': CMAKE_PREFIX_PATH=/home/abhay/microros_ws/install/sensor_msgs:/home/abhay/microros_ws/install/geometry_msgs:/home/abhay/microros_ws/install/std_msgs:/home/abhay/microros_ws/install/builtin_interfaces:/home/abhay/microros_ws/install/micro_ros_demos_rclc:/home/abhay/microros_ws/install/common_interfaces:/home/abhay/microros_ws/install/visualization_msgs:/home/abhay/microros_ws/install/test_msgs:/home/abhay/microros_ws/install/example_interfaces:/home/abhay/microros_ws/install/action_msgs:/home/abhay/microros_ws/install/unique_identifier_msgs:/home/abhay/microros_ws/install/trajectory_msgs:/home/abhay/microros_ws/install/stereo_msgs:/home/abhay/microros_ws/install/std_srvs:/home/abhay/microros_ws/install/shape_msgs:/home/abhay/microros_ws/install/nav_msgs:/home/abhay/microros_ws/install/diagnostic_msgs:/home/abhay/microros_ws/install/actionlib_msgs:/home/abhay/microros_ws/install/statistics_msgs:/home/abhay/microros_ws/install/rosidl_typesupport_microxrcedds_test_msg:/home/abhay/microros_ws/install/rosidl_typesupport_microxrcedds_cpp_tests:/home/abhay/microros_ws/install/rmw_microxrcedds:/home/abhay/microros_ws/install/rosidl_typesupport_microxrcedds_cpp:/home/abhay/microros_ws/install/rosidl_typesupport_microxrcedds_c_tests:/home/abhay/microros_ws/install/rosidl_typesupport_microxrcedds_c:/home/abhay/microros_ws/install/rosgraph_msgs:/home/abhay/microros_ws/install/rclc_parameter:/home/abhay/microros_ws/install/rclc:/home/abhay/microros_ws/install/composition_interfaces:/home/abhay/microros_ws/install/rcl_interfaces:/home/abhay/microros_ws/install/microxrcedds_client:/home/abhay/microros_ws/install/microcdr:/home/abhay/microros_ws/install/micro_ros_utilities:/home/abhay/microros_ws/install/micro_ros_msgs:/home/abhay/microros_ws/install/lifecycle_msgs:/home/abhay/microros_ws/install/complex_msgs:/home/abhay/microros_ws/install/micro_ros_setup:/home/abhay/microros_ws/install/sensor_msgs_py:/home/abhay/ros2_ws/install/py_srvcli:/home/abhay/ros2_ws/install/my_robot_controller:/opt/ros/humble LD_LIBRARY_PATH=/home/abhay/microros_ws/install/sensor_msgs/lib:/home/abhay/microros_ws/install/geometry_msgs/lib:/home/abhay/microros_ws/install/std_msgs/lib:/home/abhay/microros_ws/install/builtin_interfaces/lib:/home/abhay/microros_ws/install/visualization_msgs/lib:/home/abhay/microros_ws/install/test_msgs/lib:/home/abhay/microros_ws/install/example_interfaces/lib:/home/abhay/microros_ws/install/action_msgs/lib:/home/abhay/microros_ws/install/unique_identifier_msgs/lib:/home/abhay/microros_ws/install/trajectory_msgs/lib:/home/abhay/microros_ws/install/stereo_msgs/lib:/home/abhay/microros_ws/install/std_srvs/lib:/home/abhay/microros_ws/install/shape_msgs/lib:/home/abhay/microros_ws/install/nav_msgs/lib:/home/abhay/microros_ws/install/diagnostic_msgs/lib:/home/abhay/microros_ws/install/actionlib_msgs/lib:/home/abhay/microros_ws/install/statistics_msgs/lib:/home/abhay/microros_ws/install/rmw_microxrcedds/lib:/home/abhay/microros_ws/install/rosidl_typesupport_microxrcedds_cpp/lib:/home/abhay/microros_ws/install/rosidl_typesupport_microxrcedds_c/lib:/home/abhay/microros_ws/install/rosgraph_msgs/lib:/home/abhay/microros_ws/install/rclc_parameter/lib:/home/abhay/microros_ws/install/rclc/lib:/home/abhay/microros_ws/install/composition_interfaces/lib:/home/abhay/microros_ws/install/rcl_interfaces/lib:/home/abhay/microros_ws/install/microxrcedds_client/lib:/home/abhay/microros_ws/install/microcdr/lib:/home/abhay/microros_ws/install/micro_ros_utilities/lib:/home/abhay/microros_ws/install/micro_ros_msgs/lib:/home/abhay/microros_ws/install/lifecycle_msgs/lib:/home/abhay/microros_ws/install/complex_msgs/lib:/opt/ros/humble/opt/rviz_ogre_vendor/lib:/opt/ros/humble/lib/x86_64-linux-gnu:/opt/ros/humble/lib /usr/bin/cmake --install /home/abhay/microros_ws/build/visualization_msgs
