[0.018s] Invoking command in '/home/abhay/microros_ws/build/stereo_msgs': CMAKE_PREFIX_PATH=/home/abhay/microros_ws/install/sensor_msgs:/home/abhay/microros_ws/install/geometry_msgs:/home/abhay/microros_ws/install/std_msgs:/home/abhay/microros_ws/install/builtin_interfaces:/home/abhay/microros_ws/install/micro_ros_demos_rclc:/home/abhay/microros_ws/install/common_interfaces:/home/abhay/microros_ws/install/visualization_msgs:/home/abhay/microros_ws/install/test_msgs:/home/abhay/microros_ws/install/example_interfaces:/home/abhay/microros_ws/install/action_msgs:/home/abhay/microros_ws/install/unique_identifier_msgs:/home/abhay/microros_ws/install/trajectory_msgs:/home/abhay/microros_ws/install/stereo_msgs:/home/abhay/microros_ws/install/std_srvs:/home/abhay/microros_ws/install/shape_msgs:/home/abhay/microros_ws/install/nav_msgs:/home/abhay/microros_ws/install/diagnostic_msgs:/home/abhay/microros_ws/install/actionlib_msgs:/home/abhay/microros_ws/install/statistics_msgs:/home/abhay/microros_ws/install/rosidl_typesupport_microxrcedds_test_msg:/home/abhay/microros_ws/install/rosidl_typesupport_microxrcedds_cpp_tests:/home/abhay/microros_ws/install/rmw_microxrcedds:/home/abhay/microros_ws/install/rosidl_typesupport_microxrcedds_cpp:/home/abhay/microros_ws/install/rosidl_typesupport_microxrcedds_c_tests:/home/abhay/microros_ws/install/rosidl_typesupport_microxrcedds_c:/home/abhay/microros_ws/install/rosgraph_msgs:/home/abhay/microros_ws/install/rclc_parameter:/home/abhay/microros_ws/install/rclc:/home/abhay/microros_ws/install/composition_interfaces:/home/abhay/microros_ws/install/rcl_interfaces:/home/abhay/microros_ws/install/microxrcedds_client:/home/abhay/microros_ws/install/microcdr:/home/abhay/microros_ws/install/micro_ros_utilities:/home/abhay/microros_ws/install/micro_ros_msgs:/home/abhay/microros_ws/install/lifecycle_msgs:/home/abhay/microros_ws/install/complex_msgs:/home/abhay/microros_ws/install/micro_ros_setup:/home/abhay/microros_ws/install/sensor_msgs_py:/home/abhay/ros2_ws/install/py_srvcli:/home/abhay/ros2_ws/install/my_robot_controller:/opt/ros/humble LD_LIBRARY_PATH=/home/abhay/microros_ws/install/sensor_msgs/lib:/home/abhay/microros_ws/install/geometry_msgs/lib:/home/abhay/microros_ws/install/std_msgs/lib:/home/abhay/microros_ws/install/builtin_interfaces/lib:/home/abhay/microros_ws/install/visualization_msgs/lib:/home/abhay/microros_ws/install/test_msgs/lib:/home/abhay/microros_ws/install/example_interfaces/lib:/home/abhay/microros_ws/install/action_msgs/lib:/home/abhay/microros_ws/install/unique_identifier_msgs/lib:/home/abhay/microros_ws/install/trajectory_msgs/lib:/home/abhay/microros_ws/install/stereo_msgs/lib:/home/abhay/microros_ws/install/std_srvs/lib:/home/abhay/microros_ws/install/shape_msgs/lib:/home/abhay/microros_ws/install/nav_msgs/lib:/home/abhay/microros_ws/install/diagnostic_msgs/lib:/home/abhay/microros_ws/install/actionlib_msgs/lib:/home/abhay/microros_ws/install/statistics_msgs/lib:/home/abhay/microros_ws/install/rmw_microxrcedds/lib:/home/abhay/microros_ws/install/rosidl_typesupport_microxrcedds_cpp/lib:/home/abhay/microros_ws/install/rosidl_typesupport_microxrcedds_c/lib:/home/abhay/microros_ws/install/rosgraph_msgs/lib:/home/abhay/microros_ws/install/rclc_parameter/lib:/home/abhay/microros_ws/install/rclc/lib:/home/abhay/microros_ws/install/composition_interfaces/lib:/home/abhay/microros_ws/install/rcl_interfaces/lib:/home/abhay/microros_ws/install/microxrcedds_client/lib:/home/abhay/microros_ws/install/microcdr/lib:/home/abhay/microros_ws/install/micro_ros_utilities/lib:/home/abhay/microros_ws/install/micro_ros_msgs/lib:/home/abhay/microros_ws/install/lifecycle_msgs/lib:/home/abhay/microros_ws/install/complex_msgs/lib:/opt/ros/humble/opt/rviz_ogre_vendor/lib:/opt/ros/humble/lib/x86_64-linux-gnu:/opt/ros/humble/lib /usr/bin/cmake --build /home/abhay/microros_ws/build/stereo_msgs -- -j16 -l16
[0.058s] [35m[1mConsolidate compiler generated dependencies of target stereo_msgs__rosidl_generator_c[0m
[0.065s] [  2%] Built target stereo_msgs__cpp
[0.074s] [ 10%] Built target stereo_msgs__rosidl_generator_c
[0.078s] [35m[1mConsolidate compiler generated dependencies of target stereo_msgs__rosidl_typesupport_cpp[0m
[0.083s] [35m[1mConsolidate compiler generated dependencies of target stereo_msgs__rosidl_typesupport_introspection_cpp[0m
[0.083s] [35m[1mConsolidate compiler generated dependencies of target stereo_msgs__rosidl_typesupport_fastrtps_cpp[0m
[0.083s] [35m[1mConsolidate compiler generated dependencies of target stereo_msgs__rosidl_typesupport_microxrcedds_cpp[0m
[0.085s] [ 10%] Built target ament_cmake_python_copy_stereo_msgs
[0.091s] [35m[1mConsolidate compiler generated dependencies of target stereo_msgs__rosidl_typesupport_microxrcedds_c[0m
[0.093s] [35m[1mConsolidate compiler generated dependencies of target stereo_msgs__rosidl_typesupport_fastrtps_c[0m
[0.096s] [35m[1mConsolidate compiler generated dependencies of target stereo_msgs__rosidl_typesupport_introspection_c[0m
[0.099s] [35m[1mConsolidate compiler generated dependencies of target stereo_msgs__rosidl_typesupport_c[0m
[0.111s] [ 17%] Built target stereo_msgs__rosidl_typesupport_microxrcedds_cpp
[0.112s] [ 25%] Built target stereo_msgs__rosidl_typesupport_fastrtps_cpp
[0.115s] [ 35%] Built target stereo_msgs__rosidl_typesupport_cpp
[0.115s] [ 46%] Built target stereo_msgs__rosidl_typesupport_introspection_cpp
[0.115s] [ 48%] Built target stereo_msgs__rosidl_typesupport_microxrcedds_c
[0.120s] [ 64%] Built target stereo_msgs__rosidl_typesupport_introspection_c
[0.121s] [ 64%] Built target stereo_msgs__rosidl_typesupport_fastrtps_c
[0.123s] [ 71%] Built target stereo_msgs__rosidl_typesupport_c
[0.147s] [ 71%] Built target stereo_msgs
[0.169s] [ 74%] Built target stereo_msgs__py
[0.179s] [35m[1mConsolidate compiler generated dependencies of target stereo_msgs__rosidl_generator_py[0m
[0.192s] [ 79%] Built target stereo_msgs__rosidl_generator_py
[0.203s] [35m[1mConsolidate compiler generated dependencies of target stereo_msgs__rosidl_typesupport_microxrcedds_c__pyext[0m
[0.204s] [35m[1mConsolidate compiler generated dependencies of target stereo_msgs__rosidl_typesupport_introspection_c__pyext[0m
[0.206s] [35m[1mConsolidate compiler generated dependencies of target stereo_msgs__rosidl_typesupport_fastrtps_c__pyext[0m
[0.206s] [35m[1mConsolidate compiler generated dependencies of target stereo_msgs__rosidl_typesupport_c__pyext[0m
[0.219s] [ 84%] Built target stereo_msgs__rosidl_typesupport_microxrcedds_c__pyext
[0.221s] [ 89%] Built target stereo_msgs__rosidl_typesupport_introspection_c__pyext
[0.224s] [ 97%] Built target stereo_msgs__rosidl_typesupport_fastrtps_c__pyext
[0.225s] [100%] Built target stereo_msgs__rosidl_typesupport_c__pyext
[0.348s] running egg_info
[0.349s] writing stereo_msgs.egg-info/PKG-INFO
[0.349s] writing dependency_links to stereo_msgs.egg-info/dependency_links.txt
[0.349s] writing top-level names to stereo_msgs.egg-info/top_level.txt
[0.353s] reading manifest file 'stereo_msgs.egg-info/SOURCES.txt'
[0.353s] writing manifest file 'stereo_msgs.egg-info/SOURCES.txt'
[0.374s] [100%] Built target ament_cmake_python_build_stereo_msgs_egg
[0.384s] Invoked command in '/home/abhay/microros_ws/build/stereo_msgs' returned '0': CMAKE_PREFIX_PATH=/home/abhay/microros_ws/install/sensor_msgs:/home/abhay/microros_ws/install/geometry_msgs:/home/abhay/microros_ws/install/std_msgs:/home/abhay/microros_ws/install/builtin_interfaces:/home/abhay/microros_ws/install/micro_ros_demos_rclc:/home/abhay/microros_ws/install/common_interfaces:/home/abhay/microros_ws/install/visualization_msgs:/home/abhay/microros_ws/install/test_msgs:/home/abhay/microros_ws/install/example_interfaces:/home/abhay/microros_ws/install/action_msgs:/home/abhay/microros_ws/install/unique_identifier_msgs:/home/abhay/microros_ws/install/trajectory_msgs:/home/abhay/microros_ws/install/stereo_msgs:/home/abhay/microros_ws/install/std_srvs:/home/abhay/microros_ws/install/shape_msgs:/home/abhay/microros_ws/install/nav_msgs:/home/abhay/microros_ws/install/diagnostic_msgs:/home/abhay/microros_ws/install/actionlib_msgs:/home/abhay/microros_ws/install/statistics_msgs:/home/abhay/microros_ws/install/rosidl_typesupport_microxrcedds_test_msg:/home/abhay/microros_ws/install/rosidl_typesupport_microxrcedds_cpp_tests:/home/abhay/microros_ws/install/rmw_microxrcedds:/home/abhay/microros_ws/install/rosidl_typesupport_microxrcedds_cpp:/home/abhay/microros_ws/install/rosidl_typesupport_microxrcedds_c_tests:/home/abhay/microros_ws/install/rosidl_typesupport_microxrcedds_c:/home/abhay/microros_ws/install/rosgraph_msgs:/home/abhay/microros_ws/install/rclc_parameter:/home/abhay/microros_ws/install/rclc:/home/abhay/microros_ws/install/composition_interfaces:/home/abhay/microros_ws/install/rcl_interfaces:/home/abhay/microros_ws/install/microxrcedds_client:/home/abhay/microros_ws/install/microcdr:/home/abhay/microros_ws/install/micro_ros_utilities:/home/abhay/microros_ws/install/micro_ros_msgs:/home/abhay/microros_ws/install/lifecycle_msgs:/home/abhay/microros_ws/install/complex_msgs:/home/abhay/microros_ws/install/micro_ros_setup:/home/abhay/microros_ws/install/sensor_msgs_py:/home/abhay/ros2_ws/install/py_srvcli:/home/abhay/ros2_ws/install/my_robot_controller:/opt/ros/humble LD_LIBRARY_PATH=/home/abhay/microros_ws/install/sensor_msgs/lib:/home/abhay/microros_ws/install/geometry_msgs/lib:/home/abhay/microros_ws/install/std_msgs/lib:/home/abhay/microros_ws/install/builtin_interfaces/lib:/home/abhay/microros_ws/install/visualization_msgs/lib:/home/abhay/microros_ws/install/test_msgs/lib:/home/abhay/microros_ws/install/example_interfaces/lib:/home/abhay/microros_ws/install/action_msgs/lib:/home/abhay/microros_ws/install/unique_identifier_msgs/lib:/home/abhay/microros_ws/install/trajectory_msgs/lib:/home/abhay/microros_ws/install/stereo_msgs/lib:/home/abhay/microros_ws/install/std_srvs/lib:/home/abhay/microros_ws/install/shape_msgs/lib:/home/abhay/microros_ws/install/nav_msgs/lib:/home/abhay/microros_ws/install/diagnostic_msgs/lib:/home/abhay/microros_ws/install/actionlib_msgs/lib:/home/abhay/microros_ws/install/statistics_msgs/lib:/home/abhay/microros_ws/install/rmw_microxrcedds/lib:/home/abhay/microros_ws/install/rosidl_typesupport_microxrcedds_cpp/lib:/home/abhay/microros_ws/install/rosidl_typesupport_microxrcedds_c/lib:/home/abhay/microros_ws/install/rosgraph_msgs/lib:/home/abhay/microros_ws/install/rclc_parameter/lib:/home/abhay/microros_ws/install/rclc/lib:/home/abhay/microros_ws/install/composition_interfaces/lib:/home/abhay/microros_ws/install/rcl_interfaces/lib:/home/abhay/microros_ws/install/microxrcedds_client/lib:/home/abhay/microros_ws/install/microcdr/lib:/home/abhay/microros_ws/install/micro_ros_utilities/lib:/home/abhay/microros_ws/install/micro_ros_msgs/lib:/home/abhay/microros_ws/install/lifecycle_msgs/lib:/home/abhay/microros_ws/install/complex_msgs/lib:/opt/ros/humble/opt/rviz_ogre_vendor/lib:/opt/ros/humble/lib/x86_64-linux-gnu:/opt/ros/humble/lib /usr/bin/cmake --build /home/abhay/microros_ws/build/stereo_msgs -- -j16 -l16
[0.464s] Invoking command in '/home/abhay/microros_ws/build/stereo_msgs': CMAKE_PREFIX_PATH=/home/abhay/microros_ws/install/sensor_msgs:/home/abhay/microros_ws/install/geometry_msgs:/home/abhay/microros_ws/install/std_msgs:/home/abhay/microros_ws/install/builtin_interfaces:/home/abhay/microros_ws/install/micro_ros_demos_rclc:/home/abhay/microros_ws/install/common_interfaces:/home/abhay/microros_ws/install/visualization_msgs:/home/abhay/microros_ws/install/test_msgs:/home/abhay/microros_ws/install/example_interfaces:/home/abhay/microros_ws/install/action_msgs:/home/abhay/microros_ws/install/unique_identifier_msgs:/home/abhay/microros_ws/install/trajectory_msgs:/home/abhay/microros_ws/install/stereo_msgs:/home/abhay/microros_ws/install/std_srvs:/home/abhay/microros_ws/install/shape_msgs:/home/abhay/microros_ws/install/nav_msgs:/home/abhay/microros_ws/install/diagnostic_msgs:/home/abhay/microros_ws/install/actionlib_msgs:/home/abhay/microros_ws/install/statistics_msgs:/home/abhay/microros_ws/install/rosidl_typesupport_microxrcedds_test_msg:/home/abhay/microros_ws/install/rosidl_typesupport_microxrcedds_cpp_tests:/home/abhay/microros_ws/install/rmw_microxrcedds:/home/abhay/microros_ws/install/rosidl_typesupport_microxrcedds_cpp:/home/abhay/microros_ws/install/rosidl_typesupport_microxrcedds_c_tests:/home/abhay/microros_ws/install/rosidl_typesupport_microxrcedds_c:/home/abhay/microros_ws/install/rosgraph_msgs:/home/abhay/microros_ws/install/rclc_parameter:/home/abhay/microros_ws/install/rclc:/home/abhay/microros_ws/install/composition_interfaces:/home/abhay/microros_ws/install/rcl_interfaces:/home/abhay/microros_ws/install/microxrcedds_client:/home/abhay/microros_ws/install/microcdr:/home/abhay/microros_ws/install/micro_ros_utilities:/home/abhay/microros_ws/install/micro_ros_msgs:/home/abhay/microros_ws/install/lifecycle_msgs:/home/abhay/microros_ws/install/complex_msgs:/home/abhay/microros_ws/install/micro_ros_setup:/home/abhay/microros_ws/install/sensor_msgs_py:/home/abhay/ros2_ws/install/py_srvcli:/home/abhay/ros2_ws/install/my_robot_controller:/opt/ros/humble LD_LIBRARY_PATH=/home/abhay/microros_ws/install/sensor_msgs/lib:/home/abhay/microros_ws/install/geometry_msgs/lib:/home/abhay/microros_ws/install/std_msgs/lib:/home/abhay/microros_ws/install/builtin_interfaces/lib:/home/abhay/microros_ws/install/visualization_msgs/lib:/home/abhay/microros_ws/install/test_msgs/lib:/home/abhay/microros_ws/install/example_interfaces/lib:/home/abhay/microros_ws/install/action_msgs/lib:/home/abhay/microros_ws/install/unique_identifier_msgs/lib:/home/abhay/microros_ws/install/trajectory_msgs/lib:/home/abhay/microros_ws/install/stereo_msgs/lib:/home/abhay/microros_ws/install/std_srvs/lib:/home/abhay/microros_ws/install/shape_msgs/lib:/home/abhay/microros_ws/install/nav_msgs/lib:/home/abhay/microros_ws/install/diagnostic_msgs/lib:/home/abhay/microros_ws/install/actionlib_msgs/lib:/home/abhay/microros_ws/install/statistics_msgs/lib:/home/abhay/microros_ws/install/rmw_microxrcedds/lib:/home/abhay/microros_ws/install/rosidl_typesupport_microxrcedds_cpp/lib:/home/abhay/microros_ws/install/rosidl_typesupport_microxrcedds_c/lib:/home/abhay/microros_ws/install/rosgraph_msgs/lib:/home/abhay/microros_ws/install/rclc_parameter/lib:/home/abhay/microros_ws/install/rclc/lib:/home/abhay/microros_ws/install/composition_interfaces/lib:/home/abhay/microros_ws/install/rcl_interfaces/lib:/home/abhay/microros_ws/install/microxrcedds_client/lib:/home/abhay/microros_ws/install/microcdr/lib:/home/abhay/microros_ws/install/micro_ros_utilities/lib:/home/abhay/microros_ws/install/micro_ros_msgs/lib:/home/abhay/microros_ws/install/lifecycle_msgs/lib:/home/abhay/microros_ws/install/complex_msgs/lib:/opt/ros/humble/opt/rviz_ogre_vendor/lib:/opt/ros/humble/lib/x86_64-linux-gnu:/opt/ros/humble/lib /usr/bin/cmake --install /home/abhay/microros_ws/build/stereo_msgs
[0.471s] -- Install configuration: ""
[0.471s] -- Up-to-date: /home/abhay/microros_ws/install/stereo_msgs/share/ament_index/resource_index/rosidl_interfaces/stereo_msgs
[0.471s] -- Up-to-date: /home/abhay/microros_ws/install/stereo_msgs/include/stereo_msgs/stereo_msgs
[0.471s] -- Up-to-date: /home/abhay/microros_ws/install/stereo_msgs/include/stereo_msgs/stereo_msgs/msg
[0.472s] -- Up-to-date: /home/abhay/microros_ws/install/stereo_msgs/include/stereo_msgs/stereo_msgs/msg/rosidl_generator_c__visibility_control.h
[0.472s] -- Up-to-date: /home/abhay/microros_ws/install/stereo_msgs/include/stereo_msgs/stereo_msgs/msg/detail
[0.472s] -- Up-to-date: /home/abhay/microros_ws/install/stereo_msgs/include/stereo_msgs/stereo_msgs/msg/detail/disparity_image__functions.h
[0.472s] -- Up-to-date: /home/abhay/microros_ws/install/stereo_msgs/include/stereo_msgs/stereo_msgs/msg/detail/disparity_image__struct.h
[0.472s] -- Up-to-date: /home/abhay/microros_ws/install/stereo_msgs/include/stereo_msgs/stereo_msgs/msg/detail/disparity_image__type_support.h
[0.472s] -- Up-to-date: /home/abhay/microros_ws/install/stereo_msgs/include/stereo_msgs/stereo_msgs/msg/detail/disparity_image__functions.c
[0.472s] -- Up-to-date: /home/abhay/microros_ws/install/stereo_msgs/include/stereo_msgs/stereo_msgs/msg/disparity_image.h
[0.472s] -- Up-to-date: /home/abhay/microros_ws/install/stereo_msgs/share/stereo_msgs/environment/library_path.sh
[0.472s] -- Up-to-date: /home/abhay/microros_ws/install/stereo_msgs/share/stereo_msgs/environment/library_path.dsv
[0.472s] -- Up-to-date: /home/abhay/microros_ws/install/stereo_msgs/lib/libstereo_msgs__rosidl_generator_c.so
[0.472s] -- Up-to-date: /home/abhay/microros_ws/install/stereo_msgs/include/stereo_msgs
[0.472s] -- Up-to-date: /home/abhay/microros_ws/install/stereo_msgs/include/stereo_msgs/msg
[0.472s] -- Up-to-date: /home/abhay/microros_ws/install/stereo_msgs/include/stereo_msgs/msg/detail
[0.472s] -- Up-to-date: /home/abhay/microros_ws/install/stereo_msgs/include/stereo_msgs/msg/detail/disparity_image__rosidl_typesupport_microxrcedds_c.h
[0.473s] -- Up-to-date: /home/abhay/microros_ws/install/stereo_msgs/include/stereo_msgs/msg/detail/microxrcedds
[0.473s] -- Up-to-date: /home/abhay/microros_ws/install/stereo_msgs/include/stereo_msgs/msg/rosidl_typesupport_microxrcedds_c__visibility_control.h
[0.473s] -- Up-to-date: /home/abhay/microros_ws/install/stereo_msgs/lib/libstereo_msgs__rosidl_typesupport_microxrcedds_c.so
[0.473s] -- Up-to-date: /home/abhay/microros_ws/install/stereo_msgs/include/stereo_msgs/stereo_msgs
[0.473s] -- Up-to-date: /home/abhay/microros_ws/install/stereo_msgs/include/stereo_msgs/stereo_msgs/msg
[0.473s] -- Up-to-date: /home/abhay/microros_ws/install/stereo_msgs/include/stereo_msgs/stereo_msgs/msg/detail
[0.473s] -- Up-to-date: /home/abhay/microros_ws/install/stereo_msgs/include/stereo_msgs/stereo_msgs/msg/detail/disparity_image__rosidl_typesupport_fastrtps_c.h
[0.473s] -- Up-to-date: /home/abhay/microros_ws/install/stereo_msgs/include/stereo_msgs/stereo_msgs/msg/rosidl_typesupport_fastrtps_c__visibility_control.h
[0.473s] -- Up-to-date: /home/abhay/microros_ws/install/stereo_msgs/lib/libstereo_msgs__rosidl_typesupport_fastrtps_c.so
[0.473s] -- Up-to-date: /home/abhay/microros_ws/install/stereo_msgs/include/stereo_msgs/stereo_msgs
[0.474s] -- Up-to-date: /home/abhay/microros_ws/install/stereo_msgs/include/stereo_msgs/stereo_msgs/msg
[0.474s] -- Up-to-date: /home/abhay/microros_ws/install/stereo_msgs/include/stereo_msgs/stereo_msgs/msg/detail
[0.474s] -- Up-to-date: /home/abhay/microros_ws/install/stereo_msgs/include/stereo_msgs/stereo_msgs/msg/detail/disparity_image__rosidl_typesupport_introspection_c.h
[0.474s] -- Up-to-date: /home/abhay/microros_ws/install/stereo_msgs/include/stereo_msgs/stereo_msgs/msg/detail/disparity_image__type_support.c
[0.474s] -- Up-to-date: /home/abhay/microros_ws/install/stereo_msgs/include/stereo_msgs/stereo_msgs/msg/rosidl_typesupport_introspection_c__visibility_control.h
[0.474s] -- Up-to-date: /home/abhay/microros_ws/install/stereo_msgs/lib/libstereo_msgs__rosidl_typesupport_introspection_c.so
[0.474s] -- Up-to-date: /home/abhay/microros_ws/install/stereo_msgs/lib/libstereo_msgs__rosidl_typesupport_c.so
[0.474s] -- Up-to-date: /home/abhay/microros_ws/install/stereo_msgs/include/stereo_msgs/stereo_msgs
[0.474s] -- Up-to-date: /home/abhay/microros_ws/install/stereo_msgs/include/stereo_msgs/stereo_msgs/msg
[0.474s] -- Up-to-date: /home/abhay/microros_ws/install/stereo_msgs/include/stereo_msgs/stereo_msgs/msg/detail
[0.474s] -- Up-to-date: /home/abhay/microros_ws/install/stereo_msgs/include/stereo_msgs/stereo_msgs/msg/detail/disparity_image__traits.hpp
[0.474s] -- Up-to-date: /home/abhay/microros_ws/install/stereo_msgs/include/stereo_msgs/stereo_msgs/msg/detail/disparity_image__struct.hpp
[0.474s] -- Up-to-date: /home/abhay/microros_ws/install/stereo_msgs/include/stereo_msgs/stereo_msgs/msg/detail/disparity_image__builder.hpp
[0.474s] -- Up-to-date: /home/abhay/microros_ws/install/stereo_msgs/include/stereo_msgs/stereo_msgs/msg/disparity_image.hpp
[0.474s] -- Up-to-date: /home/abhay/microros_ws/install/stereo_msgs/include/stereo_msgs
[0.474s] -- Up-to-date: /home/abhay/microros_ws/install/stereo_msgs/include/stereo_msgs/msg
[0.474s] -- Up-to-date: /home/abhay/microros_ws/install/stereo_msgs/include/stereo_msgs/msg/detail
[0.474s] -- Up-to-date: /home/abhay/microros_ws/install/stereo_msgs/include/stereo_msgs/msg/detail/disparity_image__rosidl_typesupport_microxrcedds_cpp.hpp
[0.475s] -- Up-to-date: /home/abhay/microros_ws/install/stereo_msgs/include/stereo_msgs/msg/detail/microxrcedds
[0.475s] -- Up-to-date: /home/abhay/microros_ws/install/stereo_msgs/include/stereo_msgs/msg/detail/microxrcedds/disparity_image__type_support_cpp.cpp
[0.475s] -- Up-to-date: /home/abhay/microros_ws/install/stereo_msgs/include/stereo_msgs/msg/rosidl_typesupport_microxrcedds_cpp__visibility_control.h
[0.475s] -- Up-to-date: /home/abhay/microros_ws/install/stereo_msgs/lib/libstereo_msgs__rosidl_typesupport_microxrcedds_cpp.so
[0.475s] -- Up-to-date: /home/abhay/microros_ws/install/stereo_msgs/include/stereo_msgs/stereo_msgs
[0.475s] -- Up-to-date: /home/abhay/microros_ws/install/stereo_msgs/include/stereo_msgs/stereo_msgs/msg
[0.475s] -- Up-to-date: /home/abhay/microros_ws/install/stereo_msgs/include/stereo_msgs/stereo_msgs/msg/detail
[0.475s] -- Up-to-date: /home/abhay/microros_ws/install/stereo_msgs/include/stereo_msgs/stereo_msgs/msg/detail/disparity_image__rosidl_typesupport_fastrtps_cpp.hpp
[0.475s] -- Up-to-date: /home/abhay/microros_ws/install/stereo_msgs/include/stereo_msgs/stereo_msgs/msg/detail/dds_fastrtps
[0.475s] -- Up-to-date: /home/abhay/microros_ws/install/stereo_msgs/include/stereo_msgs/stereo_msgs/msg/rosidl_typesupport_fastrtps_cpp__visibility_control.h
[0.476s] -- Up-to-date: /home/abhay/microros_ws/install/stereo_msgs/lib/libstereo_msgs__rosidl_typesupport_fastrtps_cpp.so
[0.476s] -- Up-to-date: /home/abhay/microros_ws/install/stereo_msgs/include/stereo_msgs/stereo_msgs
[0.476s] -- Up-to-date: /home/abhay/microros_ws/install/stereo_msgs/include/stereo_msgs/stereo_msgs/msg
[0.476s] -- Up-to-date: /home/abhay/microros_ws/install/stereo_msgs/include/stereo_msgs/stereo_msgs/msg/detail
[0.476s] -- Up-to-date: /home/abhay/microros_ws/install/stereo_msgs/include/stereo_msgs/stereo_msgs/msg/detail/disparity_image__type_support.cpp
[0.476s] -- Up-to-date: /home/abhay/microros_ws/install/stereo_msgs/include/stereo_msgs/stereo_msgs/msg/detail/disparity_image__rosidl_typesupport_introspection_cpp.hpp
[0.476s] -- Up-to-date: /home/abhay/microros_ws/install/stereo_msgs/lib/libstereo_msgs__rosidl_typesupport_introspection_cpp.so
[0.476s] -- Up-to-date: /home/abhay/microros_ws/install/stereo_msgs/lib/libstereo_msgs__rosidl_typesupport_cpp.so
[0.476s] -- Up-to-date: /home/abhay/microros_ws/install/stereo_msgs/share/stereo_msgs/environment/pythonpath.sh
[0.476s] -- Up-to-date: /home/abhay/microros_ws/install/stereo_msgs/share/stereo_msgs/environment/pythonpath.dsv
[0.476s] -- Up-to-date: /home/abhay/microros_ws/install/stereo_msgs/local/lib/python3.10/dist-packages/stereo_msgs-4.2.3-py3.10.egg-info
[0.476s] -- Installing: /home/abhay/microros_ws/install/stereo_msgs/local/lib/python3.10/dist-packages/stereo_msgs-4.2.3-py3.10.egg-info/top_level.txt
[0.476s] -- Installing: /home/abhay/microros_ws/install/stereo_msgs/local/lib/python3.10/dist-packages/stereo_msgs-4.2.3-py3.10.egg-info/SOURCES.txt
[0.477s] -- Installing: /home/abhay/microros_ws/install/stereo_msgs/local/lib/python3.10/dist-packages/stereo_msgs-4.2.3-py3.10.egg-info/dependency_links.txt
[0.477s] -- Installing: /home/abhay/microros_ws/install/stereo_msgs/local/lib/python3.10/dist-packages/stereo_msgs-4.2.3-py3.10.egg-info/PKG-INFO
[0.477s] -- Up-to-date: /home/abhay/microros_ws/install/stereo_msgs/local/lib/python3.10/dist-packages/stereo_msgs
[0.477s] -- Up-to-date: /home/abhay/microros_ws/install/stereo_msgs/local/lib/python3.10/dist-packages/stereo_msgs/msg
[0.477s] -- Up-to-date: /home/abhay/microros_ws/install/stereo_msgs/local/lib/python3.10/dist-packages/stereo_msgs/msg/_disparity_image_s.c
[0.477s] -- Up-to-date: /home/abhay/microros_ws/install/stereo_msgs/local/lib/python3.10/dist-packages/stereo_msgs/msg/__init__.py
[0.477s] -- Up-to-date: /home/abhay/microros_ws/install/stereo_msgs/local/lib/python3.10/dist-packages/stereo_msgs/msg/_disparity_image.py
[0.477s] -- Up-to-date: /home/abhay/microros_ws/install/stereo_msgs/local/lib/python3.10/dist-packages/stereo_msgs/_stereo_msgs_s.ep.rosidl_typesupport_c.c
[0.477s] -- Up-to-date: /home/abhay/microros_ws/install/stereo_msgs/local/lib/python3.10/dist-packages/stereo_msgs/libstereo_msgs__rosidl_generator_py.so
[0.477s] -- Up-to-date: /home/abhay/microros_ws/install/stereo_msgs/local/lib/python3.10/dist-packages/stereo_msgs/_stereo_msgs_s.ep.rosidl_typesupport_introspection_c.c
[0.477s] -- Up-to-date: /home/abhay/microros_ws/install/stereo_msgs/local/lib/python3.10/dist-packages/stereo_msgs/stereo_msgs_s__rosidl_typesupport_c.cpython-310-x86_64-linux-gnu.so
[0.477s] -- Up-to-date: /home/abhay/microros_ws/install/stereo_msgs/local/lib/python3.10/dist-packages/stereo_msgs/stereo_msgs_s__rosidl_typesupport_introspection_c.cpython-310-x86_64-linux-gnu.so
[0.478s] -- Up-to-date: /home/abhay/microros_ws/install/stereo_msgs/local/lib/python3.10/dist-packages/stereo_msgs/_stereo_msgs_s.ep.rosidl_typesupport_fastrtps_c.c
[0.478s] -- Up-to-date: /home/abhay/microros_ws/install/stereo_msgs/local/lib/python3.10/dist-packages/stereo_msgs/stereo_msgs_s__rosidl_typesupport_fastrtps_c.cpython-310-x86_64-linux-gnu.so
[0.478s] -- Up-to-date: /home/abhay/microros_ws/install/stereo_msgs/local/lib/python3.10/dist-packages/stereo_msgs/__init__.py
[0.478s] -- Up-to-date: /home/abhay/microros_ws/install/stereo_msgs/local/lib/python3.10/dist-packages/stereo_msgs/stereo_msgs_s__rosidl_typesupport_microxrcedds_c.cpython-310-x86_64-linux-gnu.so
[0.478s] -- Up-to-date: /home/abhay/microros_ws/install/stereo_msgs/local/lib/python3.10/dist-packages/stereo_msgs/_stereo_msgs_s.ep.rosidl_typesupport_microxrcedds_c.c
[0.511s] Listing '/home/abhay/microros_ws/install/stereo_msgs/local/lib/python3.10/dist-packages/stereo_msgs'...
[0.511s] Listing '/home/abhay/microros_ws/install/stereo_msgs/local/lib/python3.10/dist-packages/stereo_msgs/msg'...
[0.514s] -- Up-to-date: /home/abhay/microros_ws/install/stereo_msgs/local/lib/python3.10/dist-packages/stereo_msgs/stereo_msgs_s__rosidl_typesupport_microxrcedds_c.cpython-310-x86_64-linux-gnu.so
[0.515s] -- Up-to-date: /home/abhay/microros_ws/install/stereo_msgs/local/lib/python3.10/dist-packages/stereo_msgs/stereo_msgs_s__rosidl_typesupport_fastrtps_c.cpython-310-x86_64-linux-gnu.so
[0.515s] -- Up-to-date: /home/abhay/microros_ws/install/stereo_msgs/local/lib/python3.10/dist-packages/stereo_msgs/stereo_msgs_s__rosidl_typesupport_introspection_c.cpython-310-x86_64-linux-gnu.so
[0.515s] -- Up-to-date: /home/abhay/microros_ws/install/stereo_msgs/local/lib/python3.10/dist-packages/stereo_msgs/stereo_msgs_s__rosidl_typesupport_c.cpython-310-x86_64-linux-gnu.so
[0.515s] -- Up-to-date: /home/abhay/microros_ws/install/stereo_msgs/lib/libstereo_msgs__rosidl_generator_py.so
[0.515s] -- Up-to-date: /home/abhay/microros_ws/install/stereo_msgs/share/stereo_msgs/msg/DisparityImage.idl
[0.516s] -- Up-to-date: /home/abhay/microros_ws/install/stereo_msgs/share/stereo_msgs/msg/DisparityImage.msg
[0.516s] -- Up-to-date: /home/abhay/microros_ws/install/stereo_msgs/share/ament_index/resource_index/package_run_dependencies/stereo_msgs
[0.516s] -- Up-to-date: /home/abhay/microros_ws/install/stereo_msgs/share/ament_index/resource_index/parent_prefix_path/stereo_msgs
[0.516s] -- Up-to-date: /home/abhay/microros_ws/install/stereo_msgs/share/stereo_msgs/environment/ament_prefix_path.sh
[0.516s] -- Up-to-date: /home/abhay/microros_ws/install/stereo_msgs/share/stereo_msgs/environment/ament_prefix_path.dsv
[0.516s] -- Up-to-date: /home/abhay/microros_ws/install/stereo_msgs/share/stereo_msgs/environment/path.sh
[0.516s] -- Up-to-date: /home/abhay/microros_ws/install/stereo_msgs/share/stereo_msgs/environment/path.dsv
[0.516s] -- Up-to-date: /home/abhay/microros_ws/install/stereo_msgs/share/stereo_msgs/local_setup.bash
[0.516s] -- Up-to-date: /home/abhay/microros_ws/install/stereo_msgs/share/stereo_msgs/local_setup.sh
[0.516s] -- Up-to-date: /home/abhay/microros_ws/install/stereo_msgs/share/stereo_msgs/local_setup.zsh
[0.516s] -- Up-to-date: /home/abhay/microros_ws/install/stereo_msgs/share/stereo_msgs/local_setup.dsv
[0.516s] -- Installing: /home/abhay/microros_ws/install/stereo_msgs/share/stereo_msgs/package.dsv
[0.516s] -- Up-to-date: /home/abhay/microros_ws/install/stereo_msgs/share/ament_index/resource_index/packages/stereo_msgs
[0.517s] -- Up-to-date: /home/abhay/microros_ws/install/stereo_msgs/share/stereo_msgs/cmake/export_stereo_msgs__rosidl_generator_cExport.cmake
[0.517s] -- Up-to-date: /home/abhay/microros_ws/install/stereo_msgs/share/stereo_msgs/cmake/export_stereo_msgs__rosidl_generator_cExport-noconfig.cmake
[0.517s] -- Up-to-date: /home/abhay/microros_ws/install/stereo_msgs/share/stereo_msgs/cmake/export_stereo_msgs__rosidl_typesupport_fastrtps_cExport.cmake
[0.517s] -- Up-to-date: /home/abhay/microros_ws/install/stereo_msgs/share/stereo_msgs/cmake/export_stereo_msgs__rosidl_typesupport_fastrtps_cExport-noconfig.cmake
[0.517s] -- Up-to-date: /home/abhay/microros_ws/install/stereo_msgs/share/stereo_msgs/cmake/stereo_msgs__rosidl_typesupport_introspection_cExport.cmake
[0.517s] -- Up-to-date: /home/abhay/microros_ws/install/stereo_msgs/share/stereo_msgs/cmake/stereo_msgs__rosidl_typesupport_introspection_cExport-noconfig.cmake
[0.517s] -- Up-to-date: /home/abhay/microros_ws/install/stereo_msgs/share/stereo_msgs/cmake/stereo_msgs__rosidl_typesupport_cExport.cmake
[0.517s] -- Up-to-date: /home/abhay/microros_ws/install/stereo_msgs/share/stereo_msgs/cmake/stereo_msgs__rosidl_typesupport_cExport-noconfig.cmake
[0.517s] -- Up-to-date: /home/abhay/microros_ws/install/stereo_msgs/share/stereo_msgs/cmake/export_stereo_msgs__rosidl_generator_cppExport.cmake
[0.517s] -- Up-to-date: /home/abhay/microros_ws/install/stereo_msgs/share/stereo_msgs/cmake/export_stereo_msgs__rosidl_typesupport_fastrtps_cppExport.cmake
[0.517s] -- Up-to-date: /home/abhay/microros_ws/install/stereo_msgs/share/stereo_msgs/cmake/export_stereo_msgs__rosidl_typesupport_fastrtps_cppExport-noconfig.cmake
[0.517s] -- Up-to-date: /home/abhay/microros_ws/install/stereo_msgs/share/stereo_msgs/cmake/stereo_msgs__rosidl_typesupport_introspection_cppExport.cmake
[0.517s] -- Up-to-date: /home/abhay/microros_ws/install/stereo_msgs/share/stereo_msgs/cmake/stereo_msgs__rosidl_typesupport_introspection_cppExport-noconfig.cmake
[0.517s] -- Up-to-date: /home/abhay/microros_ws/install/stereo_msgs/share/stereo_msgs/cmake/stereo_msgs__rosidl_typesupport_cppExport.cmake
[0.517s] -- Up-to-date: /home/abhay/microros_ws/install/stereo_msgs/share/stereo_msgs/cmake/stereo_msgs__rosidl_typesupport_cppExport-noconfig.cmake
[0.517s] -- Up-to-date: /home/abhay/microros_ws/install/stereo_msgs/share/stereo_msgs/cmake/export_stereo_msgs__rosidl_generator_pyExport.cmake
[0.518s] -- Up-to-date: /home/abhay/microros_ws/install/stereo_msgs/share/stereo_msgs/cmake/export_stereo_msgs__rosidl_generator_pyExport-noconfig.cmake
[0.518s] -- Up-to-date: /home/abhay/microros_ws/install/stereo_msgs/share/stereo_msgs/cmake/rosidl_cmake-extras.cmake
[0.518s] -- Up-to-date: /home/abhay/microros_ws/install/stereo_msgs/share/stereo_msgs/cmake/ament_cmake_export_dependencies-extras.cmake
[0.518s] -- Up-to-date: /home/abhay/microros_ws/install/stereo_msgs/share/stereo_msgs/cmake/ament_cmake_export_include_directories-extras.cmake
[0.518s] -- Up-to-date: /home/abhay/microros_ws/install/stereo_msgs/share/stereo_msgs/cmake/ament_cmake_export_libraries-extras.cmake
[0.518s] -- Up-to-date: /home/abhay/microros_ws/install/stereo_msgs/share/stereo_msgs/cmake/ament_cmake_export_targets-extras.cmake
[0.518s] -- Up-to-date: /home/abhay/microros_ws/install/stereo_msgs/share/stereo_msgs/cmake/rosidl_cmake_export_typesupport_targets-extras.cmake
[0.518s] -- Up-to-date: /home/abhay/microros_ws/install/stereo_msgs/share/stereo_msgs/cmake/rosidl_cmake_export_typesupport_libraries-extras.cmake
[0.518s] -- Up-to-date: /home/abhay/microros_ws/install/stereo_msgs/share/stereo_msgs/cmake/stereo_msgsConfig.cmake
[0.518s] -- Up-to-date: /home/abhay/microros_ws/install/stereo_msgs/share/stereo_msgs/cmake/stereo_msgsConfig-version.cmake
[0.519s] -- Up-to-date: /home/abhay/microros_ws/install/stereo_msgs/share/stereo_msgs/package.xml
[0.520s] Invoked command in '/home/abhay/microros_ws/build/stereo_msgs' returned '0': CMAKE_PREFIX_PATH=/home/abhay/microros_ws/install/sensor_msgs:/home/abhay/microros_ws/install/geometry_msgs:/home/abhay/microros_ws/install/std_msgs:/home/abhay/microros_ws/install/builtin_interfaces:/home/abhay/microros_ws/install/micro_ros_demos_rclc:/home/abhay/microros_ws/install/common_interfaces:/home/abhay/microros_ws/install/visualization_msgs:/home/abhay/microros_ws/install/test_msgs:/home/abhay/microros_ws/install/example_interfaces:/home/abhay/microros_ws/install/action_msgs:/home/abhay/microros_ws/install/unique_identifier_msgs:/home/abhay/microros_ws/install/trajectory_msgs:/home/abhay/microros_ws/install/stereo_msgs:/home/abhay/microros_ws/install/std_srvs:/home/abhay/microros_ws/install/shape_msgs:/home/abhay/microros_ws/install/nav_msgs:/home/abhay/microros_ws/install/diagnostic_msgs:/home/abhay/microros_ws/install/actionlib_msgs:/home/abhay/microros_ws/install/statistics_msgs:/home/abhay/microros_ws/install/rosidl_typesupport_microxrcedds_test_msg:/home/abhay/microros_ws/install/rosidl_typesupport_microxrcedds_cpp_tests:/home/abhay/microros_ws/install/rmw_microxrcedds:/home/abhay/microros_ws/install/rosidl_typesupport_microxrcedds_cpp:/home/abhay/microros_ws/install/rosidl_typesupport_microxrcedds_c_tests:/home/abhay/microros_ws/install/rosidl_typesupport_microxrcedds_c:/home/abhay/microros_ws/install/rosgraph_msgs:/home/abhay/microros_ws/install/rclc_parameter:/home/abhay/microros_ws/install/rclc:/home/abhay/microros_ws/install/composition_interfaces:/home/abhay/microros_ws/install/rcl_interfaces:/home/abhay/microros_ws/install/microxrcedds_client:/home/abhay/microros_ws/install/microcdr:/home/abhay/microros_ws/install/micro_ros_utilities:/home/abhay/microros_ws/install/micro_ros_msgs:/home/abhay/microros_ws/install/lifecycle_msgs:/home/abhay/microros_ws/install/complex_msgs:/home/abhay/microros_ws/install/micro_ros_setup:/home/abhay/microros_ws/install/sensor_msgs_py:/home/abhay/ros2_ws/install/py_srvcli:/home/abhay/ros2_ws/install/my_robot_controller:/opt/ros/humble LD_LIBRARY_PATH=/home/abhay/microros_ws/install/sensor_msgs/lib:/home/abhay/microros_ws/install/geometry_msgs/lib:/home/abhay/microros_ws/install/std_msgs/lib:/home/abhay/microros_ws/install/builtin_interfaces/lib:/home/abhay/microros_ws/install/visualization_msgs/lib:/home/abhay/microros_ws/install/test_msgs/lib:/home/abhay/microros_ws/install/example_interfaces/lib:/home/abhay/microros_ws/install/action_msgs/lib:/home/abhay/microros_ws/install/unique_identifier_msgs/lib:/home/abhay/microros_ws/install/trajectory_msgs/lib:/home/abhay/microros_ws/install/stereo_msgs/lib:/home/abhay/microros_ws/install/std_srvs/lib:/home/abhay/microros_ws/install/shape_msgs/lib:/home/abhay/microros_ws/install/nav_msgs/lib:/home/abhay/microros_ws/install/diagnostic_msgs/lib:/home/abhay/microros_ws/install/actionlib_msgs/lib:/home/abhay/microros_ws/install/statistics_msgs/lib:/home/abhay/microros_ws/install/rmw_microxrcedds/lib:/home/abhay/microros_ws/install/rosidl_typesupport_microxrcedds_cpp/lib:/home/abhay/microros_ws/install/rosidl_typesupport_microxrcedds_c/lib:/home/abhay/microros_ws/install/rosgraph_msgs/lib:/home/abhay/microros_ws/install/rclc_parameter/lib:/home/abhay/microros_ws/install/rclc/lib:/home/abhay/microros_ws/install/composition_interfaces/lib:/home/abhay/microros_ws/install/rcl_interfaces/lib:/home/abhay/microros_ws/install/microxrcedds_client/lib:/home/abhay/microros_ws/install/microcdr/lib:/home/abhay/microros_ws/install/micro_ros_utilities/lib:/home/abhay/microros_ws/install/micro_ros_msgs/lib:/home/abhay/microros_ws/install/lifecycle_msgs/lib:/home/abhay/microros_ws/install/complex_msgs/lib:/opt/ros/humble/opt/rviz_ogre_vendor/lib:/opt/ros/humble/lib/x86_64-linux-gnu:/opt/ros/humble/lib /usr/bin/cmake --install /home/abhay/microros_ws/build/stereo_msgs
