[0.011s] Invoking command in '/home/abhay/microros_ws/build/builtin_interfaces': CMAKE_PREFIX_PATH=${CMAKE_PREFIX_PATH}:/home/abhay/microros_ws/install/sensor_msgs_py:/home/abhay/ros2_ws/install/py_srvcli:/home/abhay/ros2_ws/install/my_robot_controller:/opt/ros/humble /usr/bin/cmake /home/abhay/microros_ws/src/ros2/rcl_interfaces/builtin_interfaces -DUAGENT_BUILD_EXECUTABLE=OFF -DUAGENT_P2P_PROFILE=OFF --no-warn-unused-cli -DCMAKE_INSTALL_PREFIX=/home/abhay/microros_ws/install/builtin_interfaces
[0.017s] Not searching for unused variables given on the command line.
[0.021s] -- Found ament_cmake: 1.3.8 (/opt/ros/humble/share/ament_cmake/cmake)
[0.122s] -- Found rosidl_default_generators: 1.2.0 (/opt/ros/humble/share/rosidl_default_generators/cmake)
[0.126s] -- Using all available rosidl_typesupport_c: rosidl_typesupport_microxrcedds_c;rosidl_typesupport_fastrtps_c;rosidl_typesupport_introspection_c
[0.127s] -- Found rosidl_adapter: 3.1.5 (/opt/ros/humble/share/rosidl_adapter/cmake)
[0.152s] -- Using all available rosidl_typesupport_cpp: rosidl_typesupport_microxrcedds_cpp;rosidl_typesupport_fastrtps_cpp;rosidl_typesupport_introspection_cpp
[0.370s] -- Found ament_cmake_ros: 0.10.0 (/opt/ros/humble/share/ament_cmake_ros/cmake)
[0.561s] -- Using all available rosidl_typesupport_c: rosidl_typesupport_microxrcedds_c;rosidl_typesupport_fastrtps_c;rosidl_typesupport_introspection_c
[0.800s] -- Using all available rosidl_typesupport_cpp: rosidl_typesupport_microxrcedds_cpp;rosidl_typesupport_fastrtps_cpp;rosidl_typesupport_introspection_cpp
[0.819s] -- Found python_cmake_module: 0.10.0 (/opt/ros/humble/share/python_cmake_module/cmake)
[0.838s] -- Using PYTHON_EXECUTABLE: /usr/bin/python3
[0.838s] -- Using PYTHON_INCLUDE_DIRS: /usr/include/python3.10
[0.839s] -- Using PYTHON_LIBRARIES: /usr/lib/x86_64-linux-gnu/libpython3.10.so
[0.859s] -- Configuring done
[0.877s] -- Generating done
[0.879s] -- Build files have been written to: /home/abhay/microros_ws/build/builtin_interfaces
[0.885s] Invoked command in '/home/abhay/microros_ws/build/builtin_interfaces' returned '0': CMAKE_PREFIX_PATH=${CMAKE_PREFIX_PATH}:/home/abhay/microros_ws/install/sensor_msgs_py:/home/abhay/ros2_ws/install/py_srvcli:/home/abhay/ros2_ws/install/my_robot_controller:/opt/ros/humble /usr/bin/cmake /home/abhay/microros_ws/src/ros2/rcl_interfaces/builtin_interfaces -DUAGENT_BUILD_EXECUTABLE=OFF -DUAGENT_P2P_PROFILE=OFF --no-warn-unused-cli -DCMAKE_INSTALL_PREFIX=/home/abhay/microros_ws/install/builtin_interfaces
[0.885s] Invoking command in '/home/abhay/microros_ws/build/builtin_interfaces': CMAKE_PREFIX_PATH=${CMAKE_PREFIX_PATH}:/home/abhay/microros_ws/install/sensor_msgs_py:/home/abhay/ros2_ws/install/py_srvcli:/home/abhay/ros2_ws/install/my_robot_controller:/opt/ros/humble /usr/bin/cmake --build /home/abhay/microros_ws/build/builtin_interfaces -- -j16 -l16
[0.916s] [35m[1mConsolidate compiler generated dependencies of target builtin_interfaces__rosidl_generator_c[0m
[0.924s] [  2%] Built target builtin_interfaces__cpp
[0.925s] [ 10%] Built target builtin_interfaces__rosidl_generator_c
[0.935s] [35m[1mConsolidate compiler generated dependencies of target builtin_interfaces__rosidl_typesupport_cpp[0m
[0.935s] [ 10%] Built target ament_cmake_python_copy_builtin_interfaces
[0.939s] [35m[1mConsolidate compiler generated dependencies of target builtin_interfaces__rosidl_typesupport_microxrcedds_cpp[0m
[0.939s] [35m[1mConsolidate compiler generated dependencies of target builtin_interfaces__rosidl_typesupport_fastrtps_c[0m
[0.940s] [35m[1mConsolidate compiler generated dependencies of target builtin_interfaces__rosidl_typesupport_microxrcedds_c[0m
[0.940s] [35m[1mConsolidate compiler generated dependencies of target builtin_interfaces__rosidl_typesupport_introspection_cpp[0m
[0.940s] [35m[1mConsolidate compiler generated dependencies of target builtin_interfaces__rosidl_typesupport_fastrtps_cpp[0m
[0.941s] [35m[1mConsolidate compiler generated dependencies of target builtin_interfaces__rosidl_typesupport_introspection_c[0m
[0.943s] [35m[1mConsolidate compiler generated dependencies of target builtin_interfaces__rosidl_typesupport_c[0m
[0.953s] [ 18%] Built target builtin_interfaces__rosidl_typesupport_cpp
[0.960s] [ 26%] Built target builtin_interfaces__rosidl_typesupport_microxrcedds_cpp
[0.962s] [ 36%] Built target builtin_interfaces__rosidl_typesupport_introspection_c
[0.962s] [ 42%] Built target builtin_interfaces__rosidl_typesupport_microxrcedds_c
[0.964s] [ 55%] Built target builtin_interfaces__rosidl_typesupport_introspection_cpp
[0.964s] [ 59%] Built target builtin_interfaces__rosidl_typesupport_fastrtps_c
[0.965s] [ 67%] Built target builtin_interfaces__rosidl_typesupport_c
[0.965s] [ 75%] Built target builtin_interfaces__rosidl_typesupport_fastrtps_cpp
[0.985s] [ 75%] Built target builtin_interfaces
[1.004s] [ 77%] Built target builtin_interfaces__py
[1.013s] [35m[1mConsolidate compiler generated dependencies of target builtin_interfaces__rosidl_generator_py[0m
[1.024s] [ 83%] Built target builtin_interfaces__rosidl_generator_py
[1.035s] [35m[1mConsolidate compiler generated dependencies of target builtin_interfaces__rosidl_typesupport_microxrcedds_c__pyext[0m
[1.035s] [35m[1mConsolidate compiler generated dependencies of target builtin_interfaces__rosidl_typesupport_c__pyext[0m
[1.035s] [35m[1mConsolidate compiler generated dependencies of target builtin_interfaces__rosidl_typesupport_fastrtps_c__pyext[0m
[1.038s] [35m[1mConsolidate compiler generated dependencies of target builtin_interfaces__rosidl_typesupport_introspection_c__pyext[0m
[1.049s] [ 87%] Built target builtin_interfaces__rosidl_typesupport_microxrcedds_c__pyext
[1.050s] [ 91%] Built target builtin_interfaces__rosidl_typesupport_fastrtps_c__pyext
[1.050s] [ 95%] Built target builtin_interfaces__rosidl_typesupport_c__pyext
[1.055s] [100%] Built target builtin_interfaces__rosidl_typesupport_introspection_c__pyext
[1.144s] running egg_info
[1.144s] writing builtin_interfaces.egg-info/PKG-INFO
[1.144s] writing dependency_links to builtin_interfaces.egg-info/dependency_links.txt
[1.145s] writing top-level names to builtin_interfaces.egg-info/top_level.txt
[1.146s] reading manifest file 'builtin_interfaces.egg-info/SOURCES.txt'
[1.146s] writing manifest file 'builtin_interfaces.egg-info/SOURCES.txt'
[1.164s] [100%] Built target ament_cmake_python_build_builtin_interfaces_egg
[1.173s] Invoked command in '/home/abhay/microros_ws/build/builtin_interfaces' returned '0': CMAKE_PREFIX_PATH=${CMAKE_PREFIX_PATH}:/home/abhay/microros_ws/install/sensor_msgs_py:/home/abhay/ros2_ws/install/py_srvcli:/home/abhay/ros2_ws/install/my_robot_controller:/opt/ros/humble /usr/bin/cmake --build /home/abhay/microros_ws/build/builtin_interfaces -- -j16 -l16
[1.275s] Invoking command in '/home/abhay/microros_ws/build/builtin_interfaces': CMAKE_PREFIX_PATH=${CMAKE_PREFIX_PATH}:/home/abhay/microros_ws/install/sensor_msgs_py:/home/abhay/ros2_ws/install/py_srvcli:/home/abhay/ros2_ws/install/my_robot_controller:/opt/ros/humble /usr/bin/cmake --install /home/abhay/microros_ws/build/builtin_interfaces
[1.282s] -- Install configuration: ""
[1.282s] -- Up-to-date: /home/abhay/microros_ws/install/builtin_interfaces/share/ament_index/resource_index/rosidl_interfaces/builtin_interfaces
[1.282s] -- Up-to-date: /home/abhay/microros_ws/install/builtin_interfaces/include/builtin_interfaces/builtin_interfaces
[1.282s] -- Up-to-date: /home/abhay/microros_ws/install/builtin_interfaces/include/builtin_interfaces/builtin_interfaces/msg
[1.282s] -- Up-to-date: /home/abhay/microros_ws/install/builtin_interfaces/include/builtin_interfaces/builtin_interfaces/msg/rosidl_generator_c__visibility_control.h
[1.282s] -- Up-to-date: /home/abhay/microros_ws/install/builtin_interfaces/include/builtin_interfaces/builtin_interfaces/msg/detail
[1.282s] -- Up-to-date: /home/abhay/microros_ws/install/builtin_interfaces/include/builtin_interfaces/builtin_interfaces/msg/detail/duration__struct.h
[1.282s] -- Up-to-date: /home/abhay/microros_ws/install/builtin_interfaces/include/builtin_interfaces/builtin_interfaces/msg/detail/time__type_support.h
[1.282s] -- Up-to-date: /home/abhay/microros_ws/install/builtin_interfaces/include/builtin_interfaces/builtin_interfaces/msg/detail/duration__functions.c
[1.282s] -- Up-to-date: /home/abhay/microros_ws/install/builtin_interfaces/include/builtin_interfaces/builtin_interfaces/msg/detail/time__functions.c
[1.282s] -- Up-to-date: /home/abhay/microros_ws/install/builtin_interfaces/include/builtin_interfaces/builtin_interfaces/msg/detail/duration__type_support.h
[1.282s] -- Up-to-date: /home/abhay/microros_ws/install/builtin_interfaces/include/builtin_interfaces/builtin_interfaces/msg/detail/duration__functions.h
[1.282s] -- Up-to-date: /home/abhay/microros_ws/install/builtin_interfaces/include/builtin_interfaces/builtin_interfaces/msg/detail/time__struct.h
[1.282s] -- Up-to-date: /home/abhay/microros_ws/install/builtin_interfaces/include/builtin_interfaces/builtin_interfaces/msg/detail/time__functions.h
[1.283s] -- Up-to-date: /home/abhay/microros_ws/install/builtin_interfaces/include/builtin_interfaces/builtin_interfaces/msg/time.h
[1.283s] -- Up-to-date: /home/abhay/microros_ws/install/builtin_interfaces/include/builtin_interfaces/builtin_interfaces/msg/duration.h
[1.283s] -- Up-to-date: /home/abhay/microros_ws/install/builtin_interfaces/share/builtin_interfaces/environment/library_path.sh
[1.283s] -- Installing: /home/abhay/microros_ws/install/builtin_interfaces/share/builtin_interfaces/environment/library_path.dsv
[1.283s] -- Up-to-date: /home/abhay/microros_ws/install/builtin_interfaces/lib/libbuiltin_interfaces__rosidl_generator_c.so
[1.283s] -- Up-to-date: /home/abhay/microros_ws/install/builtin_interfaces/include/builtin_interfaces
[1.283s] -- Up-to-date: /home/abhay/microros_ws/install/builtin_interfaces/include/builtin_interfaces/msg
[1.283s] -- Up-to-date: /home/abhay/microros_ws/install/builtin_interfaces/include/builtin_interfaces/msg/detail
[1.283s] -- Up-to-date: /home/abhay/microros_ws/install/builtin_interfaces/include/builtin_interfaces/msg/detail/microxrcedds
[1.283s] -- Up-to-date: /home/abhay/microros_ws/install/builtin_interfaces/include/builtin_interfaces/msg/detail/time__rosidl_typesupport_microxrcedds_c.h
[1.283s] -- Up-to-date: /home/abhay/microros_ws/install/builtin_interfaces/include/builtin_interfaces/msg/detail/duration__rosidl_typesupport_microxrcedds_c.h
[1.283s] -- Up-to-date: /home/abhay/microros_ws/install/builtin_interfaces/include/builtin_interfaces/msg/rosidl_typesupport_microxrcedds_c__visibility_control.h
[1.283s] -- Up-to-date: /home/abhay/microros_ws/install/builtin_interfaces/lib/libbuiltin_interfaces__rosidl_typesupport_microxrcedds_c.so
[1.283s] -- Up-to-date: /home/abhay/microros_ws/install/builtin_interfaces/include/builtin_interfaces/builtin_interfaces
[1.283s] -- Up-to-date: /home/abhay/microros_ws/install/builtin_interfaces/include/builtin_interfaces/builtin_interfaces/msg
[1.283s] -- Up-to-date: /home/abhay/microros_ws/install/builtin_interfaces/include/builtin_interfaces/builtin_interfaces/msg/detail
[1.283s] -- Up-to-date: /home/abhay/microros_ws/install/builtin_interfaces/include/builtin_interfaces/builtin_interfaces/msg/detail/time__rosidl_typesupport_fastrtps_c.h
[1.283s] -- Up-to-date: /home/abhay/microros_ws/install/builtin_interfaces/include/builtin_interfaces/builtin_interfaces/msg/detail/duration__rosidl_typesupport_fastrtps_c.h
[1.283s] -- Up-to-date: /home/abhay/microros_ws/install/builtin_interfaces/include/builtin_interfaces/builtin_interfaces/msg/rosidl_typesupport_fastrtps_c__visibility_control.h
[1.284s] -- Up-to-date: /home/abhay/microros_ws/install/builtin_interfaces/lib/libbuiltin_interfaces__rosidl_typesupport_fastrtps_c.so
[1.284s] -- Up-to-date: /home/abhay/microros_ws/install/builtin_interfaces/include/builtin_interfaces/builtin_interfaces
[1.284s] -- Up-to-date: /home/abhay/microros_ws/install/builtin_interfaces/include/builtin_interfaces/builtin_interfaces/msg
[1.284s] -- Up-to-date: /home/abhay/microros_ws/install/builtin_interfaces/include/builtin_interfaces/builtin_interfaces/msg/detail
[1.284s] -- Up-to-date: /home/abhay/microros_ws/install/builtin_interfaces/include/builtin_interfaces/builtin_interfaces/msg/detail/time__rosidl_typesupport_introspection_c.h
[1.284s] -- Up-to-date: /home/abhay/microros_ws/install/builtin_interfaces/include/builtin_interfaces/builtin_interfaces/msg/detail/time__type_support.c
[1.284s] -- Up-to-date: /home/abhay/microros_ws/install/builtin_interfaces/include/builtin_interfaces/builtin_interfaces/msg/detail/duration__type_support.c
[1.284s] -- Up-to-date: /home/abhay/microros_ws/install/builtin_interfaces/include/builtin_interfaces/builtin_interfaces/msg/detail/duration__rosidl_typesupport_introspection_c.h
[1.284s] -- Up-to-date: /home/abhay/microros_ws/install/builtin_interfaces/include/builtin_interfaces/builtin_interfaces/msg/rosidl_typesupport_introspection_c__visibility_control.h
[1.284s] -- Up-to-date: /home/abhay/microros_ws/install/builtin_interfaces/lib/libbuiltin_interfaces__rosidl_typesupport_introspection_c.so
[1.284s] -- Up-to-date: /home/abhay/microros_ws/install/builtin_interfaces/lib/libbuiltin_interfaces__rosidl_typesupport_c.so
[1.284s] -- Up-to-date: /home/abhay/microros_ws/install/builtin_interfaces/include/builtin_interfaces/builtin_interfaces
[1.284s] -- Up-to-date: /home/abhay/microros_ws/install/builtin_interfaces/include/builtin_interfaces/builtin_interfaces/msg
[1.284s] -- Up-to-date: /home/abhay/microros_ws/install/builtin_interfaces/include/builtin_interfaces/builtin_interfaces/msg/time.hpp
[1.284s] -- Up-to-date: /home/abhay/microros_ws/install/builtin_interfaces/include/builtin_interfaces/builtin_interfaces/msg/detail
[1.284s] -- Up-to-date: /home/abhay/microros_ws/install/builtin_interfaces/include/builtin_interfaces/builtin_interfaces/msg/detail/duration__builder.hpp
[1.285s] -- Up-to-date: /home/abhay/microros_ws/install/builtin_interfaces/include/builtin_interfaces/builtin_interfaces/msg/detail/duration__struct.hpp
[1.285s] -- Up-to-date: /home/abhay/microros_ws/install/builtin_interfaces/include/builtin_interfaces/builtin_interfaces/msg/detail/time__struct.hpp
[1.285s] -- Up-to-date: /home/abhay/microros_ws/install/builtin_interfaces/include/builtin_interfaces/builtin_interfaces/msg/detail/time__builder.hpp
[1.285s] -- Up-to-date: /home/abhay/microros_ws/install/builtin_interfaces/include/builtin_interfaces/builtin_interfaces/msg/detail/duration__traits.hpp
[1.285s] -- Up-to-date: /home/abhay/microros_ws/install/builtin_interfaces/include/builtin_interfaces/builtin_interfaces/msg/detail/time__traits.hpp
[1.285s] -- Up-to-date: /home/abhay/microros_ws/install/builtin_interfaces/include/builtin_interfaces/builtin_interfaces/msg/duration.hpp
[1.285s] -- Up-to-date: /home/abhay/microros_ws/install/builtin_interfaces/include/builtin_interfaces
[1.285s] -- Up-to-date: /home/abhay/microros_ws/install/builtin_interfaces/include/builtin_interfaces/msg
[1.285s] -- Up-to-date: /home/abhay/microros_ws/install/builtin_interfaces/include/builtin_interfaces/msg/detail
[1.285s] -- Up-to-date: /home/abhay/microros_ws/install/builtin_interfaces/include/builtin_interfaces/msg/detail/time__rosidl_typesupport_microxrcedds_cpp.hpp
[1.285s] -- Up-to-date: /home/abhay/microros_ws/install/builtin_interfaces/include/builtin_interfaces/msg/detail/microxrcedds
[1.285s] -- Up-to-date: /home/abhay/microros_ws/install/builtin_interfaces/include/builtin_interfaces/msg/detail/microxrcedds/time__type_support_cpp.cpp
[1.285s] -- Up-to-date: /home/abhay/microros_ws/install/builtin_interfaces/include/builtin_interfaces/msg/detail/microxrcedds/duration__type_support_cpp.cpp
[1.285s] -- Up-to-date: /home/abhay/microros_ws/install/builtin_interfaces/include/builtin_interfaces/msg/detail/duration__rosidl_typesupport_microxrcedds_cpp.hpp
[1.285s] -- Up-to-date: /home/abhay/microros_ws/install/builtin_interfaces/include/builtin_interfaces/msg/rosidl_typesupport_microxrcedds_cpp__visibility_control.h
[1.285s] -- Up-to-date: /home/abhay/microros_ws/install/builtin_interfaces/lib/libbuiltin_interfaces__rosidl_typesupport_microxrcedds_cpp.so
[1.285s] -- Up-to-date: /home/abhay/microros_ws/install/builtin_interfaces/include/builtin_interfaces/builtin_interfaces
[1.285s] -- Up-to-date: /home/abhay/microros_ws/install/builtin_interfaces/include/builtin_interfaces/builtin_interfaces/msg
[1.285s] -- Up-to-date: /home/abhay/microros_ws/install/builtin_interfaces/include/builtin_interfaces/builtin_interfaces/msg/detail
[1.285s] -- Up-to-date: /home/abhay/microros_ws/install/builtin_interfaces/include/builtin_interfaces/builtin_interfaces/msg/detail/time__rosidl_typesupport_fastrtps_cpp.hpp
[1.285s] -- Up-to-date: /home/abhay/microros_ws/install/builtin_interfaces/include/builtin_interfaces/builtin_interfaces/msg/detail/dds_fastrtps
[1.285s] -- Up-to-date: /home/abhay/microros_ws/install/builtin_interfaces/include/builtin_interfaces/builtin_interfaces/msg/detail/duration__rosidl_typesupport_fastrtps_cpp.hpp
[1.285s] -- Up-to-date: /home/abhay/microros_ws/install/builtin_interfaces/include/builtin_interfaces/builtin_interfaces/msg/rosidl_typesupport_fastrtps_cpp__visibility_control.h
[1.285s] -- Up-to-date: /home/abhay/microros_ws/install/builtin_interfaces/lib/libbuiltin_interfaces__rosidl_typesupport_fastrtps_cpp.so
[1.286s] -- Up-to-date: /home/abhay/microros_ws/install/builtin_interfaces/include/builtin_interfaces/builtin_interfaces
[1.286s] -- Up-to-date: /home/abhay/microros_ws/install/builtin_interfaces/include/builtin_interfaces/builtin_interfaces/msg
[1.286s] -- Up-to-date: /home/abhay/microros_ws/install/builtin_interfaces/include/builtin_interfaces/builtin_interfaces/msg/detail
[1.286s] -- Up-to-date: /home/abhay/microros_ws/install/builtin_interfaces/include/builtin_interfaces/builtin_interfaces/msg/detail/time__type_support.cpp
[1.286s] -- Up-to-date: /home/abhay/microros_ws/install/builtin_interfaces/include/builtin_interfaces/builtin_interfaces/msg/detail/time__rosidl_typesupport_introspection_cpp.hpp
[1.286s] -- Up-to-date: /home/abhay/microros_ws/install/builtin_interfaces/include/builtin_interfaces/builtin_interfaces/msg/detail/duration__rosidl_typesupport_introspection_cpp.hpp
[1.286s] -- Up-to-date: /home/abhay/microros_ws/install/builtin_interfaces/include/builtin_interfaces/builtin_interfaces/msg/detail/duration__type_support.cpp
[1.286s] -- Up-to-date: /home/abhay/microros_ws/install/builtin_interfaces/lib/libbuiltin_interfaces__rosidl_typesupport_introspection_cpp.so
[1.286s] -- Up-to-date: /home/abhay/microros_ws/install/builtin_interfaces/lib/libbuiltin_interfaces__rosidl_typesupport_cpp.so
[1.286s] -- Up-to-date: /home/abhay/microros_ws/install/builtin_interfaces/share/builtin_interfaces/environment/pythonpath.sh
[1.286s] -- Installing: /home/abhay/microros_ws/install/builtin_interfaces/share/builtin_interfaces/environment/pythonpath.dsv
[1.286s] -- Up-to-date: /home/abhay/microros_ws/install/builtin_interfaces/local/lib/python3.10/dist-packages/builtin_interfaces-1.2.1-py3.10.egg-info
[1.286s] -- Installing: /home/abhay/microros_ws/install/builtin_interfaces/local/lib/python3.10/dist-packages/builtin_interfaces-1.2.1-py3.10.egg-info/top_level.txt
[1.286s] -- Installing: /home/abhay/microros_ws/install/builtin_interfaces/local/lib/python3.10/dist-packages/builtin_interfaces-1.2.1-py3.10.egg-info/SOURCES.txt
[1.286s] -- Installing: /home/abhay/microros_ws/install/builtin_interfaces/local/lib/python3.10/dist-packages/builtin_interfaces-1.2.1-py3.10.egg-info/dependency_links.txt
[1.286s] -- Installing: /home/abhay/microros_ws/install/builtin_interfaces/local/lib/python3.10/dist-packages/builtin_interfaces-1.2.1-py3.10.egg-info/PKG-INFO
[1.286s] -- Up-to-date: /home/abhay/microros_ws/install/builtin_interfaces/local/lib/python3.10/dist-packages/builtin_interfaces
[1.286s] -- Up-to-date: /home/abhay/microros_ws/install/builtin_interfaces/local/lib/python3.10/dist-packages/builtin_interfaces/_builtin_interfaces_s.ep.rosidl_typesupport_fastrtps_c.c
[1.286s] -- Up-to-date: /home/abhay/microros_ws/install/builtin_interfaces/local/lib/python3.10/dist-packages/builtin_interfaces/msg
[1.286s] -- Up-to-date: /home/abhay/microros_ws/install/builtin_interfaces/local/lib/python3.10/dist-packages/builtin_interfaces/msg/_time_s.c
[1.286s] -- Up-to-date: /home/abhay/microros_ws/install/builtin_interfaces/local/lib/python3.10/dist-packages/builtin_interfaces/msg/_time.py
[1.286s] -- Up-to-date: /home/abhay/microros_ws/install/builtin_interfaces/local/lib/python3.10/dist-packages/builtin_interfaces/msg/_duration_s.c
[1.286s] -- Up-to-date: /home/abhay/microros_ws/install/builtin_interfaces/local/lib/python3.10/dist-packages/builtin_interfaces/msg/_duration.py
[1.286s] -- Up-to-date: /home/abhay/microros_ws/install/builtin_interfaces/local/lib/python3.10/dist-packages/builtin_interfaces/msg/__init__.py
[1.286s] -- Up-to-date: /home/abhay/microros_ws/install/builtin_interfaces/local/lib/python3.10/dist-packages/builtin_interfaces/builtin_interfaces_s__rosidl_typesupport_introspection_c.cpython-310-x86_64-linux-gnu.so
[1.286s] -- Up-to-date: /home/abhay/microros_ws/install/builtin_interfaces/local/lib/python3.10/dist-packages/builtin_interfaces/builtin_interfaces_s__rosidl_typesupport_microxrcedds_c.cpython-310-x86_64-linux-gnu.so
[1.286s] -- Up-to-date: /home/abhay/microros_ws/install/builtin_interfaces/local/lib/python3.10/dist-packages/builtin_interfaces/builtin_interfaces_s__rosidl_typesupport_c.cpython-310-x86_64-linux-gnu.so
[1.286s] -- Up-to-date: /home/abhay/microros_ws/install/builtin_interfaces/local/lib/python3.10/dist-packages/builtin_interfaces/_builtin_interfaces_s.ep.rosidl_typesupport_introspection_c.c
[1.286s] -- Up-to-date: /home/abhay/microros_ws/install/builtin_interfaces/local/lib/python3.10/dist-packages/builtin_interfaces/builtin_interfaces_s__rosidl_typesupport_fastrtps_c.cpython-310-x86_64-linux-gnu.so
[1.286s] -- Up-to-date: /home/abhay/microros_ws/install/builtin_interfaces/local/lib/python3.10/dist-packages/builtin_interfaces/_builtin_interfaces_s.ep.rosidl_typesupport_microxrcedds_c.c
[1.287s] -- Up-to-date: /home/abhay/microros_ws/install/builtin_interfaces/local/lib/python3.10/dist-packages/builtin_interfaces/libbuiltin_interfaces__rosidl_generator_py.so
[1.287s] -- Installing: /home/abhay/microros_ws/install/builtin_interfaces/local/lib/python3.10/dist-packages/builtin_interfaces/__init__.py
[1.287s] -- Up-to-date: /home/abhay/microros_ws/install/builtin_interfaces/local/lib/python3.10/dist-packages/builtin_interfaces/_builtin_interfaces_s.ep.rosidl_typesupport_c.c
[1.317s] Listing '/home/abhay/microros_ws/install/builtin_interfaces/local/lib/python3.10/dist-packages/builtin_interfaces'...
[1.317s] Compiling '/home/abhay/microros_ws/install/builtin_interfaces/local/lib/python3.10/dist-packages/builtin_interfaces/__init__.py'...
[1.317s] Listing '/home/abhay/microros_ws/install/builtin_interfaces/local/lib/python3.10/dist-packages/builtin_interfaces/msg'...
[1.320s] -- Up-to-date: /home/abhay/microros_ws/install/builtin_interfaces/local/lib/python3.10/dist-packages/builtin_interfaces/builtin_interfaces_s__rosidl_typesupport_microxrcedds_c.cpython-310-x86_64-linux-gnu.so
[1.320s] -- Up-to-date: /home/abhay/microros_ws/install/builtin_interfaces/local/lib/python3.10/dist-packages/builtin_interfaces/builtin_interfaces_s__rosidl_typesupport_fastrtps_c.cpython-310-x86_64-linux-gnu.so
[1.320s] -- Up-to-date: /home/abhay/microros_ws/install/builtin_interfaces/local/lib/python3.10/dist-packages/builtin_interfaces/builtin_interfaces_s__rosidl_typesupport_introspection_c.cpython-310-x86_64-linux-gnu.so
[1.320s] -- Up-to-date: /home/abhay/microros_ws/install/builtin_interfaces/local/lib/python3.10/dist-packages/builtin_interfaces/builtin_interfaces_s__rosidl_typesupport_c.cpython-310-x86_64-linux-gnu.so
[1.321s] -- Up-to-date: /home/abhay/microros_ws/install/builtin_interfaces/lib/libbuiltin_interfaces__rosidl_generator_py.so
[1.321s] -- Up-to-date: /home/abhay/microros_ws/install/builtin_interfaces/share/builtin_interfaces/msg/Duration.idl
[1.321s] -- Up-to-date: /home/abhay/microros_ws/install/builtin_interfaces/share/builtin_interfaces/msg/Time.idl
[1.321s] -- Up-to-date: /home/abhay/microros_ws/install/builtin_interfaces/share/builtin_interfaces/msg/Duration.msg
[1.321s] -- Up-to-date: /home/abhay/microros_ws/install/builtin_interfaces/share/builtin_interfaces/msg/Time.msg
[1.321s] -- Up-to-date: /home/abhay/microros_ws/install/builtin_interfaces/share/ament_index/resource_index/package_run_dependencies/builtin_interfaces
[1.321s] -- Installing: /home/abhay/microros_ws/install/builtin_interfaces/share/ament_index/resource_index/parent_prefix_path/builtin_interfaces
[1.321s] -- Up-to-date: /home/abhay/microros_ws/install/builtin_interfaces/share/builtin_interfaces/environment/ament_prefix_path.sh
[1.321s] -- Installing: /home/abhay/microros_ws/install/builtin_interfaces/share/builtin_interfaces/environment/ament_prefix_path.dsv
[1.321s] -- Up-to-date: /home/abhay/microros_ws/install/builtin_interfaces/share/builtin_interfaces/environment/path.sh
[1.321s] -- Installing: /home/abhay/microros_ws/install/builtin_interfaces/share/builtin_interfaces/environment/path.dsv
[1.321s] -- Up-to-date: /home/abhay/microros_ws/install/builtin_interfaces/share/builtin_interfaces/local_setup.bash
[1.322s] -- Up-to-date: /home/abhay/microros_ws/install/builtin_interfaces/share/builtin_interfaces/local_setup.sh
[1.322s] -- Up-to-date: /home/abhay/microros_ws/install/builtin_interfaces/share/builtin_interfaces/local_setup.zsh
[1.322s] -- Installing: /home/abhay/microros_ws/install/builtin_interfaces/share/builtin_interfaces/local_setup.dsv
[1.322s] -- Installing: /home/abhay/microros_ws/install/builtin_interfaces/share/builtin_interfaces/package.dsv
[1.322s] -- Up-to-date: /home/abhay/microros_ws/install/builtin_interfaces/share/ament_index/resource_index/packages/builtin_interfaces
[1.322s] -- Up-to-date: /home/abhay/microros_ws/install/builtin_interfaces/share/builtin_interfaces/cmake/export_builtin_interfaces__rosidl_generator_cExport.cmake
[1.322s] -- Up-to-date: /home/abhay/microros_ws/install/builtin_interfaces/share/builtin_interfaces/cmake/export_builtin_interfaces__rosidl_generator_cExport-noconfig.cmake
[1.322s] -- Up-to-date: /home/abhay/microros_ws/install/builtin_interfaces/share/builtin_interfaces/cmake/export_builtin_interfaces__rosidl_typesupport_fastrtps_cExport.cmake
[1.322s] -- Up-to-date: /home/abhay/microros_ws/install/builtin_interfaces/share/builtin_interfaces/cmake/export_builtin_interfaces__rosidl_typesupport_fastrtps_cExport-noconfig.cmake
[1.322s] -- Up-to-date: /home/abhay/microros_ws/install/builtin_interfaces/share/builtin_interfaces/cmake/builtin_interfaces__rosidl_typesupport_introspection_cExport.cmake
[1.322s] -- Up-to-date: /home/abhay/microros_ws/install/builtin_interfaces/share/builtin_interfaces/cmake/builtin_interfaces__rosidl_typesupport_introspection_cExport-noconfig.cmake
[1.322s] -- Up-to-date: /home/abhay/microros_ws/install/builtin_interfaces/share/builtin_interfaces/cmake/builtin_interfaces__rosidl_typesupport_cExport.cmake
[1.322s] -- Up-to-date: /home/abhay/microros_ws/install/builtin_interfaces/share/builtin_interfaces/cmake/builtin_interfaces__rosidl_typesupport_cExport-noconfig.cmake
[1.322s] -- Up-to-date: /home/abhay/microros_ws/install/builtin_interfaces/share/builtin_interfaces/cmake/export_builtin_interfaces__rosidl_generator_cppExport.cmake
[1.322s] -- Up-to-date: /home/abhay/microros_ws/install/builtin_interfaces/share/builtin_interfaces/cmake/export_builtin_interfaces__rosidl_typesupport_fastrtps_cppExport.cmake
[1.322s] -- Up-to-date: /home/abhay/microros_ws/install/builtin_interfaces/share/builtin_interfaces/cmake/export_builtin_interfaces__rosidl_typesupport_fastrtps_cppExport-noconfig.cmake
[1.322s] -- Up-to-date: /home/abhay/microros_ws/install/builtin_interfaces/share/builtin_interfaces/cmake/builtin_interfaces__rosidl_typesupport_introspection_cppExport.cmake
[1.322s] -- Up-to-date: /home/abhay/microros_ws/install/builtin_interfaces/share/builtin_interfaces/cmake/builtin_interfaces__rosidl_typesupport_introspection_cppExport-noconfig.cmake
[1.323s] -- Up-to-date: /home/abhay/microros_ws/install/builtin_interfaces/share/builtin_interfaces/cmake/builtin_interfaces__rosidl_typesupport_cppExport.cmake
[1.323s] -- Up-to-date: /home/abhay/microros_ws/install/builtin_interfaces/share/builtin_interfaces/cmake/builtin_interfaces__rosidl_typesupport_cppExport-noconfig.cmake
[1.323s] -- Up-to-date: /home/abhay/microros_ws/install/builtin_interfaces/share/builtin_interfaces/cmake/export_builtin_interfaces__rosidl_generator_pyExport.cmake
[1.323s] -- Up-to-date: /home/abhay/microros_ws/install/builtin_interfaces/share/builtin_interfaces/cmake/export_builtin_interfaces__rosidl_generator_pyExport-noconfig.cmake
[1.323s] -- Up-to-date: /home/abhay/microros_ws/install/builtin_interfaces/share/builtin_interfaces/cmake/rosidl_cmake-extras.cmake
[1.323s] -- Up-to-date: /home/abhay/microros_ws/install/builtin_interfaces/share/builtin_interfaces/cmake/ament_cmake_export_include_directories-extras.cmake
[1.323s] -- Up-to-date: /home/abhay/microros_ws/install/builtin_interfaces/share/builtin_interfaces/cmake/ament_cmake_export_libraries-extras.cmake
[1.323s] -- Up-to-date: /home/abhay/microros_ws/install/builtin_interfaces/share/builtin_interfaces/cmake/ament_cmake_export_targets-extras.cmake
[1.323s] -- Up-to-date: /home/abhay/microros_ws/install/builtin_interfaces/share/builtin_interfaces/cmake/rosidl_cmake_export_typesupport_targets-extras.cmake
[1.323s] -- Up-to-date: /home/abhay/microros_ws/install/builtin_interfaces/share/builtin_interfaces/cmake/ament_cmake_export_dependencies-extras.cmake
[1.323s] -- Up-to-date: /home/abhay/microros_ws/install/builtin_interfaces/share/builtin_interfaces/cmake/rosidl_cmake_export_typesupport_libraries-extras.cmake
[1.323s] -- Up-to-date: /home/abhay/microros_ws/install/builtin_interfaces/share/builtin_interfaces/cmake/builtin_interfacesConfig.cmake
[1.323s] -- Up-to-date: /home/abhay/microros_ws/install/builtin_interfaces/share/builtin_interfaces/cmake/builtin_interfacesConfig-version.cmake
[1.323s] -- Up-to-date: /home/abhay/microros_ws/install/builtin_interfaces/share/builtin_interfaces/package.xml
[1.325s] Invoked command in '/home/abhay/microros_ws/build/builtin_interfaces' returned '0': CMAKE_PREFIX_PATH=${CMAKE_PREFIX_PATH}:/home/abhay/microros_ws/install/sensor_msgs_py:/home/abhay/ros2_ws/install/py_srvcli:/home/abhay/ros2_ws/install/my_robot_controller:/opt/ros/humble /usr/bin/cmake --install /home/abhay/microros_ws/build/builtin_interfaces
