[0.070s] Invoking command in '/home/abhay/microros_ws/build/rcl_interfaces': CMAKE_PREFIX_PATH=/home/abhay/microros_ws/install/builtin_interfaces:/home/abhay/microros_ws/install/micro_ros_demos_rclc:/home/abhay/microros_ws/install/common_interfaces:/home/abhay/microros_ws/install/visualization_msgs:/home/abhay/microros_ws/install/test_msgs:/home/abhay/microros_ws/install/example_interfaces:/home/abhay/microros_ws/install/action_msgs:/home/abhay/microros_ws/install/unique_identifier_msgs:/home/abhay/microros_ws/install/trajectory_msgs:/home/abhay/microros_ws/install/stereo_msgs:/home/abhay/microros_ws/install/std_srvs:/home/abhay/microros_ws/install/shape_msgs:/home/abhay/microros_ws/install/sensor_msgs:/home/abhay/microros_ws/install/nav_msgs:/home/abhay/microros_ws/install/diagnostic_msgs:/home/abhay/microros_ws/install/geometry_msgs:/home/abhay/microros_ws/install/actionlib_msgs:/home/abhay/microros_ws/install/std_msgs:/home/abhay/microros_ws/install/statistics_msgs:/home/abhay/microros_ws/install/rosidl_typesupport_microxrcedds_test_msg:/home/abhay/microros_ws/install/rosidl_typesupport_microxrcedds_cpp_tests:/home/abhay/microros_ws/install/rmw_microxrcedds:/home/abhay/microros_ws/install/rosidl_typesupport_microxrcedds_cpp:/home/abhay/microros_ws/install/rosidl_typesupport_microxrcedds_c_tests:/home/abhay/microros_ws/install/rosidl_typesupport_microxrcedds_c:/home/abhay/microros_ws/install/rosgraph_msgs:/home/abhay/microros_ws/install/rclc_parameter:/home/abhay/microros_ws/install/rclc:/home/abhay/microros_ws/install/composition_interfaces:/home/abhay/microros_ws/install/rcl_interfaces:/home/abhay/microros_ws/install/microxrcedds_client:/home/abhay/microros_ws/install/microcdr:/home/abhay/microros_ws/install/micro_ros_utilities:/home/abhay/microros_ws/install/micro_ros_msgs:/home/abhay/microros_ws/install/lifecycle_msgs:/home/abhay/microros_ws/install/complex_msgs:/home/abhay/microros_ws/install/micro_ros_setup:/home/abhay/microros_ws/install/sensor_msgs_py:/home/abhay/ros2_ws/install/py_srvcli:/home/abhay/ros2_ws/install/my_robot_controller:/opt/ros/humble LD_LIBRARY_PATH=/home/abhay/microros_ws/install/builtin_interfaces/lib:/home/abhay/microros_ws/install/visualization_msgs/lib:/home/abhay/microros_ws/install/test_msgs/lib:/home/abhay/microros_ws/install/example_interfaces/lib:/home/abhay/microros_ws/install/action_msgs/lib:/home/abhay/microros_ws/install/unique_identifier_msgs/lib:/home/abhay/microros_ws/install/trajectory_msgs/lib:/home/abhay/microros_ws/install/stereo_msgs/lib:/home/abhay/microros_ws/install/std_srvs/lib:/home/abhay/microros_ws/install/shape_msgs/lib:/home/abhay/microros_ws/install/sensor_msgs/lib:/home/abhay/microros_ws/install/nav_msgs/lib:/home/abhay/microros_ws/install/diagnostic_msgs/lib:/home/abhay/microros_ws/install/geometry_msgs/lib:/home/abhay/microros_ws/install/actionlib_msgs/lib:/home/abhay/microros_ws/install/std_msgs/lib:/home/abhay/microros_ws/install/statistics_msgs/lib:/home/abhay/microros_ws/install/rmw_microxrcedds/lib:/home/abhay/microros_ws/install/rosidl_typesupport_microxrcedds_cpp/lib:/home/abhay/microros_ws/install/rosidl_typesupport_microxrcedds_c/lib:/home/abhay/microros_ws/install/rosgraph_msgs/lib:/home/abhay/microros_ws/install/rclc_parameter/lib:/home/abhay/microros_ws/install/rclc/lib:/home/abhay/microros_ws/install/composition_interfaces/lib:/home/abhay/microros_ws/install/rcl_interfaces/lib:/home/abhay/microros_ws/install/microxrcedds_client/lib:/home/abhay/microros_ws/install/microcdr/lib:/home/abhay/microros_ws/install/micro_ros_utilities/lib:/home/abhay/microros_ws/install/micro_ros_msgs/lib:/home/abhay/microros_ws/install/lifecycle_msgs/lib:/home/abhay/microros_ws/install/complex_msgs/lib:/opt/ros/humble/opt/rviz_ogre_vendor/lib:/opt/ros/humble/lib/x86_64-linux-gnu:/opt/ros/humble/lib /usr/bin/cmake --build /home/abhay/microros_ws/build/rcl_interfaces -- -j16 -l16
[0.137s] [35m[1mConsolidate compiler generated dependencies of target rcl_interfaces__rosidl_generator_c[0m
[0.145s] [  0%] Built target rcl_interfaces__cpp
[0.169s] [  0%] Built target ament_cmake_python_copy_rcl_interfaces
[0.178s] [  9%] Built target rcl_interfaces__rosidl_generator_c
[0.198s] [35m[1mConsolidate compiler generated dependencies of target rcl_interfaces__rosidl_typesupport_cpp[0m
[0.198s] [35m[1mConsolidate compiler generated dependencies of target rcl_interfaces__rosidl_typesupport_microxrcedds_cpp[0m
[0.204s] [35m[1mConsolidate compiler generated dependencies of target rcl_interfaces__rosidl_typesupport_fastrtps_cpp[0m
[0.222s] [35m[1mConsolidate compiler generated dependencies of target rcl_interfaces__rosidl_typesupport_introspection_cpp[0m
[0.223s] [35m[1mConsolidate compiler generated dependencies of target rcl_interfaces__rosidl_typesupport_microxrcedds_c[0m
[0.227s] [35m[1mConsolidate compiler generated dependencies of target rcl_interfaces__rosidl_typesupport_fastrtps_c[0m
[0.233s] [35m[1mConsolidate compiler generated dependencies of target rcl_interfaces__rosidl_typesupport_introspection_c[0m
[0.254s] [35m[1mConsolidate compiler generated dependencies of target rcl_interfaces__rosidl_typesupport_c[0m
[0.306s] [ 18%] Built target rcl_interfaces__rosidl_typesupport_cpp
[0.312s] [ 27%] Built target rcl_interfaces__rosidl_typesupport_introspection_cpp
[0.315s] [ 37%] Built target rcl_interfaces__rosidl_typesupport_microxrcedds_cpp
[0.323s] [ 47%] Built target rcl_interfaces__rosidl_typesupport_microxrcedds_c
[0.325s] [ 56%] Built target rcl_interfaces__rosidl_typesupport_fastrtps_cpp
[0.331s] [ 67%] Built target rcl_interfaces__rosidl_typesupport_introspection_c
[0.333s] [ 76%] Built target rcl_interfaces__rosidl_typesupport_fastrtps_c
[0.337s] [ 86%] Built target rcl_interfaces__rosidl_typesupport_c
[0.386s] [ 86%] Built target rcl_interfaces
[0.422s] [ 87%] Built target rcl_interfaces__py
[0.448s] [35m[1mConsolidate compiler generated dependencies of target rcl_interfaces__rosidl_generator_py[0m
[0.478s] [ 96%] Built target rcl_interfaces__rosidl_generator_py
[0.498s] [35m[1mConsolidate compiler generated dependencies of target rcl_interfaces__rosidl_typesupport_microxrcedds_c__pyext[0m
[0.506s] [35m[1mConsolidate compiler generated dependencies of target rcl_interfaces__rosidl_typesupport_introspection_c__pyext[0m
[0.513s] [35m[1mConsolidate compiler generated dependencies of target rcl_interfaces__rosidl_typesupport_fastrtps_c__pyext[0m
[0.526s] [ 97%] Built target rcl_interfaces__rosidl_typesupport_microxrcedds_c__pyext
[0.529s] [35m[1mConsolidate compiler generated dependencies of target rcl_interfaces__rosidl_typesupport_c__pyext[0m
[0.562s] [ 98%] Built target rcl_interfaces__rosidl_typesupport_introspection_c__pyext
[0.574s] [ 99%] Built target rcl_interfaces__rosidl_typesupport_fastrtps_c__pyext
[0.575s] [100%] Built target rcl_interfaces__rosidl_typesupport_c__pyext
[0.634s] running egg_info
[0.634s] writing rcl_interfaces.egg-info/PKG-INFO
[0.635s] writing dependency_links to rcl_interfaces.egg-info/dependency_links.txt
[0.635s] writing top-level names to rcl_interfaces.egg-info/top_level.txt
[0.637s] reading manifest file 'rcl_interfaces.egg-info/SOURCES.txt'
[0.637s] writing manifest file 'rcl_interfaces.egg-info/SOURCES.txt'
[0.673s] [100%] Built target ament_cmake_python_build_rcl_interfaces_egg
[0.685s] Invoked command in '/home/abhay/microros_ws/build/rcl_interfaces' returned '0': CMAKE_PREFIX_PATH=/home/abhay/microros_ws/install/builtin_interfaces:/home/abhay/microros_ws/install/micro_ros_demos_rclc:/home/abhay/microros_ws/install/common_interfaces:/home/abhay/microros_ws/install/visualization_msgs:/home/abhay/microros_ws/install/test_msgs:/home/abhay/microros_ws/install/example_interfaces:/home/abhay/microros_ws/install/action_msgs:/home/abhay/microros_ws/install/unique_identifier_msgs:/home/abhay/microros_ws/install/trajectory_msgs:/home/abhay/microros_ws/install/stereo_msgs:/home/abhay/microros_ws/install/std_srvs:/home/abhay/microros_ws/install/shape_msgs:/home/abhay/microros_ws/install/sensor_msgs:/home/abhay/microros_ws/install/nav_msgs:/home/abhay/microros_ws/install/diagnostic_msgs:/home/abhay/microros_ws/install/geometry_msgs:/home/abhay/microros_ws/install/actionlib_msgs:/home/abhay/microros_ws/install/std_msgs:/home/abhay/microros_ws/install/statistics_msgs:/home/abhay/microros_ws/install/rosidl_typesupport_microxrcedds_test_msg:/home/abhay/microros_ws/install/rosidl_typesupport_microxrcedds_cpp_tests:/home/abhay/microros_ws/install/rmw_microxrcedds:/home/abhay/microros_ws/install/rosidl_typesupport_microxrcedds_cpp:/home/abhay/microros_ws/install/rosidl_typesupport_microxrcedds_c_tests:/home/abhay/microros_ws/install/rosidl_typesupport_microxrcedds_c:/home/abhay/microros_ws/install/rosgraph_msgs:/home/abhay/microros_ws/install/rclc_parameter:/home/abhay/microros_ws/install/rclc:/home/abhay/microros_ws/install/composition_interfaces:/home/abhay/microros_ws/install/rcl_interfaces:/home/abhay/microros_ws/install/microxrcedds_client:/home/abhay/microros_ws/install/microcdr:/home/abhay/microros_ws/install/micro_ros_utilities:/home/abhay/microros_ws/install/micro_ros_msgs:/home/abhay/microros_ws/install/lifecycle_msgs:/home/abhay/microros_ws/install/complex_msgs:/home/abhay/microros_ws/install/micro_ros_setup:/home/abhay/microros_ws/install/sensor_msgs_py:/home/abhay/ros2_ws/install/py_srvcli:/home/abhay/ros2_ws/install/my_robot_controller:/opt/ros/humble LD_LIBRARY_PATH=/home/abhay/microros_ws/install/builtin_interfaces/lib:/home/abhay/microros_ws/install/visualization_msgs/lib:/home/abhay/microros_ws/install/test_msgs/lib:/home/abhay/microros_ws/install/example_interfaces/lib:/home/abhay/microros_ws/install/action_msgs/lib:/home/abhay/microros_ws/install/unique_identifier_msgs/lib:/home/abhay/microros_ws/install/trajectory_msgs/lib:/home/abhay/microros_ws/install/stereo_msgs/lib:/home/abhay/microros_ws/install/std_srvs/lib:/home/abhay/microros_ws/install/shape_msgs/lib:/home/abhay/microros_ws/install/sensor_msgs/lib:/home/abhay/microros_ws/install/nav_msgs/lib:/home/abhay/microros_ws/install/diagnostic_msgs/lib:/home/abhay/microros_ws/install/geometry_msgs/lib:/home/abhay/microros_ws/install/actionlib_msgs/lib:/home/abhay/microros_ws/install/std_msgs/lib:/home/abhay/microros_ws/install/statistics_msgs/lib:/home/abhay/microros_ws/install/rmw_microxrcedds/lib:/home/abhay/microros_ws/install/rosidl_typesupport_microxrcedds_cpp/lib:/home/abhay/microros_ws/install/rosidl_typesupport_microxrcedds_c/lib:/home/abhay/microros_ws/install/rosgraph_msgs/lib:/home/abhay/microros_ws/install/rclc_parameter/lib:/home/abhay/microros_ws/install/rclc/lib:/home/abhay/microros_ws/install/composition_interfaces/lib:/home/abhay/microros_ws/install/rcl_interfaces/lib:/home/abhay/microros_ws/install/microxrcedds_client/lib:/home/abhay/microros_ws/install/microcdr/lib:/home/abhay/microros_ws/install/micro_ros_utilities/lib:/home/abhay/microros_ws/install/micro_ros_msgs/lib:/home/abhay/microros_ws/install/lifecycle_msgs/lib:/home/abhay/microros_ws/install/complex_msgs/lib:/opt/ros/humble/opt/rviz_ogre_vendor/lib:/opt/ros/humble/lib/x86_64-linux-gnu:/opt/ros/humble/lib /usr/bin/cmake --build /home/abhay/microros_ws/build/rcl_interfaces -- -j16 -l16
[1.279s] Invoking command in '/home/abhay/microros_ws/build/rcl_interfaces': CMAKE_PREFIX_PATH=/home/abhay/microros_ws/install/builtin_interfaces:/home/abhay/microros_ws/install/micro_ros_demos_rclc:/home/abhay/microros_ws/install/common_interfaces:/home/abhay/microros_ws/install/visualization_msgs:/home/abhay/microros_ws/install/test_msgs:/home/abhay/microros_ws/install/example_interfaces:/home/abhay/microros_ws/install/action_msgs:/home/abhay/microros_ws/install/unique_identifier_msgs:/home/abhay/microros_ws/install/trajectory_msgs:/home/abhay/microros_ws/install/stereo_msgs:/home/abhay/microros_ws/install/std_srvs:/home/abhay/microros_ws/install/shape_msgs:/home/abhay/microros_ws/install/sensor_msgs:/home/abhay/microros_ws/install/nav_msgs:/home/abhay/microros_ws/install/diagnostic_msgs:/home/abhay/microros_ws/install/geometry_msgs:/home/abhay/microros_ws/install/actionlib_msgs:/home/abhay/microros_ws/install/std_msgs:/home/abhay/microros_ws/install/statistics_msgs:/home/abhay/microros_ws/install/rosidl_typesupport_microxrcedds_test_msg:/home/abhay/microros_ws/install/rosidl_typesupport_microxrcedds_cpp_tests:/home/abhay/microros_ws/install/rmw_microxrcedds:/home/abhay/microros_ws/install/rosidl_typesupport_microxrcedds_cpp:/home/abhay/microros_ws/install/rosidl_typesupport_microxrcedds_c_tests:/home/abhay/microros_ws/install/rosidl_typesupport_microxrcedds_c:/home/abhay/microros_ws/install/rosgraph_msgs:/home/abhay/microros_ws/install/rclc_parameter:/home/abhay/microros_ws/install/rclc:/home/abhay/microros_ws/install/composition_interfaces:/home/abhay/microros_ws/install/rcl_interfaces:/home/abhay/microros_ws/install/microxrcedds_client:/home/abhay/microros_ws/install/microcdr:/home/abhay/microros_ws/install/micro_ros_utilities:/home/abhay/microros_ws/install/micro_ros_msgs:/home/abhay/microros_ws/install/lifecycle_msgs:/home/abhay/microros_ws/install/complex_msgs:/home/abhay/microros_ws/install/micro_ros_setup:/home/abhay/microros_ws/install/sensor_msgs_py:/home/abhay/ros2_ws/install/py_srvcli:/home/abhay/ros2_ws/install/my_robot_controller:/opt/ros/humble LD_LIBRARY_PATH=/home/abhay/microros_ws/install/builtin_interfaces/lib:/home/abhay/microros_ws/install/visualization_msgs/lib:/home/abhay/microros_ws/install/test_msgs/lib:/home/abhay/microros_ws/install/example_interfaces/lib:/home/abhay/microros_ws/install/action_msgs/lib:/home/abhay/microros_ws/install/unique_identifier_msgs/lib:/home/abhay/microros_ws/install/trajectory_msgs/lib:/home/abhay/microros_ws/install/stereo_msgs/lib:/home/abhay/microros_ws/install/std_srvs/lib:/home/abhay/microros_ws/install/shape_msgs/lib:/home/abhay/microros_ws/install/sensor_msgs/lib:/home/abhay/microros_ws/install/nav_msgs/lib:/home/abhay/microros_ws/install/diagnostic_msgs/lib:/home/abhay/microros_ws/install/geometry_msgs/lib:/home/abhay/microros_ws/install/actionlib_msgs/lib:/home/abhay/microros_ws/install/std_msgs/lib:/home/abhay/microros_ws/install/statistics_msgs/lib:/home/abhay/microros_ws/install/rmw_microxrcedds/lib:/home/abhay/microros_ws/install/rosidl_typesupport_microxrcedds_cpp/lib:/home/abhay/microros_ws/install/rosidl_typesupport_microxrcedds_c/lib:/home/abhay/microros_ws/install/rosgraph_msgs/lib:/home/abhay/microros_ws/install/rclc_parameter/lib:/home/abhay/microros_ws/install/rclc/lib:/home/abhay/microros_ws/install/composition_interfaces/lib:/home/abhay/microros_ws/install/rcl_interfaces/lib:/home/abhay/microros_ws/install/microxrcedds_client/lib:/home/abhay/microros_ws/install/microcdr/lib:/home/abhay/microros_ws/install/micro_ros_utilities/lib:/home/abhay/microros_ws/install/micro_ros_msgs/lib:/home/abhay/microros_ws/install/lifecycle_msgs/lib:/home/abhay/microros_ws/install/complex_msgs/lib:/opt/ros/humble/opt/rviz_ogre_vendor/lib:/opt/ros/humble/lib/x86_64-linux-gnu:/opt/ros/humble/lib /usr/bin/cmake --install /home/abhay/microros_ws/build/rcl_interfaces
[1.290s] -- Install configuration: ""
[1.290s] -- Up-to-date: /home/abhay/microros_ws/install/rcl_interfaces/share/ament_index/resource_index/rosidl_interfaces/rcl_interfaces
[1.290s] -- Up-to-date: /home/abhay/microros_ws/install/rcl_interfaces/include/rcl_interfaces/rcl_interfaces
[1.290s] -- Up-to-date: /home/abhay/microros_ws/install/rcl_interfaces/include/rcl_interfaces/rcl_interfaces/msg
[1.291s] -- Up-to-date: /home/abhay/microros_ws/install/rcl_interfaces/include/rcl_interfaces/rcl_interfaces/msg/floating_point_range.h
[1.291s] -- Up-to-date: /home/abhay/microros_ws/install/rcl_interfaces/include/rcl_interfaces/rcl_interfaces/msg/log.h
[1.291s] -- Up-to-date: /home/abhay/microros_ws/install/rcl_interfaces/include/rcl_interfaces/rcl_interfaces/msg/rosidl_generator_c__visibility_control.h
[1.291s] -- Up-to-date: /home/abhay/microros_ws/install/rcl_interfaces/include/rcl_interfaces/rcl_interfaces/msg/parameter_event.h
[1.291s] -- Up-to-date: /home/abhay/microros_ws/install/rcl_interfaces/include/rcl_interfaces/rcl_interfaces/msg/parameter.h
[1.291s] -- Up-to-date: /home/abhay/microros_ws/install/rcl_interfaces/include/rcl_interfaces/rcl_interfaces/msg/detail
[1.291s] -- Up-to-date: /home/abhay/microros_ws/install/rcl_interfaces/include/rcl_interfaces/rcl_interfaces/msg/detail/parameter_value__functions.h
[1.291s] -- Up-to-date: /home/abhay/microros_ws/install/rcl_interfaces/include/rcl_interfaces/rcl_interfaces/msg/detail/parameter_type__type_support.h
[1.291s] -- Up-to-date: /home/abhay/microros_ws/install/rcl_interfaces/include/rcl_interfaces/rcl_interfaces/msg/detail/floating_point_range__functions.h
[1.292s] -- Up-to-date: /home/abhay/microros_ws/install/rcl_interfaces/include/rcl_interfaces/rcl_interfaces/msg/detail/parameter_descriptor__functions.h
[1.292s] -- Up-to-date: /home/abhay/microros_ws/install/rcl_interfaces/include/rcl_interfaces/rcl_interfaces/msg/detail/integer_range__struct.h
[1.292s] -- Up-to-date: /home/abhay/microros_ws/install/rcl_interfaces/include/rcl_interfaces/rcl_interfaces/msg/detail/list_parameters_result__struct.h
[1.292s] -- Up-to-date: /home/abhay/microros_ws/install/rcl_interfaces/include/rcl_interfaces/rcl_interfaces/msg/detail/parameter__struct.h
[1.292s] -- Up-to-date: /home/abhay/microros_ws/install/rcl_interfaces/include/rcl_interfaces/rcl_interfaces/msg/detail/log__struct.h
[1.292s] -- Up-to-date: /home/abhay/microros_ws/install/rcl_interfaces/include/rcl_interfaces/rcl_interfaces/msg/detail/parameter_value__functions.c
[1.292s] -- Up-to-date: /home/abhay/microros_ws/install/rcl_interfaces/include/rcl_interfaces/rcl_interfaces/msg/detail/parameter_event__functions.c
[1.292s] -- Up-to-date: /home/abhay/microros_ws/install/rcl_interfaces/include/rcl_interfaces/rcl_interfaces/msg/detail/parameter_value__type_support.h
[1.292s] -- Up-to-date: /home/abhay/microros_ws/install/rcl_interfaces/include/rcl_interfaces/rcl_interfaces/msg/detail/parameter_type__functions.c
[1.293s] -- Up-to-date: /home/abhay/microros_ws/install/rcl_interfaces/include/rcl_interfaces/rcl_interfaces/msg/detail/parameter_type__functions.h
[1.293s] -- Up-to-date: /home/abhay/microros_ws/install/rcl_interfaces/include/rcl_interfaces/rcl_interfaces/msg/detail/parameter__type_support.h
[1.293s] -- Up-to-date: /home/abhay/microros_ws/install/rcl_interfaces/include/rcl_interfaces/rcl_interfaces/msg/detail/set_parameters_result__struct.h
[1.293s] -- Up-to-date: /home/abhay/microros_ws/install/rcl_interfaces/include/rcl_interfaces/rcl_interfaces/msg/detail/set_parameters_result__functions.c
[1.293s] -- Up-to-date: /home/abhay/microros_ws/install/rcl_interfaces/include/rcl_interfaces/rcl_interfaces/msg/detail/parameter_event_descriptors__functions.c
[1.293s] -- Up-to-date: /home/abhay/microros_ws/install/rcl_interfaces/include/rcl_interfaces/rcl_interfaces/msg/detail/log__functions.h
[1.293s] -- Up-to-date: /home/abhay/microros_ws/install/rcl_interfaces/include/rcl_interfaces/rcl_interfaces/msg/detail/floating_point_range__functions.c
[1.293s] -- Up-to-date: /home/abhay/microros_ws/install/rcl_interfaces/include/rcl_interfaces/rcl_interfaces/msg/detail/integer_range__functions.c
[1.293s] -- Up-to-date: /home/abhay/microros_ws/install/rcl_interfaces/include/rcl_interfaces/rcl_interfaces/msg/detail/parameter_event_descriptors__struct.h
[1.293s] -- Up-to-date: /home/abhay/microros_ws/install/rcl_interfaces/include/rcl_interfaces/rcl_interfaces/msg/detail/parameter_descriptor__functions.c
[1.293s] -- Up-to-date: /home/abhay/microros_ws/install/rcl_interfaces/include/rcl_interfaces/rcl_interfaces/msg/detail/parameter_type__struct.h
[1.293s] -- Up-to-date: /home/abhay/microros_ws/install/rcl_interfaces/include/rcl_interfaces/rcl_interfaces/msg/detail/parameter_descriptor__struct.h
[1.293s] -- Up-to-date: /home/abhay/microros_ws/install/rcl_interfaces/include/rcl_interfaces/rcl_interfaces/msg/detail/list_parameters_result__type_support.h
[1.294s] -- Up-to-date: /home/abhay/microros_ws/install/rcl_interfaces/include/rcl_interfaces/rcl_interfaces/msg/detail/list_parameters_result__functions.c
[1.294s] -- Up-to-date: /home/abhay/microros_ws/install/rcl_interfaces/include/rcl_interfaces/rcl_interfaces/msg/detail/set_parameters_result__functions.h
[1.294s] -- Up-to-date: /home/abhay/microros_ws/install/rcl_interfaces/include/rcl_interfaces/rcl_interfaces/msg/detail/parameter_event__struct.h
[1.294s] -- Up-to-date: /home/abhay/microros_ws/install/rcl_interfaces/include/rcl_interfaces/rcl_interfaces/msg/detail/parameter_event_descriptors__type_support.h
[1.294s] -- Up-to-date: /home/abhay/microros_ws/install/rcl_interfaces/include/rcl_interfaces/rcl_interfaces/msg/detail/parameter_descriptor__type_support.h
[1.294s] -- Up-to-date: /home/abhay/microros_ws/install/rcl_interfaces/include/rcl_interfaces/rcl_interfaces/msg/detail/parameter_event_descriptors__functions.h
[1.294s] -- Up-to-date: /home/abhay/microros_ws/install/rcl_interfaces/include/rcl_interfaces/rcl_interfaces/msg/detail/parameter_event__type_support.h
[1.294s] -- Up-to-date: /home/abhay/microros_ws/install/rcl_interfaces/include/rcl_interfaces/rcl_interfaces/msg/detail/integer_range__functions.h
[1.294s] -- Up-to-date: /home/abhay/microros_ws/install/rcl_interfaces/include/rcl_interfaces/rcl_interfaces/msg/detail/list_parameters_result__functions.h
[1.294s] -- Up-to-date: /home/abhay/microros_ws/install/rcl_interfaces/include/rcl_interfaces/rcl_interfaces/msg/detail/parameter__functions.c
[1.295s] -- Up-to-date: /home/abhay/microros_ws/install/rcl_interfaces/include/rcl_interfaces/rcl_interfaces/msg/detail/set_parameters_result__type_support.h
[1.295s] -- Up-to-date: /home/abhay/microros_ws/install/rcl_interfaces/include/rcl_interfaces/rcl_interfaces/msg/detail/floating_point_range__struct.h
[1.295s] -- Up-to-date: /home/abhay/microros_ws/install/rcl_interfaces/include/rcl_interfaces/rcl_interfaces/msg/detail/parameter_event__functions.h
[1.295s] -- Up-to-date: /home/abhay/microros_ws/install/rcl_interfaces/include/rcl_interfaces/rcl_interfaces/msg/detail/parameter__functions.h
[1.295s] -- Up-to-date: /home/abhay/microros_ws/install/rcl_interfaces/include/rcl_interfaces/rcl_interfaces/msg/detail/floating_point_range__type_support.h
[1.295s] -- Up-to-date: /home/abhay/microros_ws/install/rcl_interfaces/include/rcl_interfaces/rcl_interfaces/msg/detail/integer_range__type_support.h
[1.295s] -- Up-to-date: /home/abhay/microros_ws/install/rcl_interfaces/include/rcl_interfaces/rcl_interfaces/msg/detail/log__type_support.h
[1.295s] -- Up-to-date: /home/abhay/microros_ws/install/rcl_interfaces/include/rcl_interfaces/rcl_interfaces/msg/detail/parameter_value__struct.h
[1.295s] -- Up-to-date: /home/abhay/microros_ws/install/rcl_interfaces/include/rcl_interfaces/rcl_interfaces/msg/detail/log__functions.c
[1.295s] -- Up-to-date: /home/abhay/microros_ws/install/rcl_interfaces/include/rcl_interfaces/rcl_interfaces/msg/parameter_type.h
[1.295s] -- Up-to-date: /home/abhay/microros_ws/install/rcl_interfaces/include/rcl_interfaces/rcl_interfaces/msg/parameter_value.h
[1.295s] -- Up-to-date: /home/abhay/microros_ws/install/rcl_interfaces/include/rcl_interfaces/rcl_interfaces/msg/list_parameters_result.h
[1.296s] -- Up-to-date: /home/abhay/microros_ws/install/rcl_interfaces/include/rcl_interfaces/rcl_interfaces/msg/set_parameters_result.h
[1.296s] -- Up-to-date: /home/abhay/microros_ws/install/rcl_interfaces/include/rcl_interfaces/rcl_interfaces/msg/parameter_event_descriptors.h
[1.296s] -- Up-to-date: /home/abhay/microros_ws/install/rcl_interfaces/include/rcl_interfaces/rcl_interfaces/msg/parameter_descriptor.h
[1.296s] -- Up-to-date: /home/abhay/microros_ws/install/rcl_interfaces/include/rcl_interfaces/rcl_interfaces/msg/integer_range.h
[1.296s] -- Up-to-date: /home/abhay/microros_ws/install/rcl_interfaces/include/rcl_interfaces/rcl_interfaces/srv
[1.296s] -- Up-to-date: /home/abhay/microros_ws/install/rcl_interfaces/include/rcl_interfaces/rcl_interfaces/srv/set_parameters_atomically.h
[1.296s] -- Up-to-date: /home/abhay/microros_ws/install/rcl_interfaces/include/rcl_interfaces/rcl_interfaces/srv/detail
[1.296s] -- Up-to-date: /home/abhay/microros_ws/install/rcl_interfaces/include/rcl_interfaces/rcl_interfaces/srv/detail/list_parameters__type_support.h
[1.296s] -- Up-to-date: /home/abhay/microros_ws/install/rcl_interfaces/include/rcl_interfaces/rcl_interfaces/srv/detail/get_parameter_types__type_support.h
[1.296s] -- Up-to-date: /home/abhay/microros_ws/install/rcl_interfaces/include/rcl_interfaces/rcl_interfaces/srv/detail/set_parameters_atomically__functions.c
[1.296s] -- Up-to-date: /home/abhay/microros_ws/install/rcl_interfaces/include/rcl_interfaces/rcl_interfaces/srv/detail/set_parameters_atomically__type_support.h
[1.297s] -- Up-to-date: /home/abhay/microros_ws/install/rcl_interfaces/include/rcl_interfaces/rcl_interfaces/srv/detail/set_parameters_atomically__struct.h
[1.297s] -- Up-to-date: /home/abhay/microros_ws/install/rcl_interfaces/include/rcl_interfaces/rcl_interfaces/srv/detail/describe_parameters__functions.c
[1.297s] -- Up-to-date: /home/abhay/microros_ws/install/rcl_interfaces/include/rcl_interfaces/rcl_interfaces/srv/detail/set_parameters__functions.c
[1.297s] -- Up-to-date: /home/abhay/microros_ws/install/rcl_interfaces/include/rcl_interfaces/rcl_interfaces/srv/detail/get_parameter_types__struct.h
[1.297s] -- Up-to-date: /home/abhay/microros_ws/install/rcl_interfaces/include/rcl_interfaces/rcl_interfaces/srv/detail/get_parameters__type_support.h
[1.297s] -- Up-to-date: /home/abhay/microros_ws/install/rcl_interfaces/include/rcl_interfaces/rcl_interfaces/srv/detail/get_parameters__struct.h
[1.297s] -- Up-to-date: /home/abhay/microros_ws/install/rcl_interfaces/include/rcl_interfaces/rcl_interfaces/srv/detail/set_parameters__struct.h
[1.297s] -- Up-to-date: /home/abhay/microros_ws/install/rcl_interfaces/include/rcl_interfaces/rcl_interfaces/srv/detail/set_parameters__functions.h
[1.297s] -- Up-to-date: /home/abhay/microros_ws/install/rcl_interfaces/include/rcl_interfaces/rcl_interfaces/srv/detail/set_parameters__type_support.h
[1.297s] -- Up-to-date: /home/abhay/microros_ws/install/rcl_interfaces/include/rcl_interfaces/rcl_interfaces/srv/detail/get_parameters__functions.c
[1.297s] -- Up-to-date: /home/abhay/microros_ws/install/rcl_interfaces/include/rcl_interfaces/rcl_interfaces/srv/detail/list_parameters__functions.c
[1.297s] -- Up-to-date: /home/abhay/microros_ws/install/rcl_interfaces/include/rcl_interfaces/rcl_interfaces/srv/detail/list_parameters__functions.h
[1.298s] -- Up-to-date: /home/abhay/microros_ws/install/rcl_interfaces/include/rcl_interfaces/rcl_interfaces/srv/detail/set_parameters_atomically__functions.h
[1.298s] -- Up-to-date: /home/abhay/microros_ws/install/rcl_interfaces/include/rcl_interfaces/rcl_interfaces/srv/detail/get_parameter_types__functions.c
[1.298s] -- Up-to-date: /home/abhay/microros_ws/install/rcl_interfaces/include/rcl_interfaces/rcl_interfaces/srv/detail/describe_parameters__functions.h
[1.298s] -- Up-to-date: /home/abhay/microros_ws/install/rcl_interfaces/include/rcl_interfaces/rcl_interfaces/srv/detail/list_parameters__struct.h
[1.298s] -- Up-to-date: /home/abhay/microros_ws/install/rcl_interfaces/include/rcl_interfaces/rcl_interfaces/srv/detail/describe_parameters__type_support.h
[1.298s] -- Up-to-date: /home/abhay/microros_ws/install/rcl_interfaces/include/rcl_interfaces/rcl_interfaces/srv/detail/describe_parameters__struct.h
[1.298s] -- Up-to-date: /home/abhay/microros_ws/install/rcl_interfaces/include/rcl_interfaces/rcl_interfaces/srv/detail/get_parameters__functions.h
[1.298s] -- Up-to-date: /home/abhay/microros_ws/install/rcl_interfaces/include/rcl_interfaces/rcl_interfaces/srv/detail/get_parameter_types__functions.h
[1.298s] -- Up-to-date: /home/abhay/microros_ws/install/rcl_interfaces/include/rcl_interfaces/rcl_interfaces/srv/get_parameters.h
[1.298s] -- Up-to-date: /home/abhay/microros_ws/install/rcl_interfaces/include/rcl_interfaces/rcl_interfaces/srv/set_parameters.h
[1.298s] -- Up-to-date: /home/abhay/microros_ws/install/rcl_interfaces/include/rcl_interfaces/rcl_interfaces/srv/get_parameter_types.h
[1.298s] -- Up-to-date: /home/abhay/microros_ws/install/rcl_interfaces/include/rcl_interfaces/rcl_interfaces/srv/list_parameters.h
[1.298s] -- Up-to-date: /home/abhay/microros_ws/install/rcl_interfaces/include/rcl_interfaces/rcl_interfaces/srv/describe_parameters.h
[1.298s] -- Up-to-date: /home/abhay/microros_ws/install/rcl_interfaces/share/rcl_interfaces/environment/library_path.sh
[1.299s] -- Up-to-date: /home/abhay/microros_ws/install/rcl_interfaces/share/rcl_interfaces/environment/library_path.dsv
[1.299s] -- Up-to-date: /home/abhay/microros_ws/install/rcl_interfaces/lib/librcl_interfaces__rosidl_generator_c.so
[1.299s] -- Up-to-date: /home/abhay/microros_ws/install/rcl_interfaces/include/rcl_interfaces
[1.299s] -- Up-to-date: /home/abhay/microros_ws/install/rcl_interfaces/include/rcl_interfaces/msg
[1.299s] -- Up-to-date: /home/abhay/microros_ws/install/rcl_interfaces/include/rcl_interfaces/msg/detail
[1.299s] -- Up-to-date: /home/abhay/microros_ws/install/rcl_interfaces/include/rcl_interfaces/msg/detail/parameter_value__rosidl_typesupport_microxrcedds_c.h
[1.299s] -- Up-to-date: /home/abhay/microros_ws/install/rcl_interfaces/include/rcl_interfaces/msg/detail/integer_range__rosidl_typesupport_microxrcedds_c.h
[1.299s] -- Up-to-date: /home/abhay/microros_ws/install/rcl_interfaces/include/rcl_interfaces/msg/detail/parameter_event_descriptors__rosidl_typesupport_microxrcedds_c.h
[1.299s] -- Up-to-date: /home/abhay/microros_ws/install/rcl_interfaces/include/rcl_interfaces/msg/detail/floating_point_range__rosidl_typesupport_microxrcedds_c.h
[1.299s] -- Up-to-date: /home/abhay/microros_ws/install/rcl_interfaces/include/rcl_interfaces/msg/detail/log__rosidl_typesupport_microxrcedds_c.h
[1.299s] -- Up-to-date: /home/abhay/microros_ws/install/rcl_interfaces/include/rcl_interfaces/msg/detail/parameter__rosidl_typesupport_microxrcedds_c.h
[1.300s] -- Up-to-date: /home/abhay/microros_ws/install/rcl_interfaces/include/rcl_interfaces/msg/detail/parameter_event__rosidl_typesupport_microxrcedds_c.h
[1.300s] -- Up-to-date: /home/abhay/microros_ws/install/rcl_interfaces/include/rcl_interfaces/msg/detail/set_parameters_result__rosidl_typesupport_microxrcedds_c.h
[1.300s] -- Up-to-date: /home/abhay/microros_ws/install/rcl_interfaces/include/rcl_interfaces/msg/detail/parameter_type__rosidl_typesupport_microxrcedds_c.h
[1.300s] -- Up-to-date: /home/abhay/microros_ws/install/rcl_interfaces/include/rcl_interfaces/msg/detail/microxrcedds
[1.300s] -- Up-to-date: /home/abhay/microros_ws/install/rcl_interfaces/include/rcl_interfaces/msg/detail/parameter_descriptor__rosidl_typesupport_microxrcedds_c.h
[1.300s] -- Up-to-date: /home/abhay/microros_ws/install/rcl_interfaces/include/rcl_interfaces/msg/detail/list_parameters_result__rosidl_typesupport_microxrcedds_c.h
[1.300s] -- Up-to-date: /home/abhay/microros_ws/install/rcl_interfaces/include/rcl_interfaces/msg/rosidl_typesupport_microxrcedds_c__visibility_control.h
[1.300s] -- Up-to-date: /home/abhay/microros_ws/install/rcl_interfaces/include/rcl_interfaces/srv
[1.300s] -- Up-to-date: /home/abhay/microros_ws/install/rcl_interfaces/include/rcl_interfaces/srv/detail
[1.300s] -- Up-to-date: /home/abhay/microros_ws/install/rcl_interfaces/include/rcl_interfaces/srv/detail/get_parameter_types__rosidl_typesupport_microxrcedds_c.h
[1.300s] -- Up-to-date: /home/abhay/microros_ws/install/rcl_interfaces/include/rcl_interfaces/srv/detail/set_parameters_atomically__rosidl_typesupport_microxrcedds_c.h
[1.300s] -- Up-to-date: /home/abhay/microros_ws/install/rcl_interfaces/include/rcl_interfaces/srv/detail/microxrcedds
[1.300s] -- Up-to-date: /home/abhay/microros_ws/install/rcl_interfaces/include/rcl_interfaces/srv/detail/get_parameters__rosidl_typesupport_microxrcedds_c.h
[1.300s] -- Up-to-date: /home/abhay/microros_ws/install/rcl_interfaces/include/rcl_interfaces/srv/detail/describe_parameters__rosidl_typesupport_microxrcedds_c.h
[1.301s] -- Up-to-date: /home/abhay/microros_ws/install/rcl_interfaces/include/rcl_interfaces/srv/detail/list_parameters__rosidl_typesupport_microxrcedds_c.h
[1.301s] -- Up-to-date: /home/abhay/microros_ws/install/rcl_interfaces/include/rcl_interfaces/srv/detail/set_parameters__rosidl_typesupport_microxrcedds_c.h
[1.301s] -- Up-to-date: /home/abhay/microros_ws/install/rcl_interfaces/lib/librcl_interfaces__rosidl_typesupport_microxrcedds_c.so
[1.301s] -- Up-to-date: /home/abhay/microros_ws/install/rcl_interfaces/include/rcl_interfaces/rcl_interfaces
[1.301s] -- Up-to-date: /home/abhay/microros_ws/install/rcl_interfaces/include/rcl_interfaces/rcl_interfaces/msg
[1.301s] -- Up-to-date: /home/abhay/microros_ws/install/rcl_interfaces/include/rcl_interfaces/rcl_interfaces/msg/detail
[1.301s] -- Up-to-date: /home/abhay/microros_ws/install/rcl_interfaces/include/rcl_interfaces/rcl_interfaces/msg/detail/integer_range__rosidl_typesupport_fastrtps_c.h
[1.301s] -- Up-to-date: /home/abhay/microros_ws/install/rcl_interfaces/include/rcl_interfaces/rcl_interfaces/msg/detail/parameter_event_descriptors__rosidl_typesupport_fastrtps_c.h
[1.301s] -- Up-to-date: /home/abhay/microros_ws/install/rcl_interfaces/include/rcl_interfaces/rcl_interfaces/msg/detail/parameter_event__rosidl_typesupport_fastrtps_c.h
[1.301s] -- Up-to-date: /home/abhay/microros_ws/install/rcl_interfaces/include/rcl_interfaces/rcl_interfaces/msg/detail/parameter_descriptor__rosidl_typesupport_fastrtps_c.h
[1.301s] -- Up-to-date: /home/abhay/microros_ws/install/rcl_interfaces/include/rcl_interfaces/rcl_interfaces/msg/detail/parameter_type__rosidl_typesupport_fastrtps_c.h
[1.301s] -- Up-to-date: /home/abhay/microros_ws/install/rcl_interfaces/include/rcl_interfaces/rcl_interfaces/msg/detail/list_parameters_result__rosidl_typesupport_fastrtps_c.h
[1.302s] -- Up-to-date: /home/abhay/microros_ws/install/rcl_interfaces/include/rcl_interfaces/rcl_interfaces/msg/detail/floating_point_range__rosidl_typesupport_fastrtps_c.h
[1.302s] -- Up-to-date: /home/abhay/microros_ws/install/rcl_interfaces/include/rcl_interfaces/rcl_interfaces/msg/detail/parameter__rosidl_typesupport_fastrtps_c.h
[1.302s] -- Up-to-date: /home/abhay/microros_ws/install/rcl_interfaces/include/rcl_interfaces/rcl_interfaces/msg/detail/set_parameters_result__rosidl_typesupport_fastrtps_c.h
[1.302s] -- Up-to-date: /home/abhay/microros_ws/install/rcl_interfaces/include/rcl_interfaces/rcl_interfaces/msg/detail/log__rosidl_typesupport_fastrtps_c.h
[1.302s] -- Up-to-date: /home/abhay/microros_ws/install/rcl_interfaces/include/rcl_interfaces/rcl_interfaces/msg/detail/parameter_value__rosidl_typesupport_fastrtps_c.h
[1.302s] -- Up-to-date: /home/abhay/microros_ws/install/rcl_interfaces/include/rcl_interfaces/rcl_interfaces/msg/rosidl_typesupport_fastrtps_c__visibility_control.h
[1.302s] -- Up-to-date: /home/abhay/microros_ws/install/rcl_interfaces/include/rcl_interfaces/rcl_interfaces/srv
[1.302s] -- Up-to-date: /home/abhay/microros_ws/install/rcl_interfaces/include/rcl_interfaces/rcl_interfaces/srv/detail
[1.302s] -- Up-to-date: /home/abhay/microros_ws/install/rcl_interfaces/include/rcl_interfaces/rcl_interfaces/srv/detail/set_parameters__rosidl_typesupport_fastrtps_c.h
[1.302s] -- Up-to-date: /home/abhay/microros_ws/install/rcl_interfaces/include/rcl_interfaces/rcl_interfaces/srv/detail/get_parameters__rosidl_typesupport_fastrtps_c.h
[1.302s] -- Up-to-date: /home/abhay/microros_ws/install/rcl_interfaces/include/rcl_interfaces/rcl_interfaces/srv/detail/list_parameters__rosidl_typesupport_fastrtps_c.h
[1.302s] -- Up-to-date: /home/abhay/microros_ws/install/rcl_interfaces/include/rcl_interfaces/rcl_interfaces/srv/detail/set_parameters_atomically__rosidl_typesupport_fastrtps_c.h
[1.302s] -- Up-to-date: /home/abhay/microros_ws/install/rcl_interfaces/include/rcl_interfaces/rcl_interfaces/srv/detail/get_parameter_types__rosidl_typesupport_fastrtps_c.h
[1.302s] -- Up-to-date: /home/abhay/microros_ws/install/rcl_interfaces/include/rcl_interfaces/rcl_interfaces/srv/detail/describe_parameters__rosidl_typesupport_fastrtps_c.h
[1.302s] -- Up-to-date: /home/abhay/microros_ws/install/rcl_interfaces/lib/librcl_interfaces__rosidl_typesupport_fastrtps_c.so
[1.302s] -- Up-to-date: /home/abhay/microros_ws/install/rcl_interfaces/include/rcl_interfaces/rcl_interfaces
[1.303s] -- Up-to-date: /home/abhay/microros_ws/install/rcl_interfaces/include/rcl_interfaces/rcl_interfaces/msg
[1.303s] -- Up-to-date: /home/abhay/microros_ws/install/rcl_interfaces/include/rcl_interfaces/rcl_interfaces/msg/detail
[1.303s] -- Up-to-date: /home/abhay/microros_ws/install/rcl_interfaces/include/rcl_interfaces/rcl_interfaces/msg/detail/integer_range__rosidl_typesupport_introspection_c.h
[1.303s] -- Up-to-date: /home/abhay/microros_ws/install/rcl_interfaces/include/rcl_interfaces/rcl_interfaces/msg/detail/set_parameters_result__rosidl_typesupport_introspection_c.h
[1.303s] -- Up-to-date: /home/abhay/microros_ws/install/rcl_interfaces/include/rcl_interfaces/rcl_interfaces/msg/detail/parameter_descriptor__type_support.c
[1.303s] -- Up-to-date: /home/abhay/microros_ws/install/rcl_interfaces/include/rcl_interfaces/rcl_interfaces/msg/detail/parameter_event_descriptors__rosidl_typesupport_introspection_c.h
[1.303s] -- Up-to-date: /home/abhay/microros_ws/install/rcl_interfaces/include/rcl_interfaces/rcl_interfaces/msg/detail/log__type_support.c
[1.303s] -- Up-to-date: /home/abhay/microros_ws/install/rcl_interfaces/include/rcl_interfaces/rcl_interfaces/msg/detail/set_parameters_result__type_support.c
[1.303s] -- Up-to-date: /home/abhay/microros_ws/install/rcl_interfaces/include/rcl_interfaces/rcl_interfaces/msg/detail/parameter__rosidl_typesupport_introspection_c.h
[1.303s] -- Up-to-date: /home/abhay/microros_ws/install/rcl_interfaces/include/rcl_interfaces/rcl_interfaces/msg/detail/integer_range__type_support.c
[1.303s] -- Up-to-date: /home/abhay/microros_ws/install/rcl_interfaces/include/rcl_interfaces/rcl_interfaces/msg/detail/list_parameters_result__type_support.c
[1.303s] -- Up-to-date: /home/abhay/microros_ws/install/rcl_interfaces/include/rcl_interfaces/rcl_interfaces/msg/detail/floating_point_range__type_support.c
[1.303s] -- Up-to-date: /home/abhay/microros_ws/install/rcl_interfaces/include/rcl_interfaces/rcl_interfaces/msg/detail/parameter_event_descriptors__type_support.c
[1.303s] -- Up-to-date: /home/abhay/microros_ws/install/rcl_interfaces/include/rcl_interfaces/rcl_interfaces/msg/detail/parameter_event__rosidl_typesupport_introspection_c.h
[1.303s] -- Up-to-date: /home/abhay/microros_ws/install/rcl_interfaces/include/rcl_interfaces/rcl_interfaces/msg/detail/parameter_type__type_support.c
[1.304s] -- Up-to-date: /home/abhay/microros_ws/install/rcl_interfaces/include/rcl_interfaces/rcl_interfaces/msg/detail/parameter_event__type_support.c
[1.304s] -- Up-to-date: /home/abhay/microros_ws/install/rcl_interfaces/include/rcl_interfaces/rcl_interfaces/msg/detail/parameter_descriptor__rosidl_typesupport_introspection_c.h
[1.304s] -- Up-to-date: /home/abhay/microros_ws/install/rcl_interfaces/include/rcl_interfaces/rcl_interfaces/msg/detail/parameter__type_support.c
[1.304s] -- Up-to-date: /home/abhay/microros_ws/install/rcl_interfaces/include/rcl_interfaces/rcl_interfaces/msg/detail/parameter_value__type_support.c
[1.304s] -- Up-to-date: /home/abhay/microros_ws/install/rcl_interfaces/include/rcl_interfaces/rcl_interfaces/msg/detail/log__rosidl_typesupport_introspection_c.h
[1.304s] -- Up-to-date: /home/abhay/microros_ws/install/rcl_interfaces/include/rcl_interfaces/rcl_interfaces/msg/detail/parameter_type__rosidl_typesupport_introspection_c.h
[1.304s] -- Up-to-date: /home/abhay/microros_ws/install/rcl_interfaces/include/rcl_interfaces/rcl_interfaces/msg/detail/parameter_value__rosidl_typesupport_introspection_c.h
[1.304s] -- Up-to-date: /home/abhay/microros_ws/install/rcl_interfaces/include/rcl_interfaces/rcl_interfaces/msg/detail/floating_point_range__rosidl_typesupport_introspection_c.h
[1.304s] -- Up-to-date: /home/abhay/microros_ws/install/rcl_interfaces/include/rcl_interfaces/rcl_interfaces/msg/detail/list_parameters_result__rosidl_typesupport_introspection_c.h
[1.304s] -- Up-to-date: /home/abhay/microros_ws/install/rcl_interfaces/include/rcl_interfaces/rcl_interfaces/msg/rosidl_typesupport_introspection_c__visibility_control.h
[1.304s] -- Up-to-date: /home/abhay/microros_ws/install/rcl_interfaces/include/rcl_interfaces/rcl_interfaces/srv
[1.304s] -- Up-to-date: /home/abhay/microros_ws/install/rcl_interfaces/include/rcl_interfaces/rcl_interfaces/srv/detail
[1.304s] -- Up-to-date: /home/abhay/microros_ws/install/rcl_interfaces/include/rcl_interfaces/rcl_interfaces/srv/detail/set_parameters__rosidl_typesupport_introspection_c.h
[1.304s] -- Up-to-date: /home/abhay/microros_ws/install/rcl_interfaces/include/rcl_interfaces/rcl_interfaces/srv/detail/list_parameters__type_support.c
[1.304s] -- Up-to-date: /home/abhay/microros_ws/install/rcl_interfaces/include/rcl_interfaces/rcl_interfaces/srv/detail/get_parameters__rosidl_typesupport_introspection_c.h
[1.304s] -- Up-to-date: /home/abhay/microros_ws/install/rcl_interfaces/include/rcl_interfaces/rcl_interfaces/srv/detail/get_parameter_types__type_support.c
[1.304s] -- Up-to-date: /home/abhay/microros_ws/install/rcl_interfaces/include/rcl_interfaces/rcl_interfaces/srv/detail/get_parameters__type_support.c
[1.304s] -- Up-to-date: /home/abhay/microros_ws/install/rcl_interfaces/include/rcl_interfaces/rcl_interfaces/srv/detail/describe_parameters__rosidl_typesupport_introspection_c.h
[1.304s] -- Up-to-date: /home/abhay/microros_ws/install/rcl_interfaces/include/rcl_interfaces/rcl_interfaces/srv/detail/list_parameters__rosidl_typesupport_introspection_c.h
[1.304s] -- Up-to-date: /home/abhay/microros_ws/install/rcl_interfaces/include/rcl_interfaces/rcl_interfaces/srv/detail/set_parameters__type_support.c
[1.304s] -- Up-to-date: /home/abhay/microros_ws/install/rcl_interfaces/include/rcl_interfaces/rcl_interfaces/srv/detail/describe_parameters__type_support.c
[1.304s] -- Up-to-date: /home/abhay/microros_ws/install/rcl_interfaces/include/rcl_interfaces/rcl_interfaces/srv/detail/set_parameters_atomically__rosidl_typesupport_introspection_c.h
[1.304s] -- Up-to-date: /home/abhay/microros_ws/install/rcl_interfaces/include/rcl_interfaces/rcl_interfaces/srv/detail/get_parameter_types__rosidl_typesupport_introspection_c.h
[1.304s] -- Up-to-date: /home/abhay/microros_ws/install/rcl_interfaces/include/rcl_interfaces/rcl_interfaces/srv/detail/set_parameters_atomically__type_support.c
[1.305s] -- Up-to-date: /home/abhay/microros_ws/install/rcl_interfaces/lib/librcl_interfaces__rosidl_typesupport_introspection_c.so
[1.305s] -- Up-to-date: /home/abhay/microros_ws/install/rcl_interfaces/lib/librcl_interfaces__rosidl_typesupport_c.so
[1.305s] -- Up-to-date: /home/abhay/microros_ws/install/rcl_interfaces/include/rcl_interfaces/rcl_interfaces
[1.305s] -- Up-to-date: /home/abhay/microros_ws/install/rcl_interfaces/include/rcl_interfaces/rcl_interfaces/msg
[1.305s] -- Up-to-date: /home/abhay/microros_ws/install/rcl_interfaces/include/rcl_interfaces/rcl_interfaces/msg/parameter_type.hpp
[1.305s] -- Up-to-date: /home/abhay/microros_ws/install/rcl_interfaces/include/rcl_interfaces/rcl_interfaces/msg/parameter_event_descriptors.hpp
[1.305s] -- Up-to-date: /home/abhay/microros_ws/install/rcl_interfaces/include/rcl_interfaces/rcl_interfaces/msg/detail
[1.305s] -- Up-to-date: /home/abhay/microros_ws/install/rcl_interfaces/include/rcl_interfaces/rcl_interfaces/msg/detail/list_parameters_result__struct.hpp
[1.305s] -- Up-to-date: /home/abhay/microros_ws/install/rcl_interfaces/include/rcl_interfaces/rcl_interfaces/msg/detail/parameter_value__traits.hpp
[1.305s] -- Up-to-date: /home/abhay/microros_ws/install/rcl_interfaces/include/rcl_interfaces/rcl_interfaces/msg/detail/parameter_descriptor__traits.hpp
[1.305s] -- Up-to-date: /home/abhay/microros_ws/install/rcl_interfaces/include/rcl_interfaces/rcl_interfaces/msg/detail/parameter__builder.hpp
[1.305s] -- Up-to-date: /home/abhay/microros_ws/install/rcl_interfaces/include/rcl_interfaces/rcl_interfaces/msg/detail/integer_range__struct.hpp
[1.305s] -- Up-to-date: /home/abhay/microros_ws/install/rcl_interfaces/include/rcl_interfaces/rcl_interfaces/msg/detail/parameter_descriptor__builder.hpp
[1.305s] -- Up-to-date: /home/abhay/microros_ws/install/rcl_interfaces/include/rcl_interfaces/rcl_interfaces/msg/detail/parameter_event_descriptors__traits.hpp
[1.305s] -- Up-to-date: /home/abhay/microros_ws/install/rcl_interfaces/include/rcl_interfaces/rcl_interfaces/msg/detail/parameter_descriptor__struct.hpp
[1.305s] -- Up-to-date: /home/abhay/microros_ws/install/rcl_interfaces/include/rcl_interfaces/rcl_interfaces/msg/detail/list_parameters_result__traits.hpp
[1.305s] -- Up-to-date: /home/abhay/microros_ws/install/rcl_interfaces/include/rcl_interfaces/rcl_interfaces/msg/detail/parameter__struct.hpp
[1.305s] -- Up-to-date: /home/abhay/microros_ws/install/rcl_interfaces/include/rcl_interfaces/rcl_interfaces/msg/detail/parameter_type__struct.hpp
[1.305s] -- Up-to-date: /home/abhay/microros_ws/install/rcl_interfaces/include/rcl_interfaces/rcl_interfaces/msg/detail/parameter_event_descriptors__struct.hpp
[1.305s] -- Up-to-date: /home/abhay/microros_ws/install/rcl_interfaces/include/rcl_interfaces/rcl_interfaces/msg/detail/log__traits.hpp
[1.305s] -- Up-to-date: /home/abhay/microros_ws/install/rcl_interfaces/include/rcl_interfaces/rcl_interfaces/msg/detail/parameter_value__builder.hpp
[1.305s] -- Up-to-date: /home/abhay/microros_ws/install/rcl_interfaces/include/rcl_interfaces/rcl_interfaces/msg/detail/parameter_event__traits.hpp
[1.305s] -- Up-to-date: /home/abhay/microros_ws/install/rcl_interfaces/include/rcl_interfaces/rcl_interfaces/msg/detail/integer_range__builder.hpp
[1.305s] -- Up-to-date: /home/abhay/microros_ws/install/rcl_interfaces/include/rcl_interfaces/rcl_interfaces/msg/detail/parameter_event_descriptors__builder.hpp
[1.305s] -- Up-to-date: /home/abhay/microros_ws/install/rcl_interfaces/include/rcl_interfaces/rcl_interfaces/msg/detail/set_parameters_result__builder.hpp
[1.305s] -- Up-to-date: /home/abhay/microros_ws/install/rcl_interfaces/include/rcl_interfaces/rcl_interfaces/msg/detail/floating_point_range__traits.hpp
[1.306s] -- Up-to-date: /home/abhay/microros_ws/install/rcl_interfaces/include/rcl_interfaces/rcl_interfaces/msg/detail/parameter_value__struct.hpp
[1.306s] -- Up-to-date: /home/abhay/microros_ws/install/rcl_interfaces/include/rcl_interfaces/rcl_interfaces/msg/detail/parameter_type__builder.hpp
[1.306s] -- Up-to-date: /home/abhay/microros_ws/install/rcl_interfaces/include/rcl_interfaces/rcl_interfaces/msg/detail/list_parameters_result__builder.hpp
[1.306s] -- Up-to-date: /home/abhay/microros_ws/install/rcl_interfaces/include/rcl_interfaces/rcl_interfaces/msg/detail/log__builder.hpp
[1.306s] -- Up-to-date: /home/abhay/microros_ws/install/rcl_interfaces/include/rcl_interfaces/rcl_interfaces/msg/detail/parameter_event__struct.hpp
[1.306s] -- Up-to-date: /home/abhay/microros_ws/install/rcl_interfaces/include/rcl_interfaces/rcl_interfaces/msg/detail/log__struct.hpp
[1.306s] -- Up-to-date: /home/abhay/microros_ws/install/rcl_interfaces/include/rcl_interfaces/rcl_interfaces/msg/detail/parameter__traits.hpp
[1.306s] -- Up-to-date: /home/abhay/microros_ws/install/rcl_interfaces/include/rcl_interfaces/rcl_interfaces/msg/detail/set_parameters_result__struct.hpp
[1.306s] -- Up-to-date: /home/abhay/microros_ws/install/rcl_interfaces/include/rcl_interfaces/rcl_interfaces/msg/detail/floating_point_range__struct.hpp
[1.306s] -- Up-to-date: /home/abhay/microros_ws/install/rcl_interfaces/include/rcl_interfaces/rcl_interfaces/msg/detail/floating_point_range__builder.hpp
[1.307s] -- Up-to-date: /home/abhay/microros_ws/install/rcl_interfaces/include/rcl_interfaces/rcl_interfaces/msg/detail/parameter_event__builder.hpp
[1.307s] -- Up-to-date: /home/abhay/microros_ws/install/rcl_interfaces/include/rcl_interfaces/rcl_interfaces/msg/detail/integer_range__traits.hpp
[1.307s] -- Up-to-date: /home/abhay/microros_ws/install/rcl_interfaces/include/rcl_interfaces/rcl_interfaces/msg/detail/parameter_type__traits.hpp
[1.307s] -- Up-to-date: /home/abhay/microros_ws/install/rcl_interfaces/include/rcl_interfaces/rcl_interfaces/msg/detail/set_parameters_result__traits.hpp
[1.307s] -- Up-to-date: /home/abhay/microros_ws/install/rcl_interfaces/include/rcl_interfaces/rcl_interfaces/msg/parameter_descriptor.hpp
[1.307s] -- Up-to-date: /home/abhay/microros_ws/install/rcl_interfaces/include/rcl_interfaces/rcl_interfaces/msg/parameter.hpp
[1.307s] -- Up-to-date: /home/abhay/microros_ws/install/rcl_interfaces/include/rcl_interfaces/rcl_interfaces/msg/parameter_event.hpp
[1.307s] -- Up-to-date: /home/abhay/microros_ws/install/rcl_interfaces/include/rcl_interfaces/rcl_interfaces/msg/log.hpp
[1.307s] -- Up-to-date: /home/abhay/microros_ws/install/rcl_interfaces/include/rcl_interfaces/rcl_interfaces/msg/parameter_value.hpp
[1.307s] -- Up-to-date: /home/abhay/microros_ws/install/rcl_interfaces/include/rcl_interfaces/rcl_interfaces/msg/set_parameters_result.hpp
[1.307s] -- Up-to-date: /home/abhay/microros_ws/install/rcl_interfaces/include/rcl_interfaces/rcl_interfaces/msg/floating_point_range.hpp
[1.308s] -- Up-to-date: /home/abhay/microros_ws/install/rcl_interfaces/include/rcl_interfaces/rcl_interfaces/msg/list_parameters_result.hpp
[1.308s] -- Up-to-date: /home/abhay/microros_ws/install/rcl_interfaces/include/rcl_interfaces/rcl_interfaces/msg/integer_range.hpp
[1.308s] -- Up-to-date: /home/abhay/microros_ws/install/rcl_interfaces/include/rcl_interfaces/rcl_interfaces/srv
[1.308s] -- Up-to-date: /home/abhay/microros_ws/install/rcl_interfaces/include/rcl_interfaces/rcl_interfaces/srv/describe_parameters.hpp
[1.308s] -- Up-to-date: /home/abhay/microros_ws/install/rcl_interfaces/include/rcl_interfaces/rcl_interfaces/srv/get_parameters.hpp
[1.308s] -- Up-to-date: /home/abhay/microros_ws/install/rcl_interfaces/include/rcl_interfaces/rcl_interfaces/srv/set_parameters.hpp
[1.308s] -- Up-to-date: /home/abhay/microros_ws/install/rcl_interfaces/include/rcl_interfaces/rcl_interfaces/srv/detail
[1.308s] -- Up-to-date: /home/abhay/microros_ws/install/rcl_interfaces/include/rcl_interfaces/rcl_interfaces/srv/detail/set_parameters__struct.hpp
[1.308s] -- Up-to-date: /home/abhay/microros_ws/install/rcl_interfaces/include/rcl_interfaces/rcl_interfaces/srv/detail/get_parameter_types__builder.hpp
[1.308s] -- Up-to-date: /home/abhay/microros_ws/install/rcl_interfaces/include/rcl_interfaces/rcl_interfaces/srv/detail/set_parameters_atomically__traits.hpp
[1.308s] -- Up-to-date: /home/abhay/microros_ws/install/rcl_interfaces/include/rcl_interfaces/rcl_interfaces/srv/detail/set_parameters__traits.hpp
[1.309s] -- Up-to-date: /home/abhay/microros_ws/install/rcl_interfaces/include/rcl_interfaces/rcl_interfaces/srv/detail/list_parameters__traits.hpp
[1.309s] -- Up-to-date: /home/abhay/microros_ws/install/rcl_interfaces/include/rcl_interfaces/rcl_interfaces/srv/detail/describe_parameters__struct.hpp
[1.309s] -- Up-to-date: /home/abhay/microros_ws/install/rcl_interfaces/include/rcl_interfaces/rcl_interfaces/srv/detail/set_parameters__builder.hpp
[1.309s] -- Up-to-date: /home/abhay/microros_ws/install/rcl_interfaces/include/rcl_interfaces/rcl_interfaces/srv/detail/list_parameters__builder.hpp
[1.309s] -- Up-to-date: /home/abhay/microros_ws/install/rcl_interfaces/include/rcl_interfaces/rcl_interfaces/srv/detail/list_parameters__struct.hpp
[1.309s] -- Up-to-date: /home/abhay/microros_ws/install/rcl_interfaces/include/rcl_interfaces/rcl_interfaces/srv/detail/get_parameters__struct.hpp
[1.309s] -- Up-to-date: /home/abhay/microros_ws/install/rcl_interfaces/include/rcl_interfaces/rcl_interfaces/srv/detail/get_parameter_types__struct.hpp
[1.309s] -- Up-to-date: /home/abhay/microros_ws/install/rcl_interfaces/include/rcl_interfaces/rcl_interfaces/srv/detail/describe_parameters__traits.hpp
[1.309s] -- Up-to-date: /home/abhay/microros_ws/install/rcl_interfaces/include/rcl_interfaces/rcl_interfaces/srv/detail/get_parameter_types__traits.hpp
[1.309s] -- Up-to-date: /home/abhay/microros_ws/install/rcl_interfaces/include/rcl_interfaces/rcl_interfaces/srv/detail/describe_parameters__builder.hpp
[1.310s] -- Up-to-date: /home/abhay/microros_ws/install/rcl_interfaces/include/rcl_interfaces/rcl_interfaces/srv/detail/get_parameters__traits.hpp
[1.310s] -- Up-to-date: /home/abhay/microros_ws/install/rcl_interfaces/include/rcl_interfaces/rcl_interfaces/srv/detail/set_parameters_atomically__struct.hpp
[1.310s] -- Up-to-date: /home/abhay/microros_ws/install/rcl_interfaces/include/rcl_interfaces/rcl_interfaces/srv/detail/set_parameters_atomically__builder.hpp
[1.310s] -- Up-to-date: /home/abhay/microros_ws/install/rcl_interfaces/include/rcl_interfaces/rcl_interfaces/srv/detail/get_parameters__builder.hpp
[1.310s] -- Up-to-date: /home/abhay/microros_ws/install/rcl_interfaces/include/rcl_interfaces/rcl_interfaces/srv/list_parameters.hpp
[1.310s] -- Up-to-date: /home/abhay/microros_ws/install/rcl_interfaces/include/rcl_interfaces/rcl_interfaces/srv/set_parameters_atomically.hpp
[1.310s] -- Up-to-date: /home/abhay/microros_ws/install/rcl_interfaces/include/rcl_interfaces/rcl_interfaces/srv/get_parameter_types.hpp
[1.310s] -- Up-to-date: /home/abhay/microros_ws/install/rcl_interfaces/include/rcl_interfaces
[1.310s] -- Up-to-date: /home/abhay/microros_ws/install/rcl_interfaces/include/rcl_interfaces/msg
[1.310s] -- Up-to-date: /home/abhay/microros_ws/install/rcl_interfaces/include/rcl_interfaces/msg/detail
[1.310s] -- Up-to-date: /home/abhay/microros_ws/install/rcl_interfaces/include/rcl_interfaces/msg/detail/list_parameters_result__rosidl_typesupport_microxrcedds_cpp.hpp
[1.311s] -- Up-to-date: /home/abhay/microros_ws/install/rcl_interfaces/include/rcl_interfaces/msg/detail/parameter_value__rosidl_typesupport_microxrcedds_cpp.hpp
[1.311s] -- Up-to-date: /home/abhay/microros_ws/install/rcl_interfaces/include/rcl_interfaces/msg/detail/parameter_type__rosidl_typesupport_microxrcedds_cpp.hpp
[1.311s] -- Up-to-date: /home/abhay/microros_ws/install/rcl_interfaces/include/rcl_interfaces/msg/detail/set_parameters_result__rosidl_typesupport_microxrcedds_cpp.hpp
[1.311s] -- Up-to-date: /home/abhay/microros_ws/install/rcl_interfaces/include/rcl_interfaces/msg/detail/parameter_event_descriptors__rosidl_typesupport_microxrcedds_cpp.hpp
[1.311s] -- Up-to-date: /home/abhay/microros_ws/install/rcl_interfaces/include/rcl_interfaces/msg/detail/microxrcedds
[1.311s] -- Up-to-date: /home/abhay/microros_ws/install/rcl_interfaces/include/rcl_interfaces/msg/detail/microxrcedds/parameter_value__type_support_cpp.cpp
[1.311s] -- Up-to-date: /home/abhay/microros_ws/install/rcl_interfaces/include/rcl_interfaces/msg/detail/microxrcedds/parameter_descriptor__type_support_cpp.cpp
[1.311s] -- Up-to-date: /home/abhay/microros_ws/install/rcl_interfaces/include/rcl_interfaces/msg/detail/microxrcedds/log__type_support_cpp.cpp
[1.311s] -- Up-to-date: /home/abhay/microros_ws/install/rcl_interfaces/include/rcl_interfaces/msg/detail/microxrcedds/parameter_event__type_support_cpp.cpp
[1.311s] -- Up-to-date: /home/abhay/microros_ws/install/rcl_interfaces/include/rcl_interfaces/msg/detail/microxrcedds/parameter_type__type_support_cpp.cpp
[1.311s] -- Up-to-date: /home/abhay/microros_ws/install/rcl_interfaces/include/rcl_interfaces/msg/detail/microxrcedds/parameter_event_descriptors__type_support_cpp.cpp
[1.312s] -- Up-to-date: /home/abhay/microros_ws/install/rcl_interfaces/include/rcl_interfaces/msg/detail/microxrcedds/list_parameters_result__type_support_cpp.cpp
[1.312s] -- Up-to-date: /home/abhay/microros_ws/install/rcl_interfaces/include/rcl_interfaces/msg/detail/microxrcedds/parameter__type_support_cpp.cpp
[1.312s] -- Up-to-date: /home/abhay/microros_ws/install/rcl_interfaces/include/rcl_interfaces/msg/detail/microxrcedds/integer_range__type_support_cpp.cpp
[1.312s] -- Up-to-date: /home/abhay/microros_ws/install/rcl_interfaces/include/rcl_interfaces/msg/detail/microxrcedds/set_parameters_result__type_support_cpp.cpp
[1.312s] -- Up-to-date: /home/abhay/microros_ws/install/rcl_interfaces/include/rcl_interfaces/msg/detail/microxrcedds/floating_point_range__type_support_cpp.cpp
[1.312s] -- Up-to-date: /home/abhay/microros_ws/install/rcl_interfaces/include/rcl_interfaces/msg/detail/integer_range__rosidl_typesupport_microxrcedds_cpp.hpp
[1.312s] -- Up-to-date: /home/abhay/microros_ws/install/rcl_interfaces/include/rcl_interfaces/msg/detail/parameter_event__rosidl_typesupport_microxrcedds_cpp.hpp
[1.312s] -- Up-to-date: /home/abhay/microros_ws/install/rcl_interfaces/include/rcl_interfaces/msg/detail/parameter_descriptor__rosidl_typesupport_microxrcedds_cpp.hpp
[1.312s] -- Up-to-date: /home/abhay/microros_ws/install/rcl_interfaces/include/rcl_interfaces/msg/detail/parameter__rosidl_typesupport_microxrcedds_cpp.hpp
[1.312s] -- Up-to-date: /home/abhay/microros_ws/install/rcl_interfaces/include/rcl_interfaces/msg/detail/floating_point_range__rosidl_typesupport_microxrcedds_cpp.hpp
[1.312s] -- Up-to-date: /home/abhay/microros_ws/install/rcl_interfaces/include/rcl_interfaces/msg/detail/log__rosidl_typesupport_microxrcedds_cpp.hpp
[1.313s] -- Up-to-date: /home/abhay/microros_ws/install/rcl_interfaces/include/rcl_interfaces/msg/rosidl_typesupport_microxrcedds_cpp__visibility_control.h
[1.313s] -- Up-to-date: /home/abhay/microros_ws/install/rcl_interfaces/include/rcl_interfaces/srv
[1.313s] -- Up-to-date: /home/abhay/microros_ws/install/rcl_interfaces/include/rcl_interfaces/srv/detail
[1.313s] -- Up-to-date: /home/abhay/microros_ws/install/rcl_interfaces/include/rcl_interfaces/srv/detail/get_parameter_types__rosidl_typesupport_microxrcedds_cpp.hpp
[1.313s] -- Up-to-date: /home/abhay/microros_ws/install/rcl_interfaces/include/rcl_interfaces/srv/detail/get_parameters__rosidl_typesupport_microxrcedds_cpp.hpp
[1.313s] -- Up-to-date: /home/abhay/microros_ws/install/rcl_interfaces/include/rcl_interfaces/srv/detail/set_parameters__rosidl_typesupport_microxrcedds_cpp.hpp
[1.313s] -- Up-to-date: /home/abhay/microros_ws/install/rcl_interfaces/include/rcl_interfaces/srv/detail/set_parameters_atomically__rosidl_typesupport_microxrcedds_cpp.hpp
[1.313s] -- Up-to-date: /home/abhay/microros_ws/install/rcl_interfaces/include/rcl_interfaces/srv/detail/microxrcedds
[1.313s] -- Up-to-date: /home/abhay/microros_ws/install/rcl_interfaces/include/rcl_interfaces/srv/detail/microxrcedds/set_parameters__type_support_cpp.cpp
[1.313s] -- Up-to-date: /home/abhay/microros_ws/install/rcl_interfaces/include/rcl_interfaces/srv/detail/microxrcedds/set_parameters_atomically__type_support_cpp.cpp
[1.313s] -- Up-to-date: /home/abhay/microros_ws/install/rcl_interfaces/include/rcl_interfaces/srv/detail/microxrcedds/get_parameter_types__type_support_cpp.cpp
[1.313s] -- Up-to-date: /home/abhay/microros_ws/install/rcl_interfaces/include/rcl_interfaces/srv/detail/microxrcedds/list_parameters__type_support_cpp.cpp
[1.313s] -- Up-to-date: /home/abhay/microros_ws/install/rcl_interfaces/include/rcl_interfaces/srv/detail/microxrcedds/describe_parameters__type_support_cpp.cpp
[1.314s] -- Up-to-date: /home/abhay/microros_ws/install/rcl_interfaces/include/rcl_interfaces/srv/detail/microxrcedds/get_parameters__type_support_cpp.cpp
[1.314s] -- Up-to-date: /home/abhay/microros_ws/install/rcl_interfaces/include/rcl_interfaces/srv/detail/list_parameters__rosidl_typesupport_microxrcedds_cpp.hpp
[1.314s] -- Up-to-date: /home/abhay/microros_ws/install/rcl_interfaces/include/rcl_interfaces/srv/detail/describe_parameters__rosidl_typesupport_microxrcedds_cpp.hpp
[1.314s] -- Up-to-date: /home/abhay/microros_ws/install/rcl_interfaces/lib/librcl_interfaces__rosidl_typesupport_microxrcedds_cpp.so
[1.314s] -- Up-to-date: /home/abhay/microros_ws/install/rcl_interfaces/include/rcl_interfaces/rcl_interfaces
[1.314s] -- Up-to-date: /home/abhay/microros_ws/install/rcl_interfaces/include/rcl_interfaces/rcl_interfaces/msg
[1.314s] -- Up-to-date: /home/abhay/microros_ws/install/rcl_interfaces/include/rcl_interfaces/rcl_interfaces/msg/detail
[1.314s] -- Up-to-date: /home/abhay/microros_ws/install/rcl_interfaces/include/rcl_interfaces/rcl_interfaces/msg/detail/parameter_event__rosidl_typesupport_fastrtps_cpp.hpp
[1.314s] -- Up-to-date: /home/abhay/microros_ws/install/rcl_interfaces/include/rcl_interfaces/rcl_interfaces/msg/detail/list_parameters_result__rosidl_typesupport_fastrtps_cpp.hpp
[1.315s] -- Up-to-date: /home/abhay/microros_ws/install/rcl_interfaces/include/rcl_interfaces/rcl_interfaces/msg/detail/parameter_descriptor__rosidl_typesupport_fastrtps_cpp.hpp
[1.315s] -- Up-to-date: /home/abhay/microros_ws/install/rcl_interfaces/include/rcl_interfaces/rcl_interfaces/msg/detail/floating_point_range__rosidl_typesupport_fastrtps_cpp.hpp
[1.315s] -- Up-to-date: /home/abhay/microros_ws/install/rcl_interfaces/include/rcl_interfaces/rcl_interfaces/msg/detail/integer_range__rosidl_typesupport_fastrtps_cpp.hpp
[1.315s] -- Up-to-date: /home/abhay/microros_ws/install/rcl_interfaces/include/rcl_interfaces/rcl_interfaces/msg/detail/parameter_value__rosidl_typesupport_fastrtps_cpp.hpp
[1.315s] -- Up-to-date: /home/abhay/microros_ws/install/rcl_interfaces/include/rcl_interfaces/rcl_interfaces/msg/detail/parameter_type__rosidl_typesupport_fastrtps_cpp.hpp
[1.315s] -- Up-to-date: /home/abhay/microros_ws/install/rcl_interfaces/include/rcl_interfaces/rcl_interfaces/msg/detail/parameter_event_descriptors__rosidl_typesupport_fastrtps_cpp.hpp
[1.315s] -- Up-to-date: /home/abhay/microros_ws/install/rcl_interfaces/include/rcl_interfaces/rcl_interfaces/msg/detail/dds_fastrtps
[1.315s] -- Up-to-date: /home/abhay/microros_ws/install/rcl_interfaces/include/rcl_interfaces/rcl_interfaces/msg/detail/parameter__rosidl_typesupport_fastrtps_cpp.hpp
[1.315s] -- Up-to-date: /home/abhay/microros_ws/install/rcl_interfaces/include/rcl_interfaces/rcl_interfaces/msg/detail/log__rosidl_typesupport_fastrtps_cpp.hpp
[1.315s] -- Up-to-date: /home/abhay/microros_ws/install/rcl_interfaces/include/rcl_interfaces/rcl_interfaces/msg/detail/set_parameters_result__rosidl_typesupport_fastrtps_cpp.hpp
[1.315s] -- Up-to-date: /home/abhay/microros_ws/install/rcl_interfaces/include/rcl_interfaces/rcl_interfaces/msg/rosidl_typesupport_fastrtps_cpp__visibility_control.h
[1.316s] -- Up-to-date: /home/abhay/microros_ws/install/rcl_interfaces/include/rcl_interfaces/rcl_interfaces/srv
[1.316s] -- Up-to-date: /home/abhay/microros_ws/install/rcl_interfaces/include/rcl_interfaces/rcl_interfaces/srv/detail
[1.316s] -- Up-to-date: /home/abhay/microros_ws/install/rcl_interfaces/include/rcl_interfaces/rcl_interfaces/srv/detail/set_parameters_atomically__rosidl_typesupport_fastrtps_cpp.hpp
[1.316s] -- Up-to-date: /home/abhay/microros_ws/install/rcl_interfaces/include/rcl_interfaces/rcl_interfaces/srv/detail/describe_parameters__rosidl_typesupport_fastrtps_cpp.hpp
[1.316s] -- Up-to-date: /home/abhay/microros_ws/install/rcl_interfaces/include/rcl_interfaces/rcl_interfaces/srv/detail/get_parameters__rosidl_typesupport_fastrtps_cpp.hpp
[1.316s] -- Up-to-date: /home/abhay/microros_ws/install/rcl_interfaces/include/rcl_interfaces/rcl_interfaces/srv/detail/get_parameter_types__rosidl_typesupport_fastrtps_cpp.hpp
[1.316s] -- Up-to-date: /home/abhay/microros_ws/install/rcl_interfaces/include/rcl_interfaces/rcl_interfaces/srv/detail/list_parameters__rosidl_typesupport_fastrtps_cpp.hpp
[1.316s] -- Up-to-date: /home/abhay/microros_ws/install/rcl_interfaces/include/rcl_interfaces/rcl_interfaces/srv/detail/set_parameters__rosidl_typesupport_fastrtps_cpp.hpp
[1.316s] -- Up-to-date: /home/abhay/microros_ws/install/rcl_interfaces/include/rcl_interfaces/rcl_interfaces/srv/detail/dds_fastrtps
[1.316s] -- Up-to-date: /home/abhay/microros_ws/install/rcl_interfaces/lib/librcl_interfaces__rosidl_typesupport_fastrtps_cpp.so
[1.316s] -- Up-to-date: /home/abhay/microros_ws/install/rcl_interfaces/include/rcl_interfaces/rcl_interfaces
[1.316s] -- Up-to-date: /home/abhay/microros_ws/install/rcl_interfaces/include/rcl_interfaces/rcl_interfaces/msg
[1.317s] -- Up-to-date: /home/abhay/microros_ws/install/rcl_interfaces/include/rcl_interfaces/rcl_interfaces/msg/detail
[1.317s] -- Up-to-date: /home/abhay/microros_ws/install/rcl_interfaces/include/rcl_interfaces/rcl_interfaces/msg/detail/parameter_descriptor__rosidl_typesupport_introspection_cpp.hpp
[1.317s] -- Up-to-date: /home/abhay/microros_ws/install/rcl_interfaces/include/rcl_interfaces/rcl_interfaces/msg/detail/parameter_event_descriptors__rosidl_typesupport_introspection_cpp.hpp
[1.317s] -- Up-to-date: /home/abhay/microros_ws/install/rcl_interfaces/include/rcl_interfaces/rcl_interfaces/msg/detail/log__type_support.cpp
[1.317s] -- Up-to-date: /home/abhay/microros_ws/install/rcl_interfaces/include/rcl_interfaces/rcl_interfaces/msg/detail/parameter_value__rosidl_typesupport_introspection_cpp.hpp
[1.317s] -- Up-to-date: /home/abhay/microros_ws/install/rcl_interfaces/include/rcl_interfaces/rcl_interfaces/msg/detail/floating_point_range__type_support.cpp
[1.317s] -- Up-to-date: /home/abhay/microros_ws/install/rcl_interfaces/include/rcl_interfaces/rcl_interfaces/msg/detail/parameter_type__rosidl_typesupport_introspection_cpp.hpp
[1.317s] -- Up-to-date: /home/abhay/microros_ws/install/rcl_interfaces/include/rcl_interfaces/rcl_interfaces/msg/detail/parameter_descriptor__type_support.cpp
[1.317s] -- Up-to-date: /home/abhay/microros_ws/install/rcl_interfaces/include/rcl_interfaces/rcl_interfaces/msg/detail/list_parameters_result__rosidl_typesupport_introspection_cpp.hpp
[1.317s] -- Up-to-date: /home/abhay/microros_ws/install/rcl_interfaces/include/rcl_interfaces/rcl_interfaces/msg/detail/parameter_value__type_support.cpp
[1.317s] -- Up-to-date: /home/abhay/microros_ws/install/rcl_interfaces/include/rcl_interfaces/rcl_interfaces/msg/detail/parameter_event__rosidl_typesupport_introspection_cpp.hpp
[1.317s] -- Up-to-date: /home/abhay/microros_ws/install/rcl_interfaces/include/rcl_interfaces/rcl_interfaces/msg/detail/parameter_type__type_support.cpp
[1.318s] -- Up-to-date: /home/abhay/microros_ws/install/rcl_interfaces/include/rcl_interfaces/rcl_interfaces/msg/detail/integer_range__type_support.cpp
[1.318s] -- Up-to-date: /home/abhay/microros_ws/install/rcl_interfaces/include/rcl_interfaces/rcl_interfaces/msg/detail/log__rosidl_typesupport_introspection_cpp.hpp
[1.318s] -- Up-to-date: /home/abhay/microros_ws/install/rcl_interfaces/include/rcl_interfaces/rcl_interfaces/msg/detail/parameter_event_descriptors__type_support.cpp
[1.318s] -- Up-to-date: /home/abhay/microros_ws/install/rcl_interfaces/include/rcl_interfaces/rcl_interfaces/msg/detail/set_parameters_result__rosidl_typesupport_introspection_cpp.hpp
[1.318s] -- Up-to-date: /home/abhay/microros_ws/install/rcl_interfaces/include/rcl_interfaces/rcl_interfaces/msg/detail/set_parameters_result__type_support.cpp
[1.318s] -- Up-to-date: /home/abhay/microros_ws/install/rcl_interfaces/include/rcl_interfaces/rcl_interfaces/msg/detail/floating_point_range__rosidl_typesupport_introspection_cpp.hpp
[1.318s] -- Up-to-date: /home/abhay/microros_ws/install/rcl_interfaces/include/rcl_interfaces/rcl_interfaces/msg/detail/parameter__type_support.cpp
[1.318s] -- Up-to-date: /home/abhay/microros_ws/install/rcl_interfaces/include/rcl_interfaces/rcl_interfaces/msg/detail/parameter__rosidl_typesupport_introspection_cpp.hpp
[1.318s] -- Up-to-date: /home/abhay/microros_ws/install/rcl_interfaces/include/rcl_interfaces/rcl_interfaces/msg/detail/list_parameters_result__type_support.cpp
[1.318s] -- Up-to-date: /home/abhay/microros_ws/install/rcl_interfaces/include/rcl_interfaces/rcl_interfaces/msg/detail/parameter_event__type_support.cpp
[1.319s] -- Up-to-date: /home/abhay/microros_ws/install/rcl_interfaces/include/rcl_interfaces/rcl_interfaces/msg/detail/integer_range__rosidl_typesupport_introspection_cpp.hpp
[1.319s] -- Up-to-date: /home/abhay/microros_ws/install/rcl_interfaces/include/rcl_interfaces/rcl_interfaces/srv
[1.319s] -- Up-to-date: /home/abhay/microros_ws/install/rcl_interfaces/include/rcl_interfaces/rcl_interfaces/srv/detail
[1.319s] -- Up-to-date: /home/abhay/microros_ws/install/rcl_interfaces/include/rcl_interfaces/rcl_interfaces/srv/detail/describe_parameters__type_support.cpp
[1.319s] -- Up-to-date: /home/abhay/microros_ws/install/rcl_interfaces/include/rcl_interfaces/rcl_interfaces/srv/detail/get_parameter_types__type_support.cpp
[1.319s] -- Up-to-date: /home/abhay/microros_ws/install/rcl_interfaces/include/rcl_interfaces/rcl_interfaces/srv/detail/get_parameter_types__rosidl_typesupport_introspection_cpp.hpp
[1.319s] -- Up-to-date: /home/abhay/microros_ws/install/rcl_interfaces/include/rcl_interfaces/rcl_interfaces/srv/detail/set_parameters__rosidl_typesupport_introspection_cpp.hpp
[1.319s] -- Up-to-date: /home/abhay/microros_ws/install/rcl_interfaces/include/rcl_interfaces/rcl_interfaces/srv/detail/describe_parameters__rosidl_typesupport_introspection_cpp.hpp
[1.319s] -- Up-to-date: /home/abhay/microros_ws/install/rcl_interfaces/include/rcl_interfaces/rcl_interfaces/srv/detail/get_parameters__rosidl_typesupport_introspection_cpp.hpp
[1.319s] -- Up-to-date: /home/abhay/microros_ws/install/rcl_interfaces/include/rcl_interfaces/rcl_interfaces/srv/detail/list_parameters__rosidl_typesupport_introspection_cpp.hpp
[1.319s] -- Up-to-date: /home/abhay/microros_ws/install/rcl_interfaces/include/rcl_interfaces/rcl_interfaces/srv/detail/set_parameters_atomically__type_support.cpp
[1.319s] -- Up-to-date: /home/abhay/microros_ws/install/rcl_interfaces/include/rcl_interfaces/rcl_interfaces/srv/detail/get_parameters__type_support.cpp
[1.320s] -- Up-to-date: /home/abhay/microros_ws/install/rcl_interfaces/include/rcl_interfaces/rcl_interfaces/srv/detail/set_parameters__type_support.cpp
[1.320s] -- Up-to-date: /home/abhay/microros_ws/install/rcl_interfaces/include/rcl_interfaces/rcl_interfaces/srv/detail/list_parameters__type_support.cpp
[1.320s] -- Up-to-date: /home/abhay/microros_ws/install/rcl_interfaces/include/rcl_interfaces/rcl_interfaces/srv/detail/set_parameters_atomically__rosidl_typesupport_introspection_cpp.hpp
[1.320s] -- Up-to-date: /home/abhay/microros_ws/install/rcl_interfaces/lib/librcl_interfaces__rosidl_typesupport_introspection_cpp.so
[1.320s] -- Up-to-date: /home/abhay/microros_ws/install/rcl_interfaces/lib/librcl_interfaces__rosidl_typesupport_cpp.so
[1.320s] -- Up-to-date: /home/abhay/microros_ws/install/rcl_interfaces/share/rcl_interfaces/environment/pythonpath.sh
[1.320s] -- Up-to-date: /home/abhay/microros_ws/install/rcl_interfaces/share/rcl_interfaces/environment/pythonpath.dsv
[1.320s] -- Up-to-date: /home/abhay/microros_ws/install/rcl_interfaces/local/lib/python3.10/dist-packages/rcl_interfaces-1.2.1-py3.10.egg-info
[1.320s] -- Installing: /home/abhay/microros_ws/install/rcl_interfaces/local/lib/python3.10/dist-packages/rcl_interfaces-1.2.1-py3.10.egg-info/top_level.txt
[1.320s] -- Installing: /home/abhay/microros_ws/install/rcl_interfaces/local/lib/python3.10/dist-packages/rcl_interfaces-1.2.1-py3.10.egg-info/SOURCES.txt
[1.320s] -- Installing: /home/abhay/microros_ws/install/rcl_interfaces/local/lib/python3.10/dist-packages/rcl_interfaces-1.2.1-py3.10.egg-info/dependency_links.txt
[1.321s] -- Installing: /home/abhay/microros_ws/install/rcl_interfaces/local/lib/python3.10/dist-packages/rcl_interfaces-1.2.1-py3.10.egg-info/PKG-INFO
[1.321s] -- Up-to-date: /home/abhay/microros_ws/install/rcl_interfaces/local/lib/python3.10/dist-packages/rcl_interfaces
[1.321s] -- Up-to-date: /home/abhay/microros_ws/install/rcl_interfaces/local/lib/python3.10/dist-packages/rcl_interfaces/librcl_interfaces__rosidl_generator_py.so
[1.321s] -- Up-to-date: /home/abhay/microros_ws/install/rcl_interfaces/local/lib/python3.10/dist-packages/rcl_interfaces/_rcl_interfaces_s.ep.rosidl_typesupport_fastrtps_c.c
[1.321s] -- Up-to-date: /home/abhay/microros_ws/install/rcl_interfaces/local/lib/python3.10/dist-packages/rcl_interfaces/msg
[1.321s] -- Up-to-date: /home/abhay/microros_ws/install/rcl_interfaces/local/lib/python3.10/dist-packages/rcl_interfaces/msg/_parameter_value.py
[1.321s] -- Up-to-date: /home/abhay/microros_ws/install/rcl_interfaces/local/lib/python3.10/dist-packages/rcl_interfaces/msg/_parameter_type_s.c
[1.321s] -- Up-to-date: /home/abhay/microros_ws/install/rcl_interfaces/local/lib/python3.10/dist-packages/rcl_interfaces/msg/_list_parameters_result.py
[1.321s] -- Up-to-date: /home/abhay/microros_ws/install/rcl_interfaces/local/lib/python3.10/dist-packages/rcl_interfaces/msg/_log.py
[1.321s] -- Up-to-date: /home/abhay/microros_ws/install/rcl_interfaces/local/lib/python3.10/dist-packages/rcl_interfaces/msg/_parameter_s.c
[1.322s] -- Up-to-date: /home/abhay/microros_ws/install/rcl_interfaces/local/lib/python3.10/dist-packages/rcl_interfaces/msg/_parameter_type.py
[1.322s] -- Up-to-date: /home/abhay/microros_ws/install/rcl_interfaces/local/lib/python3.10/dist-packages/rcl_interfaces/msg/_set_parameters_result.py
[1.322s] -- Up-to-date: /home/abhay/microros_ws/install/rcl_interfaces/local/lib/python3.10/dist-packages/rcl_interfaces/msg/_parameter_event_descriptors_s.c
[1.322s] -- Up-to-date: /home/abhay/microros_ws/install/rcl_interfaces/local/lib/python3.10/dist-packages/rcl_interfaces/msg/_integer_range.py
[1.322s] -- Up-to-date: /home/abhay/microros_ws/install/rcl_interfaces/local/lib/python3.10/dist-packages/rcl_interfaces/msg/_floating_point_range_s.c
[1.322s] -- Up-to-date: /home/abhay/microros_ws/install/rcl_interfaces/local/lib/python3.10/dist-packages/rcl_interfaces/msg/_parameter_event_s.c
[1.322s] -- Up-to-date: /home/abhay/microros_ws/install/rcl_interfaces/local/lib/python3.10/dist-packages/rcl_interfaces/msg/_set_parameters_result_s.c
[1.322s] -- Up-to-date: /home/abhay/microros_ws/install/rcl_interfaces/local/lib/python3.10/dist-packages/rcl_interfaces/msg/_parameter.py
[1.322s] -- Up-to-date: /home/abhay/microros_ws/install/rcl_interfaces/local/lib/python3.10/dist-packages/rcl_interfaces/msg/_parameter_value_s.c
[1.323s] -- Up-to-date: /home/abhay/microros_ws/install/rcl_interfaces/local/lib/python3.10/dist-packages/rcl_interfaces/msg/_parameter_descriptor.py
[1.323s] -- Up-to-date: /home/abhay/microros_ws/install/rcl_interfaces/local/lib/python3.10/dist-packages/rcl_interfaces/msg/_log_s.c
[1.323s] -- Up-to-date: /home/abhay/microros_ws/install/rcl_interfaces/local/lib/python3.10/dist-packages/rcl_interfaces/msg/_parameter_descriptor_s.c
[1.323s] -- Up-to-date: /home/abhay/microros_ws/install/rcl_interfaces/local/lib/python3.10/dist-packages/rcl_interfaces/msg/_integer_range_s.c
[1.323s] -- Up-to-date: /home/abhay/microros_ws/install/rcl_interfaces/local/lib/python3.10/dist-packages/rcl_interfaces/msg/_list_parameters_result_s.c
[1.323s] -- Up-to-date: /home/abhay/microros_ws/install/rcl_interfaces/local/lib/python3.10/dist-packages/rcl_interfaces/msg/_floating_point_range.py
[1.323s] -- Up-to-date: /home/abhay/microros_ws/install/rcl_interfaces/local/lib/python3.10/dist-packages/rcl_interfaces/msg/__init__.py
[1.323s] -- Up-to-date: /home/abhay/microros_ws/install/rcl_interfaces/local/lib/python3.10/dist-packages/rcl_interfaces/msg/_parameter_event.py
[1.326s] -- Up-to-date: /home/abhay/microros_ws/install/rcl_interfaces/local/lib/python3.10/dist-packages/rcl_interfaces/msg/_parameter_event_descriptors.py
[1.326s] -- Up-to-date: /home/abhay/microros_ws/install/rcl_interfaces/local/lib/python3.10/dist-packages/rcl_interfaces/rcl_interfaces_s__rosidl_typesupport_fastrtps_c.cpython-310-x86_64-linux-gnu.so
[1.326s] -- Up-to-date: /home/abhay/microros_ws/install/rcl_interfaces/local/lib/python3.10/dist-packages/rcl_interfaces/_rcl_interfaces_s.ep.rosidl_typesupport_microxrcedds_c.c
[1.326s] -- Up-to-date: /home/abhay/microros_ws/install/rcl_interfaces/local/lib/python3.10/dist-packages/rcl_interfaces/_rcl_interfaces_s.ep.rosidl_typesupport_c.c
[1.326s] -- Up-to-date: /home/abhay/microros_ws/install/rcl_interfaces/local/lib/python3.10/dist-packages/rcl_interfaces/rcl_interfaces_s__rosidl_typesupport_introspection_c.cpython-310-x86_64-linux-gnu.so
[1.326s] -- Up-to-date: /home/abhay/microros_ws/install/rcl_interfaces/local/lib/python3.10/dist-packages/rcl_interfaces/rcl_interfaces_s__rosidl_typesupport_c.cpython-310-x86_64-linux-gnu.so
[1.326s] -- Up-to-date: /home/abhay/microros_ws/install/rcl_interfaces/local/lib/python3.10/dist-packages/rcl_interfaces/rcl_interfaces_s__rosidl_typesupport_microxrcedds_c.cpython-310-x86_64-linux-gnu.so
[1.326s] -- Up-to-date: /home/abhay/microros_ws/install/rcl_interfaces/local/lib/python3.10/dist-packages/rcl_interfaces/_rcl_interfaces_s.ep.rosidl_typesupport_introspection_c.c
[1.326s] -- Up-to-date: /home/abhay/microros_ws/install/rcl_interfaces/local/lib/python3.10/dist-packages/rcl_interfaces/__init__.py
[1.326s] -- Up-to-date: /home/abhay/microros_ws/install/rcl_interfaces/local/lib/python3.10/dist-packages/rcl_interfaces/srv
[1.326s] -- Up-to-date: /home/abhay/microros_ws/install/rcl_interfaces/local/lib/python3.10/dist-packages/rcl_interfaces/srv/_get_parameters.py
[1.326s] -- Up-to-date: /home/abhay/microros_ws/install/rcl_interfaces/local/lib/python3.10/dist-packages/rcl_interfaces/srv/_set_parameters_s.c
[1.326s] -- Up-to-date: /home/abhay/microros_ws/install/rcl_interfaces/local/lib/python3.10/dist-packages/rcl_interfaces/srv/_list_parameters.py
[1.326s] -- Up-to-date: /home/abhay/microros_ws/install/rcl_interfaces/local/lib/python3.10/dist-packages/rcl_interfaces/srv/_describe_parameters_s.c
[1.326s] -- Up-to-date: /home/abhay/microros_ws/install/rcl_interfaces/local/lib/python3.10/dist-packages/rcl_interfaces/srv/_set_parameters.py
[1.327s] -- Up-to-date: /home/abhay/microros_ws/install/rcl_interfaces/local/lib/python3.10/dist-packages/rcl_interfaces/srv/_list_parameters_s.c
[1.327s] -- Up-to-date: /home/abhay/microros_ws/install/rcl_interfaces/local/lib/python3.10/dist-packages/rcl_interfaces/srv/_set_parameters_atomically.py
[1.327s] -- Up-to-date: /home/abhay/microros_ws/install/rcl_interfaces/local/lib/python3.10/dist-packages/rcl_interfaces/srv/_set_parameters_atomically_s.c
[1.327s] -- Up-to-date: /home/abhay/microros_ws/install/rcl_interfaces/local/lib/python3.10/dist-packages/rcl_interfaces/srv/_get_parameter_types.py
[1.327s] -- Up-to-date: /home/abhay/microros_ws/install/rcl_interfaces/local/lib/python3.10/dist-packages/rcl_interfaces/srv/__init__.py
[1.327s] -- Up-to-date: /home/abhay/microros_ws/install/rcl_interfaces/local/lib/python3.10/dist-packages/rcl_interfaces/srv/_describe_parameters.py
[1.328s] -- Up-to-date: /home/abhay/microros_ws/install/rcl_interfaces/local/lib/python3.10/dist-packages/rcl_interfaces/srv/_get_parameters_s.c
[1.328s] -- Up-to-date: /home/abhay/microros_ws/install/rcl_interfaces/local/lib/python3.10/dist-packages/rcl_interfaces/srv/_get_parameter_types_s.c
[1.359s] Listing '/home/abhay/microros_ws/install/rcl_interfaces/local/lib/python3.10/dist-packages/rcl_interfaces'...
[1.360s] Listing '/home/abhay/microros_ws/install/rcl_interfaces/local/lib/python3.10/dist-packages/rcl_interfaces/msg'...
[1.360s] Listing '/home/abhay/microros_ws/install/rcl_interfaces/local/lib/python3.10/dist-packages/rcl_interfaces/srv'...
[1.367s] -- Up-to-date: /home/abhay/microros_ws/install/rcl_interfaces/local/lib/python3.10/dist-packages/rcl_interfaces/rcl_interfaces_s__rosidl_typesupport_microxrcedds_c.cpython-310-x86_64-linux-gnu.so
[1.367s] -- Up-to-date: /home/abhay/microros_ws/install/rcl_interfaces/local/lib/python3.10/dist-packages/rcl_interfaces/rcl_interfaces_s__rosidl_typesupport_fastrtps_c.cpython-310-x86_64-linux-gnu.so
[1.367s] -- Up-to-date: /home/abhay/microros_ws/install/rcl_interfaces/local/lib/python3.10/dist-packages/rcl_interfaces/rcl_interfaces_s__rosidl_typesupport_introspection_c.cpython-310-x86_64-linux-gnu.so
[1.367s] -- Up-to-date: /home/abhay/microros_ws/install/rcl_interfaces/local/lib/python3.10/dist-packages/rcl_interfaces/rcl_interfaces_s__rosidl_typesupport_c.cpython-310-x86_64-linux-gnu.so
[1.368s] -- Up-to-date: /home/abhay/microros_ws/install/rcl_interfaces/lib/librcl_interfaces__rosidl_generator_py.so
[1.368s] -- Up-to-date: /home/abhay/microros_ws/install/rcl_interfaces/share/rcl_interfaces/msg/FloatingPointRange.idl
[1.368s] -- Up-to-date: /home/abhay/microros_ws/install/rcl_interfaces/share/rcl_interfaces/msg/IntegerRange.idl
[1.368s] -- Up-to-date: /home/abhay/microros_ws/install/rcl_interfaces/share/rcl_interfaces/msg/ListParametersResult.idl
[1.368s] -- Up-to-date: /home/abhay/microros_ws/install/rcl_interfaces/share/rcl_interfaces/msg/Log.idl
[1.369s] -- Up-to-date: /home/abhay/microros_ws/install/rcl_interfaces/share/rcl_interfaces/msg/ParameterDescriptor.idl
[1.369s] -- Up-to-date: /home/abhay/microros_ws/install/rcl_interfaces/share/rcl_interfaces/msg/ParameterEventDescriptors.idl
[1.369s] -- Up-to-date: /home/abhay/microros_ws/install/rcl_interfaces/share/rcl_interfaces/msg/ParameterEvent.idl
[1.369s] -- Up-to-date: /home/abhay/microros_ws/install/rcl_interfaces/share/rcl_interfaces/msg/Parameter.idl
[1.369s] -- Up-to-date: /home/abhay/microros_ws/install/rcl_interfaces/share/rcl_interfaces/msg/ParameterType.idl
[1.369s] -- Up-to-date: /home/abhay/microros_ws/install/rcl_interfaces/share/rcl_interfaces/msg/ParameterValue.idl
[1.369s] -- Up-to-date: /home/abhay/microros_ws/install/rcl_interfaces/share/rcl_interfaces/msg/SetParametersResult.idl
[1.369s] -- Up-to-date: /home/abhay/microros_ws/install/rcl_interfaces/share/rcl_interfaces/srv/DescribeParameters.idl
[1.370s] -- Up-to-date: /home/abhay/microros_ws/install/rcl_interfaces/share/rcl_interfaces/srv/GetParameters.idl
[1.370s] -- Up-to-date: /home/abhay/microros_ws/install/rcl_interfaces/share/rcl_interfaces/srv/GetParameterTypes.idl
[1.370s] -- Up-to-date: /home/abhay/microros_ws/install/rcl_interfaces/share/rcl_interfaces/srv/ListParameters.idl
[1.370s] -- Up-to-date: /home/abhay/microros_ws/install/rcl_interfaces/share/rcl_interfaces/srv/SetParametersAtomically.idl
[1.370s] -- Up-to-date: /home/abhay/microros_ws/install/rcl_interfaces/share/rcl_interfaces/srv/SetParameters.idl
[1.370s] -- Up-to-date: /home/abhay/microros_ws/install/rcl_interfaces/share/rcl_interfaces/msg/FloatingPointRange.msg
[1.370s] -- Up-to-date: /home/abhay/microros_ws/install/rcl_interfaces/share/rcl_interfaces/msg/IntegerRange.msg
[1.370s] -- Up-to-date: /home/abhay/microros_ws/install/rcl_interfaces/share/rcl_interfaces/msg/ListParametersResult.msg
[1.370s] -- Up-to-date: /home/abhay/microros_ws/install/rcl_interfaces/share/rcl_interfaces/msg/Log.msg
[1.370s] -- Up-to-date: /home/abhay/microros_ws/install/rcl_interfaces/share/rcl_interfaces/msg/ParameterDescriptor.msg
[1.371s] -- Up-to-date: /home/abhay/microros_ws/install/rcl_interfaces/share/rcl_interfaces/msg/ParameterEventDescriptors.msg
[1.371s] -- Up-to-date: /home/abhay/microros_ws/install/rcl_interfaces/share/rcl_interfaces/msg/ParameterEvent.msg
[1.371s] -- Up-to-date: /home/abhay/microros_ws/install/rcl_interfaces/share/rcl_interfaces/msg/Parameter.msg
[1.371s] -- Up-to-date: /home/abhay/microros_ws/install/rcl_interfaces/share/rcl_interfaces/msg/ParameterType.msg
[1.371s] -- Up-to-date: /home/abhay/microros_ws/install/rcl_interfaces/share/rcl_interfaces/msg/ParameterValue.msg
[1.371s] -- Up-to-date: /home/abhay/microros_ws/install/rcl_interfaces/share/rcl_interfaces/msg/SetParametersResult.msg
[1.371s] -- Up-to-date: /home/abhay/microros_ws/install/rcl_interfaces/share/rcl_interfaces/srv/DescribeParameters.srv
[1.371s] -- Up-to-date: /home/abhay/microros_ws/install/rcl_interfaces/share/rcl_interfaces/srv/DescribeParameters_Request.msg
[1.371s] -- Up-to-date: /home/abhay/microros_ws/install/rcl_interfaces/share/rcl_interfaces/srv/DescribeParameters_Response.msg
[1.372s] -- Up-to-date: /home/abhay/microros_ws/install/rcl_interfaces/share/rcl_interfaces/srv/GetParameters.srv
[1.372s] -- Up-to-date: /home/abhay/microros_ws/install/rcl_interfaces/share/rcl_interfaces/srv/GetParameters_Request.msg
[1.372s] -- Up-to-date: /home/abhay/microros_ws/install/rcl_interfaces/share/rcl_interfaces/srv/GetParameters_Response.msg
[1.372s] -- Up-to-date: /home/abhay/microros_ws/install/rcl_interfaces/share/rcl_interfaces/srv/GetParameterTypes.srv
[1.372s] -- Up-to-date: /home/abhay/microros_ws/install/rcl_interfaces/share/rcl_interfaces/srv/GetParameterTypes_Request.msg
[1.372s] -- Up-to-date: /home/abhay/microros_ws/install/rcl_interfaces/share/rcl_interfaces/srv/GetParameterTypes_Response.msg
[1.373s] -- Up-to-date: /home/abhay/microros_ws/install/rcl_interfaces/share/rcl_interfaces/srv/ListParameters.srv
[1.373s] -- Up-to-date: /home/abhay/microros_ws/install/rcl_interfaces/share/rcl_interfaces/srv/ListParameters_Request.msg
[1.373s] -- Up-to-date: /home/abhay/microros_ws/install/rcl_interfaces/share/rcl_interfaces/srv/ListParameters_Response.msg
[1.373s] -- Up-to-date: /home/abhay/microros_ws/install/rcl_interfaces/share/rcl_interfaces/srv/SetParametersAtomically.srv
[1.373s] -- Up-to-date: /home/abhay/microros_ws/install/rcl_interfaces/share/rcl_interfaces/srv/SetParametersAtomically_Request.msg
[1.373s] -- Up-to-date: /home/abhay/microros_ws/install/rcl_interfaces/share/rcl_interfaces/srv/SetParametersAtomically_Response.msg
[1.373s] -- Up-to-date: /home/abhay/microros_ws/install/rcl_interfaces/share/rcl_interfaces/srv/SetParameters.srv
[1.373s] -- Up-to-date: /home/abhay/microros_ws/install/rcl_interfaces/share/rcl_interfaces/srv/SetParameters_Request.msg
[1.373s] -- Up-to-date: /home/abhay/microros_ws/install/rcl_interfaces/share/rcl_interfaces/srv/SetParameters_Response.msg
[1.374s] -- Up-to-date: /home/abhay/microros_ws/install/rcl_interfaces/share/rcl_interfaces/mapping_rules.yaml
[1.374s] -- Up-to-date: /home/abhay/microros_ws/install/rcl_interfaces/share/ament_index/resource_index/package_run_dependencies/rcl_interfaces
[1.374s] -- Up-to-date: /home/abhay/microros_ws/install/rcl_interfaces/share/ament_index/resource_index/parent_prefix_path/rcl_interfaces
[1.374s] -- Up-to-date: /home/abhay/microros_ws/install/rcl_interfaces/share/rcl_interfaces/environment/ament_prefix_path.sh
[1.374s] -- Up-to-date: /home/abhay/microros_ws/install/rcl_interfaces/share/rcl_interfaces/environment/ament_prefix_path.dsv
[1.374s] -- Up-to-date: /home/abhay/microros_ws/install/rcl_interfaces/share/rcl_interfaces/environment/path.sh
[1.374s] -- Up-to-date: /home/abhay/microros_ws/install/rcl_interfaces/share/rcl_interfaces/environment/path.dsv
[1.375s] -- Up-to-date: /home/abhay/microros_ws/install/rcl_interfaces/share/rcl_interfaces/local_setup.bash
[1.375s] -- Up-to-date: /home/abhay/microros_ws/install/rcl_interfaces/share/rcl_interfaces/local_setup.sh
[1.375s] -- Up-to-date: /home/abhay/microros_ws/install/rcl_interfaces/share/rcl_interfaces/local_setup.zsh
[1.375s] -- Up-to-date: /home/abhay/microros_ws/install/rcl_interfaces/share/rcl_interfaces/local_setup.dsv
[1.375s] -- Installing: /home/abhay/microros_ws/install/rcl_interfaces/share/rcl_interfaces/package.dsv
[1.375s] -- Up-to-date: /home/abhay/microros_ws/install/rcl_interfaces/share/ament_index/resource_index/packages/rcl_interfaces
[1.375s] -- Up-to-date: /home/abhay/microros_ws/install/rcl_interfaces/share/rcl_interfaces/cmake/export_rcl_interfaces__rosidl_generator_cExport.cmake
[1.375s] -- Up-to-date: /home/abhay/microros_ws/install/rcl_interfaces/share/rcl_interfaces/cmake/export_rcl_interfaces__rosidl_generator_cExport-noconfig.cmake
[1.375s] -- Up-to-date: /home/abhay/microros_ws/install/rcl_interfaces/share/rcl_interfaces/cmake/export_rcl_interfaces__rosidl_typesupport_fastrtps_cExport.cmake
[1.376s] -- Up-to-date: /home/abhay/microros_ws/install/rcl_interfaces/share/rcl_interfaces/cmake/export_rcl_interfaces__rosidl_typesupport_fastrtps_cExport-noconfig.cmake
[1.376s] -- Up-to-date: /home/abhay/microros_ws/install/rcl_interfaces/share/rcl_interfaces/cmake/rcl_interfaces__rosidl_typesupport_introspection_cExport.cmake
[1.376s] -- Up-to-date: /home/abhay/microros_ws/install/rcl_interfaces/share/rcl_interfaces/cmake/rcl_interfaces__rosidl_typesupport_introspection_cExport-noconfig.cmake
[1.376s] -- Up-to-date: /home/abhay/microros_ws/install/rcl_interfaces/share/rcl_interfaces/cmake/rcl_interfaces__rosidl_typesupport_cExport.cmake
[1.376s] -- Up-to-date: /home/abhay/microros_ws/install/rcl_interfaces/share/rcl_interfaces/cmake/rcl_interfaces__rosidl_typesupport_cExport-noconfig.cmake
[1.376s] -- Up-to-date: /home/abhay/microros_ws/install/rcl_interfaces/share/rcl_interfaces/cmake/export_rcl_interfaces__rosidl_generator_cppExport.cmake
[1.376s] -- Up-to-date: /home/abhay/microros_ws/install/rcl_interfaces/share/rcl_interfaces/cmake/export_rcl_interfaces__rosidl_typesupport_fastrtps_cppExport.cmake
[1.377s] -- Up-to-date: /home/abhay/microros_ws/install/rcl_interfaces/share/rcl_interfaces/cmake/export_rcl_interfaces__rosidl_typesupport_fastrtps_cppExport-noconfig.cmake
[1.377s] -- Up-to-date: /home/abhay/microros_ws/install/rcl_interfaces/share/rcl_interfaces/cmake/rcl_interfaces__rosidl_typesupport_introspection_cppExport.cmake
[1.377s] -- Up-to-date: /home/abhay/microros_ws/install/rcl_interfaces/share/rcl_interfaces/cmake/rcl_interfaces__rosidl_typesupport_introspection_cppExport-noconfig.cmake
[1.377s] -- Up-to-date: /home/abhay/microros_ws/install/rcl_interfaces/share/rcl_interfaces/cmake/rcl_interfaces__rosidl_typesupport_cppExport.cmake
[1.377s] -- Up-to-date: /home/abhay/microros_ws/install/rcl_interfaces/share/rcl_interfaces/cmake/rcl_interfaces__rosidl_typesupport_cppExport-noconfig.cmake
[1.377s] -- Up-to-date: /home/abhay/microros_ws/install/rcl_interfaces/share/rcl_interfaces/cmake/export_rcl_interfaces__rosidl_generator_pyExport.cmake
[1.377s] -- Up-to-date: /home/abhay/microros_ws/install/rcl_interfaces/share/rcl_interfaces/cmake/export_rcl_interfaces__rosidl_generator_pyExport-noconfig.cmake
[1.377s] -- Up-to-date: /home/abhay/microros_ws/install/rcl_interfaces/share/rcl_interfaces/cmake/rosidl_cmake-extras.cmake
[1.377s] -- Up-to-date: /home/abhay/microros_ws/install/rcl_interfaces/share/rcl_interfaces/cmake/ament_cmake_export_dependencies-extras.cmake
[1.377s] -- Up-to-date: /home/abhay/microros_ws/install/rcl_interfaces/share/rcl_interfaces/cmake/ament_cmake_export_include_directories-extras.cmake
[1.377s] -- Up-to-date: /home/abhay/microros_ws/install/rcl_interfaces/share/rcl_interfaces/cmake/ament_cmake_export_libraries-extras.cmake
[1.377s] -- Up-to-date: /home/abhay/microros_ws/install/rcl_interfaces/share/rcl_interfaces/cmake/ament_cmake_export_targets-extras.cmake
[1.378s] -- Up-to-date: /home/abhay/microros_ws/install/rcl_interfaces/share/rcl_interfaces/cmake/rosidl_cmake_export_typesupport_targets-extras.cmake
[1.378s] -- Up-to-date: /home/abhay/microros_ws/install/rcl_interfaces/share/rcl_interfaces/cmake/rosidl_cmake_export_typesupport_libraries-extras.cmake
[1.378s] -- Up-to-date: /home/abhay/microros_ws/install/rcl_interfaces/share/rcl_interfaces/cmake/rcl_interfacesConfig.cmake
[1.378s] -- Up-to-date: /home/abhay/microros_ws/install/rcl_interfaces/share/rcl_interfaces/cmake/rcl_interfacesConfig-version.cmake
[1.378s] -- Up-to-date: /home/abhay/microros_ws/install/rcl_interfaces/share/rcl_interfaces/package.xml
[1.380s] Invoked command in '/home/abhay/microros_ws/build/rcl_interfaces' returned '0': CMAKE_PREFIX_PATH=/home/abhay/microros_ws/install/builtin_interfaces:/home/abhay/microros_ws/install/micro_ros_demos_rclc:/home/abhay/microros_ws/install/common_interfaces:/home/abhay/microros_ws/install/visualization_msgs:/home/abhay/microros_ws/install/test_msgs:/home/abhay/microros_ws/install/example_interfaces:/home/abhay/microros_ws/install/action_msgs:/home/abhay/microros_ws/install/unique_identifier_msgs:/home/abhay/microros_ws/install/trajectory_msgs:/home/abhay/microros_ws/install/stereo_msgs:/home/abhay/microros_ws/install/std_srvs:/home/abhay/microros_ws/install/shape_msgs:/home/abhay/microros_ws/install/sensor_msgs:/home/abhay/microros_ws/install/nav_msgs:/home/abhay/microros_ws/install/diagnostic_msgs:/home/abhay/microros_ws/install/geometry_msgs:/home/abhay/microros_ws/install/actionlib_msgs:/home/abhay/microros_ws/install/std_msgs:/home/abhay/microros_ws/install/statistics_msgs:/home/abhay/microros_ws/install/rosidl_typesupport_microxrcedds_test_msg:/home/abhay/microros_ws/install/rosidl_typesupport_microxrcedds_cpp_tests:/home/abhay/microros_ws/install/rmw_microxrcedds:/home/abhay/microros_ws/install/rosidl_typesupport_microxrcedds_cpp:/home/abhay/microros_ws/install/rosidl_typesupport_microxrcedds_c_tests:/home/abhay/microros_ws/install/rosidl_typesupport_microxrcedds_c:/home/abhay/microros_ws/install/rosgraph_msgs:/home/abhay/microros_ws/install/rclc_parameter:/home/abhay/microros_ws/install/rclc:/home/abhay/microros_ws/install/composition_interfaces:/home/abhay/microros_ws/install/rcl_interfaces:/home/abhay/microros_ws/install/microxrcedds_client:/home/abhay/microros_ws/install/microcdr:/home/abhay/microros_ws/install/micro_ros_utilities:/home/abhay/microros_ws/install/micro_ros_msgs:/home/abhay/microros_ws/install/lifecycle_msgs:/home/abhay/microros_ws/install/complex_msgs:/home/abhay/microros_ws/install/micro_ros_setup:/home/abhay/microros_ws/install/sensor_msgs_py:/home/abhay/ros2_ws/install/py_srvcli:/home/abhay/ros2_ws/install/my_robot_controller:/opt/ros/humble LD_LIBRARY_PATH=/home/abhay/microros_ws/install/builtin_interfaces/lib:/home/abhay/microros_ws/install/visualization_msgs/lib:/home/abhay/microros_ws/install/test_msgs/lib:/home/abhay/microros_ws/install/example_interfaces/lib:/home/abhay/microros_ws/install/action_msgs/lib:/home/abhay/microros_ws/install/unique_identifier_msgs/lib:/home/abhay/microros_ws/install/trajectory_msgs/lib:/home/abhay/microros_ws/install/stereo_msgs/lib:/home/abhay/microros_ws/install/std_srvs/lib:/home/abhay/microros_ws/install/shape_msgs/lib:/home/abhay/microros_ws/install/sensor_msgs/lib:/home/abhay/microros_ws/install/nav_msgs/lib:/home/abhay/microros_ws/install/diagnostic_msgs/lib:/home/abhay/microros_ws/install/geometry_msgs/lib:/home/abhay/microros_ws/install/actionlib_msgs/lib:/home/abhay/microros_ws/install/std_msgs/lib:/home/abhay/microros_ws/install/statistics_msgs/lib:/home/abhay/microros_ws/install/rmw_microxrcedds/lib:/home/abhay/microros_ws/install/rosidl_typesupport_microxrcedds_cpp/lib:/home/abhay/microros_ws/install/rosidl_typesupport_microxrcedds_c/lib:/home/abhay/microros_ws/install/rosgraph_msgs/lib:/home/abhay/microros_ws/install/rclc_parameter/lib:/home/abhay/microros_ws/install/rclc/lib:/home/abhay/microros_ws/install/composition_interfaces/lib:/home/abhay/microros_ws/install/rcl_interfaces/lib:/home/abhay/microros_ws/install/microxrcedds_client/lib:/home/abhay/microros_ws/install/microcdr/lib:/home/abhay/microros_ws/install/micro_ros_utilities/lib:/home/abhay/microros_ws/install/micro_ros_msgs/lib:/home/abhay/microros_ws/install/lifecycle_msgs/lib:/home/abhay/microros_ws/install/complex_msgs/lib:/opt/ros/humble/opt/rviz_ogre_vendor/lib:/opt/ros/humble/lib/x86_64-linux-gnu:/opt/ros/humble/lib /usr/bin/cmake --install /home/abhay/microros_ws/build/rcl_interfaces
