[0.034s] Invoking command in '/home/abhay/microros_ws/build/builtin_interfaces': CMAKE_PREFIX_PATH=${CMAKE_PREFIX_PATH}:/home/abhay/microros_ws/install/sensor_msgs_py:/home/abhay/ros2_ws/install/py_srvcli:/home/abhay/ros2_ws/install/my_robot_controller:/opt/ros/humble /usr/bin/cmake --build /home/abhay/microros_ws/build/builtin_interfaces -- -j16 -l16
[0.095s] [35m[1mConsolidate compiler generated dependencies of target builtin_interfaces__rosidl_generator_c[0m
[0.115s] [  2%] Built target builtin_interfaces__cpp
[0.115s] [  2%] Built target ament_cmake_python_copy_builtin_interfaces
[0.115s] [ 10%] Built target builtin_interfaces__rosidl_generator_c
[0.134s] [35m[1mConsolidate compiler generated dependencies of target builtin_interfaces__rosidl_typesupport_microxrcedds_cpp[0m
[0.135s] [35m[1mConsolidate compiler generated dependencies of target builtin_interfaces__rosidl_typesupport_fastrtps_cpp[0m
[0.143s] [35m[1mConsolidate compiler generated dependencies of target builtin_interfaces__rosidl_typesupport_introspection_cpp[0m
[0.143s] [35m[1mConsolidate compiler generated dependencies of target builtin_interfaces__rosidl_typesupport_microxrcedds_c[0m
[0.155s] [35m[1mConsolidate compiler generated dependencies of target builtin_interfaces__rosidl_typesupport_cpp[0m
[0.161s] [35m[1mConsolidate compiler generated dependencies of target builtin_interfaces__rosidl_typesupport_fastrtps_c[0m
[0.186s] [ 18%] Built target builtin_interfaces__rosidl_typesupport_microxrcedds_cpp
[0.188s] [ 34%] Built target builtin_interfaces__rosidl_typesupport_introspection_cpp
[0.189s] [ 32%] Built target builtin_interfaces__rosidl_typesupport_fastrtps_cpp
[0.203s] [ 42%] Built target builtin_interfaces__rosidl_typesupport_cpp
[0.209s] [ 51%] Built target builtin_interfaces__rosidl_typesupport_fastrtps_c
[0.209s] [ 59%] Built target builtin_interfaces__rosidl_typesupport_microxrcedds_c
[0.221s] [35m[1mConsolidate compiler generated dependencies of target builtin_interfaces__rosidl_typesupport_c[0m
[0.221s] [35m[1mConsolidate compiler generated dependencies of target builtin_interfaces__rosidl_typesupport_introspection_c[0m
[0.261s] [ 67%] Built target builtin_interfaces__rosidl_typesupport_c
[0.267s] [ 75%] Built target builtin_interfaces__rosidl_typesupport_introspection_c
[0.274s] [ 75%] Built target builtin_interfaces
[0.293s] [ 77%] Built target builtin_interfaces__py
[0.305s] [35m[1mConsolidate compiler generated dependencies of target builtin_interfaces__rosidl_generator_py[0m
[0.340s] [ 83%] Built target builtin_interfaces__rosidl_generator_py
[0.346s] [35m[1mConsolidate compiler generated dependencies of target builtin_interfaces__rosidl_typesupport_microxrcedds_c__pyext[0m
[0.348s] [35m[1mConsolidate compiler generated dependencies of target builtin_interfaces__rosidl_typesupport_c__pyext[0m
[0.361s] [35m[1mConsolidate compiler generated dependencies of target builtin_interfaces__rosidl_typesupport_introspection_c__pyext[0m
[0.363s] [35m[1mConsolidate compiler generated dependencies of target builtin_interfaces__rosidl_typesupport_fastrtps_c__pyext[0m
[0.373s] [ 87%] Built target builtin_interfaces__rosidl_typesupport_c__pyext
[0.376s] [ 91%] Built target builtin_interfaces__rosidl_typesupport_microxrcedds_c__pyext
[0.392s] [ 95%] Built target builtin_interfaces__rosidl_typesupport_introspection_c__pyext
[0.394s] [100%] Built target builtin_interfaces__rosidl_typesupport_fastrtps_c__pyext
[0.509s] running egg_info
[0.510s] writing builtin_interfaces.egg-info/PKG-INFO
[0.510s] writing dependency_links to builtin_interfaces.egg-info/dependency_links.txt
[0.510s] writing top-level names to builtin_interfaces.egg-info/top_level.txt
[0.512s] reading manifest file 'builtin_interfaces.egg-info/SOURCES.txt'
[0.512s] writing manifest file 'builtin_interfaces.egg-info/SOURCES.txt'
[0.539s] [100%] Built target ament_cmake_python_build_builtin_interfaces_egg
[0.552s] Invoked command in '/home/abhay/microros_ws/build/builtin_interfaces' returned '0': CMAKE_PREFIX_PATH=${CMAKE_PREFIX_PATH}:/home/abhay/microros_ws/install/sensor_msgs_py:/home/abhay/ros2_ws/install/py_srvcli:/home/abhay/ros2_ws/install/my_robot_controller:/opt/ros/humble /usr/bin/cmake --build /home/abhay/microros_ws/build/builtin_interfaces -- -j16 -l16
[0.678s] Invoking command in '/home/abhay/microros_ws/build/builtin_interfaces': CMAKE_PREFIX_PATH=${CMAKE_PREFIX_PATH}:/home/abhay/microros_ws/install/sensor_msgs_py:/home/abhay/ros2_ws/install/py_srvcli:/home/abhay/ros2_ws/install/my_robot_controller:/opt/ros/humble /usr/bin/cmake --install /home/abhay/microros_ws/build/builtin_interfaces
[0.687s] -- Install configuration: ""
[0.687s] -- Up-to-date: /home/abhay/microros_ws/install/builtin_interfaces/share/ament_index/resource_index/rosidl_interfaces/builtin_interfaces
[0.687s] -- Up-to-date: /home/abhay/microros_ws/install/builtin_interfaces/include/builtin_interfaces/builtin_interfaces
[0.688s] -- Up-to-date: /home/abhay/microros_ws/install/builtin_interfaces/include/builtin_interfaces/builtin_interfaces/msg
[0.688s] -- Up-to-date: /home/abhay/microros_ws/install/builtin_interfaces/include/builtin_interfaces/builtin_interfaces/msg/rosidl_generator_c__visibility_control.h
[0.688s] -- Up-to-date: /home/abhay/microros_ws/install/builtin_interfaces/include/builtin_interfaces/builtin_interfaces/msg/detail
[0.688s] -- Up-to-date: /home/abhay/microros_ws/install/builtin_interfaces/include/builtin_interfaces/builtin_interfaces/msg/detail/duration__struct.h
[0.688s] -- Up-to-date: /home/abhay/microros_ws/install/builtin_interfaces/include/builtin_interfaces/builtin_interfaces/msg/detail/time__type_support.h
[0.688s] -- Up-to-date: /home/abhay/microros_ws/install/builtin_interfaces/include/builtin_interfaces/builtin_interfaces/msg/detail/duration__functions.c
[0.688s] -- Up-to-date: /home/abhay/microros_ws/install/builtin_interfaces/include/builtin_interfaces/builtin_interfaces/msg/detail/time__functions.c
[0.689s] -- Up-to-date: /home/abhay/microros_ws/install/builtin_interfaces/include/builtin_interfaces/builtin_interfaces/msg/detail/duration__type_support.h
[0.689s] -- Up-to-date: /home/abhay/microros_ws/install/builtin_interfaces/include/builtin_interfaces/builtin_interfaces/msg/detail/duration__functions.h
[0.689s] -- Up-to-date: /home/abhay/microros_ws/install/builtin_interfaces/include/builtin_interfaces/builtin_interfaces/msg/detail/time__struct.h
[0.689s] -- Up-to-date: /home/abhay/microros_ws/install/builtin_interfaces/include/builtin_interfaces/builtin_interfaces/msg/detail/time__functions.h
[0.689s] -- Up-to-date: /home/abhay/microros_ws/install/builtin_interfaces/include/builtin_interfaces/builtin_interfaces/msg/time.h
[0.689s] -- Up-to-date: /home/abhay/microros_ws/install/builtin_interfaces/include/builtin_interfaces/builtin_interfaces/msg/duration.h
[0.690s] -- Up-to-date: /home/abhay/microros_ws/install/builtin_interfaces/share/builtin_interfaces/environment/library_path.sh
[0.690s] -- Up-to-date: /home/abhay/microros_ws/install/builtin_interfaces/share/builtin_interfaces/environment/library_path.dsv
[0.690s] -- Up-to-date: /home/abhay/microros_ws/install/builtin_interfaces/lib/libbuiltin_interfaces__rosidl_generator_c.so
[0.690s] -- Up-to-date: /home/abhay/microros_ws/install/builtin_interfaces/include/builtin_interfaces
[0.690s] -- Up-to-date: /home/abhay/microros_ws/install/builtin_interfaces/include/builtin_interfaces/msg
[0.690s] -- Up-to-date: /home/abhay/microros_ws/install/builtin_interfaces/include/builtin_interfaces/msg/detail
[0.690s] -- Up-to-date: /home/abhay/microros_ws/install/builtin_interfaces/include/builtin_interfaces/msg/detail/microxrcedds
[0.690s] -- Up-to-date: /home/abhay/microros_ws/install/builtin_interfaces/include/builtin_interfaces/msg/detail/time__rosidl_typesupport_microxrcedds_c.h
[0.691s] -- Up-to-date: /home/abhay/microros_ws/install/builtin_interfaces/include/builtin_interfaces/msg/detail/duration__rosidl_typesupport_microxrcedds_c.h
[0.691s] -- Up-to-date: /home/abhay/microros_ws/install/builtin_interfaces/include/builtin_interfaces/msg/rosidl_typesupport_microxrcedds_c__visibility_control.h
[0.691s] -- Up-to-date: /home/abhay/microros_ws/install/builtin_interfaces/lib/libbuiltin_interfaces__rosidl_typesupport_microxrcedds_c.so
[0.691s] -- Up-to-date: /home/abhay/microros_ws/install/builtin_interfaces/include/builtin_interfaces/builtin_interfaces
[0.691s] -- Up-to-date: /home/abhay/microros_ws/install/builtin_interfaces/include/builtin_interfaces/builtin_interfaces/msg
[0.691s] -- Up-to-date: /home/abhay/microros_ws/install/builtin_interfaces/include/builtin_interfaces/builtin_interfaces/msg/detail
[0.691s] -- Up-to-date: /home/abhay/microros_ws/install/builtin_interfaces/include/builtin_interfaces/builtin_interfaces/msg/detail/time__rosidl_typesupport_fastrtps_c.h
[0.691s] -- Up-to-date: /home/abhay/microros_ws/install/builtin_interfaces/include/builtin_interfaces/builtin_interfaces/msg/detail/duration__rosidl_typesupport_fastrtps_c.h
[0.692s] -- Up-to-date: /home/abhay/microros_ws/install/builtin_interfaces/include/builtin_interfaces/builtin_interfaces/msg/rosidl_typesupport_fastrtps_c__visibility_control.h
[0.692s] -- Up-to-date: /home/abhay/microros_ws/install/builtin_interfaces/lib/libbuiltin_interfaces__rosidl_typesupport_fastrtps_c.so
[0.692s] -- Up-to-date: /home/abhay/microros_ws/install/builtin_interfaces/include/builtin_interfaces/builtin_interfaces
[0.692s] -- Up-to-date: /home/abhay/microros_ws/install/builtin_interfaces/include/builtin_interfaces/builtin_interfaces/msg
[0.692s] -- Up-to-date: /home/abhay/microros_ws/install/builtin_interfaces/include/builtin_interfaces/builtin_interfaces/msg/detail
[0.692s] -- Up-to-date: /home/abhay/microros_ws/install/builtin_interfaces/include/builtin_interfaces/builtin_interfaces/msg/detail/time__rosidl_typesupport_introspection_c.h
[0.692s] -- Up-to-date: /home/abhay/microros_ws/install/builtin_interfaces/include/builtin_interfaces/builtin_interfaces/msg/detail/time__type_support.c
[0.692s] -- Up-to-date: /home/abhay/microros_ws/install/builtin_interfaces/include/builtin_interfaces/builtin_interfaces/msg/detail/duration__type_support.c
[0.692s] -- Up-to-date: /home/abhay/microros_ws/install/builtin_interfaces/include/builtin_interfaces/builtin_interfaces/msg/detail/duration__rosidl_typesupport_introspection_c.h
[0.692s] -- Up-to-date: /home/abhay/microros_ws/install/builtin_interfaces/include/builtin_interfaces/builtin_interfaces/msg/rosidl_typesupport_introspection_c__visibility_control.h
[0.693s] -- Up-to-date: /home/abhay/microros_ws/install/builtin_interfaces/lib/libbuiltin_interfaces__rosidl_typesupport_introspection_c.so
[0.693s] -- Up-to-date: /home/abhay/microros_ws/install/builtin_interfaces/lib/libbuiltin_interfaces__rosidl_typesupport_c.so
[0.693s] -- Up-to-date: /home/abhay/microros_ws/install/builtin_interfaces/include/builtin_interfaces/builtin_interfaces
[0.693s] -- Up-to-date: /home/abhay/microros_ws/install/builtin_interfaces/include/builtin_interfaces/builtin_interfaces/msg
[0.693s] -- Up-to-date: /home/abhay/microros_ws/install/builtin_interfaces/include/builtin_interfaces/builtin_interfaces/msg/time.hpp
[0.693s] -- Up-to-date: /home/abhay/microros_ws/install/builtin_interfaces/include/builtin_interfaces/builtin_interfaces/msg/detail
[0.693s] -- Up-to-date: /home/abhay/microros_ws/install/builtin_interfaces/include/builtin_interfaces/builtin_interfaces/msg/detail/duration__builder.hpp
[0.693s] -- Up-to-date: /home/abhay/microros_ws/install/builtin_interfaces/include/builtin_interfaces/builtin_interfaces/msg/detail/duration__struct.hpp
[0.693s] -- Up-to-date: /home/abhay/microros_ws/install/builtin_interfaces/include/builtin_interfaces/builtin_interfaces/msg/detail/time__struct.hpp
[0.693s] -- Up-to-date: /home/abhay/microros_ws/install/builtin_interfaces/include/builtin_interfaces/builtin_interfaces/msg/detail/time__builder.hpp
[0.694s] -- Up-to-date: /home/abhay/microros_ws/install/builtin_interfaces/include/builtin_interfaces/builtin_interfaces/msg/detail/duration__traits.hpp
[0.694s] -- Up-to-date: /home/abhay/microros_ws/install/builtin_interfaces/include/builtin_interfaces/builtin_interfaces/msg/detail/time__traits.hpp
[0.694s] -- Up-to-date: /home/abhay/microros_ws/install/builtin_interfaces/include/builtin_interfaces/builtin_interfaces/msg/duration.hpp
[0.694s] -- Up-to-date: /home/abhay/microros_ws/install/builtin_interfaces/include/builtin_interfaces
[0.694s] -- Up-to-date: /home/abhay/microros_ws/install/builtin_interfaces/include/builtin_interfaces/msg
[0.694s] -- Up-to-date: /home/abhay/microros_ws/install/builtin_interfaces/include/builtin_interfaces/msg/detail
[0.694s] -- Up-to-date: /home/abhay/microros_ws/install/builtin_interfaces/include/builtin_interfaces/msg/detail/time__rosidl_typesupport_microxrcedds_cpp.hpp
[0.694s] -- Up-to-date: /home/abhay/microros_ws/install/builtin_interfaces/include/builtin_interfaces/msg/detail/microxrcedds
[0.694s] -- Up-to-date: /home/abhay/microros_ws/install/builtin_interfaces/include/builtin_interfaces/msg/detail/microxrcedds/time__type_support_cpp.cpp
[0.695s] -- Up-to-date: /home/abhay/microros_ws/install/builtin_interfaces/include/builtin_interfaces/msg/detail/microxrcedds/duration__type_support_cpp.cpp
[0.695s] -- Up-to-date: /home/abhay/microros_ws/install/builtin_interfaces/include/builtin_interfaces/msg/detail/duration__rosidl_typesupport_microxrcedds_cpp.hpp
[0.695s] -- Up-to-date: /home/abhay/microros_ws/install/builtin_interfaces/include/builtin_interfaces/msg/rosidl_typesupport_microxrcedds_cpp__visibility_control.h
[0.695s] -- Up-to-date: /home/abhay/microros_ws/install/builtin_interfaces/lib/libbuiltin_interfaces__rosidl_typesupport_microxrcedds_cpp.so
[0.695s] -- Up-to-date: /home/abhay/microros_ws/install/builtin_interfaces/include/builtin_interfaces/builtin_interfaces
[0.695s] -- Up-to-date: /home/abhay/microros_ws/install/builtin_interfaces/include/builtin_interfaces/builtin_interfaces/msg
[0.695s] -- Up-to-date: /home/abhay/microros_ws/install/builtin_interfaces/include/builtin_interfaces/builtin_interfaces/msg/detail
[0.695s] -- Up-to-date: /home/abhay/microros_ws/install/builtin_interfaces/include/builtin_interfaces/builtin_interfaces/msg/detail/time__rosidl_typesupport_fastrtps_cpp.hpp
[0.696s] -- Up-to-date: /home/abhay/microros_ws/install/builtin_interfaces/include/builtin_interfaces/builtin_interfaces/msg/detail/dds_fastrtps
[0.696s] -- Up-to-date: /home/abhay/microros_ws/install/builtin_interfaces/include/builtin_interfaces/builtin_interfaces/msg/detail/duration__rosidl_typesupport_fastrtps_cpp.hpp
[0.696s] -- Up-to-date: /home/abhay/microros_ws/install/builtin_interfaces/include/builtin_interfaces/builtin_interfaces/msg/rosidl_typesupport_fastrtps_cpp__visibility_control.h
[0.696s] -- Up-to-date: /home/abhay/microros_ws/install/builtin_interfaces/lib/libbuiltin_interfaces__rosidl_typesupport_fastrtps_cpp.so
[0.696s] -- Up-to-date: /home/abhay/microros_ws/install/builtin_interfaces/include/builtin_interfaces/builtin_interfaces
[0.696s] -- Up-to-date: /home/abhay/microros_ws/install/builtin_interfaces/include/builtin_interfaces/builtin_interfaces/msg
[0.696s] -- Up-to-date: /home/abhay/microros_ws/install/builtin_interfaces/include/builtin_interfaces/builtin_interfaces/msg/detail
[0.696s] -- Up-to-date: /home/abhay/microros_ws/install/builtin_interfaces/include/builtin_interfaces/builtin_interfaces/msg/detail/time__type_support.cpp
[0.696s] -- Up-to-date: /home/abhay/microros_ws/install/builtin_interfaces/include/builtin_interfaces/builtin_interfaces/msg/detail/time__rosidl_typesupport_introspection_cpp.hpp
[0.696s] -- Up-to-date: /home/abhay/microros_ws/install/builtin_interfaces/include/builtin_interfaces/builtin_interfaces/msg/detail/duration__rosidl_typesupport_introspection_cpp.hpp
[0.697s] -- Up-to-date: /home/abhay/microros_ws/install/builtin_interfaces/include/builtin_interfaces/builtin_interfaces/msg/detail/duration__type_support.cpp
[0.697s] -- Up-to-date: /home/abhay/microros_ws/install/builtin_interfaces/lib/libbuiltin_interfaces__rosidl_typesupport_introspection_cpp.so
[0.697s] -- Up-to-date: /home/abhay/microros_ws/install/builtin_interfaces/lib/libbuiltin_interfaces__rosidl_typesupport_cpp.so
[0.697s] -- Up-to-date: /home/abhay/microros_ws/install/builtin_interfaces/share/builtin_interfaces/environment/pythonpath.sh
[0.697s] -- Up-to-date: /home/abhay/microros_ws/install/builtin_interfaces/share/builtin_interfaces/environment/pythonpath.dsv
[0.697s] -- Up-to-date: /home/abhay/microros_ws/install/builtin_interfaces/local/lib/python3.10/dist-packages/builtin_interfaces-1.2.1-py3.10.egg-info
[0.697s] -- Installing: /home/abhay/microros_ws/install/builtin_interfaces/local/lib/python3.10/dist-packages/builtin_interfaces-1.2.1-py3.10.egg-info/top_level.txt
[0.697s] -- Installing: /home/abhay/microros_ws/install/builtin_interfaces/local/lib/python3.10/dist-packages/builtin_interfaces-1.2.1-py3.10.egg-info/SOURCES.txt
[0.697s] -- Installing: /home/abhay/microros_ws/install/builtin_interfaces/local/lib/python3.10/dist-packages/builtin_interfaces-1.2.1-py3.10.egg-info/dependency_links.txt
[0.698s] -- Installing: /home/abhay/microros_ws/install/builtin_interfaces/local/lib/python3.10/dist-packages/builtin_interfaces-1.2.1-py3.10.egg-info/PKG-INFO
[0.698s] -- Up-to-date: /home/abhay/microros_ws/install/builtin_interfaces/local/lib/python3.10/dist-packages/builtin_interfaces
[0.698s] -- Up-to-date: /home/abhay/microros_ws/install/builtin_interfaces/local/lib/python3.10/dist-packages/builtin_interfaces/_builtin_interfaces_s.ep.rosidl_typesupport_fastrtps_c.c
[0.698s] -- Up-to-date: /home/abhay/microros_ws/install/builtin_interfaces/local/lib/python3.10/dist-packages/builtin_interfaces/msg
[0.698s] -- Up-to-date: /home/abhay/microros_ws/install/builtin_interfaces/local/lib/python3.10/dist-packages/builtin_interfaces/msg/_time_s.c
[0.698s] -- Up-to-date: /home/abhay/microros_ws/install/builtin_interfaces/local/lib/python3.10/dist-packages/builtin_interfaces/msg/_time.py
[0.698s] -- Up-to-date: /home/abhay/microros_ws/install/builtin_interfaces/local/lib/python3.10/dist-packages/builtin_interfaces/msg/_duration_s.c
[0.698s] -- Up-to-date: /home/abhay/microros_ws/install/builtin_interfaces/local/lib/python3.10/dist-packages/builtin_interfaces/msg/_duration.py
[0.698s] -- Up-to-date: /home/abhay/microros_ws/install/builtin_interfaces/local/lib/python3.10/dist-packages/builtin_interfaces/msg/__init__.py
[0.699s] -- Up-to-date: /home/abhay/microros_ws/install/builtin_interfaces/local/lib/python3.10/dist-packages/builtin_interfaces/builtin_interfaces_s__rosidl_typesupport_introspection_c.cpython-310-x86_64-linux-gnu.so
[0.699s] -- Up-to-date: /home/abhay/microros_ws/install/builtin_interfaces/local/lib/python3.10/dist-packages/builtin_interfaces/builtin_interfaces_s__rosidl_typesupport_microxrcedds_c.cpython-310-x86_64-linux-gnu.so
[0.699s] -- Up-to-date: /home/abhay/microros_ws/install/builtin_interfaces/local/lib/python3.10/dist-packages/builtin_interfaces/builtin_interfaces_s__rosidl_typesupport_c.cpython-310-x86_64-linux-gnu.so
[0.699s] -- Up-to-date: /home/abhay/microros_ws/install/builtin_interfaces/local/lib/python3.10/dist-packages/builtin_interfaces/_builtin_interfaces_s.ep.rosidl_typesupport_introspection_c.c
[0.699s] -- Up-to-date: /home/abhay/microros_ws/install/builtin_interfaces/local/lib/python3.10/dist-packages/builtin_interfaces/builtin_interfaces_s__rosidl_typesupport_fastrtps_c.cpython-310-x86_64-linux-gnu.so
[0.699s] -- Up-to-date: /home/abhay/microros_ws/install/builtin_interfaces/local/lib/python3.10/dist-packages/builtin_interfaces/_builtin_interfaces_s.ep.rosidl_typesupport_microxrcedds_c.c
[0.699s] -- Up-to-date: /home/abhay/microros_ws/install/builtin_interfaces/local/lib/python3.10/dist-packages/builtin_interfaces/libbuiltin_interfaces__rosidl_generator_py.so
[0.700s] -- Up-to-date: /home/abhay/microros_ws/install/builtin_interfaces/local/lib/python3.10/dist-packages/builtin_interfaces/__init__.py
[0.700s] -- Up-to-date: /home/abhay/microros_ws/install/builtin_interfaces/local/lib/python3.10/dist-packages/builtin_interfaces/_builtin_interfaces_s.ep.rosidl_typesupport_c.c
[0.730s] Listing '/home/abhay/microros_ws/install/builtin_interfaces/local/lib/python3.10/dist-packages/builtin_interfaces'...
[0.731s] Listing '/home/abhay/microros_ws/install/builtin_interfaces/local/lib/python3.10/dist-packages/builtin_interfaces/msg'...
[0.733s] -- Up-to-date: /home/abhay/microros_ws/install/builtin_interfaces/local/lib/python3.10/dist-packages/builtin_interfaces/builtin_interfaces_s__rosidl_typesupport_microxrcedds_c.cpython-310-x86_64-linux-gnu.so
[0.734s] -- Up-to-date: /home/abhay/microros_ws/install/builtin_interfaces/local/lib/python3.10/dist-packages/builtin_interfaces/builtin_interfaces_s__rosidl_typesupport_fastrtps_c.cpython-310-x86_64-linux-gnu.so
[0.734s] -- Up-to-date: /home/abhay/microros_ws/install/builtin_interfaces/local/lib/python3.10/dist-packages/builtin_interfaces/builtin_interfaces_s__rosidl_typesupport_introspection_c.cpython-310-x86_64-linux-gnu.so
[0.734s] -- Up-to-date: /home/abhay/microros_ws/install/builtin_interfaces/local/lib/python3.10/dist-packages/builtin_interfaces/builtin_interfaces_s__rosidl_typesupport_c.cpython-310-x86_64-linux-gnu.so
[0.734s] -- Up-to-date: /home/abhay/microros_ws/install/builtin_interfaces/lib/libbuiltin_interfaces__rosidl_generator_py.so
[0.734s] -- Up-to-date: /home/abhay/microros_ws/install/builtin_interfaces/share/builtin_interfaces/msg/Duration.idl
[0.734s] -- Up-to-date: /home/abhay/microros_ws/install/builtin_interfaces/share/builtin_interfaces/msg/Time.idl
[0.734s] -- Up-to-date: /home/abhay/microros_ws/install/builtin_interfaces/share/builtin_interfaces/msg/Duration.msg
[0.734s] -- Up-to-date: /home/abhay/microros_ws/install/builtin_interfaces/share/builtin_interfaces/msg/Time.msg
[0.735s] -- Up-to-date: /home/abhay/microros_ws/install/builtin_interfaces/share/ament_index/resource_index/package_run_dependencies/builtin_interfaces
[0.735s] -- Up-to-date: /home/abhay/microros_ws/install/builtin_interfaces/share/ament_index/resource_index/parent_prefix_path/builtin_interfaces
[0.735s] -- Up-to-date: /home/abhay/microros_ws/install/builtin_interfaces/share/builtin_interfaces/environment/ament_prefix_path.sh
[0.735s] -- Up-to-date: /home/abhay/microros_ws/install/builtin_interfaces/share/builtin_interfaces/environment/ament_prefix_path.dsv
[0.735s] -- Up-to-date: /home/abhay/microros_ws/install/builtin_interfaces/share/builtin_interfaces/environment/path.sh
[0.735s] -- Up-to-date: /home/abhay/microros_ws/install/builtin_interfaces/share/builtin_interfaces/environment/path.dsv
[0.735s] -- Up-to-date: /home/abhay/microros_ws/install/builtin_interfaces/share/builtin_interfaces/local_setup.bash
[0.736s] -- Up-to-date: /home/abhay/microros_ws/install/builtin_interfaces/share/builtin_interfaces/local_setup.sh
[0.736s] -- Up-to-date: /home/abhay/microros_ws/install/builtin_interfaces/share/builtin_interfaces/local_setup.zsh
[0.736s] -- Up-to-date: /home/abhay/microros_ws/install/builtin_interfaces/share/builtin_interfaces/local_setup.dsv
[0.736s] -- Installing: /home/abhay/microros_ws/install/builtin_interfaces/share/builtin_interfaces/package.dsv
[0.736s] -- Up-to-date: /home/abhay/microros_ws/install/builtin_interfaces/share/ament_index/resource_index/packages/builtin_interfaces
[0.736s] -- Up-to-date: /home/abhay/microros_ws/install/builtin_interfaces/share/builtin_interfaces/cmake/export_builtin_interfaces__rosidl_generator_cExport.cmake
[0.736s] -- Up-to-date: /home/abhay/microros_ws/install/builtin_interfaces/share/builtin_interfaces/cmake/export_builtin_interfaces__rosidl_generator_cExport-noconfig.cmake
[0.737s] -- Up-to-date: /home/abhay/microros_ws/install/builtin_interfaces/share/builtin_interfaces/cmake/export_builtin_interfaces__rosidl_typesupport_fastrtps_cExport.cmake
[0.737s] -- Up-to-date: /home/abhay/microros_ws/install/builtin_interfaces/share/builtin_interfaces/cmake/export_builtin_interfaces__rosidl_typesupport_fastrtps_cExport-noconfig.cmake
[0.737s] -- Up-to-date: /home/abhay/microros_ws/install/builtin_interfaces/share/builtin_interfaces/cmake/builtin_interfaces__rosidl_typesupport_introspection_cExport.cmake
[0.737s] -- Up-to-date: /home/abhay/microros_ws/install/builtin_interfaces/share/builtin_interfaces/cmake/builtin_interfaces__rosidl_typesupport_introspection_cExport-noconfig.cmake
[0.737s] -- Up-to-date: /home/abhay/microros_ws/install/builtin_interfaces/share/builtin_interfaces/cmake/builtin_interfaces__rosidl_typesupport_cExport.cmake
[0.738s] -- Up-to-date: /home/abhay/microros_ws/install/builtin_interfaces/share/builtin_interfaces/cmake/builtin_interfaces__rosidl_typesupport_cExport-noconfig.cmake
[0.738s] -- Up-to-date: /home/abhay/microros_ws/install/builtin_interfaces/share/builtin_interfaces/cmake/export_builtin_interfaces__rosidl_generator_cppExport.cmake
[0.738s] -- Up-to-date: /home/abhay/microros_ws/install/builtin_interfaces/share/builtin_interfaces/cmake/export_builtin_interfaces__rosidl_typesupport_fastrtps_cppExport.cmake
[0.738s] -- Up-to-date: /home/abhay/microros_ws/install/builtin_interfaces/share/builtin_interfaces/cmake/export_builtin_interfaces__rosidl_typesupport_fastrtps_cppExport-noconfig.cmake
[0.738s] -- Up-to-date: /home/abhay/microros_ws/install/builtin_interfaces/share/builtin_interfaces/cmake/builtin_interfaces__rosidl_typesupport_introspection_cppExport.cmake
[0.738s] -- Up-to-date: /home/abhay/microros_ws/install/builtin_interfaces/share/builtin_interfaces/cmake/builtin_interfaces__rosidl_typesupport_introspection_cppExport-noconfig.cmake
[0.738s] -- Up-to-date: /home/abhay/microros_ws/install/builtin_interfaces/share/builtin_interfaces/cmake/builtin_interfaces__rosidl_typesupport_cppExport.cmake
[0.738s] -- Up-to-date: /home/abhay/microros_ws/install/builtin_interfaces/share/builtin_interfaces/cmake/builtin_interfaces__rosidl_typesupport_cppExport-noconfig.cmake
[0.739s] -- Up-to-date: /home/abhay/microros_ws/install/builtin_interfaces/share/builtin_interfaces/cmake/export_builtin_interfaces__rosidl_generator_pyExport.cmake
[0.739s] -- Up-to-date: /home/abhay/microros_ws/install/builtin_interfaces/share/builtin_interfaces/cmake/export_builtin_interfaces__rosidl_generator_pyExport-noconfig.cmake
[0.739s] -- Up-to-date: /home/abhay/microros_ws/install/builtin_interfaces/share/builtin_interfaces/cmake/rosidl_cmake-extras.cmake
[0.739s] -- Up-to-date: /home/abhay/microros_ws/install/builtin_interfaces/share/builtin_interfaces/cmake/ament_cmake_export_include_directories-extras.cmake
[0.739s] -- Up-to-date: /home/abhay/microros_ws/install/builtin_interfaces/share/builtin_interfaces/cmake/ament_cmake_export_libraries-extras.cmake
[0.739s] -- Up-to-date: /home/abhay/microros_ws/install/builtin_interfaces/share/builtin_interfaces/cmake/ament_cmake_export_targets-extras.cmake
[0.739s] -- Up-to-date: /home/abhay/microros_ws/install/builtin_interfaces/share/builtin_interfaces/cmake/rosidl_cmake_export_typesupport_targets-extras.cmake
[0.740s] -- Up-to-date: /home/abhay/microros_ws/install/builtin_interfaces/share/builtin_interfaces/cmake/ament_cmake_export_dependencies-extras.cmake
[0.740s] -- Up-to-date: /home/abhay/microros_ws/install/builtin_interfaces/share/builtin_interfaces/cmake/rosidl_cmake_export_typesupport_libraries-extras.cmake
[0.740s] -- Up-to-date: /home/abhay/microros_ws/install/builtin_interfaces/share/builtin_interfaces/cmake/builtin_interfacesConfig.cmake
[0.740s] -- Up-to-date: /home/abhay/microros_ws/install/builtin_interfaces/share/builtin_interfaces/cmake/builtin_interfacesConfig-version.cmake
[0.740s] -- Up-to-date: /home/abhay/microros_ws/install/builtin_interfaces/share/builtin_interfaces/package.xml
[0.740s] Invoked command in '/home/abhay/microros_ws/build/builtin_interfaces' returned '0': CMAKE_PREFIX_PATH=${CMAKE_PREFIX_PATH}:/home/abhay/microros_ws/install/sensor_msgs_py:/home/abhay/ros2_ws/install/py_srvcli:/home/abhay/ros2_ws/install/my_robot_controller:/opt/ros/humble /usr/bin/cmake --install /home/abhay/microros_ws/build/builtin_interfaces
