[0.134s] Invoking command in '/home/abhay/microros_ws/build/statistics_msgs': AMENT_PREFIX_PATH=/home/abhay/microros_ws/install/builtin_interfaces:${AMENT_PREFIX_PATH} CMAKE_PREFIX_PATH=/home/abhay/microros_ws/install/builtin_interfaces:/home/abhay/microros_ws/install/rosidl_typesupport_microxrcedds_cpp:/home/abhay/microros_ws/install/rosidl_typesupport_microxrcedds_c:/home/abhay/microros_ws/install/microcdr:/home/abhay/microros_ws/install/micro_ros_setup:/home/abhay/ros2_ws/install/py_srvcli:/home/abhay/ros2_ws/install/my_robot_controller:/opt/ros/humble LD_LIBRARY_PATH=/home/abhay/microros_ws/install/builtin_interfaces/lib:${LD_LIBRARY_PATH} PYTHONPATH=/home/abhay/microros_ws/install/builtin_interfaces/local/lib/python3.10/dist-packages:${PYTHONPATH} /usr/bin/cmake /home/abhay/microros_ws/src/ros2/rcl_interfaces/statistics_msgs -DBUILD_TESTING=OFF -DBUILD_SHARED_LIBS=ON -DCMAKE_INSTALL_PREFIX=/home/abhay/microros_ws/install/statistics_msgs
[0.314s] -- The C compiler identification is GNU 11.4.0
[0.411s] -- The CXX compiler identification is GNU 11.4.0
[0.422s] -- Detecting C compiler ABI info
[0.526s] -- Detecting C compiler ABI info - done
[0.540s] -- Check for working C compiler: /usr/bin/cc - skipped
[0.540s] -- Detecting C compile features
[0.541s] -- Detecting C compile features - done
[0.543s] -- Detecting CXX compiler ABI info
[0.655s] -- Detecting CXX compiler ABI info - done
[0.666s] -- Check for working CXX compiler: /usr/bin/c++ - skipped
[0.667s] -- Detecting CXX compile features
[0.668s] -- Detecting CXX compile features - done
[0.672s] -- Found ament_cmake: 1.3.8 (/opt/ros/humble/share/ament_cmake/cmake)
[0.904s] -- Found Python3: /usr/bin/python3 (found version "3.10.12") found components: Interpreter 
[0.981s] -- Found builtin_interfaces: 1.2.1 (/home/abhay/microros_ws/install/builtin_interfaces/share/builtin_interfaces/cmake)
[1.008s] -- Found rosidl_generator_c: 3.1.5 (/opt/ros/humble/share/rosidl_generator_c/cmake)
[1.012s] -- Found rosidl_adapter: 3.1.5 (/opt/ros/humble/share/rosidl_adapter/cmake)
[1.018s] -- Found rosidl_generator_cpp: 3.1.5 (/opt/ros/humble/share/rosidl_generator_cpp/cmake)
[1.029s] -- Using all available rosidl_typesupport_c: rosidl_typesupport_microxrcedds_c;rosidl_typesupport_fastrtps_c;rosidl_typesupport_introspection_c
[1.048s] -- Using all available rosidl_typesupport_cpp: rosidl_typesupport_microxrcedds_cpp;rosidl_typesupport_fastrtps_cpp;rosidl_typesupport_introspection_cpp
[1.066s] -- Found rosidl_default_generators: 1.2.0 (/opt/ros/humble/share/rosidl_default_generators/cmake)
[1.368s] -- Found ament_cmake_ros: 0.10.0 (/opt/ros/humble/share/ament_cmake_ros/cmake)
[1.872s] -- Using all available rosidl_typesupport_c: rosidl_typesupport_microxrcedds_c;rosidl_typesupport_fastrtps_c;rosidl_typesupport_introspection_c
[2.101s] -- Using all available rosidl_typesupport_cpp: rosidl_typesupport_microxrcedds_cpp;rosidl_typesupport_fastrtps_cpp;rosidl_typesupport_introspection_cpp
[2.130s] -- Found PythonInterp: /usr/bin/python3 (found suitable version "3.10.12", minimum required is "3.6") 
[2.132s] -- Found python_cmake_module: 0.10.0 (/opt/ros/humble/share/python_cmake_module/cmake)
[2.163s] -- Found PythonLibs: /usr/lib/x86_64-linux-gnu/libpython3.10.so (found suitable version "3.10.12", minimum required is "3.5") 
[2.164s] -- Using PYTHON_EXECUTABLE: /usr/bin/python3
[2.164s] -- Using PYTHON_INCLUDE_DIRS: /usr/include/python3.10
[2.164s] -- Using PYTHON_LIBRARIES: /usr/lib/x86_64-linux-gnu/libpython3.10.so
[2.193s] -- Found PythonExtra: .so  
[2.243s] -- Configuring done
[2.275s] -- Generating done
[2.277s] -- Build files have been written to: /home/abhay/microros_ws/build/statistics_msgs
[2.282s] Invoked command in '/home/abhay/microros_ws/build/statistics_msgs' returned '0': AMENT_PREFIX_PATH=/home/abhay/microros_ws/install/builtin_interfaces:${AMENT_PREFIX_PATH} CMAKE_PREFIX_PATH=/home/abhay/microros_ws/install/builtin_interfaces:/home/abhay/microros_ws/install/rosidl_typesupport_microxrcedds_cpp:/home/abhay/microros_ws/install/rosidl_typesupport_microxrcedds_c:/home/abhay/microros_ws/install/microcdr:/home/abhay/microros_ws/install/micro_ros_setup:/home/abhay/ros2_ws/install/py_srvcli:/home/abhay/ros2_ws/install/my_robot_controller:/opt/ros/humble LD_LIBRARY_PATH=/home/abhay/microros_ws/install/builtin_interfaces/lib:${LD_LIBRARY_PATH} PYTHONPATH=/home/abhay/microros_ws/install/builtin_interfaces/local/lib/python3.10/dist-packages:${PYTHONPATH} /usr/bin/cmake /home/abhay/microros_ws/src/ros2/rcl_interfaces/statistics_msgs -DBUILD_TESTING=OFF -DBUILD_SHARED_LIBS=ON -DCMAKE_INSTALL_PREFIX=/home/abhay/microros_ws/install/statistics_msgs
[2.285s] Invoking command in '/home/abhay/microros_ws/build/statistics_msgs': AMENT_PREFIX_PATH=/home/abhay/microros_ws/install/builtin_interfaces:${AMENT_PREFIX_PATH} CMAKE_PREFIX_PATH=/home/abhay/microros_ws/install/builtin_interfaces:/home/abhay/microros_ws/install/rosidl_typesupport_microxrcedds_cpp:/home/abhay/microros_ws/install/rosidl_typesupport_microxrcedds_c:/home/abhay/microros_ws/install/microcdr:/home/abhay/microros_ws/install/micro_ros_setup:/home/abhay/ros2_ws/install/py_srvcli:/home/abhay/ros2_ws/install/my_robot_controller:/opt/ros/humble LD_LIBRARY_PATH=/home/abhay/microros_ws/install/builtin_interfaces/lib:${LD_LIBRARY_PATH} PYTHONPATH=/home/abhay/microros_ws/install/builtin_interfaces/local/lib/python3.10/dist-packages:${PYTHONPATH} /usr/bin/cmake --build /home/abhay/microros_ws/build/statistics_msgs -- -j16 -l16
[2.320s] [  1%] [34m[1mGenerating C code for ROS interfaces[0m
[2.326s] [  3%] [34m[1mGenerating C++ code for ROS interfaces[0m
[2.334s] [  3%] Built target ament_cmake_python_copy_statistics_msgs
[2.706s] running egg_info
[2.707s] creating statistics_msgs.egg-info
[2.707s] writing statistics_msgs.egg-info/PKG-INFO
[2.708s] writing dependency_links to statistics_msgs.egg-info/dependency_links.txt
[2.708s] writing top-level names to statistics_msgs.egg-info/top_level.txt
[2.709s] writing manifest file 'statistics_msgs.egg-info/SOURCES.txt'
[2.711s] reading manifest file 'statistics_msgs.egg-info/SOURCES.txt'
[2.712s] writing manifest file 'statistics_msgs.egg-info/SOURCES.txt'
[2.753s] [  3%] Built target ament_cmake_python_build_statistics_msgs_egg
[3.328s] [  3%] Built target statistics_msgs__cpp
[3.400s] [  5%] [34m[1mGenerating C++ type support dispatch for ROS interfaces[0m
[3.416s] [  6%] [34m[1mGenerating C++ type support for eProsima Micro XRCE-DDS[0m
[3.420s] [ 10%] [34m[1mGenerating C++ type support for eProsima Fast-RTPS[0m
[3.420s] [ 10%] [34m[1mGenerating C++ introspection for ROS interfaces[0m
[3.515s] [ 11%] [32mBuilding C object CMakeFiles/statistics_msgs__rosidl_generator_c.dir/rosidl_generator_c/statistics_msgs/msg/detail/metrics_message__functions.c.o[0m
[3.524s] [ 13%] [32mBuilding C object CMakeFiles/statistics_msgs__rosidl_generator_c.dir/rosidl_generator_c/statistics_msgs/msg/detail/statistic_data_point__functions.c.o[0m
[3.541s] [ 15%] [32mBuilding C object CMakeFiles/statistics_msgs__rosidl_generator_c.dir/rosidl_generator_c/statistics_msgs/msg/detail/statistic_data_type__functions.c.o[0m
[3.730s] [ 16%] [32m[1mLinking C shared library libstatistics_msgs__rosidl_generator_c.so[0m
[3.931s] [ 16%] Built target statistics_msgs__rosidl_generator_c
[4.003s] [ 18%] [34m[1mGenerating C type support for eProsima Fast-RTPS[0m
[4.013s] [ 20%] [34m[1mGenerating C type support for eProsima Micro XRCE-DDS[0m
[4.016s] [ 22%] [34m[1mGenerating C introspection for ROS interfaces[0m
[4.025s] [ 23%] [34m[1mGenerating C type support dispatch for ROS interfaces[0m
[4.992s] [ 25%] [32mBuilding CXX object CMakeFiles/statistics_msgs__rosidl_typesupport_cpp.dir/rosidl_typesupport_cpp/statistics_msgs/msg/statistic_data_point__type_support.cpp.o[0m
[4.993s] [ 27%] [32mBuilding CXX object CMakeFiles/statistics_msgs__rosidl_typesupport_cpp.dir/rosidl_typesupport_cpp/statistics_msgs/msg/metrics_message__type_support.cpp.o[0m
[5.025s] [ 28%] [32mBuilding CXX object CMakeFiles/statistics_msgs__rosidl_typesupport_introspection_cpp.dir/rosidl_typesupport_introspection_cpp/statistics_msgs/msg/detail/metrics_message__type_support.cpp.o[0m
[5.033s] [ 30%] [32mBuilding CXX object CMakeFiles/statistics_msgs__rosidl_typesupport_introspection_cpp.dir/rosidl_typesupport_introspection_cpp/statistics_msgs/msg/detail/statistic_data_point__type_support.cpp.o[0m
[5.039s] [ 32%] [32mBuilding CXX object CMakeFiles/statistics_msgs__rosidl_typesupport_cpp.dir/rosidl_typesupport_cpp/statistics_msgs/msg/statistic_data_type__type_support.cpp.o[0m
[5.061s] [ 33%] [32mBuilding CXX object CMakeFiles/statistics_msgs__rosidl_typesupport_introspection_cpp.dir/rosidl_typesupport_introspection_cpp/statistics_msgs/msg/detail/statistic_data_type__type_support.cpp.o[0m
[5.078s] [ 35%] [32mBuilding CXX object CMakeFiles/statistics_msgs__rosidl_typesupport_microxrcedds_cpp.dir/rosidl_typesupport_microxrcedds_cpp/statistics_msgs/msg/detail/microxrcedds/metrics_message__type_support_cpp.cpp.o[0m
[5.109s] [ 37%] [32mBuilding CXX object CMakeFiles/statistics_msgs__rosidl_typesupport_microxrcedds_cpp.dir/rosidl_typesupport_microxrcedds_cpp/statistics_msgs/msg/detail/microxrcedds/statistic_data_point__type_support_cpp.cpp.o[0m
[5.134s] [ 38%] [32mBuilding CXX object CMakeFiles/statistics_msgs__rosidl_typesupport_microxrcedds_cpp.dir/rosidl_typesupport_microxrcedds_cpp/statistics_msgs/msg/detail/microxrcedds/statistic_data_type__type_support_cpp.cpp.o[0m
[5.450s] [ 40%] [32mBuilding CXX object CMakeFiles/statistics_msgs__rosidl_typesupport_fastrtps_cpp.dir/rosidl_typesupport_fastrtps_cpp/statistics_msgs/msg/detail/dds_fastrtps/metrics_message__type_support.cpp.o[0m
[5.465s] [ 42%] [32mBuilding CXX object CMakeFiles/statistics_msgs__rosidl_typesupport_fastrtps_cpp.dir/rosidl_typesupport_fastrtps_cpp/statistics_msgs/msg/detail/dds_fastrtps/statistic_data_point__type_support.cpp.o[0m
[5.483s] [ 44%] [32mBuilding CXX object CMakeFiles/statistics_msgs__rosidl_typesupport_fastrtps_cpp.dir/rosidl_typesupport_fastrtps_cpp/statistics_msgs/msg/detail/dds_fastrtps/statistic_data_type__type_support.cpp.o[0m
[5.553s] [ 45%] [32mBuilding CXX object CMakeFiles/statistics_msgs__rosidl_typesupport_fastrtps_c.dir/rosidl_typesupport_fastrtps_c/statistics_msgs/msg/detail/metrics_message__type_support_c.cpp.o[0m
[5.620s] [ 47%] [32mBuilding CXX object CMakeFiles/statistics_msgs__rosidl_typesupport_fastrtps_c.dir/rosidl_typesupport_fastrtps_c/statistics_msgs/msg/detail/statistic_data_point__type_support_c.cpp.o[0m
[5.689s] [ 49%] [32mBuilding CXX object CMakeFiles/statistics_msgs__rosidl_typesupport_fastrtps_c.dir/rosidl_typesupport_fastrtps_c/statistics_msgs/msg/detail/statistic_data_type__type_support_c.cpp.o[0m
[5.921s] [ 50%] [32mBuilding C object CMakeFiles/statistics_msgs__rosidl_typesupport_microxrcedds_c.dir/rosidl_typesupport_microxrcedds_c/statistics_msgs/msg/detail/microxrcedds/metrics_message__type_support_c.c.o[0m
[5.964s] [ 52%] [32mBuilding C object CMakeFiles/statistics_msgs__rosidl_typesupport_microxrcedds_c.dir/rosidl_typesupport_microxrcedds_c/statistics_msgs/msg/detail/microxrcedds/statistic_data_point__type_support_c.c.o[0m
[5.993s] [ 54%] [32m[1mLinking CXX shared library libstatistics_msgs__rosidl_typesupport_cpp.so[0m
[6.014s] [ 55%] [32mBuilding CXX object CMakeFiles/statistics_msgs__rosidl_typesupport_c.dir/rosidl_typesupport_c/statistics_msgs/msg/metrics_message__type_support.cpp.o[0m
[6.187s] [ 57%] [32mBuilding C object CMakeFiles/statistics_msgs__rosidl_typesupport_introspection_c.dir/rosidl_typesupport_introspection_c/statistics_msgs/msg/detail/metrics_message__type_support.c.o[0m
[6.235s] [ 59%] [32mBuilding CXX object CMakeFiles/statistics_msgs__rosidl_typesupport_c.dir/rosidl_typesupport_c/statistics_msgs/msg/statistic_data_point__type_support.cpp.o[0m
[6.235s] [ 61%] [32mBuilding C object CMakeFiles/statistics_msgs__rosidl_typesupport_introspection_c.dir/rosidl_typesupport_introspection_c/statistics_msgs/msg/detail/statistic_data_point__type_support.c.o[0m
[6.243s] [ 62%] [32mBuilding C object CMakeFiles/statistics_msgs__rosidl_typesupport_microxrcedds_c.dir/rosidl_typesupport_microxrcedds_c/statistics_msgs/msg/detail/microxrcedds/statistic_data_type__type_support_c.c.o[0m
[6.255s] [ 62%] Built target statistics_msgs__rosidl_typesupport_cpp
[6.276s] [ 64%] [32mBuilding C object CMakeFiles/statistics_msgs__rosidl_typesupport_introspection_c.dir/rosidl_typesupport_introspection_c/statistics_msgs/msg/detail/statistic_data_type__type_support.c.o[0m
[6.295s] [ 66%] [32mBuilding CXX object CMakeFiles/statistics_msgs__rosidl_typesupport_c.dir/rosidl_typesupport_c/statistics_msgs/msg/statistic_data_type__type_support.cpp.o[0m
[6.331s] [ 67%] [32m[1mLinking CXX shared library libstatistics_msgs__rosidl_typesupport_microxrcedds_cpp.so[0m
[6.421s] [ 69%] [32m[1mLinking C shared library libstatistics_msgs__rosidl_typesupport_microxrcedds_c.so[0m
[6.428s] [ 71%] [32m[1mLinking C shared library libstatistics_msgs__rosidl_typesupport_introspection_c.so[0m
[6.442s] [ 72%] [32m[1mLinking CXX shared library libstatistics_msgs__rosidl_typesupport_c.so[0m
[6.603s] [ 72%] Built target statistics_msgs__rosidl_typesupport_introspection_c
[6.603s] [ 72%] Built target statistics_msgs__rosidl_typesupport_c
[6.606s] [ 72%] Built target statistics_msgs__rosidl_typesupport_microxrcedds_cpp
[6.662s] [ 72%] Built target statistics_msgs__rosidl_typesupport_microxrcedds_c
[6.716s] [ 74%] [32m[1mLinking CXX shared library libstatistics_msgs__rosidl_typesupport_fastrtps_c.so[0m
[6.749s] [ 76%] [32m[1mLinking CXX shared library libstatistics_msgs__rosidl_typesupport_introspection_cpp.so[0m
[6.956s] [ 76%] Built target statistics_msgs__rosidl_typesupport_fastrtps_c
[7.052s] [ 76%] Built target statistics_msgs__rosidl_typesupport_introspection_cpp
[7.052s] [ 77%] [32m[1mLinking CXX shared library libstatistics_msgs__rosidl_typesupport_fastrtps_cpp.so[0m
[7.205s] [ 77%] Built target statistics_msgs__rosidl_typesupport_fastrtps_cpp
[7.230s] [ 77%] Built target statistics_msgs
[7.257s] [ 79%] [34m[1mGenerating Python code for ROS interfaces[0m
[8.542s] [ 79%] Built target statistics_msgs__py
[8.568s] [ 81%] [32mBuilding C object CMakeFiles/statistics_msgs__rosidl_generator_py.dir/rosidl_generator_py/statistics_msgs/msg/_metrics_message_s.c.o[0m
[8.576s] [ 83%] [32mBuilding C object CMakeFiles/statistics_msgs__rosidl_generator_py.dir/rosidl_generator_py/statistics_msgs/msg/_statistic_data_point_s.c.o[0m
[8.578s] [ 84%] [32mBuilding C object CMakeFiles/statistics_msgs__rosidl_generator_py.dir/rosidl_generator_py/statistics_msgs/msg/_statistic_data_type_s.c.o[0m
[8.828s] [ 86%] [32m[1mLinking C shared library rosidl_generator_py/statistics_msgs/libstatistics_msgs__rosidl_generator_py.so[0m
[8.880s] [ 86%] Built target statistics_msgs__rosidl_generator_py
[8.967s] [ 88%] [32mBuilding C object CMakeFiles/statistics_msgs__rosidl_typesupport_microxrcedds_c__pyext.dir/rosidl_generator_py/statistics_msgs/_statistics_msgs_s.ep.rosidl_typesupport_microxrcedds_c.c.o[0m
[8.971s] [ 89%] [32mBuilding C object CMakeFiles/statistics_msgs__rosidl_typesupport_fastrtps_c__pyext.dir/rosidl_generator_py/statistics_msgs/_statistics_msgs_s.ep.rosidl_typesupport_fastrtps_c.c.o[0m
[8.987s] [ 91%] [32mBuilding C object CMakeFiles/statistics_msgs__rosidl_typesupport_c__pyext.dir/rosidl_generator_py/statistics_msgs/_statistics_msgs_s.ep.rosidl_typesupport_c.c.o[0m
[9.035s] [ 93%] [32mBuilding C object CMakeFiles/statistics_msgs__rosidl_typesupport_introspection_c__pyext.dir/rosidl_generator_py/statistics_msgs/_statistics_msgs_s.ep.rosidl_typesupport_introspection_c.c.o[0m
[9.172s] [ 94%] [32m[1mLinking C shared library rosidl_generator_py/statistics_msgs/statistics_msgs_s__rosidl_typesupport_microxrcedds_c.cpython-310-x86_64-linux-gnu.so[0m
[9.251s] [ 98%] [32m[1mLinking C shared library rosidl_generator_py/statistics_msgs/statistics_msgs_s__rosidl_typesupport_introspection_c.cpython-310-x86_64-linux-gnu.so[0m
[9.266s] [ 98%] [32m[1mLinking C shared library rosidl_generator_py/statistics_msgs/statistics_msgs_s__rosidl_typesupport_c.cpython-310-x86_64-linux-gnu.so[0m
[9.271s] [100%] [32m[1mLinking C shared library rosidl_generator_py/statistics_msgs/statistics_msgs_s__rosidl_typesupport_fastrtps_c.cpython-310-x86_64-linux-gnu.so[0m
[9.275s] [100%] Built target statistics_msgs__rosidl_typesupport_microxrcedds_c__pyext
[9.325s] [100%] Built target statistics_msgs__rosidl_typesupport_introspection_c__pyext
[9.370s] [100%] Built target statistics_msgs__rosidl_typesupport_c__pyext
[9.391s] [100%] Built target statistics_msgs__rosidl_typesupport_fastrtps_c__pyext
[9.421s] Invoked command in '/home/abhay/microros_ws/build/statistics_msgs' returned '0': AMENT_PREFIX_PATH=/home/abhay/microros_ws/install/builtin_interfaces:${AMENT_PREFIX_PATH} CMAKE_PREFIX_PATH=/home/abhay/microros_ws/install/builtin_interfaces:/home/abhay/microros_ws/install/rosidl_typesupport_microxrcedds_cpp:/home/abhay/microros_ws/install/rosidl_typesupport_microxrcedds_c:/home/abhay/microros_ws/install/microcdr:/home/abhay/microros_ws/install/micro_ros_setup:/home/abhay/ros2_ws/install/py_srvcli:/home/abhay/ros2_ws/install/my_robot_controller:/opt/ros/humble LD_LIBRARY_PATH=/home/abhay/microros_ws/install/builtin_interfaces/lib:${LD_LIBRARY_PATH} PYTHONPATH=/home/abhay/microros_ws/install/builtin_interfaces/local/lib/python3.10/dist-packages:${PYTHONPATH} /usr/bin/cmake --build /home/abhay/microros_ws/build/statistics_msgs -- -j16 -l16
[9.654s] Invoking command in '/home/abhay/microros_ws/build/statistics_msgs': AMENT_PREFIX_PATH=/home/abhay/microros_ws/install/builtin_interfaces:${AMENT_PREFIX_PATH} CMAKE_PREFIX_PATH=/home/abhay/microros_ws/install/builtin_interfaces:/home/abhay/microros_ws/install/rosidl_typesupport_microxrcedds_cpp:/home/abhay/microros_ws/install/rosidl_typesupport_microxrcedds_c:/home/abhay/microros_ws/install/microcdr:/home/abhay/microros_ws/install/micro_ros_setup:/home/abhay/ros2_ws/install/py_srvcli:/home/abhay/ros2_ws/install/my_robot_controller:/opt/ros/humble LD_LIBRARY_PATH=/home/abhay/microros_ws/install/builtin_interfaces/lib:${LD_LIBRARY_PATH} PYTHONPATH=/home/abhay/microros_ws/install/builtin_interfaces/local/lib/python3.10/dist-packages:${PYTHONPATH} /usr/bin/cmake --install /home/abhay/microros_ws/build/statistics_msgs
[9.664s] -- Install configuration: ""
[9.665s] -- Installing: /home/abhay/microros_ws/install/statistics_msgs/share/ament_index/resource_index/rosidl_interfaces/statistics_msgs
[9.665s] -- Installing: /home/abhay/microros_ws/install/statistics_msgs/include/statistics_msgs/statistics_msgs
[9.666s] -- Installing: /home/abhay/microros_ws/install/statistics_msgs/include/statistics_msgs/statistics_msgs/msg
[9.666s] -- Installing: /home/abhay/microros_ws/install/statistics_msgs/include/statistics_msgs/statistics_msgs/msg/statistic_data_point.h
[9.666s] -- Installing: /home/abhay/microros_ws/install/statistics_msgs/include/statistics_msgs/statistics_msgs/msg/rosidl_generator_c__visibility_control.h
[9.666s] -- Installing: /home/abhay/microros_ws/install/statistics_msgs/include/statistics_msgs/statistics_msgs/msg/detail
[9.667s] -- Installing: /home/abhay/microros_ws/install/statistics_msgs/include/statistics_msgs/statistics_msgs/msg/detail/metrics_message__functions.c
[9.667s] -- Installing: /home/abhay/microros_ws/install/statistics_msgs/include/statistics_msgs/statistics_msgs/msg/detail/statistic_data_type__functions.h
[9.667s] -- Installing: /home/abhay/microros_ws/install/statistics_msgs/include/statistics_msgs/statistics_msgs/msg/detail/statistic_data_point__functions.c
[9.667s] -- Installing: /home/abhay/microros_ws/install/statistics_msgs/include/statistics_msgs/statistics_msgs/msg/detail/statistic_data_type__type_support.h
[9.668s] -- Installing: /home/abhay/microros_ws/install/statistics_msgs/include/statistics_msgs/statistics_msgs/msg/detail/statistic_data_type__functions.c
[9.668s] -- Installing: /home/abhay/microros_ws/install/statistics_msgs/include/statistics_msgs/statistics_msgs/msg/detail/metrics_message__struct.h
[9.668s] -- Installing: /home/abhay/microros_ws/install/statistics_msgs/include/statistics_msgs/statistics_msgs/msg/detail/statistic_data_point__functions.h
[9.668s] -- Installing: /home/abhay/microros_ws/install/statistics_msgs/include/statistics_msgs/statistics_msgs/msg/detail/statistic_data_type__struct.h
[9.669s] -- Installing: /home/abhay/microros_ws/install/statistics_msgs/include/statistics_msgs/statistics_msgs/msg/detail/statistic_data_point__type_support.h
[9.669s] -- Installing: /home/abhay/microros_ws/install/statistics_msgs/include/statistics_msgs/statistics_msgs/msg/detail/statistic_data_point__struct.h
[9.669s] -- Installing: /home/abhay/microros_ws/install/statistics_msgs/include/statistics_msgs/statistics_msgs/msg/detail/metrics_message__functions.h
[9.669s] -- Installing: /home/abhay/microros_ws/install/statistics_msgs/include/statistics_msgs/statistics_msgs/msg/detail/metrics_message__type_support.h
[9.670s] -- Installing: /home/abhay/microros_ws/install/statistics_msgs/include/statistics_msgs/statistics_msgs/msg/statistic_data_type.h
[9.670s] -- Installing: /home/abhay/microros_ws/install/statistics_msgs/include/statistics_msgs/statistics_msgs/msg/metrics_message.h
[9.670s] -- Installing: /home/abhay/microros_ws/install/statistics_msgs/share/statistics_msgs/environment/library_path.sh
[9.671s] -- Installing: /home/abhay/microros_ws/install/statistics_msgs/share/statistics_msgs/environment/library_path.dsv
[9.671s] -- Installing: /home/abhay/microros_ws/install/statistics_msgs/lib/libstatistics_msgs__rosidl_generator_c.so
[9.672s] -- Set runtime path of "/home/abhay/microros_ws/install/statistics_msgs/lib/libstatistics_msgs__rosidl_generator_c.so" to ""
[9.672s] -- Up-to-date: /home/abhay/microros_ws/install/statistics_msgs/include/statistics_msgs/statistics_msgs
[9.672s] -- Up-to-date: /home/abhay/microros_ws/install/statistics_msgs/include/statistics_msgs/statistics_msgs/msg
[9.672s] -- Up-to-date: /home/abhay/microros_ws/install/statistics_msgs/include/statistics_msgs/statistics_msgs/msg/detail
[9.672s] -- Installing: /home/abhay/microros_ws/install/statistics_msgs/include/statistics_msgs/statistics_msgs/msg/detail/metrics_message__rosidl_typesupport_fastrtps_c.h
[9.673s] -- Installing: /home/abhay/microros_ws/install/statistics_msgs/include/statistics_msgs/statistics_msgs/msg/detail/statistic_data_point__rosidl_typesupport_fastrtps_c.h
[9.673s] -- Installing: /home/abhay/microros_ws/install/statistics_msgs/include/statistics_msgs/statistics_msgs/msg/detail/statistic_data_type__rosidl_typesupport_fastrtps_c.h
[9.673s] -- Installing: /home/abhay/microros_ws/install/statistics_msgs/include/statistics_msgs/statistics_msgs/msg/rosidl_typesupport_fastrtps_c__visibility_control.h
[9.674s] -- Installing: /home/abhay/microros_ws/install/statistics_msgs/lib/libstatistics_msgs__rosidl_typesupport_fastrtps_c.so
[9.674s] -- Set runtime path of "/home/abhay/microros_ws/install/statistics_msgs/lib/libstatistics_msgs__rosidl_typesupport_fastrtps_c.so" to ""
[9.674s] -- Up-to-date: /home/abhay/microros_ws/install/statistics_msgs/include/statistics_msgs/statistics_msgs
[9.674s] -- Up-to-date: /home/abhay/microros_ws/install/statistics_msgs/include/statistics_msgs/statistics_msgs/msg
[9.675s] -- Up-to-date: /home/abhay/microros_ws/install/statistics_msgs/include/statistics_msgs/statistics_msgs/msg/detail
[9.675s] -- Installing: /home/abhay/microros_ws/install/statistics_msgs/include/statistics_msgs/statistics_msgs/msg/detail/statistic_data_point__builder.hpp
[9.675s] -- Installing: /home/abhay/microros_ws/install/statistics_msgs/include/statistics_msgs/statistics_msgs/msg/detail/metrics_message__builder.hpp
[9.675s] -- Installing: /home/abhay/microros_ws/install/statistics_msgs/include/statistics_msgs/statistics_msgs/msg/detail/metrics_message__traits.hpp
[9.676s] -- Installing: /home/abhay/microros_ws/install/statistics_msgs/include/statistics_msgs/statistics_msgs/msg/detail/statistic_data_type__builder.hpp
[9.676s] -- Installing: /home/abhay/microros_ws/install/statistics_msgs/include/statistics_msgs/statistics_msgs/msg/detail/statistic_data_point__struct.hpp
[9.676s] -- Installing: /home/abhay/microros_ws/install/statistics_msgs/include/statistics_msgs/statistics_msgs/msg/detail/metrics_message__struct.hpp
[9.676s] -- Installing: /home/abhay/microros_ws/install/statistics_msgs/include/statistics_msgs/statistics_msgs/msg/detail/statistic_data_type__struct.hpp
[9.677s] -- Installing: /home/abhay/microros_ws/install/statistics_msgs/include/statistics_msgs/statistics_msgs/msg/detail/statistic_data_point__traits.hpp
[9.677s] -- Installing: /home/abhay/microros_ws/install/statistics_msgs/include/statistics_msgs/statistics_msgs/msg/detail/statistic_data_type__traits.hpp
[9.677s] -- Installing: /home/abhay/microros_ws/install/statistics_msgs/include/statistics_msgs/statistics_msgs/msg/metrics_message.hpp
[9.677s] -- Installing: /home/abhay/microros_ws/install/statistics_msgs/include/statistics_msgs/statistics_msgs/msg/statistic_data_type.hpp
[9.677s] -- Installing: /home/abhay/microros_ws/install/statistics_msgs/include/statistics_msgs/statistics_msgs/msg/statistic_data_point.hpp
[9.678s] -- Up-to-date: /home/abhay/microros_ws/install/statistics_msgs/include/statistics_msgs/statistics_msgs
[9.678s] -- Up-to-date: /home/abhay/microros_ws/install/statistics_msgs/include/statistics_msgs/statistics_msgs/msg
[9.678s] -- Up-to-date: /home/abhay/microros_ws/install/statistics_msgs/include/statistics_msgs/statistics_msgs/msg/detail
[9.678s] -- Installing: /home/abhay/microros_ws/install/statistics_msgs/include/statistics_msgs/statistics_msgs/msg/detail/metrics_message__rosidl_typesupport_fastrtps_cpp.hpp
[9.679s] -- Installing: /home/abhay/microros_ws/install/statistics_msgs/include/statistics_msgs/statistics_msgs/msg/detail/statistic_data_point__rosidl_typesupport_fastrtps_cpp.hpp
[9.679s] -- Installing: /home/abhay/microros_ws/install/statistics_msgs/include/statistics_msgs/statistics_msgs/msg/detail/dds_fastrtps
[9.679s] -- Installing: /home/abhay/microros_ws/install/statistics_msgs/include/statistics_msgs/statistics_msgs/msg/detail/statistic_data_type__rosidl_typesupport_fastrtps_cpp.hpp
[9.679s] -- Installing: /home/abhay/microros_ws/install/statistics_msgs/include/statistics_msgs/statistics_msgs/msg/rosidl_typesupport_fastrtps_cpp__visibility_control.h
[9.680s] -- Installing: /home/abhay/microros_ws/install/statistics_msgs/lib/libstatistics_msgs__rosidl_typesupport_fastrtps_cpp.so
[9.680s] -- Set runtime path of "/home/abhay/microros_ws/install/statistics_msgs/lib/libstatistics_msgs__rosidl_typesupport_fastrtps_cpp.so" to ""
[9.680s] -- Up-to-date: /home/abhay/microros_ws/install/statistics_msgs/include/statistics_msgs
[9.681s] -- Installing: /home/abhay/microros_ws/install/statistics_msgs/include/statistics_msgs/msg
[9.681s] -- Installing: /home/abhay/microros_ws/install/statistics_msgs/include/statistics_msgs/msg/detail
[9.681s] -- Installing: /home/abhay/microros_ws/install/statistics_msgs/include/statistics_msgs/msg/detail/statistic_data_point__rosidl_typesupport_microxrcedds_c.h
[9.681s] -- Installing: /home/abhay/microros_ws/install/statistics_msgs/include/statistics_msgs/msg/detail/microxrcedds
[9.682s] -- Installing: /home/abhay/microros_ws/install/statistics_msgs/include/statistics_msgs/msg/detail/metrics_message__rosidl_typesupport_microxrcedds_c.h
[9.682s] -- Installing: /home/abhay/microros_ws/install/statistics_msgs/include/statistics_msgs/msg/detail/statistic_data_type__rosidl_typesupport_microxrcedds_c.h
[9.682s] -- Installing: /home/abhay/microros_ws/install/statistics_msgs/include/statistics_msgs/msg/rosidl_typesupport_microxrcedds_c__visibility_control.h
[9.682s] -- Installing: /home/abhay/microros_ws/install/statistics_msgs/lib/libstatistics_msgs__rosidl_typesupport_microxrcedds_c.so
[9.683s] -- Set runtime path of "/home/abhay/microros_ws/install/statistics_msgs/lib/libstatistics_msgs__rosidl_typesupport_microxrcedds_c.so" to ""
[9.683s] -- Up-to-date: /home/abhay/microros_ws/install/statistics_msgs/include/statistics_msgs/statistics_msgs
[9.683s] -- Up-to-date: /home/abhay/microros_ws/install/statistics_msgs/include/statistics_msgs/statistics_msgs/msg
[9.683s] -- Up-to-date: /home/abhay/microros_ws/install/statistics_msgs/include/statistics_msgs/statistics_msgs/msg/detail
[9.684s] -- Installing: /home/abhay/microros_ws/install/statistics_msgs/include/statistics_msgs/statistics_msgs/msg/detail/statistic_data_point__type_support.c
[9.684s] -- Installing: /home/abhay/microros_ws/install/statistics_msgs/include/statistics_msgs/statistics_msgs/msg/detail/metrics_message__type_support.c
[9.684s] -- Installing: /home/abhay/microros_ws/install/statistics_msgs/include/statistics_msgs/statistics_msgs/msg/detail/metrics_message__rosidl_typesupport_introspection_c.h
[9.684s] -- Installing: /home/abhay/microros_ws/install/statistics_msgs/include/statistics_msgs/statistics_msgs/msg/detail/statistic_data_point__rosidl_typesupport_introspection_c.h
[9.685s] -- Installing: /home/abhay/microros_ws/install/statistics_msgs/include/statistics_msgs/statistics_msgs/msg/detail/statistic_data_type__type_support.c
[9.685s] -- Installing: /home/abhay/microros_ws/install/statistics_msgs/include/statistics_msgs/statistics_msgs/msg/detail/statistic_data_type__rosidl_typesupport_introspection_c.h
[9.685s] -- Installing: /home/abhay/microros_ws/install/statistics_msgs/include/statistics_msgs/statistics_msgs/msg/rosidl_typesupport_introspection_c__visibility_control.h
[9.685s] -- Installing: /home/abhay/microros_ws/install/statistics_msgs/lib/libstatistics_msgs__rosidl_typesupport_introspection_c.so
[9.686s] -- Set runtime path of "/home/abhay/microros_ws/install/statistics_msgs/lib/libstatistics_msgs__rosidl_typesupport_introspection_c.so" to ""
[9.686s] -- Installing: /home/abhay/microros_ws/install/statistics_msgs/lib/libstatistics_msgs__rosidl_typesupport_c.so
[9.687s] -- Set runtime path of "/home/abhay/microros_ws/install/statistics_msgs/lib/libstatistics_msgs__rosidl_typesupport_c.so" to ""
[9.687s] -- Up-to-date: /home/abhay/microros_ws/install/statistics_msgs/include/statistics_msgs
[9.687s] -- Up-to-date: /home/abhay/microros_ws/install/statistics_msgs/include/statistics_msgs/msg
[9.687s] -- Up-to-date: /home/abhay/microros_ws/install/statistics_msgs/include/statistics_msgs/msg/detail
[9.687s] -- Installing: /home/abhay/microros_ws/install/statistics_msgs/include/statistics_msgs/msg/detail/metrics_message__rosidl_typesupport_microxrcedds_cpp.hpp
[9.688s] -- Installing: /home/abhay/microros_ws/install/statistics_msgs/include/statistics_msgs/msg/detail/statistic_data_point__rosidl_typesupport_microxrcedds_cpp.hpp
[9.688s] -- Installing: /home/abhay/microros_ws/install/statistics_msgs/include/statistics_msgs/msg/detail/statistic_data_type__rosidl_typesupport_microxrcedds_cpp.hpp
[9.688s] -- Up-to-date: /home/abhay/microros_ws/install/statistics_msgs/include/statistics_msgs/msg/detail/microxrcedds
[9.689s] -- Installing: /home/abhay/microros_ws/install/statistics_msgs/include/statistics_msgs/msg/detail/microxrcedds/statistic_data_point__type_support_cpp.cpp
[9.689s] -- Installing: /home/abhay/microros_ws/install/statistics_msgs/include/statistics_msgs/msg/detail/microxrcedds/metrics_message__type_support_cpp.cpp
[9.689s] -- Installing: /home/abhay/microros_ws/install/statistics_msgs/include/statistics_msgs/msg/detail/microxrcedds/statistic_data_type__type_support_cpp.cpp
[9.689s] -- Installing: /home/abhay/microros_ws/install/statistics_msgs/include/statistics_msgs/msg/rosidl_typesupport_microxrcedds_cpp__visibility_control.h
[9.690s] -- Installing: /home/abhay/microros_ws/install/statistics_msgs/lib/libstatistics_msgs__rosidl_typesupport_microxrcedds_cpp.so
[9.691s] -- Set runtime path of "/home/abhay/microros_ws/install/statistics_msgs/lib/libstatistics_msgs__rosidl_typesupport_microxrcedds_cpp.so" to ""
[9.691s] -- Up-to-date: /home/abhay/microros_ws/install/statistics_msgs/include/statistics_msgs/statistics_msgs
[9.691s] -- Up-to-date: /home/abhay/microros_ws/install/statistics_msgs/include/statistics_msgs/statistics_msgs/msg
[9.691s] -- Up-to-date: /home/abhay/microros_ws/install/statistics_msgs/include/statistics_msgs/statistics_msgs/msg/detail
[9.692s] -- Installing: /home/abhay/microros_ws/install/statistics_msgs/include/statistics_msgs/statistics_msgs/msg/detail/statistic_data_type__type_support.cpp
[9.692s] -- Installing: /home/abhay/microros_ws/install/statistics_msgs/include/statistics_msgs/statistics_msgs/msg/detail/statistic_data_type__rosidl_typesupport_introspection_cpp.hpp
[9.692s] -- Installing: /home/abhay/microros_ws/install/statistics_msgs/include/statistics_msgs/statistics_msgs/msg/detail/metrics_message__type_support.cpp
[9.694s] -- Installing: /home/abhay/microros_ws/install/statistics_msgs/include/statistics_msgs/statistics_msgs/msg/detail/metrics_message__rosidl_typesupport_introspection_cpp.hpp
[9.695s] -- Installing: /home/abhay/microros_ws/install/statistics_msgs/include/statistics_msgs/statistics_msgs/msg/detail/statistic_data_point__type_support.cpp
[9.695s] -- Installing: /home/abhay/microros_ws/install/statistics_msgs/include/statistics_msgs/statistics_msgs/msg/detail/statistic_data_point__rosidl_typesupport_introspection_cpp.hpp
[9.696s] -- Installing: /home/abhay/microros_ws/install/statistics_msgs/lib/libstatistics_msgs__rosidl_typesupport_introspection_cpp.so
[9.696s] -- Set runtime path of "/home/abhay/microros_ws/install/statistics_msgs/lib/libstatistics_msgs__rosidl_typesupport_introspection_cpp.so" to ""
[9.697s] -- Installing: /home/abhay/microros_ws/install/statistics_msgs/lib/libstatistics_msgs__rosidl_typesupport_cpp.so
[9.697s] -- Set runtime path of "/home/abhay/microros_ws/install/statistics_msgs/lib/libstatistics_msgs__rosidl_typesupport_cpp.so" to ""
[9.697s] -- Installing: /home/abhay/microros_ws/install/statistics_msgs/share/statistics_msgs/environment/pythonpath.sh
[9.698s] -- Installing: /home/abhay/microros_ws/install/statistics_msgs/share/statistics_msgs/environment/pythonpath.dsv
[9.698s] -- Installing: /home/abhay/microros_ws/install/statistics_msgs/local/lib/python3.10/dist-packages/statistics_msgs-1.2.1-py3.10.egg-info
[9.698s] -- Installing: /home/abhay/microros_ws/install/statistics_msgs/local/lib/python3.10/dist-packages/statistics_msgs-1.2.1-py3.10.egg-info/top_level.txt
[9.699s] -- Installing: /home/abhay/microros_ws/install/statistics_msgs/local/lib/python3.10/dist-packages/statistics_msgs-1.2.1-py3.10.egg-info/SOURCES.txt
[9.699s] -- Installing: /home/abhay/microros_ws/install/statistics_msgs/local/lib/python3.10/dist-packages/statistics_msgs-1.2.1-py3.10.egg-info/dependency_links.txt
[9.699s] -- Installing: /home/abhay/microros_ws/install/statistics_msgs/local/lib/python3.10/dist-packages/statistics_msgs-1.2.1-py3.10.egg-info/PKG-INFO
[9.699s] -- Installing: /home/abhay/microros_ws/install/statistics_msgs/local/lib/python3.10/dist-packages/statistics_msgs
[9.700s] -- Installing: /home/abhay/microros_ws/install/statistics_msgs/local/lib/python3.10/dist-packages/statistics_msgs/_statistics_msgs_s.ep.rosidl_typesupport_c.c
[9.700s] -- Installing: /home/abhay/microros_ws/install/statistics_msgs/local/lib/python3.10/dist-packages/statistics_msgs/statistics_msgs_s__rosidl_typesupport_introspection_c.cpython-310-x86_64-linux-gnu.so
[9.700s] -- Installing: /home/abhay/microros_ws/install/statistics_msgs/local/lib/python3.10/dist-packages/statistics_msgs/msg
[9.700s] -- Installing: /home/abhay/microros_ws/install/statistics_msgs/local/lib/python3.10/dist-packages/statistics_msgs/msg/_statistic_data_point_s.c
[9.701s] -- Installing: /home/abhay/microros_ws/install/statistics_msgs/local/lib/python3.10/dist-packages/statistics_msgs/msg/_metrics_message_s.c
[9.701s] -- Installing: /home/abhay/microros_ws/install/statistics_msgs/local/lib/python3.10/dist-packages/statistics_msgs/msg/_statistic_data_point.py
[9.701s] -- Installing: /home/abhay/microros_ws/install/statistics_msgs/local/lib/python3.10/dist-packages/statistics_msgs/msg/_statistic_data_type_s.c
[9.701s] -- Installing: /home/abhay/microros_ws/install/statistics_msgs/local/lib/python3.10/dist-packages/statistics_msgs/msg/__init__.py
[9.702s] -- Installing: /home/abhay/microros_ws/install/statistics_msgs/local/lib/python3.10/dist-packages/statistics_msgs/msg/_metrics_message.py
[9.702s] -- Installing: /home/abhay/microros_ws/install/statistics_msgs/local/lib/python3.10/dist-packages/statistics_msgs/msg/_statistic_data_type.py
[9.702s] -- Installing: /home/abhay/microros_ws/install/statistics_msgs/local/lib/python3.10/dist-packages/statistics_msgs/_statistics_msgs_s.ep.rosidl_typesupport_microxrcedds_c.c
[9.703s] -- Installing: /home/abhay/microros_ws/install/statistics_msgs/local/lib/python3.10/dist-packages/statistics_msgs/_statistics_msgs_s.ep.rosidl_typesupport_fastrtps_c.c
[9.703s] -- Installing: /home/abhay/microros_ws/install/statistics_msgs/local/lib/python3.10/dist-packages/statistics_msgs/_statistics_msgs_s.ep.rosidl_typesupport_introspection_c.c
[9.703s] -- Installing: /home/abhay/microros_ws/install/statistics_msgs/local/lib/python3.10/dist-packages/statistics_msgs/statistics_msgs_s__rosidl_typesupport_microxrcedds_c.cpython-310-x86_64-linux-gnu.so
[9.703s] -- Installing: /home/abhay/microros_ws/install/statistics_msgs/local/lib/python3.10/dist-packages/statistics_msgs/libstatistics_msgs__rosidl_generator_py.so
[9.703s] -- Installing: /home/abhay/microros_ws/install/statistics_msgs/local/lib/python3.10/dist-packages/statistics_msgs/__init__.py
[9.703s] -- Installing: /home/abhay/microros_ws/install/statistics_msgs/local/lib/python3.10/dist-packages/statistics_msgs/statistics_msgs_s__rosidl_typesupport_fastrtps_c.cpython-310-x86_64-linux-gnu.so
[9.704s] -- Installing: /home/abhay/microros_ws/install/statistics_msgs/local/lib/python3.10/dist-packages/statistics_msgs/statistics_msgs_s__rosidl_typesupport_c.cpython-310-x86_64-linux-gnu.so
[9.761s] Listing '/home/abhay/microros_ws/install/statistics_msgs/local/lib/python3.10/dist-packages/statistics_msgs'...
[9.761s] Compiling '/home/abhay/microros_ws/install/statistics_msgs/local/lib/python3.10/dist-packages/statistics_msgs/__init__.py'...
[9.761s] Listing '/home/abhay/microros_ws/install/statistics_msgs/local/lib/python3.10/dist-packages/statistics_msgs/msg'...
[9.761s] Compiling '/home/abhay/microros_ws/install/statistics_msgs/local/lib/python3.10/dist-packages/statistics_msgs/msg/__init__.py'...
[9.761s] Compiling '/home/abhay/microros_ws/install/statistics_msgs/local/lib/python3.10/dist-packages/statistics_msgs/msg/_metrics_message.py'...
[9.762s] Compiling '/home/abhay/microros_ws/install/statistics_msgs/local/lib/python3.10/dist-packages/statistics_msgs/msg/_statistic_data_point.py'...
[9.762s] Compiling '/home/abhay/microros_ws/install/statistics_msgs/local/lib/python3.10/dist-packages/statistics_msgs/msg/_statistic_data_type.py'...
[9.768s] -- Installing: /home/abhay/microros_ws/install/statistics_msgs/local/lib/python3.10/dist-packages/statistics_msgs/statistics_msgs_s__rosidl_typesupport_microxrcedds_c.cpython-310-x86_64-linux-gnu.so
[9.768s] -- Set runtime path of "/home/abhay/microros_ws/install/statistics_msgs/local/lib/python3.10/dist-packages/statistics_msgs/statistics_msgs_s__rosidl_typesupport_microxrcedds_c.cpython-310-x86_64-linux-gnu.so" to ""
[9.769s] -- Installing: /home/abhay/microros_ws/install/statistics_msgs/local/lib/python3.10/dist-packages/statistics_msgs/statistics_msgs_s__rosidl_typesupport_fastrtps_c.cpython-310-x86_64-linux-gnu.so
[9.769s] -- Set runtime path of "/home/abhay/microros_ws/install/statistics_msgs/local/lib/python3.10/dist-packages/statistics_msgs/statistics_msgs_s__rosidl_typesupport_fastrtps_c.cpython-310-x86_64-linux-gnu.so" to ""
[9.769s] -- Installing: /home/abhay/microros_ws/install/statistics_msgs/local/lib/python3.10/dist-packages/statistics_msgs/statistics_msgs_s__rosidl_typesupport_introspection_c.cpython-310-x86_64-linux-gnu.so
[9.769s] -- Set runtime path of "/home/abhay/microros_ws/install/statistics_msgs/local/lib/python3.10/dist-packages/statistics_msgs/statistics_msgs_s__rosidl_typesupport_introspection_c.cpython-310-x86_64-linux-gnu.so" to ""
[9.770s] -- Installing: /home/abhay/microros_ws/install/statistics_msgs/local/lib/python3.10/dist-packages/statistics_msgs/statistics_msgs_s__rosidl_typesupport_c.cpython-310-x86_64-linux-gnu.so
[9.770s] -- Set runtime path of "/home/abhay/microros_ws/install/statistics_msgs/local/lib/python3.10/dist-packages/statistics_msgs/statistics_msgs_s__rosidl_typesupport_c.cpython-310-x86_64-linux-gnu.so" to ""
[9.770s] -- Installing: /home/abhay/microros_ws/install/statistics_msgs/lib/libstatistics_msgs__rosidl_generator_py.so
[9.770s] -- Set runtime path of "/home/abhay/microros_ws/install/statistics_msgs/lib/libstatistics_msgs__rosidl_generator_py.so" to ""
[9.771s] -- Installing: /home/abhay/microros_ws/install/statistics_msgs/share/statistics_msgs/msg/MetricsMessage.idl
[9.771s] -- Installing: /home/abhay/microros_ws/install/statistics_msgs/share/statistics_msgs/msg/StatisticDataPoint.idl
[9.771s] -- Installing: /home/abhay/microros_ws/install/statistics_msgs/share/statistics_msgs/msg/StatisticDataType.idl
[9.771s] -- Installing: /home/abhay/microros_ws/install/statistics_msgs/share/statistics_msgs/msg/MetricsMessage.msg
[9.771s] -- Installing: /home/abhay/microros_ws/install/statistics_msgs/share/statistics_msgs/msg/StatisticDataPoint.msg
[9.772s] -- Installing: /home/abhay/microros_ws/install/statistics_msgs/share/statistics_msgs/msg/StatisticDataType.msg
[9.772s] -- Installing: /home/abhay/microros_ws/install/statistics_msgs/share/ament_index/resource_index/package_run_dependencies/statistics_msgs
[9.772s] -- Installing: /home/abhay/microros_ws/install/statistics_msgs/share/ament_index/resource_index/parent_prefix_path/statistics_msgs
[9.772s] -- Installing: /home/abhay/microros_ws/install/statistics_msgs/share/statistics_msgs/environment/ament_prefix_path.sh
[9.772s] -- Installing: /home/abhay/microros_ws/install/statistics_msgs/share/statistics_msgs/environment/ament_prefix_path.dsv
[9.773s] -- Installing: /home/abhay/microros_ws/install/statistics_msgs/share/statistics_msgs/environment/path.sh
[9.773s] -- Installing: /home/abhay/microros_ws/install/statistics_msgs/share/statistics_msgs/environment/path.dsv
[9.773s] -- Installing: /home/abhay/microros_ws/install/statistics_msgs/share/statistics_msgs/local_setup.bash
[9.773s] -- Installing: /home/abhay/microros_ws/install/statistics_msgs/share/statistics_msgs/local_setup.sh
[9.773s] -- Installing: /home/abhay/microros_ws/install/statistics_msgs/share/statistics_msgs/local_setup.zsh
[9.773s] -- Installing: /home/abhay/microros_ws/install/statistics_msgs/share/statistics_msgs/local_setup.dsv
[9.774s] -- Installing: /home/abhay/microros_ws/install/statistics_msgs/share/statistics_msgs/package.dsv
[9.774s] -- Installing: /home/abhay/microros_ws/install/statistics_msgs/share/ament_index/resource_index/packages/statistics_msgs
[9.774s] -- Installing: /home/abhay/microros_ws/install/statistics_msgs/share/statistics_msgs/cmake/export_statistics_msgs__rosidl_generator_cExport.cmake
[9.775s] -- Installing: /home/abhay/microros_ws/install/statistics_msgs/share/statistics_msgs/cmake/export_statistics_msgs__rosidl_generator_cExport-noconfig.cmake
[9.775s] -- Installing: /home/abhay/microros_ws/install/statistics_msgs/share/statistics_msgs/cmake/export_statistics_msgs__rosidl_typesupport_fastrtps_cExport.cmake
[9.775s] -- Installing: /home/abhay/microros_ws/install/statistics_msgs/share/statistics_msgs/cmake/export_statistics_msgs__rosidl_typesupport_fastrtps_cExport-noconfig.cmake
[9.775s] -- Installing: /home/abhay/microros_ws/install/statistics_msgs/share/statistics_msgs/cmake/export_statistics_msgs__rosidl_generator_cppExport.cmake
[9.776s] -- Installing: /home/abhay/microros_ws/install/statistics_msgs/share/statistics_msgs/cmake/export_statistics_msgs__rosidl_typesupport_fastrtps_cppExport.cmake
[9.776s] -- Installing: /home/abhay/microros_ws/install/statistics_msgs/share/statistics_msgs/cmake/export_statistics_msgs__rosidl_typesupport_fastrtps_cppExport-noconfig.cmake
[9.776s] -- Installing: /home/abhay/microros_ws/install/statistics_msgs/share/statistics_msgs/cmake/statistics_msgs__rosidl_typesupport_introspection_cExport.cmake
[9.776s] -- Installing: /home/abhay/microros_ws/install/statistics_msgs/share/statistics_msgs/cmake/statistics_msgs__rosidl_typesupport_introspection_cExport-noconfig.cmake
[9.776s] -- Installing: /home/abhay/microros_ws/install/statistics_msgs/share/statistics_msgs/cmake/statistics_msgs__rosidl_typesupport_cExport.cmake
[9.776s] -- Installing: /home/abhay/microros_ws/install/statistics_msgs/share/statistics_msgs/cmake/statistics_msgs__rosidl_typesupport_cExport-noconfig.cmake
[9.777s] -- Installing: /home/abhay/microros_ws/install/statistics_msgs/share/statistics_msgs/cmake/statistics_msgs__rosidl_typesupport_introspection_cppExport.cmake
[9.777s] -- Installing: /home/abhay/microros_ws/install/statistics_msgs/share/statistics_msgs/cmake/statistics_msgs__rosidl_typesupport_introspection_cppExport-noconfig.cmake
[9.777s] -- Installing: /home/abhay/microros_ws/install/statistics_msgs/share/statistics_msgs/cmake/statistics_msgs__rosidl_typesupport_cppExport.cmake
[9.777s] -- Installing: /home/abhay/microros_ws/install/statistics_msgs/share/statistics_msgs/cmake/statistics_msgs__rosidl_typesupport_cppExport-noconfig.cmake
[9.777s] -- Installing: /home/abhay/microros_ws/install/statistics_msgs/share/statistics_msgs/cmake/export_statistics_msgs__rosidl_generator_pyExport.cmake
[9.778s] -- Installing: /home/abhay/microros_ws/install/statistics_msgs/share/statistics_msgs/cmake/export_statistics_msgs__rosidl_generator_pyExport-noconfig.cmake
[9.778s] -- Installing: /home/abhay/microros_ws/install/statistics_msgs/share/statistics_msgs/cmake/rosidl_cmake-extras.cmake
[9.778s] -- Installing: /home/abhay/microros_ws/install/statistics_msgs/share/statistics_msgs/cmake/ament_cmake_export_dependencies-extras.cmake
[9.778s] -- Installing: /home/abhay/microros_ws/install/statistics_msgs/share/statistics_msgs/cmake/ament_cmake_export_include_directories-extras.cmake
[9.778s] -- Installing: /home/abhay/microros_ws/install/statistics_msgs/share/statistics_msgs/cmake/ament_cmake_export_libraries-extras.cmake
[9.778s] -- Installing: /home/abhay/microros_ws/install/statistics_msgs/share/statistics_msgs/cmake/ament_cmake_export_targets-extras.cmake
[9.779s] -- Installing: /home/abhay/microros_ws/install/statistics_msgs/share/statistics_msgs/cmake/rosidl_cmake_export_typesupport_targets-extras.cmake
[9.779s] -- Installing: /home/abhay/microros_ws/install/statistics_msgs/share/statistics_msgs/cmake/rosidl_cmake_export_typesupport_libraries-extras.cmake
[9.779s] -- Installing: /home/abhay/microros_ws/install/statistics_msgs/share/statistics_msgs/cmake/statistics_msgsConfig.cmake
[9.779s] -- Installing: /home/abhay/microros_ws/install/statistics_msgs/share/statistics_msgs/cmake/statistics_msgsConfig-version.cmake
[9.779s] -- Installing: /home/abhay/microros_ws/install/statistics_msgs/share/statistics_msgs/package.xml
[9.783s] Invoked command in '/home/abhay/microros_ws/build/statistics_msgs' returned '0': AMENT_PREFIX_PATH=/home/abhay/microros_ws/install/builtin_interfaces:${AMENT_PREFIX_PATH} CMAKE_PREFIX_PATH=/home/abhay/microros_ws/install/builtin_interfaces:/home/abhay/microros_ws/install/rosidl_typesupport_microxrcedds_cpp:/home/abhay/microros_ws/install/rosidl_typesupport_microxrcedds_c:/home/abhay/microros_ws/install/microcdr:/home/abhay/microros_ws/install/micro_ros_setup:/home/abhay/ros2_ws/install/py_srvcli:/home/abhay/ros2_ws/install/my_robot_controller:/opt/ros/humble LD_LIBRARY_PATH=/home/abhay/microros_ws/install/builtin_interfaces/lib:${LD_LIBRARY_PATH} PYTHONPATH=/home/abhay/microros_ws/install/builtin_interfaces/local/lib/python3.10/dist-packages:${PYTHONPATH} /usr/bin/cmake --install /home/abhay/microros_ws/build/statistics_msgs
