[0.005s] Invoking command in '/home/abhay/microros_ws/build/rosidl_typesupport_microxrcedds_c': CMAKE_PREFIX_PATH=/home/abhay/microros_ws/install/microcdr:/home/abhay/microros_ws/install/micro_ros_setup:/home/abhay/ros2_ws/install/py_srvcli:/home/abhay/ros2_ws/install/my_robot_controller:/opt/ros/humble LD_LIBRARY_PATH=/home/abhay/microros_ws/install/microcdr/lib:${LD_LIBRARY_PATH} /usr/bin/cmake /home/abhay/microros_ws/src/uros/rosidl_typesupport_microxrcedds/rosidl_typesupport_microxrcedds_c -DBUILD_TESTING=OFF -DBUILD_SHARED_LIBS=ON -DBUILD_SHARED_LIBS=ON -DCMAKE_INSTALL_PREFIX=/home/abhay/microros_ws/install/rosidl_typesupport_microxrcedds_c
[0.038s] -- The C compiler identification is GNU 11.4.0
[0.043s] -- Detecting C compiler ABI info
[0.082s] -- Detecting C compiler ABI info - done
[0.086s] -- Check for working C compiler: /usr/bin/cc - skipped
[0.086s] -- Detecting C compile features
[0.086s] -- Detecting C compile features - done
[0.089s] -- Found ament_cmake: 1.3.8 (/opt/ros/humble/share/ament_cmake/cmake)
[0.183s] -- Found Python3: /usr/bin/python3 (found version "3.10.12") found components: Interpreter 
[0.242s] -- Found rosidl_runtime_c: 3.1.5 (/opt/ros/humble/share/rosidl_runtime_c/cmake)
[0.371s] -- Configuring done
[0.374s] -- Generating done
[0.374s] -- Build files have been written to: /home/abhay/microros_ws/build/rosidl_typesupport_microxrcedds_c
[0.378s] Invoked command in '/home/abhay/microros_ws/build/rosidl_typesupport_microxrcedds_c' returned '0': CMAKE_PREFIX_PATH=/home/abhay/microros_ws/install/microcdr:/home/abhay/microros_ws/install/micro_ros_setup:/home/abhay/ros2_ws/install/py_srvcli:/home/abhay/ros2_ws/install/my_robot_controller:/opt/ros/humble LD_LIBRARY_PATH=/home/abhay/microros_ws/install/microcdr/lib:${LD_LIBRARY_PATH} /usr/bin/cmake /home/abhay/microros_ws/src/uros/rosidl_typesupport_microxrcedds/rosidl_typesupport_microxrcedds_c -DBUILD_TESTING=OFF -DBUILD_SHARED_LIBS=ON -DBUILD_SHARED_LIBS=ON -DCMAKE_INSTALL_PREFIX=/home/abhay/microros_ws/install/rosidl_typesupport_microxrcedds_c
[0.378s] Invoking command in '/home/abhay/microros_ws/build/rosidl_typesupport_microxrcedds_c': CMAKE_PREFIX_PATH=/home/abhay/microros_ws/install/microcdr:/home/abhay/microros_ws/install/micro_ros_setup:/home/abhay/ros2_ws/install/py_srvcli:/home/abhay/ros2_ws/install/my_robot_controller:/opt/ros/humble LD_LIBRARY_PATH=/home/abhay/microros_ws/install/microcdr/lib:${LD_LIBRARY_PATH} /usr/bin/cmake --build /home/abhay/microros_ws/build/rosidl_typesupport_microxrcedds_c -- -j16 -l16
[0.405s] [ 50%] [32mBuilding C object CMakeFiles/rosidl_typesupport_microxrcedds_c.dir/src/identifier.c.o[0m
[0.409s] [ 50%] Built target ament_cmake_python_copy_rosidl_typesupport_microxrcedds_c
[0.416s] [100%] [32m[1mLinking C shared library librosidl_typesupport_microxrcedds_c.so[0m
[0.434s] [100%] Built target rosidl_typesupport_microxrcedds_c
[0.552s] running egg_info
[0.552s] creating rosidl_typesupport_microxrcedds_c.egg-info
[0.552s] writing rosidl_typesupport_microxrcedds_c.egg-info/PKG-INFO
[0.552s] writing dependency_links to rosidl_typesupport_microxrcedds_c.egg-info/dependency_links.txt
[0.552s] writing top-level names to rosidl_typesupport_microxrcedds_c.egg-info/top_level.txt
[0.552s] writing manifest file 'rosidl_typesupport_microxrcedds_c.egg-info/SOURCES.txt'
[0.554s] reading manifest file 'rosidl_typesupport_microxrcedds_c.egg-info/SOURCES.txt'
[0.555s] writing manifest file 'rosidl_typesupport_microxrcedds_c.egg-info/SOURCES.txt'
[0.571s] [100%] Built target ament_cmake_python_build_rosidl_typesupport_microxrcedds_c_egg
[0.578s] Invoked command in '/home/abhay/microros_ws/build/rosidl_typesupport_microxrcedds_c' returned '0': CMAKE_PREFIX_PATH=/home/abhay/microros_ws/install/microcdr:/home/abhay/microros_ws/install/micro_ros_setup:/home/abhay/ros2_ws/install/py_srvcli:/home/abhay/ros2_ws/install/my_robot_controller:/opt/ros/humble LD_LIBRARY_PATH=/home/abhay/microros_ws/install/microcdr/lib:${LD_LIBRARY_PATH} /usr/bin/cmake --build /home/abhay/microros_ws/build/rosidl_typesupport_microxrcedds_c -- -j16 -l16
[0.593s] Invoking command in '/home/abhay/microros_ws/build/rosidl_typesupport_microxrcedds_c': CMAKE_PREFIX_PATH=/home/abhay/microros_ws/install/microcdr:/home/abhay/microros_ws/install/micro_ros_setup:/home/abhay/ros2_ws/install/py_srvcli:/home/abhay/ros2_ws/install/my_robot_controller:/opt/ros/humble LD_LIBRARY_PATH=/home/abhay/microros_ws/install/microcdr/lib:${LD_LIBRARY_PATH} /usr/bin/cmake --install /home/abhay/microros_ws/build/rosidl_typesupport_microxrcedds_c
[0.598s] -- Install configuration: ""
[0.598s] -- Installing: /home/abhay/microros_ws/install/rosidl_typesupport_microxrcedds_c/share/rosidl_typesupport_microxrcedds_c/environment/pythonpath.sh
[0.598s] -- Installing: /home/abhay/microros_ws/install/rosidl_typesupport_microxrcedds_c/share/rosidl_typesupport_microxrcedds_c/environment/pythonpath.dsv
[0.598s] -- Installing: /home/abhay/microros_ws/install/rosidl_typesupport_microxrcedds_c/local/lib/python3.10/dist-packages/rosidl_typesupport_microxrcedds_c-3.0.1-py3.10.egg-info
[0.598s] -- Installing: /home/abhay/microros_ws/install/rosidl_typesupport_microxrcedds_c/local/lib/python3.10/dist-packages/rosidl_typesupport_microxrcedds_c-3.0.1-py3.10.egg-info/top_level.txt
[0.598s] -- Installing: /home/abhay/microros_ws/install/rosidl_typesupport_microxrcedds_c/local/lib/python3.10/dist-packages/rosidl_typesupport_microxrcedds_c-3.0.1-py3.10.egg-info/SOURCES.txt
[0.598s] -- Installing: /home/abhay/microros_ws/install/rosidl_typesupport_microxrcedds_c/local/lib/python3.10/dist-packages/rosidl_typesupport_microxrcedds_c-3.0.1-py3.10.egg-info/dependency_links.txt
[0.598s] -- Installing: /home/abhay/microros_ws/install/rosidl_typesupport_microxrcedds_c/local/lib/python3.10/dist-packages/rosidl_typesupport_microxrcedds_c-3.0.1-py3.10.egg-info/PKG-INFO
[0.598s] -- Installing: /home/abhay/microros_ws/install/rosidl_typesupport_microxrcedds_c/local/lib/python3.10/dist-packages/rosidl_typesupport_microxrcedds_c
[0.598s] -- Installing: /home/abhay/microros_ws/install/rosidl_typesupport_microxrcedds_c/local/lib/python3.10/dist-packages/rosidl_typesupport_microxrcedds_c/__init__.py
[0.618s] Listing '/home/abhay/microros_ws/install/rosidl_typesupport_microxrcedds_c/local/lib/python3.10/dist-packages/rosidl_typesupport_microxrcedds_c'...
[0.618s] Compiling '/home/abhay/microros_ws/install/rosidl_typesupport_microxrcedds_c/local/lib/python3.10/dist-packages/rosidl_typesupport_microxrcedds_c/__init__.py'...
[0.621s] -- Installing: /home/abhay/microros_ws/install/rosidl_typesupport_microxrcedds_c/share/rosidl_typesupport_microxrcedds_c/environment/library_path.sh
[0.621s] -- Installing: /home/abhay/microros_ws/install/rosidl_typesupport_microxrcedds_c/share/rosidl_typesupport_microxrcedds_c/environment/library_path.dsv
[0.621s] -- Installing: /home/abhay/microros_ws/install/rosidl_typesupport_microxrcedds_c/share/ament_index/resource_index/rosidl_typesupport_c/rosidl_typesupport_microxrcedds_c
[0.621s] -- Installing: /home/abhay/microros_ws/install/rosidl_typesupport_microxrcedds_c/share/ament_index/resource_index/package_run_dependencies/rosidl_typesupport_microxrcedds_c
[0.621s] -- Installing: /home/abhay/microros_ws/install/rosidl_typesupport_microxrcedds_c/share/ament_index/resource_index/parent_prefix_path/rosidl_typesupport_microxrcedds_c
[0.621s] -- Installing: /home/abhay/microros_ws/install/rosidl_typesupport_microxrcedds_c/share/rosidl_typesupport_microxrcedds_c/environment/ament_prefix_path.sh
[0.621s] -- Installing: /home/abhay/microros_ws/install/rosidl_typesupport_microxrcedds_c/share/rosidl_typesupport_microxrcedds_c/environment/ament_prefix_path.dsv
[0.621s] -- Installing: /home/abhay/microros_ws/install/rosidl_typesupport_microxrcedds_c/share/rosidl_typesupport_microxrcedds_c/environment/path.sh
[0.621s] -- Installing: /home/abhay/microros_ws/install/rosidl_typesupport_microxrcedds_c/share/rosidl_typesupport_microxrcedds_c/environment/path.dsv
[0.622s] -- Installing: /home/abhay/microros_ws/install/rosidl_typesupport_microxrcedds_c/share/rosidl_typesupport_microxrcedds_c/local_setup.bash
[0.622s] -- Installing: /home/abhay/microros_ws/install/rosidl_typesupport_microxrcedds_c/share/rosidl_typesupport_microxrcedds_c/local_setup.sh
[0.622s] -- Installing: /home/abhay/microros_ws/install/rosidl_typesupport_microxrcedds_c/share/rosidl_typesupport_microxrcedds_c/local_setup.zsh
[0.622s] -- Installing: /home/abhay/microros_ws/install/rosidl_typesupport_microxrcedds_c/share/rosidl_typesupport_microxrcedds_c/local_setup.dsv
[0.622s] -- Installing: /home/abhay/microros_ws/install/rosidl_typesupport_microxrcedds_c/share/rosidl_typesupport_microxrcedds_c/package.dsv
[0.622s] -- Installing: /home/abhay/microros_ws/install/rosidl_typesupport_microxrcedds_c/share/ament_index/resource_index/packages/rosidl_typesupport_microxrcedds_c
[0.622s] -- Installing: /home/abhay/microros_ws/install/rosidl_typesupport_microxrcedds_c/share/rosidl_typesupport_microxrcedds_c/cmake/rosidl_typesupport_microxrcedds_cExport.cmake
[0.622s] -- Installing: /home/abhay/microros_ws/install/rosidl_typesupport_microxrcedds_c/share/rosidl_typesupport_microxrcedds_c/cmake/rosidl_typesupport_microxrcedds_cExport-noconfig.cmake
[0.622s] -- Installing: /home/abhay/microros_ws/install/rosidl_typesupport_microxrcedds_c/share/rosidl_typesupport_microxrcedds_c/cmake/rosidl_typesupport_microxrcedds_c-extras.cmake
[0.622s] -- Installing: /home/abhay/microros_ws/install/rosidl_typesupport_microxrcedds_c/share/rosidl_typesupport_microxrcedds_c/cmake/ament_cmake_export_dependencies-extras.cmake
[0.622s] -- Installing: /home/abhay/microros_ws/install/rosidl_typesupport_microxrcedds_c/share/rosidl_typesupport_microxrcedds_c/cmake/ament_cmake_export_include_directories-extras.cmake
[0.622s] -- Installing: /home/abhay/microros_ws/install/rosidl_typesupport_microxrcedds_c/share/rosidl_typesupport_microxrcedds_c/cmake/ament_cmake_export_libraries-extras.cmake
[0.622s] -- Installing: /home/abhay/microros_ws/install/rosidl_typesupport_microxrcedds_c/share/rosidl_typesupport_microxrcedds_c/cmake/ament_cmake_export_targets-extras.cmake
[0.622s] -- Installing: /home/abhay/microros_ws/install/rosidl_typesupport_microxrcedds_c/share/rosidl_typesupport_microxrcedds_c/cmake/rosidl_typesupport_microxrcedds_cConfig.cmake
[0.622s] -- Installing: /home/abhay/microros_ws/install/rosidl_typesupport_microxrcedds_c/share/rosidl_typesupport_microxrcedds_c/cmake/rosidl_typesupport_microxrcedds_cConfig-version.cmake
[0.622s] -- Installing: /home/abhay/microros_ws/install/rosidl_typesupport_microxrcedds_c/share/rosidl_typesupport_microxrcedds_c/package.xml
[0.622s] -- Installing: /home/abhay/microros_ws/install/rosidl_typesupport_microxrcedds_c/lib/rosidl_typesupport_microxrcedds_c/rosidl_typesupport_microxrcedds_c
[0.622s] -- Up-to-date: /home/abhay/microros_ws/install/rosidl_typesupport_microxrcedds_c/share/rosidl_typesupport_microxrcedds_c/cmake
[0.622s] -- Installing: /home/abhay/microros_ws/install/rosidl_typesupport_microxrcedds_c/share/rosidl_typesupport_microxrcedds_c/cmake/rosidl_typesupport_microxrcedds_c_generate_interfaces.cmake
[0.622s] -- Installing: /home/abhay/microros_ws/install/rosidl_typesupport_microxrcedds_c/share/rosidl_typesupport_microxrcedds_c/resource
[0.622s] -- Installing: /home/abhay/microros_ws/install/rosidl_typesupport_microxrcedds_c/share/rosidl_typesupport_microxrcedds_c/resource/msg__type_support_c.c.em
[0.622s] -- Installing: /home/abhay/microros_ws/install/rosidl_typesupport_microxrcedds_c/share/rosidl_typesupport_microxrcedds_c/resource/idl__type_support_c.c.em
[0.622s] -- Installing: /home/abhay/microros_ws/install/rosidl_typesupport_microxrcedds_c/share/rosidl_typesupport_microxrcedds_c/resource/srv__type_support_c.c.em
[0.622s] -- Installing: /home/abhay/microros_ws/install/rosidl_typesupport_microxrcedds_c/share/rosidl_typesupport_microxrcedds_c/resource/rosidl_typesupport_microxrcedds_c__visibility_control.h.in
[0.622s] -- Installing: /home/abhay/microros_ws/install/rosidl_typesupport_microxrcedds_c/share/rosidl_typesupport_microxrcedds_c/resource/idl__rosidl_typesupport_microxrcedds_c.h.em
[0.622s] -- Installing: /home/abhay/microros_ws/install/rosidl_typesupport_microxrcedds_c/share/rosidl_typesupport_microxrcedds_c/resource/msg__rosidl_typesupport_microxrcedds_c.h.em
[0.622s] -- Installing: /home/abhay/microros_ws/install/rosidl_typesupport_microxrcedds_c/share/rosidl_typesupport_microxrcedds_c/resource/srv__rosidl_typesupport_microxrcedds_c.h.em
[0.622s] -- Installing: /home/abhay/microros_ws/install/rosidl_typesupport_microxrcedds_c/include
[0.622s] -- Installing: /home/abhay/microros_ws/install/rosidl_typesupport_microxrcedds_c/include/rosidl_typesupport_microxrcedds_c
[0.623s] -- Installing: /home/abhay/microros_ws/install/rosidl_typesupport_microxrcedds_c/include/rosidl_typesupport_microxrcedds_c/identifier.h
[0.623s] -- Installing: /home/abhay/microros_ws/install/rosidl_typesupport_microxrcedds_c/include/rosidl_typesupport_microxrcedds_c/service_type_support.h
[0.623s] -- Installing: /home/abhay/microros_ws/install/rosidl_typesupport_microxrcedds_c/include/rosidl_typesupport_microxrcedds_c/visibility_control.h
[0.623s] -- Installing: /home/abhay/microros_ws/install/rosidl_typesupport_microxrcedds_c/include/rosidl_typesupport_microxrcedds_c/message_type_support.h
[0.623s] -- Installing: /home/abhay/microros_ws/install/rosidl_typesupport_microxrcedds_c/lib/librosidl_typesupport_microxrcedds_c.so
[0.623s] -- Set runtime path of "/home/abhay/microros_ws/install/rosidl_typesupport_microxrcedds_c/lib/librosidl_typesupport_microxrcedds_c.so" to ""
[0.624s] Invoked command in '/home/abhay/microros_ws/build/rosidl_typesupport_microxrcedds_c' returned '0': CMAKE_PREFIX_PATH=/home/abhay/microros_ws/install/microcdr:/home/abhay/microros_ws/install/micro_ros_setup:/home/abhay/ros2_ws/install/py_srvcli:/home/abhay/ros2_ws/install/my_robot_controller:/opt/ros/humble LD_LIBRARY_PATH=/home/abhay/microros_ws/install/microcdr/lib:${LD_LIBRARY_PATH} /usr/bin/cmake --install /home/abhay/microros_ws/build/rosidl_typesupport_microxrcedds_c
