[0.068s] Invoking command in '/home/abhay/microros_ws/build/action_msgs': CMAKE_PREFIX_PATH=/home/abhay/microros_ws/install/unique_identifier_msgs:/home/abhay/microros_ws/install/builtin_interfaces:/home/abhay/microros_ws/install/micro_ros_demos_rclc:/home/abhay/microros_ws/install/common_interfaces:/home/abhay/microros_ws/install/visualization_msgs:/home/abhay/microros_ws/install/test_msgs:/home/abhay/microros_ws/install/example_interfaces:/home/abhay/microros_ws/install/action_msgs:/home/abhay/microros_ws/install/trajectory_msgs:/home/abhay/microros_ws/install/stereo_msgs:/home/abhay/microros_ws/install/std_srvs:/home/abhay/microros_ws/install/shape_msgs:/home/abhay/microros_ws/install/sensor_msgs:/home/abhay/microros_ws/install/nav_msgs:/home/abhay/microros_ws/install/diagnostic_msgs:/home/abhay/microros_ws/install/geometry_msgs:/home/abhay/microros_ws/install/actionlib_msgs:/home/abhay/microros_ws/install/std_msgs:/home/abhay/microros_ws/install/statistics_msgs:/home/abhay/microros_ws/install/rosidl_typesupport_microxrcedds_test_msg:/home/abhay/microros_ws/install/rosidl_typesupport_microxrcedds_cpp_tests:/home/abhay/microros_ws/install/rmw_microxrcedds:/home/abhay/microros_ws/install/rosidl_typesupport_microxrcedds_cpp:/home/abhay/microros_ws/install/rosidl_typesupport_microxrcedds_c_tests:/home/abhay/microros_ws/install/rosidl_typesupport_microxrcedds_c:/home/abhay/microros_ws/install/rosgraph_msgs:/home/abhay/microros_ws/install/rclc_parameter:/home/abhay/microros_ws/install/rclc:/home/abhay/microros_ws/install/composition_interfaces:/home/abhay/microros_ws/install/rcl_interfaces:/home/abhay/microros_ws/install/microxrcedds_client:/home/abhay/microros_ws/install/microcdr:/home/abhay/microros_ws/install/micro_ros_utilities:/home/abhay/microros_ws/install/micro_ros_msgs:/home/abhay/microros_ws/install/lifecycle_msgs:/home/abhay/microros_ws/install/complex_msgs:/home/abhay/microros_ws/install/micro_ros_setup:/home/abhay/microros_ws/install/sensor_msgs_py:/home/abhay/ros2_ws/install/py_srvcli:/home/abhay/ros2_ws/install/my_robot_controller:/opt/ros/humble LD_LIBRARY_PATH=/home/abhay/microros_ws/install/unique_identifier_msgs/lib:/home/abhay/microros_ws/install/builtin_interfaces/lib:/home/abhay/microros_ws/install/visualization_msgs/lib:/home/abhay/microros_ws/install/test_msgs/lib:/home/abhay/microros_ws/install/example_interfaces/lib:/home/abhay/microros_ws/install/action_msgs/lib:/home/abhay/microros_ws/install/trajectory_msgs/lib:/home/abhay/microros_ws/install/stereo_msgs/lib:/home/abhay/microros_ws/install/std_srvs/lib:/home/abhay/microros_ws/install/shape_msgs/lib:/home/abhay/microros_ws/install/sensor_msgs/lib:/home/abhay/microros_ws/install/nav_msgs/lib:/home/abhay/microros_ws/install/diagnostic_msgs/lib:/home/abhay/microros_ws/install/geometry_msgs/lib:/home/abhay/microros_ws/install/actionlib_msgs/lib:/home/abhay/microros_ws/install/std_msgs/lib:/home/abhay/microros_ws/install/statistics_msgs/lib:/home/abhay/microros_ws/install/rmw_microxrcedds/lib:/home/abhay/microros_ws/install/rosidl_typesupport_microxrcedds_cpp/lib:/home/abhay/microros_ws/install/rosidl_typesupport_microxrcedds_c/lib:/home/abhay/microros_ws/install/rosgraph_msgs/lib:/home/abhay/microros_ws/install/rclc_parameter/lib:/home/abhay/microros_ws/install/rclc/lib:/home/abhay/microros_ws/install/composition_interfaces/lib:/home/abhay/microros_ws/install/rcl_interfaces/lib:/home/abhay/microros_ws/install/microxrcedds_client/lib:/home/abhay/microros_ws/install/microcdr/lib:/home/abhay/microros_ws/install/micro_ros_utilities/lib:/home/abhay/microros_ws/install/micro_ros_msgs/lib:/home/abhay/microros_ws/install/lifecycle_msgs/lib:/home/abhay/microros_ws/install/complex_msgs/lib:/opt/ros/humble/opt/rviz_ogre_vendor/lib:/opt/ros/humble/lib/x86_64-linux-gnu:/opt/ros/humble/lib /usr/bin/cmake --build /home/abhay/microros_ws/build/action_msgs -- -j16 -l16
[0.108s] [35m[1mConsolidate compiler generated dependencies of target action_msgs__rosidl_generator_c[0m
[0.147s] [  8%] Built target action_msgs__rosidl_generator_c
[0.151s] [ 10%] Built target action_msgs__cpp
[0.182s] [ 10%] Built target ament_cmake_python_copy_action_msgs
[0.206s] [35m[1mConsolidate compiler generated dependencies of target action_msgs__rosidl_typesupport_fastrtps_c[0m
[0.211s] [35m[1mConsolidate compiler generated dependencies of target action_msgs__rosidl_typesupport_microxrcedds_cpp[0m
[0.211s] [35m[1mConsolidate compiler generated dependencies of target action_msgs__rosidl_typesupport_introspection_cpp[0m
[0.214s] [35m[1mConsolidate compiler generated dependencies of target action_msgs__rosidl_typesupport_cpp[0m
[0.218s] [35m[1mConsolidate compiler generated dependencies of target action_msgs__rosidl_typesupport_microxrcedds_c[0m
[0.225s] [35m[1mConsolidate compiler generated dependencies of target action_msgs__rosidl_typesupport_introspection_c[0m
[0.226s] [35m[1mConsolidate compiler generated dependencies of target action_msgs__rosidl_typesupport_fastrtps_cpp[0m
[0.244s] [35m[1mConsolidate compiler generated dependencies of target action_msgs__rosidl_typesupport_c[0m
[0.306s] [ 18%] Built target action_msgs__rosidl_typesupport_cpp
[0.307s] [ 27%] Built target action_msgs__rosidl_typesupport_fastrtps_c
[0.314s] [ 37%] Built target action_msgs__rosidl_typesupport_microxrcedds_c
[0.314s] [ 44%] Built target action_msgs__rosidl_typesupport_introspection_cpp
[0.316s] [ 53%] Built target action_msgs__rosidl_typesupport_fastrtps_cpp
[0.319s] [ 62%] Built target action_msgs__rosidl_typesupport_microxrcedds_cpp
[0.322s] [ 71%] Built target action_msgs__rosidl_typesupport_introspection_c
[0.322s] [ 79%] Built target action_msgs__rosidl_typesupport_c
[0.356s] [ 79%] Built target action_msgs
[0.392s] [ 81%] Built target action_msgs__py
[0.411s] [35m[1mConsolidate compiler generated dependencies of target action_msgs__rosidl_generator_py[0m
[0.435s] [ 88%] Built target action_msgs__rosidl_generator_py
[0.453s] [35m[1mConsolidate compiler generated dependencies of target action_msgs__rosidl_typesupport_microxrcedds_c__pyext[0m
[0.461s] [35m[1mConsolidate compiler generated dependencies of target action_msgs__rosidl_typesupport_fastrtps_c__pyext[0m
[0.466s] [35m[1mConsolidate compiler generated dependencies of target action_msgs__rosidl_typesupport_c__pyext[0m
[0.472s] [35m[1mConsolidate compiler generated dependencies of target action_msgs__rosidl_typesupport_introspection_c__pyext[0m
[0.504s] [ 91%] Built target action_msgs__rosidl_typesupport_microxrcedds_c__pyext
[0.504s] [ 94%] Built target action_msgs__rosidl_typesupport_c__pyext
[0.511s] [ 97%] Built target action_msgs__rosidl_typesupport_introspection_c__pyext
[0.517s] [100%] Built target action_msgs__rosidl_typesupport_fastrtps_c__pyext
[0.668s] running egg_info
[0.669s] writing action_msgs.egg-info/PKG-INFO
[0.669s] writing dependency_links to action_msgs.egg-info/dependency_links.txt
[0.669s] writing top-level names to action_msgs.egg-info/top_level.txt
[0.671s] reading manifest file 'action_msgs.egg-info/SOURCES.txt'
[0.671s] writing manifest file 'action_msgs.egg-info/SOURCES.txt'
[0.704s] [100%] Built target ament_cmake_python_build_action_msgs_egg
[0.718s] Invoked command in '/home/abhay/microros_ws/build/action_msgs' returned '0': CMAKE_PREFIX_PATH=/home/abhay/microros_ws/install/unique_identifier_msgs:/home/abhay/microros_ws/install/builtin_interfaces:/home/abhay/microros_ws/install/micro_ros_demos_rclc:/home/abhay/microros_ws/install/common_interfaces:/home/abhay/microros_ws/install/visualization_msgs:/home/abhay/microros_ws/install/test_msgs:/home/abhay/microros_ws/install/example_interfaces:/home/abhay/microros_ws/install/action_msgs:/home/abhay/microros_ws/install/trajectory_msgs:/home/abhay/microros_ws/install/stereo_msgs:/home/abhay/microros_ws/install/std_srvs:/home/abhay/microros_ws/install/shape_msgs:/home/abhay/microros_ws/install/sensor_msgs:/home/abhay/microros_ws/install/nav_msgs:/home/abhay/microros_ws/install/diagnostic_msgs:/home/abhay/microros_ws/install/geometry_msgs:/home/abhay/microros_ws/install/actionlib_msgs:/home/abhay/microros_ws/install/std_msgs:/home/abhay/microros_ws/install/statistics_msgs:/home/abhay/microros_ws/install/rosidl_typesupport_microxrcedds_test_msg:/home/abhay/microros_ws/install/rosidl_typesupport_microxrcedds_cpp_tests:/home/abhay/microros_ws/install/rmw_microxrcedds:/home/abhay/microros_ws/install/rosidl_typesupport_microxrcedds_cpp:/home/abhay/microros_ws/install/rosidl_typesupport_microxrcedds_c_tests:/home/abhay/microros_ws/install/rosidl_typesupport_microxrcedds_c:/home/abhay/microros_ws/install/rosgraph_msgs:/home/abhay/microros_ws/install/rclc_parameter:/home/abhay/microros_ws/install/rclc:/home/abhay/microros_ws/install/composition_interfaces:/home/abhay/microros_ws/install/rcl_interfaces:/home/abhay/microros_ws/install/microxrcedds_client:/home/abhay/microros_ws/install/microcdr:/home/abhay/microros_ws/install/micro_ros_utilities:/home/abhay/microros_ws/install/micro_ros_msgs:/home/abhay/microros_ws/install/lifecycle_msgs:/home/abhay/microros_ws/install/complex_msgs:/home/abhay/microros_ws/install/micro_ros_setup:/home/abhay/microros_ws/install/sensor_msgs_py:/home/abhay/ros2_ws/install/py_srvcli:/home/abhay/ros2_ws/install/my_robot_controller:/opt/ros/humble LD_LIBRARY_PATH=/home/abhay/microros_ws/install/unique_identifier_msgs/lib:/home/abhay/microros_ws/install/builtin_interfaces/lib:/home/abhay/microros_ws/install/visualization_msgs/lib:/home/abhay/microros_ws/install/test_msgs/lib:/home/abhay/microros_ws/install/example_interfaces/lib:/home/abhay/microros_ws/install/action_msgs/lib:/home/abhay/microros_ws/install/trajectory_msgs/lib:/home/abhay/microros_ws/install/stereo_msgs/lib:/home/abhay/microros_ws/install/std_srvs/lib:/home/abhay/microros_ws/install/shape_msgs/lib:/home/abhay/microros_ws/install/sensor_msgs/lib:/home/abhay/microros_ws/install/nav_msgs/lib:/home/abhay/microros_ws/install/diagnostic_msgs/lib:/home/abhay/microros_ws/install/geometry_msgs/lib:/home/abhay/microros_ws/install/actionlib_msgs/lib:/home/abhay/microros_ws/install/std_msgs/lib:/home/abhay/microros_ws/install/statistics_msgs/lib:/home/abhay/microros_ws/install/rmw_microxrcedds/lib:/home/abhay/microros_ws/install/rosidl_typesupport_microxrcedds_cpp/lib:/home/abhay/microros_ws/install/rosidl_typesupport_microxrcedds_c/lib:/home/abhay/microros_ws/install/rosgraph_msgs/lib:/home/abhay/microros_ws/install/rclc_parameter/lib:/home/abhay/microros_ws/install/rclc/lib:/home/abhay/microros_ws/install/composition_interfaces/lib:/home/abhay/microros_ws/install/rcl_interfaces/lib:/home/abhay/microros_ws/install/microxrcedds_client/lib:/home/abhay/microros_ws/install/microcdr/lib:/home/abhay/microros_ws/install/micro_ros_utilities/lib:/home/abhay/microros_ws/install/micro_ros_msgs/lib:/home/abhay/microros_ws/install/lifecycle_msgs/lib:/home/abhay/microros_ws/install/complex_msgs/lib:/opt/ros/humble/opt/rviz_ogre_vendor/lib:/opt/ros/humble/lib/x86_64-linux-gnu:/opt/ros/humble/lib /usr/bin/cmake --build /home/abhay/microros_ws/build/action_msgs -- -j16 -l16
[0.927s] Invoking command in '/home/abhay/microros_ws/build/action_msgs': CMAKE_PREFIX_PATH=/home/abhay/microros_ws/install/unique_identifier_msgs:/home/abhay/microros_ws/install/builtin_interfaces:/home/abhay/microros_ws/install/micro_ros_demos_rclc:/home/abhay/microros_ws/install/common_interfaces:/home/abhay/microros_ws/install/visualization_msgs:/home/abhay/microros_ws/install/test_msgs:/home/abhay/microros_ws/install/example_interfaces:/home/abhay/microros_ws/install/action_msgs:/home/abhay/microros_ws/install/trajectory_msgs:/home/abhay/microros_ws/install/stereo_msgs:/home/abhay/microros_ws/install/std_srvs:/home/abhay/microros_ws/install/shape_msgs:/home/abhay/microros_ws/install/sensor_msgs:/home/abhay/microros_ws/install/nav_msgs:/home/abhay/microros_ws/install/diagnostic_msgs:/home/abhay/microros_ws/install/geometry_msgs:/home/abhay/microros_ws/install/actionlib_msgs:/home/abhay/microros_ws/install/std_msgs:/home/abhay/microros_ws/install/statistics_msgs:/home/abhay/microros_ws/install/rosidl_typesupport_microxrcedds_test_msg:/home/abhay/microros_ws/install/rosidl_typesupport_microxrcedds_cpp_tests:/home/abhay/microros_ws/install/rmw_microxrcedds:/home/abhay/microros_ws/install/rosidl_typesupport_microxrcedds_cpp:/home/abhay/microros_ws/install/rosidl_typesupport_microxrcedds_c_tests:/home/abhay/microros_ws/install/rosidl_typesupport_microxrcedds_c:/home/abhay/microros_ws/install/rosgraph_msgs:/home/abhay/microros_ws/install/rclc_parameter:/home/abhay/microros_ws/install/rclc:/home/abhay/microros_ws/install/composition_interfaces:/home/abhay/microros_ws/install/rcl_interfaces:/home/abhay/microros_ws/install/microxrcedds_client:/home/abhay/microros_ws/install/microcdr:/home/abhay/microros_ws/install/micro_ros_utilities:/home/abhay/microros_ws/install/micro_ros_msgs:/home/abhay/microros_ws/install/lifecycle_msgs:/home/abhay/microros_ws/install/complex_msgs:/home/abhay/microros_ws/install/micro_ros_setup:/home/abhay/microros_ws/install/sensor_msgs_py:/home/abhay/ros2_ws/install/py_srvcli:/home/abhay/ros2_ws/install/my_robot_controller:/opt/ros/humble LD_LIBRARY_PATH=/home/abhay/microros_ws/install/unique_identifier_msgs/lib:/home/abhay/microros_ws/install/builtin_interfaces/lib:/home/abhay/microros_ws/install/visualization_msgs/lib:/home/abhay/microros_ws/install/test_msgs/lib:/home/abhay/microros_ws/install/example_interfaces/lib:/home/abhay/microros_ws/install/action_msgs/lib:/home/abhay/microros_ws/install/trajectory_msgs/lib:/home/abhay/microros_ws/install/stereo_msgs/lib:/home/abhay/microros_ws/install/std_srvs/lib:/home/abhay/microros_ws/install/shape_msgs/lib:/home/abhay/microros_ws/install/sensor_msgs/lib:/home/abhay/microros_ws/install/nav_msgs/lib:/home/abhay/microros_ws/install/diagnostic_msgs/lib:/home/abhay/microros_ws/install/geometry_msgs/lib:/home/abhay/microros_ws/install/actionlib_msgs/lib:/home/abhay/microros_ws/install/std_msgs/lib:/home/abhay/microros_ws/install/statistics_msgs/lib:/home/abhay/microros_ws/install/rmw_microxrcedds/lib:/home/abhay/microros_ws/install/rosidl_typesupport_microxrcedds_cpp/lib:/home/abhay/microros_ws/install/rosidl_typesupport_microxrcedds_c/lib:/home/abhay/microros_ws/install/rosgraph_msgs/lib:/home/abhay/microros_ws/install/rclc_parameter/lib:/home/abhay/microros_ws/install/rclc/lib:/home/abhay/microros_ws/install/composition_interfaces/lib:/home/abhay/microros_ws/install/rcl_interfaces/lib:/home/abhay/microros_ws/install/microxrcedds_client/lib:/home/abhay/microros_ws/install/microcdr/lib:/home/abhay/microros_ws/install/micro_ros_utilities/lib:/home/abhay/microros_ws/install/micro_ros_msgs/lib:/home/abhay/microros_ws/install/lifecycle_msgs/lib:/home/abhay/microros_ws/install/complex_msgs/lib:/opt/ros/humble/opt/rviz_ogre_vendor/lib:/opt/ros/humble/lib/x86_64-linux-gnu:/opt/ros/humble/lib /usr/bin/cmake --install /home/abhay/microros_ws/build/action_msgs
[0.928s] -- Install configuration: ""
[0.928s] -- Up-to-date: /home/abhay/microros_ws/install/action_msgs/share/ament_index/resource_index/rosidl_interfaces/action_msgs
[0.928s] -- Up-to-date: /home/abhay/microros_ws/install/action_msgs/include/action_msgs/action_msgs
[0.928s] -- Up-to-date: /home/abhay/microros_ws/install/action_msgs/include/action_msgs/action_msgs/msg
[0.928s] -- Up-to-date: /home/abhay/microros_ws/install/action_msgs/include/action_msgs/action_msgs/msg/rosidl_generator_c__visibility_control.h
[0.928s] -- Up-to-date: /home/abhay/microros_ws/install/action_msgs/include/action_msgs/action_msgs/msg/goal_status.h
[0.928s] -- Up-to-date: /home/abhay/microros_ws/install/action_msgs/include/action_msgs/action_msgs/msg/detail
[0.928s] -- Up-to-date: /home/abhay/microros_ws/install/action_msgs/include/action_msgs/action_msgs/msg/detail/goal_info__functions.c
[0.929s] -- Up-to-date: /home/abhay/microros_ws/install/action_msgs/include/action_msgs/action_msgs/msg/detail/goal_info__functions.h
[0.929s] -- Up-to-date: /home/abhay/microros_ws/install/action_msgs/include/action_msgs/action_msgs/msg/detail/goal_info__struct.h
[0.929s] -- Up-to-date: /home/abhay/microros_ws/install/action_msgs/include/action_msgs/action_msgs/msg/detail/goal_status_array__functions.h
[0.929s] -- Up-to-date: /home/abhay/microros_ws/install/action_msgs/include/action_msgs/action_msgs/msg/detail/goal_status__type_support.h
[0.929s] -- Up-to-date: /home/abhay/microros_ws/install/action_msgs/include/action_msgs/action_msgs/msg/detail/goal_info__type_support.h
[0.929s] -- Up-to-date: /home/abhay/microros_ws/install/action_msgs/include/action_msgs/action_msgs/msg/detail/goal_status_array__type_support.h
[0.929s] -- Up-to-date: /home/abhay/microros_ws/install/action_msgs/include/action_msgs/action_msgs/msg/detail/goal_status_array__functions.c
[0.929s] -- Up-to-date: /home/abhay/microros_ws/install/action_msgs/include/action_msgs/action_msgs/msg/detail/goal_status__functions.c
[0.929s] -- Up-to-date: /home/abhay/microros_ws/install/action_msgs/include/action_msgs/action_msgs/msg/detail/goal_status_array__struct.h
[0.930s] -- Up-to-date: /home/abhay/microros_ws/install/action_msgs/include/action_msgs/action_msgs/msg/detail/goal_status__struct.h
[0.930s] -- Up-to-date: /home/abhay/microros_ws/install/action_msgs/include/action_msgs/action_msgs/msg/detail/goal_status__functions.h
[0.930s] -- Up-to-date: /home/abhay/microros_ws/install/action_msgs/include/action_msgs/action_msgs/msg/goal_status_array.h
[0.930s] -- Up-to-date: /home/abhay/microros_ws/install/action_msgs/include/action_msgs/action_msgs/msg/goal_info.h
[0.930s] -- Up-to-date: /home/abhay/microros_ws/install/action_msgs/include/action_msgs/action_msgs/srv
[0.930s] -- Up-to-date: /home/abhay/microros_ws/install/action_msgs/include/action_msgs/action_msgs/srv/detail
[0.930s] -- Up-to-date: /home/abhay/microros_ws/install/action_msgs/include/action_msgs/action_msgs/srv/detail/cancel_goal__functions.c
[0.930s] -- Up-to-date: /home/abhay/microros_ws/install/action_msgs/include/action_msgs/action_msgs/srv/detail/cancel_goal__type_support.h
[0.930s] -- Up-to-date: /home/abhay/microros_ws/install/action_msgs/include/action_msgs/action_msgs/srv/detail/cancel_goal__functions.h
[0.930s] -- Up-to-date: /home/abhay/microros_ws/install/action_msgs/include/action_msgs/action_msgs/srv/detail/cancel_goal__struct.h
[0.931s] -- Up-to-date: /home/abhay/microros_ws/install/action_msgs/include/action_msgs/action_msgs/srv/cancel_goal.h
[0.931s] -- Up-to-date: /home/abhay/microros_ws/install/action_msgs/share/action_msgs/environment/library_path.sh
[0.931s] -- Up-to-date: /home/abhay/microros_ws/install/action_msgs/share/action_msgs/environment/library_path.dsv
[0.931s] -- Up-to-date: /home/abhay/microros_ws/install/action_msgs/lib/libaction_msgs__rosidl_generator_c.so
[0.931s] -- Up-to-date: /home/abhay/microros_ws/install/action_msgs/include/action_msgs/action_msgs
[0.931s] -- Up-to-date: /home/abhay/microros_ws/install/action_msgs/include/action_msgs/action_msgs/msg
[0.931s] -- Up-to-date: /home/abhay/microros_ws/install/action_msgs/include/action_msgs/action_msgs/msg/detail
[0.931s] -- Up-to-date: /home/abhay/microros_ws/install/action_msgs/include/action_msgs/action_msgs/msg/detail/goal_info__rosidl_typesupport_fastrtps_c.h
[0.931s] -- Up-to-date: /home/abhay/microros_ws/install/action_msgs/include/action_msgs/action_msgs/msg/detail/goal_status_array__rosidl_typesupport_fastrtps_c.h
[0.931s] -- Up-to-date: /home/abhay/microros_ws/install/action_msgs/include/action_msgs/action_msgs/msg/detail/goal_status__rosidl_typesupport_fastrtps_c.h
[0.931s] -- Up-to-date: /home/abhay/microros_ws/install/action_msgs/include/action_msgs/action_msgs/msg/rosidl_typesupport_fastrtps_c__visibility_control.h
[0.932s] -- Up-to-date: /home/abhay/microros_ws/install/action_msgs/include/action_msgs/action_msgs/srv
[0.932s] -- Up-to-date: /home/abhay/microros_ws/install/action_msgs/include/action_msgs/action_msgs/srv/detail
[0.932s] -- Up-to-date: /home/abhay/microros_ws/install/action_msgs/include/action_msgs/action_msgs/srv/detail/cancel_goal__rosidl_typesupport_fastrtps_c.h
[0.932s] -- Up-to-date: /home/abhay/microros_ws/install/action_msgs/lib/libaction_msgs__rosidl_typesupport_fastrtps_c.so
[0.932s] -- Up-to-date: /home/abhay/microros_ws/install/action_msgs/include/action_msgs/action_msgs
[0.932s] -- Up-to-date: /home/abhay/microros_ws/install/action_msgs/include/action_msgs/action_msgs/msg
[0.932s] -- Up-to-date: /home/abhay/microros_ws/install/action_msgs/include/action_msgs/action_msgs/msg/detail
[0.932s] -- Up-to-date: /home/abhay/microros_ws/install/action_msgs/include/action_msgs/action_msgs/msg/detail/goal_info__traits.hpp
[0.932s] -- Up-to-date: /home/abhay/microros_ws/install/action_msgs/include/action_msgs/action_msgs/msg/detail/goal_status__builder.hpp
[0.932s] -- Up-to-date: /home/abhay/microros_ws/install/action_msgs/include/action_msgs/action_msgs/msg/detail/goal_status__struct.hpp
[0.932s] -- Up-to-date: /home/abhay/microros_ws/install/action_msgs/include/action_msgs/action_msgs/msg/detail/goal_info__struct.hpp
[0.933s] -- Up-to-date: /home/abhay/microros_ws/install/action_msgs/include/action_msgs/action_msgs/msg/detail/goal_status__traits.hpp
[0.933s] -- Up-to-date: /home/abhay/microros_ws/install/action_msgs/include/action_msgs/action_msgs/msg/detail/goal_status_array__builder.hpp
[0.933s] -- Up-to-date: /home/abhay/microros_ws/install/action_msgs/include/action_msgs/action_msgs/msg/detail/goal_info__builder.hpp
[0.933s] -- Up-to-date: /home/abhay/microros_ws/install/action_msgs/include/action_msgs/action_msgs/msg/detail/goal_status_array__struct.hpp
[0.933s] -- Up-to-date: /home/abhay/microros_ws/install/action_msgs/include/action_msgs/action_msgs/msg/detail/goal_status_array__traits.hpp
[0.933s] -- Up-to-date: /home/abhay/microros_ws/install/action_msgs/include/action_msgs/action_msgs/msg/goal_status_array.hpp
[0.933s] -- Up-to-date: /home/abhay/microros_ws/install/action_msgs/include/action_msgs/action_msgs/msg/goal_status.hpp
[0.933s] -- Up-to-date: /home/abhay/microros_ws/install/action_msgs/include/action_msgs/action_msgs/msg/goal_info.hpp
[0.933s] -- Up-to-date: /home/abhay/microros_ws/install/action_msgs/include/action_msgs/action_msgs/srv
[0.933s] -- Up-to-date: /home/abhay/microros_ws/install/action_msgs/include/action_msgs/action_msgs/srv/detail
[0.933s] -- Up-to-date: /home/abhay/microros_ws/install/action_msgs/include/action_msgs/action_msgs/srv/detail/cancel_goal__traits.hpp
[0.933s] -- Up-to-date: /home/abhay/microros_ws/install/action_msgs/include/action_msgs/action_msgs/srv/detail/cancel_goal__builder.hpp
[0.934s] -- Up-to-date: /home/abhay/microros_ws/install/action_msgs/include/action_msgs/action_msgs/srv/detail/cancel_goal__struct.hpp
[0.934s] -- Up-to-date: /home/abhay/microros_ws/install/action_msgs/include/action_msgs/action_msgs/srv/cancel_goal.hpp
[0.934s] -- Up-to-date: /home/abhay/microros_ws/install/action_msgs/include/action_msgs/action_msgs
[0.934s] -- Up-to-date: /home/abhay/microros_ws/install/action_msgs/include/action_msgs/action_msgs/msg
[0.934s] -- Up-to-date: /home/abhay/microros_ws/install/action_msgs/include/action_msgs/action_msgs/msg/detail
[0.934s] -- Up-to-date: /home/abhay/microros_ws/install/action_msgs/include/action_msgs/action_msgs/msg/detail/goal_status__rosidl_typesupport_fastrtps_cpp.hpp
[0.934s] -- Up-to-date: /home/abhay/microros_ws/install/action_msgs/include/action_msgs/action_msgs/msg/detail/dds_fastrtps
[0.934s] -- Up-to-date: /home/abhay/microros_ws/install/action_msgs/include/action_msgs/action_msgs/msg/detail/goal_status_array__rosidl_typesupport_fastrtps_cpp.hpp
[0.934s] -- Up-to-date: /home/abhay/microros_ws/install/action_msgs/include/action_msgs/action_msgs/msg/detail/goal_info__rosidl_typesupport_fastrtps_cpp.hpp
[0.934s] -- Up-to-date: /home/abhay/microros_ws/install/action_msgs/include/action_msgs/action_msgs/msg/rosidl_typesupport_fastrtps_cpp__visibility_control.h
[0.934s] -- Up-to-date: /home/abhay/microros_ws/install/action_msgs/include/action_msgs/action_msgs/srv
[0.934s] -- Up-to-date: /home/abhay/microros_ws/install/action_msgs/include/action_msgs/action_msgs/srv/detail
[0.934s] -- Up-to-date: /home/abhay/microros_ws/install/action_msgs/include/action_msgs/action_msgs/srv/detail/cancel_goal__rosidl_typesupport_fastrtps_cpp.hpp
[0.935s] -- Up-to-date: /home/abhay/microros_ws/install/action_msgs/include/action_msgs/action_msgs/srv/detail/dds_fastrtps
[0.935s] -- Up-to-date: /home/abhay/microros_ws/install/action_msgs/lib/libaction_msgs__rosidl_typesupport_fastrtps_cpp.so
[0.935s] -- Up-to-date: /home/abhay/microros_ws/install/action_msgs/include/action_msgs
[0.935s] -- Up-to-date: /home/abhay/microros_ws/install/action_msgs/include/action_msgs/msg
[0.935s] -- Up-to-date: /home/abhay/microros_ws/install/action_msgs/include/action_msgs/msg/detail
[0.935s] -- Up-to-date: /home/abhay/microros_ws/install/action_msgs/include/action_msgs/msg/detail/goal_info__rosidl_typesupport_microxrcedds_c.h
[0.935s] -- Up-to-date: /home/abhay/microros_ws/install/action_msgs/include/action_msgs/msg/detail/microxrcedds
[0.935s] -- Up-to-date: /home/abhay/microros_ws/install/action_msgs/include/action_msgs/msg/detail/goal_status_array__rosidl_typesupport_microxrcedds_c.h
[0.935s] -- Up-to-date: /home/abhay/microros_ws/install/action_msgs/include/action_msgs/msg/detail/goal_status__rosidl_typesupport_microxrcedds_c.h
[0.936s] -- Up-to-date: /home/abhay/microros_ws/install/action_msgs/include/action_msgs/msg/rosidl_typesupport_microxrcedds_c__visibility_control.h
[0.936s] -- Up-to-date: /home/abhay/microros_ws/install/action_msgs/include/action_msgs/srv
[0.936s] -- Up-to-date: /home/abhay/microros_ws/install/action_msgs/include/action_msgs/srv/detail
[0.936s] -- Up-to-date: /home/abhay/microros_ws/install/action_msgs/include/action_msgs/srv/detail/microxrcedds
[0.936s] -- Up-to-date: /home/abhay/microros_ws/install/action_msgs/include/action_msgs/srv/detail/cancel_goal__rosidl_typesupport_microxrcedds_c.h
[0.936s] -- Up-to-date: /home/abhay/microros_ws/install/action_msgs/lib/libaction_msgs__rosidl_typesupport_microxrcedds_c.so
[0.936s] -- Up-to-date: /home/abhay/microros_ws/install/action_msgs/include/action_msgs/action_msgs
[0.936s] -- Up-to-date: /home/abhay/microros_ws/install/action_msgs/include/action_msgs/action_msgs/msg
[0.936s] -- Up-to-date: /home/abhay/microros_ws/install/action_msgs/include/action_msgs/action_msgs/msg/detail
[0.936s] -- Up-to-date: /home/abhay/microros_ws/install/action_msgs/include/action_msgs/action_msgs/msg/detail/goal_status__type_support.c
[0.936s] -- Up-to-date: /home/abhay/microros_ws/install/action_msgs/include/action_msgs/action_msgs/msg/detail/goal_status__rosidl_typesupport_introspection_c.h
[0.936s] -- Up-to-date: /home/abhay/microros_ws/install/action_msgs/include/action_msgs/action_msgs/msg/detail/goal_status_array__rosidl_typesupport_introspection_c.h
[0.936s] -- Up-to-date: /home/abhay/microros_ws/install/action_msgs/include/action_msgs/action_msgs/msg/detail/goal_info__type_support.c
[0.937s] -- Up-to-date: /home/abhay/microros_ws/install/action_msgs/include/action_msgs/action_msgs/msg/detail/goal_info__rosidl_typesupport_introspection_c.h
[0.937s] -- Up-to-date: /home/abhay/microros_ws/install/action_msgs/include/action_msgs/action_msgs/msg/detail/goal_status_array__type_support.c
[0.937s] -- Up-to-date: /home/abhay/microros_ws/install/action_msgs/include/action_msgs/action_msgs/msg/rosidl_typesupport_introspection_c__visibility_control.h
[0.937s] -- Up-to-date: /home/abhay/microros_ws/install/action_msgs/include/action_msgs/action_msgs/srv
[0.937s] -- Up-to-date: /home/abhay/microros_ws/install/action_msgs/include/action_msgs/action_msgs/srv/detail
[0.937s] -- Up-to-date: /home/abhay/microros_ws/install/action_msgs/include/action_msgs/action_msgs/srv/detail/cancel_goal__type_support.c
[0.937s] -- Up-to-date: /home/abhay/microros_ws/install/action_msgs/include/action_msgs/action_msgs/srv/detail/cancel_goal__rosidl_typesupport_introspection_c.h
[0.937s] -- Up-to-date: /home/abhay/microros_ws/install/action_msgs/lib/libaction_msgs__rosidl_typesupport_introspection_c.so
[0.937s] -- Up-to-date: /home/abhay/microros_ws/install/action_msgs/lib/libaction_msgs__rosidl_typesupport_c.so
[0.937s] -- Up-to-date: /home/abhay/microros_ws/install/action_msgs/include/action_msgs
[0.937s] -- Up-to-date: /home/abhay/microros_ws/install/action_msgs/include/action_msgs/msg
[0.937s] -- Up-to-date: /home/abhay/microros_ws/install/action_msgs/include/action_msgs/msg/detail
[0.937s] -- Up-to-date: /home/abhay/microros_ws/install/action_msgs/include/action_msgs/msg/detail/goal_info__rosidl_typesupport_microxrcedds_cpp.hpp
[0.938s] -- Up-to-date: /home/abhay/microros_ws/install/action_msgs/include/action_msgs/msg/detail/microxrcedds
[0.938s] -- Up-to-date: /home/abhay/microros_ws/install/action_msgs/include/action_msgs/msg/detail/microxrcedds/goal_status__type_support_cpp.cpp
[0.938s] -- Up-to-date: /home/abhay/microros_ws/install/action_msgs/include/action_msgs/msg/detail/microxrcedds/goal_info__type_support_cpp.cpp
[0.938s] -- Up-to-date: /home/abhay/microros_ws/install/action_msgs/include/action_msgs/msg/detail/microxrcedds/goal_status_array__type_support_cpp.cpp
[0.938s] -- Up-to-date: /home/abhay/microros_ws/install/action_msgs/include/action_msgs/msg/detail/goal_status__rosidl_typesupport_microxrcedds_cpp.hpp
[0.938s] -- Up-to-date: /home/abhay/microros_ws/install/action_msgs/include/action_msgs/msg/detail/goal_status_array__rosidl_typesupport_microxrcedds_cpp.hpp
[0.938s] -- Up-to-date: /home/abhay/microros_ws/install/action_msgs/include/action_msgs/msg/rosidl_typesupport_microxrcedds_cpp__visibility_control.h
[0.938s] -- Up-to-date: /home/abhay/microros_ws/install/action_msgs/include/action_msgs/srv
[0.938s] -- Up-to-date: /home/abhay/microros_ws/install/action_msgs/include/action_msgs/srv/detail
[0.938s] -- Up-to-date: /home/abhay/microros_ws/install/action_msgs/include/action_msgs/srv/detail/microxrcedds
[0.938s] -- Up-to-date: /home/abhay/microros_ws/install/action_msgs/include/action_msgs/srv/detail/microxrcedds/cancel_goal__type_support_cpp.cpp
[0.938s] -- Up-to-date: /home/abhay/microros_ws/install/action_msgs/include/action_msgs/srv/detail/cancel_goal__rosidl_typesupport_microxrcedds_cpp.hpp
[0.939s] -- Up-to-date: /home/abhay/microros_ws/install/action_msgs/lib/libaction_msgs__rosidl_typesupport_microxrcedds_cpp.so
[0.939s] -- Up-to-date: /home/abhay/microros_ws/install/action_msgs/include/action_msgs/action_msgs
[0.939s] -- Up-to-date: /home/abhay/microros_ws/install/action_msgs/include/action_msgs/action_msgs/msg
[0.939s] -- Up-to-date: /home/abhay/microros_ws/install/action_msgs/include/action_msgs/action_msgs/msg/detail
[0.939s] -- Up-to-date: /home/abhay/microros_ws/install/action_msgs/include/action_msgs/action_msgs/msg/detail/goal_status_array__type_support.cpp
[0.939s] -- Up-to-date: /home/abhay/microros_ws/install/action_msgs/include/action_msgs/action_msgs/msg/detail/goal_info__rosidl_typesupport_introspection_cpp.hpp
[0.939s] -- Up-to-date: /home/abhay/microros_ws/install/action_msgs/include/action_msgs/action_msgs/msg/detail/goal_status__type_support.cpp
[0.939s] -- Up-to-date: /home/abhay/microros_ws/install/action_msgs/include/action_msgs/action_msgs/msg/detail/goal_status_array__rosidl_typesupport_introspection_cpp.hpp
[0.939s] -- Up-to-date: /home/abhay/microros_ws/install/action_msgs/include/action_msgs/action_msgs/msg/detail/goal_info__type_support.cpp
[0.939s] -- Up-to-date: /home/abhay/microros_ws/install/action_msgs/include/action_msgs/action_msgs/msg/detail/goal_status__rosidl_typesupport_introspection_cpp.hpp
[0.939s] -- Up-to-date: /home/abhay/microros_ws/install/action_msgs/include/action_msgs/action_msgs/srv
[0.940s] -- Up-to-date: /home/abhay/microros_ws/install/action_msgs/include/action_msgs/action_msgs/srv/detail
[0.940s] -- Up-to-date: /home/abhay/microros_ws/install/action_msgs/include/action_msgs/action_msgs/srv/detail/cancel_goal__type_support.cpp
[0.940s] -- Up-to-date: /home/abhay/microros_ws/install/action_msgs/include/action_msgs/action_msgs/srv/detail/cancel_goal__rosidl_typesupport_introspection_cpp.hpp
[0.940s] -- Up-to-date: /home/abhay/microros_ws/install/action_msgs/lib/libaction_msgs__rosidl_typesupport_introspection_cpp.so
[0.940s] -- Up-to-date: /home/abhay/microros_ws/install/action_msgs/lib/libaction_msgs__rosidl_typesupport_cpp.so
[0.940s] -- Up-to-date: /home/abhay/microros_ws/install/action_msgs/share/action_msgs/environment/pythonpath.sh
[0.940s] -- Up-to-date: /home/abhay/microros_ws/install/action_msgs/share/action_msgs/environment/pythonpath.dsv
[0.940s] -- Up-to-date: /home/abhay/microros_ws/install/action_msgs/local/lib/python3.10/dist-packages/action_msgs-1.2.1-py3.10.egg-info
[0.940s] -- Installing: /home/abhay/microros_ws/install/action_msgs/local/lib/python3.10/dist-packages/action_msgs-1.2.1-py3.10.egg-info/top_level.txt
[0.940s] -- Installing: /home/abhay/microros_ws/install/action_msgs/local/lib/python3.10/dist-packages/action_msgs-1.2.1-py3.10.egg-info/SOURCES.txt
[0.940s] -- Installing: /home/abhay/microros_ws/install/action_msgs/local/lib/python3.10/dist-packages/action_msgs-1.2.1-py3.10.egg-info/dependency_links.txt
[0.940s] -- Installing: /home/abhay/microros_ws/install/action_msgs/local/lib/python3.10/dist-packages/action_msgs-1.2.1-py3.10.egg-info/PKG-INFO
[0.941s] -- Up-to-date: /home/abhay/microros_ws/install/action_msgs/local/lib/python3.10/dist-packages/action_msgs
[0.941s] -- Up-to-date: /home/abhay/microros_ws/install/action_msgs/local/lib/python3.10/dist-packages/action_msgs/msg
[0.941s] -- Up-to-date: /home/abhay/microros_ws/install/action_msgs/local/lib/python3.10/dist-packages/action_msgs/msg/_goal_info.py
[0.941s] -- Up-to-date: /home/abhay/microros_ws/install/action_msgs/local/lib/python3.10/dist-packages/action_msgs/msg/_goal_info_s.c
[0.941s] -- Up-to-date: /home/abhay/microros_ws/install/action_msgs/local/lib/python3.10/dist-packages/action_msgs/msg/_goal_status.py
[0.941s] -- Up-to-date: /home/abhay/microros_ws/install/action_msgs/local/lib/python3.10/dist-packages/action_msgs/msg/_goal_status_array.py
[0.941s] -- Up-to-date: /home/abhay/microros_ws/install/action_msgs/local/lib/python3.10/dist-packages/action_msgs/msg/_goal_status_s.c
[0.941s] -- Up-to-date: /home/abhay/microros_ws/install/action_msgs/local/lib/python3.10/dist-packages/action_msgs/msg/_goal_status_array_s.c
[0.941s] -- Up-to-date: /home/abhay/microros_ws/install/action_msgs/local/lib/python3.10/dist-packages/action_msgs/msg/__init__.py
[0.941s] -- Up-to-date: /home/abhay/microros_ws/install/action_msgs/local/lib/python3.10/dist-packages/action_msgs/action_msgs_s__rosidl_typesupport_introspection_c.cpython-310-x86_64-linux-gnu.so
[0.941s] -- Up-to-date: /home/abhay/microros_ws/install/action_msgs/local/lib/python3.10/dist-packages/action_msgs/_action_msgs_s.ep.rosidl_typesupport_fastrtps_c.c
[0.941s] -- Up-to-date: /home/abhay/microros_ws/install/action_msgs/local/lib/python3.10/dist-packages/action_msgs/action_msgs_s__rosidl_typesupport_fastrtps_c.cpython-310-x86_64-linux-gnu.so
[0.942s] -- Up-to-date: /home/abhay/microros_ws/install/action_msgs/local/lib/python3.10/dist-packages/action_msgs/_action_msgs_s.ep.rosidl_typesupport_microxrcedds_c.c
[0.942s] -- Up-to-date: /home/abhay/microros_ws/install/action_msgs/local/lib/python3.10/dist-packages/action_msgs/_action_msgs_s.ep.rosidl_typesupport_introspection_c.c
[0.942s] -- Up-to-date: /home/abhay/microros_ws/install/action_msgs/local/lib/python3.10/dist-packages/action_msgs/action_msgs_s__rosidl_typesupport_c.cpython-310-x86_64-linux-gnu.so
[0.942s] -- Up-to-date: /home/abhay/microros_ws/install/action_msgs/local/lib/python3.10/dist-packages/action_msgs/_action_msgs_s.ep.rosidl_typesupport_c.c
[0.942s] -- Up-to-date: /home/abhay/microros_ws/install/action_msgs/local/lib/python3.10/dist-packages/action_msgs/libaction_msgs__rosidl_generator_py.so
[0.942s] -- Up-to-date: /home/abhay/microros_ws/install/action_msgs/local/lib/python3.10/dist-packages/action_msgs/action_msgs_s__rosidl_typesupport_microxrcedds_c.cpython-310-x86_64-linux-gnu.so
[0.942s] -- Up-to-date: /home/abhay/microros_ws/install/action_msgs/local/lib/python3.10/dist-packages/action_msgs/__init__.py
[0.942s] -- Up-to-date: /home/abhay/microros_ws/install/action_msgs/local/lib/python3.10/dist-packages/action_msgs/srv
[0.942s] -- Up-to-date: /home/abhay/microros_ws/install/action_msgs/local/lib/python3.10/dist-packages/action_msgs/srv/_cancel_goal_s.c
[0.942s] -- Up-to-date: /home/abhay/microros_ws/install/action_msgs/local/lib/python3.10/dist-packages/action_msgs/srv/_cancel_goal.py
[0.942s] -- Up-to-date: /home/abhay/microros_ws/install/action_msgs/local/lib/python3.10/dist-packages/action_msgs/srv/__init__.py
[0.969s] Listing '/home/abhay/microros_ws/install/action_msgs/local/lib/python3.10/dist-packages/action_msgs'...
[0.969s] Listing '/home/abhay/microros_ws/install/action_msgs/local/lib/python3.10/dist-packages/action_msgs/msg'...
[0.969s] Listing '/home/abhay/microros_ws/install/action_msgs/local/lib/python3.10/dist-packages/action_msgs/srv'...
[0.973s] -- Up-to-date: /home/abhay/microros_ws/install/action_msgs/local/lib/python3.10/dist-packages/action_msgs/action_msgs_s__rosidl_typesupport_microxrcedds_c.cpython-310-x86_64-linux-gnu.so
[0.973s] -- Up-to-date: /home/abhay/microros_ws/install/action_msgs/local/lib/python3.10/dist-packages/action_msgs/action_msgs_s__rosidl_typesupport_fastrtps_c.cpython-310-x86_64-linux-gnu.so
[0.974s] -- Up-to-date: /home/abhay/microros_ws/install/action_msgs/local/lib/python3.10/dist-packages/action_msgs/action_msgs_s__rosidl_typesupport_introspection_c.cpython-310-x86_64-linux-gnu.so
[0.974s] -- Up-to-date: /home/abhay/microros_ws/install/action_msgs/local/lib/python3.10/dist-packages/action_msgs/action_msgs_s__rosidl_typesupport_c.cpython-310-x86_64-linux-gnu.so
[0.975s] -- Up-to-date: /home/abhay/microros_ws/install/action_msgs/lib/libaction_msgs__rosidl_generator_py.so
[0.976s] -- Up-to-date: /home/abhay/microros_ws/install/action_msgs/share/action_msgs/msg/GoalInfo.idl
[0.976s] -- Up-to-date: /home/abhay/microros_ws/install/action_msgs/share/action_msgs/msg/GoalStatus.idl
[0.976s] -- Up-to-date: /home/abhay/microros_ws/install/action_msgs/share/action_msgs/msg/GoalStatusArray.idl
[0.977s] -- Up-to-date: /home/abhay/microros_ws/install/action_msgs/share/action_msgs/srv/CancelGoal.idl
[0.977s] -- Up-to-date: /home/abhay/microros_ws/install/action_msgs/share/action_msgs/msg/GoalInfo.msg
[0.977s] -- Up-to-date: /home/abhay/microros_ws/install/action_msgs/share/action_msgs/msg/GoalStatus.msg
[0.977s] -- Up-to-date: /home/abhay/microros_ws/install/action_msgs/share/action_msgs/msg/GoalStatusArray.msg
[0.977s] -- Up-to-date: /home/abhay/microros_ws/install/action_msgs/share/action_msgs/srv/CancelGoal.srv
[0.978s] -- Up-to-date: /home/abhay/microros_ws/install/action_msgs/share/action_msgs/srv/CancelGoal_Request.msg
[0.978s] -- Up-to-date: /home/abhay/microros_ws/install/action_msgs/share/action_msgs/srv/CancelGoal_Response.msg
[0.979s] -- Up-to-date: /home/abhay/microros_ws/install/action_msgs/share/ament_index/resource_index/package_run_dependencies/action_msgs
[0.979s] -- Up-to-date: /home/abhay/microros_ws/install/action_msgs/share/ament_index/resource_index/parent_prefix_path/action_msgs
[0.980s] -- Up-to-date: /home/abhay/microros_ws/install/action_msgs/share/action_msgs/environment/ament_prefix_path.sh
[0.980s] -- Up-to-date: /home/abhay/microros_ws/install/action_msgs/share/action_msgs/environment/ament_prefix_path.dsv
[0.980s] -- Up-to-date: /home/abhay/microros_ws/install/action_msgs/share/action_msgs/environment/path.sh
[0.980s] -- Up-to-date: /home/abhay/microros_ws/install/action_msgs/share/action_msgs/environment/path.dsv
[0.980s] -- Up-to-date: /home/abhay/microros_ws/install/action_msgs/share/action_msgs/local_setup.bash
[0.980s] -- Up-to-date: /home/abhay/microros_ws/install/action_msgs/share/action_msgs/local_setup.sh
[0.980s] -- Up-to-date: /home/abhay/microros_ws/install/action_msgs/share/action_msgs/local_setup.zsh
[0.980s] -- Up-to-date: /home/abhay/microros_ws/install/action_msgs/share/action_msgs/local_setup.dsv
[0.980s] -- Installing: /home/abhay/microros_ws/install/action_msgs/share/action_msgs/package.dsv
[0.981s] -- Up-to-date: /home/abhay/microros_ws/install/action_msgs/share/ament_index/resource_index/packages/action_msgs
[0.981s] -- Up-to-date: /home/abhay/microros_ws/install/action_msgs/share/action_msgs/cmake/export_action_msgs__rosidl_generator_cExport.cmake
[0.981s] -- Up-to-date: /home/abhay/microros_ws/install/action_msgs/share/action_msgs/cmake/export_action_msgs__rosidl_generator_cExport-noconfig.cmake
[0.981s] -- Up-to-date: /home/abhay/microros_ws/install/action_msgs/share/action_msgs/cmake/export_action_msgs__rosidl_typesupport_fastrtps_cExport.cmake
[0.981s] -- Up-to-date: /home/abhay/microros_ws/install/action_msgs/share/action_msgs/cmake/export_action_msgs__rosidl_typesupport_fastrtps_cExport-noconfig.cmake
[0.981s] -- Up-to-date: /home/abhay/microros_ws/install/action_msgs/share/action_msgs/cmake/export_action_msgs__rosidl_generator_cppExport.cmake
[0.982s] -- Up-to-date: /home/abhay/microros_ws/install/action_msgs/share/action_msgs/cmake/export_action_msgs__rosidl_typesupport_fastrtps_cppExport.cmake
[0.982s] -- Up-to-date: /home/abhay/microros_ws/install/action_msgs/share/action_msgs/cmake/export_action_msgs__rosidl_typesupport_fastrtps_cppExport-noconfig.cmake
[0.982s] -- Up-to-date: /home/abhay/microros_ws/install/action_msgs/share/action_msgs/cmake/action_msgs__rosidl_typesupport_introspection_cExport.cmake
[0.982s] -- Up-to-date: /home/abhay/microros_ws/install/action_msgs/share/action_msgs/cmake/action_msgs__rosidl_typesupport_introspection_cExport-noconfig.cmake
[0.982s] -- Up-to-date: /home/abhay/microros_ws/install/action_msgs/share/action_msgs/cmake/action_msgs__rosidl_typesupport_cExport.cmake
[0.982s] -- Up-to-date: /home/abhay/microros_ws/install/action_msgs/share/action_msgs/cmake/action_msgs__rosidl_typesupport_cExport-noconfig.cmake
[0.982s] -- Up-to-date: /home/abhay/microros_ws/install/action_msgs/share/action_msgs/cmake/action_msgs__rosidl_typesupport_introspection_cppExport.cmake
[0.982s] -- Up-to-date: /home/abhay/microros_ws/install/action_msgs/share/action_msgs/cmake/action_msgs__rosidl_typesupport_introspection_cppExport-noconfig.cmake
[0.982s] -- Up-to-date: /home/abhay/microros_ws/install/action_msgs/share/action_msgs/cmake/action_msgs__rosidl_typesupport_cppExport.cmake
[0.983s] -- Up-to-date: /home/abhay/microros_ws/install/action_msgs/share/action_msgs/cmake/action_msgs__rosidl_typesupport_cppExport-noconfig.cmake
[0.983s] -- Up-to-date: /home/abhay/microros_ws/install/action_msgs/share/action_msgs/cmake/export_action_msgs__rosidl_generator_pyExport.cmake
[0.983s] -- Up-to-date: /home/abhay/microros_ws/install/action_msgs/share/action_msgs/cmake/export_action_msgs__rosidl_generator_pyExport-noconfig.cmake
[0.983s] -- Up-to-date: /home/abhay/microros_ws/install/action_msgs/share/action_msgs/cmake/rosidl_cmake-extras.cmake
[0.983s] -- Up-to-date: /home/abhay/microros_ws/install/action_msgs/share/action_msgs/cmake/ament_cmake_export_dependencies-extras.cmake
[0.983s] -- Up-to-date: /home/abhay/microros_ws/install/action_msgs/share/action_msgs/cmake/ament_cmake_export_include_directories-extras.cmake
[0.983s] -- Up-to-date: /home/abhay/microros_ws/install/action_msgs/share/action_msgs/cmake/ament_cmake_export_libraries-extras.cmake
[0.984s] -- Up-to-date: /home/abhay/microros_ws/install/action_msgs/share/action_msgs/cmake/ament_cmake_export_targets-extras.cmake
[0.984s] -- Up-to-date: /home/abhay/microros_ws/install/action_msgs/share/action_msgs/cmake/rosidl_cmake_export_typesupport_targets-extras.cmake
[0.984s] -- Up-to-date: /home/abhay/microros_ws/install/action_msgs/share/action_msgs/cmake/rosidl_cmake_export_typesupport_libraries-extras.cmake
[0.984s] -- Up-to-date: /home/abhay/microros_ws/install/action_msgs/share/action_msgs/cmake/action_msgsConfig.cmake
[0.984s] -- Up-to-date: /home/abhay/microros_ws/install/action_msgs/share/action_msgs/cmake/action_msgsConfig-version.cmake
[0.984s] -- Up-to-date: /home/abhay/microros_ws/install/action_msgs/share/action_msgs/package.xml
[0.986s] Invoked command in '/home/abhay/microros_ws/build/action_msgs' returned '0': CMAKE_PREFIX_PATH=/home/abhay/microros_ws/install/unique_identifier_msgs:/home/abhay/microros_ws/install/builtin_interfaces:/home/abhay/microros_ws/install/micro_ros_demos_rclc:/home/abhay/microros_ws/install/common_interfaces:/home/abhay/microros_ws/install/visualization_msgs:/home/abhay/microros_ws/install/test_msgs:/home/abhay/microros_ws/install/example_interfaces:/home/abhay/microros_ws/install/action_msgs:/home/abhay/microros_ws/install/trajectory_msgs:/home/abhay/microros_ws/install/stereo_msgs:/home/abhay/microros_ws/install/std_srvs:/home/abhay/microros_ws/install/shape_msgs:/home/abhay/microros_ws/install/sensor_msgs:/home/abhay/microros_ws/install/nav_msgs:/home/abhay/microros_ws/install/diagnostic_msgs:/home/abhay/microros_ws/install/geometry_msgs:/home/abhay/microros_ws/install/actionlib_msgs:/home/abhay/microros_ws/install/std_msgs:/home/abhay/microros_ws/install/statistics_msgs:/home/abhay/microros_ws/install/rosidl_typesupport_microxrcedds_test_msg:/home/abhay/microros_ws/install/rosidl_typesupport_microxrcedds_cpp_tests:/home/abhay/microros_ws/install/rmw_microxrcedds:/home/abhay/microros_ws/install/rosidl_typesupport_microxrcedds_cpp:/home/abhay/microros_ws/install/rosidl_typesupport_microxrcedds_c_tests:/home/abhay/microros_ws/install/rosidl_typesupport_microxrcedds_c:/home/abhay/microros_ws/install/rosgraph_msgs:/home/abhay/microros_ws/install/rclc_parameter:/home/abhay/microros_ws/install/rclc:/home/abhay/microros_ws/install/composition_interfaces:/home/abhay/microros_ws/install/rcl_interfaces:/home/abhay/microros_ws/install/microxrcedds_client:/home/abhay/microros_ws/install/microcdr:/home/abhay/microros_ws/install/micro_ros_utilities:/home/abhay/microros_ws/install/micro_ros_msgs:/home/abhay/microros_ws/install/lifecycle_msgs:/home/abhay/microros_ws/install/complex_msgs:/home/abhay/microros_ws/install/micro_ros_setup:/home/abhay/microros_ws/install/sensor_msgs_py:/home/abhay/ros2_ws/install/py_srvcli:/home/abhay/ros2_ws/install/my_robot_controller:/opt/ros/humble LD_LIBRARY_PATH=/home/abhay/microros_ws/install/unique_identifier_msgs/lib:/home/abhay/microros_ws/install/builtin_interfaces/lib:/home/abhay/microros_ws/install/visualization_msgs/lib:/home/abhay/microros_ws/install/test_msgs/lib:/home/abhay/microros_ws/install/example_interfaces/lib:/home/abhay/microros_ws/install/action_msgs/lib:/home/abhay/microros_ws/install/trajectory_msgs/lib:/home/abhay/microros_ws/install/stereo_msgs/lib:/home/abhay/microros_ws/install/std_srvs/lib:/home/abhay/microros_ws/install/shape_msgs/lib:/home/abhay/microros_ws/install/sensor_msgs/lib:/home/abhay/microros_ws/install/nav_msgs/lib:/home/abhay/microros_ws/install/diagnostic_msgs/lib:/home/abhay/microros_ws/install/geometry_msgs/lib:/home/abhay/microros_ws/install/actionlib_msgs/lib:/home/abhay/microros_ws/install/std_msgs/lib:/home/abhay/microros_ws/install/statistics_msgs/lib:/home/abhay/microros_ws/install/rmw_microxrcedds/lib:/home/abhay/microros_ws/install/rosidl_typesupport_microxrcedds_cpp/lib:/home/abhay/microros_ws/install/rosidl_typesupport_microxrcedds_c/lib:/home/abhay/microros_ws/install/rosgraph_msgs/lib:/home/abhay/microros_ws/install/rclc_parameter/lib:/home/abhay/microros_ws/install/rclc/lib:/home/abhay/microros_ws/install/composition_interfaces/lib:/home/abhay/microros_ws/install/rcl_interfaces/lib:/home/abhay/microros_ws/install/microxrcedds_client/lib:/home/abhay/microros_ws/install/microcdr/lib:/home/abhay/microros_ws/install/micro_ros_utilities/lib:/home/abhay/microros_ws/install/micro_ros_msgs/lib:/home/abhay/microros_ws/install/lifecycle_msgs/lib:/home/abhay/microros_ws/install/complex_msgs/lib:/opt/ros/humble/opt/rviz_ogre_vendor/lib:/opt/ros/humble/lib/x86_64-linux-gnu:/opt/ros/humble/lib /usr/bin/cmake --install /home/abhay/microros_ws/build/action_msgs
