[0.022s] Invoking command in '/home/abhay/microros_ws/build/micro_ros_utilities': CMAKE_PREFIX_PATH=${CMAKE_PREFIX_PATH}:/home/abhay/ros2_ws/install/py_srvcli:/home/abhay/ros2_ws/install/my_robot_controller:/opt/ros/humble /usr/bin/cmake /home/abhay/microros_ws/src/uros/micro_ros_utilities -DBUILD_TESTING=OFF -DBUILD_SHARED_LIBS=ON -DCMAKE_INSTALL_PREFIX=/home/abhay/microros_ws/install/micro_ros_utilities
[0.070s] -- The C compiler identification is GNU 11.4.0
[0.112s] -- The CXX compiler identification is GNU 11.4.0
[0.119s] -- Detecting C compiler ABI info
[0.178s] -- Detecting C compiler ABI info - done
[0.188s] -- Check for working C compiler: /usr/bin/cc - skipped
[0.188s] -- Detecting C compile features
[0.188s] -- Detecting C compile features - done
[0.192s] -- Detecting CXX compiler ABI info
[0.283s] -- Detecting CXX compiler ABI info - done
[0.291s] -- Check for working CXX compiler: /usr/bin/c++ - skipped
[0.291s] -- Detecting CXX compile features
[0.292s] -- Detecting CXX compile features - done
[0.293s] -- Found ament_cmake: 1.3.8 (/opt/ros/humble/share/ament_cmake/cmake)
[0.476s] -- Found Python3: /usr/bin/python3 (found version "3.10.12") found components: Interpreter 
[0.604s] -- Found rosidl_typesupport_introspection_c: 3.1.5 (/opt/ros/humble/share/rosidl_typesupport_introspection_c/cmake)
[0.613s] -- Found rosidl_adapter: 3.1.5 (/opt/ros/humble/share/rosidl_adapter/cmake)
[0.751s] -- Configuring done
[0.757s] -- Generating done
[0.759s] -- Build files have been written to: /home/abhay/microros_ws/build/micro_ros_utilities
[0.780s] Invoked command in '/home/abhay/microros_ws/build/micro_ros_utilities' returned '0': CMAKE_PREFIX_PATH=${CMAKE_PREFIX_PATH}:/home/abhay/ros2_ws/install/py_srvcli:/home/abhay/ros2_ws/install/my_robot_controller:/opt/ros/humble /usr/bin/cmake /home/abhay/microros_ws/src/uros/micro_ros_utilities -DBUILD_TESTING=OFF -DBUILD_SHARED_LIBS=ON -DCMAKE_INSTALL_PREFIX=/home/abhay/microros_ws/install/micro_ros_utilities
[0.781s] Invoking command in '/home/abhay/microros_ws/build/micro_ros_utilities': CMAKE_PREFIX_PATH=${CMAKE_PREFIX_PATH}:/home/abhay/ros2_ws/install/py_srvcli:/home/abhay/ros2_ws/install/my_robot_controller:/opt/ros/humble /usr/bin/cmake --build /home/abhay/microros_ws/build/micro_ros_utilities -- -j16 -l16
[0.836s] [ 66%] [32mBuilding C object CMakeFiles/micro_ros_utilities.dir/src/type_utilities.c.o[0m
[0.836s] [ 66%] [32mBuilding C object CMakeFiles/micro_ros_utilities.dir/src/string_utilities.c.o[0m
[0.907s] [100%] [32m[1mLinking C shared library libmicro_ros_utilities.so[0m
[0.949s] [100%] Built target micro_ros_utilities
[0.961s] Invoked command in '/home/abhay/microros_ws/build/micro_ros_utilities' returned '0': CMAKE_PREFIX_PATH=${CMAKE_PREFIX_PATH}:/home/abhay/ros2_ws/install/py_srvcli:/home/abhay/ros2_ws/install/my_robot_controller:/opt/ros/humble /usr/bin/cmake --build /home/abhay/microros_ws/build/micro_ros_utilities -- -j16 -l16
[0.988s] Invoking command in '/home/abhay/microros_ws/build/micro_ros_utilities': CMAKE_PREFIX_PATH=${CMAKE_PREFIX_PATH}:/home/abhay/ros2_ws/install/py_srvcli:/home/abhay/ros2_ws/install/my_robot_controller:/opt/ros/humble /usr/bin/cmake --install /home/abhay/microros_ws/build/micro_ros_utilities
[0.998s] -- Install configuration: ""
[0.998s] -- Installing: /home/abhay/microros_ws/install/micro_ros_utilities/include
[0.998s] -- Installing: /home/abhay/microros_ws/install/micro_ros_utilities/include/micro_ros_utilities
[0.998s] -- Installing: /home/abhay/microros_ws/install/micro_ros_utilities/include/micro_ros_utilities/type_utilities.h
[0.998s] -- Installing: /home/abhay/microros_ws/install/micro_ros_utilities/include/micro_ros_utilities/visibility_control.h
[0.998s] -- Installing: /home/abhay/microros_ws/install/micro_ros_utilities/include/micro_ros_utilities/string_utilities.h
[0.999s] -- Installing: /home/abhay/microros_ws/install/micro_ros_utilities/lib/libmicro_ros_utilities.so
[0.999s] -- Set runtime path of "/home/abhay/microros_ws/install/micro_ros_utilities/lib/libmicro_ros_utilities.so" to ""
[0.999s] -- Installing: /home/abhay/microros_ws/install/micro_ros_utilities/share/micro_ros_utilities/environment/library_path.sh
[0.999s] -- Installing: /home/abhay/microros_ws/install/micro_ros_utilities/share/micro_ros_utilities/environment/library_path.dsv
[0.999s] -- Installing: /home/abhay/microros_ws/install/micro_ros_utilities/share/ament_index/resource_index/package_run_dependencies/micro_ros_utilities
[0.999s] -- Installing: /home/abhay/microros_ws/install/micro_ros_utilities/share/ament_index/resource_index/parent_prefix_path/micro_ros_utilities
[0.999s] -- Installing: /home/abhay/microros_ws/install/micro_ros_utilities/share/micro_ros_utilities/environment/ament_prefix_path.sh
[0.999s] -- Installing: /home/abhay/microros_ws/install/micro_ros_utilities/share/micro_ros_utilities/environment/ament_prefix_path.dsv
[1.000s] -- Installing: /home/abhay/microros_ws/install/micro_ros_utilities/share/micro_ros_utilities/environment/path.sh
[1.000s] -- Installing: /home/abhay/microros_ws/install/micro_ros_utilities/share/micro_ros_utilities/environment/path.dsv
[1.000s] -- Installing: /home/abhay/microros_ws/install/micro_ros_utilities/share/micro_ros_utilities/local_setup.bash
[1.000s] -- Installing: /home/abhay/microros_ws/install/micro_ros_utilities/share/micro_ros_utilities/local_setup.sh
[1.000s] -- Installing: /home/abhay/microros_ws/install/micro_ros_utilities/share/micro_ros_utilities/local_setup.zsh
[1.000s] -- Installing: /home/abhay/microros_ws/install/micro_ros_utilities/share/micro_ros_utilities/local_setup.dsv
[1.001s] -- Installing: /home/abhay/microros_ws/install/micro_ros_utilities/share/micro_ros_utilities/package.dsv
[1.001s] -- Installing: /home/abhay/microros_ws/install/micro_ros_utilities/share/ament_index/resource_index/packages/micro_ros_utilities
[1.001s] -- Installing: /home/abhay/microros_ws/install/micro_ros_utilities/share/micro_ros_utilities/cmake/ament_cmake_export_include_directories-extras.cmake
[1.001s] -- Installing: /home/abhay/microros_ws/install/micro_ros_utilities/share/micro_ros_utilities/cmake/ament_cmake_export_libraries-extras.cmake
[1.001s] -- Installing: /home/abhay/microros_ws/install/micro_ros_utilities/share/micro_ros_utilities/cmake/ament_cmake_export_dependencies-extras.cmake
[1.001s] -- Installing: /home/abhay/microros_ws/install/micro_ros_utilities/share/micro_ros_utilities/cmake/micro_ros_utilitiesConfig.cmake
[1.001s] -- Installing: /home/abhay/microros_ws/install/micro_ros_utilities/share/micro_ros_utilities/cmake/micro_ros_utilitiesConfig-version.cmake
[1.002s] -- Installing: /home/abhay/microros_ws/install/micro_ros_utilities/share/micro_ros_utilities/package.xml
[1.004s] Invoked command in '/home/abhay/microros_ws/build/micro_ros_utilities' returned '0': CMAKE_PREFIX_PATH=${CMAKE_PREFIX_PATH}:/home/abhay/ros2_ws/install/py_srvcli:/home/abhay/ros2_ws/install/my_robot_controller:/opt/ros/humble /usr/bin/cmake --install /home/abhay/microros_ws/build/micro_ros_utilities
