[0.009s] Invoking command in '/home/abhay/microros_ws/build/micro_ros_msgs': CMAKE_PREFIX_PATH=${CMAKE_PREFIX_PATH}:/home/abhay/microros_ws/install/sensor_msgs_py:/home/abhay/ros2_ws/install/py_srvcli:/home/abhay/ros2_ws/install/my_robot_controller:/opt/ros/humble /usr/bin/cmake /home/abhay/microros_ws/src/uros/micro_ros_msgs -DUAGENT_BUILD_EXECUTABLE=OFF -DUAGENT_P2P_PROFILE=OFF --no-warn-unused-cli -DCMAKE_INSTALL_PREFIX=/home/abhay/microros_ws/install/micro_ros_msgs
[0.014s] Not searching for unused variables given on the command line.
[0.018s] -- Found ament_cmake: 1.3.8 (/opt/ros/humble/share/ament_cmake/cmake)
[0.116s] -- Found rosidl_default_generators: 1.2.0 (/opt/ros/humble/share/rosidl_default_generators/cmake)
[0.120s] -- Using all available rosidl_typesupport_c: rosidl_typesupport_microxrcedds_c;rosidl_typesupport_fastrtps_c;rosidl_typesupport_introspection_c
[0.122s] -- Found rosidl_adapter: 3.1.5 (/opt/ros/humble/share/rosidl_adapter/cmake)
[0.147s] -- Using all available rosidl_typesupport_cpp: rosidl_typesupport_microxrcedds_cpp;rosidl_typesupport_fastrtps_cpp;rosidl_typesupport_introspection_cpp
[0.365s] -- Found ament_cmake_ros: 0.10.0 (/opt/ros/humble/share/ament_cmake_ros/cmake)
[0.563s] -- Using all available rosidl_typesupport_c: rosidl_typesupport_microxrcedds_c;rosidl_typesupport_fastrtps_c;rosidl_typesupport_introspection_c
[0.800s] -- Using all available rosidl_typesupport_cpp: rosidl_typesupport_microxrcedds_cpp;rosidl_typesupport_fastrtps_cpp;rosidl_typesupport_introspection_cpp
[0.819s] -- Found python_cmake_module: 0.10.0 (/opt/ros/humble/share/python_cmake_module/cmake)
[0.838s] -- Using PYTHON_EXECUTABLE: /usr/bin/python3
[0.838s] -- Using PYTHON_INCLUDE_DIRS: /usr/include/python3.10
[0.838s] -- Using PYTHON_LIBRARIES: /usr/lib/x86_64-linux-gnu/libpython3.10.so
[0.858s] -- Configuring done
[0.878s] -- Generating done
[0.881s] -- Build files have been written to: /home/abhay/microros_ws/build/micro_ros_msgs
[0.884s] Invoked command in '/home/abhay/microros_ws/build/micro_ros_msgs' returned '0': CMAKE_PREFIX_PATH=${CMAKE_PREFIX_PATH}:/home/abhay/microros_ws/install/sensor_msgs_py:/home/abhay/ros2_ws/install/py_srvcli:/home/abhay/ros2_ws/install/my_robot_controller:/opt/ros/humble /usr/bin/cmake /home/abhay/microros_ws/src/uros/micro_ros_msgs -DUAGENT_BUILD_EXECUTABLE=OFF -DUAGENT_P2P_PROFILE=OFF --no-warn-unused-cli -DCMAKE_INSTALL_PREFIX=/home/abhay/microros_ws/install/micro_ros_msgs
[0.885s] Invoking command in '/home/abhay/microros_ws/build/micro_ros_msgs': CMAKE_PREFIX_PATH=${CMAKE_PREFIX_PATH}:/home/abhay/microros_ws/install/sensor_msgs_py:/home/abhay/ros2_ws/install/py_srvcli:/home/abhay/ros2_ws/install/my_robot_controller:/opt/ros/humble /usr/bin/cmake --build /home/abhay/microros_ws/build/micro_ros_msgs -- -j16 -l16
[0.917s] [35m[1mConsolidate compiler generated dependencies of target micro_ros_msgs__rosidl_generator_c[0m
[0.931s] [  8%] Built target micro_ros_msgs__rosidl_generator_c
[0.934s] [ 10%] Built target micro_ros_msgs__cpp
[0.946s] [ 10%] Built target ament_cmake_python_copy_micro_ros_msgs
[0.948s] [35m[1mConsolidate compiler generated dependencies of target micro_ros_msgs__rosidl_typesupport_introspection_c[0m
[0.948s] [35m[1mConsolidate compiler generated dependencies of target micro_ros_msgs__rosidl_typesupport_c[0m
[0.948s] [35m[1mConsolidate compiler generated dependencies of target micro_ros_msgs__rosidl_typesupport_fastrtps_c[0m
[0.948s] [35m[1mConsolidate compiler generated dependencies of target micro_ros_msgs__rosidl_typesupport_microxrcedds_c[0m
[0.953s] [35m[1mConsolidate compiler generated dependencies of target micro_ros_msgs__rosidl_typesupport_microxrcedds_cpp[0m
[0.953s] [35m[1mConsolidate compiler generated dependencies of target micro_ros_msgs__rosidl_typesupport_introspection_cpp[0m
[0.953s] [35m[1mConsolidate compiler generated dependencies of target micro_ros_msgs__rosidl_typesupport_fastrtps_cpp[0m
[0.958s] [35m[1mConsolidate compiler generated dependencies of target micro_ros_msgs__rosidl_typesupport_cpp[0m
[0.965s] [ 18%] Built target micro_ros_msgs__rosidl_typesupport_introspection_c
[0.967s] [ 27%] Built target micro_ros_msgs__rosidl_typesupport_c
[0.969s] [ 35%] Built target micro_ros_msgs__rosidl_typesupport_fastrtps_cpp
[0.970s] [ 49%] Built target micro_ros_msgs__rosidl_typesupport_fastrtps_c
[0.970s] [ 52%] Built target micro_ros_msgs__rosidl_typesupport_microxrcedds_c
[0.973s] [ 71%] Built target micro_ros_msgs__rosidl_typesupport_introspection_cpp
[0.973s] [ 71%] Built target micro_ros_msgs__rosidl_typesupport_cpp
[0.973s] [ 77%] Built target micro_ros_msgs__rosidl_typesupport_microxrcedds_cpp
[0.992s] [ 77%] Built target micro_ros_msgs
[1.011s] [ 79%] Built target micro_ros_msgs__py
[1.020s] [35m[1mConsolidate compiler generated dependencies of target micro_ros_msgs__rosidl_generator_py[0m
[1.039s] [ 86%] Built target micro_ros_msgs__rosidl_generator_py
[1.053s] [35m[1mConsolidate compiler generated dependencies of target micro_ros_msgs__rosidl_typesupport_fastrtps_c__pyext[0m
[1.054s] [35m[1mConsolidate compiler generated dependencies of target micro_ros_msgs__rosidl_typesupport_c__pyext[0m
[1.054s] [35m[1mConsolidate compiler generated dependencies of target micro_ros_msgs__rosidl_typesupport_microxrcedds_c__pyext[0m
[1.054s] [35m[1mConsolidate compiler generated dependencies of target micro_ros_msgs__rosidl_typesupport_introspection_c__pyext[0m
[1.065s] [ 96%] Built target micro_ros_msgs__rosidl_typesupport_microxrcedds_c__pyext
[1.065s] [ 96%] Built target micro_ros_msgs__rosidl_typesupport_c__pyext
[1.065s] [ 96%] Built target micro_ros_msgs__rosidl_typesupport_fastrtps_c__pyext
[1.069s] [100%] Built target micro_ros_msgs__rosidl_typesupport_introspection_c__pyext
[1.167s] running egg_info
[1.167s] writing micro_ros_msgs.egg-info/PKG-INFO
[1.167s] writing dependency_links to micro_ros_msgs.egg-info/dependency_links.txt
[1.167s] writing top-level names to micro_ros_msgs.egg-info/top_level.txt
[1.169s] reading manifest file 'micro_ros_msgs.egg-info/SOURCES.txt'
[1.170s] writing manifest file 'micro_ros_msgs.egg-info/SOURCES.txt'
[1.189s] [100%] Built target ament_cmake_python_build_micro_ros_msgs_egg
[1.198s] Invoked command in '/home/abhay/microros_ws/build/micro_ros_msgs' returned '0': CMAKE_PREFIX_PATH=${CMAKE_PREFIX_PATH}:/home/abhay/microros_ws/install/sensor_msgs_py:/home/abhay/ros2_ws/install/py_srvcli:/home/abhay/ros2_ws/install/my_robot_controller:/opt/ros/humble /usr/bin/cmake --build /home/abhay/microros_ws/build/micro_ros_msgs -- -j16 -l16
[1.331s] Invoking command in '/home/abhay/microros_ws/build/micro_ros_msgs': CMAKE_PREFIX_PATH=${CMAKE_PREFIX_PATH}:/home/abhay/microros_ws/install/sensor_msgs_py:/home/abhay/ros2_ws/install/py_srvcli:/home/abhay/ros2_ws/install/my_robot_controller:/opt/ros/humble /usr/bin/cmake --install /home/abhay/microros_ws/build/micro_ros_msgs
[1.339s] -- Install configuration: ""
[1.339s] -- Up-to-date: /home/abhay/microros_ws/install/micro_ros_msgs/share/ament_index/resource_index/rosidl_interfaces/micro_ros_msgs
[1.339s] -- Up-to-date: /home/abhay/microros_ws/install/micro_ros_msgs/include/micro_ros_msgs/micro_ros_msgs
[1.339s] -- Up-to-date: /home/abhay/microros_ws/install/micro_ros_msgs/include/micro_ros_msgs/micro_ros_msgs/msg
[1.339s] -- Up-to-date: /home/abhay/microros_ws/install/micro_ros_msgs/include/micro_ros_msgs/micro_ros_msgs/msg/rosidl_generator_c__visibility_control.h
[1.339s] -- Up-to-date: /home/abhay/microros_ws/install/micro_ros_msgs/include/micro_ros_msgs/micro_ros_msgs/msg/detail
[1.339s] -- Up-to-date: /home/abhay/microros_ws/install/micro_ros_msgs/include/micro_ros_msgs/micro_ros_msgs/msg/detail/node__type_support.h
[1.339s] -- Up-to-date: /home/abhay/microros_ws/install/micro_ros_msgs/include/micro_ros_msgs/micro_ros_msgs/msg/detail/entity__struct.h
[1.339s] -- Up-to-date: /home/abhay/microros_ws/install/micro_ros_msgs/include/micro_ros_msgs/micro_ros_msgs/msg/detail/node__functions.c
[1.339s] -- Up-to-date: /home/abhay/microros_ws/install/micro_ros_msgs/include/micro_ros_msgs/micro_ros_msgs/msg/detail/graph__functions.c
[1.339s] -- Up-to-date: /home/abhay/microros_ws/install/micro_ros_msgs/include/micro_ros_msgs/micro_ros_msgs/msg/detail/node__struct.h
[1.339s] -- Up-to-date: /home/abhay/microros_ws/install/micro_ros_msgs/include/micro_ros_msgs/micro_ros_msgs/msg/detail/entity__type_support.h
[1.339s] -- Up-to-date: /home/abhay/microros_ws/install/micro_ros_msgs/include/micro_ros_msgs/micro_ros_msgs/msg/detail/entity__functions.c
[1.339s] -- Up-to-date: /home/abhay/microros_ws/install/micro_ros_msgs/include/micro_ros_msgs/micro_ros_msgs/msg/detail/entity__functions.h
[1.339s] -- Up-to-date: /home/abhay/microros_ws/install/micro_ros_msgs/include/micro_ros_msgs/micro_ros_msgs/msg/detail/graph__functions.h
[1.339s] -- Up-to-date: /home/abhay/microros_ws/install/micro_ros_msgs/include/micro_ros_msgs/micro_ros_msgs/msg/detail/graph__type_support.h
[1.339s] -- Up-to-date: /home/abhay/microros_ws/install/micro_ros_msgs/include/micro_ros_msgs/micro_ros_msgs/msg/detail/graph__struct.h
[1.339s] -- Up-to-date: /home/abhay/microros_ws/install/micro_ros_msgs/include/micro_ros_msgs/micro_ros_msgs/msg/detail/node__functions.h
[1.340s] -- Up-to-date: /home/abhay/microros_ws/install/micro_ros_msgs/include/micro_ros_msgs/micro_ros_msgs/msg/node.h
[1.340s] -- Up-to-date: /home/abhay/microros_ws/install/micro_ros_msgs/include/micro_ros_msgs/micro_ros_msgs/msg/graph.h
[1.340s] -- Up-to-date: /home/abhay/microros_ws/install/micro_ros_msgs/include/micro_ros_msgs/micro_ros_msgs/msg/entity.h
[1.340s] -- Up-to-date: /home/abhay/microros_ws/install/micro_ros_msgs/share/micro_ros_msgs/environment/library_path.sh
[1.340s] -- Installing: /home/abhay/microros_ws/install/micro_ros_msgs/share/micro_ros_msgs/environment/library_path.dsv
[1.340s] -- Up-to-date: /home/abhay/microros_ws/install/micro_ros_msgs/lib/libmicro_ros_msgs__rosidl_generator_c.so
[1.340s] -- Up-to-date: /home/abhay/microros_ws/install/micro_ros_msgs/include/micro_ros_msgs
[1.340s] -- Up-to-date: /home/abhay/microros_ws/install/micro_ros_msgs/include/micro_ros_msgs/msg
[1.340s] -- Up-to-date: /home/abhay/microros_ws/install/micro_ros_msgs/include/micro_ros_msgs/msg/detail
[1.340s] -- Up-to-date: /home/abhay/microros_ws/install/micro_ros_msgs/include/micro_ros_msgs/msg/detail/microxrcedds
[1.340s] -- Up-to-date: /home/abhay/microros_ws/install/micro_ros_msgs/include/micro_ros_msgs/msg/detail/entity__rosidl_typesupport_microxrcedds_c.h
[1.340s] -- Up-to-date: /home/abhay/microros_ws/install/micro_ros_msgs/include/micro_ros_msgs/msg/detail/node__rosidl_typesupport_microxrcedds_c.h
[1.340s] -- Up-to-date: /home/abhay/microros_ws/install/micro_ros_msgs/include/micro_ros_msgs/msg/detail/graph__rosidl_typesupport_microxrcedds_c.h
[1.341s] -- Up-to-date: /home/abhay/microros_ws/install/micro_ros_msgs/include/micro_ros_msgs/msg/rosidl_typesupport_microxrcedds_c__visibility_control.h
[1.341s] -- Up-to-date: /home/abhay/microros_ws/install/micro_ros_msgs/lib/libmicro_ros_msgs__rosidl_typesupport_microxrcedds_c.so
[1.341s] -- Up-to-date: /home/abhay/microros_ws/install/micro_ros_msgs/include/micro_ros_msgs/micro_ros_msgs
[1.341s] -- Up-to-date: /home/abhay/microros_ws/install/micro_ros_msgs/include/micro_ros_msgs/micro_ros_msgs/msg
[1.341s] -- Up-to-date: /home/abhay/microros_ws/install/micro_ros_msgs/include/micro_ros_msgs/micro_ros_msgs/msg/detail
[1.341s] -- Up-to-date: /home/abhay/microros_ws/install/micro_ros_msgs/include/micro_ros_msgs/micro_ros_msgs/msg/detail/graph__rosidl_typesupport_fastrtps_c.h
[1.341s] -- Up-to-date: /home/abhay/microros_ws/install/micro_ros_msgs/include/micro_ros_msgs/micro_ros_msgs/msg/detail/node__rosidl_typesupport_fastrtps_c.h
[1.341s] -- Up-to-date: /home/abhay/microros_ws/install/micro_ros_msgs/include/micro_ros_msgs/micro_ros_msgs/msg/detail/entity__rosidl_typesupport_fastrtps_c.h
[1.341s] -- Up-to-date: /home/abhay/microros_ws/install/micro_ros_msgs/include/micro_ros_msgs/micro_ros_msgs/msg/rosidl_typesupport_fastrtps_c__visibility_control.h
[1.341s] -- Up-to-date: /home/abhay/microros_ws/install/micro_ros_msgs/lib/libmicro_ros_msgs__rosidl_typesupport_fastrtps_c.so
[1.341s] -- Up-to-date: /home/abhay/microros_ws/install/micro_ros_msgs/include/micro_ros_msgs/micro_ros_msgs
[1.341s] -- Up-to-date: /home/abhay/microros_ws/install/micro_ros_msgs/include/micro_ros_msgs/micro_ros_msgs/msg
[1.341s] -- Up-to-date: /home/abhay/microros_ws/install/micro_ros_msgs/include/micro_ros_msgs/micro_ros_msgs/msg/detail
[1.341s] -- Up-to-date: /home/abhay/microros_ws/install/micro_ros_msgs/include/micro_ros_msgs/micro_ros_msgs/msg/detail/node__rosidl_typesupport_introspection_c.h
[1.341s] -- Up-to-date: /home/abhay/microros_ws/install/micro_ros_msgs/include/micro_ros_msgs/micro_ros_msgs/msg/detail/node__type_support.c
[1.341s] -- Up-to-date: /home/abhay/microros_ws/install/micro_ros_msgs/include/micro_ros_msgs/micro_ros_msgs/msg/detail/graph__type_support.c
[1.342s] -- Up-to-date: /home/abhay/microros_ws/install/micro_ros_msgs/include/micro_ros_msgs/micro_ros_msgs/msg/detail/entity__rosidl_typesupport_introspection_c.h
[1.342s] -- Up-to-date: /home/abhay/microros_ws/install/micro_ros_msgs/include/micro_ros_msgs/micro_ros_msgs/msg/detail/graph__rosidl_typesupport_introspection_c.h
[1.342s] -- Up-to-date: /home/abhay/microros_ws/install/micro_ros_msgs/include/micro_ros_msgs/micro_ros_msgs/msg/detail/entity__type_support.c
[1.342s] -- Up-to-date: /home/abhay/microros_ws/install/micro_ros_msgs/include/micro_ros_msgs/micro_ros_msgs/msg/rosidl_typesupport_introspection_c__visibility_control.h
[1.342s] -- Up-to-date: /home/abhay/microros_ws/install/micro_ros_msgs/lib/libmicro_ros_msgs__rosidl_typesupport_introspection_c.so
[1.342s] -- Up-to-date: /home/abhay/microros_ws/install/micro_ros_msgs/lib/libmicro_ros_msgs__rosidl_typesupport_c.so
[1.342s] -- Up-to-date: /home/abhay/microros_ws/install/micro_ros_msgs/include/micro_ros_msgs/micro_ros_msgs
[1.342s] -- Up-to-date: /home/abhay/microros_ws/install/micro_ros_msgs/include/micro_ros_msgs/micro_ros_msgs/msg
[1.342s] -- Up-to-date: /home/abhay/microros_ws/install/micro_ros_msgs/include/micro_ros_msgs/micro_ros_msgs/msg/node.hpp
[1.342s] -- Up-to-date: /home/abhay/microros_ws/install/micro_ros_msgs/include/micro_ros_msgs/micro_ros_msgs/msg/detail
[1.342s] -- Up-to-date: /home/abhay/microros_ws/install/micro_ros_msgs/include/micro_ros_msgs/micro_ros_msgs/msg/detail/graph__builder.hpp
[1.342s] -- Up-to-date: /home/abhay/microros_ws/install/micro_ros_msgs/include/micro_ros_msgs/micro_ros_msgs/msg/detail/node__traits.hpp
[1.342s] -- Up-to-date: /home/abhay/microros_ws/install/micro_ros_msgs/include/micro_ros_msgs/micro_ros_msgs/msg/detail/entity__builder.hpp
[1.342s] -- Up-to-date: /home/abhay/microros_ws/install/micro_ros_msgs/include/micro_ros_msgs/micro_ros_msgs/msg/detail/entity__struct.hpp
[1.342s] -- Up-to-date: /home/abhay/microros_ws/install/micro_ros_msgs/include/micro_ros_msgs/micro_ros_msgs/msg/detail/graph__traits.hpp
[1.342s] -- Up-to-date: /home/abhay/microros_ws/install/micro_ros_msgs/include/micro_ros_msgs/micro_ros_msgs/msg/detail/entity__traits.hpp
[1.343s] -- Up-to-date: /home/abhay/microros_ws/install/micro_ros_msgs/include/micro_ros_msgs/micro_ros_msgs/msg/detail/node__struct.hpp
[1.343s] -- Up-to-date: /home/abhay/microros_ws/install/micro_ros_msgs/include/micro_ros_msgs/micro_ros_msgs/msg/detail/node__builder.hpp
[1.343s] -- Up-to-date: /home/abhay/microros_ws/install/micro_ros_msgs/include/micro_ros_msgs/micro_ros_msgs/msg/detail/graph__struct.hpp
[1.343s] -- Up-to-date: /home/abhay/microros_ws/install/micro_ros_msgs/include/micro_ros_msgs/micro_ros_msgs/msg/entity.hpp
[1.343s] -- Up-to-date: /home/abhay/microros_ws/install/micro_ros_msgs/include/micro_ros_msgs/micro_ros_msgs/msg/graph.hpp
[1.343s] -- Up-to-date: /home/abhay/microros_ws/install/micro_ros_msgs/include/micro_ros_msgs
[1.343s] -- Up-to-date: /home/abhay/microros_ws/install/micro_ros_msgs/include/micro_ros_msgs/msg
[1.343s] -- Up-to-date: /home/abhay/microros_ws/install/micro_ros_msgs/include/micro_ros_msgs/msg/detail
[1.343s] -- Up-to-date: /home/abhay/microros_ws/install/micro_ros_msgs/include/micro_ros_msgs/msg/detail/node__rosidl_typesupport_microxrcedds_cpp.hpp
[1.343s] -- Up-to-date: /home/abhay/microros_ws/install/micro_ros_msgs/include/micro_ros_msgs/msg/detail/graph__rosidl_typesupport_microxrcedds_cpp.hpp
[1.343s] -- Up-to-date: /home/abhay/microros_ws/install/micro_ros_msgs/include/micro_ros_msgs/msg/detail/microxrcedds
[1.343s] -- Up-to-date: /home/abhay/microros_ws/install/micro_ros_msgs/include/micro_ros_msgs/msg/detail/microxrcedds/graph__type_support_cpp.cpp
[1.343s] -- Up-to-date: /home/abhay/microros_ws/install/micro_ros_msgs/include/micro_ros_msgs/msg/detail/microxrcedds/entity__type_support_cpp.cpp
[1.343s] -- Up-to-date: /home/abhay/microros_ws/install/micro_ros_msgs/include/micro_ros_msgs/msg/detail/microxrcedds/node__type_support_cpp.cpp
[1.343s] -- Up-to-date: /home/abhay/microros_ws/install/micro_ros_msgs/include/micro_ros_msgs/msg/detail/entity__rosidl_typesupport_microxrcedds_cpp.hpp
[1.343s] -- Up-to-date: /home/abhay/microros_ws/install/micro_ros_msgs/include/micro_ros_msgs/msg/rosidl_typesupport_microxrcedds_cpp__visibility_control.h
[1.343s] -- Up-to-date: /home/abhay/microros_ws/install/micro_ros_msgs/lib/libmicro_ros_msgs__rosidl_typesupport_microxrcedds_cpp.so
[1.343s] -- Up-to-date: /home/abhay/microros_ws/install/micro_ros_msgs/include/micro_ros_msgs/micro_ros_msgs
[1.343s] -- Up-to-date: /home/abhay/microros_ws/install/micro_ros_msgs/include/micro_ros_msgs/micro_ros_msgs/msg
[1.343s] -- Up-to-date: /home/abhay/microros_ws/install/micro_ros_msgs/include/micro_ros_msgs/micro_ros_msgs/msg/detail
[1.343s] -- Up-to-date: /home/abhay/microros_ws/install/micro_ros_msgs/include/micro_ros_msgs/micro_ros_msgs/msg/detail/entity__rosidl_typesupport_fastrtps_cpp.hpp
[1.343s] -- Up-to-date: /home/abhay/microros_ws/install/micro_ros_msgs/include/micro_ros_msgs/micro_ros_msgs/msg/detail/graph__rosidl_typesupport_fastrtps_cpp.hpp
[1.343s] -- Up-to-date: /home/abhay/microros_ws/install/micro_ros_msgs/include/micro_ros_msgs/micro_ros_msgs/msg/detail/dds_fastrtps
[1.343s] -- Up-to-date: /home/abhay/microros_ws/install/micro_ros_msgs/include/micro_ros_msgs/micro_ros_msgs/msg/detail/node__rosidl_typesupport_fastrtps_cpp.hpp
[1.343s] -- Up-to-date: /home/abhay/microros_ws/install/micro_ros_msgs/include/micro_ros_msgs/micro_ros_msgs/msg/rosidl_typesupport_fastrtps_cpp__visibility_control.h
[1.343s] -- Up-to-date: /home/abhay/microros_ws/install/micro_ros_msgs/lib/libmicro_ros_msgs__rosidl_typesupport_fastrtps_cpp.so
[1.343s] -- Up-to-date: /home/abhay/microros_ws/install/micro_ros_msgs/include/micro_ros_msgs/micro_ros_msgs
[1.343s] -- Up-to-date: /home/abhay/microros_ws/install/micro_ros_msgs/include/micro_ros_msgs/micro_ros_msgs/msg
[1.343s] -- Up-to-date: /home/abhay/microros_ws/install/micro_ros_msgs/include/micro_ros_msgs/micro_ros_msgs/msg/detail
[1.344s] -- Up-to-date: /home/abhay/microros_ws/install/micro_ros_msgs/include/micro_ros_msgs/micro_ros_msgs/msg/detail/node__type_support.cpp
[1.344s] -- Up-to-date: /home/abhay/microros_ws/install/micro_ros_msgs/include/micro_ros_msgs/micro_ros_msgs/msg/detail/entity__rosidl_typesupport_introspection_cpp.hpp
[1.344s] -- Up-to-date: /home/abhay/microros_ws/install/micro_ros_msgs/include/micro_ros_msgs/micro_ros_msgs/msg/detail/node__rosidl_typesupport_introspection_cpp.hpp
[1.344s] -- Up-to-date: /home/abhay/microros_ws/install/micro_ros_msgs/include/micro_ros_msgs/micro_ros_msgs/msg/detail/graph__rosidl_typesupport_introspection_cpp.hpp
[1.344s] -- Up-to-date: /home/abhay/microros_ws/install/micro_ros_msgs/include/micro_ros_msgs/micro_ros_msgs/msg/detail/graph__type_support.cpp
[1.344s] -- Up-to-date: /home/abhay/microros_ws/install/micro_ros_msgs/include/micro_ros_msgs/micro_ros_msgs/msg/detail/entity__type_support.cpp
[1.344s] -- Up-to-date: /home/abhay/microros_ws/install/micro_ros_msgs/lib/libmicro_ros_msgs__rosidl_typesupport_introspection_cpp.so
[1.344s] -- Up-to-date: /home/abhay/microros_ws/install/micro_ros_msgs/lib/libmicro_ros_msgs__rosidl_typesupport_cpp.so
[1.344s] -- Up-to-date: /home/abhay/microros_ws/install/micro_ros_msgs/share/micro_ros_msgs/environment/pythonpath.sh
[1.344s] -- Installing: /home/abhay/microros_ws/install/micro_ros_msgs/share/micro_ros_msgs/environment/pythonpath.dsv
[1.344s] -- Up-to-date: /home/abhay/microros_ws/install/micro_ros_msgs/local/lib/python3.10/dist-packages/micro_ros_msgs-3.0.1-py3.10.egg-info
[1.344s] -- Installing: /home/abhay/microros_ws/install/micro_ros_msgs/local/lib/python3.10/dist-packages/micro_ros_msgs-3.0.1-py3.10.egg-info/top_level.txt
[1.344s] -- Installing: /home/abhay/microros_ws/install/micro_ros_msgs/local/lib/python3.10/dist-packages/micro_ros_msgs-3.0.1-py3.10.egg-info/SOURCES.txt
[1.344s] -- Installing: /home/abhay/microros_ws/install/micro_ros_msgs/local/lib/python3.10/dist-packages/micro_ros_msgs-3.0.1-py3.10.egg-info/dependency_links.txt
[1.344s] -- Installing: /home/abhay/microros_ws/install/micro_ros_msgs/local/lib/python3.10/dist-packages/micro_ros_msgs-3.0.1-py3.10.egg-info/PKG-INFO
[1.344s] -- Up-to-date: /home/abhay/microros_ws/install/micro_ros_msgs/local/lib/python3.10/dist-packages/micro_ros_msgs
[1.344s] -- Up-to-date: /home/abhay/microros_ws/install/micro_ros_msgs/local/lib/python3.10/dist-packages/micro_ros_msgs/micro_ros_msgs_s__rosidl_typesupport_introspection_c.cpython-310-x86_64-linux-gnu.so
[1.344s] -- Up-to-date: /home/abhay/microros_ws/install/micro_ros_msgs/local/lib/python3.10/dist-packages/micro_ros_msgs/msg
[1.344s] -- Up-to-date: /home/abhay/microros_ws/install/micro_ros_msgs/local/lib/python3.10/dist-packages/micro_ros_msgs/msg/_node.py
[1.344s] -- Up-to-date: /home/abhay/microros_ws/install/micro_ros_msgs/local/lib/python3.10/dist-packages/micro_ros_msgs/msg/_entity.py
[1.344s] -- Up-to-date: /home/abhay/microros_ws/install/micro_ros_msgs/local/lib/python3.10/dist-packages/micro_ros_msgs/msg/_graph.py
[1.344s] -- Up-to-date: /home/abhay/microros_ws/install/micro_ros_msgs/local/lib/python3.10/dist-packages/micro_ros_msgs/msg/_entity_s.c
[1.344s] -- Up-to-date: /home/abhay/microros_ws/install/micro_ros_msgs/local/lib/python3.10/dist-packages/micro_ros_msgs/msg/__init__.py
[1.344s] -- Up-to-date: /home/abhay/microros_ws/install/micro_ros_msgs/local/lib/python3.10/dist-packages/micro_ros_msgs/msg/_graph_s.c
[1.344s] -- Up-to-date: /home/abhay/microros_ws/install/micro_ros_msgs/local/lib/python3.10/dist-packages/micro_ros_msgs/msg/_node_s.c
[1.344s] -- Up-to-date: /home/abhay/microros_ws/install/micro_ros_msgs/local/lib/python3.10/dist-packages/micro_ros_msgs/_micro_ros_msgs_s.ep.rosidl_typesupport_microxrcedds_c.c
[1.344s] -- Up-to-date: /home/abhay/microros_ws/install/micro_ros_msgs/local/lib/python3.10/dist-packages/micro_ros_msgs/_micro_ros_msgs_s.ep.rosidl_typesupport_fastrtps_c.c
[1.344s] -- Up-to-date: /home/abhay/microros_ws/install/micro_ros_msgs/local/lib/python3.10/dist-packages/micro_ros_msgs/_micro_ros_msgs_s.ep.rosidl_typesupport_introspection_c.c
[1.344s] -- Up-to-date: /home/abhay/microros_ws/install/micro_ros_msgs/local/lib/python3.10/dist-packages/micro_ros_msgs/_micro_ros_msgs_s.ep.rosidl_typesupport_c.c
[1.345s] -- Up-to-date: /home/abhay/microros_ws/install/micro_ros_msgs/local/lib/python3.10/dist-packages/micro_ros_msgs/micro_ros_msgs_s__rosidl_typesupport_c.cpython-310-x86_64-linux-gnu.so
[1.345s] -- Installing: /home/abhay/microros_ws/install/micro_ros_msgs/local/lib/python3.10/dist-packages/micro_ros_msgs/__init__.py
[1.345s] -- Up-to-date: /home/abhay/microros_ws/install/micro_ros_msgs/local/lib/python3.10/dist-packages/micro_ros_msgs/libmicro_ros_msgs__rosidl_generator_py.so
[1.345s] -- Up-to-date: /home/abhay/microros_ws/install/micro_ros_msgs/local/lib/python3.10/dist-packages/micro_ros_msgs/micro_ros_msgs_s__rosidl_typesupport_fastrtps_c.cpython-310-x86_64-linux-gnu.so
[1.345s] -- Up-to-date: /home/abhay/microros_ws/install/micro_ros_msgs/local/lib/python3.10/dist-packages/micro_ros_msgs/micro_ros_msgs_s__rosidl_typesupport_microxrcedds_c.cpython-310-x86_64-linux-gnu.so
[1.376s] Listing '/home/abhay/microros_ws/install/micro_ros_msgs/local/lib/python3.10/dist-packages/micro_ros_msgs'...
[1.376s] Compiling '/home/abhay/microros_ws/install/micro_ros_msgs/local/lib/python3.10/dist-packages/micro_ros_msgs/__init__.py'...
[1.376s] Listing '/home/abhay/microros_ws/install/micro_ros_msgs/local/lib/python3.10/dist-packages/micro_ros_msgs/msg'...
[1.380s] -- Up-to-date: /home/abhay/microros_ws/install/micro_ros_msgs/local/lib/python3.10/dist-packages/micro_ros_msgs/micro_ros_msgs_s__rosidl_typesupport_microxrcedds_c.cpython-310-x86_64-linux-gnu.so
[1.380s] -- Up-to-date: /home/abhay/microros_ws/install/micro_ros_msgs/local/lib/python3.10/dist-packages/micro_ros_msgs/micro_ros_msgs_s__rosidl_typesupport_fastrtps_c.cpython-310-x86_64-linux-gnu.so
[1.380s] -- Up-to-date: /home/abhay/microros_ws/install/micro_ros_msgs/local/lib/python3.10/dist-packages/micro_ros_msgs/micro_ros_msgs_s__rosidl_typesupport_introspection_c.cpython-310-x86_64-linux-gnu.so
[1.380s] -- Up-to-date: /home/abhay/microros_ws/install/micro_ros_msgs/local/lib/python3.10/dist-packages/micro_ros_msgs/micro_ros_msgs_s__rosidl_typesupport_c.cpython-310-x86_64-linux-gnu.so
[1.381s] -- Up-to-date: /home/abhay/microros_ws/install/micro_ros_msgs/lib/libmicro_ros_msgs__rosidl_generator_py.so
[1.381s] -- Up-to-date: /home/abhay/microros_ws/install/micro_ros_msgs/share/micro_ros_msgs/msg/Graph.idl
[1.381s] -- Up-to-date: /home/abhay/microros_ws/install/micro_ros_msgs/share/micro_ros_msgs/msg/Node.idl
[1.381s] -- Up-to-date: /home/abhay/microros_ws/install/micro_ros_msgs/share/micro_ros_msgs/msg/Entity.idl
[1.381s] -- Up-to-date: /home/abhay/microros_ws/install/micro_ros_msgs/share/micro_ros_msgs/msg/Graph.msg
[1.381s] -- Up-to-date: /home/abhay/microros_ws/install/micro_ros_msgs/share/micro_ros_msgs/msg/Node.msg
[1.381s] -- Up-to-date: /home/abhay/microros_ws/install/micro_ros_msgs/share/micro_ros_msgs/msg/Entity.msg
[1.381s] -- Up-to-date: /home/abhay/microros_ws/install/micro_ros_msgs/share/ament_index/resource_index/package_run_dependencies/micro_ros_msgs
[1.381s] -- Installing: /home/abhay/microros_ws/install/micro_ros_msgs/share/ament_index/resource_index/parent_prefix_path/micro_ros_msgs
[1.381s] -- Up-to-date: /home/abhay/microros_ws/install/micro_ros_msgs/share/micro_ros_msgs/environment/ament_prefix_path.sh
[1.381s] -- Installing: /home/abhay/microros_ws/install/micro_ros_msgs/share/micro_ros_msgs/environment/ament_prefix_path.dsv
[1.381s] -- Up-to-date: /home/abhay/microros_ws/install/micro_ros_msgs/share/micro_ros_msgs/environment/path.sh
[1.381s] -- Installing: /home/abhay/microros_ws/install/micro_ros_msgs/share/micro_ros_msgs/environment/path.dsv
[1.381s] -- Up-to-date: /home/abhay/microros_ws/install/micro_ros_msgs/share/micro_ros_msgs/local_setup.bash
[1.381s] -- Up-to-date: /home/abhay/microros_ws/install/micro_ros_msgs/share/micro_ros_msgs/local_setup.sh
[1.381s] -- Up-to-date: /home/abhay/microros_ws/install/micro_ros_msgs/share/micro_ros_msgs/local_setup.zsh
[1.381s] -- Installing: /home/abhay/microros_ws/install/micro_ros_msgs/share/micro_ros_msgs/local_setup.dsv
[1.381s] -- Installing: /home/abhay/microros_ws/install/micro_ros_msgs/share/micro_ros_msgs/package.dsv
[1.381s] -- Up-to-date: /home/abhay/microros_ws/install/micro_ros_msgs/share/ament_index/resource_index/packages/micro_ros_msgs
[1.382s] -- Up-to-date: /home/abhay/microros_ws/install/micro_ros_msgs/share/micro_ros_msgs/cmake/export_micro_ros_msgs__rosidl_generator_cExport.cmake
[1.382s] -- Up-to-date: /home/abhay/microros_ws/install/micro_ros_msgs/share/micro_ros_msgs/cmake/export_micro_ros_msgs__rosidl_generator_cExport-noconfig.cmake
[1.382s] -- Up-to-date: /home/abhay/microros_ws/install/micro_ros_msgs/share/micro_ros_msgs/cmake/export_micro_ros_msgs__rosidl_typesupport_fastrtps_cExport.cmake
[1.382s] -- Up-to-date: /home/abhay/microros_ws/install/micro_ros_msgs/share/micro_ros_msgs/cmake/export_micro_ros_msgs__rosidl_typesupport_fastrtps_cExport-noconfig.cmake
[1.382s] -- Up-to-date: /home/abhay/microros_ws/install/micro_ros_msgs/share/micro_ros_msgs/cmake/micro_ros_msgs__rosidl_typesupport_introspection_cExport.cmake
[1.382s] -- Up-to-date: /home/abhay/microros_ws/install/micro_ros_msgs/share/micro_ros_msgs/cmake/micro_ros_msgs__rosidl_typesupport_introspection_cExport-noconfig.cmake
[1.382s] -- Up-to-date: /home/abhay/microros_ws/install/micro_ros_msgs/share/micro_ros_msgs/cmake/micro_ros_msgs__rosidl_typesupport_cExport.cmake
[1.382s] -- Up-to-date: /home/abhay/microros_ws/install/micro_ros_msgs/share/micro_ros_msgs/cmake/micro_ros_msgs__rosidl_typesupport_cExport-noconfig.cmake
[1.382s] -- Up-to-date: /home/abhay/microros_ws/install/micro_ros_msgs/share/micro_ros_msgs/cmake/export_micro_ros_msgs__rosidl_generator_cppExport.cmake
[1.382s] -- Up-to-date: /home/abhay/microros_ws/install/micro_ros_msgs/share/micro_ros_msgs/cmake/export_micro_ros_msgs__rosidl_typesupport_fastrtps_cppExport.cmake
[1.382s] -- Up-to-date: /home/abhay/microros_ws/install/micro_ros_msgs/share/micro_ros_msgs/cmake/export_micro_ros_msgs__rosidl_typesupport_fastrtps_cppExport-noconfig.cmake
[1.382s] -- Up-to-date: /home/abhay/microros_ws/install/micro_ros_msgs/share/micro_ros_msgs/cmake/micro_ros_msgs__rosidl_typesupport_introspection_cppExport.cmake
[1.382s] -- Up-to-date: /home/abhay/microros_ws/install/micro_ros_msgs/share/micro_ros_msgs/cmake/micro_ros_msgs__rosidl_typesupport_introspection_cppExport-noconfig.cmake
[1.382s] -- Up-to-date: /home/abhay/microros_ws/install/micro_ros_msgs/share/micro_ros_msgs/cmake/micro_ros_msgs__rosidl_typesupport_cppExport.cmake
[1.382s] -- Up-to-date: /home/abhay/microros_ws/install/micro_ros_msgs/share/micro_ros_msgs/cmake/micro_ros_msgs__rosidl_typesupport_cppExport-noconfig.cmake
[1.382s] -- Up-to-date: /home/abhay/microros_ws/install/micro_ros_msgs/share/micro_ros_msgs/cmake/export_micro_ros_msgs__rosidl_generator_pyExport.cmake
[1.382s] -- Up-to-date: /home/abhay/microros_ws/install/micro_ros_msgs/share/micro_ros_msgs/cmake/export_micro_ros_msgs__rosidl_generator_pyExport-noconfig.cmake
[1.382s] -- Up-to-date: /home/abhay/microros_ws/install/micro_ros_msgs/share/micro_ros_msgs/cmake/rosidl_cmake-extras.cmake
[1.382s] -- Up-to-date: /home/abhay/microros_ws/install/micro_ros_msgs/share/micro_ros_msgs/cmake/ament_cmake_export_include_directories-extras.cmake
[1.383s] -- Up-to-date: /home/abhay/microros_ws/install/micro_ros_msgs/share/micro_ros_msgs/cmake/ament_cmake_export_libraries-extras.cmake
[1.383s] -- Up-to-date: /home/abhay/microros_ws/install/micro_ros_msgs/share/micro_ros_msgs/cmake/ament_cmake_export_targets-extras.cmake
[1.383s] -- Up-to-date: /home/abhay/microros_ws/install/micro_ros_msgs/share/micro_ros_msgs/cmake/rosidl_cmake_export_typesupport_targets-extras.cmake
[1.383s] -- Up-to-date: /home/abhay/microros_ws/install/micro_ros_msgs/share/micro_ros_msgs/cmake/ament_cmake_export_dependencies-extras.cmake
[1.383s] -- Up-to-date: /home/abhay/microros_ws/install/micro_ros_msgs/share/micro_ros_msgs/cmake/rosidl_cmake_export_typesupport_libraries-extras.cmake
[1.383s] -- Up-to-date: /home/abhay/microros_ws/install/micro_ros_msgs/share/micro_ros_msgs/cmake/micro_ros_msgsConfig.cmake
[1.383s] -- Up-to-date: /home/abhay/microros_ws/install/micro_ros_msgs/share/micro_ros_msgs/cmake/micro_ros_msgsConfig-version.cmake
[1.383s] -- Up-to-date: /home/abhay/microros_ws/install/micro_ros_msgs/share/micro_ros_msgs/package.xml
[1.385s] Invoked command in '/home/abhay/microros_ws/build/micro_ros_msgs' returned '0': CMAKE_PREFIX_PATH=${CMAKE_PREFIX_PATH}:/home/abhay/microros_ws/install/sensor_msgs_py:/home/abhay/ros2_ws/install/py_srvcli:/home/abhay/ros2_ws/install/my_robot_controller:/opt/ros/humble /usr/bin/cmake --install /home/abhay/microros_ws/build/micro_ros_msgs
