[0.016s] Invoking command in '/home/abhay/microros_ws/build/composition_interfaces': CMAKE_PREFIX_PATH=/home/abhay/microros_ws/install/rcl_interfaces:/home/abhay/microros_ws/install/builtin_interfaces:/home/abhay/microros_ws/install/micro_ros_demos_rclc:/home/abhay/microros_ws/install/common_interfaces:/home/abhay/microros_ws/install/visualization_msgs:/home/abhay/microros_ws/install/test_msgs:/home/abhay/microros_ws/install/example_interfaces:/home/abhay/microros_ws/install/action_msgs:/home/abhay/microros_ws/install/unique_identifier_msgs:/home/abhay/microros_ws/install/trajectory_msgs:/home/abhay/microros_ws/install/stereo_msgs:/home/abhay/microros_ws/install/std_srvs:/home/abhay/microros_ws/install/shape_msgs:/home/abhay/microros_ws/install/sensor_msgs:/home/abhay/microros_ws/install/nav_msgs:/home/abhay/microros_ws/install/diagnostic_msgs:/home/abhay/microros_ws/install/geometry_msgs:/home/abhay/microros_ws/install/actionlib_msgs:/home/abhay/microros_ws/install/std_msgs:/home/abhay/microros_ws/install/statistics_msgs:/home/abhay/microros_ws/install/rosidl_typesupport_microxrcedds_test_msg:/home/abhay/microros_ws/install/rosidl_typesupport_microxrcedds_cpp_tests:/home/abhay/microros_ws/install/rmw_microxrcedds:/home/abhay/microros_ws/install/rosidl_typesupport_microxrcedds_cpp:/home/abhay/microros_ws/install/rosidl_typesupport_microxrcedds_c_tests:/home/abhay/microros_ws/install/rosidl_typesupport_microxrcedds_c:/home/abhay/microros_ws/install/rosgraph_msgs:/home/abhay/microros_ws/install/rclc_parameter:/home/abhay/microros_ws/install/rclc:/home/abhay/microros_ws/install/composition_interfaces:/home/abhay/microros_ws/install/microxrcedds_client:/home/abhay/microros_ws/install/microcdr:/home/abhay/microros_ws/install/micro_ros_utilities:/home/abhay/microros_ws/install/micro_ros_msgs:/home/abhay/microros_ws/install/lifecycle_msgs:/home/abhay/microros_ws/install/complex_msgs:/home/abhay/microros_ws/install/micro_ros_setup:/home/abhay/microros_ws/install/sensor_msgs_py:/home/abhay/ros2_ws/install/py_srvcli:/home/abhay/ros2_ws/install/my_robot_controller:/opt/ros/humble LD_LIBRARY_PATH=/home/abhay/microros_ws/install/rcl_interfaces/lib:/home/abhay/microros_ws/install/builtin_interfaces/lib:/home/abhay/microros_ws/install/visualization_msgs/lib:/home/abhay/microros_ws/install/test_msgs/lib:/home/abhay/microros_ws/install/example_interfaces/lib:/home/abhay/microros_ws/install/action_msgs/lib:/home/abhay/microros_ws/install/unique_identifier_msgs/lib:/home/abhay/microros_ws/install/trajectory_msgs/lib:/home/abhay/microros_ws/install/stereo_msgs/lib:/home/abhay/microros_ws/install/std_srvs/lib:/home/abhay/microros_ws/install/shape_msgs/lib:/home/abhay/microros_ws/install/sensor_msgs/lib:/home/abhay/microros_ws/install/nav_msgs/lib:/home/abhay/microros_ws/install/diagnostic_msgs/lib:/home/abhay/microros_ws/install/geometry_msgs/lib:/home/abhay/microros_ws/install/actionlib_msgs/lib:/home/abhay/microros_ws/install/std_msgs/lib:/home/abhay/microros_ws/install/statistics_msgs/lib:/home/abhay/microros_ws/install/rmw_microxrcedds/lib:/home/abhay/microros_ws/install/rosidl_typesupport_microxrcedds_cpp/lib:/home/abhay/microros_ws/install/rosidl_typesupport_microxrcedds_c/lib:/home/abhay/microros_ws/install/rosgraph_msgs/lib:/home/abhay/microros_ws/install/rclc_parameter/lib:/home/abhay/microros_ws/install/rclc/lib:/home/abhay/microros_ws/install/composition_interfaces/lib:/home/abhay/microros_ws/install/microxrcedds_client/lib:/home/abhay/microros_ws/install/microcdr/lib:/home/abhay/microros_ws/install/micro_ros_utilities/lib:/home/abhay/microros_ws/install/micro_ros_msgs/lib:/home/abhay/microros_ws/install/lifecycle_msgs/lib:/home/abhay/microros_ws/install/complex_msgs/lib:/opt/ros/humble/opt/rviz_ogre_vendor/lib:/opt/ros/humble/lib/x86_64-linux-gnu:/opt/ros/humble/lib /usr/bin/cmake --build /home/abhay/microros_ws/build/composition_interfaces -- -j16 -l16
[0.056s] [35m[1mConsolidate compiler generated dependencies of target composition_interfaces__rosidl_generator_c[0m
[0.068s] [  1%] Built target composition_interfaces__cpp
[0.069s] [ 10%] Built target composition_interfaces__rosidl_generator_c
[0.076s] [ 10%] Built target ament_cmake_python_copy_composition_interfaces
[0.080s] [35m[1mConsolidate compiler generated dependencies of target composition_interfaces__rosidl_typesupport_microxrcedds_cpp[0m
[0.082s] [35m[1mConsolidate compiler generated dependencies of target composition_interfaces__rosidl_typesupport_fastrtps_c[0m
[0.083s] [35m[1mConsolidate compiler generated dependencies of target composition_interfaces__rosidl_typesupport_introspection_cpp[0m
[0.083s] [35m[1mConsolidate compiler generated dependencies of target composition_interfaces__rosidl_typesupport_cpp[0m
[0.084s] [35m[1mConsolidate compiler generated dependencies of target composition_interfaces__rosidl_typesupport_fastrtps_cpp[0m
[0.084s] [35m[1mConsolidate compiler generated dependencies of target composition_interfaces__rosidl_typesupport_c[0m
[0.085s] [35m[1mConsolidate compiler generated dependencies of target composition_interfaces__rosidl_typesupport_microxrcedds_c[0m
[0.087s] [35m[1mConsolidate compiler generated dependencies of target composition_interfaces__rosidl_typesupport_introspection_c[0m
[0.100s] [ 35%] Built target composition_interfaces__rosidl_typesupport_microxrcedds_c
[0.100s] [ 35%] Built target composition_interfaces__rosidl_typesupport_microxrcedds_cpp
[0.101s] [ 35%] Built target composition_interfaces__rosidl_typesupport_c
[0.101s] [ 44%] Built target composition_interfaces__rosidl_typesupport_fastrtps_c
[0.102s] [ 52%] Built target composition_interfaces__rosidl_typesupport_fastrtps_cpp
[0.102s] [ 61%] Built target composition_interfaces__rosidl_typesupport_cpp
[0.103s] [ 77%] Built target composition_interfaces__rosidl_typesupport_introspection_c
[0.103s] [ 77%] Built target composition_interfaces__rosidl_typesupport_introspection_cpp
[0.123s] [ 77%] Built target composition_interfaces
[0.147s] [ 79%] Built target composition_interfaces__py
[0.157s] [35m[1mConsolidate compiler generated dependencies of target composition_interfaces__rosidl_generator_py[0m
[0.172s] [ 86%] Built target composition_interfaces__rosidl_generator_py
[0.183s] [35m[1mConsolidate compiler generated dependencies of target composition_interfaces__rosidl_typesupport_fastrtps_c__pyext[0m
[0.184s] [35m[1mConsolidate compiler generated dependencies of target composition_interfaces__rosidl_typesupport_c__pyext[0m
[0.184s] [35m[1mConsolidate compiler generated dependencies of target composition_interfaces__rosidl_typesupport_introspection_c__pyext[0m
[0.186s] [35m[1mConsolidate compiler generated dependencies of target composition_interfaces__rosidl_typesupport_microxrcedds_c__pyext[0m
[0.196s] [ 93%] Built target composition_interfaces__rosidl_typesupport_fastrtps_c__pyext
[0.197s] [ 93%] Built target composition_interfaces__rosidl_typesupport_c__pyext
[0.200s] [ 96%] Built target composition_interfaces__rosidl_typesupport_microxrcedds_c__pyext
[0.201s] [100%] Built target composition_interfaces__rosidl_typesupport_introspection_c__pyext
[0.325s] running egg_info
[0.326s] writing composition_interfaces.egg-info/PKG-INFO
[0.326s] writing dependency_links to composition_interfaces.egg-info/dependency_links.txt
[0.326s] writing top-level names to composition_interfaces.egg-info/top_level.txt
[0.328s] reading manifest file 'composition_interfaces.egg-info/SOURCES.txt'
[0.328s] writing manifest file 'composition_interfaces.egg-info/SOURCES.txt'
[0.356s] [100%] Built target ament_cmake_python_build_composition_interfaces_egg
[0.366s] Invoked command in '/home/abhay/microros_ws/build/composition_interfaces' returned '0': CMAKE_PREFIX_PATH=/home/abhay/microros_ws/install/rcl_interfaces:/home/abhay/microros_ws/install/builtin_interfaces:/home/abhay/microros_ws/install/micro_ros_demos_rclc:/home/abhay/microros_ws/install/common_interfaces:/home/abhay/microros_ws/install/visualization_msgs:/home/abhay/microros_ws/install/test_msgs:/home/abhay/microros_ws/install/example_interfaces:/home/abhay/microros_ws/install/action_msgs:/home/abhay/microros_ws/install/unique_identifier_msgs:/home/abhay/microros_ws/install/trajectory_msgs:/home/abhay/microros_ws/install/stereo_msgs:/home/abhay/microros_ws/install/std_srvs:/home/abhay/microros_ws/install/shape_msgs:/home/abhay/microros_ws/install/sensor_msgs:/home/abhay/microros_ws/install/nav_msgs:/home/abhay/microros_ws/install/diagnostic_msgs:/home/abhay/microros_ws/install/geometry_msgs:/home/abhay/microros_ws/install/actionlib_msgs:/home/abhay/microros_ws/install/std_msgs:/home/abhay/microros_ws/install/statistics_msgs:/home/abhay/microros_ws/install/rosidl_typesupport_microxrcedds_test_msg:/home/abhay/microros_ws/install/rosidl_typesupport_microxrcedds_cpp_tests:/home/abhay/microros_ws/install/rmw_microxrcedds:/home/abhay/microros_ws/install/rosidl_typesupport_microxrcedds_cpp:/home/abhay/microros_ws/install/rosidl_typesupport_microxrcedds_c_tests:/home/abhay/microros_ws/install/rosidl_typesupport_microxrcedds_c:/home/abhay/microros_ws/install/rosgraph_msgs:/home/abhay/microros_ws/install/rclc_parameter:/home/abhay/microros_ws/install/rclc:/home/abhay/microros_ws/install/composition_interfaces:/home/abhay/microros_ws/install/microxrcedds_client:/home/abhay/microros_ws/install/microcdr:/home/abhay/microros_ws/install/micro_ros_utilities:/home/abhay/microros_ws/install/micro_ros_msgs:/home/abhay/microros_ws/install/lifecycle_msgs:/home/abhay/microros_ws/install/complex_msgs:/home/abhay/microros_ws/install/micro_ros_setup:/home/abhay/microros_ws/install/sensor_msgs_py:/home/abhay/ros2_ws/install/py_srvcli:/home/abhay/ros2_ws/install/my_robot_controller:/opt/ros/humble LD_LIBRARY_PATH=/home/abhay/microros_ws/install/rcl_interfaces/lib:/home/abhay/microros_ws/install/builtin_interfaces/lib:/home/abhay/microros_ws/install/visualization_msgs/lib:/home/abhay/microros_ws/install/test_msgs/lib:/home/abhay/microros_ws/install/example_interfaces/lib:/home/abhay/microros_ws/install/action_msgs/lib:/home/abhay/microros_ws/install/unique_identifier_msgs/lib:/home/abhay/microros_ws/install/trajectory_msgs/lib:/home/abhay/microros_ws/install/stereo_msgs/lib:/home/abhay/microros_ws/install/std_srvs/lib:/home/abhay/microros_ws/install/shape_msgs/lib:/home/abhay/microros_ws/install/sensor_msgs/lib:/home/abhay/microros_ws/install/nav_msgs/lib:/home/abhay/microros_ws/install/diagnostic_msgs/lib:/home/abhay/microros_ws/install/geometry_msgs/lib:/home/abhay/microros_ws/install/actionlib_msgs/lib:/home/abhay/microros_ws/install/std_msgs/lib:/home/abhay/microros_ws/install/statistics_msgs/lib:/home/abhay/microros_ws/install/rmw_microxrcedds/lib:/home/abhay/microros_ws/install/rosidl_typesupport_microxrcedds_cpp/lib:/home/abhay/microros_ws/install/rosidl_typesupport_microxrcedds_c/lib:/home/abhay/microros_ws/install/rosgraph_msgs/lib:/home/abhay/microros_ws/install/rclc_parameter/lib:/home/abhay/microros_ws/install/rclc/lib:/home/abhay/microros_ws/install/composition_interfaces/lib:/home/abhay/microros_ws/install/microxrcedds_client/lib:/home/abhay/microros_ws/install/microcdr/lib:/home/abhay/microros_ws/install/micro_ros_utilities/lib:/home/abhay/microros_ws/install/micro_ros_msgs/lib:/home/abhay/microros_ws/install/lifecycle_msgs/lib:/home/abhay/microros_ws/install/complex_msgs/lib:/opt/ros/humble/opt/rviz_ogre_vendor/lib:/opt/ros/humble/lib/x86_64-linux-gnu:/opt/ros/humble/lib /usr/bin/cmake --build /home/abhay/microros_ws/build/composition_interfaces -- -j16 -l16
[0.500s] Invoking command in '/home/abhay/microros_ws/build/composition_interfaces': CMAKE_PREFIX_PATH=/home/abhay/microros_ws/install/rcl_interfaces:/home/abhay/microros_ws/install/builtin_interfaces:/home/abhay/microros_ws/install/micro_ros_demos_rclc:/home/abhay/microros_ws/install/common_interfaces:/home/abhay/microros_ws/install/visualization_msgs:/home/abhay/microros_ws/install/test_msgs:/home/abhay/microros_ws/install/example_interfaces:/home/abhay/microros_ws/install/action_msgs:/home/abhay/microros_ws/install/unique_identifier_msgs:/home/abhay/microros_ws/install/trajectory_msgs:/home/abhay/microros_ws/install/stereo_msgs:/home/abhay/microros_ws/install/std_srvs:/home/abhay/microros_ws/install/shape_msgs:/home/abhay/microros_ws/install/sensor_msgs:/home/abhay/microros_ws/install/nav_msgs:/home/abhay/microros_ws/install/diagnostic_msgs:/home/abhay/microros_ws/install/geometry_msgs:/home/abhay/microros_ws/install/actionlib_msgs:/home/abhay/microros_ws/install/std_msgs:/home/abhay/microros_ws/install/statistics_msgs:/home/abhay/microros_ws/install/rosidl_typesupport_microxrcedds_test_msg:/home/abhay/microros_ws/install/rosidl_typesupport_microxrcedds_cpp_tests:/home/abhay/microros_ws/install/rmw_microxrcedds:/home/abhay/microros_ws/install/rosidl_typesupport_microxrcedds_cpp:/home/abhay/microros_ws/install/rosidl_typesupport_microxrcedds_c_tests:/home/abhay/microros_ws/install/rosidl_typesupport_microxrcedds_c:/home/abhay/microros_ws/install/rosgraph_msgs:/home/abhay/microros_ws/install/rclc_parameter:/home/abhay/microros_ws/install/rclc:/home/abhay/microros_ws/install/composition_interfaces:/home/abhay/microros_ws/install/microxrcedds_client:/home/abhay/microros_ws/install/microcdr:/home/abhay/microros_ws/install/micro_ros_utilities:/home/abhay/microros_ws/install/micro_ros_msgs:/home/abhay/microros_ws/install/lifecycle_msgs:/home/abhay/microros_ws/install/complex_msgs:/home/abhay/microros_ws/install/micro_ros_setup:/home/abhay/microros_ws/install/sensor_msgs_py:/home/abhay/ros2_ws/install/py_srvcli:/home/abhay/ros2_ws/install/my_robot_controller:/opt/ros/humble LD_LIBRARY_PATH=/home/abhay/microros_ws/install/rcl_interfaces/lib:/home/abhay/microros_ws/install/builtin_interfaces/lib:/home/abhay/microros_ws/install/visualization_msgs/lib:/home/abhay/microros_ws/install/test_msgs/lib:/home/abhay/microros_ws/install/example_interfaces/lib:/home/abhay/microros_ws/install/action_msgs/lib:/home/abhay/microros_ws/install/unique_identifier_msgs/lib:/home/abhay/microros_ws/install/trajectory_msgs/lib:/home/abhay/microros_ws/install/stereo_msgs/lib:/home/abhay/microros_ws/install/std_srvs/lib:/home/abhay/microros_ws/install/shape_msgs/lib:/home/abhay/microros_ws/install/sensor_msgs/lib:/home/abhay/microros_ws/install/nav_msgs/lib:/home/abhay/microros_ws/install/diagnostic_msgs/lib:/home/abhay/microros_ws/install/geometry_msgs/lib:/home/abhay/microros_ws/install/actionlib_msgs/lib:/home/abhay/microros_ws/install/std_msgs/lib:/home/abhay/microros_ws/install/statistics_msgs/lib:/home/abhay/microros_ws/install/rmw_microxrcedds/lib:/home/abhay/microros_ws/install/rosidl_typesupport_microxrcedds_cpp/lib:/home/abhay/microros_ws/install/rosidl_typesupport_microxrcedds_c/lib:/home/abhay/microros_ws/install/rosgraph_msgs/lib:/home/abhay/microros_ws/install/rclc_parameter/lib:/home/abhay/microros_ws/install/rclc/lib:/home/abhay/microros_ws/install/composition_interfaces/lib:/home/abhay/microros_ws/install/microxrcedds_client/lib:/home/abhay/microros_ws/install/microcdr/lib:/home/abhay/microros_ws/install/micro_ros_utilities/lib:/home/abhay/microros_ws/install/micro_ros_msgs/lib:/home/abhay/microros_ws/install/lifecycle_msgs/lib:/home/abhay/microros_ws/install/complex_msgs/lib:/opt/ros/humble/opt/rviz_ogre_vendor/lib:/opt/ros/humble/lib/x86_64-linux-gnu:/opt/ros/humble/lib /usr/bin/cmake --install /home/abhay/microros_ws/build/composition_interfaces
[0.508s] -- Install configuration: ""
[0.508s] -- Up-to-date: /home/abhay/microros_ws/install/composition_interfaces/share/ament_index/resource_index/rosidl_interfaces/composition_interfaces
[0.508s] -- Up-to-date: /home/abhay/microros_ws/install/composition_interfaces/include/composition_interfaces/composition_interfaces
[0.508s] -- Up-to-date: /home/abhay/microros_ws/install/composition_interfaces/include/composition_interfaces/composition_interfaces/msg
[0.509s] -- Up-to-date: /home/abhay/microros_ws/install/composition_interfaces/include/composition_interfaces/composition_interfaces/msg/rosidl_generator_c__visibility_control.h
[0.509s] -- Up-to-date: /home/abhay/microros_ws/install/composition_interfaces/include/composition_interfaces/composition_interfaces/srv
[0.509s] -- Up-to-date: /home/abhay/microros_ws/install/composition_interfaces/include/composition_interfaces/composition_interfaces/srv/detail
[0.509s] -- Up-to-date: /home/abhay/microros_ws/install/composition_interfaces/include/composition_interfaces/composition_interfaces/srv/detail/list_nodes__type_support.h
[0.509s] -- Up-to-date: /home/abhay/microros_ws/install/composition_interfaces/include/composition_interfaces/composition_interfaces/srv/detail/load_node__functions.h
[0.509s] -- Up-to-date: /home/abhay/microros_ws/install/composition_interfaces/include/composition_interfaces/composition_interfaces/srv/detail/load_node__type_support.h
[0.509s] -- Up-to-date: /home/abhay/microros_ws/install/composition_interfaces/include/composition_interfaces/composition_interfaces/srv/detail/list_nodes__functions.h
[0.509s] -- Up-to-date: /home/abhay/microros_ws/install/composition_interfaces/include/composition_interfaces/composition_interfaces/srv/detail/unload_node__functions.h
[0.509s] -- Up-to-date: /home/abhay/microros_ws/install/composition_interfaces/include/composition_interfaces/composition_interfaces/srv/detail/list_nodes__struct.h
[0.509s] -- Up-to-date: /home/abhay/microros_ws/install/composition_interfaces/include/composition_interfaces/composition_interfaces/srv/detail/unload_node__functions.c
[0.510s] -- Up-to-date: /home/abhay/microros_ws/install/composition_interfaces/include/composition_interfaces/composition_interfaces/srv/detail/load_node__struct.h
[0.510s] -- Up-to-date: /home/abhay/microros_ws/install/composition_interfaces/include/composition_interfaces/composition_interfaces/srv/detail/load_node__functions.c
[0.510s] -- Up-to-date: /home/abhay/microros_ws/install/composition_interfaces/include/composition_interfaces/composition_interfaces/srv/detail/list_nodes__functions.c
[0.510s] -- Up-to-date: /home/abhay/microros_ws/install/composition_interfaces/include/composition_interfaces/composition_interfaces/srv/detail/unload_node__type_support.h
[0.510s] -- Up-to-date: /home/abhay/microros_ws/install/composition_interfaces/include/composition_interfaces/composition_interfaces/srv/detail/unload_node__struct.h
[0.510s] -- Up-to-date: /home/abhay/microros_ws/install/composition_interfaces/include/composition_interfaces/composition_interfaces/srv/load_node.h
[0.510s] -- Up-to-date: /home/abhay/microros_ws/install/composition_interfaces/include/composition_interfaces/composition_interfaces/srv/unload_node.h
[0.510s] -- Up-to-date: /home/abhay/microros_ws/install/composition_interfaces/include/composition_interfaces/composition_interfaces/srv/list_nodes.h
[0.510s] -- Up-to-date: /home/abhay/microros_ws/install/composition_interfaces/share/composition_interfaces/environment/library_path.sh
[0.511s] -- Up-to-date: /home/abhay/microros_ws/install/composition_interfaces/share/composition_interfaces/environment/library_path.dsv
[0.511s] -- Up-to-date: /home/abhay/microros_ws/install/composition_interfaces/lib/libcomposition_interfaces__rosidl_generator_c.so
[0.511s] -- Up-to-date: /home/abhay/microros_ws/install/composition_interfaces/include/composition_interfaces
[0.511s] -- Up-to-date: /home/abhay/microros_ws/install/composition_interfaces/include/composition_interfaces/msg
[0.511s] -- Up-to-date: /home/abhay/microros_ws/install/composition_interfaces/include/composition_interfaces/msg/rosidl_typesupport_microxrcedds_c__visibility_control.h
[0.511s] -- Up-to-date: /home/abhay/microros_ws/install/composition_interfaces/include/composition_interfaces/srv
[0.511s] -- Up-to-date: /home/abhay/microros_ws/install/composition_interfaces/include/composition_interfaces/srv/detail
[0.511s] -- Up-to-date: /home/abhay/microros_ws/install/composition_interfaces/include/composition_interfaces/srv/detail/load_node__rosidl_typesupport_microxrcedds_c.h
[0.511s] -- Up-to-date: /home/abhay/microros_ws/install/composition_interfaces/include/composition_interfaces/srv/detail/microxrcedds
[0.511s] -- Up-to-date: /home/abhay/microros_ws/install/composition_interfaces/include/composition_interfaces/srv/detail/unload_node__rosidl_typesupport_microxrcedds_c.h
[0.511s] -- Up-to-date: /home/abhay/microros_ws/install/composition_interfaces/include/composition_interfaces/srv/detail/list_nodes__rosidl_typesupport_microxrcedds_c.h
[0.512s] -- Up-to-date: /home/abhay/microros_ws/install/composition_interfaces/lib/libcomposition_interfaces__rosidl_typesupport_microxrcedds_c.so
[0.512s] -- Up-to-date: /home/abhay/microros_ws/install/composition_interfaces/include/composition_interfaces/composition_interfaces
[0.512s] -- Up-to-date: /home/abhay/microros_ws/install/composition_interfaces/include/composition_interfaces/composition_interfaces/msg
[0.512s] -- Up-to-date: /home/abhay/microros_ws/install/composition_interfaces/include/composition_interfaces/composition_interfaces/msg/rosidl_typesupport_fastrtps_c__visibility_control.h
[0.512s] -- Up-to-date: /home/abhay/microros_ws/install/composition_interfaces/include/composition_interfaces/composition_interfaces/srv
[0.512s] -- Up-to-date: /home/abhay/microros_ws/install/composition_interfaces/include/composition_interfaces/composition_interfaces/srv/detail
[0.512s] -- Up-to-date: /home/abhay/microros_ws/install/composition_interfaces/include/composition_interfaces/composition_interfaces/srv/detail/load_node__rosidl_typesupport_fastrtps_c.h
[0.512s] -- Up-to-date: /home/abhay/microros_ws/install/composition_interfaces/include/composition_interfaces/composition_interfaces/srv/detail/list_nodes__rosidl_typesupport_fastrtps_c.h
[0.512s] -- Up-to-date: /home/abhay/microros_ws/install/composition_interfaces/include/composition_interfaces/composition_interfaces/srv/detail/unload_node__rosidl_typesupport_fastrtps_c.h
[0.512s] -- Up-to-date: /home/abhay/microros_ws/install/composition_interfaces/lib/libcomposition_interfaces__rosidl_typesupport_fastrtps_c.so
[0.513s] -- Up-to-date: /home/abhay/microros_ws/install/composition_interfaces/include/composition_interfaces/composition_interfaces
[0.513s] -- Up-to-date: /home/abhay/microros_ws/install/composition_interfaces/include/composition_interfaces/composition_interfaces/msg
[0.513s] -- Up-to-date: /home/abhay/microros_ws/install/composition_interfaces/include/composition_interfaces/composition_interfaces/msg/rosidl_typesupport_introspection_c__visibility_control.h
[0.513s] -- Up-to-date: /home/abhay/microros_ws/install/composition_interfaces/include/composition_interfaces/composition_interfaces/srv
[0.513s] -- Up-to-date: /home/abhay/microros_ws/install/composition_interfaces/include/composition_interfaces/composition_interfaces/srv/detail
[0.513s] -- Up-to-date: /home/abhay/microros_ws/install/composition_interfaces/include/composition_interfaces/composition_interfaces/srv/detail/list_nodes__rosidl_typesupport_introspection_c.h
[0.513s] -- Up-to-date: /home/abhay/microros_ws/install/composition_interfaces/include/composition_interfaces/composition_interfaces/srv/detail/load_node__rosidl_typesupport_introspection_c.h
[0.513s] -- Up-to-date: /home/abhay/microros_ws/install/composition_interfaces/include/composition_interfaces/composition_interfaces/srv/detail/list_nodes__type_support.c
[0.513s] -- Up-to-date: /home/abhay/microros_ws/install/composition_interfaces/include/composition_interfaces/composition_interfaces/srv/detail/unload_node__rosidl_typesupport_introspection_c.h
[0.513s] -- Up-to-date: /home/abhay/microros_ws/install/composition_interfaces/include/composition_interfaces/composition_interfaces/srv/detail/unload_node__type_support.c
[0.514s] -- Up-to-date: /home/abhay/microros_ws/install/composition_interfaces/include/composition_interfaces/composition_interfaces/srv/detail/load_node__type_support.c
[0.514s] -- Up-to-date: /home/abhay/microros_ws/install/composition_interfaces/lib/libcomposition_interfaces__rosidl_typesupport_introspection_c.so
[0.514s] -- Up-to-date: /home/abhay/microros_ws/install/composition_interfaces/lib/libcomposition_interfaces__rosidl_typesupport_c.so
[0.514s] -- Up-to-date: /home/abhay/microros_ws/install/composition_interfaces/include/composition_interfaces/composition_interfaces
[0.514s] -- Up-to-date: /home/abhay/microros_ws/install/composition_interfaces/include/composition_interfaces/composition_interfaces/srv
[0.514s] -- Up-to-date: /home/abhay/microros_ws/install/composition_interfaces/include/composition_interfaces/composition_interfaces/srv/unload_node.hpp
[0.514s] -- Up-to-date: /home/abhay/microros_ws/install/composition_interfaces/include/composition_interfaces/composition_interfaces/srv/load_node.hpp
[0.514s] -- Up-to-date: /home/abhay/microros_ws/install/composition_interfaces/include/composition_interfaces/composition_interfaces/srv/detail
[0.514s] -- Up-to-date: /home/abhay/microros_ws/install/composition_interfaces/include/composition_interfaces/composition_interfaces/srv/detail/unload_node__struct.hpp
[0.514s] -- Up-to-date: /home/abhay/microros_ws/install/composition_interfaces/include/composition_interfaces/composition_interfaces/srv/detail/unload_node__traits.hpp
[0.514s] -- Up-to-date: /home/abhay/microros_ws/install/composition_interfaces/include/composition_interfaces/composition_interfaces/srv/detail/unload_node__builder.hpp
[0.515s] -- Up-to-date: /home/abhay/microros_ws/install/composition_interfaces/include/composition_interfaces/composition_interfaces/srv/detail/list_nodes__struct.hpp
[0.515s] -- Up-to-date: /home/abhay/microros_ws/install/composition_interfaces/include/composition_interfaces/composition_interfaces/srv/detail/list_nodes__builder.hpp
[0.515s] -- Up-to-date: /home/abhay/microros_ws/install/composition_interfaces/include/composition_interfaces/composition_interfaces/srv/detail/load_node__traits.hpp
[0.515s] -- Up-to-date: /home/abhay/microros_ws/install/composition_interfaces/include/composition_interfaces/composition_interfaces/srv/detail/load_node__builder.hpp
[0.515s] -- Up-to-date: /home/abhay/microros_ws/install/composition_interfaces/include/composition_interfaces/composition_interfaces/srv/detail/list_nodes__traits.hpp
[0.515s] -- Up-to-date: /home/abhay/microros_ws/install/composition_interfaces/include/composition_interfaces/composition_interfaces/srv/detail/load_node__struct.hpp
[0.515s] -- Up-to-date: /home/abhay/microros_ws/install/composition_interfaces/include/composition_interfaces/composition_interfaces/srv/list_nodes.hpp
[0.515s] -- Up-to-date: /home/abhay/microros_ws/install/composition_interfaces/include/composition_interfaces
[0.515s] -- Up-to-date: /home/abhay/microros_ws/install/composition_interfaces/include/composition_interfaces/msg
[0.515s] -- Up-to-date: /home/abhay/microros_ws/install/composition_interfaces/include/composition_interfaces/msg/rosidl_typesupport_microxrcedds_cpp__visibility_control.h
[0.515s] -- Up-to-date: /home/abhay/microros_ws/install/composition_interfaces/include/composition_interfaces/srv
[0.515s] -- Up-to-date: /home/abhay/microros_ws/install/composition_interfaces/include/composition_interfaces/srv/detail
[0.516s] -- Up-to-date: /home/abhay/microros_ws/install/composition_interfaces/include/composition_interfaces/srv/detail/load_node__rosidl_typesupport_microxrcedds_cpp.hpp
[0.516s] -- Up-to-date: /home/abhay/microros_ws/install/composition_interfaces/include/composition_interfaces/srv/detail/unload_node__rosidl_typesupport_microxrcedds_cpp.hpp
[0.516s] -- Up-to-date: /home/abhay/microros_ws/install/composition_interfaces/include/composition_interfaces/srv/detail/microxrcedds
[0.516s] -- Up-to-date: /home/abhay/microros_ws/install/composition_interfaces/include/composition_interfaces/srv/detail/microxrcedds/load_node__type_support_cpp.cpp
[0.516s] -- Up-to-date: /home/abhay/microros_ws/install/composition_interfaces/include/composition_interfaces/srv/detail/microxrcedds/unload_node__type_support_cpp.cpp
[0.516s] -- Up-to-date: /home/abhay/microros_ws/install/composition_interfaces/include/composition_interfaces/srv/detail/microxrcedds/list_nodes__type_support_cpp.cpp
[0.516s] -- Up-to-date: /home/abhay/microros_ws/install/composition_interfaces/include/composition_interfaces/srv/detail/list_nodes__rosidl_typesupport_microxrcedds_cpp.hpp
[0.516s] -- Up-to-date: /home/abhay/microros_ws/install/composition_interfaces/lib/libcomposition_interfaces__rosidl_typesupport_microxrcedds_cpp.so
[0.516s] -- Up-to-date: /home/abhay/microros_ws/install/composition_interfaces/include/composition_interfaces/composition_interfaces
[0.516s] -- Up-to-date: /home/abhay/microros_ws/install/composition_interfaces/include/composition_interfaces/composition_interfaces/msg
[0.516s] -- Up-to-date: /home/abhay/microros_ws/install/composition_interfaces/include/composition_interfaces/composition_interfaces/msg/rosidl_typesupport_fastrtps_cpp__visibility_control.h
[0.516s] -- Up-to-date: /home/abhay/microros_ws/install/composition_interfaces/include/composition_interfaces/composition_interfaces/srv
[0.517s] -- Up-to-date: /home/abhay/microros_ws/install/composition_interfaces/include/composition_interfaces/composition_interfaces/srv/detail
[0.517s] -- Up-to-date: /home/abhay/microros_ws/install/composition_interfaces/include/composition_interfaces/composition_interfaces/srv/detail/load_node__rosidl_typesupport_fastrtps_cpp.hpp
[0.517s] -- Up-to-date: /home/abhay/microros_ws/install/composition_interfaces/include/composition_interfaces/composition_interfaces/srv/detail/unload_node__rosidl_typesupport_fastrtps_cpp.hpp
[0.517s] -- Up-to-date: /home/abhay/microros_ws/install/composition_interfaces/include/composition_interfaces/composition_interfaces/srv/detail/list_nodes__rosidl_typesupport_fastrtps_cpp.hpp
[0.517s] -- Up-to-date: /home/abhay/microros_ws/install/composition_interfaces/include/composition_interfaces/composition_interfaces/srv/detail/dds_fastrtps
[0.517s] -- Up-to-date: /home/abhay/microros_ws/install/composition_interfaces/lib/libcomposition_interfaces__rosidl_typesupport_fastrtps_cpp.so
[0.517s] -- Up-to-date: /home/abhay/microros_ws/install/composition_interfaces/include/composition_interfaces/composition_interfaces
[0.517s] -- Up-to-date: /home/abhay/microros_ws/install/composition_interfaces/include/composition_interfaces/composition_interfaces/srv
[0.517s] -- Up-to-date: /home/abhay/microros_ws/install/composition_interfaces/include/composition_interfaces/composition_interfaces/srv/detail
[0.517s] -- Up-to-date: /home/abhay/microros_ws/install/composition_interfaces/include/composition_interfaces/composition_interfaces/srv/detail/load_node__type_support.cpp
[0.517s] -- Up-to-date: /home/abhay/microros_ws/install/composition_interfaces/include/composition_interfaces/composition_interfaces/srv/detail/list_nodes__type_support.cpp
[0.517s] -- Up-to-date: /home/abhay/microros_ws/install/composition_interfaces/include/composition_interfaces/composition_interfaces/srv/detail/load_node__rosidl_typesupport_introspection_cpp.hpp
[0.517s] -- Up-to-date: /home/abhay/microros_ws/install/composition_interfaces/include/composition_interfaces/composition_interfaces/srv/detail/unload_node__rosidl_typesupport_introspection_cpp.hpp
[0.518s] -- Up-to-date: /home/abhay/microros_ws/install/composition_interfaces/include/composition_interfaces/composition_interfaces/srv/detail/unload_node__type_support.cpp
[0.518s] -- Up-to-date: /home/abhay/microros_ws/install/composition_interfaces/include/composition_interfaces/composition_interfaces/srv/detail/list_nodes__rosidl_typesupport_introspection_cpp.hpp
[0.518s] -- Up-to-date: /home/abhay/microros_ws/install/composition_interfaces/lib/libcomposition_interfaces__rosidl_typesupport_introspection_cpp.so
[0.518s] -- Up-to-date: /home/abhay/microros_ws/install/composition_interfaces/lib/libcomposition_interfaces__rosidl_typesupport_cpp.so
[0.518s] -- Up-to-date: /home/abhay/microros_ws/install/composition_interfaces/share/composition_interfaces/environment/pythonpath.sh
[0.518s] -- Up-to-date: /home/abhay/microros_ws/install/composition_interfaces/share/composition_interfaces/environment/pythonpath.dsv
[0.518s] -- Up-to-date: /home/abhay/microros_ws/install/composition_interfaces/local/lib/python3.10/dist-packages/composition_interfaces-1.2.1-py3.10.egg-info
[0.518s] -- Installing: /home/abhay/microros_ws/install/composition_interfaces/local/lib/python3.10/dist-packages/composition_interfaces-1.2.1-py3.10.egg-info/top_level.txt
[0.518s] -- Installing: /home/abhay/microros_ws/install/composition_interfaces/local/lib/python3.10/dist-packages/composition_interfaces-1.2.1-py3.10.egg-info/SOURCES.txt
[0.518s] -- Installing: /home/abhay/microros_ws/install/composition_interfaces/local/lib/python3.10/dist-packages/composition_interfaces-1.2.1-py3.10.egg-info/dependency_links.txt
[0.518s] -- Installing: /home/abhay/microros_ws/install/composition_interfaces/local/lib/python3.10/dist-packages/composition_interfaces-1.2.1-py3.10.egg-info/PKG-INFO
[0.519s] -- Up-to-date: /home/abhay/microros_ws/install/composition_interfaces/local/lib/python3.10/dist-packages/composition_interfaces
[0.519s] -- Up-to-date: /home/abhay/microros_ws/install/composition_interfaces/local/lib/python3.10/dist-packages/composition_interfaces/_composition_interfaces_s.ep.rosidl_typesupport_fastrtps_c.c
[0.519s] -- Up-to-date: /home/abhay/microros_ws/install/composition_interfaces/local/lib/python3.10/dist-packages/composition_interfaces/composition_interfaces_s__rosidl_typesupport_microxrcedds_c.cpython-310-x86_64-linux-gnu.so
[0.519s] -- Up-to-date: /home/abhay/microros_ws/install/composition_interfaces/local/lib/python3.10/dist-packages/composition_interfaces/_composition_interfaces_s.ep.rosidl_typesupport_introspection_c.c
[0.519s] -- Up-to-date: /home/abhay/microros_ws/install/composition_interfaces/local/lib/python3.10/dist-packages/composition_interfaces/_composition_interfaces_s.ep.rosidl_typesupport_microxrcedds_c.c
[0.519s] -- Up-to-date: /home/abhay/microros_ws/install/composition_interfaces/local/lib/python3.10/dist-packages/composition_interfaces/composition_interfaces_s__rosidl_typesupport_introspection_c.cpython-310-x86_64-linux-gnu.so
[0.519s] -- Up-to-date: /home/abhay/microros_ws/install/composition_interfaces/local/lib/python3.10/dist-packages/composition_interfaces/_composition_interfaces_s.ep.rosidl_typesupport_c.c
[0.519s] -- Up-to-date: /home/abhay/microros_ws/install/composition_interfaces/local/lib/python3.10/dist-packages/composition_interfaces/libcomposition_interfaces__rosidl_generator_py.so
[0.519s] -- Up-to-date: /home/abhay/microros_ws/install/composition_interfaces/local/lib/python3.10/dist-packages/composition_interfaces/composition_interfaces_s__rosidl_typesupport_fastrtps_c.cpython-310-x86_64-linux-gnu.so
[0.519s] -- Up-to-date: /home/abhay/microros_ws/install/composition_interfaces/local/lib/python3.10/dist-packages/composition_interfaces/composition_interfaces_s__rosidl_typesupport_c.cpython-310-x86_64-linux-gnu.so
[0.519s] -- Up-to-date: /home/abhay/microros_ws/install/composition_interfaces/local/lib/python3.10/dist-packages/composition_interfaces/__init__.py
[0.519s] -- Up-to-date: /home/abhay/microros_ws/install/composition_interfaces/local/lib/python3.10/dist-packages/composition_interfaces/srv
[0.520s] -- Up-to-date: /home/abhay/microros_ws/install/composition_interfaces/local/lib/python3.10/dist-packages/composition_interfaces/srv/_load_node_s.c
[0.520s] -- Up-to-date: /home/abhay/microros_ws/install/composition_interfaces/local/lib/python3.10/dist-packages/composition_interfaces/srv/_list_nodes.py
[0.520s] -- Up-to-date: /home/abhay/microros_ws/install/composition_interfaces/local/lib/python3.10/dist-packages/composition_interfaces/srv/_unload_node_s.c
[0.520s] -- Up-to-date: /home/abhay/microros_ws/install/composition_interfaces/local/lib/python3.10/dist-packages/composition_interfaces/srv/_load_node.py
[0.520s] -- Up-to-date: /home/abhay/microros_ws/install/composition_interfaces/local/lib/python3.10/dist-packages/composition_interfaces/srv/_list_nodes_s.c
[0.520s] -- Up-to-date: /home/abhay/microros_ws/install/composition_interfaces/local/lib/python3.10/dist-packages/composition_interfaces/srv/_unload_node.py
[0.520s] -- Up-to-date: /home/abhay/microros_ws/install/composition_interfaces/local/lib/python3.10/dist-packages/composition_interfaces/srv/__init__.py
[0.549s] Listing '/home/abhay/microros_ws/install/composition_interfaces/local/lib/python3.10/dist-packages/composition_interfaces'...
[0.549s] Listing '/home/abhay/microros_ws/install/composition_interfaces/local/lib/python3.10/dist-packages/composition_interfaces/srv'...
[0.553s] -- Up-to-date: /home/abhay/microros_ws/install/composition_interfaces/local/lib/python3.10/dist-packages/composition_interfaces/composition_interfaces_s__rosidl_typesupport_microxrcedds_c.cpython-310-x86_64-linux-gnu.so
[0.553s] -- Up-to-date: /home/abhay/microros_ws/install/composition_interfaces/local/lib/python3.10/dist-packages/composition_interfaces/composition_interfaces_s__rosidl_typesupport_fastrtps_c.cpython-310-x86_64-linux-gnu.so
[0.553s] -- Up-to-date: /home/abhay/microros_ws/install/composition_interfaces/local/lib/python3.10/dist-packages/composition_interfaces/composition_interfaces_s__rosidl_typesupport_introspection_c.cpython-310-x86_64-linux-gnu.so
[0.553s] -- Up-to-date: /home/abhay/microros_ws/install/composition_interfaces/local/lib/python3.10/dist-packages/composition_interfaces/composition_interfaces_s__rosidl_typesupport_c.cpython-310-x86_64-linux-gnu.so
[0.554s] -- Up-to-date: /home/abhay/microros_ws/install/composition_interfaces/lib/libcomposition_interfaces__rosidl_generator_py.so
[0.554s] -- Up-to-date: /home/abhay/microros_ws/install/composition_interfaces/share/composition_interfaces/srv/LoadNode.idl
[0.554s] -- Up-to-date: /home/abhay/microros_ws/install/composition_interfaces/share/composition_interfaces/srv/ListNodes.idl
[0.554s] -- Up-to-date: /home/abhay/microros_ws/install/composition_interfaces/share/composition_interfaces/srv/UnloadNode.idl
[0.554s] -- Up-to-date: /home/abhay/microros_ws/install/composition_interfaces/share/composition_interfaces/srv/LoadNode.srv
[0.554s] -- Up-to-date: /home/abhay/microros_ws/install/composition_interfaces/share/composition_interfaces/srv/LoadNode_Request.msg
[0.554s] -- Up-to-date: /home/abhay/microros_ws/install/composition_interfaces/share/composition_interfaces/srv/LoadNode_Response.msg
[0.554s] -- Up-to-date: /home/abhay/microros_ws/install/composition_interfaces/share/composition_interfaces/srv/ListNodes.srv
[0.555s] -- Up-to-date: /home/abhay/microros_ws/install/composition_interfaces/share/composition_interfaces/srv/ListNodes_Request.msg
[0.555s] -- Up-to-date: /home/abhay/microros_ws/install/composition_interfaces/share/composition_interfaces/srv/ListNodes_Response.msg
[0.555s] -- Up-to-date: /home/abhay/microros_ws/install/composition_interfaces/share/composition_interfaces/srv/UnloadNode.srv
[0.555s] -- Up-to-date: /home/abhay/microros_ws/install/composition_interfaces/share/composition_interfaces/srv/UnloadNode_Request.msg
[0.555s] -- Up-to-date: /home/abhay/microros_ws/install/composition_interfaces/share/composition_interfaces/srv/UnloadNode_Response.msg
[0.555s] -- Up-to-date: /home/abhay/microros_ws/install/composition_interfaces/share/ament_index/resource_index/package_run_dependencies/composition_interfaces
[0.555s] -- Up-to-date: /home/abhay/microros_ws/install/composition_interfaces/share/ament_index/resource_index/parent_prefix_path/composition_interfaces
[0.555s] -- Up-to-date: /home/abhay/microros_ws/install/composition_interfaces/share/composition_interfaces/environment/ament_prefix_path.sh
[0.555s] -- Up-to-date: /home/abhay/microros_ws/install/composition_interfaces/share/composition_interfaces/environment/ament_prefix_path.dsv
[0.555s] -- Up-to-date: /home/abhay/microros_ws/install/composition_interfaces/share/composition_interfaces/environment/path.sh
[0.556s] -- Up-to-date: /home/abhay/microros_ws/install/composition_interfaces/share/composition_interfaces/environment/path.dsv
[0.556s] -- Up-to-date: /home/abhay/microros_ws/install/composition_interfaces/share/composition_interfaces/local_setup.bash
[0.556s] -- Up-to-date: /home/abhay/microros_ws/install/composition_interfaces/share/composition_interfaces/local_setup.sh
[0.556s] -- Up-to-date: /home/abhay/microros_ws/install/composition_interfaces/share/composition_interfaces/local_setup.zsh
[0.556s] -- Up-to-date: /home/abhay/microros_ws/install/composition_interfaces/share/composition_interfaces/local_setup.dsv
[0.556s] -- Installing: /home/abhay/microros_ws/install/composition_interfaces/share/composition_interfaces/package.dsv
[0.556s] -- Up-to-date: /home/abhay/microros_ws/install/composition_interfaces/share/ament_index/resource_index/packages/composition_interfaces
[0.556s] -- Up-to-date: /home/abhay/microros_ws/install/composition_interfaces/share/composition_interfaces/cmake/export_composition_interfaces__rosidl_generator_cExport.cmake
[0.556s] -- Up-to-date: /home/abhay/microros_ws/install/composition_interfaces/share/composition_interfaces/cmake/export_composition_interfaces__rosidl_generator_cExport-noconfig.cmake
[0.556s] -- Up-to-date: /home/abhay/microros_ws/install/composition_interfaces/share/composition_interfaces/cmake/export_composition_interfaces__rosidl_typesupport_fastrtps_cExport.cmake
[0.557s] -- Up-to-date: /home/abhay/microros_ws/install/composition_interfaces/share/composition_interfaces/cmake/export_composition_interfaces__rosidl_typesupport_fastrtps_cExport-noconfig.cmake
[0.557s] -- Up-to-date: /home/abhay/microros_ws/install/composition_interfaces/share/composition_interfaces/cmake/composition_interfaces__rosidl_typesupport_introspection_cExport.cmake
[0.557s] -- Up-to-date: /home/abhay/microros_ws/install/composition_interfaces/share/composition_interfaces/cmake/composition_interfaces__rosidl_typesupport_introspection_cExport-noconfig.cmake
[0.557s] -- Up-to-date: /home/abhay/microros_ws/install/composition_interfaces/share/composition_interfaces/cmake/composition_interfaces__rosidl_typesupport_cExport.cmake
[0.557s] -- Up-to-date: /home/abhay/microros_ws/install/composition_interfaces/share/composition_interfaces/cmake/composition_interfaces__rosidl_typesupport_cExport-noconfig.cmake
[0.557s] -- Up-to-date: /home/abhay/microros_ws/install/composition_interfaces/share/composition_interfaces/cmake/export_composition_interfaces__rosidl_generator_cppExport.cmake
[0.557s] -- Up-to-date: /home/abhay/microros_ws/install/composition_interfaces/share/composition_interfaces/cmake/export_composition_interfaces__rosidl_typesupport_fastrtps_cppExport.cmake
[0.557s] -- Up-to-date: /home/abhay/microros_ws/install/composition_interfaces/share/composition_interfaces/cmake/export_composition_interfaces__rosidl_typesupport_fastrtps_cppExport-noconfig.cmake
[0.557s] -- Up-to-date: /home/abhay/microros_ws/install/composition_interfaces/share/composition_interfaces/cmake/composition_interfaces__rosidl_typesupport_introspection_cppExport.cmake
[0.557s] -- Up-to-date: /home/abhay/microros_ws/install/composition_interfaces/share/composition_interfaces/cmake/composition_interfaces__rosidl_typesupport_introspection_cppExport-noconfig.cmake
[0.558s] -- Up-to-date: /home/abhay/microros_ws/install/composition_interfaces/share/composition_interfaces/cmake/composition_interfaces__rosidl_typesupport_cppExport.cmake
[0.558s] -- Up-to-date: /home/abhay/microros_ws/install/composition_interfaces/share/composition_interfaces/cmake/composition_interfaces__rosidl_typesupport_cppExport-noconfig.cmake
[0.558s] -- Up-to-date: /home/abhay/microros_ws/install/composition_interfaces/share/composition_interfaces/cmake/export_composition_interfaces__rosidl_generator_pyExport.cmake
[0.558s] -- Up-to-date: /home/abhay/microros_ws/install/composition_interfaces/share/composition_interfaces/cmake/export_composition_interfaces__rosidl_generator_pyExport-noconfig.cmake
[0.558s] -- Up-to-date: /home/abhay/microros_ws/install/composition_interfaces/share/composition_interfaces/cmake/rosidl_cmake-extras.cmake
[0.558s] -- Up-to-date: /home/abhay/microros_ws/install/composition_interfaces/share/composition_interfaces/cmake/ament_cmake_export_dependencies-extras.cmake
[0.558s] -- Up-to-date: /home/abhay/microros_ws/install/composition_interfaces/share/composition_interfaces/cmake/ament_cmake_export_include_directories-extras.cmake
[0.558s] -- Up-to-date: /home/abhay/microros_ws/install/composition_interfaces/share/composition_interfaces/cmake/ament_cmake_export_libraries-extras.cmake
[0.558s] -- Up-to-date: /home/abhay/microros_ws/install/composition_interfaces/share/composition_interfaces/cmake/ament_cmake_export_targets-extras.cmake
[0.558s] -- Up-to-date: /home/abhay/microros_ws/install/composition_interfaces/share/composition_interfaces/cmake/rosidl_cmake_export_typesupport_targets-extras.cmake
[0.559s] -- Up-to-date: /home/abhay/microros_ws/install/composition_interfaces/share/composition_interfaces/cmake/rosidl_cmake_export_typesupport_libraries-extras.cmake
[0.559s] -- Up-to-date: /home/abhay/microros_ws/install/composition_interfaces/share/composition_interfaces/cmake/composition_interfacesConfig.cmake
[0.559s] -- Up-to-date: /home/abhay/microros_ws/install/composition_interfaces/share/composition_interfaces/cmake/composition_interfacesConfig-version.cmake
[0.559s] -- Up-to-date: /home/abhay/microros_ws/install/composition_interfaces/share/composition_interfaces/package.xml
[0.560s] Invoked command in '/home/abhay/microros_ws/build/composition_interfaces' returned '0': CMAKE_PREFIX_PATH=/home/abhay/microros_ws/install/rcl_interfaces:/home/abhay/microros_ws/install/builtin_interfaces:/home/abhay/microros_ws/install/micro_ros_demos_rclc:/home/abhay/microros_ws/install/common_interfaces:/home/abhay/microros_ws/install/visualization_msgs:/home/abhay/microros_ws/install/test_msgs:/home/abhay/microros_ws/install/example_interfaces:/home/abhay/microros_ws/install/action_msgs:/home/abhay/microros_ws/install/unique_identifier_msgs:/home/abhay/microros_ws/install/trajectory_msgs:/home/abhay/microros_ws/install/stereo_msgs:/home/abhay/microros_ws/install/std_srvs:/home/abhay/microros_ws/install/shape_msgs:/home/abhay/microros_ws/install/sensor_msgs:/home/abhay/microros_ws/install/nav_msgs:/home/abhay/microros_ws/install/diagnostic_msgs:/home/abhay/microros_ws/install/geometry_msgs:/home/abhay/microros_ws/install/actionlib_msgs:/home/abhay/microros_ws/install/std_msgs:/home/abhay/microros_ws/install/statistics_msgs:/home/abhay/microros_ws/install/rosidl_typesupport_microxrcedds_test_msg:/home/abhay/microros_ws/install/rosidl_typesupport_microxrcedds_cpp_tests:/home/abhay/microros_ws/install/rmw_microxrcedds:/home/abhay/microros_ws/install/rosidl_typesupport_microxrcedds_cpp:/home/abhay/microros_ws/install/rosidl_typesupport_microxrcedds_c_tests:/home/abhay/microros_ws/install/rosidl_typesupport_microxrcedds_c:/home/abhay/microros_ws/install/rosgraph_msgs:/home/abhay/microros_ws/install/rclc_parameter:/home/abhay/microros_ws/install/rclc:/home/abhay/microros_ws/install/composition_interfaces:/home/abhay/microros_ws/install/microxrcedds_client:/home/abhay/microros_ws/install/microcdr:/home/abhay/microros_ws/install/micro_ros_utilities:/home/abhay/microros_ws/install/micro_ros_msgs:/home/abhay/microros_ws/install/lifecycle_msgs:/home/abhay/microros_ws/install/complex_msgs:/home/abhay/microros_ws/install/micro_ros_setup:/home/abhay/microros_ws/install/sensor_msgs_py:/home/abhay/ros2_ws/install/py_srvcli:/home/abhay/ros2_ws/install/my_robot_controller:/opt/ros/humble LD_LIBRARY_PATH=/home/abhay/microros_ws/install/rcl_interfaces/lib:/home/abhay/microros_ws/install/builtin_interfaces/lib:/home/abhay/microros_ws/install/visualization_msgs/lib:/home/abhay/microros_ws/install/test_msgs/lib:/home/abhay/microros_ws/install/example_interfaces/lib:/home/abhay/microros_ws/install/action_msgs/lib:/home/abhay/microros_ws/install/unique_identifier_msgs/lib:/home/abhay/microros_ws/install/trajectory_msgs/lib:/home/abhay/microros_ws/install/stereo_msgs/lib:/home/abhay/microros_ws/install/std_srvs/lib:/home/abhay/microros_ws/install/shape_msgs/lib:/home/abhay/microros_ws/install/sensor_msgs/lib:/home/abhay/microros_ws/install/nav_msgs/lib:/home/abhay/microros_ws/install/diagnostic_msgs/lib:/home/abhay/microros_ws/install/geometry_msgs/lib:/home/abhay/microros_ws/install/actionlib_msgs/lib:/home/abhay/microros_ws/install/std_msgs/lib:/home/abhay/microros_ws/install/statistics_msgs/lib:/home/abhay/microros_ws/install/rmw_microxrcedds/lib:/home/abhay/microros_ws/install/rosidl_typesupport_microxrcedds_cpp/lib:/home/abhay/microros_ws/install/rosidl_typesupport_microxrcedds_c/lib:/home/abhay/microros_ws/install/rosgraph_msgs/lib:/home/abhay/microros_ws/install/rclc_parameter/lib:/home/abhay/microros_ws/install/rclc/lib:/home/abhay/microros_ws/install/composition_interfaces/lib:/home/abhay/microros_ws/install/microxrcedds_client/lib:/home/abhay/microros_ws/install/microcdr/lib:/home/abhay/microros_ws/install/micro_ros_utilities/lib:/home/abhay/microros_ws/install/micro_ros_msgs/lib:/home/abhay/microros_ws/install/lifecycle_msgs/lib:/home/abhay/microros_ws/install/complex_msgs/lib:/opt/ros/humble/opt/rviz_ogre_vendor/lib:/opt/ros/humble/lib/x86_64-linux-gnu:/opt/ros/humble/lib /usr/bin/cmake --install /home/abhay/microros_ws/build/composition_interfaces
