[0.029s] Invoking command in '/home/abhay/microros_ws/build/micro_ros_utilities': CMAKE_PREFIX_PATH=${CMAKE_PREFIX_PATH}:/home/abhay/microros_ws/install/sensor_msgs_py:/home/abhay/ros2_ws/install/py_srvcli:/home/abhay/ros2_ws/install/my_robot_controller:/opt/ros/humble /usr/bin/cmake --build /home/abhay/microros_ws/build/micro_ros_utilities -- -j16 -l16
[0.069s] [35m[1mConsolidate compiler generated dependencies of target micro_ros_utilities[0m
[0.083s] [100%] Built target micro_ros_utilities
[0.104s] Invoked command in '/home/abhay/microros_ws/build/micro_ros_utilities' returned '0': CMAKE_PREFIX_PATH=${CMAKE_PREFIX_PATH}:/home/abhay/microros_ws/install/sensor_msgs_py:/home/abhay/ros2_ws/install/py_srvcli:/home/abhay/ros2_ws/install/my_robot_controller:/opt/ros/humble /usr/bin/cmake --build /home/abhay/microros_ws/build/micro_ros_utilities -- -j16 -l16
[0.214s] Invoking command in '/home/abhay/microros_ws/build/micro_ros_utilities': CMAKE_PREFIX_PATH=${CMAKE_PREFIX_PATH}:/home/abhay/microros_ws/install/sensor_msgs_py:/home/abhay/ros2_ws/install/py_srvcli:/home/abhay/ros2_ws/install/my_robot_controller:/opt/ros/humble /usr/bin/cmake --install /home/abhay/microros_ws/build/micro_ros_utilities
[0.252s] -- Install configuration: ""
[0.252s] -- Up-to-date: /home/abhay/microros_ws/install/micro_ros_utilities/include
[0.252s] -- Up-to-date: /home/abhay/microros_ws/install/micro_ros_utilities/include/micro_ros_utilities
[0.252s] -- Up-to-date: /home/abhay/microros_ws/install/micro_ros_utilities/include/micro_ros_utilities/type_utilities.h
[0.252s] -- Up-to-date: /home/abhay/microros_ws/install/micro_ros_utilities/include/micro_ros_utilities/visibility_control.h
[0.253s] -- Up-to-date: /home/abhay/microros_ws/install/micro_ros_utilities/include/micro_ros_utilities/string_utilities.h
[0.253s] -- Up-to-date: /home/abhay/microros_ws/install/micro_ros_utilities/lib/libmicro_ros_utilities.so
[0.253s] -- Up-to-date: /home/abhay/microros_ws/install/micro_ros_utilities/share/micro_ros_utilities/environment/library_path.sh
[0.254s] -- Up-to-date: /home/abhay/microros_ws/install/micro_ros_utilities/share/micro_ros_utilities/environment/library_path.dsv
[0.254s] -- Up-to-date: /home/abhay/microros_ws/install/micro_ros_utilities/share/ament_index/resource_index/package_run_dependencies/micro_ros_utilities
[0.254s] -- Up-to-date: /home/abhay/microros_ws/install/micro_ros_utilities/share/ament_index/resource_index/parent_prefix_path/micro_ros_utilities
[0.254s] -- Up-to-date: /home/abhay/microros_ws/install/micro_ros_utilities/share/micro_ros_utilities/environment/ament_prefix_path.sh
[0.254s] -- Up-to-date: /home/abhay/microros_ws/install/micro_ros_utilities/share/micro_ros_utilities/environment/ament_prefix_path.dsv
[0.254s] -- Up-to-date: /home/abhay/microros_ws/install/micro_ros_utilities/share/micro_ros_utilities/environment/path.sh
[0.254s] -- Up-to-date: /home/abhay/microros_ws/install/micro_ros_utilities/share/micro_ros_utilities/environment/path.dsv
[0.254s] -- Up-to-date: /home/abhay/microros_ws/install/micro_ros_utilities/share/micro_ros_utilities/local_setup.bash
[0.254s] -- Up-to-date: /home/abhay/microros_ws/install/micro_ros_utilities/share/micro_ros_utilities/local_setup.sh
[0.254s] -- Up-to-date: /home/abhay/microros_ws/install/micro_ros_utilities/share/micro_ros_utilities/local_setup.zsh
[0.254s] -- Up-to-date: /home/abhay/microros_ws/install/micro_ros_utilities/share/micro_ros_utilities/local_setup.dsv
[0.254s] -- Up-to-date: /home/abhay/microros_ws/install/micro_ros_utilities/share/micro_ros_utilities/package.dsv
[0.254s] -- Up-to-date: /home/abhay/microros_ws/install/micro_ros_utilities/share/ament_index/resource_index/packages/micro_ros_utilities
[0.254s] -- Up-to-date: /home/abhay/microros_ws/install/micro_ros_utilities/share/micro_ros_utilities/cmake/ament_cmake_export_include_directories-extras.cmake
[0.255s] -- Up-to-date: /home/abhay/microros_ws/install/micro_ros_utilities/share/micro_ros_utilities/cmake/ament_cmake_export_libraries-extras.cmake
[0.255s] -- Up-to-date: /home/abhay/microros_ws/install/micro_ros_utilities/share/micro_ros_utilities/cmake/ament_cmake_export_dependencies-extras.cmake
[0.256s] -- Up-to-date: /home/abhay/microros_ws/install/micro_ros_utilities/share/micro_ros_utilities/cmake/micro_ros_utilitiesConfig.cmake
[0.256s] -- Up-to-date: /home/abhay/microros_ws/install/micro_ros_utilities/share/micro_ros_utilities/cmake/micro_ros_utilitiesConfig-version.cmake
[0.257s] -- Up-to-date: /home/abhay/microros_ws/install/micro_ros_utilities/share/micro_ros_utilities/package.xml
[0.276s] Invoked command in '/home/abhay/microros_ws/build/micro_ros_utilities' returned '0': CMAKE_PREFIX_PATH=${CMAKE_PREFIX_PATH}:/home/abhay/microros_ws/install/sensor_msgs_py:/home/abhay/ros2_ws/install/py_srvcli:/home/abhay/ros2_ws/install/my_robot_controller:/opt/ros/humble /usr/bin/cmake --install /home/abhay/microros_ws/build/micro_ros_utilities
