[0.030s] Invoking command in '/home/abhay/microros_ws/build/micro_ros_msgs': CMAKE_PREFIX_PATH=${CMAKE_PREFIX_PATH}:/home/abhay/microros_ws/install/sensor_msgs_py:/home/abhay/ros2_ws/install/py_srvcli:/home/abhay/ros2_ws/install/my_robot_controller:/opt/ros/humble /usr/bin/cmake --build /home/abhay/microros_ws/build/micro_ros_msgs -- -j16 -l16
[0.070s] [35m[1mConsolidate compiler generated dependencies of target micro_ros_msgs__rosidl_generator_c[0m
[0.086s] [  8%] Built target micro_ros_msgs__rosidl_generator_c
[0.087s] [ 10%] Built target micro_ros_msgs__cpp
[0.103s] [ 10%] Built target ament_cmake_python_copy_micro_ros_msgs
[0.103s] [35m[1mConsolidate compiler generated dependencies of target micro_ros_msgs__rosidl_typesupport_microxrcedds_c[0m
[0.105s] [35m[1mConsolidate compiler generated dependencies of target micro_ros_msgs__rosidl_typesupport_introspection_c[0m
[0.126s] [35m[1mConsolidate compiler generated dependencies of target micro_ros_msgs__rosidl_typesupport_cpp[0m
[0.126s] [35m[1mConsolidate compiler generated dependencies of target micro_ros_msgs__rosidl_typesupport_fastrtps_c[0m
[0.131s] [35m[1mConsolidate compiler generated dependencies of target micro_ros_msgs__rosidl_typesupport_microxrcedds_cpp[0m
[0.132s] [35m[1mConsolidate compiler generated dependencies of target micro_ros_msgs__rosidl_typesupport_c[0m
[0.149s] [ 18%] Built target micro_ros_msgs__rosidl_typesupport_microxrcedds_c
[0.152s] [35m[1mConsolidate compiler generated dependencies of target micro_ros_msgs__rosidl_typesupport_fastrtps_cpp[0m
[0.176s] [ 27%] Built target micro_ros_msgs__rosidl_typesupport_fastrtps_c
[0.184s] [ 35%] Built target micro_ros_msgs__rosidl_typesupport_introspection_c
[0.191s] [ 44%] Built target micro_ros_msgs__rosidl_typesupport_c
[0.195s] [ 52%] Built target micro_ros_msgs__rosidl_typesupport_cpp
[0.202s] [ 61%] Built target micro_ros_msgs__rosidl_typesupport_fastrtps_cpp
[0.208s] [ 69%] Built target micro_ros_msgs__rosidl_typesupport_microxrcedds_cpp
[0.212s] [35m[1mConsolidate compiler generated dependencies of target micro_ros_msgs__rosidl_typesupport_introspection_cpp[0m
[0.261s] [ 77%] Built target micro_ros_msgs__rosidl_typesupport_introspection_cpp
[0.262s] [ 77%] Built target micro_ros_msgs
[0.296s] [ 79%] Built target micro_ros_msgs__py
[0.318s] [35m[1mConsolidate compiler generated dependencies of target micro_ros_msgs__rosidl_generator_py[0m
[0.351s] [ 86%] Built target micro_ros_msgs__rosidl_generator_py
[0.385s] [35m[1mConsolidate compiler generated dependencies of target micro_ros_msgs__rosidl_typesupport_microxrcedds_c__pyext[0m
[0.393s] [35m[1mConsolidate compiler generated dependencies of target micro_ros_msgs__rosidl_typesupport_c__pyext[0m
[0.395s] [35m[1mConsolidate compiler generated dependencies of target micro_ros_msgs__rosidl_typesupport_introspection_c__pyext[0m
[0.401s] [35m[1mConsolidate compiler generated dependencies of target micro_ros_msgs__rosidl_typesupport_fastrtps_c__pyext[0m
[0.405s] [ 89%] Built target micro_ros_msgs__rosidl_typesupport_microxrcedds_c__pyext
[0.411s] [ 93%] Built target micro_ros_msgs__rosidl_typesupport_c__pyext
[0.414s] [ 96%] Built target micro_ros_msgs__rosidl_typesupport_introspection_c__pyext
[0.421s] [100%] Built target micro_ros_msgs__rosidl_typesupport_fastrtps_c__pyext
[0.612s] running egg_info
[0.613s] writing micro_ros_msgs.egg-info/PKG-INFO
[0.613s] writing dependency_links to micro_ros_msgs.egg-info/dependency_links.txt
[0.613s] writing top-level names to micro_ros_msgs.egg-info/top_level.txt
[0.617s] reading manifest file 'micro_ros_msgs.egg-info/SOURCES.txt'
[0.617s] writing manifest file 'micro_ros_msgs.egg-info/SOURCES.txt'
[0.651s] [100%] Built target ament_cmake_python_build_micro_ros_msgs_egg
[0.662s] Invoked command in '/home/abhay/microros_ws/build/micro_ros_msgs' returned '0': CMAKE_PREFIX_PATH=${CMAKE_PREFIX_PATH}:/home/abhay/microros_ws/install/sensor_msgs_py:/home/abhay/ros2_ws/install/py_srvcli:/home/abhay/ros2_ws/install/my_robot_controller:/opt/ros/humble /usr/bin/cmake --build /home/abhay/microros_ws/build/micro_ros_msgs -- -j16 -l16
[0.812s] Invoking command in '/home/abhay/microros_ws/build/micro_ros_msgs': CMAKE_PREFIX_PATH=${CMAKE_PREFIX_PATH}:/home/abhay/microros_ws/install/sensor_msgs_py:/home/abhay/ros2_ws/install/py_srvcli:/home/abhay/ros2_ws/install/my_robot_controller:/opt/ros/humble /usr/bin/cmake --install /home/abhay/microros_ws/build/micro_ros_msgs
[0.825s] -- Install configuration: ""
[0.825s] -- Up-to-date: /home/abhay/microros_ws/install/micro_ros_msgs/share/ament_index/resource_index/rosidl_interfaces/micro_ros_msgs
[0.825s] -- Up-to-date: /home/abhay/microros_ws/install/micro_ros_msgs/include/micro_ros_msgs/micro_ros_msgs
[0.825s] -- Up-to-date: /home/abhay/microros_ws/install/micro_ros_msgs/include/micro_ros_msgs/micro_ros_msgs/msg
[0.825s] -- Up-to-date: /home/abhay/microros_ws/install/micro_ros_msgs/include/micro_ros_msgs/micro_ros_msgs/msg/rosidl_generator_c__visibility_control.h
[0.825s] -- Up-to-date: /home/abhay/microros_ws/install/micro_ros_msgs/include/micro_ros_msgs/micro_ros_msgs/msg/detail
[0.826s] -- Up-to-date: /home/abhay/microros_ws/install/micro_ros_msgs/include/micro_ros_msgs/micro_ros_msgs/msg/detail/node__type_support.h
[0.826s] -- Up-to-date: /home/abhay/microros_ws/install/micro_ros_msgs/include/micro_ros_msgs/micro_ros_msgs/msg/detail/entity__struct.h
[0.826s] -- Up-to-date: /home/abhay/microros_ws/install/micro_ros_msgs/include/micro_ros_msgs/micro_ros_msgs/msg/detail/node__functions.c
[0.826s] -- Up-to-date: /home/abhay/microros_ws/install/micro_ros_msgs/include/micro_ros_msgs/micro_ros_msgs/msg/detail/graph__functions.c
[0.826s] -- Up-to-date: /home/abhay/microros_ws/install/micro_ros_msgs/include/micro_ros_msgs/micro_ros_msgs/msg/detail/node__struct.h
[0.826s] -- Up-to-date: /home/abhay/microros_ws/install/micro_ros_msgs/include/micro_ros_msgs/micro_ros_msgs/msg/detail/entity__type_support.h
[0.826s] -- Up-to-date: /home/abhay/microros_ws/install/micro_ros_msgs/include/micro_ros_msgs/micro_ros_msgs/msg/detail/entity__functions.c
[0.826s] -- Up-to-date: /home/abhay/microros_ws/install/micro_ros_msgs/include/micro_ros_msgs/micro_ros_msgs/msg/detail/entity__functions.h
[0.826s] -- Up-to-date: /home/abhay/microros_ws/install/micro_ros_msgs/include/micro_ros_msgs/micro_ros_msgs/msg/detail/graph__functions.h
[0.827s] -- Up-to-date: /home/abhay/microros_ws/install/micro_ros_msgs/include/micro_ros_msgs/micro_ros_msgs/msg/detail/graph__type_support.h
[0.827s] -- Up-to-date: /home/abhay/microros_ws/install/micro_ros_msgs/include/micro_ros_msgs/micro_ros_msgs/msg/detail/graph__struct.h
[0.827s] -- Up-to-date: /home/abhay/microros_ws/install/micro_ros_msgs/include/micro_ros_msgs/micro_ros_msgs/msg/detail/node__functions.h
[0.827s] -- Up-to-date: /home/abhay/microros_ws/install/micro_ros_msgs/include/micro_ros_msgs/micro_ros_msgs/msg/node.h
[0.827s] -- Up-to-date: /home/abhay/microros_ws/install/micro_ros_msgs/include/micro_ros_msgs/micro_ros_msgs/msg/graph.h
[0.827s] -- Up-to-date: /home/abhay/microros_ws/install/micro_ros_msgs/include/micro_ros_msgs/micro_ros_msgs/msg/entity.h
[0.827s] -- Up-to-date: /home/abhay/microros_ws/install/micro_ros_msgs/share/micro_ros_msgs/environment/library_path.sh
[0.827s] -- Up-to-date: /home/abhay/microros_ws/install/micro_ros_msgs/share/micro_ros_msgs/environment/library_path.dsv
[0.827s] -- Up-to-date: /home/abhay/microros_ws/install/micro_ros_msgs/lib/libmicro_ros_msgs__rosidl_generator_c.so
[0.828s] -- Up-to-date: /home/abhay/microros_ws/install/micro_ros_msgs/include/micro_ros_msgs
[0.828s] -- Up-to-date: /home/abhay/microros_ws/install/micro_ros_msgs/include/micro_ros_msgs/msg
[0.828s] -- Up-to-date: /home/abhay/microros_ws/install/micro_ros_msgs/include/micro_ros_msgs/msg/detail
[0.828s] -- Up-to-date: /home/abhay/microros_ws/install/micro_ros_msgs/include/micro_ros_msgs/msg/detail/microxrcedds
[0.828s] -- Up-to-date: /home/abhay/microros_ws/install/micro_ros_msgs/include/micro_ros_msgs/msg/detail/entity__rosidl_typesupport_microxrcedds_c.h
[0.829s] -- Up-to-date: /home/abhay/microros_ws/install/micro_ros_msgs/include/micro_ros_msgs/msg/detail/node__rosidl_typesupport_microxrcedds_c.h
[0.829s] -- Up-to-date: /home/abhay/microros_ws/install/micro_ros_msgs/include/micro_ros_msgs/msg/detail/graph__rosidl_typesupport_microxrcedds_c.h
[0.829s] -- Up-to-date: /home/abhay/microros_ws/install/micro_ros_msgs/include/micro_ros_msgs/msg/rosidl_typesupport_microxrcedds_c__visibility_control.h
[0.829s] -- Up-to-date: /home/abhay/microros_ws/install/micro_ros_msgs/lib/libmicro_ros_msgs__rosidl_typesupport_microxrcedds_c.so
[0.830s] -- Up-to-date: /home/abhay/microros_ws/install/micro_ros_msgs/include/micro_ros_msgs/micro_ros_msgs
[0.830s] -- Up-to-date: /home/abhay/microros_ws/install/micro_ros_msgs/include/micro_ros_msgs/micro_ros_msgs/msg
[0.830s] -- Up-to-date: /home/abhay/microros_ws/install/micro_ros_msgs/include/micro_ros_msgs/micro_ros_msgs/msg/detail
[0.830s] -- Up-to-date: /home/abhay/microros_ws/install/micro_ros_msgs/include/micro_ros_msgs/micro_ros_msgs/msg/detail/graph__rosidl_typesupport_fastrtps_c.h
[0.830s] -- Up-to-date: /home/abhay/microros_ws/install/micro_ros_msgs/include/micro_ros_msgs/micro_ros_msgs/msg/detail/node__rosidl_typesupport_fastrtps_c.h
[0.830s] -- Up-to-date: /home/abhay/microros_ws/install/micro_ros_msgs/include/micro_ros_msgs/micro_ros_msgs/msg/detail/entity__rosidl_typesupport_fastrtps_c.h
[0.830s] -- Up-to-date: /home/abhay/microros_ws/install/micro_ros_msgs/include/micro_ros_msgs/micro_ros_msgs/msg/rosidl_typesupport_fastrtps_c__visibility_control.h
[0.830s] -- Up-to-date: /home/abhay/microros_ws/install/micro_ros_msgs/lib/libmicro_ros_msgs__rosidl_typesupport_fastrtps_c.so
[0.830s] -- Up-to-date: /home/abhay/microros_ws/install/micro_ros_msgs/include/micro_ros_msgs/micro_ros_msgs
[0.831s] -- Up-to-date: /home/abhay/microros_ws/install/micro_ros_msgs/include/micro_ros_msgs/micro_ros_msgs/msg
[0.831s] -- Up-to-date: /home/abhay/microros_ws/install/micro_ros_msgs/include/micro_ros_msgs/micro_ros_msgs/msg/detail
[0.831s] -- Up-to-date: /home/abhay/microros_ws/install/micro_ros_msgs/include/micro_ros_msgs/micro_ros_msgs/msg/detail/node__rosidl_typesupport_introspection_c.h
[0.831s] -- Up-to-date: /home/abhay/microros_ws/install/micro_ros_msgs/include/micro_ros_msgs/micro_ros_msgs/msg/detail/node__type_support.c
[0.831s] -- Up-to-date: /home/abhay/microros_ws/install/micro_ros_msgs/include/micro_ros_msgs/micro_ros_msgs/msg/detail/graph__type_support.c
[0.831s] -- Up-to-date: /home/abhay/microros_ws/install/micro_ros_msgs/include/micro_ros_msgs/micro_ros_msgs/msg/detail/entity__rosidl_typesupport_introspection_c.h
[0.832s] -- Up-to-date: /home/abhay/microros_ws/install/micro_ros_msgs/include/micro_ros_msgs/micro_ros_msgs/msg/detail/graph__rosidl_typesupport_introspection_c.h
[0.832s] -- Up-to-date: /home/abhay/microros_ws/install/micro_ros_msgs/include/micro_ros_msgs/micro_ros_msgs/msg/detail/entity__type_support.c
[0.832s] -- Up-to-date: /home/abhay/microros_ws/install/micro_ros_msgs/include/micro_ros_msgs/micro_ros_msgs/msg/rosidl_typesupport_introspection_c__visibility_control.h
[0.832s] -- Up-to-date: /home/abhay/microros_ws/install/micro_ros_msgs/lib/libmicro_ros_msgs__rosidl_typesupport_introspection_c.so
[0.832s] -- Up-to-date: /home/abhay/microros_ws/install/micro_ros_msgs/lib/libmicro_ros_msgs__rosidl_typesupport_c.so
[0.832s] -- Up-to-date: /home/abhay/microros_ws/install/micro_ros_msgs/include/micro_ros_msgs/micro_ros_msgs
[0.832s] -- Up-to-date: /home/abhay/microros_ws/install/micro_ros_msgs/include/micro_ros_msgs/micro_ros_msgs/msg
[0.832s] -- Up-to-date: /home/abhay/microros_ws/install/micro_ros_msgs/include/micro_ros_msgs/micro_ros_msgs/msg/node.hpp
[0.833s] -- Up-to-date: /home/abhay/microros_ws/install/micro_ros_msgs/include/micro_ros_msgs/micro_ros_msgs/msg/detail
[0.833s] -- Up-to-date: /home/abhay/microros_ws/install/micro_ros_msgs/include/micro_ros_msgs/micro_ros_msgs/msg/detail/graph__builder.hpp
[0.833s] -- Up-to-date: /home/abhay/microros_ws/install/micro_ros_msgs/include/micro_ros_msgs/micro_ros_msgs/msg/detail/node__traits.hpp
[0.833s] -- Up-to-date: /home/abhay/microros_ws/install/micro_ros_msgs/include/micro_ros_msgs/micro_ros_msgs/msg/detail/entity__builder.hpp
[0.833s] -- Up-to-date: /home/abhay/microros_ws/install/micro_ros_msgs/include/micro_ros_msgs/micro_ros_msgs/msg/detail/entity__struct.hpp
[0.833s] -- Up-to-date: /home/abhay/microros_ws/install/micro_ros_msgs/include/micro_ros_msgs/micro_ros_msgs/msg/detail/graph__traits.hpp
[0.833s] -- Up-to-date: /home/abhay/microros_ws/install/micro_ros_msgs/include/micro_ros_msgs/micro_ros_msgs/msg/detail/entity__traits.hpp
[0.834s] -- Up-to-date: /home/abhay/microros_ws/install/micro_ros_msgs/include/micro_ros_msgs/micro_ros_msgs/msg/detail/node__struct.hpp
[0.834s] -- Up-to-date: /home/abhay/microros_ws/install/micro_ros_msgs/include/micro_ros_msgs/micro_ros_msgs/msg/detail/node__builder.hpp
[0.834s] -- Up-to-date: /home/abhay/microros_ws/install/micro_ros_msgs/include/micro_ros_msgs/micro_ros_msgs/msg/detail/graph__struct.hpp
[0.834s] -- Up-to-date: /home/abhay/microros_ws/install/micro_ros_msgs/include/micro_ros_msgs/micro_ros_msgs/msg/entity.hpp
[0.835s] -- Up-to-date: /home/abhay/microros_ws/install/micro_ros_msgs/include/micro_ros_msgs/micro_ros_msgs/msg/graph.hpp
[0.835s] -- Up-to-date: /home/abhay/microros_ws/install/micro_ros_msgs/include/micro_ros_msgs
[0.835s] -- Up-to-date: /home/abhay/microros_ws/install/micro_ros_msgs/include/micro_ros_msgs/msg
[0.835s] -- Up-to-date: /home/abhay/microros_ws/install/micro_ros_msgs/include/micro_ros_msgs/msg/detail
[0.835s] -- Up-to-date: /home/abhay/microros_ws/install/micro_ros_msgs/include/micro_ros_msgs/msg/detail/node__rosidl_typesupport_microxrcedds_cpp.hpp
[0.835s] -- Up-to-date: /home/abhay/microros_ws/install/micro_ros_msgs/include/micro_ros_msgs/msg/detail/graph__rosidl_typesupport_microxrcedds_cpp.hpp
[0.835s] -- Up-to-date: /home/abhay/microros_ws/install/micro_ros_msgs/include/micro_ros_msgs/msg/detail/microxrcedds
[0.835s] -- Up-to-date: /home/abhay/microros_ws/install/micro_ros_msgs/include/micro_ros_msgs/msg/detail/microxrcedds/graph__type_support_cpp.cpp
[0.836s] -- Up-to-date: /home/abhay/microros_ws/install/micro_ros_msgs/include/micro_ros_msgs/msg/detail/microxrcedds/entity__type_support_cpp.cpp
[0.836s] -- Up-to-date: /home/abhay/microros_ws/install/micro_ros_msgs/include/micro_ros_msgs/msg/detail/microxrcedds/node__type_support_cpp.cpp
[0.836s] -- Up-to-date: /home/abhay/microros_ws/install/micro_ros_msgs/include/micro_ros_msgs/msg/detail/entity__rosidl_typesupport_microxrcedds_cpp.hpp
[0.836s] -- Up-to-date: /home/abhay/microros_ws/install/micro_ros_msgs/include/micro_ros_msgs/msg/rosidl_typesupport_microxrcedds_cpp__visibility_control.h
[0.836s] -- Up-to-date: /home/abhay/microros_ws/install/micro_ros_msgs/lib/libmicro_ros_msgs__rosidl_typesupport_microxrcedds_cpp.so
[0.836s] -- Up-to-date: /home/abhay/microros_ws/install/micro_ros_msgs/include/micro_ros_msgs/micro_ros_msgs
[0.836s] -- Up-to-date: /home/abhay/microros_ws/install/micro_ros_msgs/include/micro_ros_msgs/micro_ros_msgs/msg
[0.836s] -- Up-to-date: /home/abhay/microros_ws/install/micro_ros_msgs/include/micro_ros_msgs/micro_ros_msgs/msg/detail
[0.836s] -- Up-to-date: /home/abhay/microros_ws/install/micro_ros_msgs/include/micro_ros_msgs/micro_ros_msgs/msg/detail/entity__rosidl_typesupport_fastrtps_cpp.hpp
[0.837s] -- Up-to-date: /home/abhay/microros_ws/install/micro_ros_msgs/include/micro_ros_msgs/micro_ros_msgs/msg/detail/graph__rosidl_typesupport_fastrtps_cpp.hpp
[0.837s] -- Up-to-date: /home/abhay/microros_ws/install/micro_ros_msgs/include/micro_ros_msgs/micro_ros_msgs/msg/detail/dds_fastrtps
[0.837s] -- Up-to-date: /home/abhay/microros_ws/install/micro_ros_msgs/include/micro_ros_msgs/micro_ros_msgs/msg/detail/node__rosidl_typesupport_fastrtps_cpp.hpp
[0.837s] -- Up-to-date: /home/abhay/microros_ws/install/micro_ros_msgs/include/micro_ros_msgs/micro_ros_msgs/msg/rosidl_typesupport_fastrtps_cpp__visibility_control.h
[0.837s] -- Up-to-date: /home/abhay/microros_ws/install/micro_ros_msgs/lib/libmicro_ros_msgs__rosidl_typesupport_fastrtps_cpp.so
[0.837s] -- Up-to-date: /home/abhay/microros_ws/install/micro_ros_msgs/include/micro_ros_msgs/micro_ros_msgs
[0.837s] -- Up-to-date: /home/abhay/microros_ws/install/micro_ros_msgs/include/micro_ros_msgs/micro_ros_msgs/msg
[0.837s] -- Up-to-date: /home/abhay/microros_ws/install/micro_ros_msgs/include/micro_ros_msgs/micro_ros_msgs/msg/detail
[0.837s] -- Up-to-date: /home/abhay/microros_ws/install/micro_ros_msgs/include/micro_ros_msgs/micro_ros_msgs/msg/detail/node__type_support.cpp
[0.837s] -- Up-to-date: /home/abhay/microros_ws/install/micro_ros_msgs/include/micro_ros_msgs/micro_ros_msgs/msg/detail/entity__rosidl_typesupport_introspection_cpp.hpp
[0.838s] -- Up-to-date: /home/abhay/microros_ws/install/micro_ros_msgs/include/micro_ros_msgs/micro_ros_msgs/msg/detail/node__rosidl_typesupport_introspection_cpp.hpp
[0.838s] -- Up-to-date: /home/abhay/microros_ws/install/micro_ros_msgs/include/micro_ros_msgs/micro_ros_msgs/msg/detail/graph__rosidl_typesupport_introspection_cpp.hpp
[0.838s] -- Up-to-date: /home/abhay/microros_ws/install/micro_ros_msgs/include/micro_ros_msgs/micro_ros_msgs/msg/detail/graph__type_support.cpp
[0.838s] -- Up-to-date: /home/abhay/microros_ws/install/micro_ros_msgs/include/micro_ros_msgs/micro_ros_msgs/msg/detail/entity__type_support.cpp
[0.838s] -- Up-to-date: /home/abhay/microros_ws/install/micro_ros_msgs/lib/libmicro_ros_msgs__rosidl_typesupport_introspection_cpp.so
[0.838s] -- Up-to-date: /home/abhay/microros_ws/install/micro_ros_msgs/lib/libmicro_ros_msgs__rosidl_typesupport_cpp.so
[0.838s] -- Up-to-date: /home/abhay/microros_ws/install/micro_ros_msgs/share/micro_ros_msgs/environment/pythonpath.sh
[0.838s] -- Up-to-date: /home/abhay/microros_ws/install/micro_ros_msgs/share/micro_ros_msgs/environment/pythonpath.dsv
[0.838s] -- Up-to-date: /home/abhay/microros_ws/install/micro_ros_msgs/local/lib/python3.10/dist-packages/micro_ros_msgs-3.0.1-py3.10.egg-info
[0.838s] -- Installing: /home/abhay/microros_ws/install/micro_ros_msgs/local/lib/python3.10/dist-packages/micro_ros_msgs-3.0.1-py3.10.egg-info/top_level.txt
[0.839s] -- Installing: /home/abhay/microros_ws/install/micro_ros_msgs/local/lib/python3.10/dist-packages/micro_ros_msgs-3.0.1-py3.10.egg-info/SOURCES.txt
[0.839s] -- Installing: /home/abhay/microros_ws/install/micro_ros_msgs/local/lib/python3.10/dist-packages/micro_ros_msgs-3.0.1-py3.10.egg-info/dependency_links.txt
[0.839s] -- Installing: /home/abhay/microros_ws/install/micro_ros_msgs/local/lib/python3.10/dist-packages/micro_ros_msgs-3.0.1-py3.10.egg-info/PKG-INFO
[0.839s] -- Up-to-date: /home/abhay/microros_ws/install/micro_ros_msgs/local/lib/python3.10/dist-packages/micro_ros_msgs
[0.839s] -- Up-to-date: /home/abhay/microros_ws/install/micro_ros_msgs/local/lib/python3.10/dist-packages/micro_ros_msgs/micro_ros_msgs_s__rosidl_typesupport_introspection_c.cpython-310-x86_64-linux-gnu.so
[0.840s] -- Up-to-date: /home/abhay/microros_ws/install/micro_ros_msgs/local/lib/python3.10/dist-packages/micro_ros_msgs/msg
[0.840s] -- Up-to-date: /home/abhay/microros_ws/install/micro_ros_msgs/local/lib/python3.10/dist-packages/micro_ros_msgs/msg/_node.py
[0.840s] -- Up-to-date: /home/abhay/microros_ws/install/micro_ros_msgs/local/lib/python3.10/dist-packages/micro_ros_msgs/msg/_entity.py
[0.840s] -- Up-to-date: /home/abhay/microros_ws/install/micro_ros_msgs/local/lib/python3.10/dist-packages/micro_ros_msgs/msg/_graph.py
[0.840s] -- Up-to-date: /home/abhay/microros_ws/install/micro_ros_msgs/local/lib/python3.10/dist-packages/micro_ros_msgs/msg/_entity_s.c
[0.840s] -- Up-to-date: /home/abhay/microros_ws/install/micro_ros_msgs/local/lib/python3.10/dist-packages/micro_ros_msgs/msg/__init__.py
[0.840s] -- Up-to-date: /home/abhay/microros_ws/install/micro_ros_msgs/local/lib/python3.10/dist-packages/micro_ros_msgs/msg/_graph_s.c
[0.840s] -- Up-to-date: /home/abhay/microros_ws/install/micro_ros_msgs/local/lib/python3.10/dist-packages/micro_ros_msgs/msg/_node_s.c
[0.841s] -- Up-to-date: /home/abhay/microros_ws/install/micro_ros_msgs/local/lib/python3.10/dist-packages/micro_ros_msgs/_micro_ros_msgs_s.ep.rosidl_typesupport_microxrcedds_c.c
[0.841s] -- Up-to-date: /home/abhay/microros_ws/install/micro_ros_msgs/local/lib/python3.10/dist-packages/micro_ros_msgs/_micro_ros_msgs_s.ep.rosidl_typesupport_fastrtps_c.c
[0.842s] -- Up-to-date: /home/abhay/microros_ws/install/micro_ros_msgs/local/lib/python3.10/dist-packages/micro_ros_msgs/_micro_ros_msgs_s.ep.rosidl_typesupport_introspection_c.c
[0.842s] -- Up-to-date: /home/abhay/microros_ws/install/micro_ros_msgs/local/lib/python3.10/dist-packages/micro_ros_msgs/_micro_ros_msgs_s.ep.rosidl_typesupport_c.c
[0.842s] -- Up-to-date: /home/abhay/microros_ws/install/micro_ros_msgs/local/lib/python3.10/dist-packages/micro_ros_msgs/micro_ros_msgs_s__rosidl_typesupport_c.cpython-310-x86_64-linux-gnu.so
[0.842s] -- Up-to-date: /home/abhay/microros_ws/install/micro_ros_msgs/local/lib/python3.10/dist-packages/micro_ros_msgs/__init__.py
[0.842s] -- Up-to-date: /home/abhay/microros_ws/install/micro_ros_msgs/local/lib/python3.10/dist-packages/micro_ros_msgs/libmicro_ros_msgs__rosidl_generator_py.so
[0.842s] -- Up-to-date: /home/abhay/microros_ws/install/micro_ros_msgs/local/lib/python3.10/dist-packages/micro_ros_msgs/micro_ros_msgs_s__rosidl_typesupport_fastrtps_c.cpython-310-x86_64-linux-gnu.so
[0.842s] -- Up-to-date: /home/abhay/microros_ws/install/micro_ros_msgs/local/lib/python3.10/dist-packages/micro_ros_msgs/micro_ros_msgs_s__rosidl_typesupport_microxrcedds_c.cpython-310-x86_64-linux-gnu.so
[0.869s] Listing '/home/abhay/microros_ws/install/micro_ros_msgs/local/lib/python3.10/dist-packages/micro_ros_msgs'...
[0.870s] Listing '/home/abhay/microros_ws/install/micro_ros_msgs/local/lib/python3.10/dist-packages/micro_ros_msgs/msg'...
[0.873s] -- Up-to-date: /home/abhay/microros_ws/install/micro_ros_msgs/local/lib/python3.10/dist-packages/micro_ros_msgs/micro_ros_msgs_s__rosidl_typesupport_microxrcedds_c.cpython-310-x86_64-linux-gnu.so
[0.874s] -- Up-to-date: /home/abhay/microros_ws/install/micro_ros_msgs/local/lib/python3.10/dist-packages/micro_ros_msgs/micro_ros_msgs_s__rosidl_typesupport_fastrtps_c.cpython-310-x86_64-linux-gnu.so
[0.874s] -- Up-to-date: /home/abhay/microros_ws/install/micro_ros_msgs/local/lib/python3.10/dist-packages/micro_ros_msgs/micro_ros_msgs_s__rosidl_typesupport_introspection_c.cpython-310-x86_64-linux-gnu.so
[0.874s] -- Up-to-date: /home/abhay/microros_ws/install/micro_ros_msgs/local/lib/python3.10/dist-packages/micro_ros_msgs/micro_ros_msgs_s__rosidl_typesupport_c.cpython-310-x86_64-linux-gnu.so
[0.874s] -- Up-to-date: /home/abhay/microros_ws/install/micro_ros_msgs/lib/libmicro_ros_msgs__rosidl_generator_py.so
[0.874s] -- Up-to-date: /home/abhay/microros_ws/install/micro_ros_msgs/share/micro_ros_msgs/msg/Graph.idl
[0.874s] -- Up-to-date: /home/abhay/microros_ws/install/micro_ros_msgs/share/micro_ros_msgs/msg/Node.idl
[0.874s] -- Up-to-date: /home/abhay/microros_ws/install/micro_ros_msgs/share/micro_ros_msgs/msg/Entity.idl
[0.875s] -- Up-to-date: /home/abhay/microros_ws/install/micro_ros_msgs/share/micro_ros_msgs/msg/Graph.msg
[0.875s] -- Up-to-date: /home/abhay/microros_ws/install/micro_ros_msgs/share/micro_ros_msgs/msg/Node.msg
[0.875s] -- Up-to-date: /home/abhay/microros_ws/install/micro_ros_msgs/share/micro_ros_msgs/msg/Entity.msg
[0.875s] -- Up-to-date: /home/abhay/microros_ws/install/micro_ros_msgs/share/ament_index/resource_index/package_run_dependencies/micro_ros_msgs
[0.875s] -- Up-to-date: /home/abhay/microros_ws/install/micro_ros_msgs/share/ament_index/resource_index/parent_prefix_path/micro_ros_msgs
[0.875s] -- Up-to-date: /home/abhay/microros_ws/install/micro_ros_msgs/share/micro_ros_msgs/environment/ament_prefix_path.sh
[0.875s] -- Up-to-date: /home/abhay/microros_ws/install/micro_ros_msgs/share/micro_ros_msgs/environment/ament_prefix_path.dsv
[0.875s] -- Up-to-date: /home/abhay/microros_ws/install/micro_ros_msgs/share/micro_ros_msgs/environment/path.sh
[0.875s] -- Up-to-date: /home/abhay/microros_ws/install/micro_ros_msgs/share/micro_ros_msgs/environment/path.dsv
[0.876s] -- Up-to-date: /home/abhay/microros_ws/install/micro_ros_msgs/share/micro_ros_msgs/local_setup.bash
[0.876s] -- Up-to-date: /home/abhay/microros_ws/install/micro_ros_msgs/share/micro_ros_msgs/local_setup.sh
[0.876s] -- Up-to-date: /home/abhay/microros_ws/install/micro_ros_msgs/share/micro_ros_msgs/local_setup.zsh
[0.877s] -- Up-to-date: /home/abhay/microros_ws/install/micro_ros_msgs/share/micro_ros_msgs/local_setup.dsv
[0.877s] -- Installing: /home/abhay/microros_ws/install/micro_ros_msgs/share/micro_ros_msgs/package.dsv
[0.877s] -- Up-to-date: /home/abhay/microros_ws/install/micro_ros_msgs/share/ament_index/resource_index/packages/micro_ros_msgs
[0.877s] -- Up-to-date: /home/abhay/microros_ws/install/micro_ros_msgs/share/micro_ros_msgs/cmake/export_micro_ros_msgs__rosidl_generator_cExport.cmake
[0.877s] -- Up-to-date: /home/abhay/microros_ws/install/micro_ros_msgs/share/micro_ros_msgs/cmake/export_micro_ros_msgs__rosidl_generator_cExport-noconfig.cmake
[0.877s] -- Up-to-date: /home/abhay/microros_ws/install/micro_ros_msgs/share/micro_ros_msgs/cmake/export_micro_ros_msgs__rosidl_typesupport_fastrtps_cExport.cmake
[0.877s] -- Up-to-date: /home/abhay/microros_ws/install/micro_ros_msgs/share/micro_ros_msgs/cmake/export_micro_ros_msgs__rosidl_typesupport_fastrtps_cExport-noconfig.cmake
[0.877s] -- Up-to-date: /home/abhay/microros_ws/install/micro_ros_msgs/share/micro_ros_msgs/cmake/micro_ros_msgs__rosidl_typesupport_introspection_cExport.cmake
[0.878s] -- Up-to-date: /home/abhay/microros_ws/install/micro_ros_msgs/share/micro_ros_msgs/cmake/micro_ros_msgs__rosidl_typesupport_introspection_cExport-noconfig.cmake
[0.878s] -- Up-to-date: /home/abhay/microros_ws/install/micro_ros_msgs/share/micro_ros_msgs/cmake/micro_ros_msgs__rosidl_typesupport_cExport.cmake
[0.878s] -- Up-to-date: /home/abhay/microros_ws/install/micro_ros_msgs/share/micro_ros_msgs/cmake/micro_ros_msgs__rosidl_typesupport_cExport-noconfig.cmake
[0.878s] -- Up-to-date: /home/abhay/microros_ws/install/micro_ros_msgs/share/micro_ros_msgs/cmake/export_micro_ros_msgs__rosidl_generator_cppExport.cmake
[0.878s] -- Up-to-date: /home/abhay/microros_ws/install/micro_ros_msgs/share/micro_ros_msgs/cmake/export_micro_ros_msgs__rosidl_typesupport_fastrtps_cppExport.cmake
[0.878s] -- Up-to-date: /home/abhay/microros_ws/install/micro_ros_msgs/share/micro_ros_msgs/cmake/export_micro_ros_msgs__rosidl_typesupport_fastrtps_cppExport-noconfig.cmake
[0.878s] -- Up-to-date: /home/abhay/microros_ws/install/micro_ros_msgs/share/micro_ros_msgs/cmake/micro_ros_msgs__rosidl_typesupport_introspection_cppExport.cmake
[0.878s] -- Up-to-date: /home/abhay/microros_ws/install/micro_ros_msgs/share/micro_ros_msgs/cmake/micro_ros_msgs__rosidl_typesupport_introspection_cppExport-noconfig.cmake
[0.878s] -- Up-to-date: /home/abhay/microros_ws/install/micro_ros_msgs/share/micro_ros_msgs/cmake/micro_ros_msgs__rosidl_typesupport_cppExport.cmake
[0.878s] -- Up-to-date: /home/abhay/microros_ws/install/micro_ros_msgs/share/micro_ros_msgs/cmake/micro_ros_msgs__rosidl_typesupport_cppExport-noconfig.cmake
[0.879s] -- Up-to-date: /home/abhay/microros_ws/install/micro_ros_msgs/share/micro_ros_msgs/cmake/export_micro_ros_msgs__rosidl_generator_pyExport.cmake
[0.879s] -- Up-to-date: /home/abhay/microros_ws/install/micro_ros_msgs/share/micro_ros_msgs/cmake/export_micro_ros_msgs__rosidl_generator_pyExport-noconfig.cmake
[0.879s] -- Up-to-date: /home/abhay/microros_ws/install/micro_ros_msgs/share/micro_ros_msgs/cmake/rosidl_cmake-extras.cmake
[0.879s] -- Up-to-date: /home/abhay/microros_ws/install/micro_ros_msgs/share/micro_ros_msgs/cmake/ament_cmake_export_include_directories-extras.cmake
[0.879s] -- Up-to-date: /home/abhay/microros_ws/install/micro_ros_msgs/share/micro_ros_msgs/cmake/ament_cmake_export_libraries-extras.cmake
[0.879s] -- Up-to-date: /home/abhay/microros_ws/install/micro_ros_msgs/share/micro_ros_msgs/cmake/ament_cmake_export_targets-extras.cmake
[0.879s] -- Up-to-date: /home/abhay/microros_ws/install/micro_ros_msgs/share/micro_ros_msgs/cmake/rosidl_cmake_export_typesupport_targets-extras.cmake
[0.879s] -- Up-to-date: /home/abhay/microros_ws/install/micro_ros_msgs/share/micro_ros_msgs/cmake/ament_cmake_export_dependencies-extras.cmake
[0.879s] -- Up-to-date: /home/abhay/microros_ws/install/micro_ros_msgs/share/micro_ros_msgs/cmake/rosidl_cmake_export_typesupport_libraries-extras.cmake
[0.879s] -- Up-to-date: /home/abhay/microros_ws/install/micro_ros_msgs/share/micro_ros_msgs/cmake/micro_ros_msgsConfig.cmake
[0.879s] -- Up-to-date: /home/abhay/microros_ws/install/micro_ros_msgs/share/micro_ros_msgs/cmake/micro_ros_msgsConfig-version.cmake
[0.879s] -- Up-to-date: /home/abhay/microros_ws/install/micro_ros_msgs/share/micro_ros_msgs/package.xml
[0.914s] Invoked command in '/home/abhay/microros_ws/build/micro_ros_msgs' returned '0': CMAKE_PREFIX_PATH=${CMAKE_PREFIX_PATH}:/home/abhay/microros_ws/install/sensor_msgs_py:/home/abhay/ros2_ws/install/py_srvcli:/home/abhay/ros2_ws/install/my_robot_controller:/opt/ros/humble /usr/bin/cmake --install /home/abhay/microros_ws/build/micro_ros_msgs
