[0.044s] Invoking command in '/home/abhay/microros_ws/build/micro_ros_demos_rclc': CMAKE_PREFIX_PATH=/home/abhay/microros_ws/install/visualization_msgs:/home/abhay/microros_ws/install/rclc_parameter:/home/abhay/microros_ws/install/sensor_msgs:/home/abhay/microros_ws/install/rmw_microxrcedds:/home/abhay/microros_ws/install/rclc:/home/abhay/microros_ws/install/rosidl_typesupport_microxrcedds_cpp:/home/abhay/microros_ws/install/geometry_msgs:/home/abhay/microros_ws/install/example_interfaces:/home/abhay/microros_ws/install/std_msgs:/home/abhay/microros_ws/install/rosidl_typesupport_microxrcedds_c:/home/abhay/microros_ws/install/rcl_interfaces:/home/abhay/microros_ws/install/microxrcedds_client:/home/abhay/microros_ws/install/complex_msgs:/home/abhay/microros_ws/install/action_msgs:/home/abhay/microros_ws/install/unique_identifier_msgs:/home/abhay/microros_ws/install/microcdr:/home/abhay/microros_ws/install/micro_ros_utilities:/home/abhay/microros_ws/install/micro_ros_msgs:/home/abhay/microros_ws/install/builtin_interfaces:/home/abhay/microros_ws/install/micro_ros_demos_rclc:/home/abhay/microros_ws/install/common_interfaces:/home/abhay/microros_ws/install/test_msgs:/home/abhay/microros_ws/install/trajectory_msgs:/home/abhay/microros_ws/install/stereo_msgs:/home/abhay/microros_ws/install/std_srvs:/home/abhay/microros_ws/install/shape_msgs:/home/abhay/microros_ws/install/nav_msgs:/home/abhay/microros_ws/install/diagnostic_msgs:/home/abhay/microros_ws/install/actionlib_msgs:/home/abhay/microros_ws/install/statistics_msgs:/home/abhay/microros_ws/install/rosidl_typesupport_microxrcedds_test_msg:/home/abhay/microros_ws/install/rosidl_typesupport_microxrcedds_cpp_tests:/home/abhay/microros_ws/install/rosidl_typesupport_microxrcedds_c_tests:/home/abhay/microros_ws/install/rosgraph_msgs:/home/abhay/microros_ws/install/composition_interfaces:/home/abhay/microros_ws/install/lifecycle_msgs:/home/abhay/microros_ws/install/micro_ros_setup:/home/abhay/microros_ws/install/sensor_msgs_py:/home/abhay/ros2_ws/install/py_srvcli:/home/abhay/ros2_ws/install/my_robot_controller:/opt/ros/humble LD_LIBRARY_PATH=/home/abhay/microros_ws/install/visualization_msgs/lib:/home/abhay/microros_ws/install/rclc_parameter/lib:/home/abhay/microros_ws/install/sensor_msgs/lib:/home/abhay/microros_ws/install/rmw_microxrcedds/lib:/home/abhay/microros_ws/install/rclc/lib:/home/abhay/microros_ws/install/rosidl_typesupport_microxrcedds_cpp/lib:/home/abhay/microros_ws/install/geometry_msgs/lib:/home/abhay/microros_ws/install/example_interfaces/lib:/home/abhay/microros_ws/install/std_msgs/lib:/home/abhay/microros_ws/install/rosidl_typesupport_microxrcedds_c/lib:/home/abhay/microros_ws/install/rcl_interfaces/lib:/home/abhay/microros_ws/install/microxrcedds_client/lib:/home/abhay/microros_ws/install/complex_msgs/lib:/home/abhay/microros_ws/install/action_msgs/lib:/home/abhay/microros_ws/install/unique_identifier_msgs/lib:/home/abhay/microros_ws/install/microcdr/lib:/home/abhay/microros_ws/install/micro_ros_utilities/lib:/home/abhay/microros_ws/install/micro_ros_msgs/lib:/home/abhay/microros_ws/install/builtin_interfaces/lib:/home/abhay/microros_ws/install/test_msgs/lib:/home/abhay/microros_ws/install/trajectory_msgs/lib:/home/abhay/microros_ws/install/stereo_msgs/lib:/home/abhay/microros_ws/install/std_srvs/lib:/home/abhay/microros_ws/install/shape_msgs/lib:/home/abhay/microros_ws/install/nav_msgs/lib:/home/abhay/microros_ws/install/diagnostic_msgs/lib:/home/abhay/microros_ws/install/actionlib_msgs/lib:/home/abhay/microros_ws/install/statistics_msgs/lib:/home/abhay/microros_ws/install/rosgraph_msgs/lib:/home/abhay/microros_ws/install/composition_interfaces/lib:/home/abhay/microros_ws/install/lifecycle_msgs/lib:/opt/ros/humble/opt/rviz_ogre_vendor/lib:/opt/ros/humble/lib/x86_64-linux-gnu:/opt/ros/humble/lib /usr/bin/cmake --build /home/abhay/microros_ws/build/micro_ros_demos_rclc -- -j16 -l16
[0.096s] [  0%] [34m[1mPerforming build step for 'int32_publisher'[0m
[0.096s] [  1%] [34m[1mPerforming build step for 'addtwoints_client'[0m
[0.096s] [  1%] [34m[1mPerforming build step for 'graph_visualizer'[0m
[0.097s] [  1%] [34m[1mPerforming build step for 'publisher_count'[0m
[0.097s] [  2%] [34m[1mPerforming build step for 'configured_publisher'[0m
[0.097s] [  2%] [34m[1mPerforming build step for 'subscription_count'[0m
[0.098s] [  2%] [34m[1mPerforming build step for 'int32_publisher_subscriber'[0m
[0.099s] [  3%] [34m[1mPerforming build step for 'addtwoints_server'[0m
[0.099s] [  3%] [34m[1mPerforming build step for 'int32_subscriber'[0m
[0.104s] [  5%] [34m[1mPerforming build step for 'fibonacci_action_client'[0m
[0.104s] [  5%] [34m[1mPerforming build step for 'int32_multinode'[0m
[0.104s] [  5%] [34m[1mPerforming build step for 'ping_pong'[0m
[0.110s] [  6%] [34m[1mPerforming build step for 'configured_subscriber'[0m
[0.111s] [  6%] [34m[1mPerforming build step for 'fragmented_publication'[0m
[0.112s] [  7%] [34m[1mPerforming build step for 'fibonacci_action_server'[0m
[0.112s] [  8%] [34m[1mPerforming build step for 'ping_uros_agent'[0m
[0.161s] [100%] Built target addtwoints_client
[0.162s] [100%] Built target int32_publisher
[0.173s] [100%] Built target publisher_count
[0.173s] [100%] Built target ping_pong
[0.173s] [100%] Built target int32_publisher_subscriber
[0.174s] [100%] Built target fibonacci_action_client
[0.174s] [100%] Built target int32_subscriber
[0.177s] [100%] Built target addtwoints_server
[0.179s] [100%] Built target fibonacci_action_server
[0.181s] [100%] Built target ping_uros_agent
[0.186s] [100%] Built target subscription_count
[0.188s] [100%] Built target configured_publisher
[0.189s] [100%] Built target graph_visualizer
[0.189s] [100%] Built target int32_multinode
[0.190s] [  9%] [34m[1mPerforming install step for 'addtwoints_client'[0m
[0.190s] [100%] Built target fragmented_publication
[0.193s] [ 10%] [34m[1mPerforming install step for 'int32_publisher'[0m
[0.193s] [ 10%] [34m[1mPerforming install step for 'ping_pong'[0m
[0.193s] [100%] Built target configured_subscriber
[0.195s] [ 11%] [34m[1mPerforming install step for 'publisher_count'[0m
[0.201s] [ 11%] [34m[1mPerforming install step for 'int32_subscriber'[0m
[0.202s] [ 11%] [34m[1mPerforming install step for 'int32_publisher_subscriber'[0m
[0.202s] [ 11%] [34m[1mPerforming install step for 'fibonacci_action_client'[0m
[0.206s] [ 12%] [34m[1mPerforming install step for 'addtwoints_server'[0m
[0.210s] [ 13%] [34m[1mPerforming install step for 'ping_uros_agent'[0m
[0.218s] [ 13%] [34m[1mPerforming install step for 'fibonacci_action_server'[0m
[0.218s] [ 13%] [34m[1mPerforming install step for 'subscription_count'[0m
[0.218s] [ 13%] [34m[1mPerforming install step for 'configured_publisher'[0m
[0.218s] [ 13%] [34m[1mPerforming install step for 'int32_multinode'[0m
[0.219s] [ 14%] [34m[1mPerforming install step for 'graph_visualizer'[0m
[0.219s] [ 14%] [34m[1mPerforming install step for 'fragmented_publication'[0m
[0.223s] [ 14%] [34m[1mPerforming install step for 'configured_subscriber'[0m
[0.264s] [100%] Built target addtwoints_client
[0.274s] [100%] Built target ping_pong
[0.274s] [100%] Built target int32_publisher_subscriber
[0.275s] [100%] Built target fibonacci_action_client
[0.275s] [100%] Built target publisher_count
[0.278s] [100%] Built target addtwoints_server
[0.284s] [100%] Built target int32_subscriber
[0.286s] [100%] Built target int32_publisher
[0.293s] [100%] Built target fibonacci_action_server
[0.294s] [100%] Built target fragmented_publication
[0.295s] [100%] Built target graph_visualizer
[0.295s] [100%] Built target ping_uros_agent
[0.296s] [36mInstall the project...[0m
[0.296s] [100%] Built target int32_multinode
[0.302s] [100%] Built target subscription_count
[0.307s] [36mInstall the project...[0m
[0.307s] [36mInstall the project...[0m
[0.307s] -- Install configuration: ""
[0.308s] [100%] Built target configured_subscriber
[0.308s] [36mInstall the project...[0m
[0.308s] -- Up-to-date: /home/abhay/microros_ws/build/micro_ros_demos_rclc/temp_install/addtwoints_client/addtwoints_client
[0.311s] [36mInstall the project...[0m
[0.312s] [100%] Built target configured_publisher
[0.312s] [36mInstall the project...[0m
[0.315s] [36mInstall the project...[0m
[0.317s] [36mInstall the project...[0m
[0.321s] -- Install configuration: ""
[0.321s] -- Up-to-date: /home/abhay/microros_ws/build/micro_ros_demos_rclc/temp_install/int32_publisher_subscriber/int32_publisher_subscriber
[0.321s] -- Install configuration: ""
[0.321s] -- Up-to-date: /home/abhay/microros_ws/build/micro_ros_demos_rclc/temp_install/ping_pong/ping_pong
[0.322s] -- Install configuration: ""
[0.323s] -- Up-to-date: /home/abhay/microros_ws/build/micro_ros_demos_rclc/temp_install/fibonacci_action_client/fibonacci_action_client
[0.324s] -- Install configuration: ""
[0.324s] -- Up-to-date: /home/abhay/microros_ws/build/micro_ros_demos_rclc/temp_install/addtwoints_server/addtwoints_server
[0.324s] [36mInstall the project...[0m
[0.324s] -- Install configuration: ""
[0.324s] -- Up-to-date: /home/abhay/microros_ws/build/micro_ros_demos_rclc/temp_install/publisher_count/publisher_count
[0.326s] [36mInstall the project...[0m
[0.327s] [36mInstall the project...[0m
[0.327s] [36mInstall the project...[0m
[0.328s] [36mInstall the project...[0m
[0.328s] -- Install configuration: ""
[0.329s] -- Up-to-date: /home/abhay/microros_ws/build/micro_ros_demos_rclc/temp_install/int32_subscriber/int32_subscriber
[0.331s] -- Install configuration: ""
[0.332s] -- Up-to-date: /home/abhay/microros_ws/build/micro_ros_demos_rclc/temp_install/int32_publisher/int32_publisher
[0.336s] [36mInstall the project...[0m
[0.337s] -- Install configuration: ""
[0.337s] -- Up-to-date: /home/abhay/microros_ws/build/micro_ros_demos_rclc/temp_install/ping_uros_agent/ping_uros_agent
[0.338s] -- Install configuration: ""
[0.338s] [36mInstall the project...[0m
[0.338s] -- Up-to-date: /home/abhay/microros_ws/build/micro_ros_demos_rclc/temp_install/graph_visualizer/graph_visualizer
[0.339s] -- Install configuration: ""
[0.340s] -- Up-to-date: /home/abhay/microros_ws/build/micro_ros_demos_rclc/temp_install/fibonacci_action_server/fibonacci_action_server
[0.340s] -- Install configuration: ""
[0.341s] -- Up-to-date: /home/abhay/microros_ws/build/micro_ros_demos_rclc/temp_install/int32_multinode/int32_multinode
[0.342s] [36mInstall the project...[0m
[0.343s] [ 14%] [34m[1mCompleted 'addtwoints_client'[0m
[0.345s] -- Install configuration: ""
[0.345s] -- Up-to-date: /home/abhay/microros_ws/build/micro_ros_demos_rclc/temp_install/fragmented_publication/fragmented_publication
[0.350s] -- Install configuration: ""
[0.350s] [ 15%] [34m[1mCompleted 'fibonacci_action_client'[0m
[0.351s] [ 15%] [34m[1mCompleted 'ping_pong'[0m
[0.351s] -- Up-to-date: /home/abhay/microros_ws/build/micro_ros_demos_rclc/temp_install/subscription_count/subscription_count
[0.351s] [ 16%] [34m[1mCompleted 'int32_publisher_subscriber'[0m
[0.351s] -- Install configuration: ""
[0.351s] -- Up-to-date: /home/abhay/microros_ws/build/micro_ros_demos_rclc/temp_install/configured_subscriber/configured_subscriber
[0.351s] [ 17%] [34m[1mCompleted 'publisher_count'[0m
[0.352s] [ 18%] [34m[1mCompleted 'addtwoints_server'[0m
[0.356s] -- Install configuration: ""
[0.356s] -- Up-to-date: /home/abhay/microros_ws/build/micro_ros_demos_rclc/temp_install/configured_publisher/configured_publisher
[0.361s] [ 18%] [34m[1mCompleted 'int32_subscriber'[0m
[0.368s] [ 19%] [34m[1mCompleted 'graph_visualizer'[0m
[0.368s] [ 19%] [34m[1mCompleted 'int32_publisher'[0m
[0.368s] [ 19%] [34m[1mCompleted 'ping_uros_agent'[0m
[0.372s] [ 19%] [34m[1mCompleted 'int32_multinode'[0m
[0.372s] [ 19%] [34m[1mCompleted 'fibonacci_action_server'[0m
[0.378s] [ 19%] [34m[1mCompleted 'fragmented_publication'[0m
[0.381s] [ 20%] [34m[1mCompleted 'subscription_count'[0m
[0.382s] [ 20%] [34m[1mCompleted 'configured_subscriber'[0m
[0.389s] [ 20%] [34m[1mCompleted 'configured_publisher'[0m
[0.403s] [ 22%] Built target addtwoints_client
[0.406s] [ 25%] Built target ping_pong
[0.406s] [ 27%] Built target publisher_count
[0.406s] [ 33%] Built target int32_publisher_subscriber
[0.406s] [ 33%] Built target fibonacci_action_client
[0.415s] [ 35%] Built target addtwoints_server
[0.422s] [ 37%] Built target int32_subscriber
[0.422s] [ 38%] Built target ping_uros_agent
[0.423s] [ 41%] Built target graph_visualizer
[0.430s] [ 43%] Built target int32_publisher
[0.430s] [ 45%] Built target int32_multinode
[0.435s] [ 48%] Built target fibonacci_action_server
[0.437s] [ 50%] Built target configured_subscriber
[0.438s] [ 53%] Built target subscription_count
[0.439s] [ 53%] [34m[1mPerforming build step for 'complex_msg_subscriber'[0m
[0.440s] [ 54%] [34m[1mPerforming build step for 'complex_msg_publisher'[0m
[0.440s] [ 54%] [34m[1mPerforming build step for 'fragmented_subscription'[0m
[0.442s] [ 55%] [34m[1mPerforming build step for 'string_publisher'[0m
[0.442s] [ 58%] Built target configured_publisher
[0.442s] [ 60%] Built target fragmented_publication
[0.443s] [ 61%] [34m[1mPerforming build step for 'timer'[0m
[0.451s] [ 61%] [34m[1mPerforming build step for 'string_subscriber'[0m
[0.452s] [ 62%] [34m[1mPerforming build step for 'autodiscover_agent'[0m
[0.453s] [ 63%] [34m[1mPerforming build step for 'static_type_handling'[0m
[0.460s] [ 63%] [34m[1mPerforming build step for 'parameter_server'[0m
[0.461s] [ 63%] [34m[1mPerforming build step for 'epoch_synchronization'[0m
[0.464s] [ 63%] [34m[1mPerforming build step for 'multithread_publisher_subscriber'[0m
[0.498s] [100%] Built target complex_msg_subscriber
[0.502s] [100%] Built target complex_msg_publisher
[0.502s] [100%] Built target string_publisher
[0.506s] [100%] Built target fragmented_subscription
[0.506s] [100%] Built target timer
[0.512s] [100%] Built target string_subscriber
[0.518s] [100%] Built target parameter_server
[0.518s] [100%] Built target autodiscover_agent
[0.522s] [ 64%] [34m[1mPerforming install step for 'complex_msg_subscriber'[0m
[0.522s] [100%] Built target static_type_handling
[0.522s] [ 65%] [34m[1mPerforming install step for 'complex_msg_publisher'[0m
[0.525s] [100%] Built target epoch_synchronization
[0.526s] [ 65%] [34m[1mPerforming install step for 'string_publisher'[0m
[0.530s] [ 65%] [34m[1mPerforming install step for 'timer'[0m
[0.532s] [100%] Built target multithread_publisher_subscriber
[0.532s] [ 66%] [34m[1mPerforming install step for 'fragmented_subscription'[0m
[0.534s] [ 67%] [34m[1mPerforming install step for 'string_subscriber'[0m
[0.544s] [ 67%] [34m[1mPerforming install step for 'autodiscover_agent'[0m
[0.545s] [ 67%] [34m[1mPerforming install step for 'parameter_server'[0m
[0.547s] [ 67%] [34m[1mPerforming install step for 'static_type_handling'[0m
[0.550s] [ 68%] [34m[1mPerforming install step for 'multithread_publisher_subscriber'[0m
[0.551s] [ 69%] [34m[1mPerforming install step for 'epoch_synchronization'[0m
[0.580s] [100%] Built target timer
[0.582s] [100%] Built target complex_msg_subscriber
[0.592s] [100%] Built target complex_msg_publisher
[0.593s] [100%] Built target fragmented_subscription
[0.593s] [100%] Built target string_publisher
[0.596s] [100%] Built target parameter_server
[0.600s] [100%] Built target autodiscover_agent
[0.602s] [100%] Built target multithread_publisher_subscriber
[0.602s] [100%] Built target string_subscriber
[0.606s] [36mInstall the project...[0m
[0.608s] [36mInstall the project...[0m
[0.613s] [100%] Built target epoch_synchronization
[0.615s] [100%] Built target static_type_handling
[0.617s] [36mInstall the project...[0m
[0.618s] [36mInstall the project...[0m
[0.619s] [36mInstall the project...[0m
[0.619s] -- Install configuration: ""
[0.619s] -- Install configuration: ""
[0.619s] -- Up-to-date: /home/abhay/microros_ws/build/micro_ros_demos_rclc/temp_install/timer/timer
[0.619s] -- Up-to-date: /home/abhay/microros_ws/build/micro_ros_demos_rclc/temp_install/complex_msg_subscriber/complex_msg_subscriber
[0.621s] [36mInstall the project...[0m
[0.621s] [36mInstall the project...[0m
[0.625s] [36mInstall the project...[0m
[0.626s] -- Install configuration: ""
[0.626s] -- Up-to-date: /home/abhay/microros_ws/build/micro_ros_demos_rclc/temp_install/fragmented_subscription/fragmented_subscription
[0.629s] [36mInstall the project...[0m
[0.629s] -- Install configuration: ""
[0.630s] -- Up-to-date: /home/abhay/microros_ws/build/micro_ros_demos_rclc/temp_install/complex_msg_publisher/complex_msg_publisher
[0.632s] -- Install configuration: ""
[0.633s] -- Up-to-date: /home/abhay/microros_ws/build/micro_ros_demos_rclc/temp_install/parameter_server/parameter_server
[0.636s] -- Install configuration: ""
[0.636s] -- Install configuration: ""
[0.636s] -- Up-to-date: /home/abhay/microros_ws/build/micro_ros_demos_rclc/temp_install/string_publisher/string_publisher
[0.636s] -- Up-to-date: /home/abhay/microros_ws/build/micro_ros_demos_rclc/temp_install/autodiscover_agent/autodiscover_agent
[0.636s] -- Install configuration: ""
[0.636s] [36mInstall the project...[0m
[0.636s] -- Up-to-date: /home/abhay/microros_ws/build/micro_ros_demos_rclc/temp_install/string_subscriber/string_subscriber
[0.637s] -- Install configuration: ""
[0.637s] -- Up-to-date: /home/abhay/microros_ws/build/micro_ros_demos_rclc/temp_install/multithread_publisher_subscriber/multithread_publisher_subscriber
[0.640s] [36mInstall the project...[0m
[0.640s] [ 69%] [34m[1mCompleted 'timer'[0m
[0.645s] [ 70%] [34m[1mCompleted 'complex_msg_subscriber'[0m
[0.646s] [ 71%] [34m[1mCompleted 'fragmented_subscription'[0m
[0.649s] -- Install configuration: ""
[0.649s] -- Up-to-date: /home/abhay/microros_ws/build/micro_ros_demos_rclc/temp_install/epoch_synchronization/epoch_synchronization
[0.650s] -- Install configuration: ""
[0.650s] -- Up-to-date: /home/abhay/microros_ws/build/micro_ros_demos_rclc/temp_install/static_type_handling/static_type_handling
[0.658s] [ 71%] [34m[1mCompleted 'complex_msg_publisher'[0m
[0.660s] [ 72%] [34m[1mCompleted 'parameter_server'[0m
[0.661s] [ 72%] [34m[1mCompleted 'string_publisher'[0m
[0.662s] [ 72%] [34m[1mCompleted 'autodiscover_agent'[0m
[0.662s] [ 73%] [34m[1mCompleted 'multithread_publisher_subscriber'[0m
[0.664s] [ 74%] [34m[1mCompleted 'string_subscriber'[0m
[0.674s] [ 75%] [34m[1mCompleted 'static_type_handling'[0m
[0.674s] [ 75%] [34m[1mCompleted 'epoch_synchronization'[0m
[0.682s] [ 78%] Built target timer
[0.685s] [ 80%] Built target complex_msg_subscriber
[0.690s] [ 82%] Built target fragmented_subscription
[0.702s] [ 88%] Built target autodiscover_agent
[0.702s] [ 88%] Built target parameter_server
[0.702s] [ 89%] Built target complex_msg_publisher
[0.702s] [ 91%] Built target string_publisher
[0.707s] [ 93%] Built target multithread_publisher_subscriber
[0.712s] [ 95%] Built target string_subscriber
[0.714s] [ 97%] Built target epoch_synchronization
[0.717s] [100%] Built target static_type_handling
[0.728s] Invoked command in '/home/abhay/microros_ws/build/micro_ros_demos_rclc' returned '0': CMAKE_PREFIX_PATH=/home/abhay/microros_ws/install/visualization_msgs:/home/abhay/microros_ws/install/rclc_parameter:/home/abhay/microros_ws/install/sensor_msgs:/home/abhay/microros_ws/install/rmw_microxrcedds:/home/abhay/microros_ws/install/rclc:/home/abhay/microros_ws/install/rosidl_typesupport_microxrcedds_cpp:/home/abhay/microros_ws/install/geometry_msgs:/home/abhay/microros_ws/install/example_interfaces:/home/abhay/microros_ws/install/std_msgs:/home/abhay/microros_ws/install/rosidl_typesupport_microxrcedds_c:/home/abhay/microros_ws/install/rcl_interfaces:/home/abhay/microros_ws/install/microxrcedds_client:/home/abhay/microros_ws/install/complex_msgs:/home/abhay/microros_ws/install/action_msgs:/home/abhay/microros_ws/install/unique_identifier_msgs:/home/abhay/microros_ws/install/microcdr:/home/abhay/microros_ws/install/micro_ros_utilities:/home/abhay/microros_ws/install/micro_ros_msgs:/home/abhay/microros_ws/install/builtin_interfaces:/home/abhay/microros_ws/install/micro_ros_demos_rclc:/home/abhay/microros_ws/install/common_interfaces:/home/abhay/microros_ws/install/test_msgs:/home/abhay/microros_ws/install/trajectory_msgs:/home/abhay/microros_ws/install/stereo_msgs:/home/abhay/microros_ws/install/std_srvs:/home/abhay/microros_ws/install/shape_msgs:/home/abhay/microros_ws/install/nav_msgs:/home/abhay/microros_ws/install/diagnostic_msgs:/home/abhay/microros_ws/install/actionlib_msgs:/home/abhay/microros_ws/install/statistics_msgs:/home/abhay/microros_ws/install/rosidl_typesupport_microxrcedds_test_msg:/home/abhay/microros_ws/install/rosidl_typesupport_microxrcedds_cpp_tests:/home/abhay/microros_ws/install/rosidl_typesupport_microxrcedds_c_tests:/home/abhay/microros_ws/install/rosgraph_msgs:/home/abhay/microros_ws/install/composition_interfaces:/home/abhay/microros_ws/install/lifecycle_msgs:/home/abhay/microros_ws/install/micro_ros_setup:/home/abhay/microros_ws/install/sensor_msgs_py:/home/abhay/ros2_ws/install/py_srvcli:/home/abhay/ros2_ws/install/my_robot_controller:/opt/ros/humble LD_LIBRARY_PATH=/home/abhay/microros_ws/install/visualization_msgs/lib:/home/abhay/microros_ws/install/rclc_parameter/lib:/home/abhay/microros_ws/install/sensor_msgs/lib:/home/abhay/microros_ws/install/rmw_microxrcedds/lib:/home/abhay/microros_ws/install/rclc/lib:/home/abhay/microros_ws/install/rosidl_typesupport_microxrcedds_cpp/lib:/home/abhay/microros_ws/install/geometry_msgs/lib:/home/abhay/microros_ws/install/example_interfaces/lib:/home/abhay/microros_ws/install/std_msgs/lib:/home/abhay/microros_ws/install/rosidl_typesupport_microxrcedds_c/lib:/home/abhay/microros_ws/install/rcl_interfaces/lib:/home/abhay/microros_ws/install/microxrcedds_client/lib:/home/abhay/microros_ws/install/complex_msgs/lib:/home/abhay/microros_ws/install/action_msgs/lib:/home/abhay/microros_ws/install/unique_identifier_msgs/lib:/home/abhay/microros_ws/install/microcdr/lib:/home/abhay/microros_ws/install/micro_ros_utilities/lib:/home/abhay/microros_ws/install/micro_ros_msgs/lib:/home/abhay/microros_ws/install/builtin_interfaces/lib:/home/abhay/microros_ws/install/test_msgs/lib:/home/abhay/microros_ws/install/trajectory_msgs/lib:/home/abhay/microros_ws/install/stereo_msgs/lib:/home/abhay/microros_ws/install/std_srvs/lib:/home/abhay/microros_ws/install/shape_msgs/lib:/home/abhay/microros_ws/install/nav_msgs/lib:/home/abhay/microros_ws/install/diagnostic_msgs/lib:/home/abhay/microros_ws/install/actionlib_msgs/lib:/home/abhay/microros_ws/install/statistics_msgs/lib:/home/abhay/microros_ws/install/rosgraph_msgs/lib:/home/abhay/microros_ws/install/composition_interfaces/lib:/home/abhay/microros_ws/install/lifecycle_msgs/lib:/opt/ros/humble/opt/rviz_ogre_vendor/lib:/opt/ros/humble/lib/x86_64-linux-gnu:/opt/ros/humble/lib /usr/bin/cmake --build /home/abhay/microros_ws/build/micro_ros_demos_rclc -- -j16 -l16
[0.770s] Invoking command in '/home/abhay/microros_ws/build/micro_ros_demos_rclc': CMAKE_PREFIX_PATH=/home/abhay/microros_ws/install/visualization_msgs:/home/abhay/microros_ws/install/rclc_parameter:/home/abhay/microros_ws/install/sensor_msgs:/home/abhay/microros_ws/install/rmw_microxrcedds:/home/abhay/microros_ws/install/rclc:/home/abhay/microros_ws/install/rosidl_typesupport_microxrcedds_cpp:/home/abhay/microros_ws/install/geometry_msgs:/home/abhay/microros_ws/install/example_interfaces:/home/abhay/microros_ws/install/std_msgs:/home/abhay/microros_ws/install/rosidl_typesupport_microxrcedds_c:/home/abhay/microros_ws/install/rcl_interfaces:/home/abhay/microros_ws/install/microxrcedds_client:/home/abhay/microros_ws/install/complex_msgs:/home/abhay/microros_ws/install/action_msgs:/home/abhay/microros_ws/install/unique_identifier_msgs:/home/abhay/microros_ws/install/microcdr:/home/abhay/microros_ws/install/micro_ros_utilities:/home/abhay/microros_ws/install/micro_ros_msgs:/home/abhay/microros_ws/install/builtin_interfaces:/home/abhay/microros_ws/install/micro_ros_demos_rclc:/home/abhay/microros_ws/install/common_interfaces:/home/abhay/microros_ws/install/test_msgs:/home/abhay/microros_ws/install/trajectory_msgs:/home/abhay/microros_ws/install/stereo_msgs:/home/abhay/microros_ws/install/std_srvs:/home/abhay/microros_ws/install/shape_msgs:/home/abhay/microros_ws/install/nav_msgs:/home/abhay/microros_ws/install/diagnostic_msgs:/home/abhay/microros_ws/install/actionlib_msgs:/home/abhay/microros_ws/install/statistics_msgs:/home/abhay/microros_ws/install/rosidl_typesupport_microxrcedds_test_msg:/home/abhay/microros_ws/install/rosidl_typesupport_microxrcedds_cpp_tests:/home/abhay/microros_ws/install/rosidl_typesupport_microxrcedds_c_tests:/home/abhay/microros_ws/install/rosgraph_msgs:/home/abhay/microros_ws/install/composition_interfaces:/home/abhay/microros_ws/install/lifecycle_msgs:/home/abhay/microros_ws/install/micro_ros_setup:/home/abhay/microros_ws/install/sensor_msgs_py:/home/abhay/ros2_ws/install/py_srvcli:/home/abhay/ros2_ws/install/my_robot_controller:/opt/ros/humble LD_LIBRARY_PATH=/home/abhay/microros_ws/install/visualization_msgs/lib:/home/abhay/microros_ws/install/rclc_parameter/lib:/home/abhay/microros_ws/install/sensor_msgs/lib:/home/abhay/microros_ws/install/rmw_microxrcedds/lib:/home/abhay/microros_ws/install/rclc/lib:/home/abhay/microros_ws/install/rosidl_typesupport_microxrcedds_cpp/lib:/home/abhay/microros_ws/install/geometry_msgs/lib:/home/abhay/microros_ws/install/example_interfaces/lib:/home/abhay/microros_ws/install/std_msgs/lib:/home/abhay/microros_ws/install/rosidl_typesupport_microxrcedds_c/lib:/home/abhay/microros_ws/install/rcl_interfaces/lib:/home/abhay/microros_ws/install/microxrcedds_client/lib:/home/abhay/microros_ws/install/complex_msgs/lib:/home/abhay/microros_ws/install/action_msgs/lib:/home/abhay/microros_ws/install/unique_identifier_msgs/lib:/home/abhay/microros_ws/install/microcdr/lib:/home/abhay/microros_ws/install/micro_ros_utilities/lib:/home/abhay/microros_ws/install/micro_ros_msgs/lib:/home/abhay/microros_ws/install/builtin_interfaces/lib:/home/abhay/microros_ws/install/test_msgs/lib:/home/abhay/microros_ws/install/trajectory_msgs/lib:/home/abhay/microros_ws/install/stereo_msgs/lib:/home/abhay/microros_ws/install/std_srvs/lib:/home/abhay/microros_ws/install/shape_msgs/lib:/home/abhay/microros_ws/install/nav_msgs/lib:/home/abhay/microros_ws/install/diagnostic_msgs/lib:/home/abhay/microros_ws/install/actionlib_msgs/lib:/home/abhay/microros_ws/install/statistics_msgs/lib:/home/abhay/microros_ws/install/rosgraph_msgs/lib:/home/abhay/microros_ws/install/composition_interfaces/lib:/home/abhay/microros_ws/install/lifecycle_msgs/lib:/opt/ros/humble/opt/rviz_ogre_vendor/lib:/opt/ros/humble/lib/x86_64-linux-gnu:/opt/ros/humble/lib /usr/bin/cmake --install /home/abhay/microros_ws/build/micro_ros_demos_rclc
[0.776s] -- Install configuration: ""
[0.776s] -- Up-to-date: /home/abhay/microros_ws/install/micro_ros_demos_rclc/lib/micro_ros_demos_rclc
[0.776s] -- Up-to-date: /home/abhay/microros_ws/install/micro_ros_demos_rclc/lib/micro_ros_demos_rclc/parameter_server
[0.776s] -- Up-to-date: /home/abhay/microros_ws/install/micro_ros_demos_rclc/lib/micro_ros_demos_rclc/parameter_server/parameter_server
[0.776s] -- Up-to-date: /home/abhay/microros_ws/install/micro_ros_demos_rclc/lib/micro_ros_demos_rclc/multithread_publisher_subscriber
[0.776s] -- Up-to-date: /home/abhay/microros_ws/install/micro_ros_demos_rclc/lib/micro_ros_demos_rclc/multithread_publisher_subscriber/multithread_publisher_subscriber
[0.776s] -- Up-to-date: /home/abhay/microros_ws/install/micro_ros_demos_rclc/lib/micro_ros_demos_rclc/epoch_synchronization
[0.776s] -- Up-to-date: /home/abhay/microros_ws/install/micro_ros_demos_rclc/lib/micro_ros_demos_rclc/epoch_synchronization/epoch_synchronization
[0.777s] -- Up-to-date: /home/abhay/microros_ws/install/micro_ros_demos_rclc/lib/micro_ros_demos_rclc/int32_publisher
[0.777s] -- Up-to-date: /home/abhay/microros_ws/install/micro_ros_demos_rclc/lib/micro_ros_demos_rclc/int32_publisher/int32_publisher
[0.777s] -- Up-to-date: /home/abhay/microros_ws/install/micro_ros_demos_rclc/lib/micro_ros_demos_rclc/timer
[0.777s] -- Up-to-date: /home/abhay/microros_ws/install/micro_ros_demos_rclc/lib/micro_ros_demos_rclc/timer/timer
[0.777s] -- Up-to-date: /home/abhay/microros_ws/install/micro_ros_demos_rclc/lib/micro_ros_demos_rclc/string_subscriber
[0.777s] -- Up-to-date: /home/abhay/microros_ws/install/micro_ros_demos_rclc/lib/micro_ros_demos_rclc/string_subscriber/string_subscriber
[0.777s] -- Up-to-date: /home/abhay/microros_ws/install/micro_ros_demos_rclc/lib/micro_ros_demos_rclc/fibonacci_action_client
[0.777s] -- Up-to-date: /home/abhay/microros_ws/install/micro_ros_demos_rclc/lib/micro_ros_demos_rclc/fibonacci_action_client/fibonacci_action_client
[0.777s] -- Up-to-date: /home/abhay/microros_ws/install/micro_ros_demos_rclc/lib/micro_ros_demos_rclc/subscription_count
[0.777s] -- Up-to-date: /home/abhay/microros_ws/install/micro_ros_demos_rclc/lib/micro_ros_demos_rclc/subscription_count/subscription_count
[0.777s] -- Up-to-date: /home/abhay/microros_ws/install/micro_ros_demos_rclc/lib/micro_ros_demos_rclc/ping_pong
[0.777s] -- Up-to-date: /home/abhay/microros_ws/install/micro_ros_demos_rclc/lib/micro_ros_demos_rclc/ping_pong/ping_pong
[0.778s] -- Up-to-date: /home/abhay/microros_ws/install/micro_ros_demos_rclc/lib/micro_ros_demos_rclc/complex_msg_publisher
[0.778s] -- Up-to-date: /home/abhay/microros_ws/install/micro_ros_demos_rclc/lib/micro_ros_demos_rclc/complex_msg_publisher/complex_msg_publisher
[0.778s] -- Up-to-date: /home/abhay/microros_ws/install/micro_ros_demos_rclc/lib/micro_ros_demos_rclc/configured_subscriber
[0.778s] -- Up-to-date: /home/abhay/microros_ws/install/micro_ros_demos_rclc/lib/micro_ros_demos_rclc/configured_subscriber/configured_subscriber
[0.778s] -- Up-to-date: /home/abhay/microros_ws/install/micro_ros_demos_rclc/lib/micro_ros_demos_rclc/int32_multinode
[0.778s] -- Up-to-date: /home/abhay/microros_ws/install/micro_ros_demos_rclc/lib/micro_ros_demos_rclc/int32_multinode/int32_multinode
[0.778s] -- Up-to-date: /home/abhay/microros_ws/install/micro_ros_demos_rclc/lib/micro_ros_demos_rclc/fragmented_publication
[0.778s] -- Up-to-date: /home/abhay/microros_ws/install/micro_ros_demos_rclc/lib/micro_ros_demos_rclc/fragmented_publication/fragmented_publication
[0.778s] -- Up-to-date: /home/abhay/microros_ws/install/micro_ros_demos_rclc/lib/micro_ros_demos_rclc/complex_msg_subscriber
[0.778s] -- Up-to-date: /home/abhay/microros_ws/install/micro_ros_demos_rclc/lib/micro_ros_demos_rclc/complex_msg_subscriber/complex_msg_subscriber
[0.778s] -- Up-to-date: /home/abhay/microros_ws/install/micro_ros_demos_rclc/lib/micro_ros_demos_rclc/fragmented_subscription
[0.778s] -- Up-to-date: /home/abhay/microros_ws/install/micro_ros_demos_rclc/lib/micro_ros_demos_rclc/fragmented_subscription/fragmented_subscription
[0.779s] -- Up-to-date: /home/abhay/microros_ws/install/micro_ros_demos_rclc/lib/micro_ros_demos_rclc/graph_visualizer
[0.779s] -- Up-to-date: /home/abhay/microros_ws/install/micro_ros_demos_rclc/lib/micro_ros_demos_rclc/graph_visualizer/graph_visualizer
[0.779s] -- Up-to-date: /home/abhay/microros_ws/install/micro_ros_demos_rclc/lib/micro_ros_demos_rclc/addtwoints_server
[0.779s] -- Up-to-date: /home/abhay/microros_ws/install/micro_ros_demos_rclc/lib/micro_ros_demos_rclc/addtwoints_server/addtwoints_server
[0.779s] -- Up-to-date: /home/abhay/microros_ws/install/micro_ros_demos_rclc/lib/micro_ros_demos_rclc/int32_subscriber
[0.779s] -- Up-to-date: /home/abhay/microros_ws/install/micro_ros_demos_rclc/lib/micro_ros_demos_rclc/int32_subscriber/int32_subscriber
[0.779s] -- Up-to-date: /home/abhay/microros_ws/install/micro_ros_demos_rclc/lib/micro_ros_demos_rclc/addtwoints_client
[0.779s] -- Up-to-date: /home/abhay/microros_ws/install/micro_ros_demos_rclc/lib/micro_ros_demos_rclc/addtwoints_client/addtwoints_client
[0.779s] -- Up-to-date: /home/abhay/microros_ws/install/micro_ros_demos_rclc/lib/micro_ros_demos_rclc/ping_uros_agent
[0.779s] -- Up-to-date: /home/abhay/microros_ws/install/micro_ros_demos_rclc/lib/micro_ros_demos_rclc/ping_uros_agent/ping_uros_agent
[0.779s] -- Up-to-date: /home/abhay/microros_ws/install/micro_ros_demos_rclc/lib/micro_ros_demos_rclc/string_publisher
[0.779s] -- Up-to-date: /home/abhay/microros_ws/install/micro_ros_demos_rclc/lib/micro_ros_demos_rclc/string_publisher/string_publisher
[0.779s] -- Up-to-date: /home/abhay/microros_ws/install/micro_ros_demos_rclc/lib/micro_ros_demos_rclc/publisher_count
[0.780s] -- Up-to-date: /home/abhay/microros_ws/install/micro_ros_demos_rclc/lib/micro_ros_demos_rclc/publisher_count/publisher_count
[0.780s] -- Up-to-date: /home/abhay/microros_ws/install/micro_ros_demos_rclc/lib/micro_ros_demos_rclc/configured_publisher
[0.780s] -- Up-to-date: /home/abhay/microros_ws/install/micro_ros_demos_rclc/lib/micro_ros_demos_rclc/configured_publisher/configured_publisher
[0.780s] -- Up-to-date: /home/abhay/microros_ws/install/micro_ros_demos_rclc/lib/micro_ros_demos_rclc/fibonacci_action_server
[0.780s] -- Up-to-date: /home/abhay/microros_ws/install/micro_ros_demos_rclc/lib/micro_ros_demos_rclc/fibonacci_action_server/fibonacci_action_server
[0.780s] -- Up-to-date: /home/abhay/microros_ws/install/micro_ros_demos_rclc/lib/micro_ros_demos_rclc/autodiscover_agent
[0.780s] -- Up-to-date: /home/abhay/microros_ws/install/micro_ros_demos_rclc/lib/micro_ros_demos_rclc/autodiscover_agent/autodiscover_agent
[0.780s] -- Up-to-date: /home/abhay/microros_ws/install/micro_ros_demos_rclc/lib/micro_ros_demos_rclc/int32_publisher_subscriber
[0.780s] -- Up-to-date: /home/abhay/microros_ws/install/micro_ros_demos_rclc/lib/micro_ros_demos_rclc/int32_publisher_subscriber/int32_publisher_subscriber
[0.780s] -- Up-to-date: /home/abhay/microros_ws/install/micro_ros_demos_rclc/lib/micro_ros_demos_rclc/static_type_handling
[0.780s] -- Up-to-date: /home/abhay/microros_ws/install/micro_ros_demos_rclc/lib/micro_ros_demos_rclc/static_type_handling/static_type_handling
[0.780s] -- Up-to-date: /home/abhay/microros_ws/install/micro_ros_demos_rclc/share/ament_index/resource_index/package_run_dependencies/micro_ros_demos_rclc
[0.780s] -- Up-to-date: /home/abhay/microros_ws/install/micro_ros_demos_rclc/share/ament_index/resource_index/parent_prefix_path/micro_ros_demos_rclc
[0.780s] -- Up-to-date: /home/abhay/microros_ws/install/micro_ros_demos_rclc/share/micro_ros_demos_rclc/environment/ament_prefix_path.sh
[0.780s] -- Up-to-date: /home/abhay/microros_ws/install/micro_ros_demos_rclc/share/micro_ros_demos_rclc/environment/ament_prefix_path.dsv
[0.780s] -- Up-to-date: /home/abhay/microros_ws/install/micro_ros_demos_rclc/share/micro_ros_demos_rclc/environment/path.sh
[0.780s] -- Up-to-date: /home/abhay/microros_ws/install/micro_ros_demos_rclc/share/micro_ros_demos_rclc/environment/path.dsv
[0.780s] -- Up-to-date: /home/abhay/microros_ws/install/micro_ros_demos_rclc/share/micro_ros_demos_rclc/local_setup.bash
[0.780s] -- Up-to-date: /home/abhay/microros_ws/install/micro_ros_demos_rclc/share/micro_ros_demos_rclc/local_setup.sh
[0.780s] -- Up-to-date: /home/abhay/microros_ws/install/micro_ros_demos_rclc/share/micro_ros_demos_rclc/local_setup.zsh
[0.780s] -- Up-to-date: /home/abhay/microros_ws/install/micro_ros_demos_rclc/share/micro_ros_demos_rclc/local_setup.dsv
[0.780s] -- Installing: /home/abhay/microros_ws/install/micro_ros_demos_rclc/share/micro_ros_demos_rclc/package.dsv
[0.780s] -- Up-to-date: /home/abhay/microros_ws/install/micro_ros_demos_rclc/share/ament_index/resource_index/packages/micro_ros_demos_rclc
[0.780s] -- Up-to-date: /home/abhay/microros_ws/install/micro_ros_demos_rclc/share/micro_ros_demos_rclc/cmake/micro_ros_demos_rclcConfig.cmake
[0.780s] -- Up-to-date: /home/abhay/microros_ws/install/micro_ros_demos_rclc/share/micro_ros_demos_rclc/cmake/micro_ros_demos_rclcConfig-version.cmake
[0.780s] -- Up-to-date: /home/abhay/microros_ws/install/micro_ros_demos_rclc/share/micro_ros_demos_rclc/package.xml
[0.781s] Invoked command in '/home/abhay/microros_ws/build/micro_ros_demos_rclc' returned '0': CMAKE_PREFIX_PATH=/home/abhay/microros_ws/install/visualization_msgs:/home/abhay/microros_ws/install/rclc_parameter:/home/abhay/microros_ws/install/sensor_msgs:/home/abhay/microros_ws/install/rmw_microxrcedds:/home/abhay/microros_ws/install/rclc:/home/abhay/microros_ws/install/rosidl_typesupport_microxrcedds_cpp:/home/abhay/microros_ws/install/geometry_msgs:/home/abhay/microros_ws/install/example_interfaces:/home/abhay/microros_ws/install/std_msgs:/home/abhay/microros_ws/install/rosidl_typesupport_microxrcedds_c:/home/abhay/microros_ws/install/rcl_interfaces:/home/abhay/microros_ws/install/microxrcedds_client:/home/abhay/microros_ws/install/complex_msgs:/home/abhay/microros_ws/install/action_msgs:/home/abhay/microros_ws/install/unique_identifier_msgs:/home/abhay/microros_ws/install/microcdr:/home/abhay/microros_ws/install/micro_ros_utilities:/home/abhay/microros_ws/install/micro_ros_msgs:/home/abhay/microros_ws/install/builtin_interfaces:/home/abhay/microros_ws/install/micro_ros_demos_rclc:/home/abhay/microros_ws/install/common_interfaces:/home/abhay/microros_ws/install/test_msgs:/home/abhay/microros_ws/install/trajectory_msgs:/home/abhay/microros_ws/install/stereo_msgs:/home/abhay/microros_ws/install/std_srvs:/home/abhay/microros_ws/install/shape_msgs:/home/abhay/microros_ws/install/nav_msgs:/home/abhay/microros_ws/install/diagnostic_msgs:/home/abhay/microros_ws/install/actionlib_msgs:/home/abhay/microros_ws/install/statistics_msgs:/home/abhay/microros_ws/install/rosidl_typesupport_microxrcedds_test_msg:/home/abhay/microros_ws/install/rosidl_typesupport_microxrcedds_cpp_tests:/home/abhay/microros_ws/install/rosidl_typesupport_microxrcedds_c_tests:/home/abhay/microros_ws/install/rosgraph_msgs:/home/abhay/microros_ws/install/composition_interfaces:/home/abhay/microros_ws/install/lifecycle_msgs:/home/abhay/microros_ws/install/micro_ros_setup:/home/abhay/microros_ws/install/sensor_msgs_py:/home/abhay/ros2_ws/install/py_srvcli:/home/abhay/ros2_ws/install/my_robot_controller:/opt/ros/humble LD_LIBRARY_PATH=/home/abhay/microros_ws/install/visualization_msgs/lib:/home/abhay/microros_ws/install/rclc_parameter/lib:/home/abhay/microros_ws/install/sensor_msgs/lib:/home/abhay/microros_ws/install/rmw_microxrcedds/lib:/home/abhay/microros_ws/install/rclc/lib:/home/abhay/microros_ws/install/rosidl_typesupport_microxrcedds_cpp/lib:/home/abhay/microros_ws/install/geometry_msgs/lib:/home/abhay/microros_ws/install/example_interfaces/lib:/home/abhay/microros_ws/install/std_msgs/lib:/home/abhay/microros_ws/install/rosidl_typesupport_microxrcedds_c/lib:/home/abhay/microros_ws/install/rcl_interfaces/lib:/home/abhay/microros_ws/install/microxrcedds_client/lib:/home/abhay/microros_ws/install/complex_msgs/lib:/home/abhay/microros_ws/install/action_msgs/lib:/home/abhay/microros_ws/install/unique_identifier_msgs/lib:/home/abhay/microros_ws/install/microcdr/lib:/home/abhay/microros_ws/install/micro_ros_utilities/lib:/home/abhay/microros_ws/install/micro_ros_msgs/lib:/home/abhay/microros_ws/install/builtin_interfaces/lib:/home/abhay/microros_ws/install/test_msgs/lib:/home/abhay/microros_ws/install/trajectory_msgs/lib:/home/abhay/microros_ws/install/stereo_msgs/lib:/home/abhay/microros_ws/install/std_srvs/lib:/home/abhay/microros_ws/install/shape_msgs/lib:/home/abhay/microros_ws/install/nav_msgs/lib:/home/abhay/microros_ws/install/diagnostic_msgs/lib:/home/abhay/microros_ws/install/actionlib_msgs/lib:/home/abhay/microros_ws/install/statistics_msgs/lib:/home/abhay/microros_ws/install/rosgraph_msgs/lib:/home/abhay/microros_ws/install/composition_interfaces/lib:/home/abhay/microros_ws/install/lifecycle_msgs/lib:/opt/ros/humble/opt/rviz_ogre_vendor/lib:/opt/ros/humble/lib/x86_64-linux-gnu:/opt/ros/humble/lib /usr/bin/cmake --install /home/abhay/microros_ws/build/micro_ros_demos_rclc
