[0.119s] Invoking command in '/home/abhay/microros_ws/build/complex_msgs': AMENT_PREFIX_PATH=/home/abhay/microros_ws/install/builtin_interfaces:${AMENT_PREFIX_PATH} CMAKE_PREFIX_PATH=/home/abhay/microros_ws/install/builtin_interfaces:/home/abhay/microros_ws/install/rosidl_typesupport_microxrcedds_cpp:/home/abhay/microros_ws/install/rosidl_typesupport_microxrcedds_c:/home/abhay/microros_ws/install/microcdr:/home/abhay/microros_ws/install/micro_ros_setup:/home/abhay/ros2_ws/install/py_srvcli:/home/abhay/ros2_ws/install/my_robot_controller:/opt/ros/humble LD_LIBRARY_PATH=/home/abhay/microros_ws/install/builtin_interfaces/lib:${LD_LIBRARY_PATH} PYTHONPATH=/home/abhay/microros_ws/install/builtin_interfaces/local/lib/python3.10/dist-packages:${PYTHONPATH} /usr/bin/cmake /home/abhay/microros_ws/src/uros/micro-ROS-demos/messages/complex_msg -DBUILD_TESTING=OFF -DBUILD_SHARED_LIBS=ON -DCMAKE_INSTALL_PREFIX=/home/abhay/microros_ws/install/complex_msgs
[0.261s] -- The C compiler identification is GNU 11.4.0
[0.408s] -- The CXX compiler identification is GNU 11.4.0
[0.425s] -- Detecting C compiler ABI info
[0.549s] -- Detecting C compiler ABI info - done
[0.557s] -- Check for working C compiler: /usr/bin/cc - skipped
[0.558s] -- Detecting C compile features
[0.560s] -- Detecting C compile features - done
[0.564s] -- Detecting CXX compiler ABI info
[0.686s] -- Detecting CXX compiler ABI info - done
[0.697s] -- Check for working CXX compiler: /usr/bin/c++ - skipped
[0.698s] -- Detecting CXX compile features
[0.698s] -- Detecting CXX compile features - done
[0.702s] -- Found ament_cmake: 1.3.8 (/opt/ros/humble/share/ament_cmake/cmake)
[0.928s] -- Found Python3: /usr/bin/python3 (found version "3.10.12") found components: Interpreter 
[1.029s] -- Found builtin_interfaces: 1.2.1 (/home/abhay/microros_ws/install/builtin_interfaces/share/builtin_interfaces/cmake)
[1.070s] -- Found rosidl_generator_c: 3.1.5 (/opt/ros/humble/share/rosidl_generator_c/cmake)
[1.076s] -- Found rosidl_adapter: 3.1.5 (/opt/ros/humble/share/rosidl_adapter/cmake)
[1.086s] -- Found rosidl_generator_cpp: 3.1.5 (/opt/ros/humble/share/rosidl_generator_cpp/cmake)
[1.103s] -- Using all available rosidl_typesupport_c: rosidl_typesupport_microxrcedds_c;rosidl_typesupport_fastrtps_c;rosidl_typesupport_introspection_c
[1.138s] -- Using all available rosidl_typesupport_cpp: rosidl_typesupport_microxrcedds_cpp;rosidl_typesupport_fastrtps_cpp;rosidl_typesupport_introspection_cpp
[1.170s] -- Found rosidl_default_generators: 1.2.0 (/opt/ros/humble/share/rosidl_default_generators/cmake)
[1.603s] -- Found ament_cmake_ros: 0.10.0 (/opt/ros/humble/share/ament_cmake_ros/cmake)
[2.053s] -- Using all available rosidl_typesupport_c: rosidl_typesupport_microxrcedds_c;rosidl_typesupport_fastrtps_c;rosidl_typesupport_introspection_c
[2.240s] -- Using all available rosidl_typesupport_cpp: rosidl_typesupport_microxrcedds_cpp;rosidl_typesupport_fastrtps_cpp;rosidl_typesupport_introspection_cpp
[2.267s] -- Found PythonInterp: /usr/bin/python3 (found suitable version "3.10.12", minimum required is "3.6") 
[2.270s] -- Found python_cmake_module: 0.10.0 (/opt/ros/humble/share/python_cmake_module/cmake)
[2.301s] -- Found PythonLibs: /usr/lib/x86_64-linux-gnu/libpython3.10.so (found suitable version "3.10.12", minimum required is "3.5") 
[2.302s] -- Using PYTHON_EXECUTABLE: /usr/bin/python3
[2.302s] -- Using PYTHON_INCLUDE_DIRS: /usr/include/python3.10
[2.302s] -- Using PYTHON_LIBRARIES: /usr/lib/x86_64-linux-gnu/libpython3.10.so
[2.323s] -- Found PythonExtra: .so  
[2.383s] -- Configuring done
[2.452s] -- Generating done
[2.457s] -- Build files have been written to: /home/abhay/microros_ws/build/complex_msgs
[2.466s] Invoked command in '/home/abhay/microros_ws/build/complex_msgs' returned '0': AMENT_PREFIX_PATH=/home/abhay/microros_ws/install/builtin_interfaces:${AMENT_PREFIX_PATH} CMAKE_PREFIX_PATH=/home/abhay/microros_ws/install/builtin_interfaces:/home/abhay/microros_ws/install/rosidl_typesupport_microxrcedds_cpp:/home/abhay/microros_ws/install/rosidl_typesupport_microxrcedds_c:/home/abhay/microros_ws/install/microcdr:/home/abhay/microros_ws/install/micro_ros_setup:/home/abhay/ros2_ws/install/py_srvcli:/home/abhay/ros2_ws/install/my_robot_controller:/opt/ros/humble LD_LIBRARY_PATH=/home/abhay/microros_ws/install/builtin_interfaces/lib:${LD_LIBRARY_PATH} PYTHONPATH=/home/abhay/microros_ws/install/builtin_interfaces/local/lib/python3.10/dist-packages:${PYTHONPATH} /usr/bin/cmake /home/abhay/microros_ws/src/uros/micro-ROS-demos/messages/complex_msg -DBUILD_TESTING=OFF -DBUILD_SHARED_LIBS=ON -DCMAKE_INSTALL_PREFIX=/home/abhay/microros_ws/install/complex_msgs
[2.468s] Invoking command in '/home/abhay/microros_ws/build/complex_msgs': AMENT_PREFIX_PATH=/home/abhay/microros_ws/install/builtin_interfaces:${AMENT_PREFIX_PATH} CMAKE_PREFIX_PATH=/home/abhay/microros_ws/install/builtin_interfaces:/home/abhay/microros_ws/install/rosidl_typesupport_microxrcedds_cpp:/home/abhay/microros_ws/install/rosidl_typesupport_microxrcedds_c:/home/abhay/microros_ws/install/microcdr:/home/abhay/microros_ws/install/micro_ros_setup:/home/abhay/ros2_ws/install/py_srvcli:/home/abhay/ros2_ws/install/my_robot_controller:/opt/ros/humble LD_LIBRARY_PATH=/home/abhay/microros_ws/install/builtin_interfaces/lib:${LD_LIBRARY_PATH} PYTHONPATH=/home/abhay/microros_ws/install/builtin_interfaces/local/lib/python3.10/dist-packages:${PYTHONPATH} /usr/bin/cmake --build /home/abhay/microros_ws/build/complex_msgs -- -j16 -l16
[2.545s] [  2%] [34m[1mGenerating C code for ROS interfaces[0m
[2.583s] [  2%] Built target ament_cmake_python_copy_complex_msgs
[2.593s] [  4%] [34m[1mGenerating C++ code for ROS interfaces[0m
[3.034s] running egg_info
[3.035s] creating complex_msgs.egg-info
[3.035s] writing complex_msgs.egg-info/PKG-INFO
[3.035s] writing dependency_links to complex_msgs.egg-info/dependency_links.txt
[3.035s] writing top-level names to complex_msgs.egg-info/top_level.txt
[3.036s] writing manifest file 'complex_msgs.egg-info/SOURCES.txt'
[3.038s] reading manifest file 'complex_msgs.egg-info/SOURCES.txt'
[3.039s] writing manifest file 'complex_msgs.egg-info/SOURCES.txt'
[3.079s] [  4%] Built target ament_cmake_python_build_complex_msgs_egg
[3.188s] [  4%] Built target complex_msgs__cpp
[3.207s] [  6%] [34m[1mGenerating C++ type support for eProsima Fast-RTPS[0m
[3.213s] [  8%] [34m[1mGenerating C++ type support dispatch for ROS interfaces[0m
[3.220s] [ 10%] [32mBuilding C object CMakeFiles/complex_msgs__rosidl_generator_c.dir/rosidl_generator_c/complex_msgs/msg/detail/nested_msg_test__functions.c.o[0m
[3.231s] [ 12%] [32mBuilding C object CMakeFiles/complex_msgs__rosidl_generator_c.dir/rosidl_generator_c/complex_msgs/msg/detail/multi_string_test__functions.c.o[0m
[3.241s] [ 14%] [34m[1mGenerating C++ type support for eProsima Micro XRCE-DDS[0m
[3.266s] [ 16%] [34m[1mGenerating C++ introspection for ROS interfaces[0m
[3.445s] [ 18%] [32m[1mLinking C shared library libcomplex_msgs__rosidl_generator_c.so[0m
[3.606s] [ 18%] Built target complex_msgs__rosidl_generator_c
[3.665s] [ 20%] [34m[1mGenerating C type support for eProsima Fast-RTPS[0m
[3.687s] [ 22%] [34m[1mGenerating C type support for eProsima Micro XRCE-DDS[0m
[3.703s] [ 24%] [34m[1mGenerating C type support dispatch for ROS interfaces[0m
[3.727s] [ 26%] [34m[1mGenerating C introspection for ROS interfaces[0m
[3.913s] [ 28%] [32mBuilding CXX object CMakeFiles/complex_msgs__rosidl_typesupport_fastrtps_cpp.dir/rosidl_typesupport_fastrtps_cpp/complex_msgs/msg/detail/dds_fastrtps/multi_string_test__type_support.cpp.o[0m
[3.933s] [ 30%] [32mBuilding CXX object CMakeFiles/complex_msgs__rosidl_typesupport_fastrtps_cpp.dir/rosidl_typesupport_fastrtps_cpp/complex_msgs/msg/detail/dds_fastrtps/nested_msg_test__type_support.cpp.o[0m
[4.035s] [ 32%] [32mBuilding CXX object CMakeFiles/complex_msgs__rosidl_typesupport_cpp.dir/rosidl_typesupport_cpp/complex_msgs/msg/multi_string_test__type_support.cpp.o[0m
[4.069s] [ 34%] [32mBuilding CXX object CMakeFiles/complex_msgs__rosidl_typesupport_introspection_cpp.dir/rosidl_typesupport_introspection_cpp/complex_msgs/msg/detail/nested_msg_test__type_support.cpp.o[0m
[4.070s] [ 36%] [32mBuilding CXX object CMakeFiles/complex_msgs__rosidl_typesupport_introspection_cpp.dir/rosidl_typesupport_introspection_cpp/complex_msgs/msg/detail/multi_string_test__type_support.cpp.o[0m
[4.125s] [ 38%] [32mBuilding CXX object CMakeFiles/complex_msgs__rosidl_typesupport_cpp.dir/rosidl_typesupport_cpp/complex_msgs/msg/nested_msg_test__type_support.cpp.o[0m
[4.222s] [ 40%] [32mBuilding CXX object CMakeFiles/complex_msgs__rosidl_typesupport_microxrcedds_cpp.dir/rosidl_typesupport_microxrcedds_cpp/complex_msgs/msg/detail/microxrcedds/multi_string_test__type_support_cpp.cpp.o[0m
[4.246s] [ 42%] [32mBuilding CXX object CMakeFiles/complex_msgs__rosidl_typesupport_microxrcedds_cpp.dir/rosidl_typesupport_microxrcedds_cpp/complex_msgs/msg/detail/microxrcedds/nested_msg_test__type_support_cpp.cpp.o[0m
[4.549s] [ 44%] [32mBuilding CXX object CMakeFiles/complex_msgs__rosidl_typesupport_fastrtps_c.dir/rosidl_typesupport_fastrtps_c/complex_msgs/msg/detail/nested_msg_test__type_support_c.cpp.o[0m
[4.554s] [ 46%] [32mBuilding C object CMakeFiles/complex_msgs__rosidl_typesupport_introspection_c.dir/rosidl_typesupport_introspection_c/complex_msgs/msg/detail/multi_string_test__type_support.c.o[0m
[4.556s] [ 48%] [32mBuilding CXX object CMakeFiles/complex_msgs__rosidl_typesupport_fastrtps_c.dir/rosidl_typesupport_fastrtps_c/complex_msgs/msg/detail/multi_string_test__type_support_c.cpp.o[0m
[4.562s] [ 51%] [32mBuilding C object CMakeFiles/complex_msgs__rosidl_typesupport_introspection_c.dir/rosidl_typesupport_introspection_c/complex_msgs/msg/detail/nested_msg_test__type_support.c.o[0m
[4.694s] [ 53%] [32m[1mLinking C shared library libcomplex_msgs__rosidl_typesupport_introspection_c.so[0m
[4.809s] [ 55%] [32mBuilding CXX object CMakeFiles/complex_msgs__rosidl_typesupport_c.dir/rosidl_typesupport_c/complex_msgs/msg/multi_string_test__type_support.cpp.o[0m
[4.833s] [ 57%] [32mBuilding CXX object CMakeFiles/complex_msgs__rosidl_typesupport_c.dir/rosidl_typesupport_c/complex_msgs/msg/nested_msg_test__type_support.cpp.o[0m
[4.845s] [ 57%] Built target complex_msgs__rosidl_typesupport_introspection_c
[4.862s] [ 59%] [32mBuilding C object CMakeFiles/complex_msgs__rosidl_typesupport_microxrcedds_c.dir/rosidl_typesupport_microxrcedds_c/complex_msgs/msg/detail/microxrcedds/multi_string_test__type_support_c.c.o[0m
[4.874s] [ 61%] [32mBuilding C object CMakeFiles/complex_msgs__rosidl_typesupport_microxrcedds_c.dir/rosidl_typesupport_microxrcedds_c/complex_msgs/msg/detail/microxrcedds/nested_msg_test__type_support_c.c.o[0m
[4.969s] [ 63%] [32m[1mLinking CXX shared library libcomplex_msgs__rosidl_typesupport_c.so[0m
[5.143s] [ 65%] [32m[1mLinking C shared library libcomplex_msgs__rosidl_typesupport_microxrcedds_c.so[0m
[5.152s] [ 65%] Built target complex_msgs__rosidl_typesupport_c
[5.266s] [ 67%] [32m[1mLinking CXX shared library libcomplex_msgs__rosidl_typesupport_cpp.so[0m
[5.354s] [ 67%] Built target complex_msgs__rosidl_typesupport_microxrcedds_c
[5.483s] [ 67%] Built target complex_msgs__rosidl_typesupport_cpp
[5.706s] [ 69%] [32m[1mLinking CXX shared library libcomplex_msgs__rosidl_typesupport_microxrcedds_cpp.so[0m
[5.841s] [ 71%] [32m[1mLinking CXX shared library libcomplex_msgs__rosidl_typesupport_fastrtps_cpp.so[0m
[5.933s] [ 73%] [32m[1mLinking CXX shared library libcomplex_msgs__rosidl_typesupport_fastrtps_c.so[0m
[6.050s] [ 73%] Built target complex_msgs__rosidl_typesupport_microxrcedds_cpp
[6.108s] [ 75%] [32m[1mLinking CXX shared library libcomplex_msgs__rosidl_typesupport_introspection_cpp.so[0m
[6.293s] [ 75%] Built target complex_msgs__rosidl_typesupport_fastrtps_cpp
[6.348s] [ 75%] Built target complex_msgs__rosidl_typesupport_fastrtps_c
[6.559s] [ 75%] Built target complex_msgs__rosidl_typesupport_introspection_cpp
[6.701s] [ 75%] Built target complex_msgs
[6.793s] [ 77%] [34m[1mGenerating Python code for ROS interfaces[0m
[7.598s] [ 77%] Built target complex_msgs__py
[7.676s] [ 79%] [32mBuilding C object CMakeFiles/complex_msgs__rosidl_generator_py.dir/rosidl_generator_py/complex_msgs/msg/_multi_string_test_s.c.o[0m
[7.677s] [ 81%] [32mBuilding C object CMakeFiles/complex_msgs__rosidl_generator_py.dir/rosidl_generator_py/complex_msgs/msg/_nested_msg_test_s.c.o[0m
[7.860s] [ 83%] [32m[1mLinking C shared library rosidl_generator_py/complex_msgs/libcomplex_msgs__rosidl_generator_py.so[0m
[7.923s] [ 83%] Built target complex_msgs__rosidl_generator_py
[7.952s] [ 85%] [32mBuilding C object CMakeFiles/complex_msgs__rosidl_typesupport_microxrcedds_c__pyext.dir/rosidl_generator_py/complex_msgs/_complex_msgs_s.ep.rosidl_typesupport_microxrcedds_c.c.o[0m
[7.957s] [ 87%] [32mBuilding C object CMakeFiles/complex_msgs__rosidl_typesupport_fastrtps_c__pyext.dir/rosidl_generator_py/complex_msgs/_complex_msgs_s.ep.rosidl_typesupport_fastrtps_c.c.o[0m
[7.965s] [ 89%] [32mBuilding C object CMakeFiles/complex_msgs__rosidl_typesupport_introspection_c__pyext.dir/rosidl_generator_py/complex_msgs/_complex_msgs_s.ep.rosidl_typesupport_introspection_c.c.o[0m
[8.007s] [ 91%] [32mBuilding C object CMakeFiles/complex_msgs__rosidl_typesupport_c__pyext.dir/rosidl_generator_py/complex_msgs/_complex_msgs_s.ep.rosidl_typesupport_c.c.o[0m
[8.108s] [ 93%] [32m[1mLinking C shared library rosidl_generator_py/complex_msgs/complex_msgs_s__rosidl_typesupport_fastrtps_c.cpython-310-x86_64-linux-gnu.so[0m
[8.110s] [ 95%] [32m[1mLinking C shared library rosidl_generator_py/complex_msgs/complex_msgs_s__rosidl_typesupport_microxrcedds_c.cpython-310-x86_64-linux-gnu.so[0m
[8.118s] [ 97%] [32m[1mLinking C shared library rosidl_generator_py/complex_msgs/complex_msgs_s__rosidl_typesupport_introspection_c.cpython-310-x86_64-linux-gnu.so[0m
[8.159s] [ 97%] Built target complex_msgs__rosidl_typesupport_fastrtps_c__pyext
[8.177s] [ 97%] Built target complex_msgs__rosidl_typesupport_microxrcedds_c__pyext
[8.224s] [100%] [32m[1mLinking C shared library rosidl_generator_py/complex_msgs/complex_msgs_s__rosidl_typesupport_c.cpython-310-x86_64-linux-gnu.so[0m
[8.231s] [100%] Built target complex_msgs__rosidl_typesupport_introspection_c__pyext
[8.269s] [100%] Built target complex_msgs__rosidl_typesupport_c__pyext
[8.284s] Invoked command in '/home/abhay/microros_ws/build/complex_msgs' returned '0': AMENT_PREFIX_PATH=/home/abhay/microros_ws/install/builtin_interfaces:${AMENT_PREFIX_PATH} CMAKE_PREFIX_PATH=/home/abhay/microros_ws/install/builtin_interfaces:/home/abhay/microros_ws/install/rosidl_typesupport_microxrcedds_cpp:/home/abhay/microros_ws/install/rosidl_typesupport_microxrcedds_c:/home/abhay/microros_ws/install/microcdr:/home/abhay/microros_ws/install/micro_ros_setup:/home/abhay/ros2_ws/install/py_srvcli:/home/abhay/ros2_ws/install/my_robot_controller:/opt/ros/humble LD_LIBRARY_PATH=/home/abhay/microros_ws/install/builtin_interfaces/lib:${LD_LIBRARY_PATH} PYTHONPATH=/home/abhay/microros_ws/install/builtin_interfaces/local/lib/python3.10/dist-packages:${PYTHONPATH} /usr/bin/cmake --build /home/abhay/microros_ws/build/complex_msgs -- -j16 -l16
[8.465s] Invoking command in '/home/abhay/microros_ws/build/complex_msgs': AMENT_PREFIX_PATH=/home/abhay/microros_ws/install/builtin_interfaces:${AMENT_PREFIX_PATH} CMAKE_PREFIX_PATH=/home/abhay/microros_ws/install/builtin_interfaces:/home/abhay/microros_ws/install/rosidl_typesupport_microxrcedds_cpp:/home/abhay/microros_ws/install/rosidl_typesupport_microxrcedds_c:/home/abhay/microros_ws/install/microcdr:/home/abhay/microros_ws/install/micro_ros_setup:/home/abhay/ros2_ws/install/py_srvcli:/home/abhay/ros2_ws/install/my_robot_controller:/opt/ros/humble LD_LIBRARY_PATH=/home/abhay/microros_ws/install/builtin_interfaces/lib:${LD_LIBRARY_PATH} PYTHONPATH=/home/abhay/microros_ws/install/builtin_interfaces/local/lib/python3.10/dist-packages:${PYTHONPATH} /usr/bin/cmake --install /home/abhay/microros_ws/build/complex_msgs
[8.480s] -- Install configuration: ""
[8.480s] -- Installing: /home/abhay/microros_ws/install/complex_msgs/share/ament_index/resource_index/rosidl_interfaces/complex_msgs
[8.480s] -- Installing: /home/abhay/microros_ws/install/complex_msgs/include/complex_msgs/complex_msgs
[8.480s] -- Installing: /home/abhay/microros_ws/install/complex_msgs/include/complex_msgs/complex_msgs/msg
[8.481s] -- Installing: /home/abhay/microros_ws/install/complex_msgs/include/complex_msgs/complex_msgs/msg/rosidl_generator_c__visibility_control.h
[8.481s] -- Installing: /home/abhay/microros_ws/install/complex_msgs/include/complex_msgs/complex_msgs/msg/nested_msg_test.h
[8.481s] -- Installing: /home/abhay/microros_ws/install/complex_msgs/include/complex_msgs/complex_msgs/msg/detail
[8.481s] -- Installing: /home/abhay/microros_ws/install/complex_msgs/include/complex_msgs/complex_msgs/msg/detail/nested_msg_test__functions.h
[8.481s] -- Installing: /home/abhay/microros_ws/install/complex_msgs/include/complex_msgs/complex_msgs/msg/detail/nested_msg_test__type_support.h
[8.481s] -- Installing: /home/abhay/microros_ws/install/complex_msgs/include/complex_msgs/complex_msgs/msg/detail/multi_string_test__functions.h
[8.481s] -- Installing: /home/abhay/microros_ws/install/complex_msgs/include/complex_msgs/complex_msgs/msg/detail/nested_msg_test__struct.h
[8.481s] -- Installing: /home/abhay/microros_ws/install/complex_msgs/include/complex_msgs/complex_msgs/msg/detail/multi_string_test__type_support.h
[8.481s] -- Installing: /home/abhay/microros_ws/install/complex_msgs/include/complex_msgs/complex_msgs/msg/detail/multi_string_test__struct.h
[8.481s] -- Installing: /home/abhay/microros_ws/install/complex_msgs/include/complex_msgs/complex_msgs/msg/detail/multi_string_test__functions.c
[8.481s] -- Installing: /home/abhay/microros_ws/install/complex_msgs/include/complex_msgs/complex_msgs/msg/detail/nested_msg_test__functions.c
[8.481s] -- Installing: /home/abhay/microros_ws/install/complex_msgs/include/complex_msgs/complex_msgs/msg/multi_string_test.h
[8.481s] -- Installing: /home/abhay/microros_ws/install/complex_msgs/share/complex_msgs/environment/library_path.sh
[8.481s] -- Installing: /home/abhay/microros_ws/install/complex_msgs/share/complex_msgs/environment/library_path.dsv
[8.481s] -- Installing: /home/abhay/microros_ws/install/complex_msgs/lib/libcomplex_msgs__rosidl_generator_c.so
[8.481s] -- Set runtime path of "/home/abhay/microros_ws/install/complex_msgs/lib/libcomplex_msgs__rosidl_generator_c.so" to ""
[8.482s] -- Up-to-date: /home/abhay/microros_ws/install/complex_msgs/include/complex_msgs/complex_msgs
[8.482s] -- Up-to-date: /home/abhay/microros_ws/install/complex_msgs/include/complex_msgs/complex_msgs/msg
[8.482s] -- Up-to-date: /home/abhay/microros_ws/install/complex_msgs/include/complex_msgs/complex_msgs/msg/detail
[8.482s] -- Installing: /home/abhay/microros_ws/install/complex_msgs/include/complex_msgs/complex_msgs/msg/detail/nested_msg_test__rosidl_typesupport_fastrtps_c.h
[8.482s] -- Installing: /home/abhay/microros_ws/install/complex_msgs/include/complex_msgs/complex_msgs/msg/detail/multi_string_test__rosidl_typesupport_fastrtps_c.h
[8.482s] -- Installing: /home/abhay/microros_ws/install/complex_msgs/include/complex_msgs/complex_msgs/msg/rosidl_typesupport_fastrtps_c__visibility_control.h
[8.482s] -- Installing: /home/abhay/microros_ws/install/complex_msgs/lib/libcomplex_msgs__rosidl_typesupport_fastrtps_c.so
[8.482s] -- Set runtime path of "/home/abhay/microros_ws/install/complex_msgs/lib/libcomplex_msgs__rosidl_typesupport_fastrtps_c.so" to ""
[8.482s] -- Up-to-date: /home/abhay/microros_ws/install/complex_msgs/include/complex_msgs/complex_msgs
[8.482s] -- Up-to-date: /home/abhay/microros_ws/install/complex_msgs/include/complex_msgs/complex_msgs/msg
[8.482s] -- Up-to-date: /home/abhay/microros_ws/install/complex_msgs/include/complex_msgs/complex_msgs/msg/detail
[8.482s] -- Installing: /home/abhay/microros_ws/install/complex_msgs/include/complex_msgs/complex_msgs/msg/detail/multi_string_test__struct.hpp
[8.482s] -- Installing: /home/abhay/microros_ws/install/complex_msgs/include/complex_msgs/complex_msgs/msg/detail/multi_string_test__traits.hpp
[8.482s] -- Installing: /home/abhay/microros_ws/install/complex_msgs/include/complex_msgs/complex_msgs/msg/detail/nested_msg_test__traits.hpp
[8.483s] -- Installing: /home/abhay/microros_ws/install/complex_msgs/include/complex_msgs/complex_msgs/msg/detail/nested_msg_test__builder.hpp
[8.483s] -- Installing: /home/abhay/microros_ws/install/complex_msgs/include/complex_msgs/complex_msgs/msg/detail/nested_msg_test__struct.hpp
[8.483s] -- Installing: /home/abhay/microros_ws/install/complex_msgs/include/complex_msgs/complex_msgs/msg/detail/multi_string_test__builder.hpp
[8.483s] -- Installing: /home/abhay/microros_ws/install/complex_msgs/include/complex_msgs/complex_msgs/msg/multi_string_test.hpp
[8.483s] -- Installing: /home/abhay/microros_ws/install/complex_msgs/include/complex_msgs/complex_msgs/msg/nested_msg_test.hpp
[8.483s] -- Up-to-date: /home/abhay/microros_ws/install/complex_msgs/include/complex_msgs/complex_msgs
[8.483s] -- Up-to-date: /home/abhay/microros_ws/install/complex_msgs/include/complex_msgs/complex_msgs/msg
[8.483s] -- Up-to-date: /home/abhay/microros_ws/install/complex_msgs/include/complex_msgs/complex_msgs/msg/detail
[8.483s] -- Installing: /home/abhay/microros_ws/install/complex_msgs/include/complex_msgs/complex_msgs/msg/detail/nested_msg_test__rosidl_typesupport_fastrtps_cpp.hpp
[8.483s] -- Installing: /home/abhay/microros_ws/install/complex_msgs/include/complex_msgs/complex_msgs/msg/detail/multi_string_test__rosidl_typesupport_fastrtps_cpp.hpp
[8.483s] -- Installing: /home/abhay/microros_ws/install/complex_msgs/include/complex_msgs/complex_msgs/msg/detail/dds_fastrtps
[8.483s] -- Installing: /home/abhay/microros_ws/install/complex_msgs/include/complex_msgs/complex_msgs/msg/rosidl_typesupport_fastrtps_cpp__visibility_control.h
[8.483s] -- Installing: /home/abhay/microros_ws/install/complex_msgs/lib/libcomplex_msgs__rosidl_typesupport_fastrtps_cpp.so
[8.483s] -- Set runtime path of "/home/abhay/microros_ws/install/complex_msgs/lib/libcomplex_msgs__rosidl_typesupport_fastrtps_cpp.so" to ""
[8.484s] -- Up-to-date: /home/abhay/microros_ws/install/complex_msgs/include/complex_msgs
[8.484s] -- Installing: /home/abhay/microros_ws/install/complex_msgs/include/complex_msgs/msg
[8.484s] -- Installing: /home/abhay/microros_ws/install/complex_msgs/include/complex_msgs/msg/detail
[8.484s] -- Installing: /home/abhay/microros_ws/install/complex_msgs/include/complex_msgs/msg/detail/nested_msg_test__rosidl_typesupport_microxrcedds_c.h
[8.484s] -- Installing: /home/abhay/microros_ws/install/complex_msgs/include/complex_msgs/msg/detail/microxrcedds
[8.484s] -- Installing: /home/abhay/microros_ws/install/complex_msgs/include/complex_msgs/msg/detail/multi_string_test__rosidl_typesupport_microxrcedds_c.h
[8.484s] -- Installing: /home/abhay/microros_ws/install/complex_msgs/include/complex_msgs/msg/rosidl_typesupport_microxrcedds_c__visibility_control.h
[8.484s] -- Installing: /home/abhay/microros_ws/install/complex_msgs/lib/libcomplex_msgs__rosidl_typesupport_microxrcedds_c.so
[8.484s] -- Set runtime path of "/home/abhay/microros_ws/install/complex_msgs/lib/libcomplex_msgs__rosidl_typesupport_microxrcedds_c.so" to ""
[8.484s] -- Up-to-date: /home/abhay/microros_ws/install/complex_msgs/include/complex_msgs/complex_msgs
[8.484s] -- Up-to-date: /home/abhay/microros_ws/install/complex_msgs/include/complex_msgs/complex_msgs/msg
[8.484s] -- Up-to-date: /home/abhay/microros_ws/install/complex_msgs/include/complex_msgs/complex_msgs/msg/detail
[8.484s] -- Installing: /home/abhay/microros_ws/install/complex_msgs/include/complex_msgs/complex_msgs/msg/detail/nested_msg_test__rosidl_typesupport_introspection_c.h
[8.484s] -- Installing: /home/abhay/microros_ws/install/complex_msgs/include/complex_msgs/complex_msgs/msg/detail/multi_string_test__type_support.c
[8.485s] -- Installing: /home/abhay/microros_ws/install/complex_msgs/include/complex_msgs/complex_msgs/msg/detail/multi_string_test__rosidl_typesupport_introspection_c.h
[8.485s] -- Installing: /home/abhay/microros_ws/install/complex_msgs/include/complex_msgs/complex_msgs/msg/detail/nested_msg_test__type_support.c
[8.485s] -- Installing: /home/abhay/microros_ws/install/complex_msgs/include/complex_msgs/complex_msgs/msg/rosidl_typesupport_introspection_c__visibility_control.h
[8.485s] -- Installing: /home/abhay/microros_ws/install/complex_msgs/lib/libcomplex_msgs__rosidl_typesupport_introspection_c.so
[8.485s] -- Set runtime path of "/home/abhay/microros_ws/install/complex_msgs/lib/libcomplex_msgs__rosidl_typesupport_introspection_c.so" to ""
[8.485s] -- Installing: /home/abhay/microros_ws/install/complex_msgs/lib/libcomplex_msgs__rosidl_typesupport_c.so
[8.485s] -- Set runtime path of "/home/abhay/microros_ws/install/complex_msgs/lib/libcomplex_msgs__rosidl_typesupport_c.so" to ""
[8.485s] -- Up-to-date: /home/abhay/microros_ws/install/complex_msgs/include/complex_msgs
[8.485s] -- Up-to-date: /home/abhay/microros_ws/install/complex_msgs/include/complex_msgs/msg
[8.485s] -- Up-to-date: /home/abhay/microros_ws/install/complex_msgs/include/complex_msgs/msg/detail
[8.485s] -- Up-to-date: /home/abhay/microros_ws/install/complex_msgs/include/complex_msgs/msg/detail/microxrcedds
[8.485s] -- Installing: /home/abhay/microros_ws/install/complex_msgs/include/complex_msgs/msg/detail/microxrcedds/multi_string_test__type_support_cpp.cpp
[8.485s] -- Installing: /home/abhay/microros_ws/install/complex_msgs/include/complex_msgs/msg/detail/microxrcedds/nested_msg_test__type_support_cpp.cpp
[8.486s] -- Installing: /home/abhay/microros_ws/install/complex_msgs/include/complex_msgs/msg/detail/multi_string_test__rosidl_typesupport_microxrcedds_cpp.hpp
[8.486s] -- Installing: /home/abhay/microros_ws/install/complex_msgs/include/complex_msgs/msg/detail/nested_msg_test__rosidl_typesupport_microxrcedds_cpp.hpp
[8.486s] -- Installing: /home/abhay/microros_ws/install/complex_msgs/include/complex_msgs/msg/rosidl_typesupport_microxrcedds_cpp__visibility_control.h
[8.486s] -- Installing: /home/abhay/microros_ws/install/complex_msgs/lib/libcomplex_msgs__rosidl_typesupport_microxrcedds_cpp.so
[8.486s] -- Set runtime path of "/home/abhay/microros_ws/install/complex_msgs/lib/libcomplex_msgs__rosidl_typesupport_microxrcedds_cpp.so" to ""
[8.486s] -- Up-to-date: /home/abhay/microros_ws/install/complex_msgs/include/complex_msgs/complex_msgs
[8.486s] -- Up-to-date: /home/abhay/microros_ws/install/complex_msgs/include/complex_msgs/complex_msgs/msg
[8.486s] -- Up-to-date: /home/abhay/microros_ws/install/complex_msgs/include/complex_msgs/complex_msgs/msg/detail
[8.486s] -- Installing: /home/abhay/microros_ws/install/complex_msgs/include/complex_msgs/complex_msgs/msg/detail/nested_msg_test__type_support.cpp
[8.486s] -- Installing: /home/abhay/microros_ws/install/complex_msgs/include/complex_msgs/complex_msgs/msg/detail/multi_string_test__rosidl_typesupport_introspection_cpp.hpp
[8.486s] -- Installing: /home/abhay/microros_ws/install/complex_msgs/include/complex_msgs/complex_msgs/msg/detail/nested_msg_test__rosidl_typesupport_introspection_cpp.hpp
[8.486s] -- Installing: /home/abhay/microros_ws/install/complex_msgs/include/complex_msgs/complex_msgs/msg/detail/multi_string_test__type_support.cpp
[8.487s] -- Installing: /home/abhay/microros_ws/install/complex_msgs/lib/libcomplex_msgs__rosidl_typesupport_introspection_cpp.so
[8.487s] -- Set runtime path of "/home/abhay/microros_ws/install/complex_msgs/lib/libcomplex_msgs__rosidl_typesupport_introspection_cpp.so" to ""
[8.487s] -- Installing: /home/abhay/microros_ws/install/complex_msgs/lib/libcomplex_msgs__rosidl_typesupport_cpp.so
[8.487s] -- Set runtime path of "/home/abhay/microros_ws/install/complex_msgs/lib/libcomplex_msgs__rosidl_typesupport_cpp.so" to ""
[8.487s] -- Installing: /home/abhay/microros_ws/install/complex_msgs/share/complex_msgs/environment/pythonpath.sh
[8.487s] -- Installing: /home/abhay/microros_ws/install/complex_msgs/share/complex_msgs/environment/pythonpath.dsv
[8.488s] -- Installing: /home/abhay/microros_ws/install/complex_msgs/local/lib/python3.10/dist-packages/complex_msgs-3.0.1-py3.10.egg-info
[8.488s] -- Installing: /home/abhay/microros_ws/install/complex_msgs/local/lib/python3.10/dist-packages/complex_msgs-3.0.1-py3.10.egg-info/top_level.txt
[8.488s] -- Installing: /home/abhay/microros_ws/install/complex_msgs/local/lib/python3.10/dist-packages/complex_msgs-3.0.1-py3.10.egg-info/SOURCES.txt
[8.488s] -- Installing: /home/abhay/microros_ws/install/complex_msgs/local/lib/python3.10/dist-packages/complex_msgs-3.0.1-py3.10.egg-info/dependency_links.txt
[8.488s] -- Installing: /home/abhay/microros_ws/install/complex_msgs/local/lib/python3.10/dist-packages/complex_msgs-3.0.1-py3.10.egg-info/PKG-INFO
[8.489s] -- Installing: /home/abhay/microros_ws/install/complex_msgs/local/lib/python3.10/dist-packages/complex_msgs
[8.489s] -- Installing: /home/abhay/microros_ws/install/complex_msgs/local/lib/python3.10/dist-packages/complex_msgs/_complex_msgs_s.ep.rosidl_typesupport_c.c
[8.489s] -- Installing: /home/abhay/microros_ws/install/complex_msgs/local/lib/python3.10/dist-packages/complex_msgs/msg
[8.490s] -- Installing: /home/abhay/microros_ws/install/complex_msgs/local/lib/python3.10/dist-packages/complex_msgs/msg/_nested_msg_test.py
[8.490s] -- Installing: /home/abhay/microros_ws/install/complex_msgs/local/lib/python3.10/dist-packages/complex_msgs/msg/_nested_msg_test_s.c
[8.490s] -- Installing: /home/abhay/microros_ws/install/complex_msgs/local/lib/python3.10/dist-packages/complex_msgs/msg/_multi_string_test.py
[8.490s] -- Installing: /home/abhay/microros_ws/install/complex_msgs/local/lib/python3.10/dist-packages/complex_msgs/msg/_multi_string_test_s.c
[8.490s] -- Installing: /home/abhay/microros_ws/install/complex_msgs/local/lib/python3.10/dist-packages/complex_msgs/msg/__init__.py
[8.490s] -- Installing: /home/abhay/microros_ws/install/complex_msgs/local/lib/python3.10/dist-packages/complex_msgs/complex_msgs_s__rosidl_typesupport_introspection_c.cpython-310-x86_64-linux-gnu.so
[8.490s] -- Installing: /home/abhay/microros_ws/install/complex_msgs/local/lib/python3.10/dist-packages/complex_msgs/_complex_msgs_s.ep.rosidl_typesupport_microxrcedds_c.c
[8.490s] -- Installing: /home/abhay/microros_ws/install/complex_msgs/local/lib/python3.10/dist-packages/complex_msgs/complex_msgs_s__rosidl_typesupport_microxrcedds_c.cpython-310-x86_64-linux-gnu.so
[8.490s] -- Installing: /home/abhay/microros_ws/install/complex_msgs/local/lib/python3.10/dist-packages/complex_msgs/libcomplex_msgs__rosidl_generator_py.so
[8.490s] -- Installing: /home/abhay/microros_ws/install/complex_msgs/local/lib/python3.10/dist-packages/complex_msgs/complex_msgs_s__rosidl_typesupport_c.cpython-310-x86_64-linux-gnu.so
[8.490s] -- Installing: /home/abhay/microros_ws/install/complex_msgs/local/lib/python3.10/dist-packages/complex_msgs/__init__.py
[8.491s] -- Installing: /home/abhay/microros_ws/install/complex_msgs/local/lib/python3.10/dist-packages/complex_msgs/_complex_msgs_s.ep.rosidl_typesupport_introspection_c.c
[8.491s] -- Installing: /home/abhay/microros_ws/install/complex_msgs/local/lib/python3.10/dist-packages/complex_msgs/_complex_msgs_s.ep.rosidl_typesupport_fastrtps_c.c
[8.491s] -- Installing: /home/abhay/microros_ws/install/complex_msgs/local/lib/python3.10/dist-packages/complex_msgs/complex_msgs_s__rosidl_typesupport_fastrtps_c.cpython-310-x86_64-linux-gnu.so
[8.548s] Listing '/home/abhay/microros_ws/install/complex_msgs/local/lib/python3.10/dist-packages/complex_msgs'...
[8.548s] Compiling '/home/abhay/microros_ws/install/complex_msgs/local/lib/python3.10/dist-packages/complex_msgs/__init__.py'...
[8.548s] Listing '/home/abhay/microros_ws/install/complex_msgs/local/lib/python3.10/dist-packages/complex_msgs/msg'...
[8.548s] Compiling '/home/abhay/microros_ws/install/complex_msgs/local/lib/python3.10/dist-packages/complex_msgs/msg/__init__.py'...
[8.548s] Compiling '/home/abhay/microros_ws/install/complex_msgs/local/lib/python3.10/dist-packages/complex_msgs/msg/_multi_string_test.py'...
[8.548s] Compiling '/home/abhay/microros_ws/install/complex_msgs/local/lib/python3.10/dist-packages/complex_msgs/msg/_nested_msg_test.py'...
[8.555s] -- Installing: /home/abhay/microros_ws/install/complex_msgs/local/lib/python3.10/dist-packages/complex_msgs/complex_msgs_s__rosidl_typesupport_microxrcedds_c.cpython-310-x86_64-linux-gnu.so
[8.555s] -- Set runtime path of "/home/abhay/microros_ws/install/complex_msgs/local/lib/python3.10/dist-packages/complex_msgs/complex_msgs_s__rosidl_typesupport_microxrcedds_c.cpython-310-x86_64-linux-gnu.so" to ""
[8.556s] -- Installing: /home/abhay/microros_ws/install/complex_msgs/local/lib/python3.10/dist-packages/complex_msgs/complex_msgs_s__rosidl_typesupport_fastrtps_c.cpython-310-x86_64-linux-gnu.so
[8.556s] -- Set runtime path of "/home/abhay/microros_ws/install/complex_msgs/local/lib/python3.10/dist-packages/complex_msgs/complex_msgs_s__rosidl_typesupport_fastrtps_c.cpython-310-x86_64-linux-gnu.so" to ""
[8.557s] -- Installing: /home/abhay/microros_ws/install/complex_msgs/local/lib/python3.10/dist-packages/complex_msgs/complex_msgs_s__rosidl_typesupport_introspection_c.cpython-310-x86_64-linux-gnu.so
[8.557s] -- Set runtime path of "/home/abhay/microros_ws/install/complex_msgs/local/lib/python3.10/dist-packages/complex_msgs/complex_msgs_s__rosidl_typesupport_introspection_c.cpython-310-x86_64-linux-gnu.so" to ""
[8.558s] -- Installing: /home/abhay/microros_ws/install/complex_msgs/local/lib/python3.10/dist-packages/complex_msgs/complex_msgs_s__rosidl_typesupport_c.cpython-310-x86_64-linux-gnu.so
[8.558s] -- Set runtime path of "/home/abhay/microros_ws/install/complex_msgs/local/lib/python3.10/dist-packages/complex_msgs/complex_msgs_s__rosidl_typesupport_c.cpython-310-x86_64-linux-gnu.so" to ""
[8.558s] -- Installing: /home/abhay/microros_ws/install/complex_msgs/lib/libcomplex_msgs__rosidl_generator_py.so
[8.558s] -- Set runtime path of "/home/abhay/microros_ws/install/complex_msgs/lib/libcomplex_msgs__rosidl_generator_py.so" to ""
[8.559s] -- Installing: /home/abhay/microros_ws/install/complex_msgs/share/complex_msgs/msg/MultiStringTest.idl
[8.559s] -- Installing: /home/abhay/microros_ws/install/complex_msgs/share/complex_msgs/msg/NestedMsgTest.idl
[8.559s] -- Installing: /home/abhay/microros_ws/install/complex_msgs/share/complex_msgs/msg/MultiStringTest.msg
[8.559s] -- Installing: /home/abhay/microros_ws/install/complex_msgs/share/complex_msgs/msg/NestedMsgTest.msg
[8.559s] -- Installing: /home/abhay/microros_ws/install/complex_msgs/share/ament_index/resource_index/package_run_dependencies/complex_msgs
[8.559s] -- Installing: /home/abhay/microros_ws/install/complex_msgs/share/ament_index/resource_index/parent_prefix_path/complex_msgs
[8.559s] -- Installing: /home/abhay/microros_ws/install/complex_msgs/share/complex_msgs/environment/ament_prefix_path.sh
[8.560s] -- Installing: /home/abhay/microros_ws/install/complex_msgs/share/complex_msgs/environment/ament_prefix_path.dsv
[8.560s] -- Installing: /home/abhay/microros_ws/install/complex_msgs/share/complex_msgs/environment/path.sh
[8.560s] -- Installing: /home/abhay/microros_ws/install/complex_msgs/share/complex_msgs/environment/path.dsv
[8.560s] -- Installing: /home/abhay/microros_ws/install/complex_msgs/share/complex_msgs/local_setup.bash
[8.560s] -- Installing: /home/abhay/microros_ws/install/complex_msgs/share/complex_msgs/local_setup.sh
[8.560s] -- Installing: /home/abhay/microros_ws/install/complex_msgs/share/complex_msgs/local_setup.zsh
[8.560s] -- Installing: /home/abhay/microros_ws/install/complex_msgs/share/complex_msgs/local_setup.dsv
[8.560s] -- Installing: /home/abhay/microros_ws/install/complex_msgs/share/complex_msgs/package.dsv
[8.561s] -- Installing: /home/abhay/microros_ws/install/complex_msgs/share/ament_index/resource_index/packages/complex_msgs
[8.561s] -- Installing: /home/abhay/microros_ws/install/complex_msgs/share/complex_msgs/cmake/export_complex_msgs__rosidl_generator_cExport.cmake
[8.561s] -- Installing: /home/abhay/microros_ws/install/complex_msgs/share/complex_msgs/cmake/export_complex_msgs__rosidl_generator_cExport-noconfig.cmake
[8.562s] -- Installing: /home/abhay/microros_ws/install/complex_msgs/share/complex_msgs/cmake/export_complex_msgs__rosidl_typesupport_fastrtps_cExport.cmake
[8.562s] -- Installing: /home/abhay/microros_ws/install/complex_msgs/share/complex_msgs/cmake/export_complex_msgs__rosidl_typesupport_fastrtps_cExport-noconfig.cmake
[8.562s] -- Installing: /home/abhay/microros_ws/install/complex_msgs/share/complex_msgs/cmake/export_complex_msgs__rosidl_generator_cppExport.cmake
[8.562s] -- Installing: /home/abhay/microros_ws/install/complex_msgs/share/complex_msgs/cmake/export_complex_msgs__rosidl_typesupport_fastrtps_cppExport.cmake
[8.563s] -- Installing: /home/abhay/microros_ws/install/complex_msgs/share/complex_msgs/cmake/export_complex_msgs__rosidl_typesupport_fastrtps_cppExport-noconfig.cmake
[8.563s] -- Installing: /home/abhay/microros_ws/install/complex_msgs/share/complex_msgs/cmake/complex_msgs__rosidl_typesupport_introspection_cExport.cmake
[8.563s] -- Installing: /home/abhay/microros_ws/install/complex_msgs/share/complex_msgs/cmake/complex_msgs__rosidl_typesupport_introspection_cExport-noconfig.cmake
[8.563s] -- Installing: /home/abhay/microros_ws/install/complex_msgs/share/complex_msgs/cmake/complex_msgs__rosidl_typesupport_cExport.cmake
[8.564s] -- Installing: /home/abhay/microros_ws/install/complex_msgs/share/complex_msgs/cmake/complex_msgs__rosidl_typesupport_cExport-noconfig.cmake
[8.564s] -- Installing: /home/abhay/microros_ws/install/complex_msgs/share/complex_msgs/cmake/complex_msgs__rosidl_typesupport_introspection_cppExport.cmake
[8.564s] -- Installing: /home/abhay/microros_ws/install/complex_msgs/share/complex_msgs/cmake/complex_msgs__rosidl_typesupport_introspection_cppExport-noconfig.cmake
[8.564s] -- Installing: /home/abhay/microros_ws/install/complex_msgs/share/complex_msgs/cmake/complex_msgs__rosidl_typesupport_cppExport.cmake
[8.565s] -- Installing: /home/abhay/microros_ws/install/complex_msgs/share/complex_msgs/cmake/complex_msgs__rosidl_typesupport_cppExport-noconfig.cmake
[8.566s] -- Installing: /home/abhay/microros_ws/install/complex_msgs/share/complex_msgs/cmake/export_complex_msgs__rosidl_generator_pyExport.cmake
[8.566s] -- Installing: /home/abhay/microros_ws/install/complex_msgs/share/complex_msgs/cmake/export_complex_msgs__rosidl_generator_pyExport-noconfig.cmake
[8.566s] -- Installing: /home/abhay/microros_ws/install/complex_msgs/share/complex_msgs/cmake/rosidl_cmake-extras.cmake
[8.566s] -- Installing: /home/abhay/microros_ws/install/complex_msgs/share/complex_msgs/cmake/ament_cmake_export_dependencies-extras.cmake
[8.566s] -- Installing: /home/abhay/microros_ws/install/complex_msgs/share/complex_msgs/cmake/ament_cmake_export_include_directories-extras.cmake
[8.566s] -- Installing: /home/abhay/microros_ws/install/complex_msgs/share/complex_msgs/cmake/ament_cmake_export_libraries-extras.cmake
[8.566s] -- Installing: /home/abhay/microros_ws/install/complex_msgs/share/complex_msgs/cmake/ament_cmake_export_targets-extras.cmake
[8.566s] -- Installing: /home/abhay/microros_ws/install/complex_msgs/share/complex_msgs/cmake/rosidl_cmake_export_typesupport_targets-extras.cmake
[8.566s] -- Installing: /home/abhay/microros_ws/install/complex_msgs/share/complex_msgs/cmake/rosidl_cmake_export_typesupport_libraries-extras.cmake
[8.566s] -- Installing: /home/abhay/microros_ws/install/complex_msgs/share/complex_msgs/cmake/complex_msgsConfig.cmake
[8.567s] -- Installing: /home/abhay/microros_ws/install/complex_msgs/share/complex_msgs/cmake/complex_msgsConfig-version.cmake
[8.567s] -- Installing: /home/abhay/microros_ws/install/complex_msgs/share/complex_msgs/package.xml
[8.580s] Invoked command in '/home/abhay/microros_ws/build/complex_msgs' returned '0': AMENT_PREFIX_PATH=/home/abhay/microros_ws/install/builtin_interfaces:${AMENT_PREFIX_PATH} CMAKE_PREFIX_PATH=/home/abhay/microros_ws/install/builtin_interfaces:/home/abhay/microros_ws/install/rosidl_typesupport_microxrcedds_cpp:/home/abhay/microros_ws/install/rosidl_typesupport_microxrcedds_c:/home/abhay/microros_ws/install/microcdr:/home/abhay/microros_ws/install/micro_ros_setup:/home/abhay/ros2_ws/install/py_srvcli:/home/abhay/ros2_ws/install/my_robot_controller:/opt/ros/humble LD_LIBRARY_PATH=/home/abhay/microros_ws/install/builtin_interfaces/lib:${LD_LIBRARY_PATH} PYTHONPATH=/home/abhay/microros_ws/install/builtin_interfaces/local/lib/python3.10/dist-packages:${PYTHONPATH} /usr/bin/cmake --install /home/abhay/microros_ws/build/complex_msgs
