[0.031s] Invoking command in '/home/abhay/microros_ws/build/unique_identifier_msgs': CMAKE_PREFIX_PATH=${CMAKE_PREFIX_PATH}:/home/abhay/microros_ws/install/sensor_msgs_py:/home/abhay/ros2_ws/install/py_srvcli:/home/abhay/ros2_ws/install/my_robot_controller:/opt/ros/humble /usr/bin/cmake --build /home/abhay/microros_ws/build/unique_identifier_msgs -- -j16 -l16
[0.075s] [35m[1mConsolidate compiler generated dependencies of target unique_identifier_msgs__rosidl_generator_c[0m
[0.086s] [  2%] Built target unique_identifier_msgs__cpp
[0.090s] [ 10%] Built target unique_identifier_msgs__rosidl_generator_c
[0.106s] [35m[1mConsolidate compiler generated dependencies of target unique_identifier_msgs__rosidl_typesupport_fastrtps_cpp[0m
[0.106s] [ 10%] Built target ament_cmake_python_copy_unique_identifier_msgs
[0.107s] [35m[1mConsolidate compiler generated dependencies of target unique_identifier_msgs__rosidl_typesupport_cpp[0m
[0.108s] [35m[1mConsolidate compiler generated dependencies of target unique_identifier_msgs__rosidl_typesupport_microxrcedds_cpp[0m
[0.109s] [35m[1mConsolidate compiler generated dependencies of target unique_identifier_msgs__rosidl_typesupport_introspection_cpp[0m
[0.124s] [35m[1mConsolidate compiler generated dependencies of target unique_identifier_msgs__rosidl_typesupport_microxrcedds_c[0m
[0.124s] [35m[1mConsolidate compiler generated dependencies of target unique_identifier_msgs__rosidl_typesupport_fastrtps_c[0m
[0.140s] [35m[1mConsolidate compiler generated dependencies of target unique_identifier_msgs__rosidl_typesupport_introspection_c[0m
[0.148s] [ 17%] Built target unique_identifier_msgs__rosidl_typesupport_introspection_cpp
[0.149s] [ 25%] Built target unique_identifier_msgs__rosidl_typesupport_cpp
[0.150s] [ 33%] Built target unique_identifier_msgs__rosidl_typesupport_fastrtps_cpp
[0.165s] [ 41%] Built target unique_identifier_msgs__rosidl_typesupport_microxrcedds_cpp
[0.167s] [ 48%] Built target unique_identifier_msgs__rosidl_typesupport_microxrcedds_c
[0.169s] [ 56%] Built target unique_identifier_msgs__rosidl_typesupport_introspection_c
[0.175s] [35m[1mConsolidate compiler generated dependencies of target unique_identifier_msgs__rosidl_typesupport_c[0m
[0.179s] [ 64%] Built target unique_identifier_msgs__rosidl_typesupport_fastrtps_c
[0.200s] [ 71%] Built target unique_identifier_msgs__rosidl_typesupport_c
[0.259s] [ 71%] Built target unique_identifier_msgs
[0.266s] [ 74%] Built target unique_identifier_msgs__py
[0.284s] [35m[1mConsolidate compiler generated dependencies of target unique_identifier_msgs__rosidl_generator_py[0m
[0.304s] [ 79%] Built target unique_identifier_msgs__rosidl_generator_py
[0.322s] [35m[1mConsolidate compiler generated dependencies of target unique_identifier_msgs__rosidl_typesupport_microxrcedds_c__pyext[0m
[0.331s] [35m[1mConsolidate compiler generated dependencies of target unique_identifier_msgs__rosidl_typesupport_fastrtps_c__pyext[0m
[0.331s] [35m[1mConsolidate compiler generated dependencies of target unique_identifier_msgs__rosidl_typesupport_c__pyext[0m
[0.332s] [35m[1mConsolidate compiler generated dependencies of target unique_identifier_msgs__rosidl_typesupport_introspection_c__pyext[0m
[0.342s] [ 84%] Built target unique_identifier_msgs__rosidl_typesupport_microxrcedds_c__pyext
[0.359s] [ 89%] Built target unique_identifier_msgs__rosidl_typesupport_fastrtps_c__pyext
[0.364s] [ 94%] Built target unique_identifier_msgs__rosidl_typesupport_c__pyext
[0.368s] [100%] Built target unique_identifier_msgs__rosidl_typesupport_introspection_c__pyext
[0.576s] running egg_info
[0.577s] writing unique_identifier_msgs.egg-info/PKG-INFO
[0.578s] writing dependency_links to unique_identifier_msgs.egg-info/dependency_links.txt
[0.578s] writing top-level names to unique_identifier_msgs.egg-info/top_level.txt
[0.589s] reading manifest file 'unique_identifier_msgs.egg-info/SOURCES.txt'
[0.590s] writing manifest file 'unique_identifier_msgs.egg-info/SOURCES.txt'
[0.611s] [100%] Built target ament_cmake_python_build_unique_identifier_msgs_egg
[0.624s] Invoked command in '/home/abhay/microros_ws/build/unique_identifier_msgs' returned '0': CMAKE_PREFIX_PATH=${CMAKE_PREFIX_PATH}:/home/abhay/microros_ws/install/sensor_msgs_py:/home/abhay/ros2_ws/install/py_srvcli:/home/abhay/ros2_ws/install/my_robot_controller:/opt/ros/humble /usr/bin/cmake --build /home/abhay/microros_ws/build/unique_identifier_msgs -- -j16 -l16
[0.720s] Invoking command in '/home/abhay/microros_ws/build/unique_identifier_msgs': CMAKE_PREFIX_PATH=${CMAKE_PREFIX_PATH}:/home/abhay/microros_ws/install/sensor_msgs_py:/home/abhay/ros2_ws/install/py_srvcli:/home/abhay/ros2_ws/install/my_robot_controller:/opt/ros/humble /usr/bin/cmake --install /home/abhay/microros_ws/build/unique_identifier_msgs
[0.733s] -- Install configuration: ""
[0.733s] -- Up-to-date: /home/abhay/microros_ws/install/unique_identifier_msgs/share/ament_index/resource_index/rosidl_interfaces/unique_identifier_msgs
[0.733s] -- Up-to-date: /home/abhay/microros_ws/install/unique_identifier_msgs/include/unique_identifier_msgs/unique_identifier_msgs
[0.733s] -- Up-to-date: /home/abhay/microros_ws/install/unique_identifier_msgs/include/unique_identifier_msgs/unique_identifier_msgs/msg
[0.733s] -- Up-to-date: /home/abhay/microros_ws/install/unique_identifier_msgs/include/unique_identifier_msgs/unique_identifier_msgs/msg/rosidl_generator_c__visibility_control.h
[0.733s] -- Up-to-date: /home/abhay/microros_ws/install/unique_identifier_msgs/include/unique_identifier_msgs/unique_identifier_msgs/msg/uuid.h
[0.733s] -- Up-to-date: /home/abhay/microros_ws/install/unique_identifier_msgs/include/unique_identifier_msgs/unique_identifier_msgs/msg/detail
[0.733s] -- Up-to-date: /home/abhay/microros_ws/install/unique_identifier_msgs/include/unique_identifier_msgs/unique_identifier_msgs/msg/detail/uuid__type_support.h
[0.734s] -- Up-to-date: /home/abhay/microros_ws/install/unique_identifier_msgs/include/unique_identifier_msgs/unique_identifier_msgs/msg/detail/uuid__functions.h
[0.734s] -- Up-to-date: /home/abhay/microros_ws/install/unique_identifier_msgs/include/unique_identifier_msgs/unique_identifier_msgs/msg/detail/uuid__functions.c
[0.734s] -- Up-to-date: /home/abhay/microros_ws/install/unique_identifier_msgs/include/unique_identifier_msgs/unique_identifier_msgs/msg/detail/uuid__struct.h
[0.734s] -- Up-to-date: /home/abhay/microros_ws/install/unique_identifier_msgs/share/unique_identifier_msgs/environment/library_path.sh
[0.734s] -- Up-to-date: /home/abhay/microros_ws/install/unique_identifier_msgs/share/unique_identifier_msgs/environment/library_path.dsv
[0.734s] -- Up-to-date: /home/abhay/microros_ws/install/unique_identifier_msgs/lib/libunique_identifier_msgs__rosidl_generator_c.so
[0.734s] -- Up-to-date: /home/abhay/microros_ws/install/unique_identifier_msgs/include/unique_identifier_msgs
[0.734s] -- Up-to-date: /home/abhay/microros_ws/install/unique_identifier_msgs/include/unique_identifier_msgs/msg
[0.734s] -- Up-to-date: /home/abhay/microros_ws/install/unique_identifier_msgs/include/unique_identifier_msgs/msg/detail
[0.734s] -- Up-to-date: /home/abhay/microros_ws/install/unique_identifier_msgs/include/unique_identifier_msgs/msg/detail/uuid__rosidl_typesupport_microxrcedds_c.h
[0.735s] -- Up-to-date: /home/abhay/microros_ws/install/unique_identifier_msgs/include/unique_identifier_msgs/msg/detail/microxrcedds
[0.735s] -- Up-to-date: /home/abhay/microros_ws/install/unique_identifier_msgs/include/unique_identifier_msgs/msg/rosidl_typesupport_microxrcedds_c__visibility_control.h
[0.735s] -- Up-to-date: /home/abhay/microros_ws/install/unique_identifier_msgs/lib/libunique_identifier_msgs__rosidl_typesupport_microxrcedds_c.so
[0.735s] -- Up-to-date: /home/abhay/microros_ws/install/unique_identifier_msgs/include/unique_identifier_msgs/unique_identifier_msgs
[0.735s] -- Up-to-date: /home/abhay/microros_ws/install/unique_identifier_msgs/include/unique_identifier_msgs/unique_identifier_msgs/msg
[0.735s] -- Up-to-date: /home/abhay/microros_ws/install/unique_identifier_msgs/include/unique_identifier_msgs/unique_identifier_msgs/msg/detail
[0.735s] -- Up-to-date: /home/abhay/microros_ws/install/unique_identifier_msgs/include/unique_identifier_msgs/unique_identifier_msgs/msg/detail/uuid__rosidl_typesupport_fastrtps_c.h
[0.735s] -- Up-to-date: /home/abhay/microros_ws/install/unique_identifier_msgs/include/unique_identifier_msgs/unique_identifier_msgs/msg/rosidl_typesupport_fastrtps_c__visibility_control.h
[0.735s] -- Up-to-date: /home/abhay/microros_ws/install/unique_identifier_msgs/lib/libunique_identifier_msgs__rosidl_typesupport_fastrtps_c.so
[0.735s] -- Up-to-date: /home/abhay/microros_ws/install/unique_identifier_msgs/include/unique_identifier_msgs/unique_identifier_msgs
[0.735s] -- Up-to-date: /home/abhay/microros_ws/install/unique_identifier_msgs/include/unique_identifier_msgs/unique_identifier_msgs/msg
[0.736s] -- Up-to-date: /home/abhay/microros_ws/install/unique_identifier_msgs/include/unique_identifier_msgs/unique_identifier_msgs/msg/detail
[0.736s] -- Up-to-date: /home/abhay/microros_ws/install/unique_identifier_msgs/include/unique_identifier_msgs/unique_identifier_msgs/msg/detail/uuid__rosidl_typesupport_introspection_c.h
[0.736s] -- Up-to-date: /home/abhay/microros_ws/install/unique_identifier_msgs/include/unique_identifier_msgs/unique_identifier_msgs/msg/detail/uuid__type_support.c
[0.736s] -- Up-to-date: /home/abhay/microros_ws/install/unique_identifier_msgs/include/unique_identifier_msgs/unique_identifier_msgs/msg/rosidl_typesupport_introspection_c__visibility_control.h
[0.736s] -- Up-to-date: /home/abhay/microros_ws/install/unique_identifier_msgs/lib/libunique_identifier_msgs__rosidl_typesupport_introspection_c.so
[0.736s] -- Up-to-date: /home/abhay/microros_ws/install/unique_identifier_msgs/lib/libunique_identifier_msgs__rosidl_typesupport_c.so
[0.736s] -- Up-to-date: /home/abhay/microros_ws/install/unique_identifier_msgs/include/unique_identifier_msgs/unique_identifier_msgs
[0.736s] -- Up-to-date: /home/abhay/microros_ws/install/unique_identifier_msgs/include/unique_identifier_msgs/unique_identifier_msgs/msg
[0.736s] -- Up-to-date: /home/abhay/microros_ws/install/unique_identifier_msgs/include/unique_identifier_msgs/unique_identifier_msgs/msg/detail
[0.738s] -- Up-to-date: /home/abhay/microros_ws/install/unique_identifier_msgs/include/unique_identifier_msgs/unique_identifier_msgs/msg/detail/uuid__builder.hpp
[0.738s] -- Up-to-date: /home/abhay/microros_ws/install/unique_identifier_msgs/include/unique_identifier_msgs/unique_identifier_msgs/msg/detail/uuid__struct.hpp
[0.738s] -- Up-to-date: /home/abhay/microros_ws/install/unique_identifier_msgs/include/unique_identifier_msgs/unique_identifier_msgs/msg/detail/uuid__traits.hpp
[0.738s] -- Up-to-date: /home/abhay/microros_ws/install/unique_identifier_msgs/include/unique_identifier_msgs/unique_identifier_msgs/msg/uuid.hpp
[0.738s] -- Up-to-date: /home/abhay/microros_ws/install/unique_identifier_msgs/include/unique_identifier_msgs
[0.738s] -- Up-to-date: /home/abhay/microros_ws/install/unique_identifier_msgs/include/unique_identifier_msgs/msg
[0.738s] -- Up-to-date: /home/abhay/microros_ws/install/unique_identifier_msgs/include/unique_identifier_msgs/msg/detail
[0.738s] -- Up-to-date: /home/abhay/microros_ws/install/unique_identifier_msgs/include/unique_identifier_msgs/msg/detail/microxrcedds
[0.738s] -- Up-to-date: /home/abhay/microros_ws/install/unique_identifier_msgs/include/unique_identifier_msgs/msg/detail/microxrcedds/uuid__type_support_cpp.cpp
[0.738s] -- Up-to-date: /home/abhay/microros_ws/install/unique_identifier_msgs/include/unique_identifier_msgs/msg/detail/uuid__rosidl_typesupport_microxrcedds_cpp.hpp
[0.738s] -- Up-to-date: /home/abhay/microros_ws/install/unique_identifier_msgs/include/unique_identifier_msgs/msg/rosidl_typesupport_microxrcedds_cpp__visibility_control.h
[0.738s] -- Up-to-date: /home/abhay/microros_ws/install/unique_identifier_msgs/lib/libunique_identifier_msgs__rosidl_typesupport_microxrcedds_cpp.so
[0.738s] -- Up-to-date: /home/abhay/microros_ws/install/unique_identifier_msgs/include/unique_identifier_msgs/unique_identifier_msgs
[0.738s] -- Up-to-date: /home/abhay/microros_ws/install/unique_identifier_msgs/include/unique_identifier_msgs/unique_identifier_msgs/msg
[0.738s] -- Up-to-date: /home/abhay/microros_ws/install/unique_identifier_msgs/include/unique_identifier_msgs/unique_identifier_msgs/msg/detail
[0.738s] -- Up-to-date: /home/abhay/microros_ws/install/unique_identifier_msgs/include/unique_identifier_msgs/unique_identifier_msgs/msg/detail/uuid__rosidl_typesupport_fastrtps_cpp.hpp
[0.738s] -- Up-to-date: /home/abhay/microros_ws/install/unique_identifier_msgs/include/unique_identifier_msgs/unique_identifier_msgs/msg/detail/dds_fastrtps
[0.738s] -- Up-to-date: /home/abhay/microros_ws/install/unique_identifier_msgs/include/unique_identifier_msgs/unique_identifier_msgs/msg/rosidl_typesupport_fastrtps_cpp__visibility_control.h
[0.739s] -- Up-to-date: /home/abhay/microros_ws/install/unique_identifier_msgs/lib/libunique_identifier_msgs__rosidl_typesupport_fastrtps_cpp.so
[0.739s] -- Up-to-date: /home/abhay/microros_ws/install/unique_identifier_msgs/include/unique_identifier_msgs/unique_identifier_msgs
[0.739s] -- Up-to-date: /home/abhay/microros_ws/install/unique_identifier_msgs/include/unique_identifier_msgs/unique_identifier_msgs/msg
[0.739s] -- Up-to-date: /home/abhay/microros_ws/install/unique_identifier_msgs/include/unique_identifier_msgs/unique_identifier_msgs/msg/detail
[0.739s] -- Up-to-date: /home/abhay/microros_ws/install/unique_identifier_msgs/include/unique_identifier_msgs/unique_identifier_msgs/msg/detail/uuid__type_support.cpp
[0.739s] -- Up-to-date: /home/abhay/microros_ws/install/unique_identifier_msgs/include/unique_identifier_msgs/unique_identifier_msgs/msg/detail/uuid__rosidl_typesupport_introspection_cpp.hpp
[0.739s] -- Up-to-date: /home/abhay/microros_ws/install/unique_identifier_msgs/lib/libunique_identifier_msgs__rosidl_typesupport_introspection_cpp.so
[0.739s] -- Up-to-date: /home/abhay/microros_ws/install/unique_identifier_msgs/lib/libunique_identifier_msgs__rosidl_typesupport_cpp.so
[0.739s] -- Up-to-date: /home/abhay/microros_ws/install/unique_identifier_msgs/share/unique_identifier_msgs/environment/pythonpath.sh
[0.739s] -- Up-to-date: /home/abhay/microros_ws/install/unique_identifier_msgs/share/unique_identifier_msgs/environment/pythonpath.dsv
[0.739s] -- Up-to-date: /home/abhay/microros_ws/install/unique_identifier_msgs/local/lib/python3.10/dist-packages/unique_identifier_msgs-2.2.1-py3.10.egg-info
[0.739s] -- Installing: /home/abhay/microros_ws/install/unique_identifier_msgs/local/lib/python3.10/dist-packages/unique_identifier_msgs-2.2.1-py3.10.egg-info/top_level.txt
[0.739s] -- Installing: /home/abhay/microros_ws/install/unique_identifier_msgs/local/lib/python3.10/dist-packages/unique_identifier_msgs-2.2.1-py3.10.egg-info/SOURCES.txt
[0.739s] -- Installing: /home/abhay/microros_ws/install/unique_identifier_msgs/local/lib/python3.10/dist-packages/unique_identifier_msgs-2.2.1-py3.10.egg-info/dependency_links.txt
[0.739s] -- Installing: /home/abhay/microros_ws/install/unique_identifier_msgs/local/lib/python3.10/dist-packages/unique_identifier_msgs-2.2.1-py3.10.egg-info/PKG-INFO
[0.739s] -- Up-to-date: /home/abhay/microros_ws/install/unique_identifier_msgs/local/lib/python3.10/dist-packages/unique_identifier_msgs
[0.739s] -- Up-to-date: /home/abhay/microros_ws/install/unique_identifier_msgs/local/lib/python3.10/dist-packages/unique_identifier_msgs/msg
[0.739s] -- Up-to-date: /home/abhay/microros_ws/install/unique_identifier_msgs/local/lib/python3.10/dist-packages/unique_identifier_msgs/msg/_uuid_s.c
[0.739s] -- Up-to-date: /home/abhay/microros_ws/install/unique_identifier_msgs/local/lib/python3.10/dist-packages/unique_identifier_msgs/msg/_uuid.py
[0.739s] -- Up-to-date: /home/abhay/microros_ws/install/unique_identifier_msgs/local/lib/python3.10/dist-packages/unique_identifier_msgs/msg/__init__.py
[0.739s] -- Up-to-date: /home/abhay/microros_ws/install/unique_identifier_msgs/local/lib/python3.10/dist-packages/unique_identifier_msgs/unique_identifier_msgs_s__rosidl_typesupport_microxrcedds_c.cpython-310-x86_64-linux-gnu.so
[0.739s] -- Up-to-date: /home/abhay/microros_ws/install/unique_identifier_msgs/local/lib/python3.10/dist-packages/unique_identifier_msgs/_unique_identifier_msgs_s.ep.rosidl_typesupport_c.c
[0.739s] -- Up-to-date: /home/abhay/microros_ws/install/unique_identifier_msgs/local/lib/python3.10/dist-packages/unique_identifier_msgs/libunique_identifier_msgs__rosidl_generator_py.so
[0.739s] -- Up-to-date: /home/abhay/microros_ws/install/unique_identifier_msgs/local/lib/python3.10/dist-packages/unique_identifier_msgs/_unique_identifier_msgs_s.ep.rosidl_typesupport_microxrcedds_c.c
[0.739s] -- Up-to-date: /home/abhay/microros_ws/install/unique_identifier_msgs/local/lib/python3.10/dist-packages/unique_identifier_msgs/_unique_identifier_msgs_s.ep.rosidl_typesupport_introspection_c.c
[0.739s] -- Up-to-date: /home/abhay/microros_ws/install/unique_identifier_msgs/local/lib/python3.10/dist-packages/unique_identifier_msgs/unique_identifier_msgs_s__rosidl_typesupport_fastrtps_c.cpython-310-x86_64-linux-gnu.so
[0.739s] -- Up-to-date: /home/abhay/microros_ws/install/unique_identifier_msgs/local/lib/python3.10/dist-packages/unique_identifier_msgs/_unique_identifier_msgs_s.ep.rosidl_typesupport_fastrtps_c.c
[0.740s] -- Up-to-date: /home/abhay/microros_ws/install/unique_identifier_msgs/local/lib/python3.10/dist-packages/unique_identifier_msgs/unique_identifier_msgs_s__rosidl_typesupport_c.cpython-310-x86_64-linux-gnu.so
[0.740s] -- Up-to-date: /home/abhay/microros_ws/install/unique_identifier_msgs/local/lib/python3.10/dist-packages/unique_identifier_msgs/unique_identifier_msgs_s__rosidl_typesupport_introspection_c.cpython-310-x86_64-linux-gnu.so
[0.740s] -- Up-to-date: /home/abhay/microros_ws/install/unique_identifier_msgs/local/lib/python3.10/dist-packages/unique_identifier_msgs/__init__.py
[0.778s] Listing '/home/abhay/microros_ws/install/unique_identifier_msgs/local/lib/python3.10/dist-packages/unique_identifier_msgs'...
[0.778s] Listing '/home/abhay/microros_ws/install/unique_identifier_msgs/local/lib/python3.10/dist-packages/unique_identifier_msgs/msg'...
[0.782s] -- Up-to-date: /home/abhay/microros_ws/install/unique_identifier_msgs/local/lib/python3.10/dist-packages/unique_identifier_msgs/unique_identifier_msgs_s__rosidl_typesupport_microxrcedds_c.cpython-310-x86_64-linux-gnu.so
[0.782s] -- Up-to-date: /home/abhay/microros_ws/install/unique_identifier_msgs/local/lib/python3.10/dist-packages/unique_identifier_msgs/unique_identifier_msgs_s__rosidl_typesupport_fastrtps_c.cpython-310-x86_64-linux-gnu.so
[0.782s] -- Up-to-date: /home/abhay/microros_ws/install/unique_identifier_msgs/local/lib/python3.10/dist-packages/unique_identifier_msgs/unique_identifier_msgs_s__rosidl_typesupport_introspection_c.cpython-310-x86_64-linux-gnu.so
[0.782s] -- Up-to-date: /home/abhay/microros_ws/install/unique_identifier_msgs/local/lib/python3.10/dist-packages/unique_identifier_msgs/unique_identifier_msgs_s__rosidl_typesupport_c.cpython-310-x86_64-linux-gnu.so
[0.783s] -- Up-to-date: /home/abhay/microros_ws/install/unique_identifier_msgs/lib/libunique_identifier_msgs__rosidl_generator_py.so
[0.783s] -- Up-to-date: /home/abhay/microros_ws/install/unique_identifier_msgs/share/unique_identifier_msgs/msg/UUID.idl
[0.783s] -- Up-to-date: /home/abhay/microros_ws/install/unique_identifier_msgs/share/unique_identifier_msgs/msg/UUID.msg
[0.783s] -- Up-to-date: /home/abhay/microros_ws/install/unique_identifier_msgs/share/ament_index/resource_index/package_run_dependencies/unique_identifier_msgs
[0.783s] -- Up-to-date: /home/abhay/microros_ws/install/unique_identifier_msgs/share/ament_index/resource_index/parent_prefix_path/unique_identifier_msgs
[0.783s] -- Up-to-date: /home/abhay/microros_ws/install/unique_identifier_msgs/share/unique_identifier_msgs/environment/ament_prefix_path.sh
[0.784s] -- Up-to-date: /home/abhay/microros_ws/install/unique_identifier_msgs/share/unique_identifier_msgs/environment/ament_prefix_path.dsv
[0.784s] -- Up-to-date: /home/abhay/microros_ws/install/unique_identifier_msgs/share/unique_identifier_msgs/environment/path.sh
[0.784s] -- Up-to-date: /home/abhay/microros_ws/install/unique_identifier_msgs/share/unique_identifier_msgs/environment/path.dsv
[0.784s] -- Up-to-date: /home/abhay/microros_ws/install/unique_identifier_msgs/share/unique_identifier_msgs/local_setup.bash
[0.784s] -- Up-to-date: /home/abhay/microros_ws/install/unique_identifier_msgs/share/unique_identifier_msgs/local_setup.sh
[0.784s] -- Up-to-date: /home/abhay/microros_ws/install/unique_identifier_msgs/share/unique_identifier_msgs/local_setup.zsh
[0.784s] -- Up-to-date: /home/abhay/microros_ws/install/unique_identifier_msgs/share/unique_identifier_msgs/local_setup.dsv
[0.784s] -- Installing: /home/abhay/microros_ws/install/unique_identifier_msgs/share/unique_identifier_msgs/package.dsv
[0.784s] -- Up-to-date: /home/abhay/microros_ws/install/unique_identifier_msgs/share/ament_index/resource_index/packages/unique_identifier_msgs
[0.784s] -- Up-to-date: /home/abhay/microros_ws/install/unique_identifier_msgs/share/unique_identifier_msgs/cmake/export_unique_identifier_msgs__rosidl_generator_cExport.cmake
[0.785s] -- Up-to-date: /home/abhay/microros_ws/install/unique_identifier_msgs/share/unique_identifier_msgs/cmake/export_unique_identifier_msgs__rosidl_generator_cExport-noconfig.cmake
[0.785s] -- Up-to-date: /home/abhay/microros_ws/install/unique_identifier_msgs/share/unique_identifier_msgs/cmake/export_unique_identifier_msgs__rosidl_typesupport_fastrtps_cExport.cmake
[0.786s] -- Up-to-date: /home/abhay/microros_ws/install/unique_identifier_msgs/share/unique_identifier_msgs/cmake/export_unique_identifier_msgs__rosidl_typesupport_fastrtps_cExport-noconfig.cmake
[0.787s] -- Up-to-date: /home/abhay/microros_ws/install/unique_identifier_msgs/share/unique_identifier_msgs/cmake/unique_identifier_msgs__rosidl_typesupport_introspection_cExport.cmake
[0.787s] -- Up-to-date: /home/abhay/microros_ws/install/unique_identifier_msgs/share/unique_identifier_msgs/cmake/unique_identifier_msgs__rosidl_typesupport_introspection_cExport-noconfig.cmake
[0.787s] -- Up-to-date: /home/abhay/microros_ws/install/unique_identifier_msgs/share/unique_identifier_msgs/cmake/unique_identifier_msgs__rosidl_typesupport_cExport.cmake
[0.787s] -- Up-to-date: /home/abhay/microros_ws/install/unique_identifier_msgs/share/unique_identifier_msgs/cmake/unique_identifier_msgs__rosidl_typesupport_cExport-noconfig.cmake
[0.788s] -- Up-to-date: /home/abhay/microros_ws/install/unique_identifier_msgs/share/unique_identifier_msgs/cmake/export_unique_identifier_msgs__rosidl_generator_cppExport.cmake
[0.788s] -- Up-to-date: /home/abhay/microros_ws/install/unique_identifier_msgs/share/unique_identifier_msgs/cmake/export_unique_identifier_msgs__rosidl_typesupport_fastrtps_cppExport.cmake
[0.789s] -- Up-to-date: /home/abhay/microros_ws/install/unique_identifier_msgs/share/unique_identifier_msgs/cmake/export_unique_identifier_msgs__rosidl_typesupport_fastrtps_cppExport-noconfig.cmake
[0.789s] -- Up-to-date: /home/abhay/microros_ws/install/unique_identifier_msgs/share/unique_identifier_msgs/cmake/unique_identifier_msgs__rosidl_typesupport_introspection_cppExport.cmake
[0.789s] -- Up-to-date: /home/abhay/microros_ws/install/unique_identifier_msgs/share/unique_identifier_msgs/cmake/unique_identifier_msgs__rosidl_typesupport_introspection_cppExport-noconfig.cmake
[0.789s] -- Up-to-date: /home/abhay/microros_ws/install/unique_identifier_msgs/share/unique_identifier_msgs/cmake/unique_identifier_msgs__rosidl_typesupport_cppExport.cmake
[0.789s] -- Up-to-date: /home/abhay/microros_ws/install/unique_identifier_msgs/share/unique_identifier_msgs/cmake/unique_identifier_msgs__rosidl_typesupport_cppExport-noconfig.cmake
[0.789s] -- Up-to-date: /home/abhay/microros_ws/install/unique_identifier_msgs/share/unique_identifier_msgs/cmake/export_unique_identifier_msgs__rosidl_generator_pyExport.cmake
[0.790s] -- Up-to-date: /home/abhay/microros_ws/install/unique_identifier_msgs/share/unique_identifier_msgs/cmake/export_unique_identifier_msgs__rosidl_generator_pyExport-noconfig.cmake
[0.790s] -- Up-to-date: /home/abhay/microros_ws/install/unique_identifier_msgs/share/unique_identifier_msgs/cmake/rosidl_cmake-extras.cmake
[0.790s] -- Up-to-date: /home/abhay/microros_ws/install/unique_identifier_msgs/share/unique_identifier_msgs/cmake/ament_cmake_export_include_directories-extras.cmake
[0.790s] -- Up-to-date: /home/abhay/microros_ws/install/unique_identifier_msgs/share/unique_identifier_msgs/cmake/ament_cmake_export_libraries-extras.cmake
[0.791s] -- Up-to-date: /home/abhay/microros_ws/install/unique_identifier_msgs/share/unique_identifier_msgs/cmake/ament_cmake_export_targets-extras.cmake
[0.791s] -- Up-to-date: /home/abhay/microros_ws/install/unique_identifier_msgs/share/unique_identifier_msgs/cmake/rosidl_cmake_export_typesupport_targets-extras.cmake
[0.791s] -- Up-to-date: /home/abhay/microros_ws/install/unique_identifier_msgs/share/unique_identifier_msgs/cmake/ament_cmake_export_dependencies-extras.cmake
[0.791s] -- Up-to-date: /home/abhay/microros_ws/install/unique_identifier_msgs/share/unique_identifier_msgs/cmake/rosidl_cmake_export_typesupport_libraries-extras.cmake
[0.791s] -- Up-to-date: /home/abhay/microros_ws/install/unique_identifier_msgs/share/unique_identifier_msgs/cmake/unique_identifier_msgsConfig.cmake
[0.791s] -- Up-to-date: /home/abhay/microros_ws/install/unique_identifier_msgs/share/unique_identifier_msgs/cmake/unique_identifier_msgsConfig-version.cmake
[0.791s] -- Up-to-date: /home/abhay/microros_ws/install/unique_identifier_msgs/share/unique_identifier_msgs/package.xml
[0.791s] -- Up-to-date: /home/abhay/microros_ws/install/unique_identifier_msgs/share/unique_identifier_msgs/mapping_rules.yaml
[0.794s] Invoked command in '/home/abhay/microros_ws/build/unique_identifier_msgs' returned '0': CMAKE_PREFIX_PATH=${CMAKE_PREFIX_PATH}:/home/abhay/microros_ws/install/sensor_msgs_py:/home/abhay/ros2_ws/install/py_srvcli:/home/abhay/ros2_ws/install/my_robot_controller:/opt/ros/humble /usr/bin/cmake --install /home/abhay/microros_ws/build/unique_identifier_msgs
