[0.021s] Invoking command in '/home/abhay/microros_ws/build/rmw_microxrcedds': AMENT_PREFIX_PATH=/home/abhay/microros_ws/install/micro_ros_msgs:${AMENT_PREFIX_PATH} CMAKE_PREFIX_PATH=/home/abhay/microros_ws/install/rosidl_typesupport_microxrcedds_cpp:/home/abhay/microros_ws/install/rosidl_typesupport_microxrcedds_c:/home/abhay/microros_ws/install/microxrcedds_client:/home/abhay/microros_ws/install/microcdr:/home/abhay/microros_ws/install/micro_ros_msgs:/home/abhay/microros_ws/install/micro_ros_setup:/home/abhay/ros2_ws/install/py_srvcli:/home/abhay/ros2_ws/install/my_robot_controller:/opt/ros/humble LD_LIBRARY_PATH=/home/abhay/microros_ws/install/rosidl_typesupport_microxrcedds_cpp/lib:/home/abhay/microros_ws/install/rosidl_typesupport_microxrcedds_c/lib:/home/abhay/microros_ws/install/microxrcedds_client/lib:/home/abhay/microros_ws/install/microcdr/lib:/home/abhay/microros_ws/install/micro_ros_msgs/lib:/opt/ros/humble/opt/rviz_ogre_vendor/lib:/opt/ros/humble/lib/x86_64-linux-gnu:/opt/ros/humble/lib PYTHONPATH=/home/abhay/microros_ws/install/micro_ros_msgs/local/lib/python3.10/dist-packages:${PYTHONPATH} /usr/bin/cmake /home/abhay/microros_ws/src/uros/rmw_microxrcedds/rmw_microxrcedds_c -DBUILD_TESTING=OFF -DBUILD_SHARED_LIBS=ON -DRMW_UXRCE_TRANSPORT=udp -DRMW_UXRCE_DEFAULT_UDP_IP=127.0.0.1 -DRMW_UXRCE_DEFAULT_UDP_PORT=8888 -DRMW_UXRCE_MAX_NODES=15 -DRMW_UXRCE_MAX_PUBLISHERS=15 -DRMW_UXRCE_MAX_SUBSCRIPTIONS=15 -DRMW_UXRCE_MAX_SERVICES=15 -DRMW_UXRCE_MAX_CLIENTS=15 -DRMW_UXRCE_STREAM_HISTORY=32 -DRMW_UXRCE_MAX_HISTORY=10 -DCMAKE_INSTALL_PREFIX=/home/abhay/microros_ws/install/rmw_microxrcedds
[0.104s] -- The C compiler identification is GNU 11.4.0
[0.120s] -- Detecting C compiler ABI info
[0.198s] -- Detecting C compiler ABI info - done
[0.205s] -- Check for working C compiler: /usr/bin/cc - skipped
[0.205s] -- Detecting C compile features
[0.205s] -- Detecting C compile features - done
[0.208s] -- Found ament_cmake_ros: 0.10.0 (/opt/ros/humble/share/ament_cmake_ros/cmake)
[0.378s] -- Found Python3: /usr/bin/python3 (found version "3.10.12") found components: Interpreter 
[0.474s] -- Found rcutils: 5.1.5 (/opt/ros/humble/share/rcutils/cmake)
[0.487s] -- Found rosidl_runtime_c: 3.1.5 (/opt/ros/humble/share/rosidl_runtime_c/cmake)
[0.497s] -- Found rmw: 6.1.1 (/opt/ros/humble/share/rmw/cmake)
[0.501s] -- Found rosidl_typesupport_microxrcedds_c: 3.0.1 (/home/abhay/microros_ws/install/rosidl_typesupport_microxrcedds_c/share/rosidl_typesupport_microxrcedds_c/cmake)
[0.508s] -- Found rosidl_adapter: 3.1.5 (/opt/ros/humble/share/rosidl_adapter/cmake)
[0.599s] -- Configuring done
[0.609s] -- Generating done
[0.611s] -- Build files have been written to: /home/abhay/microros_ws/build/rmw_microxrcedds
[0.616s] Invoked command in '/home/abhay/microros_ws/build/rmw_microxrcedds' returned '0': AMENT_PREFIX_PATH=/home/abhay/microros_ws/install/micro_ros_msgs:${AMENT_PREFIX_PATH} CMAKE_PREFIX_PATH=/home/abhay/microros_ws/install/rosidl_typesupport_microxrcedds_cpp:/home/abhay/microros_ws/install/rosidl_typesupport_microxrcedds_c:/home/abhay/microros_ws/install/microxrcedds_client:/home/abhay/microros_ws/install/microcdr:/home/abhay/microros_ws/install/micro_ros_msgs:/home/abhay/microros_ws/install/micro_ros_setup:/home/abhay/ros2_ws/install/py_srvcli:/home/abhay/ros2_ws/install/my_robot_controller:/opt/ros/humble LD_LIBRARY_PATH=/home/abhay/microros_ws/install/rosidl_typesupport_microxrcedds_cpp/lib:/home/abhay/microros_ws/install/rosidl_typesupport_microxrcedds_c/lib:/home/abhay/microros_ws/install/microxrcedds_client/lib:/home/abhay/microros_ws/install/microcdr/lib:/home/abhay/microros_ws/install/micro_ros_msgs/lib:/opt/ros/humble/opt/rviz_ogre_vendor/lib:/opt/ros/humble/lib/x86_64-linux-gnu:/opt/ros/humble/lib PYTHONPATH=/home/abhay/microros_ws/install/micro_ros_msgs/local/lib/python3.10/dist-packages:${PYTHONPATH} /usr/bin/cmake /home/abhay/microros_ws/src/uros/rmw_microxrcedds/rmw_microxrcedds_c -DBUILD_TESTING=OFF -DBUILD_SHARED_LIBS=ON -DRMW_UXRCE_TRANSPORT=udp -DRMW_UXRCE_DEFAULT_UDP_IP=127.0.0.1 -DRMW_UXRCE_DEFAULT_UDP_PORT=8888 -DRMW_UXRCE_MAX_NODES=15 -DRMW_UXRCE_MAX_PUBLISHERS=15 -DRMW_UXRCE_MAX_SUBSCRIPTIONS=15 -DRMW_UXRCE_MAX_SERVICES=15 -DRMW_UXRCE_MAX_CLIENTS=15 -DRMW_UXRCE_STREAM_HISTORY=32 -DRMW_UXRCE_MAX_HISTORY=10 -DCMAKE_INSTALL_PREFIX=/home/abhay/microros_ws/install/rmw_microxrcedds
[0.618s] Invoking command in '/home/abhay/microros_ws/build/rmw_microxrcedds': AMENT_PREFIX_PATH=/home/abhay/microros_ws/install/micro_ros_msgs:${AMENT_PREFIX_PATH} CMAKE_PREFIX_PATH=/home/abhay/microros_ws/install/rosidl_typesupport_microxrcedds_cpp:/home/abhay/microros_ws/install/rosidl_typesupport_microxrcedds_c:/home/abhay/microros_ws/install/microxrcedds_client:/home/abhay/microros_ws/install/microcdr:/home/abhay/microros_ws/install/micro_ros_msgs:/home/abhay/microros_ws/install/micro_ros_setup:/home/abhay/ros2_ws/install/py_srvcli:/home/abhay/ros2_ws/install/my_robot_controller:/opt/ros/humble LD_LIBRARY_PATH=/home/abhay/microros_ws/install/rosidl_typesupport_microxrcedds_cpp/lib:/home/abhay/microros_ws/install/rosidl_typesupport_microxrcedds_c/lib:/home/abhay/microros_ws/install/microxrcedds_client/lib:/home/abhay/microros_ws/install/microcdr/lib:/home/abhay/microros_ws/install/micro_ros_msgs/lib:/opt/ros/humble/opt/rviz_ogre_vendor/lib:/opt/ros/humble/lib/x86_64-linux-gnu:/opt/ros/humble/lib PYTHONPATH=/home/abhay/microros_ws/install/micro_ros_msgs/local/lib/python3.10/dist-packages:${PYTHONPATH} /usr/bin/cmake --build /home/abhay/microros_ws/build/rmw_microxrcedds -- -j16 -l16
[0.673s] [  6%] [32mBuilding C object CMakeFiles/rmw_microxrcedds.dir/src/memory.c.o[0m
[0.673s] [  6%] [32mBuilding C object CMakeFiles/rmw_microxrcedds.dir/src/identifiers.c.o[0m
[0.673s] [  6%] [32mBuilding C object CMakeFiles/rmw_microxrcedds.dir/src/rmw_client.c.o[0m
[0.674s] [ 10%] [32mBuilding C object CMakeFiles/rmw_microxrcedds.dir/src/rmw_count.c.o[0m
[0.674s] [ 10%] [32mBuilding C object CMakeFiles/rmw_microxrcedds.dir/src/rmw_compare_gids_equal.c.o[0m
[0.674s] [ 15%] [32mBuilding C object CMakeFiles/rmw_microxrcedds.dir/src/rmw_features.c.o[0m
[0.674s] [ 15%] [32mBuilding C object CMakeFiles/rmw_microxrcedds.dir/src/rmw_event.c.o[0m
[0.676s] [ 17%] [32mBuilding C object CMakeFiles/rmw_microxrcedds.dir/src/rmw_get_gid_for_publisher.c.o[0m
[0.684s] [ 21%] [32mBuilding C object CMakeFiles/rmw_microxrcedds.dir/src/rmw_get_implementation_identifier.c.o[0m
[0.691s] [ 23%] [32mBuilding C object CMakeFiles/rmw_microxrcedds.dir/src/rmw_get_topic_endpoint_info.c.o[0m
[0.692s] [ 26%] [32mBuilding C object CMakeFiles/rmw_microxrcedds.dir/src/rmw_get_endpoint_network_flow.c.o[0m
[0.698s] [ 21%] [32mBuilding C object CMakeFiles/rmw_microxrcedds.dir/src/rmw_get_serialization_format.c.o[0m
[0.702s] [ 28%] [32mBuilding C object CMakeFiles/rmw_microxrcedds.dir/src/rmw_qos_profile_check_compatible.c.o[0m
[0.703s] [ 30%] [32mBuilding C object CMakeFiles/rmw_microxrcedds.dir/src/rmw_guard_condition.c.o[0m
[0.752s] [ 32%] [32mBuilding C object CMakeFiles/rmw_microxrcedds.dir/src/rmw_init.c.o[0m
[0.762s] [ 34%] [32mBuilding C object CMakeFiles/rmw_microxrcedds.dir/src/rmw_logging.c.o[0m
[0.767s] [ 36%] [32mBuilding C object CMakeFiles/rmw_microxrcedds.dir/src/rmw_node.c.o[0m
[0.767s] [ 39%] [32mBuilding C object CMakeFiles/rmw_microxrcedds.dir/src/rmw_microxrcedds_topic.c.o[0m
[0.770s] [ 41%] [32mBuilding C object CMakeFiles/rmw_microxrcedds.dir/src/rmw_node_info_and_types.c.o[0m
[0.774s] [ 43%] [32mBuilding C object CMakeFiles/rmw_microxrcedds.dir/src/rmw_node_names.c.o[0m
[0.780s] [ 45%] [32mBuilding C object CMakeFiles/rmw_microxrcedds.dir/src/rmw_publish.c.o[0m
[0.786s] [ 47%] [32mBuilding C object CMakeFiles/rmw_microxrcedds.dir/src/rmw_publisher.c.o[0m
[0.812s] [ 50%] [32mBuilding C object CMakeFiles/rmw_microxrcedds.dir/src/rmw_request.c.o[0m
[0.823s] [ 52%] [32mBuilding C object CMakeFiles/rmw_microxrcedds.dir/src/rmw_response.c.o[0m
[0.824s] [ 54%] [32mBuilding C object CMakeFiles/rmw_microxrcedds.dir/src/rmw_serialize.c.o[0m
[0.835s] [ 56%] [32mBuilding C object CMakeFiles/rmw_microxrcedds.dir/src/rmw_service.c.o[0m
[0.839s] [ 58%] [32mBuilding C object CMakeFiles/rmw_microxrcedds.dir/src/rmw_service_names_and_types.c.o[0m
[0.862s] [ 60%] [32mBuilding C object CMakeFiles/rmw_microxrcedds.dir/src/rmw_service_server_is_available.c.o[0m
[0.873s] [ 63%] [32mBuilding C object CMakeFiles/rmw_microxrcedds.dir/src/rmw_subscription.c.o[0m
[0.884s] [ 65%] [32mBuilding C object CMakeFiles/rmw_microxrcedds.dir/src/rmw_topic_names_and_types.c.o[0m
[0.892s] [ 67%] [32mBuilding C object CMakeFiles/rmw_microxrcedds.dir/src/rmw_trigger_guard_condition.c.o[0m
[0.896s] [ 69%] [32mBuilding C object CMakeFiles/rmw_microxrcedds.dir/src/rmw_take.c.o[0m
[0.907s] [ 73%] [32mBuilding C object CMakeFiles/rmw_microxrcedds.dir/src/rmw_wait.c.o[0m
[0.908s] [ 73%] [32mBuilding C object CMakeFiles/rmw_microxrcedds.dir/src/types.c.o[0m
[0.911s] [ 76%] [32mBuilding C object CMakeFiles/rmw_microxrcedds.dir/src/callbacks.c.o[0m
[0.914s] [ 78%] [32mBuilding C object CMakeFiles/rmw_microxrcedds.dir/src/utils.c.o[0m
[0.917s] [ 80%] [32mBuilding C object CMakeFiles/rmw_microxrcedds.dir/src/rmw_wait_set.c.o[0m
[0.932s] [ 82%] [32mBuilding C object CMakeFiles/rmw_microxrcedds.dir/src/rmw_event_callbacks.c.o[0m
[0.948s] [ 84%] [32mBuilding C object CMakeFiles/rmw_microxrcedds.dir/src/rmw_uxrce_transports.c.o[0m
[0.972s] [ 86%] [32mBuilding C object CMakeFiles/rmw_microxrcedds.dir/src/rmw_microros/continous_serialization.c.o[0m
[0.978s] [ 89%] [32mBuilding C object CMakeFiles/rmw_microxrcedds.dir/src/rmw_microros/init_options.c.o[0m
[0.988s] [ 93%] [32mBuilding C object CMakeFiles/rmw_microxrcedds.dir/src/rmw_microros/time_sync.c.o[0m
[0.988s] [ 93%] [32mBuilding C object CMakeFiles/rmw_microxrcedds.dir/src/rmw_microros/ping.c.o[0m
[1.011s] [ 95%] [32mBuilding C object CMakeFiles/rmw_microxrcedds.dir/src/rmw_microros/timing.c.o[0m
[1.017s] [ 97%] [32mBuilding C object CMakeFiles/rmw_microxrcedds.dir/src/rmw_microros/discovery.c.o[0m
[1.098s] [100%] [32m[1mLinking C shared library librmw_microxrcedds.so[0m
[1.136s] [100%] Built target rmw_microxrcedds
[1.145s] Invoked command in '/home/abhay/microros_ws/build/rmw_microxrcedds' returned '0': AMENT_PREFIX_PATH=/home/abhay/microros_ws/install/micro_ros_msgs:${AMENT_PREFIX_PATH} CMAKE_PREFIX_PATH=/home/abhay/microros_ws/install/rosidl_typesupport_microxrcedds_cpp:/home/abhay/microros_ws/install/rosidl_typesupport_microxrcedds_c:/home/abhay/microros_ws/install/microxrcedds_client:/home/abhay/microros_ws/install/microcdr:/home/abhay/microros_ws/install/micro_ros_msgs:/home/abhay/microros_ws/install/micro_ros_setup:/home/abhay/ros2_ws/install/py_srvcli:/home/abhay/ros2_ws/install/my_robot_controller:/opt/ros/humble LD_LIBRARY_PATH=/home/abhay/microros_ws/install/rosidl_typesupport_microxrcedds_cpp/lib:/home/abhay/microros_ws/install/rosidl_typesupport_microxrcedds_c/lib:/home/abhay/microros_ws/install/microxrcedds_client/lib:/home/abhay/microros_ws/install/microcdr/lib:/home/abhay/microros_ws/install/micro_ros_msgs/lib:/opt/ros/humble/opt/rviz_ogre_vendor/lib:/opt/ros/humble/lib/x86_64-linux-gnu:/opt/ros/humble/lib PYTHONPATH=/home/abhay/microros_ws/install/micro_ros_msgs/local/lib/python3.10/dist-packages:${PYTHONPATH} /usr/bin/cmake --build /home/abhay/microros_ws/build/rmw_microxrcedds -- -j16 -l16
[1.258s] Invoking command in '/home/abhay/microros_ws/build/rmw_microxrcedds': AMENT_PREFIX_PATH=/home/abhay/microros_ws/install/micro_ros_msgs:${AMENT_PREFIX_PATH} CMAKE_PREFIX_PATH=/home/abhay/microros_ws/install/rosidl_typesupport_microxrcedds_cpp:/home/abhay/microros_ws/install/rosidl_typesupport_microxrcedds_c:/home/abhay/microros_ws/install/microxrcedds_client:/home/abhay/microros_ws/install/microcdr:/home/abhay/microros_ws/install/micro_ros_msgs:/home/abhay/microros_ws/install/micro_ros_setup:/home/abhay/ros2_ws/install/py_srvcli:/home/abhay/ros2_ws/install/my_robot_controller:/opt/ros/humble LD_LIBRARY_PATH=/home/abhay/microros_ws/install/rosidl_typesupport_microxrcedds_cpp/lib:/home/abhay/microros_ws/install/rosidl_typesupport_microxrcedds_c/lib:/home/abhay/microros_ws/install/microxrcedds_client/lib:/home/abhay/microros_ws/install/microcdr/lib:/home/abhay/microros_ws/install/micro_ros_msgs/lib:/opt/ros/humble/opt/rviz_ogre_vendor/lib:/opt/ros/humble/lib/x86_64-linux-gnu:/opt/ros/humble/lib PYTHONPATH=/home/abhay/microros_ws/install/micro_ros_msgs/local/lib/python3.10/dist-packages:${PYTHONPATH} /usr/bin/cmake --install /home/abhay/microros_ws/build/rmw_microxrcedds
[1.266s] -- Install configuration: ""
[1.267s] -- Installing: /home/abhay/microros_ws/install/rmw_microxrcedds/share/rmw_microxrcedds/environment/library_path.sh
[1.267s] -- Installing: /home/abhay/microros_ws/install/rmw_microxrcedds/share/rmw_microxrcedds/environment/library_path.dsv
[1.267s] -- Installing: /home/abhay/microros_ws/install/rmw_microxrcedds/share/ament_index/resource_index/rmw_typesupport_c/rmw_microxrcedds
[1.267s] -- Installing: /home/abhay/microros_ws/install/rmw_microxrcedds/share/ament_index/resource_index/rmw_typesupport/rmw_microxrcedds
[1.268s] -- Installing: /home/abhay/microros_ws/install/rmw_microxrcedds/share/ament_index/resource_index/package_run_dependencies/rmw_microxrcedds
[1.268s] -- Installing: /home/abhay/microros_ws/install/rmw_microxrcedds/share/ament_index/resource_index/parent_prefix_path/rmw_microxrcedds
[1.268s] -- Installing: /home/abhay/microros_ws/install/rmw_microxrcedds/share/rmw_microxrcedds/environment/ament_prefix_path.sh
[1.268s] -- Installing: /home/abhay/microros_ws/install/rmw_microxrcedds/share/rmw_microxrcedds/environment/ament_prefix_path.dsv
[1.268s] -- Installing: /home/abhay/microros_ws/install/rmw_microxrcedds/share/rmw_microxrcedds/environment/path.sh
[1.268s] -- Installing: /home/abhay/microros_ws/install/rmw_microxrcedds/share/rmw_microxrcedds/environment/path.dsv
[1.268s] -- Installing: /home/abhay/microros_ws/install/rmw_microxrcedds/share/rmw_microxrcedds/local_setup.bash
[1.269s] -- Installing: /home/abhay/microros_ws/install/rmw_microxrcedds/share/rmw_microxrcedds/local_setup.sh
[1.269s] -- Installing: /home/abhay/microros_ws/install/rmw_microxrcedds/share/rmw_microxrcedds/local_setup.zsh
[1.269s] -- Installing: /home/abhay/microros_ws/install/rmw_microxrcedds/share/rmw_microxrcedds/local_setup.dsv
[1.269s] -- Installing: /home/abhay/microros_ws/install/rmw_microxrcedds/share/rmw_microxrcedds/package.dsv
[1.269s] -- Installing: /home/abhay/microros_ws/install/rmw_microxrcedds/share/ament_index/resource_index/packages/rmw_microxrcedds
[1.269s] -- Installing: /home/abhay/microros_ws/install/rmw_microxrcedds/share/rmw_microxrcedds/cmake/ament_cmake_export_include_directories-extras.cmake
[1.269s] -- Installing: /home/abhay/microros_ws/install/rmw_microxrcedds/share/rmw_microxrcedds/cmake/ament_cmake_export_libraries-extras.cmake
[1.269s] -- Installing: /home/abhay/microros_ws/install/rmw_microxrcedds/share/rmw_microxrcedds/cmake/ament_cmake_export_dependencies-extras.cmake
[1.269s] -- Installing: /home/abhay/microros_ws/install/rmw_microxrcedds/share/rmw_microxrcedds/cmake/rmw_microxrceddsConfig.cmake
[1.269s] -- Installing: /home/abhay/microros_ws/install/rmw_microxrcedds/share/rmw_microxrcedds/cmake/rmw_microxrceddsConfig-version.cmake
[1.269s] -- Installing: /home/abhay/microros_ws/install/rmw_microxrcedds/share/rmw_microxrcedds/package.xml
[1.270s] -- Up-to-date: /home/abhay/microros_ws/install/rmw_microxrcedds/include
[1.270s] -- Installing: /home/abhay/microros_ws/install/rmw_microxrcedds/include/rmw_microros
[1.270s] -- Installing: /home/abhay/microros_ws/install/rmw_microxrcedds/include/rmw_microros/error_handling.h
[1.270s] -- Installing: /home/abhay/microros_ws/install/rmw_microxrcedds/include/rmw_microros/timing.h
[1.270s] -- Installing: /home/abhay/microros_ws/install/rmw_microxrcedds/include/rmw_microros/rmw_microros.h
[1.270s] -- Installing: /home/abhay/microros_ws/install/rmw_microxrcedds/include/rmw_microros/init_options.h
[1.270s] -- Installing: /home/abhay/microros_ws/install/rmw_microxrcedds/include/rmw_microros/ping.h
[1.270s] -- Installing: /home/abhay/microros_ws/install/rmw_microxrcedds/include/rmw_microros/time_sync.h
[1.270s] -- Installing: /home/abhay/microros_ws/install/rmw_microxrcedds/include/rmw_microros/continous_serialization.h
[1.271s] -- Installing: /home/abhay/microros_ws/install/rmw_microxrcedds/include/rmw_microros/discovery.h
[1.271s] -- Installing: /home/abhay/microros_ws/install/rmw_microxrcedds/include/rmw_microros/custom_transport.h
[1.271s] -- Installing: /home/abhay/microros_ws/install/rmw_microxrcedds/include/rmw_microxrcedds_c
[1.271s] -- Installing: /home/abhay/microros_ws/install/rmw_microxrcedds/include/rmw_microxrcedds_c/rmw_c_macros.h
[1.271s] -- Installing: /home/abhay/microros_ws/install/rmw_microxrcedds/include/rmw_microxrcedds_c/config.h
[1.271s] -- Installing: /home/abhay/microros_ws/install/rmw_microxrcedds/lib/librmw_microxrcedds.so
[1.271s] -- Set runtime path of "/home/abhay/microros_ws/install/rmw_microxrcedds/lib/librmw_microxrcedds.so" to ""
[1.274s] Invoked command in '/home/abhay/microros_ws/build/rmw_microxrcedds' returned '0': AMENT_PREFIX_PATH=/home/abhay/microros_ws/install/micro_ros_msgs:${AMENT_PREFIX_PATH} CMAKE_PREFIX_PATH=/home/abhay/microros_ws/install/rosidl_typesupport_microxrcedds_cpp:/home/abhay/microros_ws/install/rosidl_typesupport_microxrcedds_c:/home/abhay/microros_ws/install/microxrcedds_client:/home/abhay/microros_ws/install/microcdr:/home/abhay/microros_ws/install/micro_ros_msgs:/home/abhay/microros_ws/install/micro_ros_setup:/home/abhay/ros2_ws/install/py_srvcli:/home/abhay/ros2_ws/install/my_robot_controller:/opt/ros/humble LD_LIBRARY_PATH=/home/abhay/microros_ws/install/rosidl_typesupport_microxrcedds_cpp/lib:/home/abhay/microros_ws/install/rosidl_typesupport_microxrcedds_c/lib:/home/abhay/microros_ws/install/microxrcedds_client/lib:/home/abhay/microros_ws/install/microcdr/lib:/home/abhay/microros_ws/install/micro_ros_msgs/lib:/opt/ros/humble/opt/rviz_ogre_vendor/lib:/opt/ros/humble/lib/x86_64-linux-gnu:/opt/ros/humble/lib PYTHONPATH=/home/abhay/microros_ws/install/micro_ros_msgs/local/lib/python3.10/dist-packages:${PYTHONPATH} /usr/bin/cmake --install /home/abhay/microros_ws/build/rmw_microxrcedds
