[0.015s] Invoking command in '/home/abhay/microros_ws/build/microxrcedds_client': CMAKE_PREFIX_PATH=/home/abhay/microros_ws/install/microcdr:/home/abhay/microros_ws/install/rosidl_typesupport_microxrcedds_cpp:/home/abhay/microros_ws/install/rosidl_typesupport_microxrcedds_c:/home/abhay/microros_ws/install/micro_ros_setup LD_LIBRARY_PATH=/home/abhay/microros_ws/install/microcdr/lib:/home/abhay/microros_ws/install/rosidl_typesupport_microxrcedds_cpp/lib:/home/abhay/microros_ws/install/rosidl_typesupport_microxrcedds_c/lib:/opt/ros/humble/opt/rviz_ogre_vendor/lib:/opt/ros/humble/lib/x86_64-linux-gnu:/opt/ros/humble/lib /usr/bin/cmake /home/abhay/microros_ws/src/eProsima/Micro-XRCE-DDS-Client -DBUILD_TESTING=OFF -DBUILD_SHARED_LIBS=ON -DUCLIENT_ISOLATED_INSTALL=OFF -DUCLIENT_SUPERBUILD=OFF -DBUILD_SHARED_LIBS=ON -DUCLIENT_PROFILE_MULTITHREAD=ON -DCMAKE_INSTALL_PREFIX=/home/abhay/microros_ws/install/microxrcedds_client
[0.083s] -- The C compiler identification is GNU 11.4.0
[0.091s] -- Detecting C compiler ABI info
[0.150s] -- Detecting C compiler ABI info - done
[0.160s] -- Check for working C compiler: /usr/bin/cc - skipped
[0.160s] -- Detecting C compile features
[0.160s] -- Detecting C compile features - done
[0.161s] -- Setting build type to 'Release' as none was specified.
[0.166s] -- Looking for pthread.h
[0.235s] -- Looking for pthread.h - found
[0.235s] -- Performing Test CMAKE_HAVE_LIBC_PTHREAD
[0.304s] -- Performing Test CMAKE_HAVE_LIBC_PTHREAD - Success
[0.305s] -- Found Threads: TRUE  
[0.307s] -- Configuring done
[0.311s] -- Generating done
[0.311s] [33mCMake Warning:
[0.311s]   Manually-specified variables were not used by the project:
[0.311s] 
[0.312s]     BUILD_TESTING
[0.312s] 
[0.312s] [0m
[0.312s] -- Build files have been written to: /home/abhay/microros_ws/build/microxrcedds_client
[0.314s] Invoked command in '/home/abhay/microros_ws/build/microxrcedds_client' returned '0': CMAKE_PREFIX_PATH=/home/abhay/microros_ws/install/microcdr:/home/abhay/microros_ws/install/rosidl_typesupport_microxrcedds_cpp:/home/abhay/microros_ws/install/rosidl_typesupport_microxrcedds_c:/home/abhay/microros_ws/install/micro_ros_setup LD_LIBRARY_PATH=/home/abhay/microros_ws/install/microcdr/lib:/home/abhay/microros_ws/install/rosidl_typesupport_microxrcedds_cpp/lib:/home/abhay/microros_ws/install/rosidl_typesupport_microxrcedds_c/lib:/opt/ros/humble/opt/rviz_ogre_vendor/lib:/opt/ros/humble/lib/x86_64-linux-gnu:/opt/ros/humble/lib /usr/bin/cmake /home/abhay/microros_ws/src/eProsima/Micro-XRCE-DDS-Client -DBUILD_TESTING=OFF -DBUILD_SHARED_LIBS=ON -DUCLIENT_ISOLATED_INSTALL=OFF -DUCLIENT_SUPERBUILD=OFF -DBUILD_SHARED_LIBS=ON -DUCLIENT_PROFILE_MULTITHREAD=ON -DCMAKE_INSTALL_PREFIX=/home/abhay/microros_ws/install/microxrcedds_client
[0.315s] Invoking command in '/home/abhay/microros_ws/build/microxrcedds_client': CMAKE_PREFIX_PATH=/home/abhay/microros_ws/install/microcdr:/home/abhay/microros_ws/install/rosidl_typesupport_microxrcedds_cpp:/home/abhay/microros_ws/install/rosidl_typesupport_microxrcedds_c:/home/abhay/microros_ws/install/micro_ros_setup LD_LIBRARY_PATH=/home/abhay/microros_ws/install/microcdr/lib:/home/abhay/microros_ws/install/rosidl_typesupport_microxrcedds_cpp/lib:/home/abhay/microros_ws/install/rosidl_typesupport_microxrcedds_c/lib:/opt/ros/humble/opt/rviz_ogre_vendor/lib:/opt/ros/humble/lib/x86_64-linux-gnu:/opt/ros/humble/lib /usr/bin/cmake --build /home/abhay/microros_ws/build/microxrcedds_client -- -j16 -l16
[0.373s] [  5%] [32mBuilding C object CMakeFiles/microxrcedds_client.dir/src/c/core/session/stream/stream_storage.c.o[0m
[0.373s] [  5%] [32mBuilding C object CMakeFiles/microxrcedds_client.dir/src/c/core/session/stream/output_best_effort_stream.c.o[0m
[0.374s] [  8%] [32mBuilding C object CMakeFiles/microxrcedds_client.dir/src/c/core/session/stream/stream_id.c.o[0m
[0.374s] [ 11%] [32mBuilding C object CMakeFiles/microxrcedds_client.dir/src/c/core/session/stream/seq_num.c.o[0m
[0.374s] [ 14%] [32mBuilding C object CMakeFiles/microxrcedds_client.dir/src/c/core/session/stream/input_best_effort_stream.c.o[0m
[0.374s] [ 20%] [32mBuilding C object CMakeFiles/microxrcedds_client.dir/src/c/core/session/stream/output_reliable_stream.c.o[0m
[0.375s] [ 20%] [32mBuilding C object CMakeFiles/microxrcedds_client.dir/src/c/core/session/stream/input_reliable_stream.c.o[0m
[0.376s] [ 22%] [32mBuilding C object CMakeFiles/microxrcedds_client.dir/src/c/core/session/session.c.o[0m
[0.387s] [ 25%] [32mBuilding C object CMakeFiles/microxrcedds_client.dir/src/c/core/session/session_info.c.o[0m
[0.411s] [ 28%] [32mBuilding C object CMakeFiles/microxrcedds_client.dir/src/c/core/session/object_id.c.o[0m
[0.412s] [ 31%] [32mBuilding C object CMakeFiles/microxrcedds_client.dir/src/c/core/session/submessage.c.o[0m
[0.417s] [ 34%] [32mBuilding C object CMakeFiles/microxrcedds_client.dir/src/c/core/serialization/xrce_header.c.o[0m
[0.417s] [ 37%] [32mBuilding C object CMakeFiles/microxrcedds_client.dir/src/c/util/time.c.o[0m
[0.417s] [ 40%] [32mBuilding C object CMakeFiles/microxrcedds_client.dir/src/c/core/serialization/xrce_subheader.c.o[0m
[0.419s] [ 42%] [32mBuilding C object CMakeFiles/microxrcedds_client.dir/src/c/util/ping.c.o[0m
[0.428s] [ 45%] [32mBuilding C object CMakeFiles/microxrcedds_client.dir/src/c/core/serialization/xrce_types.c.o[0m
[0.465s] [ 48%] [32mBuilding C object CMakeFiles/microxrcedds_client.dir/src/c/core/session/create_entities_ref.c.o[0m
[0.466s] [ 51%] [32mBuilding C object CMakeFiles/microxrcedds_client.dir/src/c/core/session/common_create_entities.c.o[0m
[0.478s] [ 54%] [32mBuilding C object CMakeFiles/microxrcedds_client.dir/src/c/core/session/create_entities_xml.c.o[0m
[0.480s] [ 57%] [32mBuilding C object CMakeFiles/microxrcedds_client.dir/src/c/core/session/read_access.c.o[0m
[0.484s] [ 60%] [32mBuilding C object CMakeFiles/microxrcedds_client.dir/src/c/core/session/create_entities_bin.c.o[0m
[0.495s] [ 62%] [32mBuilding C object CMakeFiles/microxrcedds_client.dir/src/c/core/session/write_access.c.o[0m
[0.499s] [ 65%] [32mBuilding C object CMakeFiles/microxrcedds_client.dir/src/c/profile/multithread/multithread.c.o[0m
[0.508s] [ 68%] [32mBuilding C object CMakeFiles/microxrcedds_client.dir/src/c/profile/transport/stream_framing/stream_framing_protocol.c.o[0m
[0.514s] [ 71%] [32mBuilding C object CMakeFiles/microxrcedds_client.dir/src/c/profile/transport/ip/udp/udp_transport.c.o[0m
[0.527s] [ 74%] [32mBuilding C object CMakeFiles/microxrcedds_client.dir/src/c/profile/transport/ip/udp/udp_transport_posix.c.o[0m
[0.537s] [ 77%] [32mBuilding C object CMakeFiles/microxrcedds_client.dir/src/c/profile/transport/ip/tcp/tcp_transport.c.o[0m
[0.540s] [ 80%] [32mBuilding C object CMakeFiles/microxrcedds_client.dir/src/c/profile/transport/ip/tcp/tcp_transport_posix.c.o[0m
[0.548s] [ 82%] [32mBuilding C object CMakeFiles/microxrcedds_client.dir/src/c/profile/transport/serial/serial_transport.c.o[0m
[0.550s] [ 85%] [32mBuilding C object CMakeFiles/microxrcedds_client.dir/src/c/profile/transport/serial/serial_transport_posix.c.o[0m
[0.559s] [ 88%] [32mBuilding C object CMakeFiles/microxrcedds_client.dir/src/c/profile/transport/ip/ip_posix.c.o[0m
[0.581s] [ 91%] [32mBuilding C object CMakeFiles/microxrcedds_client.dir/src/c/profile/discovery/discovery.c.o[0m
[0.610s] [ 94%] [32mBuilding C object CMakeFiles/microxrcedds_client.dir/src/c/profile/discovery/transport/udp_transport_datagram_posix.c.o[0m
[0.635s] [ 97%] [32mBuilding C object CMakeFiles/microxrcedds_client.dir/src/c/profile/transport/custom/custom_transport.c.o[0m
[1.078s] [100%] [32m[1mLinking C shared library libmicroxrcedds_client.so[0m
[1.127s] [100%] Built target microxrcedds_client
[1.136s] Invoked command in '/home/abhay/microros_ws/build/microxrcedds_client' returned '0': CMAKE_PREFIX_PATH=/home/abhay/microros_ws/install/microcdr:/home/abhay/microros_ws/install/rosidl_typesupport_microxrcedds_cpp:/home/abhay/microros_ws/install/rosidl_typesupport_microxrcedds_c:/home/abhay/microros_ws/install/micro_ros_setup LD_LIBRARY_PATH=/home/abhay/microros_ws/install/microcdr/lib:/home/abhay/microros_ws/install/rosidl_typesupport_microxrcedds_cpp/lib:/home/abhay/microros_ws/install/rosidl_typesupport_microxrcedds_c/lib:/opt/ros/humble/opt/rviz_ogre_vendor/lib:/opt/ros/humble/lib/x86_64-linux-gnu:/opt/ros/humble/lib /usr/bin/cmake --build /home/abhay/microros_ws/build/microxrcedds_client -- -j16 -l16
[1.206s] Invoking command in '/home/abhay/microros_ws/build/microxrcedds_client': CMAKE_PREFIX_PATH=/home/abhay/microros_ws/install/microcdr:/home/abhay/microros_ws/install/rosidl_typesupport_microxrcedds_cpp:/home/abhay/microros_ws/install/rosidl_typesupport_microxrcedds_c:/home/abhay/microros_ws/install/micro_ros_setup LD_LIBRARY_PATH=/home/abhay/microros_ws/install/microcdr/lib:/home/abhay/microros_ws/install/rosidl_typesupport_microxrcedds_cpp/lib:/home/abhay/microros_ws/install/rosidl_typesupport_microxrcedds_c/lib:/opt/ros/humble/opt/rviz_ogre_vendor/lib:/opt/ros/humble/lib/x86_64-linux-gnu:/opt/ros/humble/lib /usr/bin/cmake --install /home/abhay/microros_ws/build/microxrcedds_client
[1.212s] -- Install configuration: "Release"
[1.212s] -- Installing: /home/abhay/microros_ws/install/microxrcedds_client/lib/libmicroxrcedds_client.so.2.4.2
[1.212s] -- Installing: /home/abhay/microros_ws/install/microxrcedds_client/lib/libmicroxrcedds_client.so.2.4
[1.212s] -- Set runtime path of "/home/abhay/microros_ws/install/microxrcedds_client/lib/libmicroxrcedds_client.so.2.4.2" to ""
[1.212s] -- Installing: /home/abhay/microros_ws/install/microxrcedds_client/lib/libmicroxrcedds_client.so
[1.213s] -- Installing: /home/abhay/microros_ws/install/microxrcedds_client/include/uxr/client
[1.213s] -- Installing: /home/abhay/microros_ws/install/microxrcedds_client/include/uxr/client/transport.h
[1.213s] -- Installing: /home/abhay/microros_ws/install/microxrcedds_client/include/uxr/client/client.h
[1.213s] -- Installing: /home/abhay/microros_ws/install/microxrcedds_client/include/uxr/client/profile
[1.213s] -- Installing: /home/abhay/microros_ws/install/microxrcedds_client/include/uxr/client/profile/discovery
[1.213s] -- Installing: /home/abhay/microros_ws/install/microxrcedds_client/include/uxr/client/profile/discovery/discovery.h
[1.213s] -- Installing: /home/abhay/microros_ws/install/microxrcedds_client/include/uxr/client/profile/transport
[1.213s] -- Installing: /home/abhay/microros_ws/install/microxrcedds_client/include/uxr/client/profile/transport/can
[1.214s] -- Installing: /home/abhay/microros_ws/install/microxrcedds_client/include/uxr/client/profile/transport/can/can_transport.h
[1.214s] -- Installing: /home/abhay/microros_ws/install/microxrcedds_client/include/uxr/client/profile/transport/can/can_transport_posix.h
[1.214s] -- Installing: /home/abhay/microros_ws/install/microxrcedds_client/include/uxr/client/profile/transport/ip
[1.214s] -- Installing: /home/abhay/microros_ws/install/microxrcedds_client/include/uxr/client/profile/transport/ip/udp
[1.214s] -- Installing: /home/abhay/microros_ws/install/microxrcedds_client/include/uxr/client/profile/transport/ip/udp/udp_transport_posix_nopoll.h
[1.214s] -- Installing: /home/abhay/microros_ws/install/microxrcedds_client/include/uxr/client/profile/transport/ip/udp/udp_transport.h
[1.214s] -- Installing: /home/abhay/microros_ws/install/microxrcedds_client/include/uxr/client/profile/transport/ip/udp/udp_transport_posix.h
[1.214s] -- Installing: /home/abhay/microros_ws/install/microxrcedds_client/include/uxr/client/profile/transport/ip/udp/udp_transport_windows.h
[1.214s] -- Installing: /home/abhay/microros_ws/install/microxrcedds_client/include/uxr/client/profile/transport/ip/udp/udp_transport_rtems_bsd_net.h
[1.214s] -- Installing: /home/abhay/microros_ws/install/microxrcedds_client/include/uxr/client/profile/transport/ip/udp/udp_transport_freertos_plus_tcp.h
[1.214s] -- Installing: /home/abhay/microros_ws/install/microxrcedds_client/include/uxr/client/profile/transport/ip/tcp
[1.214s] -- Installing: /home/abhay/microros_ws/install/microxrcedds_client/include/uxr/client/profile/transport/ip/tcp/tcp_transport_windows.h
[1.215s] -- Installing: /home/abhay/microros_ws/install/microxrcedds_client/include/uxr/client/profile/transport/ip/tcp/tcp_transport.h
[1.215s] -- Installing: /home/abhay/microros_ws/install/microxrcedds_client/include/uxr/client/profile/transport/ip/tcp/tcp_transport_freertos_plus_tcp.h
[1.215s] -- Installing: /home/abhay/microros_ws/install/microxrcedds_client/include/uxr/client/profile/transport/ip/tcp/tcp_transport_rtems_bsd_net.h
[1.215s] -- Installing: /home/abhay/microros_ws/install/microxrcedds_client/include/uxr/client/profile/transport/ip/tcp/tcp_transport_posix.h
[1.215s] -- Installing: /home/abhay/microros_ws/install/microxrcedds_client/include/uxr/client/profile/transport/ip/tcp/tcp_transport_posix_nopoll.h
[1.215s] -- Installing: /home/abhay/microros_ws/install/microxrcedds_client/include/uxr/client/profile/transport/ip/ip.h
[1.215s] -- Installing: /home/abhay/microros_ws/install/microxrcedds_client/include/uxr/client/profile/transport/stream_framing
[1.215s] -- Installing: /home/abhay/microros_ws/install/microxrcedds_client/include/uxr/client/profile/transport/stream_framing/stream_framing_protocol.h
[1.215s] -- Installing: /home/abhay/microros_ws/install/microxrcedds_client/include/uxr/client/profile/transport/serial
[1.215s] -- Installing: /home/abhay/microros_ws/install/microxrcedds_client/include/uxr/client/profile/transport/serial/serial_transport.h
[1.215s] -- Installing: /home/abhay/microros_ws/install/microxrcedds_client/include/uxr/client/profile/transport/serial/serial_transport_platform.h
[1.216s] -- Installing: /home/abhay/microros_ws/install/microxrcedds_client/include/uxr/client/profile/transport/serial/serial_transport_rtems_bsd_net.h
[1.216s] -- Installing: /home/abhay/microros_ws/install/microxrcedds_client/include/uxr/client/profile/transport/serial/serial_transport_posix.h
[1.216s] -- Installing: /home/abhay/microros_ws/install/microxrcedds_client/include/uxr/client/profile/transport/custom
[1.216s] -- Installing: /home/abhay/microros_ws/install/microxrcedds_client/include/uxr/client/profile/transport/custom/custom_transport.h
[1.216s] -- Installing: /home/abhay/microros_ws/install/microxrcedds_client/include/uxr/client/profile/multithread
[1.216s] -- Installing: /home/abhay/microros_ws/install/microxrcedds_client/include/uxr/client/profile/multithread/multithread.h
[1.216s] -- Installing: /home/abhay/microros_ws/install/microxrcedds_client/include/uxr/client/defines.h
[1.216s] -- Installing: /home/abhay/microros_ws/install/microxrcedds_client/include/uxr/client/util
[1.216s] -- Installing: /home/abhay/microros_ws/install/microxrcedds_client/include/uxr/client/util/time.h
[1.216s] -- Installing: /home/abhay/microros_ws/install/microxrcedds_client/include/uxr/client/util/ping.h
[1.216s] -- Installing: /home/abhay/microros_ws/install/microxrcedds_client/include/uxr/client/core
[1.216s] -- Installing: /home/abhay/microros_ws/install/microxrcedds_client/include/uxr/client/core/communication
[1.217s] -- Installing: /home/abhay/microros_ws/install/microxrcedds_client/include/uxr/client/core/communication/communication.h
[1.217s] -- Installing: /home/abhay/microros_ws/install/microxrcedds_client/include/uxr/client/core/type
[1.217s] -- Installing: /home/abhay/microros_ws/install/microxrcedds_client/include/uxr/client/core/type/xrce_types.h
[1.217s] -- Installing: /home/abhay/microros_ws/install/microxrcedds_client/include/uxr/client/core/session
[1.217s] -- Installing: /home/abhay/microros_ws/install/microxrcedds_client/include/uxr/client/core/session/common_create_entities.h
[1.217s] -- Installing: /home/abhay/microros_ws/install/microxrcedds_client/include/uxr/client/core/session/session_info.h
[1.217s] -- Installing: /home/abhay/microros_ws/install/microxrcedds_client/include/uxr/client/core/session/create_entities_bin.h
[1.217s] -- Installing: /home/abhay/microros_ws/install/microxrcedds_client/include/uxr/client/core/session/session.h
[1.217s] -- Installing: /home/abhay/microros_ws/install/microxrcedds_client/include/uxr/client/core/session/write_access.h
[1.217s] -- Installing: /home/abhay/microros_ws/install/microxrcedds_client/include/uxr/client/core/session/stream
[1.217s] -- Installing: /home/abhay/microros_ws/install/microxrcedds_client/include/uxr/client/core/session/stream/input_best_effort_stream.h
[1.218s] -- Installing: /home/abhay/microros_ws/install/microxrcedds_client/include/uxr/client/core/session/stream/reliable_stream.h
[1.218s] -- Installing: /home/abhay/microros_ws/install/microxrcedds_client/include/uxr/client/core/session/stream/seq_num.h
[1.218s] -- Installing: /home/abhay/microros_ws/install/microxrcedds_client/include/uxr/client/core/session/stream/input_reliable_stream.h
[1.218s] -- Installing: /home/abhay/microros_ws/install/microxrcedds_client/include/uxr/client/core/session/stream/output_best_effort_stream.h
[1.218s] -- Installing: /home/abhay/microros_ws/install/microxrcedds_client/include/uxr/client/core/session/stream/stream_storage.h
[1.218s] -- Installing: /home/abhay/microros_ws/install/microxrcedds_client/include/uxr/client/core/session/stream/output_reliable_stream.h
[1.219s] -- Installing: /home/abhay/microros_ws/install/microxrcedds_client/include/uxr/client/core/session/stream/stream_id.h
[1.219s] -- Installing: /home/abhay/microros_ws/install/microxrcedds_client/include/uxr/client/core/session/create_entities_xml.h
[1.219s] -- Installing: /home/abhay/microros_ws/install/microxrcedds_client/include/uxr/client/core/session/create_entities_ref.h
[1.219s] -- Installing: /home/abhay/microros_ws/install/microxrcedds_client/include/uxr/client/core/session/time_sync.h
[1.219s] -- Installing: /home/abhay/microros_ws/install/microxrcedds_client/include/uxr/client/core/session/object_id.h
[1.219s] -- Installing: /home/abhay/microros_ws/install/microxrcedds_client/include/uxr/client/core/session/read_access.h
[1.219s] -- Installing: /home/abhay/microros_ws/install/microxrcedds_client/include/uxr/client/visibility.h
[1.219s] -- Installing: /home/abhay/microros_ws/install/microxrcedds_client/include/uxr/client/config.h
[1.219s] -- Installing: /home/abhay/microros_ws/install/microxrcedds_client/share/microxrcedds_client/cmake/microxrcedds_clientTargets.cmake
[1.219s] -- Installing: /home/abhay/microros_ws/install/microxrcedds_client/share/microxrcedds_client/cmake/microxrcedds_clientTargets-release.cmake
[1.220s] -- Installing: /home/abhay/microros_ws/install/microxrcedds_client/share/microxrcedds_client/cmake/microxrcedds_clientConfig.cmake
[1.220s] -- Installing: /home/abhay/microros_ws/install/microxrcedds_client/share/microxrcedds_client/cmake/microxrcedds_clientConfigVersion.cmake
[1.220s] Invoked command in '/home/abhay/microros_ws/build/microxrcedds_client' returned '0': CMAKE_PREFIX_PATH=/home/abhay/microros_ws/install/microcdr:/home/abhay/microros_ws/install/rosidl_typesupport_microxrcedds_cpp:/home/abhay/microros_ws/install/rosidl_typesupport_microxrcedds_c:/home/abhay/microros_ws/install/micro_ros_setup LD_LIBRARY_PATH=/home/abhay/microros_ws/install/microcdr/lib:/home/abhay/microros_ws/install/rosidl_typesupport_microxrcedds_cpp/lib:/home/abhay/microros_ws/install/rosidl_typesupport_microxrcedds_c/lib:/opt/ros/humble/opt/rviz_ogre_vendor/lib:/opt/ros/humble/lib/x86_64-linux-gnu:/opt/ros/humble/lib /usr/bin/cmake --install /home/abhay/microros_ws/build/microxrcedds_client
