[0.025s] Invoking command in '/home/abhay/microros_ws/build/builtin_interfaces': CMAKE_PREFIX_PATH=${CMAKE_PREFIX_PATH}:/home/abhay/ros2_ws/install/py_srvcli:/home/abhay/ros2_ws/install/my_robot_controller:/opt/ros/humble /usr/bin/cmake /home/abhay/microros_ws/src/ros2/rcl_interfaces/builtin_interfaces -DBUILD_TESTING=OFF -DBUILD_SHARED_LIBS=ON -DCMAKE_INSTALL_PREFIX=/home/abhay/microros_ws/install/builtin_interfaces
[0.077s] -- The C compiler identification is GNU 11.4.0
[0.123s] -- The CXX compiler identification is GNU 11.4.0
[0.130s] -- Detecting C compiler ABI info
[0.188s] -- Detecting C compiler ABI info - done
[0.199s] -- Check for working C compiler: /usr/bin/cc - skipped
[0.199s] -- Detecting C compile features
[0.199s] -- Detecting C compile features - done
[0.203s] -- Detecting CXX compiler ABI info
[0.294s] -- Detecting CXX compiler ABI info - done
[0.303s] -- Check for working CXX compiler: /usr/bin/c++ - skipped
[0.303s] -- Detecting CXX compile features
[0.304s] -- Detecting CXX compile features - done
[0.307s] -- Found ament_cmake: 1.3.8 (/opt/ros/humble/share/ament_cmake/cmake)
[0.500s] -- Found Python3: /usr/bin/python3 (found version "3.10.12") found components: Interpreter 
[0.619s] -- Found rosidl_default_generators: 1.2.0 (/opt/ros/humble/share/rosidl_default_generators/cmake)
[0.623s] -- Using all available rosidl_typesupport_c: rosidl_typesupport_microxrcedds_c;rosidl_typesupport_fastrtps_c;rosidl_typesupport_introspection_c
[0.632s] -- Found rosidl_adapter: 3.1.5 (/opt/ros/humble/share/rosidl_adapter/cmake)
[0.707s] -- Using all available rosidl_typesupport_cpp: rosidl_typesupport_microxrcedds_cpp;rosidl_typesupport_fastrtps_cpp;rosidl_typesupport_introspection_cpp
[1.065s] -- Found ament_cmake_ros: 0.10.0 (/opt/ros/humble/share/ament_cmake_ros/cmake)
[1.337s] -- Using all available rosidl_typesupport_c: rosidl_typesupport_microxrcedds_c;rosidl_typesupport_fastrtps_c;rosidl_typesupport_introspection_c
[1.593s] -- Using all available rosidl_typesupport_cpp: rosidl_typesupport_microxrcedds_cpp;rosidl_typesupport_fastrtps_cpp;rosidl_typesupport_introspection_cpp
[1.613s] -- Found PythonInterp: /usr/bin/python3 (found suitable version "3.10.12", minimum required is "3.6") 
[1.615s] -- Found python_cmake_module: 0.10.0 (/opt/ros/humble/share/python_cmake_module/cmake)
[1.637s] -- Found PythonLibs: /usr/lib/x86_64-linux-gnu/libpython3.10.so (found suitable version "3.10.12", minimum required is "3.5") 
[1.637s] -- Using PYTHON_EXECUTABLE: /usr/bin/python3
[1.637s] -- Using PYTHON_INCLUDE_DIRS: /usr/include/python3.10
[1.637s] -- Using PYTHON_LIBRARIES: /usr/lib/x86_64-linux-gnu/libpython3.10.so
[1.656s] -- Found PythonExtra: .so  
[1.687s] -- Configuring done
[1.710s] -- Generating done
[1.713s] -- Build files have been written to: /home/abhay/microros_ws/build/builtin_interfaces
[1.719s] Invoked command in '/home/abhay/microros_ws/build/builtin_interfaces' returned '0': CMAKE_PREFIX_PATH=${CMAKE_PREFIX_PATH}:/home/abhay/ros2_ws/install/py_srvcli:/home/abhay/ros2_ws/install/my_robot_controller:/opt/ros/humble /usr/bin/cmake /home/abhay/microros_ws/src/ros2/rcl_interfaces/builtin_interfaces -DBUILD_TESTING=OFF -DBUILD_SHARED_LIBS=ON -DCMAKE_INSTALL_PREFIX=/home/abhay/microros_ws/install/builtin_interfaces
[1.720s] Invoking command in '/home/abhay/microros_ws/build/builtin_interfaces': CMAKE_PREFIX_PATH=${CMAKE_PREFIX_PATH}:/home/abhay/ros2_ws/install/py_srvcli:/home/abhay/ros2_ws/install/my_robot_controller:/opt/ros/humble /usr/bin/cmake --build /home/abhay/microros_ws/build/builtin_interfaces -- -j16 -l16
[1.764s] [  2%] [34m[1mGenerating C code for ROS interfaces[0m
[1.776s] [  4%] [34m[1mGenerating C++ code for ROS interfaces[0m
[1.786s] [  4%] Built target ament_cmake_python_copy_builtin_interfaces
[2.163s] running egg_info
[2.164s] creating builtin_interfaces.egg-info
[2.164s] writing builtin_interfaces.egg-info/PKG-INFO
[2.164s] writing dependency_links to builtin_interfaces.egg-info/dependency_links.txt
[2.165s] writing top-level names to builtin_interfaces.egg-info/top_level.txt
[2.165s] writing manifest file 'builtin_interfaces.egg-info/SOURCES.txt'
[2.168s] reading manifest file 'builtin_interfaces.egg-info/SOURCES.txt'
[2.169s] writing manifest file 'builtin_interfaces.egg-info/SOURCES.txt'
[2.230s] [  4%] Built target ament_cmake_python_build_builtin_interfaces_egg
[2.258s] [  6%] [32mBuilding C object CMakeFiles/builtin_interfaces__rosidl_generator_c.dir/rosidl_generator_c/builtin_interfaces/msg/detail/time__functions.c.o[0m
[2.258s] [  8%] [32mBuilding C object CMakeFiles/builtin_interfaces__rosidl_generator_c.dir/rosidl_generator_c/builtin_interfaces/msg/detail/duration__functions.c.o[0m
[2.295s] [  8%] Built target builtin_interfaces__cpp
[2.317s] [ 10%] [32m[1mLinking C shared library libbuiltin_interfaces__rosidl_generator_c.so[0m
[2.317s] [ 12%] [34m[1mGenerating C++ type support for eProsima Fast-RTPS[0m
[2.321s] [ 16%] [34m[1mGenerating C++ type support for eProsima Micro XRCE-DDS[0m
[2.321s] [ 16%] [34m[1mGenerating C++ introspection for ROS interfaces[0m
[2.353s] [ 18%] [34m[1mGenerating C++ type support dispatch for ROS interfaces[0m
[2.367s] [ 18%] Built target builtin_interfaces__rosidl_generator_c
[2.403s] [ 20%] [34m[1mGenerating C introspection for ROS interfaces[0m
[2.407s] [ 22%] [34m[1mGenerating C type support dispatch for ROS interfaces[0m
[2.434s] [ 24%] [34m[1mGenerating C type support for eProsima Micro XRCE-DDS[0m
[2.434s] [ 26%] [34m[1mGenerating C type support for eProsima Fast-RTPS[0m
[2.965s] [ 28%] [32mBuilding CXX object CMakeFiles/builtin_interfaces__rosidl_typesupport_cpp.dir/rosidl_typesupport_cpp/builtin_interfaces/msg/duration__type_support.cpp.o[0m
[2.989s] [ 30%] [32mBuilding CXX object CMakeFiles/builtin_interfaces__rosidl_typesupport_cpp.dir/rosidl_typesupport_cpp/builtin_interfaces/msg/time__type_support.cpp.o[0m
[3.024s] [ 32%] [32mBuilding CXX object CMakeFiles/builtin_interfaces__rosidl_typesupport_introspection_cpp.dir/rosidl_typesupport_introspection_cpp/builtin_interfaces/msg/detail/duration__type_support.cpp.o[0m
[3.050s] [ 34%] [32mBuilding CXX object CMakeFiles/builtin_interfaces__rosidl_typesupport_c.dir/rosidl_typesupport_c/builtin_interfaces/msg/duration__type_support.cpp.o[0m
[3.064s] [ 36%] [32mBuilding CXX object CMakeFiles/builtin_interfaces__rosidl_typesupport_introspection_cpp.dir/rosidl_typesupport_introspection_cpp/builtin_interfaces/msg/detail/time__type_support.cpp.o[0m
[3.067s] [ 38%] [32mBuilding CXX object CMakeFiles/builtin_interfaces__rosidl_typesupport_c.dir/rosidl_typesupport_c/builtin_interfaces/msg/time__type_support.cpp.o[0m
[3.201s] [ 40%] [32m[1mLinking CXX shared library libbuiltin_interfaces__rosidl_typesupport_c.so[0m
[3.265s] [ 42%] [32mBuilding CXX object CMakeFiles/builtin_interfaces__rosidl_typesupport_microxrcedds_cpp.dir/rosidl_typesupport_microxrcedds_cpp/builtin_interfaces/msg/detail/microxrcedds/time__type_support_cpp.cpp.o[0m
[3.265s] [ 44%] [32mBuilding CXX object CMakeFiles/builtin_interfaces__rosidl_typesupport_fastrtps_cpp.dir/rosidl_typesupport_fastrtps_cpp/builtin_interfaces/msg/detail/dds_fastrtps/duration__type_support.cpp.o[0m
[3.276s] [ 46%] [32mBuilding CXX object CMakeFiles/builtin_interfaces__rosidl_typesupport_fastrtps_cpp.dir/rosidl_typesupport_fastrtps_cpp/builtin_interfaces/msg/detail/dds_fastrtps/time__type_support.cpp.o[0m
[3.284s] [ 48%] [32mBuilding CXX object CMakeFiles/builtin_interfaces__rosidl_typesupport_microxrcedds_cpp.dir/rosidl_typesupport_microxrcedds_cpp/builtin_interfaces/msg/detail/microxrcedds/duration__type_support_cpp.cpp.o[0m
[3.316s] [ 51%] [32mBuilding C object CMakeFiles/builtin_interfaces__rosidl_typesupport_microxrcedds_c.dir/rosidl_typesupport_microxrcedds_c/builtin_interfaces/msg/detail/microxrcedds/duration__type_support_c.c.o[0m
[3.354s] [ 53%] [32mBuilding C object CMakeFiles/builtin_interfaces__rosidl_typesupport_microxrcedds_c.dir/rosidl_typesupport_microxrcedds_c/builtin_interfaces/msg/detail/microxrcedds/time__type_support_c.c.o[0m
[3.380s] [ 53%] Built target builtin_interfaces__rosidl_typesupport_c
[3.428s] [ 55%] [32mBuilding C object CMakeFiles/builtin_interfaces__rosidl_typesupport_introspection_c.dir/rosidl_typesupport_introspection_c/builtin_interfaces/msg/detail/time__type_support.c.o[0m
[3.439s] [ 57%] [32mBuilding C object CMakeFiles/builtin_interfaces__rosidl_typesupport_introspection_c.dir/rosidl_typesupport_introspection_c/builtin_interfaces/msg/detail/duration__type_support.c.o[0m
[3.584s] [ 59%] [32m[1mLinking C shared library libbuiltin_interfaces__rosidl_typesupport_microxrcedds_c.so[0m
[3.626s] [ 61%] [32m[1mLinking C shared library libbuiltin_interfaces__rosidl_typesupport_introspection_c.so[0m
[3.812s] [ 61%] Built target builtin_interfaces__rosidl_typesupport_microxrcedds_c
[3.838s] [ 61%] Built target builtin_interfaces__rosidl_typesupport_introspection_c
[3.894s] [ 63%] [32mBuilding CXX object CMakeFiles/builtin_interfaces__rosidl_typesupport_fastrtps_c.dir/rosidl_typesupport_fastrtps_c/builtin_interfaces/msg/detail/duration__type_support_c.cpp.o[0m
[3.942s] [ 65%] [32mBuilding CXX object CMakeFiles/builtin_interfaces__rosidl_typesupport_fastrtps_c.dir/rosidl_typesupport_fastrtps_c/builtin_interfaces/msg/detail/time__type_support_c.cpp.o[0m
[4.105s] [ 67%] [32m[1mLinking CXX shared library libbuiltin_interfaces__rosidl_typesupport_cpp.so[0m
[4.268s] [ 67%] Built target builtin_interfaces__rosidl_typesupport_cpp
[4.388s] [ 69%] [32m[1mLinking CXX shared library libbuiltin_interfaces__rosidl_typesupport_microxrcedds_cpp.so[0m
[4.636s] [ 69%] Built target builtin_interfaces__rosidl_typesupport_microxrcedds_cpp
[4.665s] [ 71%] [32m[1mLinking CXX shared library libbuiltin_interfaces__rosidl_typesupport_introspection_cpp.so[0m
[4.846s] [ 73%] [32m[1mLinking CXX shared library libbuiltin_interfaces__rosidl_typesupport_fastrtps_cpp.so[0m
[4.874s] [ 73%] Built target builtin_interfaces__rosidl_typesupport_introspection_cpp
[5.054s] [ 75%] [32m[1mLinking CXX shared library libbuiltin_interfaces__rosidl_typesupport_fastrtps_c.so[0m
[5.349s] [ 75%] Built target builtin_interfaces__rosidl_typesupport_fastrtps_cpp
[5.406s] [ 75%] Built target builtin_interfaces__rosidl_typesupport_fastrtps_c
[5.449s] [ 75%] Built target builtin_interfaces
[5.473s] [ 77%] [34m[1mGenerating Python code for ROS interfaces[0m
[6.209s] [ 77%] Built target builtin_interfaces__py
[6.238s] [ 79%] [32mBuilding C object CMakeFiles/builtin_interfaces__rosidl_generator_py.dir/rosidl_generator_py/builtin_interfaces/msg/_duration_s.c.o[0m
[6.251s] [ 81%] [32mBuilding C object CMakeFiles/builtin_interfaces__rosidl_generator_py.dir/rosidl_generator_py/builtin_interfaces/msg/_time_s.c.o[0m
[6.380s] [ 83%] [32m[1mLinking C shared library rosidl_generator_py/builtin_interfaces/libbuiltin_interfaces__rosidl_generator_py.so[0m
[6.434s] [ 83%] Built target builtin_interfaces__rosidl_generator_py
[6.466s] [ 85%] [32mBuilding C object CMakeFiles/builtin_interfaces__rosidl_typesupport_c__pyext.dir/rosidl_generator_py/builtin_interfaces/_builtin_interfaces_s.ep.rosidl_typesupport_c.c.o[0m
[6.472s] [ 87%] [32mBuilding C object CMakeFiles/builtin_interfaces__rosidl_typesupport_fastrtps_c__pyext.dir/rosidl_generator_py/builtin_interfaces/_builtin_interfaces_s.ep.rosidl_typesupport_fastrtps_c.c.o[0m
[6.477s] [ 89%] [32mBuilding C object CMakeFiles/builtin_interfaces__rosidl_typesupport_microxrcedds_c__pyext.dir/rosidl_generator_py/builtin_interfaces/_builtin_interfaces_s.ep.rosidl_typesupport_microxrcedds_c.c.o[0m
[6.549s] [ 91%] [32mBuilding C object CMakeFiles/builtin_interfaces__rosidl_typesupport_introspection_c__pyext.dir/rosidl_generator_py/builtin_interfaces/_builtin_interfaces_s.ep.rosidl_typesupport_introspection_c.c.o[0m
[6.639s] [ 93%] [32m[1mLinking C shared library rosidl_generator_py/builtin_interfaces/builtin_interfaces_s__rosidl_typesupport_fastrtps_c.cpython-310-x86_64-linux-gnu.so[0m
[6.656s] [ 95%] [32m[1mLinking C shared library rosidl_generator_py/builtin_interfaces/builtin_interfaces_s__rosidl_typesupport_microxrcedds_c.cpython-310-x86_64-linux-gnu.so[0m
[6.663s] [ 97%] [32m[1mLinking C shared library rosidl_generator_py/builtin_interfaces/builtin_interfaces_s__rosidl_typesupport_c.cpython-310-x86_64-linux-gnu.so[0m
[6.763s] [ 97%] Built target builtin_interfaces__rosidl_typesupport_fastrtps_c__pyext
[6.779s] [ 97%] Built target builtin_interfaces__rosidl_typesupport_c__pyext
[6.783s] [ 97%] Built target builtin_interfaces__rosidl_typesupport_microxrcedds_c__pyext
[6.827s] [100%] [32m[1mLinking C shared library rosidl_generator_py/builtin_interfaces/builtin_interfaces_s__rosidl_typesupport_introspection_c.cpython-310-x86_64-linux-gnu.so[0m
[6.932s] [100%] Built target builtin_interfaces__rosidl_typesupport_introspection_c__pyext
[6.965s] Invoked command in '/home/abhay/microros_ws/build/builtin_interfaces' returned '0': CMAKE_PREFIX_PATH=${CMAKE_PREFIX_PATH}:/home/abhay/ros2_ws/install/py_srvcli:/home/abhay/ros2_ws/install/my_robot_controller:/opt/ros/humble /usr/bin/cmake --build /home/abhay/microros_ws/build/builtin_interfaces -- -j16 -l16
[7.548s] Invoking command in '/home/abhay/microros_ws/build/builtin_interfaces': CMAKE_PREFIX_PATH=${CMAKE_PREFIX_PATH}:/home/abhay/ros2_ws/install/py_srvcli:/home/abhay/ros2_ws/install/my_robot_controller:/opt/ros/humble /usr/bin/cmake --install /home/abhay/microros_ws/build/builtin_interfaces
[7.561s] -- Install configuration: ""
[7.561s] -- Installing: /home/abhay/microros_ws/install/builtin_interfaces/share/ament_index/resource_index/rosidl_interfaces/builtin_interfaces
[7.561s] -- Installing: /home/abhay/microros_ws/install/builtin_interfaces/include/builtin_interfaces/builtin_interfaces
[7.561s] -- Installing: /home/abhay/microros_ws/install/builtin_interfaces/include/builtin_interfaces/builtin_interfaces/msg
[7.561s] -- Installing: /home/abhay/microros_ws/install/builtin_interfaces/include/builtin_interfaces/builtin_interfaces/msg/rosidl_generator_c__visibility_control.h
[7.562s] -- Installing: /home/abhay/microros_ws/install/builtin_interfaces/include/builtin_interfaces/builtin_interfaces/msg/detail
[7.562s] -- Installing: /home/abhay/microros_ws/install/builtin_interfaces/include/builtin_interfaces/builtin_interfaces/msg/detail/duration__struct.h
[7.562s] -- Installing: /home/abhay/microros_ws/install/builtin_interfaces/include/builtin_interfaces/builtin_interfaces/msg/detail/time__type_support.h
[7.562s] -- Installing: /home/abhay/microros_ws/install/builtin_interfaces/include/builtin_interfaces/builtin_interfaces/msg/detail/duration__functions.c
[7.562s] -- Installing: /home/abhay/microros_ws/install/builtin_interfaces/include/builtin_interfaces/builtin_interfaces/msg/detail/time__functions.c
[7.562s] -- Installing: /home/abhay/microros_ws/install/builtin_interfaces/include/builtin_interfaces/builtin_interfaces/msg/detail/duration__type_support.h
[7.563s] -- Installing: /home/abhay/microros_ws/install/builtin_interfaces/include/builtin_interfaces/builtin_interfaces/msg/detail/duration__functions.h
[7.563s] -- Installing: /home/abhay/microros_ws/install/builtin_interfaces/include/builtin_interfaces/builtin_interfaces/msg/detail/time__struct.h
[7.563s] -- Installing: /home/abhay/microros_ws/install/builtin_interfaces/include/builtin_interfaces/builtin_interfaces/msg/detail/time__functions.h
[7.563s] -- Installing: /home/abhay/microros_ws/install/builtin_interfaces/include/builtin_interfaces/builtin_interfaces/msg/time.h
[7.563s] -- Installing: /home/abhay/microros_ws/install/builtin_interfaces/include/builtin_interfaces/builtin_interfaces/msg/duration.h
[7.563s] -- Installing: /home/abhay/microros_ws/install/builtin_interfaces/share/builtin_interfaces/environment/library_path.sh
[7.563s] -- Installing: /home/abhay/microros_ws/install/builtin_interfaces/share/builtin_interfaces/environment/library_path.dsv
[7.564s] -- Installing: /home/abhay/microros_ws/install/builtin_interfaces/lib/libbuiltin_interfaces__rosidl_generator_c.so
[7.564s] -- Set runtime path of "/home/abhay/microros_ws/install/builtin_interfaces/lib/libbuiltin_interfaces__rosidl_generator_c.so" to ""
[7.564s] -- Up-to-date: /home/abhay/microros_ws/install/builtin_interfaces/include/builtin_interfaces
[7.564s] -- Installing: /home/abhay/microros_ws/install/builtin_interfaces/include/builtin_interfaces/msg
[7.564s] -- Installing: /home/abhay/microros_ws/install/builtin_interfaces/include/builtin_interfaces/msg/detail
[7.564s] -- Installing: /home/abhay/microros_ws/install/builtin_interfaces/include/builtin_interfaces/msg/detail/microxrcedds
[7.565s] -- Installing: /home/abhay/microros_ws/install/builtin_interfaces/include/builtin_interfaces/msg/detail/time__rosidl_typesupport_microxrcedds_c.h
[7.565s] -- Installing: /home/abhay/microros_ws/install/builtin_interfaces/include/builtin_interfaces/msg/detail/duration__rosidl_typesupport_microxrcedds_c.h
[7.565s] -- Installing: /home/abhay/microros_ws/install/builtin_interfaces/include/builtin_interfaces/msg/rosidl_typesupport_microxrcedds_c__visibility_control.h
[7.565s] -- Installing: /home/abhay/microros_ws/install/builtin_interfaces/lib/libbuiltin_interfaces__rosidl_typesupport_microxrcedds_c.so
[7.565s] -- Set runtime path of "/home/abhay/microros_ws/install/builtin_interfaces/lib/libbuiltin_interfaces__rosidl_typesupport_microxrcedds_c.so" to ""
[7.565s] -- Up-to-date: /home/abhay/microros_ws/install/builtin_interfaces/include/builtin_interfaces/builtin_interfaces
[7.565s] -- Up-to-date: /home/abhay/microros_ws/install/builtin_interfaces/include/builtin_interfaces/builtin_interfaces/msg
[7.566s] -- Up-to-date: /home/abhay/microros_ws/install/builtin_interfaces/include/builtin_interfaces/builtin_interfaces/msg/detail
[7.566s] -- Installing: /home/abhay/microros_ws/install/builtin_interfaces/include/builtin_interfaces/builtin_interfaces/msg/detail/time__rosidl_typesupport_fastrtps_c.h
[7.566s] -- Installing: /home/abhay/microros_ws/install/builtin_interfaces/include/builtin_interfaces/builtin_interfaces/msg/detail/duration__rosidl_typesupport_fastrtps_c.h
[7.566s] -- Installing: /home/abhay/microros_ws/install/builtin_interfaces/include/builtin_interfaces/builtin_interfaces/msg/rosidl_typesupport_fastrtps_c__visibility_control.h
[7.566s] -- Installing: /home/abhay/microros_ws/install/builtin_interfaces/lib/libbuiltin_interfaces__rosidl_typesupport_fastrtps_c.so
[7.567s] -- Set runtime path of "/home/abhay/microros_ws/install/builtin_interfaces/lib/libbuiltin_interfaces__rosidl_typesupport_fastrtps_c.so" to ""
[7.567s] -- Up-to-date: /home/abhay/microros_ws/install/builtin_interfaces/include/builtin_interfaces/builtin_interfaces
[7.567s] -- Up-to-date: /home/abhay/microros_ws/install/builtin_interfaces/include/builtin_interfaces/builtin_interfaces/msg
[7.567s] -- Up-to-date: /home/abhay/microros_ws/install/builtin_interfaces/include/builtin_interfaces/builtin_interfaces/msg/detail
[7.567s] -- Installing: /home/abhay/microros_ws/install/builtin_interfaces/include/builtin_interfaces/builtin_interfaces/msg/detail/time__rosidl_typesupport_introspection_c.h
[7.567s] -- Installing: /home/abhay/microros_ws/install/builtin_interfaces/include/builtin_interfaces/builtin_interfaces/msg/detail/time__type_support.c
[7.567s] -- Installing: /home/abhay/microros_ws/install/builtin_interfaces/include/builtin_interfaces/builtin_interfaces/msg/detail/duration__type_support.c
[7.567s] -- Installing: /home/abhay/microros_ws/install/builtin_interfaces/include/builtin_interfaces/builtin_interfaces/msg/detail/duration__rosidl_typesupport_introspection_c.h
[7.567s] -- Installing: /home/abhay/microros_ws/install/builtin_interfaces/include/builtin_interfaces/builtin_interfaces/msg/rosidl_typesupport_introspection_c__visibility_control.h
[7.567s] -- Installing: /home/abhay/microros_ws/install/builtin_interfaces/lib/libbuiltin_interfaces__rosidl_typesupport_introspection_c.so
[7.567s] -- Set runtime path of "/home/abhay/microros_ws/install/builtin_interfaces/lib/libbuiltin_interfaces__rosidl_typesupport_introspection_c.so" to ""
[7.567s] -- Installing: /home/abhay/microros_ws/install/builtin_interfaces/lib/libbuiltin_interfaces__rosidl_typesupport_c.so
[7.568s] -- Set runtime path of "/home/abhay/microros_ws/install/builtin_interfaces/lib/libbuiltin_interfaces__rosidl_typesupport_c.so" to ""
[7.568s] -- Up-to-date: /home/abhay/microros_ws/install/builtin_interfaces/include/builtin_interfaces/builtin_interfaces
[7.568s] -- Up-to-date: /home/abhay/microros_ws/install/builtin_interfaces/include/builtin_interfaces/builtin_interfaces/msg
[7.568s] -- Installing: /home/abhay/microros_ws/install/builtin_interfaces/include/builtin_interfaces/builtin_interfaces/msg/time.hpp
[7.568s] -- Up-to-date: /home/abhay/microros_ws/install/builtin_interfaces/include/builtin_interfaces/builtin_interfaces/msg/detail
[7.568s] -- Installing: /home/abhay/microros_ws/install/builtin_interfaces/include/builtin_interfaces/builtin_interfaces/msg/detail/duration__builder.hpp
[7.568s] -- Installing: /home/abhay/microros_ws/install/builtin_interfaces/include/builtin_interfaces/builtin_interfaces/msg/detail/duration__struct.hpp
[7.568s] -- Installing: /home/abhay/microros_ws/install/builtin_interfaces/include/builtin_interfaces/builtin_interfaces/msg/detail/time__struct.hpp
[7.568s] -- Installing: /home/abhay/microros_ws/install/builtin_interfaces/include/builtin_interfaces/builtin_interfaces/msg/detail/time__builder.hpp
[7.569s] -- Installing: /home/abhay/microros_ws/install/builtin_interfaces/include/builtin_interfaces/builtin_interfaces/msg/detail/duration__traits.hpp
[7.569s] -- Installing: /home/abhay/microros_ws/install/builtin_interfaces/include/builtin_interfaces/builtin_interfaces/msg/detail/time__traits.hpp
[7.569s] -- Installing: /home/abhay/microros_ws/install/builtin_interfaces/include/builtin_interfaces/builtin_interfaces/msg/duration.hpp
[7.569s] -- Up-to-date: /home/abhay/microros_ws/install/builtin_interfaces/include/builtin_interfaces
[7.569s] -- Up-to-date: /home/abhay/microros_ws/install/builtin_interfaces/include/builtin_interfaces/msg
[7.569s] -- Up-to-date: /home/abhay/microros_ws/install/builtin_interfaces/include/builtin_interfaces/msg/detail
[7.569s] -- Installing: /home/abhay/microros_ws/install/builtin_interfaces/include/builtin_interfaces/msg/detail/time__rosidl_typesupport_microxrcedds_cpp.hpp
[7.569s] -- Up-to-date: /home/abhay/microros_ws/install/builtin_interfaces/include/builtin_interfaces/msg/detail/microxrcedds
[7.569s] -- Installing: /home/abhay/microros_ws/install/builtin_interfaces/include/builtin_interfaces/msg/detail/microxrcedds/time__type_support_cpp.cpp
[7.569s] -- Installing: /home/abhay/microros_ws/install/builtin_interfaces/include/builtin_interfaces/msg/detail/microxrcedds/duration__type_support_cpp.cpp
[7.570s] -- Installing: /home/abhay/microros_ws/install/builtin_interfaces/include/builtin_interfaces/msg/detail/duration__rosidl_typesupport_microxrcedds_cpp.hpp
[7.570s] -- Installing: /home/abhay/microros_ws/install/builtin_interfaces/include/builtin_interfaces/msg/rosidl_typesupport_microxrcedds_cpp__visibility_control.h
[7.570s] -- Installing: /home/abhay/microros_ws/install/builtin_interfaces/lib/libbuiltin_interfaces__rosidl_typesupport_microxrcedds_cpp.so
[7.572s] -- Set runtime path of "/home/abhay/microros_ws/install/builtin_interfaces/lib/libbuiltin_interfaces__rosidl_typesupport_microxrcedds_cpp.so" to ""
[7.573s] -- Up-to-date: /home/abhay/microros_ws/install/builtin_interfaces/include/builtin_interfaces/builtin_interfaces
[7.573s] -- Up-to-date: /home/abhay/microros_ws/install/builtin_interfaces/include/builtin_interfaces/builtin_interfaces/msg
[7.573s] -- Up-to-date: /home/abhay/microros_ws/install/builtin_interfaces/include/builtin_interfaces/builtin_interfaces/msg/detail
[7.573s] -- Installing: /home/abhay/microros_ws/install/builtin_interfaces/include/builtin_interfaces/builtin_interfaces/msg/detail/time__rosidl_typesupport_fastrtps_cpp.hpp
[7.573s] -- Installing: /home/abhay/microros_ws/install/builtin_interfaces/include/builtin_interfaces/builtin_interfaces/msg/detail/dds_fastrtps
[7.573s] -- Installing: /home/abhay/microros_ws/install/builtin_interfaces/include/builtin_interfaces/builtin_interfaces/msg/detail/duration__rosidl_typesupport_fastrtps_cpp.hpp
[7.573s] -- Installing: /home/abhay/microros_ws/install/builtin_interfaces/include/builtin_interfaces/builtin_interfaces/msg/rosidl_typesupport_fastrtps_cpp__visibility_control.h
[7.574s] -- Installing: /home/abhay/microros_ws/install/builtin_interfaces/lib/libbuiltin_interfaces__rosidl_typesupport_fastrtps_cpp.so
[7.576s] -- Set runtime path of "/home/abhay/microros_ws/install/builtin_interfaces/lib/libbuiltin_interfaces__rosidl_typesupport_fastrtps_cpp.so" to ""
[7.576s] -- Up-to-date: /home/abhay/microros_ws/install/builtin_interfaces/include/builtin_interfaces/builtin_interfaces
[7.576s] -- Up-to-date: /home/abhay/microros_ws/install/builtin_interfaces/include/builtin_interfaces/builtin_interfaces/msg
[7.576s] -- Up-to-date: /home/abhay/microros_ws/install/builtin_interfaces/include/builtin_interfaces/builtin_interfaces/msg/detail
[7.576s] -- Installing: /home/abhay/microros_ws/install/builtin_interfaces/include/builtin_interfaces/builtin_interfaces/msg/detail/time__type_support.cpp
[7.576s] -- Installing: /home/abhay/microros_ws/install/builtin_interfaces/include/builtin_interfaces/builtin_interfaces/msg/detail/time__rosidl_typesupport_introspection_cpp.hpp
[7.576s] -- Installing: /home/abhay/microros_ws/install/builtin_interfaces/include/builtin_interfaces/builtin_interfaces/msg/detail/duration__rosidl_typesupport_introspection_cpp.hpp
[7.576s] -- Installing: /home/abhay/microros_ws/install/builtin_interfaces/include/builtin_interfaces/builtin_interfaces/msg/detail/duration__type_support.cpp
[7.577s] -- Installing: /home/abhay/microros_ws/install/builtin_interfaces/lib/libbuiltin_interfaces__rosidl_typesupport_introspection_cpp.so
[7.577s] -- Set runtime path of "/home/abhay/microros_ws/install/builtin_interfaces/lib/libbuiltin_interfaces__rosidl_typesupport_introspection_cpp.so" to ""
[7.577s] -- Installing: /home/abhay/microros_ws/install/builtin_interfaces/lib/libbuiltin_interfaces__rosidl_typesupport_cpp.so
[7.578s] -- Set runtime path of "/home/abhay/microros_ws/install/builtin_interfaces/lib/libbuiltin_interfaces__rosidl_typesupport_cpp.so" to ""
[7.578s] -- Installing: /home/abhay/microros_ws/install/builtin_interfaces/share/builtin_interfaces/environment/pythonpath.sh
[7.578s] -- Installing: /home/abhay/microros_ws/install/builtin_interfaces/share/builtin_interfaces/environment/pythonpath.dsv
[7.578s] -- Installing: /home/abhay/microros_ws/install/builtin_interfaces/local/lib/python3.10/dist-packages/builtin_interfaces-1.2.1-py3.10.egg-info
[7.578s] -- Installing: /home/abhay/microros_ws/install/builtin_interfaces/local/lib/python3.10/dist-packages/builtin_interfaces-1.2.1-py3.10.egg-info/top_level.txt
[7.578s] -- Installing: /home/abhay/microros_ws/install/builtin_interfaces/local/lib/python3.10/dist-packages/builtin_interfaces-1.2.1-py3.10.egg-info/SOURCES.txt
[7.579s] -- Installing: /home/abhay/microros_ws/install/builtin_interfaces/local/lib/python3.10/dist-packages/builtin_interfaces-1.2.1-py3.10.egg-info/dependency_links.txt
[7.579s] -- Installing: /home/abhay/microros_ws/install/builtin_interfaces/local/lib/python3.10/dist-packages/builtin_interfaces-1.2.1-py3.10.egg-info/PKG-INFO
[7.579s] -- Installing: /home/abhay/microros_ws/install/builtin_interfaces/local/lib/python3.10/dist-packages/builtin_interfaces
[7.579s] -- Installing: /home/abhay/microros_ws/install/builtin_interfaces/local/lib/python3.10/dist-packages/builtin_interfaces/_builtin_interfaces_s.ep.rosidl_typesupport_fastrtps_c.c
[7.579s] -- Installing: /home/abhay/microros_ws/install/builtin_interfaces/local/lib/python3.10/dist-packages/builtin_interfaces/msg
[7.590s] -- Installing: /home/abhay/microros_ws/install/builtin_interfaces/local/lib/python3.10/dist-packages/builtin_interfaces/msg/_time_s.c
[7.590s] -- Installing: /home/abhay/microros_ws/install/builtin_interfaces/local/lib/python3.10/dist-packages/builtin_interfaces/msg/_time.py
[7.590s] -- Installing: /home/abhay/microros_ws/install/builtin_interfaces/local/lib/python3.10/dist-packages/builtin_interfaces/msg/_duration_s.c
[7.590s] -- Installing: /home/abhay/microros_ws/install/builtin_interfaces/local/lib/python3.10/dist-packages/builtin_interfaces/msg/_duration.py
[7.590s] -- Installing: /home/abhay/microros_ws/install/builtin_interfaces/local/lib/python3.10/dist-packages/builtin_interfaces/msg/__init__.py
[7.590s] -- Installing: /home/abhay/microros_ws/install/builtin_interfaces/local/lib/python3.10/dist-packages/builtin_interfaces/builtin_interfaces_s__rosidl_typesupport_introspection_c.cpython-310-x86_64-linux-gnu.so
[7.591s] -- Installing: /home/abhay/microros_ws/install/builtin_interfaces/local/lib/python3.10/dist-packages/builtin_interfaces/builtin_interfaces_s__rosidl_typesupport_microxrcedds_c.cpython-310-x86_64-linux-gnu.so
[7.591s] -- Installing: /home/abhay/microros_ws/install/builtin_interfaces/local/lib/python3.10/dist-packages/builtin_interfaces/builtin_interfaces_s__rosidl_typesupport_c.cpython-310-x86_64-linux-gnu.so
[7.591s] -- Installing: /home/abhay/microros_ws/install/builtin_interfaces/local/lib/python3.10/dist-packages/builtin_interfaces/_builtin_interfaces_s.ep.rosidl_typesupport_introspection_c.c
[7.591s] -- Installing: /home/abhay/microros_ws/install/builtin_interfaces/local/lib/python3.10/dist-packages/builtin_interfaces/builtin_interfaces_s__rosidl_typesupport_fastrtps_c.cpython-310-x86_64-linux-gnu.so
[7.591s] -- Installing: /home/abhay/microros_ws/install/builtin_interfaces/local/lib/python3.10/dist-packages/builtin_interfaces/_builtin_interfaces_s.ep.rosidl_typesupport_microxrcedds_c.c
[7.591s] -- Installing: /home/abhay/microros_ws/install/builtin_interfaces/local/lib/python3.10/dist-packages/builtin_interfaces/libbuiltin_interfaces__rosidl_generator_py.so
[7.591s] -- Installing: /home/abhay/microros_ws/install/builtin_interfaces/local/lib/python3.10/dist-packages/builtin_interfaces/__init__.py
[7.591s] -- Installing: /home/abhay/microros_ws/install/builtin_interfaces/local/lib/python3.10/dist-packages/builtin_interfaces/_builtin_interfaces_s.ep.rosidl_typesupport_c.c
[7.648s] Listing '/home/abhay/microros_ws/install/builtin_interfaces/local/lib/python3.10/dist-packages/builtin_interfaces'...
[7.648s] Compiling '/home/abhay/microros_ws/install/builtin_interfaces/local/lib/python3.10/dist-packages/builtin_interfaces/__init__.py'...
[7.648s] Listing '/home/abhay/microros_ws/install/builtin_interfaces/local/lib/python3.10/dist-packages/builtin_interfaces/msg'...
[7.648s] Compiling '/home/abhay/microros_ws/install/builtin_interfaces/local/lib/python3.10/dist-packages/builtin_interfaces/msg/__init__.py'...
[7.648s] Compiling '/home/abhay/microros_ws/install/builtin_interfaces/local/lib/python3.10/dist-packages/builtin_interfaces/msg/_duration.py'...
[7.648s] Compiling '/home/abhay/microros_ws/install/builtin_interfaces/local/lib/python3.10/dist-packages/builtin_interfaces/msg/_time.py'...
[7.662s] -- Installing: /home/abhay/microros_ws/install/builtin_interfaces/local/lib/python3.10/dist-packages/builtin_interfaces/builtin_interfaces_s__rosidl_typesupport_microxrcedds_c.cpython-310-x86_64-linux-gnu.so
[7.663s] -- Set runtime path of "/home/abhay/microros_ws/install/builtin_interfaces/local/lib/python3.10/dist-packages/builtin_interfaces/builtin_interfaces_s__rosidl_typesupport_microxrcedds_c.cpython-310-x86_64-linux-gnu.so" to ""
[7.664s] -- Installing: /home/abhay/microros_ws/install/builtin_interfaces/local/lib/python3.10/dist-packages/builtin_interfaces/builtin_interfaces_s__rosidl_typesupport_fastrtps_c.cpython-310-x86_64-linux-gnu.so
[7.665s] -- Set runtime path of "/home/abhay/microros_ws/install/builtin_interfaces/local/lib/python3.10/dist-packages/builtin_interfaces/builtin_interfaces_s__rosidl_typesupport_fastrtps_c.cpython-310-x86_64-linux-gnu.so" to ""
[7.665s] -- Installing: /home/abhay/microros_ws/install/builtin_interfaces/local/lib/python3.10/dist-packages/builtin_interfaces/builtin_interfaces_s__rosidl_typesupport_introspection_c.cpython-310-x86_64-linux-gnu.so
[7.666s] -- Set runtime path of "/home/abhay/microros_ws/install/builtin_interfaces/local/lib/python3.10/dist-packages/builtin_interfaces/builtin_interfaces_s__rosidl_typesupport_introspection_c.cpython-310-x86_64-linux-gnu.so" to ""
[7.666s] -- Installing: /home/abhay/microros_ws/install/builtin_interfaces/local/lib/python3.10/dist-packages/builtin_interfaces/builtin_interfaces_s__rosidl_typesupport_c.cpython-310-x86_64-linux-gnu.so
[7.667s] -- Set runtime path of "/home/abhay/microros_ws/install/builtin_interfaces/local/lib/python3.10/dist-packages/builtin_interfaces/builtin_interfaces_s__rosidl_typesupport_c.cpython-310-x86_64-linux-gnu.so" to ""
[7.668s] -- Installing: /home/abhay/microros_ws/install/builtin_interfaces/lib/libbuiltin_interfaces__rosidl_generator_py.so
[7.668s] -- Set runtime path of "/home/abhay/microros_ws/install/builtin_interfaces/lib/libbuiltin_interfaces__rosidl_generator_py.so" to ""
[7.669s] -- Installing: /home/abhay/microros_ws/install/builtin_interfaces/share/builtin_interfaces/msg/Duration.idl
[7.669s] -- Installing: /home/abhay/microros_ws/install/builtin_interfaces/share/builtin_interfaces/msg/Time.idl
[7.670s] -- Installing: /home/abhay/microros_ws/install/builtin_interfaces/share/builtin_interfaces/msg/Duration.msg
[7.670s] -- Installing: /home/abhay/microros_ws/install/builtin_interfaces/share/builtin_interfaces/msg/Time.msg
[7.671s] -- Installing: /home/abhay/microros_ws/install/builtin_interfaces/share/ament_index/resource_index/package_run_dependencies/builtin_interfaces
[7.671s] -- Installing: /home/abhay/microros_ws/install/builtin_interfaces/share/ament_index/resource_index/parent_prefix_path/builtin_interfaces
[7.672s] -- Installing: /home/abhay/microros_ws/install/builtin_interfaces/share/builtin_interfaces/environment/ament_prefix_path.sh
[7.672s] -- Installing: /home/abhay/microros_ws/install/builtin_interfaces/share/builtin_interfaces/environment/ament_prefix_path.dsv
[7.672s] -- Installing: /home/abhay/microros_ws/install/builtin_interfaces/share/builtin_interfaces/environment/path.sh
[7.673s] -- Installing: /home/abhay/microros_ws/install/builtin_interfaces/share/builtin_interfaces/environment/path.dsv
[7.673s] -- Installing: /home/abhay/microros_ws/install/builtin_interfaces/share/builtin_interfaces/local_setup.bash
[7.674s] -- Installing: /home/abhay/microros_ws/install/builtin_interfaces/share/builtin_interfaces/local_setup.sh
[7.674s] -- Installing: /home/abhay/microros_ws/install/builtin_interfaces/share/builtin_interfaces/local_setup.zsh
[7.674s] -- Installing: /home/abhay/microros_ws/install/builtin_interfaces/share/builtin_interfaces/local_setup.dsv
[7.675s] -- Installing: /home/abhay/microros_ws/install/builtin_interfaces/share/builtin_interfaces/package.dsv
[7.675s] -- Installing: /home/abhay/microros_ws/install/builtin_interfaces/share/ament_index/resource_index/packages/builtin_interfaces
[7.675s] -- Installing: /home/abhay/microros_ws/install/builtin_interfaces/share/builtin_interfaces/cmake/export_builtin_interfaces__rosidl_generator_cExport.cmake
[7.676s] -- Installing: /home/abhay/microros_ws/install/builtin_interfaces/share/builtin_interfaces/cmake/export_builtin_interfaces__rosidl_generator_cExport-noconfig.cmake
[7.676s] -- Installing: /home/abhay/microros_ws/install/builtin_interfaces/share/builtin_interfaces/cmake/export_builtin_interfaces__rosidl_typesupport_fastrtps_cExport.cmake
[7.676s] -- Installing: /home/abhay/microros_ws/install/builtin_interfaces/share/builtin_interfaces/cmake/export_builtin_interfaces__rosidl_typesupport_fastrtps_cExport-noconfig.cmake
[7.677s] -- Installing: /home/abhay/microros_ws/install/builtin_interfaces/share/builtin_interfaces/cmake/builtin_interfaces__rosidl_typesupport_introspection_cExport.cmake
[7.677s] -- Installing: /home/abhay/microros_ws/install/builtin_interfaces/share/builtin_interfaces/cmake/builtin_interfaces__rosidl_typesupport_introspection_cExport-noconfig.cmake
[7.678s] -- Installing: /home/abhay/microros_ws/install/builtin_interfaces/share/builtin_interfaces/cmake/builtin_interfaces__rosidl_typesupport_cExport.cmake
[7.678s] -- Installing: /home/abhay/microros_ws/install/builtin_interfaces/share/builtin_interfaces/cmake/builtin_interfaces__rosidl_typesupport_cExport-noconfig.cmake
[7.679s] -- Installing: /home/abhay/microros_ws/install/builtin_interfaces/share/builtin_interfaces/cmake/export_builtin_interfaces__rosidl_generator_cppExport.cmake
[7.679s] -- Installing: /home/abhay/microros_ws/install/builtin_interfaces/share/builtin_interfaces/cmake/export_builtin_interfaces__rosidl_typesupport_fastrtps_cppExport.cmake
[7.679s] -- Installing: /home/abhay/microros_ws/install/builtin_interfaces/share/builtin_interfaces/cmake/export_builtin_interfaces__rosidl_typesupport_fastrtps_cppExport-noconfig.cmake
[7.680s] -- Installing: /home/abhay/microros_ws/install/builtin_interfaces/share/builtin_interfaces/cmake/builtin_interfaces__rosidl_typesupport_introspection_cppExport.cmake
[7.681s] -- Installing: /home/abhay/microros_ws/install/builtin_interfaces/share/builtin_interfaces/cmake/builtin_interfaces__rosidl_typesupport_introspection_cppExport-noconfig.cmake
[7.681s] -- Installing: /home/abhay/microros_ws/install/builtin_interfaces/share/builtin_interfaces/cmake/builtin_interfaces__rosidl_typesupport_cppExport.cmake
[7.681s] -- Installing: /home/abhay/microros_ws/install/builtin_interfaces/share/builtin_interfaces/cmake/builtin_interfaces__rosidl_typesupport_cppExport-noconfig.cmake
[7.682s] -- Installing: /home/abhay/microros_ws/install/builtin_interfaces/share/builtin_interfaces/cmake/export_builtin_interfaces__rosidl_generator_pyExport.cmake
[7.682s] -- Installing: /home/abhay/microros_ws/install/builtin_interfaces/share/builtin_interfaces/cmake/export_builtin_interfaces__rosidl_generator_pyExport-noconfig.cmake
[7.683s] -- Installing: /home/abhay/microros_ws/install/builtin_interfaces/share/builtin_interfaces/cmake/rosidl_cmake-extras.cmake
[7.683s] -- Installing: /home/abhay/microros_ws/install/builtin_interfaces/share/builtin_interfaces/cmake/ament_cmake_export_include_directories-extras.cmake
[7.684s] -- Installing: /home/abhay/microros_ws/install/builtin_interfaces/share/builtin_interfaces/cmake/ament_cmake_export_libraries-extras.cmake
[7.684s] -- Installing: /home/abhay/microros_ws/install/builtin_interfaces/share/builtin_interfaces/cmake/ament_cmake_export_targets-extras.cmake
[7.684s] -- Installing: /home/abhay/microros_ws/install/builtin_interfaces/share/builtin_interfaces/cmake/rosidl_cmake_export_typesupport_targets-extras.cmake
[7.685s] -- Installing: /home/abhay/microros_ws/install/builtin_interfaces/share/builtin_interfaces/cmake/ament_cmake_export_dependencies-extras.cmake
[7.685s] -- Installing: /home/abhay/microros_ws/install/builtin_interfaces/share/builtin_interfaces/cmake/rosidl_cmake_export_typesupport_libraries-extras.cmake
[7.685s] -- Installing: /home/abhay/microros_ws/install/builtin_interfaces/share/builtin_interfaces/cmake/builtin_interfacesConfig.cmake
[7.686s] -- Installing: /home/abhay/microros_ws/install/builtin_interfaces/share/builtin_interfaces/cmake/builtin_interfacesConfig-version.cmake
[7.686s] -- Installing: /home/abhay/microros_ws/install/builtin_interfaces/share/builtin_interfaces/package.xml
[7.700s] Invoked command in '/home/abhay/microros_ws/build/builtin_interfaces' returned '0': CMAKE_PREFIX_PATH=${CMAKE_PREFIX_PATH}:/home/abhay/ros2_ws/install/py_srvcli:/home/abhay/ros2_ws/install/my_robot_controller:/opt/ros/humble /usr/bin/cmake --install /home/abhay/microros_ws/build/builtin_interfaces
