[0.062s] Invoking command in '/home/abhay/microros_ws/build/complex_msgs': CMAKE_PREFIX_PATH=/home/abhay/microros_ws/install/builtin_interfaces:/home/abhay/microros_ws/install/micro_ros_demos_rclc:/home/abhay/microros_ws/install/common_interfaces:/home/abhay/microros_ws/install/visualization_msgs:/home/abhay/microros_ws/install/test_msgs:/home/abhay/microros_ws/install/example_interfaces:/home/abhay/microros_ws/install/action_msgs:/home/abhay/microros_ws/install/unique_identifier_msgs:/home/abhay/microros_ws/install/trajectory_msgs:/home/abhay/microros_ws/install/stereo_msgs:/home/abhay/microros_ws/install/std_srvs:/home/abhay/microros_ws/install/shape_msgs:/home/abhay/microros_ws/install/sensor_msgs:/home/abhay/microros_ws/install/nav_msgs:/home/abhay/microros_ws/install/diagnostic_msgs:/home/abhay/microros_ws/install/geometry_msgs:/home/abhay/microros_ws/install/actionlib_msgs:/home/abhay/microros_ws/install/std_msgs:/home/abhay/microros_ws/install/statistics_msgs:/home/abhay/microros_ws/install/rosidl_typesupport_microxrcedds_test_msg:/home/abhay/microros_ws/install/rosidl_typesupport_microxrcedds_cpp_tests:/home/abhay/microros_ws/install/rmw_microxrcedds:/home/abhay/microros_ws/install/rosidl_typesupport_microxrcedds_cpp:/home/abhay/microros_ws/install/rosidl_typesupport_microxrcedds_c_tests:/home/abhay/microros_ws/install/rosidl_typesupport_microxrcedds_c:/home/abhay/microros_ws/install/rosgraph_msgs:/home/abhay/microros_ws/install/rclc_parameter:/home/abhay/microros_ws/install/rclc:/home/abhay/microros_ws/install/composition_interfaces:/home/abhay/microros_ws/install/rcl_interfaces:/home/abhay/microros_ws/install/microxrcedds_client:/home/abhay/microros_ws/install/microcdr:/home/abhay/microros_ws/install/micro_ros_utilities:/home/abhay/microros_ws/install/micro_ros_msgs:/home/abhay/microros_ws/install/lifecycle_msgs:/home/abhay/microros_ws/install/complex_msgs:/home/abhay/microros_ws/install/micro_ros_setup:/home/abhay/microros_ws/install/sensor_msgs_py:/home/abhay/ros2_ws/install/py_srvcli:/home/abhay/ros2_ws/install/my_robot_controller:/opt/ros/humble LD_LIBRARY_PATH=/home/abhay/microros_ws/install/builtin_interfaces/lib:/home/abhay/microros_ws/install/visualization_msgs/lib:/home/abhay/microros_ws/install/test_msgs/lib:/home/abhay/microros_ws/install/example_interfaces/lib:/home/abhay/microros_ws/install/action_msgs/lib:/home/abhay/microros_ws/install/unique_identifier_msgs/lib:/home/abhay/microros_ws/install/trajectory_msgs/lib:/home/abhay/microros_ws/install/stereo_msgs/lib:/home/abhay/microros_ws/install/std_srvs/lib:/home/abhay/microros_ws/install/shape_msgs/lib:/home/abhay/microros_ws/install/sensor_msgs/lib:/home/abhay/microros_ws/install/nav_msgs/lib:/home/abhay/microros_ws/install/diagnostic_msgs/lib:/home/abhay/microros_ws/install/geometry_msgs/lib:/home/abhay/microros_ws/install/actionlib_msgs/lib:/home/abhay/microros_ws/install/std_msgs/lib:/home/abhay/microros_ws/install/statistics_msgs/lib:/home/abhay/microros_ws/install/rmw_microxrcedds/lib:/home/abhay/microros_ws/install/rosidl_typesupport_microxrcedds_cpp/lib:/home/abhay/microros_ws/install/rosidl_typesupport_microxrcedds_c/lib:/home/abhay/microros_ws/install/rosgraph_msgs/lib:/home/abhay/microros_ws/install/rclc_parameter/lib:/home/abhay/microros_ws/install/rclc/lib:/home/abhay/microros_ws/install/composition_interfaces/lib:/home/abhay/microros_ws/install/rcl_interfaces/lib:/home/abhay/microros_ws/install/microxrcedds_client/lib:/home/abhay/microros_ws/install/microcdr/lib:/home/abhay/microros_ws/install/micro_ros_utilities/lib:/home/abhay/microros_ws/install/micro_ros_msgs/lib:/home/abhay/microros_ws/install/lifecycle_msgs/lib:/home/abhay/microros_ws/install/complex_msgs/lib:/opt/ros/humble/opt/rviz_ogre_vendor/lib:/opt/ros/humble/lib/x86_64-linux-gnu:/opt/ros/humble/lib /usr/bin/cmake --build /home/abhay/microros_ws/build/complex_msgs -- -j16 -l16
[0.112s] [35m[1mConsolidate compiler generated dependencies of target complex_msgs__rosidl_generator_c[0m
[0.145s] [  2%] Built target complex_msgs__cpp
[0.146s] [ 10%] Built target complex_msgs__rosidl_generator_c
[0.173s] [35m[1mConsolidate compiler generated dependencies of target complex_msgs__rosidl_typesupport_cpp[0m
[0.173s] [35m[1mConsolidate compiler generated dependencies of target complex_msgs__rosidl_typesupport_microxrcedds_cpp[0m
[0.173s] [ 10%] Built target ament_cmake_python_copy_complex_msgs
[0.186s] [35m[1mConsolidate compiler generated dependencies of target complex_msgs__rosidl_typesupport_introspection_cpp[0m
[0.186s] [35m[1mConsolidate compiler generated dependencies of target complex_msgs__rosidl_typesupport_fastrtps_cpp[0m
[0.218s] [35m[1mConsolidate compiler generated dependencies of target complex_msgs__rosidl_typesupport_fastrtps_c[0m
[0.239s] [ 18%] Built target complex_msgs__rosidl_typesupport_fastrtps_cpp
[0.243s] [ 26%] Built target complex_msgs__rosidl_typesupport_microxrcedds_cpp
[0.249s] [ 34%] Built target complex_msgs__rosidl_typesupport_introspection_cpp
[0.255s] [35m[1mConsolidate compiler generated dependencies of target complex_msgs__rosidl_typesupport_microxrcedds_c[0m
[0.261s] [35m[1mConsolidate compiler generated dependencies of target complex_msgs__rosidl_typesupport_introspection_c[0m
[0.265s] [ 42%] Built target complex_msgs__rosidl_typesupport_cpp
[0.267s] [35m[1mConsolidate compiler generated dependencies of target complex_msgs__rosidl_typesupport_c[0m
[0.272s] [ 51%] Built target complex_msgs__rosidl_typesupport_fastrtps_c
[0.284s] [ 59%] Built target complex_msgs__rosidl_typesupport_microxrcedds_c
[0.292s] [ 67%] Built target complex_msgs__rosidl_typesupport_introspection_c
[0.297s] [ 75%] Built target complex_msgs__rosidl_typesupport_c
[0.363s] [ 75%] Built target complex_msgs
[0.397s] [ 77%] Built target complex_msgs__py
[0.416s] [35m[1mConsolidate compiler generated dependencies of target complex_msgs__rosidl_generator_py[0m
[0.437s] [ 83%] Built target complex_msgs__rosidl_generator_py
[0.458s] [35m[1mConsolidate compiler generated dependencies of target complex_msgs__rosidl_typesupport_fastrtps_c__pyext[0m
[0.464s] [35m[1mConsolidate compiler generated dependencies of target complex_msgs__rosidl_typesupport_c__pyext[0m
[0.466s] [35m[1mConsolidate compiler generated dependencies of target complex_msgs__rosidl_typesupport_introspection_c__pyext[0m
[0.476s] [35m[1mConsolidate compiler generated dependencies of target complex_msgs__rosidl_typesupport_microxrcedds_c__pyext[0m
[0.515s] [ 87%] Built target complex_msgs__rosidl_typesupport_fastrtps_c__pyext
[0.520s] [ 91%] Built target complex_msgs__rosidl_typesupport_introspection_c__pyext
[0.523s] [ 95%] Built target complex_msgs__rosidl_typesupport_c__pyext
[0.529s] [100%] Built target complex_msgs__rosidl_typesupport_microxrcedds_c__pyext
[0.679s] running egg_info
[0.679s] writing complex_msgs.egg-info/PKG-INFO
[0.680s] writing dependency_links to complex_msgs.egg-info/dependency_links.txt
[0.680s] writing top-level names to complex_msgs.egg-info/top_level.txt
[0.682s] reading manifest file 'complex_msgs.egg-info/SOURCES.txt'
[0.682s] writing manifest file 'complex_msgs.egg-info/SOURCES.txt'
[0.713s] [100%] Built target ament_cmake_python_build_complex_msgs_egg
[0.725s] Invoked command in '/home/abhay/microros_ws/build/complex_msgs' returned '0': CMAKE_PREFIX_PATH=/home/abhay/microros_ws/install/builtin_interfaces:/home/abhay/microros_ws/install/micro_ros_demos_rclc:/home/abhay/microros_ws/install/common_interfaces:/home/abhay/microros_ws/install/visualization_msgs:/home/abhay/microros_ws/install/test_msgs:/home/abhay/microros_ws/install/example_interfaces:/home/abhay/microros_ws/install/action_msgs:/home/abhay/microros_ws/install/unique_identifier_msgs:/home/abhay/microros_ws/install/trajectory_msgs:/home/abhay/microros_ws/install/stereo_msgs:/home/abhay/microros_ws/install/std_srvs:/home/abhay/microros_ws/install/shape_msgs:/home/abhay/microros_ws/install/sensor_msgs:/home/abhay/microros_ws/install/nav_msgs:/home/abhay/microros_ws/install/diagnostic_msgs:/home/abhay/microros_ws/install/geometry_msgs:/home/abhay/microros_ws/install/actionlib_msgs:/home/abhay/microros_ws/install/std_msgs:/home/abhay/microros_ws/install/statistics_msgs:/home/abhay/microros_ws/install/rosidl_typesupport_microxrcedds_test_msg:/home/abhay/microros_ws/install/rosidl_typesupport_microxrcedds_cpp_tests:/home/abhay/microros_ws/install/rmw_microxrcedds:/home/abhay/microros_ws/install/rosidl_typesupport_microxrcedds_cpp:/home/abhay/microros_ws/install/rosidl_typesupport_microxrcedds_c_tests:/home/abhay/microros_ws/install/rosidl_typesupport_microxrcedds_c:/home/abhay/microros_ws/install/rosgraph_msgs:/home/abhay/microros_ws/install/rclc_parameter:/home/abhay/microros_ws/install/rclc:/home/abhay/microros_ws/install/composition_interfaces:/home/abhay/microros_ws/install/rcl_interfaces:/home/abhay/microros_ws/install/microxrcedds_client:/home/abhay/microros_ws/install/microcdr:/home/abhay/microros_ws/install/micro_ros_utilities:/home/abhay/microros_ws/install/micro_ros_msgs:/home/abhay/microros_ws/install/lifecycle_msgs:/home/abhay/microros_ws/install/complex_msgs:/home/abhay/microros_ws/install/micro_ros_setup:/home/abhay/microros_ws/install/sensor_msgs_py:/home/abhay/ros2_ws/install/py_srvcli:/home/abhay/ros2_ws/install/my_robot_controller:/opt/ros/humble LD_LIBRARY_PATH=/home/abhay/microros_ws/install/builtin_interfaces/lib:/home/abhay/microros_ws/install/visualization_msgs/lib:/home/abhay/microros_ws/install/test_msgs/lib:/home/abhay/microros_ws/install/example_interfaces/lib:/home/abhay/microros_ws/install/action_msgs/lib:/home/abhay/microros_ws/install/unique_identifier_msgs/lib:/home/abhay/microros_ws/install/trajectory_msgs/lib:/home/abhay/microros_ws/install/stereo_msgs/lib:/home/abhay/microros_ws/install/std_srvs/lib:/home/abhay/microros_ws/install/shape_msgs/lib:/home/abhay/microros_ws/install/sensor_msgs/lib:/home/abhay/microros_ws/install/nav_msgs/lib:/home/abhay/microros_ws/install/diagnostic_msgs/lib:/home/abhay/microros_ws/install/geometry_msgs/lib:/home/abhay/microros_ws/install/actionlib_msgs/lib:/home/abhay/microros_ws/install/std_msgs/lib:/home/abhay/microros_ws/install/statistics_msgs/lib:/home/abhay/microros_ws/install/rmw_microxrcedds/lib:/home/abhay/microros_ws/install/rosidl_typesupport_microxrcedds_cpp/lib:/home/abhay/microros_ws/install/rosidl_typesupport_microxrcedds_c/lib:/home/abhay/microros_ws/install/rosgraph_msgs/lib:/home/abhay/microros_ws/install/rclc_parameter/lib:/home/abhay/microros_ws/install/rclc/lib:/home/abhay/microros_ws/install/composition_interfaces/lib:/home/abhay/microros_ws/install/rcl_interfaces/lib:/home/abhay/microros_ws/install/microxrcedds_client/lib:/home/abhay/microros_ws/install/microcdr/lib:/home/abhay/microros_ws/install/micro_ros_utilities/lib:/home/abhay/microros_ws/install/micro_ros_msgs/lib:/home/abhay/microros_ws/install/lifecycle_msgs/lib:/home/abhay/microros_ws/install/complex_msgs/lib:/opt/ros/humble/opt/rviz_ogre_vendor/lib:/opt/ros/humble/lib/x86_64-linux-gnu:/opt/ros/humble/lib /usr/bin/cmake --build /home/abhay/microros_ws/build/complex_msgs -- -j16 -l16
[0.870s] Invoking command in '/home/abhay/microros_ws/build/complex_msgs': CMAKE_PREFIX_PATH=/home/abhay/microros_ws/install/builtin_interfaces:/home/abhay/microros_ws/install/micro_ros_demos_rclc:/home/abhay/microros_ws/install/common_interfaces:/home/abhay/microros_ws/install/visualization_msgs:/home/abhay/microros_ws/install/test_msgs:/home/abhay/microros_ws/install/example_interfaces:/home/abhay/microros_ws/install/action_msgs:/home/abhay/microros_ws/install/unique_identifier_msgs:/home/abhay/microros_ws/install/trajectory_msgs:/home/abhay/microros_ws/install/stereo_msgs:/home/abhay/microros_ws/install/std_srvs:/home/abhay/microros_ws/install/shape_msgs:/home/abhay/microros_ws/install/sensor_msgs:/home/abhay/microros_ws/install/nav_msgs:/home/abhay/microros_ws/install/diagnostic_msgs:/home/abhay/microros_ws/install/geometry_msgs:/home/abhay/microros_ws/install/actionlib_msgs:/home/abhay/microros_ws/install/std_msgs:/home/abhay/microros_ws/install/statistics_msgs:/home/abhay/microros_ws/install/rosidl_typesupport_microxrcedds_test_msg:/home/abhay/microros_ws/install/rosidl_typesupport_microxrcedds_cpp_tests:/home/abhay/microros_ws/install/rmw_microxrcedds:/home/abhay/microros_ws/install/rosidl_typesupport_microxrcedds_cpp:/home/abhay/microros_ws/install/rosidl_typesupport_microxrcedds_c_tests:/home/abhay/microros_ws/install/rosidl_typesupport_microxrcedds_c:/home/abhay/microros_ws/install/rosgraph_msgs:/home/abhay/microros_ws/install/rclc_parameter:/home/abhay/microros_ws/install/rclc:/home/abhay/microros_ws/install/composition_interfaces:/home/abhay/microros_ws/install/rcl_interfaces:/home/abhay/microros_ws/install/microxrcedds_client:/home/abhay/microros_ws/install/microcdr:/home/abhay/microros_ws/install/micro_ros_utilities:/home/abhay/microros_ws/install/micro_ros_msgs:/home/abhay/microros_ws/install/lifecycle_msgs:/home/abhay/microros_ws/install/complex_msgs:/home/abhay/microros_ws/install/micro_ros_setup:/home/abhay/microros_ws/install/sensor_msgs_py:/home/abhay/ros2_ws/install/py_srvcli:/home/abhay/ros2_ws/install/my_robot_controller:/opt/ros/humble LD_LIBRARY_PATH=/home/abhay/microros_ws/install/builtin_interfaces/lib:/home/abhay/microros_ws/install/visualization_msgs/lib:/home/abhay/microros_ws/install/test_msgs/lib:/home/abhay/microros_ws/install/example_interfaces/lib:/home/abhay/microros_ws/install/action_msgs/lib:/home/abhay/microros_ws/install/unique_identifier_msgs/lib:/home/abhay/microros_ws/install/trajectory_msgs/lib:/home/abhay/microros_ws/install/stereo_msgs/lib:/home/abhay/microros_ws/install/std_srvs/lib:/home/abhay/microros_ws/install/shape_msgs/lib:/home/abhay/microros_ws/install/sensor_msgs/lib:/home/abhay/microros_ws/install/nav_msgs/lib:/home/abhay/microros_ws/install/diagnostic_msgs/lib:/home/abhay/microros_ws/install/geometry_msgs/lib:/home/abhay/microros_ws/install/actionlib_msgs/lib:/home/abhay/microros_ws/install/std_msgs/lib:/home/abhay/microros_ws/install/statistics_msgs/lib:/home/abhay/microros_ws/install/rmw_microxrcedds/lib:/home/abhay/microros_ws/install/rosidl_typesupport_microxrcedds_cpp/lib:/home/abhay/microros_ws/install/rosidl_typesupport_microxrcedds_c/lib:/home/abhay/microros_ws/install/rosgraph_msgs/lib:/home/abhay/microros_ws/install/rclc_parameter/lib:/home/abhay/microros_ws/install/rclc/lib:/home/abhay/microros_ws/install/composition_interfaces/lib:/home/abhay/microros_ws/install/rcl_interfaces/lib:/home/abhay/microros_ws/install/microxrcedds_client/lib:/home/abhay/microros_ws/install/microcdr/lib:/home/abhay/microros_ws/install/micro_ros_utilities/lib:/home/abhay/microros_ws/install/micro_ros_msgs/lib:/home/abhay/microros_ws/install/lifecycle_msgs/lib:/home/abhay/microros_ws/install/complex_msgs/lib:/opt/ros/humble/opt/rviz_ogre_vendor/lib:/opt/ros/humble/lib/x86_64-linux-gnu:/opt/ros/humble/lib /usr/bin/cmake --install /home/abhay/microros_ws/build/complex_msgs
[0.883s] -- Install configuration: ""
[0.883s] -- Up-to-date: /home/abhay/microros_ws/install/complex_msgs/share/ament_index/resource_index/rosidl_interfaces/complex_msgs
[0.883s] -- Up-to-date: /home/abhay/microros_ws/install/complex_msgs/include/complex_msgs/complex_msgs
[0.883s] -- Up-to-date: /home/abhay/microros_ws/install/complex_msgs/include/complex_msgs/complex_msgs/msg
[0.883s] -- Up-to-date: /home/abhay/microros_ws/install/complex_msgs/include/complex_msgs/complex_msgs/msg/rosidl_generator_c__visibility_control.h
[0.883s] -- Up-to-date: /home/abhay/microros_ws/install/complex_msgs/include/complex_msgs/complex_msgs/msg/nested_msg_test.h
[0.883s] -- Up-to-date: /home/abhay/microros_ws/install/complex_msgs/include/complex_msgs/complex_msgs/msg/detail
[0.883s] -- Up-to-date: /home/abhay/microros_ws/install/complex_msgs/include/complex_msgs/complex_msgs/msg/detail/nested_msg_test__functions.h
[0.883s] -- Up-to-date: /home/abhay/microros_ws/install/complex_msgs/include/complex_msgs/complex_msgs/msg/detail/nested_msg_test__type_support.h
[0.883s] -- Up-to-date: /home/abhay/microros_ws/install/complex_msgs/include/complex_msgs/complex_msgs/msg/detail/multi_string_test__functions.h
[0.884s] -- Up-to-date: /home/abhay/microros_ws/install/complex_msgs/include/complex_msgs/complex_msgs/msg/detail/nested_msg_test__struct.h
[0.884s] -- Up-to-date: /home/abhay/microros_ws/install/complex_msgs/include/complex_msgs/complex_msgs/msg/detail/multi_string_test__type_support.h
[0.884s] -- Up-to-date: /home/abhay/microros_ws/install/complex_msgs/include/complex_msgs/complex_msgs/msg/detail/multi_string_test__struct.h
[0.884s] -- Up-to-date: /home/abhay/microros_ws/install/complex_msgs/include/complex_msgs/complex_msgs/msg/detail/multi_string_test__functions.c
[0.884s] -- Up-to-date: /home/abhay/microros_ws/install/complex_msgs/include/complex_msgs/complex_msgs/msg/detail/nested_msg_test__functions.c
[0.884s] -- Up-to-date: /home/abhay/microros_ws/install/complex_msgs/include/complex_msgs/complex_msgs/msg/multi_string_test.h
[0.885s] -- Up-to-date: /home/abhay/microros_ws/install/complex_msgs/share/complex_msgs/environment/library_path.sh
[0.885s] -- Up-to-date: /home/abhay/microros_ws/install/complex_msgs/share/complex_msgs/environment/library_path.dsv
[0.885s] -- Up-to-date: /home/abhay/microros_ws/install/complex_msgs/lib/libcomplex_msgs__rosidl_generator_c.so
[0.885s] -- Up-to-date: /home/abhay/microros_ws/install/complex_msgs/include/complex_msgs/complex_msgs
[0.885s] -- Up-to-date: /home/abhay/microros_ws/install/complex_msgs/include/complex_msgs/complex_msgs/msg
[0.885s] -- Up-to-date: /home/abhay/microros_ws/install/complex_msgs/include/complex_msgs/complex_msgs/msg/detail
[0.885s] -- Up-to-date: /home/abhay/microros_ws/install/complex_msgs/include/complex_msgs/complex_msgs/msg/detail/nested_msg_test__rosidl_typesupport_fastrtps_c.h
[0.885s] -- Up-to-date: /home/abhay/microros_ws/install/complex_msgs/include/complex_msgs/complex_msgs/msg/detail/multi_string_test__rosidl_typesupport_fastrtps_c.h
[0.885s] -- Up-to-date: /home/abhay/microros_ws/install/complex_msgs/include/complex_msgs/complex_msgs/msg/rosidl_typesupport_fastrtps_c__visibility_control.h
[0.885s] -- Up-to-date: /home/abhay/microros_ws/install/complex_msgs/lib/libcomplex_msgs__rosidl_typesupport_fastrtps_c.so
[0.885s] -- Up-to-date: /home/abhay/microros_ws/install/complex_msgs/include/complex_msgs/complex_msgs
[0.886s] -- Up-to-date: /home/abhay/microros_ws/install/complex_msgs/include/complex_msgs/complex_msgs/msg
[0.886s] -- Up-to-date: /home/abhay/microros_ws/install/complex_msgs/include/complex_msgs/complex_msgs/msg/detail
[0.886s] -- Up-to-date: /home/abhay/microros_ws/install/complex_msgs/include/complex_msgs/complex_msgs/msg/detail/multi_string_test__struct.hpp
[0.886s] -- Up-to-date: /home/abhay/microros_ws/install/complex_msgs/include/complex_msgs/complex_msgs/msg/detail/multi_string_test__traits.hpp
[0.886s] -- Up-to-date: /home/abhay/microros_ws/install/complex_msgs/include/complex_msgs/complex_msgs/msg/detail/nested_msg_test__traits.hpp
[0.886s] -- Up-to-date: /home/abhay/microros_ws/install/complex_msgs/include/complex_msgs/complex_msgs/msg/detail/nested_msg_test__builder.hpp
[0.886s] -- Up-to-date: /home/abhay/microros_ws/install/complex_msgs/include/complex_msgs/complex_msgs/msg/detail/nested_msg_test__struct.hpp
[0.886s] -- Up-to-date: /home/abhay/microros_ws/install/complex_msgs/include/complex_msgs/complex_msgs/msg/detail/multi_string_test__builder.hpp
[0.886s] -- Up-to-date: /home/abhay/microros_ws/install/complex_msgs/include/complex_msgs/complex_msgs/msg/multi_string_test.hpp
[0.886s] -- Up-to-date: /home/abhay/microros_ws/install/complex_msgs/include/complex_msgs/complex_msgs/msg/nested_msg_test.hpp
[0.886s] -- Up-to-date: /home/abhay/microros_ws/install/complex_msgs/include/complex_msgs/complex_msgs
[0.886s] -- Up-to-date: /home/abhay/microros_ws/install/complex_msgs/include/complex_msgs/complex_msgs/msg
[0.887s] -- Up-to-date: /home/abhay/microros_ws/install/complex_msgs/include/complex_msgs/complex_msgs/msg/detail
[0.887s] -- Up-to-date: /home/abhay/microros_ws/install/complex_msgs/include/complex_msgs/complex_msgs/msg/detail/nested_msg_test__rosidl_typesupport_fastrtps_cpp.hpp
[0.887s] -- Up-to-date: /home/abhay/microros_ws/install/complex_msgs/include/complex_msgs/complex_msgs/msg/detail/multi_string_test__rosidl_typesupport_fastrtps_cpp.hpp
[0.887s] -- Up-to-date: /home/abhay/microros_ws/install/complex_msgs/include/complex_msgs/complex_msgs/msg/detail/dds_fastrtps
[0.887s] -- Up-to-date: /home/abhay/microros_ws/install/complex_msgs/include/complex_msgs/complex_msgs/msg/rosidl_typesupport_fastrtps_cpp__visibility_control.h
[0.887s] -- Up-to-date: /home/abhay/microros_ws/install/complex_msgs/lib/libcomplex_msgs__rosidl_typesupport_fastrtps_cpp.so
[0.887s] -- Up-to-date: /home/abhay/microros_ws/install/complex_msgs/include/complex_msgs
[0.887s] -- Up-to-date: /home/abhay/microros_ws/install/complex_msgs/include/complex_msgs/msg
[0.887s] -- Up-to-date: /home/abhay/microros_ws/install/complex_msgs/include/complex_msgs/msg/detail
[0.887s] -- Up-to-date: /home/abhay/microros_ws/install/complex_msgs/include/complex_msgs/msg/detail/nested_msg_test__rosidl_typesupport_microxrcedds_c.h
[0.888s] -- Up-to-date: /home/abhay/microros_ws/install/complex_msgs/include/complex_msgs/msg/detail/microxrcedds
[0.888s] -- Up-to-date: /home/abhay/microros_ws/install/complex_msgs/include/complex_msgs/msg/detail/multi_string_test__rosidl_typesupport_microxrcedds_c.h
[0.888s] -- Up-to-date: /home/abhay/microros_ws/install/complex_msgs/include/complex_msgs/msg/rosidl_typesupport_microxrcedds_c__visibility_control.h
[0.888s] -- Up-to-date: /home/abhay/microros_ws/install/complex_msgs/lib/libcomplex_msgs__rosidl_typesupport_microxrcedds_c.so
[0.888s] -- Up-to-date: /home/abhay/microros_ws/install/complex_msgs/include/complex_msgs/complex_msgs
[0.888s] -- Up-to-date: /home/abhay/microros_ws/install/complex_msgs/include/complex_msgs/complex_msgs/msg
[0.888s] -- Up-to-date: /home/abhay/microros_ws/install/complex_msgs/include/complex_msgs/complex_msgs/msg/detail
[0.888s] -- Up-to-date: /home/abhay/microros_ws/install/complex_msgs/include/complex_msgs/complex_msgs/msg/detail/nested_msg_test__rosidl_typesupport_introspection_c.h
[0.888s] -- Up-to-date: /home/abhay/microros_ws/install/complex_msgs/include/complex_msgs/complex_msgs/msg/detail/multi_string_test__type_support.c
[0.888s] -- Up-to-date: /home/abhay/microros_ws/install/complex_msgs/include/complex_msgs/complex_msgs/msg/detail/multi_string_test__rosidl_typesupport_introspection_c.h
[0.888s] -- Up-to-date: /home/abhay/microros_ws/install/complex_msgs/include/complex_msgs/complex_msgs/msg/detail/nested_msg_test__type_support.c
[0.889s] -- Up-to-date: /home/abhay/microros_ws/install/complex_msgs/include/complex_msgs/complex_msgs/msg/rosidl_typesupport_introspection_c__visibility_control.h
[0.889s] -- Up-to-date: /home/abhay/microros_ws/install/complex_msgs/lib/libcomplex_msgs__rosidl_typesupport_introspection_c.so
[0.889s] -- Up-to-date: /home/abhay/microros_ws/install/complex_msgs/lib/libcomplex_msgs__rosidl_typesupport_c.so
[0.889s] -- Up-to-date: /home/abhay/microros_ws/install/complex_msgs/include/complex_msgs
[0.889s] -- Up-to-date: /home/abhay/microros_ws/install/complex_msgs/include/complex_msgs/msg
[0.889s] -- Up-to-date: /home/abhay/microros_ws/install/complex_msgs/include/complex_msgs/msg/detail
[0.889s] -- Up-to-date: /home/abhay/microros_ws/install/complex_msgs/include/complex_msgs/msg/detail/microxrcedds
[0.889s] -- Up-to-date: /home/abhay/microros_ws/install/complex_msgs/include/complex_msgs/msg/detail/microxrcedds/multi_string_test__type_support_cpp.cpp
[0.889s] -- Up-to-date: /home/abhay/microros_ws/install/complex_msgs/include/complex_msgs/msg/detail/microxrcedds/nested_msg_test__type_support_cpp.cpp
[0.889s] -- Up-to-date: /home/abhay/microros_ws/install/complex_msgs/include/complex_msgs/msg/detail/multi_string_test__rosidl_typesupport_microxrcedds_cpp.hpp
[0.889s] -- Up-to-date: /home/abhay/microros_ws/install/complex_msgs/include/complex_msgs/msg/detail/nested_msg_test__rosidl_typesupport_microxrcedds_cpp.hpp
[0.889s] -- Up-to-date: /home/abhay/microros_ws/install/complex_msgs/include/complex_msgs/msg/rosidl_typesupport_microxrcedds_cpp__visibility_control.h
[0.889s] -- Up-to-date: /home/abhay/microros_ws/install/complex_msgs/lib/libcomplex_msgs__rosidl_typesupport_microxrcedds_cpp.so
[0.890s] -- Up-to-date: /home/abhay/microros_ws/install/complex_msgs/include/complex_msgs/complex_msgs
[0.890s] -- Up-to-date: /home/abhay/microros_ws/install/complex_msgs/include/complex_msgs/complex_msgs/msg
[0.890s] -- Up-to-date: /home/abhay/microros_ws/install/complex_msgs/include/complex_msgs/complex_msgs/msg/detail
[0.890s] -- Up-to-date: /home/abhay/microros_ws/install/complex_msgs/include/complex_msgs/complex_msgs/msg/detail/nested_msg_test__type_support.cpp
[0.890s] -- Up-to-date: /home/abhay/microros_ws/install/complex_msgs/include/complex_msgs/complex_msgs/msg/detail/multi_string_test__rosidl_typesupport_introspection_cpp.hpp
[0.890s] -- Up-to-date: /home/abhay/microros_ws/install/complex_msgs/include/complex_msgs/complex_msgs/msg/detail/nested_msg_test__rosidl_typesupport_introspection_cpp.hpp
[0.890s] -- Up-to-date: /home/abhay/microros_ws/install/complex_msgs/include/complex_msgs/complex_msgs/msg/detail/multi_string_test__type_support.cpp
[0.890s] -- Up-to-date: /home/abhay/microros_ws/install/complex_msgs/lib/libcomplex_msgs__rosidl_typesupport_introspection_cpp.so
[0.890s] -- Up-to-date: /home/abhay/microros_ws/install/complex_msgs/lib/libcomplex_msgs__rosidl_typesupport_cpp.so
[0.890s] -- Up-to-date: /home/abhay/microros_ws/install/complex_msgs/share/complex_msgs/environment/pythonpath.sh
[0.890s] -- Up-to-date: /home/abhay/microros_ws/install/complex_msgs/share/complex_msgs/environment/pythonpath.dsv
[0.890s] -- Up-to-date: /home/abhay/microros_ws/install/complex_msgs/local/lib/python3.10/dist-packages/complex_msgs-3.0.1-py3.10.egg-info
[0.891s] -- Installing: /home/abhay/microros_ws/install/complex_msgs/local/lib/python3.10/dist-packages/complex_msgs-3.0.1-py3.10.egg-info/top_level.txt
[0.891s] -- Installing: /home/abhay/microros_ws/install/complex_msgs/local/lib/python3.10/dist-packages/complex_msgs-3.0.1-py3.10.egg-info/SOURCES.txt
[0.891s] -- Installing: /home/abhay/microros_ws/install/complex_msgs/local/lib/python3.10/dist-packages/complex_msgs-3.0.1-py3.10.egg-info/dependency_links.txt
[0.891s] -- Installing: /home/abhay/microros_ws/install/complex_msgs/local/lib/python3.10/dist-packages/complex_msgs-3.0.1-py3.10.egg-info/PKG-INFO
[0.891s] -- Up-to-date: /home/abhay/microros_ws/install/complex_msgs/local/lib/python3.10/dist-packages/complex_msgs
[0.891s] -- Up-to-date: /home/abhay/microros_ws/install/complex_msgs/local/lib/python3.10/dist-packages/complex_msgs/_complex_msgs_s.ep.rosidl_typesupport_c.c
[0.891s] -- Up-to-date: /home/abhay/microros_ws/install/complex_msgs/local/lib/python3.10/dist-packages/complex_msgs/msg
[0.891s] -- Up-to-date: /home/abhay/microros_ws/install/complex_msgs/local/lib/python3.10/dist-packages/complex_msgs/msg/_nested_msg_test.py
[0.891s] -- Up-to-date: /home/abhay/microros_ws/install/complex_msgs/local/lib/python3.10/dist-packages/complex_msgs/msg/_nested_msg_test_s.c
[0.891s] -- Up-to-date: /home/abhay/microros_ws/install/complex_msgs/local/lib/python3.10/dist-packages/complex_msgs/msg/_multi_string_test.py
[0.891s] -- Up-to-date: /home/abhay/microros_ws/install/complex_msgs/local/lib/python3.10/dist-packages/complex_msgs/msg/_multi_string_test_s.c
[0.891s] -- Up-to-date: /home/abhay/microros_ws/install/complex_msgs/local/lib/python3.10/dist-packages/complex_msgs/msg/__init__.py
[0.892s] -- Up-to-date: /home/abhay/microros_ws/install/complex_msgs/local/lib/python3.10/dist-packages/complex_msgs/complex_msgs_s__rosidl_typesupport_introspection_c.cpython-310-x86_64-linux-gnu.so
[0.892s] -- Up-to-date: /home/abhay/microros_ws/install/complex_msgs/local/lib/python3.10/dist-packages/complex_msgs/_complex_msgs_s.ep.rosidl_typesupport_microxrcedds_c.c
[0.892s] -- Up-to-date: /home/abhay/microros_ws/install/complex_msgs/local/lib/python3.10/dist-packages/complex_msgs/complex_msgs_s__rosidl_typesupport_microxrcedds_c.cpython-310-x86_64-linux-gnu.so
[0.892s] -- Up-to-date: /home/abhay/microros_ws/install/complex_msgs/local/lib/python3.10/dist-packages/complex_msgs/libcomplex_msgs__rosidl_generator_py.so
[0.892s] -- Up-to-date: /home/abhay/microros_ws/install/complex_msgs/local/lib/python3.10/dist-packages/complex_msgs/complex_msgs_s__rosidl_typesupport_c.cpython-310-x86_64-linux-gnu.so
[0.892s] -- Up-to-date: /home/abhay/microros_ws/install/complex_msgs/local/lib/python3.10/dist-packages/complex_msgs/__init__.py
[0.892s] -- Up-to-date: /home/abhay/microros_ws/install/complex_msgs/local/lib/python3.10/dist-packages/complex_msgs/_complex_msgs_s.ep.rosidl_typesupport_introspection_c.c
[0.892s] -- Up-to-date: /home/abhay/microros_ws/install/complex_msgs/local/lib/python3.10/dist-packages/complex_msgs/_complex_msgs_s.ep.rosidl_typesupport_fastrtps_c.c
[0.892s] -- Up-to-date: /home/abhay/microros_ws/install/complex_msgs/local/lib/python3.10/dist-packages/complex_msgs/complex_msgs_s__rosidl_typesupport_fastrtps_c.cpython-310-x86_64-linux-gnu.so
[0.926s] Listing '/home/abhay/microros_ws/install/complex_msgs/local/lib/python3.10/dist-packages/complex_msgs'...
[0.927s] Listing '/home/abhay/microros_ws/install/complex_msgs/local/lib/python3.10/dist-packages/complex_msgs/msg'...
[0.931s] -- Up-to-date: /home/abhay/microros_ws/install/complex_msgs/local/lib/python3.10/dist-packages/complex_msgs/complex_msgs_s__rosidl_typesupport_microxrcedds_c.cpython-310-x86_64-linux-gnu.so
[0.931s] -- Up-to-date: /home/abhay/microros_ws/install/complex_msgs/local/lib/python3.10/dist-packages/complex_msgs/complex_msgs_s__rosidl_typesupport_fastrtps_c.cpython-310-x86_64-linux-gnu.so
[0.932s] -- Up-to-date: /home/abhay/microros_ws/install/complex_msgs/local/lib/python3.10/dist-packages/complex_msgs/complex_msgs_s__rosidl_typesupport_introspection_c.cpython-310-x86_64-linux-gnu.so
[0.932s] -- Up-to-date: /home/abhay/microros_ws/install/complex_msgs/local/lib/python3.10/dist-packages/complex_msgs/complex_msgs_s__rosidl_typesupport_c.cpython-310-x86_64-linux-gnu.so
[0.933s] -- Up-to-date: /home/abhay/microros_ws/install/complex_msgs/lib/libcomplex_msgs__rosidl_generator_py.so
[0.933s] -- Up-to-date: /home/abhay/microros_ws/install/complex_msgs/share/complex_msgs/msg/MultiStringTest.idl
[0.933s] -- Up-to-date: /home/abhay/microros_ws/install/complex_msgs/share/complex_msgs/msg/NestedMsgTest.idl
[0.934s] -- Up-to-date: /home/abhay/microros_ws/install/complex_msgs/share/complex_msgs/msg/MultiStringTest.msg
[0.934s] -- Up-to-date: /home/abhay/microros_ws/install/complex_msgs/share/complex_msgs/msg/NestedMsgTest.msg
[0.934s] -- Up-to-date: /home/abhay/microros_ws/install/complex_msgs/share/ament_index/resource_index/package_run_dependencies/complex_msgs
[0.934s] -- Up-to-date: /home/abhay/microros_ws/install/complex_msgs/share/ament_index/resource_index/parent_prefix_path/complex_msgs
[0.934s] -- Up-to-date: /home/abhay/microros_ws/install/complex_msgs/share/complex_msgs/environment/ament_prefix_path.sh
[0.934s] -- Up-to-date: /home/abhay/microros_ws/install/complex_msgs/share/complex_msgs/environment/ament_prefix_path.dsv
[0.934s] -- Up-to-date: /home/abhay/microros_ws/install/complex_msgs/share/complex_msgs/environment/path.sh
[0.934s] -- Up-to-date: /home/abhay/microros_ws/install/complex_msgs/share/complex_msgs/environment/path.dsv
[0.934s] -- Up-to-date: /home/abhay/microros_ws/install/complex_msgs/share/complex_msgs/local_setup.bash
[0.935s] -- Up-to-date: /home/abhay/microros_ws/install/complex_msgs/share/complex_msgs/local_setup.sh
[0.935s] -- Up-to-date: /home/abhay/microros_ws/install/complex_msgs/share/complex_msgs/local_setup.zsh
[0.935s] -- Up-to-date: /home/abhay/microros_ws/install/complex_msgs/share/complex_msgs/local_setup.dsv
[0.935s] -- Installing: /home/abhay/microros_ws/install/complex_msgs/share/complex_msgs/package.dsv
[0.935s] -- Up-to-date: /home/abhay/microros_ws/install/complex_msgs/share/ament_index/resource_index/packages/complex_msgs
[0.935s] -- Up-to-date: /home/abhay/microros_ws/install/complex_msgs/share/complex_msgs/cmake/export_complex_msgs__rosidl_generator_cExport.cmake
[0.935s] -- Up-to-date: /home/abhay/microros_ws/install/complex_msgs/share/complex_msgs/cmake/export_complex_msgs__rosidl_generator_cExport-noconfig.cmake
[0.935s] -- Up-to-date: /home/abhay/microros_ws/install/complex_msgs/share/complex_msgs/cmake/export_complex_msgs__rosidl_typesupport_fastrtps_cExport.cmake
[0.935s] -- Up-to-date: /home/abhay/microros_ws/install/complex_msgs/share/complex_msgs/cmake/export_complex_msgs__rosidl_typesupport_fastrtps_cExport-noconfig.cmake
[0.935s] -- Up-to-date: /home/abhay/microros_ws/install/complex_msgs/share/complex_msgs/cmake/export_complex_msgs__rosidl_generator_cppExport.cmake
[0.935s] -- Up-to-date: /home/abhay/microros_ws/install/complex_msgs/share/complex_msgs/cmake/export_complex_msgs__rosidl_typesupport_fastrtps_cppExport.cmake
[0.935s] -- Up-to-date: /home/abhay/microros_ws/install/complex_msgs/share/complex_msgs/cmake/export_complex_msgs__rosidl_typesupport_fastrtps_cppExport-noconfig.cmake
[0.936s] -- Up-to-date: /home/abhay/microros_ws/install/complex_msgs/share/complex_msgs/cmake/complex_msgs__rosidl_typesupport_introspection_cExport.cmake
[0.936s] -- Up-to-date: /home/abhay/microros_ws/install/complex_msgs/share/complex_msgs/cmake/complex_msgs__rosidl_typesupport_introspection_cExport-noconfig.cmake
[0.936s] -- Up-to-date: /home/abhay/microros_ws/install/complex_msgs/share/complex_msgs/cmake/complex_msgs__rosidl_typesupport_cExport.cmake
[0.937s] -- Up-to-date: /home/abhay/microros_ws/install/complex_msgs/share/complex_msgs/cmake/complex_msgs__rosidl_typesupport_cExport-noconfig.cmake
[0.938s] -- Up-to-date: /home/abhay/microros_ws/install/complex_msgs/share/complex_msgs/cmake/complex_msgs__rosidl_typesupport_introspection_cppExport.cmake
[0.938s] -- Up-to-date: /home/abhay/microros_ws/install/complex_msgs/share/complex_msgs/cmake/complex_msgs__rosidl_typesupport_introspection_cppExport-noconfig.cmake
[0.939s] -- Up-to-date: /home/abhay/microros_ws/install/complex_msgs/share/complex_msgs/cmake/complex_msgs__rosidl_typesupport_cppExport.cmake
[0.939s] -- Up-to-date: /home/abhay/microros_ws/install/complex_msgs/share/complex_msgs/cmake/complex_msgs__rosidl_typesupport_cppExport-noconfig.cmake
[0.939s] -- Up-to-date: /home/abhay/microros_ws/install/complex_msgs/share/complex_msgs/cmake/export_complex_msgs__rosidl_generator_pyExport.cmake
[0.939s] -- Up-to-date: /home/abhay/microros_ws/install/complex_msgs/share/complex_msgs/cmake/export_complex_msgs__rosidl_generator_pyExport-noconfig.cmake
[0.939s] -- Up-to-date: /home/abhay/microros_ws/install/complex_msgs/share/complex_msgs/cmake/rosidl_cmake-extras.cmake
[0.939s] -- Up-to-date: /home/abhay/microros_ws/install/complex_msgs/share/complex_msgs/cmake/ament_cmake_export_dependencies-extras.cmake
[0.939s] -- Up-to-date: /home/abhay/microros_ws/install/complex_msgs/share/complex_msgs/cmake/ament_cmake_export_include_directories-extras.cmake
[0.939s] -- Up-to-date: /home/abhay/microros_ws/install/complex_msgs/share/complex_msgs/cmake/ament_cmake_export_libraries-extras.cmake
[0.939s] -- Up-to-date: /home/abhay/microros_ws/install/complex_msgs/share/complex_msgs/cmake/ament_cmake_export_targets-extras.cmake
[0.939s] -- Up-to-date: /home/abhay/microros_ws/install/complex_msgs/share/complex_msgs/cmake/rosidl_cmake_export_typesupport_targets-extras.cmake
[0.939s] -- Up-to-date: /home/abhay/microros_ws/install/complex_msgs/share/complex_msgs/cmake/rosidl_cmake_export_typesupport_libraries-extras.cmake
[0.940s] -- Up-to-date: /home/abhay/microros_ws/install/complex_msgs/share/complex_msgs/cmake/complex_msgsConfig.cmake
[0.940s] -- Up-to-date: /home/abhay/microros_ws/install/complex_msgs/share/complex_msgs/cmake/complex_msgsConfig-version.cmake
[0.940s] -- Up-to-date: /home/abhay/microros_ws/install/complex_msgs/share/complex_msgs/package.xml
[0.942s] Invoked command in '/home/abhay/microros_ws/build/complex_msgs' returned '0': CMAKE_PREFIX_PATH=/home/abhay/microros_ws/install/builtin_interfaces:/home/abhay/microros_ws/install/micro_ros_demos_rclc:/home/abhay/microros_ws/install/common_interfaces:/home/abhay/microros_ws/install/visualization_msgs:/home/abhay/microros_ws/install/test_msgs:/home/abhay/microros_ws/install/example_interfaces:/home/abhay/microros_ws/install/action_msgs:/home/abhay/microros_ws/install/unique_identifier_msgs:/home/abhay/microros_ws/install/trajectory_msgs:/home/abhay/microros_ws/install/stereo_msgs:/home/abhay/microros_ws/install/std_srvs:/home/abhay/microros_ws/install/shape_msgs:/home/abhay/microros_ws/install/sensor_msgs:/home/abhay/microros_ws/install/nav_msgs:/home/abhay/microros_ws/install/diagnostic_msgs:/home/abhay/microros_ws/install/geometry_msgs:/home/abhay/microros_ws/install/actionlib_msgs:/home/abhay/microros_ws/install/std_msgs:/home/abhay/microros_ws/install/statistics_msgs:/home/abhay/microros_ws/install/rosidl_typesupport_microxrcedds_test_msg:/home/abhay/microros_ws/install/rosidl_typesupport_microxrcedds_cpp_tests:/home/abhay/microros_ws/install/rmw_microxrcedds:/home/abhay/microros_ws/install/rosidl_typesupport_microxrcedds_cpp:/home/abhay/microros_ws/install/rosidl_typesupport_microxrcedds_c_tests:/home/abhay/microros_ws/install/rosidl_typesupport_microxrcedds_c:/home/abhay/microros_ws/install/rosgraph_msgs:/home/abhay/microros_ws/install/rclc_parameter:/home/abhay/microros_ws/install/rclc:/home/abhay/microros_ws/install/composition_interfaces:/home/abhay/microros_ws/install/rcl_interfaces:/home/abhay/microros_ws/install/microxrcedds_client:/home/abhay/microros_ws/install/microcdr:/home/abhay/microros_ws/install/micro_ros_utilities:/home/abhay/microros_ws/install/micro_ros_msgs:/home/abhay/microros_ws/install/lifecycle_msgs:/home/abhay/microros_ws/install/complex_msgs:/home/abhay/microros_ws/install/micro_ros_setup:/home/abhay/microros_ws/install/sensor_msgs_py:/home/abhay/ros2_ws/install/py_srvcli:/home/abhay/ros2_ws/install/my_robot_controller:/opt/ros/humble LD_LIBRARY_PATH=/home/abhay/microros_ws/install/builtin_interfaces/lib:/home/abhay/microros_ws/install/visualization_msgs/lib:/home/abhay/microros_ws/install/test_msgs/lib:/home/abhay/microros_ws/install/example_interfaces/lib:/home/abhay/microros_ws/install/action_msgs/lib:/home/abhay/microros_ws/install/unique_identifier_msgs/lib:/home/abhay/microros_ws/install/trajectory_msgs/lib:/home/abhay/microros_ws/install/stereo_msgs/lib:/home/abhay/microros_ws/install/std_srvs/lib:/home/abhay/microros_ws/install/shape_msgs/lib:/home/abhay/microros_ws/install/sensor_msgs/lib:/home/abhay/microros_ws/install/nav_msgs/lib:/home/abhay/microros_ws/install/diagnostic_msgs/lib:/home/abhay/microros_ws/install/geometry_msgs/lib:/home/abhay/microros_ws/install/actionlib_msgs/lib:/home/abhay/microros_ws/install/std_msgs/lib:/home/abhay/microros_ws/install/statistics_msgs/lib:/home/abhay/microros_ws/install/rmw_microxrcedds/lib:/home/abhay/microros_ws/install/rosidl_typesupport_microxrcedds_cpp/lib:/home/abhay/microros_ws/install/rosidl_typesupport_microxrcedds_c/lib:/home/abhay/microros_ws/install/rosgraph_msgs/lib:/home/abhay/microros_ws/install/rclc_parameter/lib:/home/abhay/microros_ws/install/rclc/lib:/home/abhay/microros_ws/install/composition_interfaces/lib:/home/abhay/microros_ws/install/rcl_interfaces/lib:/home/abhay/microros_ws/install/microxrcedds_client/lib:/home/abhay/microros_ws/install/microcdr/lib:/home/abhay/microros_ws/install/micro_ros_utilities/lib:/home/abhay/microros_ws/install/micro_ros_msgs/lib:/home/abhay/microros_ws/install/lifecycle_msgs/lib:/home/abhay/microros_ws/install/complex_msgs/lib:/opt/ros/humble/opt/rviz_ogre_vendor/lib:/opt/ros/humble/lib/x86_64-linux-gnu:/opt/ros/humble/lib /usr/bin/cmake --install /home/abhay/microros_ws/build/complex_msgs
