[0.013s] Invoking command in '/home/abhay/microros_ws/build/stereo_msgs': AMENT_PREFIX_PATH=/home/abhay/microros_ws/install/sensor_msgs:/home/abhay/microros_ws/install/geometry_msgs:/home/abhay/microros_ws/install/std_msgs:/home/abhay/microros_ws/install/builtin_interfaces:${AMENT_PREFIX_PATH} CMAKE_PREFIX_PATH=/home/abhay/microros_ws/install/sensor_msgs:/home/abhay/microros_ws/install/geometry_msgs:/home/abhay/microros_ws/install/std_msgs:/home/abhay/microros_ws/install/builtin_interfaces:/home/abhay/microros_ws/install/rosidl_typesupport_microxrcedds_cpp:/home/abhay/microros_ws/install/rosidl_typesupport_microxrcedds_c:/home/abhay/microros_ws/install/microcdr:/home/abhay/microros_ws/install/micro_ros_setup:/home/abhay/ros2_ws/install/py_srvcli:/home/abhay/ros2_ws/install/my_robot_controller:/opt/ros/humble LD_LIBRARY_PATH=/home/abhay/microros_ws/install/sensor_msgs/lib:/home/abhay/microros_ws/install/geometry_msgs/lib:/home/abhay/microros_ws/install/std_msgs/lib:/home/abhay/microros_ws/install/builtin_interfaces/lib:${LD_LIBRARY_PATH} PYTHONPATH=/home/abhay/microros_ws/install/sensor_msgs/local/lib/python3.10/dist-packages:/home/abhay/microros_ws/install/geometry_msgs/local/lib/python3.10/dist-packages:/home/abhay/microros_ws/install/std_msgs/local/lib/python3.10/dist-packages:/home/abhay/microros_ws/install/builtin_interfaces/local/lib/python3.10/dist-packages:${PYTHONPATH} /usr/bin/cmake /home/abhay/microros_ws/src/ros2/common_interfaces/stereo_msgs -DBUILD_TESTING=OFF -DBUILD_SHARED_LIBS=ON -DCMAKE_INSTALL_PREFIX=/home/abhay/microros_ws/install/stereo_msgs
[0.050s] -- The C compiler identification is GNU 11.4.0
[0.088s] -- The CXX compiler identification is GNU 11.4.0
[0.093s] -- Detecting C compiler ABI info
[0.143s] -- Detecting C compiler ABI info - done
[0.149s] -- Check for working C compiler: /usr/bin/cc - skipped
[0.149s] -- Detecting C compile features
[0.149s] -- Detecting C compile features - done
[0.151s] -- Detecting CXX compiler ABI info
[0.209s] -- Detecting CXX compiler ABI info - done
[0.217s] -- Check for working CXX compiler: /usr/bin/c++ - skipped
[0.218s] -- Detecting CXX compile features
[0.218s] -- Detecting CXX compile features - done
[0.221s] -- Found ament_cmake: 1.3.8 (/opt/ros/humble/share/ament_cmake/cmake)
[0.354s] -- Found Python3: /usr/bin/python3 (found version "3.10.12") found components: Interpreter 
[0.428s] -- Found rosidl_default_generators: 1.2.0 (/opt/ros/humble/share/rosidl_default_generators/cmake)
[0.431s] -- Using all available rosidl_typesupport_c: rosidl_typesupport_microxrcedds_c;rosidl_typesupport_fastrtps_c;rosidl_typesupport_introspection_c
[0.436s] -- Found rosidl_adapter: 3.1.5 (/opt/ros/humble/share/rosidl_adapter/cmake)
[0.478s] -- Using all available rosidl_typesupport_cpp: rosidl_typesupport_microxrcedds_cpp;rosidl_typesupport_fastrtps_cpp;rosidl_typesupport_introspection_cpp
[0.504s] -- Found sensor_msgs: 4.2.3 (/home/abhay/microros_ws/install/sensor_msgs/share/sensor_msgs/cmake)
[0.904s] -- Found ament_cmake_ros: 0.10.0 (/opt/ros/humble/share/ament_cmake_ros/cmake)
[1.169s] -- Using all available rosidl_typesupport_c: rosidl_typesupport_microxrcedds_c;rosidl_typesupport_fastrtps_c;rosidl_typesupport_introspection_c
[1.501s] -- Using all available rosidl_typesupport_cpp: rosidl_typesupport_microxrcedds_cpp;rosidl_typesupport_fastrtps_cpp;rosidl_typesupport_introspection_cpp
[1.519s] -- Found PythonInterp: /usr/bin/python3 (found suitable version "3.10.12", minimum required is "3.6") 
[1.520s] -- Found python_cmake_module: 0.10.0 (/opt/ros/humble/share/python_cmake_module/cmake)
[1.539s] -- Found PythonLibs: /usr/lib/x86_64-linux-gnu/libpython3.10.so (found suitable version "3.10.12", minimum required is "3.5") 
[1.539s] -- Using PYTHON_EXECUTABLE: /usr/bin/python3
[1.539s] -- Using PYTHON_INCLUDE_DIRS: /usr/include/python3.10
[1.539s] -- Using PYTHON_LIBRARIES: /usr/lib/x86_64-linux-gnu/libpython3.10.so
[1.555s] -- Found PythonExtra: .so  
[1.621s] -- Configuring done
[1.651s] -- Generating done
[1.653s] -- Build files have been written to: /home/abhay/microros_ws/build/stereo_msgs
[1.661s] Invoked command in '/home/abhay/microros_ws/build/stereo_msgs' returned '0': AMENT_PREFIX_PATH=/home/abhay/microros_ws/install/sensor_msgs:/home/abhay/microros_ws/install/geometry_msgs:/home/abhay/microros_ws/install/std_msgs:/home/abhay/microros_ws/install/builtin_interfaces:${AMENT_PREFIX_PATH} CMAKE_PREFIX_PATH=/home/abhay/microros_ws/install/sensor_msgs:/home/abhay/microros_ws/install/geometry_msgs:/home/abhay/microros_ws/install/std_msgs:/home/abhay/microros_ws/install/builtin_interfaces:/home/abhay/microros_ws/install/rosidl_typesupport_microxrcedds_cpp:/home/abhay/microros_ws/install/rosidl_typesupport_microxrcedds_c:/home/abhay/microros_ws/install/microcdr:/home/abhay/microros_ws/install/micro_ros_setup:/home/abhay/ros2_ws/install/py_srvcli:/home/abhay/ros2_ws/install/my_robot_controller:/opt/ros/humble LD_LIBRARY_PATH=/home/abhay/microros_ws/install/sensor_msgs/lib:/home/abhay/microros_ws/install/geometry_msgs/lib:/home/abhay/microros_ws/install/std_msgs/lib:/home/abhay/microros_ws/install/builtin_interfaces/lib:${LD_LIBRARY_PATH} PYTHONPATH=/home/abhay/microros_ws/install/sensor_msgs/local/lib/python3.10/dist-packages:/home/abhay/microros_ws/install/geometry_msgs/local/lib/python3.10/dist-packages:/home/abhay/microros_ws/install/std_msgs/local/lib/python3.10/dist-packages:/home/abhay/microros_ws/install/builtin_interfaces/local/lib/python3.10/dist-packages:${PYTHONPATH} /usr/bin/cmake /home/abhay/microros_ws/src/ros2/common_interfaces/stereo_msgs -DBUILD_TESTING=OFF -DBUILD_SHARED_LIBS=ON -DCMAKE_INSTALL_PREFIX=/home/abhay/microros_ws/install/stereo_msgs
[1.661s] Invoking command in '/home/abhay/microros_ws/build/stereo_msgs': AMENT_PREFIX_PATH=/home/abhay/microros_ws/install/sensor_msgs:/home/abhay/microros_ws/install/geometry_msgs:/home/abhay/microros_ws/install/std_msgs:/home/abhay/microros_ws/install/builtin_interfaces:${AMENT_PREFIX_PATH} CMAKE_PREFIX_PATH=/home/abhay/microros_ws/install/sensor_msgs:/home/abhay/microros_ws/install/geometry_msgs:/home/abhay/microros_ws/install/std_msgs:/home/abhay/microros_ws/install/builtin_interfaces:/home/abhay/microros_ws/install/rosidl_typesupport_microxrcedds_cpp:/home/abhay/microros_ws/install/rosidl_typesupport_microxrcedds_c:/home/abhay/microros_ws/install/microcdr:/home/abhay/microros_ws/install/micro_ros_setup:/home/abhay/ros2_ws/install/py_srvcli:/home/abhay/ros2_ws/install/my_robot_controller:/opt/ros/humble LD_LIBRARY_PATH=/home/abhay/microros_ws/install/sensor_msgs/lib:/home/abhay/microros_ws/install/geometry_msgs/lib:/home/abhay/microros_ws/install/std_msgs/lib:/home/abhay/microros_ws/install/builtin_interfaces/lib:${LD_LIBRARY_PATH} PYTHONPATH=/home/abhay/microros_ws/install/sensor_msgs/local/lib/python3.10/dist-packages:/home/abhay/microros_ws/install/geometry_msgs/local/lib/python3.10/dist-packages:/home/abhay/microros_ws/install/std_msgs/local/lib/python3.10/dist-packages:/home/abhay/microros_ws/install/builtin_interfaces/local/lib/python3.10/dist-packages:${PYTHONPATH} /usr/bin/cmake --build /home/abhay/microros_ws/build/stereo_msgs -- -j16 -l16
[1.688s] [  2%] [34m[1mGenerating C code for ROS interfaces[0m
[1.695s] [  5%] [34m[1mGenerating C++ code for ROS interfaces[0m
[1.700s] [  5%] Built target ament_cmake_python_copy_stereo_msgs
[1.904s] running egg_info
[1.905s] creating stereo_msgs.egg-info
[1.905s] writing stereo_msgs.egg-info/PKG-INFO
[1.905s] writing dependency_links to stereo_msgs.egg-info/dependency_links.txt
[1.905s] writing top-level names to stereo_msgs.egg-info/top_level.txt
[1.905s] writing manifest file 'stereo_msgs.egg-info/SOURCES.txt'
[1.907s] reading manifest file 'stereo_msgs.egg-info/SOURCES.txt'
[1.907s] writing manifest file 'stereo_msgs.egg-info/SOURCES.txt'
[1.933s] [  5%] Built target ament_cmake_python_build_stereo_msgs_egg
[1.968s] [  7%] [32mBuilding C object CMakeFiles/stereo_msgs__rosidl_generator_c.dir/rosidl_generator_c/stereo_msgs/msg/detail/disparity_image__functions.c.o[0m
[1.968s] [  7%] Built target stereo_msgs__cpp
[1.976s] [ 10%] [34m[1mGenerating C++ type support dispatch for ROS interfaces[0m
[1.979s] [ 12%] [34m[1mGenerating C++ type support for eProsima Micro XRCE-DDS[0m
[1.979s] [ 15%] [34m[1mGenerating C++ type support for eProsima Fast-RTPS[0m
[1.980s] [ 17%] [34m[1mGenerating C++ introspection for ROS interfaces[0m
[2.008s] [ 20%] [32m[1mLinking C shared library libstereo_msgs__rosidl_generator_c.so[0m
[2.041s] [ 20%] Built target stereo_msgs__rosidl_generator_c
[2.050s] [ 23%] [34m[1mGenerating C type support for eProsima Micro XRCE-DDS[0m
[2.054s] [ 30%] [34m[1mGenerating C introspection for ROS interfaces[0m
[2.054s] [ 30%] [34m[1mGenerating C type support for eProsima Fast-RTPS[0m
[2.054s] [ 30%] [34m[1mGenerating C type support dispatch for ROS interfaces[0m
[2.249s] [ 33%] [32mBuilding CXX object CMakeFiles/stereo_msgs__rosidl_typesupport_cpp.dir/rosidl_typesupport_cpp/stereo_msgs/msg/disparity_image__type_support.cpp.o[0m
[2.339s] [ 35%] [32mBuilding C object CMakeFiles/stereo_msgs__rosidl_typesupport_microxrcedds_c.dir/rosidl_typesupport_microxrcedds_c/stereo_msgs/msg/detail/microxrcedds/disparity_image__type_support_c.c.o[0m
[2.362s] [ 38%] [32mBuilding CXX object CMakeFiles/stereo_msgs__rosidl_typesupport_fastrtps_c.dir/rosidl_typesupport_fastrtps_c/stereo_msgs/msg/detail/disparity_image__type_support_c.cpp.o[0m
[2.377s] [ 41%] [32m[1mLinking C shared library libstereo_msgs__rosidl_typesupport_microxrcedds_c.so[0m
[2.404s] [ 43%] [32mBuilding CXX object CMakeFiles/stereo_msgs__rosidl_typesupport_introspection_cpp.dir/rosidl_typesupport_introspection_cpp/stereo_msgs/msg/detail/disparity_image__type_support.cpp.o[0m
[2.412s] [ 46%] [32mBuilding CXX object CMakeFiles/stereo_msgs__rosidl_typesupport_microxrcedds_cpp.dir/rosidl_typesupport_microxrcedds_cpp/stereo_msgs/msg/detail/microxrcedds/disparity_image__type_support_cpp.cpp.o[0m
[2.418s] [ 48%] [32mBuilding CXX object CMakeFiles/stereo_msgs__rosidl_typesupport_fastrtps_cpp.dir/rosidl_typesupport_fastrtps_cpp/stereo_msgs/msg/detail/dds_fastrtps/disparity_image__type_support.cpp.o[0m
[2.420s] [ 48%] Built target stereo_msgs__rosidl_typesupport_microxrcedds_c
[2.461s] [ 51%] [32mBuilding CXX object CMakeFiles/stereo_msgs__rosidl_typesupport_c.dir/rosidl_typesupport_c/stereo_msgs/msg/disparity_image__type_support.cpp.o[0m
[2.467s] [ 53%] [32m[1mLinking CXX shared library libstereo_msgs__rosidl_typesupport_cpp.so[0m
[2.487s] [ 56%] [32mBuilding C object CMakeFiles/stereo_msgs__rosidl_typesupport_introspection_c.dir/rosidl_typesupport_introspection_c/stereo_msgs/msg/detail/disparity_image__type_support.c.o[0m
[2.497s] [ 58%] [32m[1mLinking CXX shared library libstereo_msgs__rosidl_typesupport_c.so[0m
[2.501s] [ 58%] Built target stereo_msgs__rosidl_typesupport_cpp
[2.530s] [ 61%] [32m[1mLinking C shared library libstereo_msgs__rosidl_typesupport_introspection_c.so[0m
[2.535s] [ 61%] Built target stereo_msgs__rosidl_typesupport_c
[2.568s] [ 61%] Built target stereo_msgs__rosidl_typesupport_introspection_c
[2.635s] [ 64%] [32m[1mLinking CXX shared library libstereo_msgs__rosidl_typesupport_fastrtps_c.so[0m
[2.706s] [ 64%] Built target stereo_msgs__rosidl_typesupport_fastrtps_c
[2.744s] [ 66%] [32m[1mLinking CXX shared library libstereo_msgs__rosidl_typesupport_fastrtps_cpp.so[0m
[2.776s] [ 69%] [32m[1mLinking CXX shared library libstereo_msgs__rosidl_typesupport_microxrcedds_cpp.so[0m
[2.818s] [ 69%] Built target stereo_msgs__rosidl_typesupport_fastrtps_cpp
[2.835s] [ 69%] Built target stereo_msgs__rosidl_typesupport_microxrcedds_cpp
[2.877s] [ 71%] [32m[1mLinking CXX shared library libstereo_msgs__rosidl_typesupport_introspection_cpp.so[0m
[2.934s] [ 71%] Built target stereo_msgs__rosidl_typesupport_introspection_cpp
[2.952s] [ 71%] Built target stereo_msgs
[2.968s] [ 74%] [34m[1mGenerating Python code for ROS interfaces[0m
[3.336s] [ 74%] Built target stereo_msgs__py
[3.354s] [ 76%] [32mBuilding C object CMakeFiles/stereo_msgs__rosidl_generator_py.dir/rosidl_generator_py/stereo_msgs/msg/_disparity_image_s.c.o[0m
[3.440s] [ 79%] [32m[1mLinking C shared library rosidl_generator_py/stereo_msgs/libstereo_msgs__rosidl_generator_py.so[0m
[3.477s] [ 79%] Built target stereo_msgs__rosidl_generator_py
[3.503s] [ 89%] [32mBuilding C object CMakeFiles/stereo_msgs__rosidl_typesupport_fastrtps_c__pyext.dir/rosidl_generator_py/stereo_msgs/_stereo_msgs_s.ep.rosidl_typesupport_fastrtps_c.c.o[0m
[3.503s] [ 89%] [32mBuilding C object CMakeFiles/stereo_msgs__rosidl_typesupport_introspection_c__pyext.dir/rosidl_generator_py/stereo_msgs/_stereo_msgs_s.ep.rosidl_typesupport_introspection_c.c.o[0m
[3.503s] [ 89%] [32mBuilding C object CMakeFiles/stereo_msgs__rosidl_typesupport_c__pyext.dir/rosidl_generator_py/stereo_msgs/_stereo_msgs_s.ep.rosidl_typesupport_c.c.o[0m
[3.503s] [ 89%] [32mBuilding C object CMakeFiles/stereo_msgs__rosidl_typesupport_microxrcedds_c__pyext.dir/rosidl_generator_py/stereo_msgs/_stereo_msgs_s.ep.rosidl_typesupport_microxrcedds_c.c.o[0m
[3.627s] [ 97%] [32m[1mLinking C shared library rosidl_generator_py/stereo_msgs/stereo_msgs_s__rosidl_typesupport_introspection_c.cpython-310-x86_64-linux-gnu.so[0m
[3.628s] [ 97%] [32m[1mLinking C shared library rosidl_generator_py/stereo_msgs/stereo_msgs_s__rosidl_typesupport_c.cpython-310-x86_64-linux-gnu.so[0m
[3.628s] [ 97%] [32m[1mLinking C shared library rosidl_generator_py/stereo_msgs/stereo_msgs_s__rosidl_typesupport_fastrtps_c.cpython-310-x86_64-linux-gnu.so[0m
[3.628s] [100%] [32m[1mLinking C shared library rosidl_generator_py/stereo_msgs/stereo_msgs_s__rosidl_typesupport_microxrcedds_c.cpython-310-x86_64-linux-gnu.so[0m
[3.691s] [100%] Built target stereo_msgs__rosidl_typesupport_c__pyext
[3.691s] [100%] Built target stereo_msgs__rosidl_typesupport_microxrcedds_c__pyext
[3.694s] [100%] Built target stereo_msgs__rosidl_typesupport_introspection_c__pyext
[3.696s] [100%] Built target stereo_msgs__rosidl_typesupport_fastrtps_c__pyext
[3.710s] Invoked command in '/home/abhay/microros_ws/build/stereo_msgs' returned '0': AMENT_PREFIX_PATH=/home/abhay/microros_ws/install/sensor_msgs:/home/abhay/microros_ws/install/geometry_msgs:/home/abhay/microros_ws/install/std_msgs:/home/abhay/microros_ws/install/builtin_interfaces:${AMENT_PREFIX_PATH} CMAKE_PREFIX_PATH=/home/abhay/microros_ws/install/sensor_msgs:/home/abhay/microros_ws/install/geometry_msgs:/home/abhay/microros_ws/install/std_msgs:/home/abhay/microros_ws/install/builtin_interfaces:/home/abhay/microros_ws/install/rosidl_typesupport_microxrcedds_cpp:/home/abhay/microros_ws/install/rosidl_typesupport_microxrcedds_c:/home/abhay/microros_ws/install/microcdr:/home/abhay/microros_ws/install/micro_ros_setup:/home/abhay/ros2_ws/install/py_srvcli:/home/abhay/ros2_ws/install/my_robot_controller:/opt/ros/humble LD_LIBRARY_PATH=/home/abhay/microros_ws/install/sensor_msgs/lib:/home/abhay/microros_ws/install/geometry_msgs/lib:/home/abhay/microros_ws/install/std_msgs/lib:/home/abhay/microros_ws/install/builtin_interfaces/lib:${LD_LIBRARY_PATH} PYTHONPATH=/home/abhay/microros_ws/install/sensor_msgs/local/lib/python3.10/dist-packages:/home/abhay/microros_ws/install/geometry_msgs/local/lib/python3.10/dist-packages:/home/abhay/microros_ws/install/std_msgs/local/lib/python3.10/dist-packages:/home/abhay/microros_ws/install/builtin_interfaces/local/lib/python3.10/dist-packages:${PYTHONPATH} /usr/bin/cmake --build /home/abhay/microros_ws/build/stereo_msgs -- -j16 -l16
[3.827s] Invoking command in '/home/abhay/microros_ws/build/stereo_msgs': AMENT_PREFIX_PATH=/home/abhay/microros_ws/install/sensor_msgs:/home/abhay/microros_ws/install/geometry_msgs:/home/abhay/microros_ws/install/std_msgs:/home/abhay/microros_ws/install/builtin_interfaces:${AMENT_PREFIX_PATH} CMAKE_PREFIX_PATH=/home/abhay/microros_ws/install/sensor_msgs:/home/abhay/microros_ws/install/geometry_msgs:/home/abhay/microros_ws/install/std_msgs:/home/abhay/microros_ws/install/builtin_interfaces:/home/abhay/microros_ws/install/rosidl_typesupport_microxrcedds_cpp:/home/abhay/microros_ws/install/rosidl_typesupport_microxrcedds_c:/home/abhay/microros_ws/install/microcdr:/home/abhay/microros_ws/install/micro_ros_setup:/home/abhay/ros2_ws/install/py_srvcli:/home/abhay/ros2_ws/install/my_robot_controller:/opt/ros/humble LD_LIBRARY_PATH=/home/abhay/microros_ws/install/sensor_msgs/lib:/home/abhay/microros_ws/install/geometry_msgs/lib:/home/abhay/microros_ws/install/std_msgs/lib:/home/abhay/microros_ws/install/builtin_interfaces/lib:${LD_LIBRARY_PATH} PYTHONPATH=/home/abhay/microros_ws/install/sensor_msgs/local/lib/python3.10/dist-packages:/home/abhay/microros_ws/install/geometry_msgs/local/lib/python3.10/dist-packages:/home/abhay/microros_ws/install/std_msgs/local/lib/python3.10/dist-packages:/home/abhay/microros_ws/install/builtin_interfaces/local/lib/python3.10/dist-packages:${PYTHONPATH} /usr/bin/cmake --install /home/abhay/microros_ws/build/stereo_msgs
[3.836s] -- Install configuration: ""
[3.837s] -- Installing: /home/abhay/microros_ws/install/stereo_msgs/share/ament_index/resource_index/rosidl_interfaces/stereo_msgs
[3.837s] -- Installing: /home/abhay/microros_ws/install/stereo_msgs/include/stereo_msgs/stereo_msgs
[3.837s] -- Installing: /home/abhay/microros_ws/install/stereo_msgs/include/stereo_msgs/stereo_msgs/msg
[3.837s] -- Installing: /home/abhay/microros_ws/install/stereo_msgs/include/stereo_msgs/stereo_msgs/msg/rosidl_generator_c__visibility_control.h
[3.838s] -- Installing: /home/abhay/microros_ws/install/stereo_msgs/include/stereo_msgs/stereo_msgs/msg/detail
[3.838s] -- Installing: /home/abhay/microros_ws/install/stereo_msgs/include/stereo_msgs/stereo_msgs/msg/detail/disparity_image__functions.h
[3.838s] -- Installing: /home/abhay/microros_ws/install/stereo_msgs/include/stereo_msgs/stereo_msgs/msg/detail/disparity_image__struct.h
[3.838s] -- Installing: /home/abhay/microros_ws/install/stereo_msgs/include/stereo_msgs/stereo_msgs/msg/detail/disparity_image__type_support.h
[3.838s] -- Installing: /home/abhay/microros_ws/install/stereo_msgs/include/stereo_msgs/stereo_msgs/msg/detail/disparity_image__functions.c
[3.838s] -- Installing: /home/abhay/microros_ws/install/stereo_msgs/include/stereo_msgs/stereo_msgs/msg/disparity_image.h
[3.838s] -- Installing: /home/abhay/microros_ws/install/stereo_msgs/share/stereo_msgs/environment/library_path.sh
[3.838s] -- Installing: /home/abhay/microros_ws/install/stereo_msgs/share/stereo_msgs/environment/library_path.dsv
[3.838s] -- Installing: /home/abhay/microros_ws/install/stereo_msgs/lib/libstereo_msgs__rosidl_generator_c.so
[3.838s] -- Set runtime path of "/home/abhay/microros_ws/install/stereo_msgs/lib/libstereo_msgs__rosidl_generator_c.so" to ""
[3.839s] -- Up-to-date: /home/abhay/microros_ws/install/stereo_msgs/include/stereo_msgs
[3.839s] -- Installing: /home/abhay/microros_ws/install/stereo_msgs/include/stereo_msgs/msg
[3.839s] -- Installing: /home/abhay/microros_ws/install/stereo_msgs/include/stereo_msgs/msg/detail
[3.839s] -- Installing: /home/abhay/microros_ws/install/stereo_msgs/include/stereo_msgs/msg/detail/disparity_image__rosidl_typesupport_microxrcedds_c.h
[3.839s] -- Installing: /home/abhay/microros_ws/install/stereo_msgs/include/stereo_msgs/msg/detail/microxrcedds
[3.839s] -- Installing: /home/abhay/microros_ws/install/stereo_msgs/include/stereo_msgs/msg/rosidl_typesupport_microxrcedds_c__visibility_control.h
[3.839s] -- Installing: /home/abhay/microros_ws/install/stereo_msgs/lib/libstereo_msgs__rosidl_typesupport_microxrcedds_c.so
[3.839s] -- Set runtime path of "/home/abhay/microros_ws/install/stereo_msgs/lib/libstereo_msgs__rosidl_typesupport_microxrcedds_c.so" to ""
[3.839s] -- Up-to-date: /home/abhay/microros_ws/install/stereo_msgs/include/stereo_msgs/stereo_msgs
[3.839s] -- Up-to-date: /home/abhay/microros_ws/install/stereo_msgs/include/stereo_msgs/stereo_msgs/msg
[3.840s] -- Up-to-date: /home/abhay/microros_ws/install/stereo_msgs/include/stereo_msgs/stereo_msgs/msg/detail
[3.840s] -- Installing: /home/abhay/microros_ws/install/stereo_msgs/include/stereo_msgs/stereo_msgs/msg/detail/disparity_image__rosidl_typesupport_fastrtps_c.h
[3.840s] -- Installing: /home/abhay/microros_ws/install/stereo_msgs/include/stereo_msgs/stereo_msgs/msg/rosidl_typesupport_fastrtps_c__visibility_control.h
[3.840s] -- Installing: /home/abhay/microros_ws/install/stereo_msgs/lib/libstereo_msgs__rosidl_typesupport_fastrtps_c.so
[3.840s] -- Set runtime path of "/home/abhay/microros_ws/install/stereo_msgs/lib/libstereo_msgs__rosidl_typesupport_fastrtps_c.so" to ""
[3.840s] -- Up-to-date: /home/abhay/microros_ws/install/stereo_msgs/include/stereo_msgs/stereo_msgs
[3.840s] -- Up-to-date: /home/abhay/microros_ws/install/stereo_msgs/include/stereo_msgs/stereo_msgs/msg
[3.840s] -- Up-to-date: /home/abhay/microros_ws/install/stereo_msgs/include/stereo_msgs/stereo_msgs/msg/detail
[3.841s] -- Installing: /home/abhay/microros_ws/install/stereo_msgs/include/stereo_msgs/stereo_msgs/msg/detail/disparity_image__rosidl_typesupport_introspection_c.h
[3.841s] -- Installing: /home/abhay/microros_ws/install/stereo_msgs/include/stereo_msgs/stereo_msgs/msg/detail/disparity_image__type_support.c
[3.841s] -- Installing: /home/abhay/microros_ws/install/stereo_msgs/include/stereo_msgs/stereo_msgs/msg/rosidl_typesupport_introspection_c__visibility_control.h
[3.841s] -- Installing: /home/abhay/microros_ws/install/stereo_msgs/lib/libstereo_msgs__rosidl_typesupport_introspection_c.so
[3.841s] -- Set runtime path of "/home/abhay/microros_ws/install/stereo_msgs/lib/libstereo_msgs__rosidl_typesupport_introspection_c.so" to ""
[3.841s] -- Installing: /home/abhay/microros_ws/install/stereo_msgs/lib/libstereo_msgs__rosidl_typesupport_c.so
[3.841s] -- Set runtime path of "/home/abhay/microros_ws/install/stereo_msgs/lib/libstereo_msgs__rosidl_typesupport_c.so" to ""
[3.841s] -- Up-to-date: /home/abhay/microros_ws/install/stereo_msgs/include/stereo_msgs/stereo_msgs
[3.841s] -- Up-to-date: /home/abhay/microros_ws/install/stereo_msgs/include/stereo_msgs/stereo_msgs/msg
[3.841s] -- Up-to-date: /home/abhay/microros_ws/install/stereo_msgs/include/stereo_msgs/stereo_msgs/msg/detail
[3.842s] -- Installing: /home/abhay/microros_ws/install/stereo_msgs/include/stereo_msgs/stereo_msgs/msg/detail/disparity_image__traits.hpp
[3.842s] -- Installing: /home/abhay/microros_ws/install/stereo_msgs/include/stereo_msgs/stereo_msgs/msg/detail/disparity_image__struct.hpp
[3.842s] -- Installing: /home/abhay/microros_ws/install/stereo_msgs/include/stereo_msgs/stereo_msgs/msg/detail/disparity_image__builder.hpp
[3.842s] -- Installing: /home/abhay/microros_ws/install/stereo_msgs/include/stereo_msgs/stereo_msgs/msg/disparity_image.hpp
[3.842s] -- Up-to-date: /home/abhay/microros_ws/install/stereo_msgs/include/stereo_msgs
[3.842s] -- Up-to-date: /home/abhay/microros_ws/install/stereo_msgs/include/stereo_msgs/msg
[3.842s] -- Up-to-date: /home/abhay/microros_ws/install/stereo_msgs/include/stereo_msgs/msg/detail
[3.842s] -- Installing: /home/abhay/microros_ws/install/stereo_msgs/include/stereo_msgs/msg/detail/disparity_image__rosidl_typesupport_microxrcedds_cpp.hpp
[3.842s] -- Up-to-date: /home/abhay/microros_ws/install/stereo_msgs/include/stereo_msgs/msg/detail/microxrcedds
[3.842s] -- Installing: /home/abhay/microros_ws/install/stereo_msgs/include/stereo_msgs/msg/detail/microxrcedds/disparity_image__type_support_cpp.cpp
[3.842s] -- Installing: /home/abhay/microros_ws/install/stereo_msgs/include/stereo_msgs/msg/rosidl_typesupport_microxrcedds_cpp__visibility_control.h
[3.843s] -- Installing: /home/abhay/microros_ws/install/stereo_msgs/lib/libstereo_msgs__rosidl_typesupport_microxrcedds_cpp.so
[3.843s] -- Set runtime path of "/home/abhay/microros_ws/install/stereo_msgs/lib/libstereo_msgs__rosidl_typesupport_microxrcedds_cpp.so" to ""
[3.843s] -- Up-to-date: /home/abhay/microros_ws/install/stereo_msgs/include/stereo_msgs/stereo_msgs
[3.843s] -- Up-to-date: /home/abhay/microros_ws/install/stereo_msgs/include/stereo_msgs/stereo_msgs/msg
[3.843s] -- Up-to-date: /home/abhay/microros_ws/install/stereo_msgs/include/stereo_msgs/stereo_msgs/msg/detail
[3.843s] -- Installing: /home/abhay/microros_ws/install/stereo_msgs/include/stereo_msgs/stereo_msgs/msg/detail/disparity_image__rosidl_typesupport_fastrtps_cpp.hpp
[3.843s] -- Installing: /home/abhay/microros_ws/install/stereo_msgs/include/stereo_msgs/stereo_msgs/msg/detail/dds_fastrtps
[3.843s] -- Installing: /home/abhay/microros_ws/install/stereo_msgs/include/stereo_msgs/stereo_msgs/msg/rosidl_typesupport_fastrtps_cpp__visibility_control.h
[3.843s] -- Installing: /home/abhay/microros_ws/install/stereo_msgs/lib/libstereo_msgs__rosidl_typesupport_fastrtps_cpp.so
[3.843s] -- Set runtime path of "/home/abhay/microros_ws/install/stereo_msgs/lib/libstereo_msgs__rosidl_typesupport_fastrtps_cpp.so" to ""
[3.844s] -- Up-to-date: /home/abhay/microros_ws/install/stereo_msgs/include/stereo_msgs/stereo_msgs
[3.844s] -- Up-to-date: /home/abhay/microros_ws/install/stereo_msgs/include/stereo_msgs/stereo_msgs/msg
[3.844s] -- Up-to-date: /home/abhay/microros_ws/install/stereo_msgs/include/stereo_msgs/stereo_msgs/msg/detail
[3.844s] -- Installing: /home/abhay/microros_ws/install/stereo_msgs/include/stereo_msgs/stereo_msgs/msg/detail/disparity_image__type_support.cpp
[3.844s] -- Installing: /home/abhay/microros_ws/install/stereo_msgs/include/stereo_msgs/stereo_msgs/msg/detail/disparity_image__rosidl_typesupport_introspection_cpp.hpp
[3.844s] -- Installing: /home/abhay/microros_ws/install/stereo_msgs/lib/libstereo_msgs__rosidl_typesupport_introspection_cpp.so
[3.844s] -- Set runtime path of "/home/abhay/microros_ws/install/stereo_msgs/lib/libstereo_msgs__rosidl_typesupport_introspection_cpp.so" to ""
[3.844s] -- Installing: /home/abhay/microros_ws/install/stereo_msgs/lib/libstereo_msgs__rosidl_typesupport_cpp.so
[3.844s] -- Set runtime path of "/home/abhay/microros_ws/install/stereo_msgs/lib/libstereo_msgs__rosidl_typesupport_cpp.so" to ""
[3.845s] -- Installing: /home/abhay/microros_ws/install/stereo_msgs/share/stereo_msgs/environment/pythonpath.sh
[3.845s] -- Installing: /home/abhay/microros_ws/install/stereo_msgs/share/stereo_msgs/environment/pythonpath.dsv
[3.845s] -- Installing: /home/abhay/microros_ws/install/stereo_msgs/local/lib/python3.10/dist-packages/stereo_msgs-4.2.3-py3.10.egg-info
[3.845s] -- Installing: /home/abhay/microros_ws/install/stereo_msgs/local/lib/python3.10/dist-packages/stereo_msgs-4.2.3-py3.10.egg-info/top_level.txt
[3.845s] -- Installing: /home/abhay/microros_ws/install/stereo_msgs/local/lib/python3.10/dist-packages/stereo_msgs-4.2.3-py3.10.egg-info/SOURCES.txt
[3.845s] -- Installing: /home/abhay/microros_ws/install/stereo_msgs/local/lib/python3.10/dist-packages/stereo_msgs-4.2.3-py3.10.egg-info/dependency_links.txt
[3.845s] -- Installing: /home/abhay/microros_ws/install/stereo_msgs/local/lib/python3.10/dist-packages/stereo_msgs-4.2.3-py3.10.egg-info/PKG-INFO
[3.845s] -- Installing: /home/abhay/microros_ws/install/stereo_msgs/local/lib/python3.10/dist-packages/stereo_msgs
[3.845s] -- Installing: /home/abhay/microros_ws/install/stereo_msgs/local/lib/python3.10/dist-packages/stereo_msgs/msg
[3.845s] -- Installing: /home/abhay/microros_ws/install/stereo_msgs/local/lib/python3.10/dist-packages/stereo_msgs/msg/_disparity_image_s.c
[3.846s] -- Installing: /home/abhay/microros_ws/install/stereo_msgs/local/lib/python3.10/dist-packages/stereo_msgs/msg/__init__.py
[3.846s] -- Installing: /home/abhay/microros_ws/install/stereo_msgs/local/lib/python3.10/dist-packages/stereo_msgs/msg/_disparity_image.py
[3.846s] -- Installing: /home/abhay/microros_ws/install/stereo_msgs/local/lib/python3.10/dist-packages/stereo_msgs/_stereo_msgs_s.ep.rosidl_typesupport_c.c
[3.846s] -- Installing: /home/abhay/microros_ws/install/stereo_msgs/local/lib/python3.10/dist-packages/stereo_msgs/libstereo_msgs__rosidl_generator_py.so
[3.846s] -- Installing: /home/abhay/microros_ws/install/stereo_msgs/local/lib/python3.10/dist-packages/stereo_msgs/_stereo_msgs_s.ep.rosidl_typesupport_introspection_c.c
[3.846s] -- Installing: /home/abhay/microros_ws/install/stereo_msgs/local/lib/python3.10/dist-packages/stereo_msgs/stereo_msgs_s__rosidl_typesupport_c.cpython-310-x86_64-linux-gnu.so
[3.846s] -- Installing: /home/abhay/microros_ws/install/stereo_msgs/local/lib/python3.10/dist-packages/stereo_msgs/stereo_msgs_s__rosidl_typesupport_introspection_c.cpython-310-x86_64-linux-gnu.so
[3.846s] -- Installing: /home/abhay/microros_ws/install/stereo_msgs/local/lib/python3.10/dist-packages/stereo_msgs/_stereo_msgs_s.ep.rosidl_typesupport_fastrtps_c.c
[3.846s] -- Installing: /home/abhay/microros_ws/install/stereo_msgs/local/lib/python3.10/dist-packages/stereo_msgs/stereo_msgs_s__rosidl_typesupport_fastrtps_c.cpython-310-x86_64-linux-gnu.so
[3.847s] -- Installing: /home/abhay/microros_ws/install/stereo_msgs/local/lib/python3.10/dist-packages/stereo_msgs/__init__.py
[3.847s] -- Installing: /home/abhay/microros_ws/install/stereo_msgs/local/lib/python3.10/dist-packages/stereo_msgs/stereo_msgs_s__rosidl_typesupport_microxrcedds_c.cpython-310-x86_64-linux-gnu.so
[3.847s] -- Installing: /home/abhay/microros_ws/install/stereo_msgs/local/lib/python3.10/dist-packages/stereo_msgs/_stereo_msgs_s.ep.rosidl_typesupport_microxrcedds_c.c
[3.894s] Listing '/home/abhay/microros_ws/install/stereo_msgs/local/lib/python3.10/dist-packages/stereo_msgs'...
[3.894s] Compiling '/home/abhay/microros_ws/install/stereo_msgs/local/lib/python3.10/dist-packages/stereo_msgs/__init__.py'...
[3.895s] Listing '/home/abhay/microros_ws/install/stereo_msgs/local/lib/python3.10/dist-packages/stereo_msgs/msg'...
[3.895s] Compiling '/home/abhay/microros_ws/install/stereo_msgs/local/lib/python3.10/dist-packages/stereo_msgs/msg/__init__.py'...
[3.895s] Compiling '/home/abhay/microros_ws/install/stereo_msgs/local/lib/python3.10/dist-packages/stereo_msgs/msg/_disparity_image.py'...
[3.900s] -- Installing: /home/abhay/microros_ws/install/stereo_msgs/local/lib/python3.10/dist-packages/stereo_msgs/stereo_msgs_s__rosidl_typesupport_microxrcedds_c.cpython-310-x86_64-linux-gnu.so
[3.900s] -- Set runtime path of "/home/abhay/microros_ws/install/stereo_msgs/local/lib/python3.10/dist-packages/stereo_msgs/stereo_msgs_s__rosidl_typesupport_microxrcedds_c.cpython-310-x86_64-linux-gnu.so" to ""
[3.900s] -- Installing: /home/abhay/microros_ws/install/stereo_msgs/local/lib/python3.10/dist-packages/stereo_msgs/stereo_msgs_s__rosidl_typesupport_fastrtps_c.cpython-310-x86_64-linux-gnu.so
[3.901s] -- Set runtime path of "/home/abhay/microros_ws/install/stereo_msgs/local/lib/python3.10/dist-packages/stereo_msgs/stereo_msgs_s__rosidl_typesupport_fastrtps_c.cpython-310-x86_64-linux-gnu.so" to ""
[3.901s] -- Installing: /home/abhay/microros_ws/install/stereo_msgs/local/lib/python3.10/dist-packages/stereo_msgs/stereo_msgs_s__rosidl_typesupport_introspection_c.cpython-310-x86_64-linux-gnu.so
[3.901s] -- Set runtime path of "/home/abhay/microros_ws/install/stereo_msgs/local/lib/python3.10/dist-packages/stereo_msgs/stereo_msgs_s__rosidl_typesupport_introspection_c.cpython-310-x86_64-linux-gnu.so" to ""
[3.901s] -- Installing: /home/abhay/microros_ws/install/stereo_msgs/local/lib/python3.10/dist-packages/stereo_msgs/stereo_msgs_s__rosidl_typesupport_c.cpython-310-x86_64-linux-gnu.so
[3.902s] -- Set runtime path of "/home/abhay/microros_ws/install/stereo_msgs/local/lib/python3.10/dist-packages/stereo_msgs/stereo_msgs_s__rosidl_typesupport_c.cpython-310-x86_64-linux-gnu.so" to ""
[3.902s] -- Installing: /home/abhay/microros_ws/install/stereo_msgs/lib/libstereo_msgs__rosidl_generator_py.so
[3.902s] -- Set runtime path of "/home/abhay/microros_ws/install/stereo_msgs/lib/libstereo_msgs__rosidl_generator_py.so" to ""
[3.902s] -- Installing: /home/abhay/microros_ws/install/stereo_msgs/share/stereo_msgs/msg/DisparityImage.idl
[3.902s] -- Installing: /home/abhay/microros_ws/install/stereo_msgs/share/stereo_msgs/msg/DisparityImage.msg
[3.903s] -- Installing: /home/abhay/microros_ws/install/stereo_msgs/share/ament_index/resource_index/package_run_dependencies/stereo_msgs
[3.903s] -- Installing: /home/abhay/microros_ws/install/stereo_msgs/share/ament_index/resource_index/parent_prefix_path/stereo_msgs
[3.903s] -- Installing: /home/abhay/microros_ws/install/stereo_msgs/share/stereo_msgs/environment/ament_prefix_path.sh
[3.903s] -- Installing: /home/abhay/microros_ws/install/stereo_msgs/share/stereo_msgs/environment/ament_prefix_path.dsv
[3.903s] -- Installing: /home/abhay/microros_ws/install/stereo_msgs/share/stereo_msgs/environment/path.sh
[3.903s] -- Installing: /home/abhay/microros_ws/install/stereo_msgs/share/stereo_msgs/environment/path.dsv
[3.903s] -- Installing: /home/abhay/microros_ws/install/stereo_msgs/share/stereo_msgs/local_setup.bash
[3.904s] -- Installing: /home/abhay/microros_ws/install/stereo_msgs/share/stereo_msgs/local_setup.sh
[3.904s] -- Installing: /home/abhay/microros_ws/install/stereo_msgs/share/stereo_msgs/local_setup.zsh
[3.904s] -- Installing: /home/abhay/microros_ws/install/stereo_msgs/share/stereo_msgs/local_setup.dsv
[3.904s] -- Installing: /home/abhay/microros_ws/install/stereo_msgs/share/stereo_msgs/package.dsv
[3.904s] -- Installing: /home/abhay/microros_ws/install/stereo_msgs/share/ament_index/resource_index/packages/stereo_msgs
[3.904s] -- Installing: /home/abhay/microros_ws/install/stereo_msgs/share/stereo_msgs/cmake/export_stereo_msgs__rosidl_generator_cExport.cmake
[3.905s] -- Installing: /home/abhay/microros_ws/install/stereo_msgs/share/stereo_msgs/cmake/export_stereo_msgs__rosidl_generator_cExport-noconfig.cmake
[3.905s] -- Installing: /home/abhay/microros_ws/install/stereo_msgs/share/stereo_msgs/cmake/export_stereo_msgs__rosidl_typesupport_fastrtps_cExport.cmake
[3.905s] -- Installing: /home/abhay/microros_ws/install/stereo_msgs/share/stereo_msgs/cmake/export_stereo_msgs__rosidl_typesupport_fastrtps_cExport-noconfig.cmake
[3.905s] -- Installing: /home/abhay/microros_ws/install/stereo_msgs/share/stereo_msgs/cmake/stereo_msgs__rosidl_typesupport_introspection_cExport.cmake
[3.905s] -- Installing: /home/abhay/microros_ws/install/stereo_msgs/share/stereo_msgs/cmake/stereo_msgs__rosidl_typesupport_introspection_cExport-noconfig.cmake
[3.905s] -- Installing: /home/abhay/microros_ws/install/stereo_msgs/share/stereo_msgs/cmake/stereo_msgs__rosidl_typesupport_cExport.cmake
[3.905s] -- Installing: /home/abhay/microros_ws/install/stereo_msgs/share/stereo_msgs/cmake/stereo_msgs__rosidl_typesupport_cExport-noconfig.cmake
[3.905s] -- Installing: /home/abhay/microros_ws/install/stereo_msgs/share/stereo_msgs/cmake/export_stereo_msgs__rosidl_generator_cppExport.cmake
[3.906s] -- Installing: /home/abhay/microros_ws/install/stereo_msgs/share/stereo_msgs/cmake/export_stereo_msgs__rosidl_typesupport_fastrtps_cppExport.cmake
[3.906s] -- Installing: /home/abhay/microros_ws/install/stereo_msgs/share/stereo_msgs/cmake/export_stereo_msgs__rosidl_typesupport_fastrtps_cppExport-noconfig.cmake
[3.906s] -- Installing: /home/abhay/microros_ws/install/stereo_msgs/share/stereo_msgs/cmake/stereo_msgs__rosidl_typesupport_introspection_cppExport.cmake
[3.906s] -- Installing: /home/abhay/microros_ws/install/stereo_msgs/share/stereo_msgs/cmake/stereo_msgs__rosidl_typesupport_introspection_cppExport-noconfig.cmake
[3.906s] -- Installing: /home/abhay/microros_ws/install/stereo_msgs/share/stereo_msgs/cmake/stereo_msgs__rosidl_typesupport_cppExport.cmake
[3.906s] -- Installing: /home/abhay/microros_ws/install/stereo_msgs/share/stereo_msgs/cmake/stereo_msgs__rosidl_typesupport_cppExport-noconfig.cmake
[3.906s] -- Installing: /home/abhay/microros_ws/install/stereo_msgs/share/stereo_msgs/cmake/export_stereo_msgs__rosidl_generator_pyExport.cmake
[3.907s] -- Installing: /home/abhay/microros_ws/install/stereo_msgs/share/stereo_msgs/cmake/export_stereo_msgs__rosidl_generator_pyExport-noconfig.cmake
[3.907s] -- Installing: /home/abhay/microros_ws/install/stereo_msgs/share/stereo_msgs/cmake/rosidl_cmake-extras.cmake
[3.907s] -- Installing: /home/abhay/microros_ws/install/stereo_msgs/share/stereo_msgs/cmake/ament_cmake_export_dependencies-extras.cmake
[3.907s] -- Installing: /home/abhay/microros_ws/install/stereo_msgs/share/stereo_msgs/cmake/ament_cmake_export_include_directories-extras.cmake
[3.907s] -- Installing: /home/abhay/microros_ws/install/stereo_msgs/share/stereo_msgs/cmake/ament_cmake_export_libraries-extras.cmake
[3.907s] -- Installing: /home/abhay/microros_ws/install/stereo_msgs/share/stereo_msgs/cmake/ament_cmake_export_targets-extras.cmake
[3.907s] -- Installing: /home/abhay/microros_ws/install/stereo_msgs/share/stereo_msgs/cmake/rosidl_cmake_export_typesupport_targets-extras.cmake
[3.908s] -- Installing: /home/abhay/microros_ws/install/stereo_msgs/share/stereo_msgs/cmake/rosidl_cmake_export_typesupport_libraries-extras.cmake
[3.908s] -- Installing: /home/abhay/microros_ws/install/stereo_msgs/share/stereo_msgs/cmake/stereo_msgsConfig.cmake
[3.908s] -- Installing: /home/abhay/microros_ws/install/stereo_msgs/share/stereo_msgs/cmake/stereo_msgsConfig-version.cmake
[3.908s] -- Installing: /home/abhay/microros_ws/install/stereo_msgs/share/stereo_msgs/package.xml
[3.911s] Invoked command in '/home/abhay/microros_ws/build/stereo_msgs' returned '0': AMENT_PREFIX_PATH=/home/abhay/microros_ws/install/sensor_msgs:/home/abhay/microros_ws/install/geometry_msgs:/home/abhay/microros_ws/install/std_msgs:/home/abhay/microros_ws/install/builtin_interfaces:${AMENT_PREFIX_PATH} CMAKE_PREFIX_PATH=/home/abhay/microros_ws/install/sensor_msgs:/home/abhay/microros_ws/install/geometry_msgs:/home/abhay/microros_ws/install/std_msgs:/home/abhay/microros_ws/install/builtin_interfaces:/home/abhay/microros_ws/install/rosidl_typesupport_microxrcedds_cpp:/home/abhay/microros_ws/install/rosidl_typesupport_microxrcedds_c:/home/abhay/microros_ws/install/microcdr:/home/abhay/microros_ws/install/micro_ros_setup:/home/abhay/ros2_ws/install/py_srvcli:/home/abhay/ros2_ws/install/my_robot_controller:/opt/ros/humble LD_LIBRARY_PATH=/home/abhay/microros_ws/install/sensor_msgs/lib:/home/abhay/microros_ws/install/geometry_msgs/lib:/home/abhay/microros_ws/install/std_msgs/lib:/home/abhay/microros_ws/install/builtin_interfaces/lib:${LD_LIBRARY_PATH} PYTHONPATH=/home/abhay/microros_ws/install/sensor_msgs/local/lib/python3.10/dist-packages:/home/abhay/microros_ws/install/geometry_msgs/local/lib/python3.10/dist-packages:/home/abhay/microros_ws/install/std_msgs/local/lib/python3.10/dist-packages:/home/abhay/microros_ws/install/builtin_interfaces/local/lib/python3.10/dist-packages:${PYTHONPATH} /usr/bin/cmake --install /home/abhay/microros_ws/build/stereo_msgs
