[0.006s] Invoking command in '/home/abhay/microros_ws/build/microcdr': /usr/bin/cmake /home/abhay/microros_ws/src/eProsima/Micro-CDR -DBUILD_TESTING=OFF -DBUILD_SHARED_LIBS=ON -DUCDR_ISOLATED_INSTALL=OFF -DBUILD_SHARED_LIBS=ON -DCMAKE_INSTALL_PREFIX=/home/abhay/microros_ws/install/microcdr
[0.023s] -- Setting build type to 'Release' as none was specified.
[0.086s] -- The C compiler identification is GNU 11.4.0
[0.093s] -- Detecting C compiler ABI info
[0.138s] -- Detecting C compiler ABI info - done
[0.142s] -- Check for working C compiler: /usr/bin/cc - skipped
[0.142s] -- Detecting C compile features
[0.143s] -- Detecting C compile features - done
[0.202s] -- The CXX compiler identification is GNU 11.4.0
[0.207s] -- Detecting CXX compiler ABI info
[0.257s] -- Detecting CXX compiler ABI info - done
[0.261s] -- Check for working CXX compiler: /usr/bin/c++ - skipped
[0.261s] -- Detecting CXX compile features
[0.262s] -- Detecting CXX compile features - done
[0.266s] -- Configuring done
[0.267s] -- Generating done
[0.268s] -- Build files have been written to: /home/abhay/microros_ws/build/microcdr
[0.268s] [33mCMake Warning:
[0.268s]   Manually-specified variables were not used by the project:
[0.268s] 
[0.268s]     BUILD_TESTING
[0.268s] 
[0.268s] [0m
[0.270s] Invoked command in '/home/abhay/microros_ws/build/microcdr' returned '0': /usr/bin/cmake /home/abhay/microros_ws/src/eProsima/Micro-CDR -DBUILD_TESTING=OFF -DBUILD_SHARED_LIBS=ON -DUCDR_ISOLATED_INSTALL=OFF -DBUILD_SHARED_LIBS=ON -DCMAKE_INSTALL_PREFIX=/home/abhay/microros_ws/install/microcdr
[0.271s] Invoking command in '/home/abhay/microros_ws/build/microcdr': /usr/bin/cmake --build /home/abhay/microros_ws/build/microcdr -- -j16 -l16
[0.297s] [ 12%] [34m[1mCreating directories for 'ucdr'[0m
[0.336s] [ 25%] [34m[1mNo download step for 'ucdr'[0m
[0.351s] [ 37%] [34m[1mNo update step for 'ucdr'[0m
[0.364s] [ 50%] [34m[1mNo patch step for 'ucdr'[0m
[0.377s] [ 62%] [34m[1mPerforming configure step for 'ucdr'[0m
[0.383s] loading initial cache file /home/abhay/microros_ws/build/microcdr/ucdr-prefix/tmp/ucdr-cache-Release.cmake
[0.389s] -- Configuring done
[0.391s] -- Generating done
[0.391s] -- Build files have been written to: /home/abhay/microros_ws/build/microcdr
[0.401s] [ 75%] [34m[1mPerforming build step for 'ucdr'[0m
[0.424s] [ 50%] [32mBuilding C object CMakeFiles/microcdr.dir/src/c/common.c.o[0m
[0.425s] [ 50%] [32mBuilding C object CMakeFiles/microcdr.dir/src/c/types/basic.c.o[0m
[0.425s] [ 50%] [32mBuilding C object CMakeFiles/microcdr.dir/src/c/types/string.c.o[0m
[0.425s] [ 66%] [32mBuilding C object CMakeFiles/microcdr.dir/src/c/types/sequence.c.o[0m
[0.427s] [ 83%] [32mBuilding C object CMakeFiles/microcdr.dir/src/c/types/array.c.o[0m
[0.748s] [100%] [32m[1mLinking C shared library libmicrocdr.so[0m
[0.779s] [100%] Built target microcdr
[0.794s] [34m[1mNo install step for 'ucdr'[0m
[0.808s] [34m[1mCompleted 'ucdr'[0m
[0.828s] Built target ucdr
[0.836s] Invoked command in '/home/abhay/microros_ws/build/microcdr' returned '0': /usr/bin/cmake --build /home/abhay/microros_ws/build/microcdr -- -j16 -l16
[0.863s] Invoking command in '/home/abhay/microros_ws/build/microcdr': /usr/bin/cmake --install /home/abhay/microros_ws/build/microcdr
[0.868s] -- Install configuration: "Release"
[0.868s] -- Installing: /home/abhay/microros_ws/install/microcdr/lib/libmicrocdr.so.2.0.1
[0.868s] -- Installing: /home/abhay/microros_ws/install/microcdr/lib/libmicrocdr.so.2.0
[0.868s] -- Installing: /home/abhay/microros_ws/install/microcdr/lib/libmicrocdr.so
[0.869s] -- Installing: /home/abhay/microros_ws/install/microcdr/include/ucdr
[0.869s] -- Installing: /home/abhay/microros_ws/install/microcdr/include/ucdr/microcdr.h
[0.869s] -- Installing: /home/abhay/microros_ws/install/microcdr/include/ucdr/visibility.h
[0.869s] -- Installing: /home/abhay/microros_ws/install/microcdr/include/ucdr/config.h
[0.869s] -- Installing: /home/abhay/microros_ws/install/microcdr/share/microcdr/cmake/microcdrTargets.cmake
[0.869s] -- Installing: /home/abhay/microros_ws/install/microcdr/share/microcdr/cmake/microcdrTargets-release.cmake
[0.869s] -- Installing: /home/abhay/microros_ws/install/microcdr/share/microcdr/cmake/microcdrConfig.cmake
[0.869s] -- Installing: /home/abhay/microros_ws/install/microcdr/share/microcdr/cmake/microcdrConfigVersion.cmake
[0.870s] Invoked command in '/home/abhay/microros_ws/build/microcdr' returned '0': /usr/bin/cmake --install /home/abhay/microros_ws/build/microcdr
