[0.148s] Invoking command in '/home/abhay/microros_ws/build/action_msgs': AMENT_PREFIX_PATH=/home/abhay/microros_ws/install/unique_identifier_msgs:/home/abhay/microros_ws/install/builtin_interfaces:${AMENT_PREFIX_PATH} CMAKE_PREFIX_PATH=/home/abhay/microros_ws/install/unique_identifier_msgs:/home/abhay/microros_ws/install/builtin_interfaces:/home/abhay/microros_ws/install/rosidl_typesupport_microxrcedds_cpp:/home/abhay/microros_ws/install/rosidl_typesupport_microxrcedds_c:/home/abhay/microros_ws/install/microcdr:/home/abhay/microros_ws/install/micro_ros_setup:/home/abhay/ros2_ws/install/py_srvcli:/home/abhay/ros2_ws/install/my_robot_controller:/opt/ros/humble LD_LIBRARY_PATH=/home/abhay/microros_ws/install/unique_identifier_msgs/lib:/home/abhay/microros_ws/install/builtin_interfaces/lib:${LD_LIBRARY_PATH} PYTHONPATH=/home/abhay/microros_ws/install/unique_identifier_msgs/local/lib/python3.10/dist-packages:/home/abhay/microros_ws/install/builtin_interfaces/local/lib/python3.10/dist-packages:${PYTHONPATH} /usr/bin/cmake /home/abhay/microros_ws/src/ros2/rcl_interfaces/action_msgs -DBUILD_TESTING=OFF -DBUILD_SHARED_LIBS=ON -DCMAKE_INSTALL_PREFIX=/home/abhay/microros_ws/install/action_msgs
[0.320s] -- The C compiler identification is GNU 11.4.0
[0.446s] -- The CXX compiler identification is GNU 11.4.0
[0.456s] -- Detecting C compiler ABI info
[0.569s] -- Detecting C compiler ABI info - done
[0.581s] -- Check for working C compiler: /usr/bin/cc - skipped
[0.586s] -- Detecting C compile features
[0.586s] -- Detecting C compile features - done
[0.587s] -- Detecting CXX compiler ABI info
[0.704s] -- Detecting CXX compiler ABI info - done
[0.711s] -- Check for working CXX compiler: /usr/bin/c++ - skipped
[0.711s] -- Detecting CXX compile features
[0.712s] -- Detecting CXX compile features - done
[0.715s] -- Found ament_cmake: 1.3.8 (/opt/ros/humble/share/ament_cmake/cmake)
[0.943s] -- Found Python3: /usr/bin/python3 (found version "3.10.12") found components: Interpreter 
[1.024s] -- Found builtin_interfaces: 1.2.1 (/home/abhay/microros_ws/install/builtin_interfaces/share/builtin_interfaces/cmake)
[1.055s] -- Found rosidl_generator_c: 3.1.5 (/opt/ros/humble/share/rosidl_generator_c/cmake)
[1.059s] -- Found rosidl_adapter: 3.1.5 (/opt/ros/humble/share/rosidl_adapter/cmake)
[1.067s] -- Found rosidl_generator_cpp: 3.1.5 (/opt/ros/humble/share/rosidl_generator_cpp/cmake)
[1.078s] -- Using all available rosidl_typesupport_c: rosidl_typesupport_microxrcedds_c;rosidl_typesupport_fastrtps_c;rosidl_typesupport_introspection_c
[1.098s] -- Using all available rosidl_typesupport_cpp: rosidl_typesupport_microxrcedds_cpp;rosidl_typesupport_fastrtps_cpp;rosidl_typesupport_introspection_cpp
[1.119s] -- Found rosidl_default_generators: 1.2.0 (/opt/ros/humble/share/rosidl_default_generators/cmake)
[1.129s] -- Found unique_identifier_msgs: 2.2.1 (/home/abhay/microros_ws/install/unique_identifier_msgs/share/unique_identifier_msgs/cmake)
[1.553s] -- Found ament_cmake_ros: 0.10.0 (/opt/ros/humble/share/ament_cmake_ros/cmake)
[1.996s] -- Using all available rosidl_typesupport_c: rosidl_typesupport_microxrcedds_c;rosidl_typesupport_fastrtps_c;rosidl_typesupport_introspection_c
[2.206s] -- Using all available rosidl_typesupport_cpp: rosidl_typesupport_microxrcedds_cpp;rosidl_typesupport_fastrtps_cpp;rosidl_typesupport_introspection_cpp
[2.234s] -- Found PythonInterp: /usr/bin/python3 (found suitable version "3.10.12", minimum required is "3.6") 
[2.236s] -- Found python_cmake_module: 0.10.0 (/opt/ros/humble/share/python_cmake_module/cmake)
[2.272s] -- Found PythonLibs: /usr/lib/x86_64-linux-gnu/libpython3.10.so (found suitable version "3.10.12", minimum required is "3.5") 
[2.272s] -- Using PYTHON_EXECUTABLE: /usr/bin/python3
[2.272s] -- Using PYTHON_INCLUDE_DIRS: /usr/include/python3.10
[2.272s] -- Using PYTHON_LIBRARIES: /usr/lib/x86_64-linux-gnu/libpython3.10.so
[2.299s] -- Found PythonExtra: .so  
[2.359s] -- Configuring done
[2.418s] -- Generating done
[2.421s] -- Build files have been written to: /home/abhay/microros_ws/build/action_msgs
[2.432s] Invoked command in '/home/abhay/microros_ws/build/action_msgs' returned '0': AMENT_PREFIX_PATH=/home/abhay/microros_ws/install/unique_identifier_msgs:/home/abhay/microros_ws/install/builtin_interfaces:${AMENT_PREFIX_PATH} CMAKE_PREFIX_PATH=/home/abhay/microros_ws/install/unique_identifier_msgs:/home/abhay/microros_ws/install/builtin_interfaces:/home/abhay/microros_ws/install/rosidl_typesupport_microxrcedds_cpp:/home/abhay/microros_ws/install/rosidl_typesupport_microxrcedds_c:/home/abhay/microros_ws/install/microcdr:/home/abhay/microros_ws/install/micro_ros_setup:/home/abhay/ros2_ws/install/py_srvcli:/home/abhay/ros2_ws/install/my_robot_controller:/opt/ros/humble LD_LIBRARY_PATH=/home/abhay/microros_ws/install/unique_identifier_msgs/lib:/home/abhay/microros_ws/install/builtin_interfaces/lib:${LD_LIBRARY_PATH} PYTHONPATH=/home/abhay/microros_ws/install/unique_identifier_msgs/local/lib/python3.10/dist-packages:/home/abhay/microros_ws/install/builtin_interfaces/local/lib/python3.10/dist-packages:${PYTHONPATH} /usr/bin/cmake /home/abhay/microros_ws/src/ros2/rcl_interfaces/action_msgs -DBUILD_TESTING=OFF -DBUILD_SHARED_LIBS=ON -DCMAKE_INSTALL_PREFIX=/home/abhay/microros_ws/install/action_msgs
[2.433s] Invoking command in '/home/abhay/microros_ws/build/action_msgs': AMENT_PREFIX_PATH=/home/abhay/microros_ws/install/unique_identifier_msgs:/home/abhay/microros_ws/install/builtin_interfaces:${AMENT_PREFIX_PATH} CMAKE_PREFIX_PATH=/home/abhay/microros_ws/install/unique_identifier_msgs:/home/abhay/microros_ws/install/builtin_interfaces:/home/abhay/microros_ws/install/rosidl_typesupport_microxrcedds_cpp:/home/abhay/microros_ws/install/rosidl_typesupport_microxrcedds_c:/home/abhay/microros_ws/install/microcdr:/home/abhay/microros_ws/install/micro_ros_setup:/home/abhay/ros2_ws/install/py_srvcli:/home/abhay/ros2_ws/install/my_robot_controller:/opt/ros/humble LD_LIBRARY_PATH=/home/abhay/microros_ws/install/unique_identifier_msgs/lib:/home/abhay/microros_ws/install/builtin_interfaces/lib:${LD_LIBRARY_PATH} PYTHONPATH=/home/abhay/microros_ws/install/unique_identifier_msgs/local/lib/python3.10/dist-packages:/home/abhay/microros_ws/install/builtin_interfaces/local/lib/python3.10/dist-packages:${PYTHONPATH} /usr/bin/cmake --build /home/abhay/microros_ws/build/action_msgs -- -j16 -l16
[2.487s] [  1%] [34m[1mGenerating C code for ROS interfaces[0m
[2.513s] [  1%] Built target ament_cmake_python_copy_action_msgs
[2.516s] [  2%] [34m[1mGenerating C++ code for ROS interfaces[0m
[2.900s] running egg_info
[2.901s] creating action_msgs.egg-info
[2.902s] writing action_msgs.egg-info/PKG-INFO
[2.902s] writing dependency_links to action_msgs.egg-info/dependency_links.txt
[2.903s] writing top-level names to action_msgs.egg-info/top_level.txt
[2.903s] writing manifest file 'action_msgs.egg-info/SOURCES.txt'
[2.906s] reading manifest file 'action_msgs.egg-info/SOURCES.txt'
[2.907s] writing manifest file 'action_msgs.egg-info/SOURCES.txt'
[2.946s] [  2%] Built target ament_cmake_python_build_action_msgs_egg
[3.885s] [  2%] Built target action_msgs__cpp
[3.945s] [  4%] [34m[1mGenerating C++ type support for eProsima Micro XRCE-DDS[0m
[3.967s] [  7%] [34m[1mGenerating C++ type support dispatch for ROS interfaces[0m
[3.967s] [  7%] [34m[1mGenerating C++ introspection for ROS interfaces[0m
[3.989s] [  8%] [34m[1mGenerating C++ type support for eProsima Fast-RTPS[0m
[4.061s] [ 10%] [32mBuilding C object CMakeFiles/action_msgs__rosidl_generator_c.dir/rosidl_generator_c/action_msgs/msg/detail/goal_status__functions.c.o[0m
[4.069s] [ 11%] [32mBuilding C object CMakeFiles/action_msgs__rosidl_generator_c.dir/rosidl_generator_c/action_msgs/msg/detail/goal_info__functions.c.o[0m
[4.122s] [ 13%] [32mBuilding C object CMakeFiles/action_msgs__rosidl_generator_c.dir/rosidl_generator_c/action_msgs/msg/detail/goal_status_array__functions.c.o[0m
[4.147s] [ 14%] [32mBuilding C object CMakeFiles/action_msgs__rosidl_generator_c.dir/rosidl_generator_c/action_msgs/srv/detail/cancel_goal__functions.c.o[0m
[4.424s] [ 15%] [32m[1mLinking C shared library libaction_msgs__rosidl_generator_c.so[0m
[4.543s] [ 15%] Built target action_msgs__rosidl_generator_c
[4.621s] [ 17%] [34m[1mGenerating C type support for eProsima Fast-RTPS[0m
[4.655s] [ 18%] [34m[1mGenerating C type support for eProsima Micro XRCE-DDS[0m
[4.677s] [ 20%] [34m[1mGenerating C introspection for ROS interfaces[0m
[4.692s] [ 21%] [34m[1mGenerating C type support dispatch for ROS interfaces[0m
[5.995s] [ 23%] [32mBuilding CXX object CMakeFiles/action_msgs__rosidl_typesupport_cpp.dir/rosidl_typesupport_cpp/action_msgs/msg/goal_info__type_support.cpp.o[0m
[6.001s] [ 24%] [32mBuilding CXX object CMakeFiles/action_msgs__rosidl_typesupport_cpp.dir/rosidl_typesupport_cpp/action_msgs/msg/goal_status__type_support.cpp.o[0m
[6.024s] [ 26%] [32mBuilding CXX object CMakeFiles/action_msgs__rosidl_typesupport_cpp.dir/rosidl_typesupport_cpp/action_msgs/msg/goal_status_array__type_support.cpp.o[0m
[6.067s] [ 27%] [32mBuilding CXX object CMakeFiles/action_msgs__rosidl_typesupport_cpp.dir/rosidl_typesupport_cpp/action_msgs/srv/cancel_goal__type_support.cpp.o[0m
[6.096s] [ 28%] [32mBuilding CXX object CMakeFiles/action_msgs__rosidl_typesupport_introspection_cpp.dir/rosidl_typesupport_introspection_cpp/action_msgs/msg/detail/goal_status_array__type_support.cpp.o[0m
[6.109s] [ 30%] [32mBuilding CXX object CMakeFiles/action_msgs__rosidl_typesupport_introspection_cpp.dir/rosidl_typesupport_introspection_cpp/action_msgs/msg/detail/goal_info__type_support.cpp.o[0m
[6.115s] [ 31%] [32mBuilding CXX object CMakeFiles/action_msgs__rosidl_typesupport_introspection_cpp.dir/rosidl_typesupport_introspection_cpp/action_msgs/msg/detail/goal_status__type_support.cpp.o[0m
[6.128s] [ 33%] [32mBuilding CXX object CMakeFiles/action_msgs__rosidl_typesupport_introspection_cpp.dir/rosidl_typesupport_introspection_cpp/action_msgs/srv/detail/cancel_goal__type_support.cpp.o[0m
[6.330s] [ 34%] [32mBuilding CXX object CMakeFiles/action_msgs__rosidl_typesupport_microxrcedds_cpp.dir/rosidl_typesupport_microxrcedds_cpp/action_msgs/msg/detail/microxrcedds/goal_status__type_support_cpp.cpp.o[0m
[6.330s] [ 36%] [32mBuilding CXX object CMakeFiles/action_msgs__rosidl_typesupport_microxrcedds_cpp.dir/rosidl_typesupport_microxrcedds_cpp/action_msgs/msg/detail/microxrcedds/goal_status_array__type_support_cpp.cpp.o[0m
[6.336s] [ 37%] [32mBuilding CXX object CMakeFiles/action_msgs__rosidl_typesupport_microxrcedds_cpp.dir/rosidl_typesupport_microxrcedds_cpp/action_msgs/msg/detail/microxrcedds/goal_info__type_support_cpp.cpp.o[0m
[6.646s] [ 39%] [32mBuilding CXX object CMakeFiles/action_msgs__rosidl_typesupport_microxrcedds_cpp.dir/rosidl_typesupport_microxrcedds_cpp/action_msgs/srv/detail/microxrcedds/cancel_goal__type_support_cpp.cpp.o[0m
[6.715s] [ 40%] [32mBuilding C object CMakeFiles/action_msgs__rosidl_typesupport_introspection_c.dir/rosidl_typesupport_introspection_c/action_msgs/msg/detail/goal_info__type_support.c.o[0m
[6.740s] [ 42%] [32mBuilding C object CMakeFiles/action_msgs__rosidl_typesupport_introspection_c.dir/rosidl_typesupport_introspection_c/action_msgs/msg/detail/goal_status__type_support.c.o[0m
[6.796s] [ 43%] [32mBuilding CXX object CMakeFiles/action_msgs__rosidl_typesupport_fastrtps_cpp.dir/rosidl_typesupport_fastrtps_cpp/action_msgs/msg/detail/dds_fastrtps/goal_info__type_support.cpp.o[0m
[6.822s] [ 44%] [32mBuilding C object CMakeFiles/action_msgs__rosidl_typesupport_introspection_c.dir/rosidl_typesupport_introspection_c/action_msgs/msg/detail/goal_status_array__type_support.c.o[0m
[6.861s] [ 46%] [32mBuilding CXX object CMakeFiles/action_msgs__rosidl_typesupport_fastrtps_cpp.dir/rosidl_typesupport_fastrtps_cpp/action_msgs/msg/detail/dds_fastrtps/goal_status__type_support.cpp.o[0m
[6.870s] [ 47%] [32mBuilding CXX object CMakeFiles/action_msgs__rosidl_typesupport_c.dir/rosidl_typesupport_c/action_msgs/msg/goal_info__type_support.cpp.o[0m
[6.913s] [ 49%] [32mBuilding C object CMakeFiles/action_msgs__rosidl_typesupport_introspection_c.dir/rosidl_typesupport_introspection_c/action_msgs/srv/detail/cancel_goal__type_support.c.o[0m
[6.925s] [ 50%] [32mBuilding CXX object CMakeFiles/action_msgs__rosidl_typesupport_c.dir/rosidl_typesupport_c/action_msgs/msg/goal_status__type_support.cpp.o[0m
[6.941s] [ 52%] [32mBuilding CXX object CMakeFiles/action_msgs__rosidl_typesupport_c.dir/rosidl_typesupport_c/action_msgs/msg/goal_status_array__type_support.cpp.o[0m
[6.956s] [ 53%] [32mBuilding C object CMakeFiles/action_msgs__rosidl_typesupport_microxrcedds_c.dir/rosidl_typesupport_microxrcedds_c/action_msgs/msg/detail/microxrcedds/goal_info__type_support_c.c.o[0m
[6.999s] [ 55%] [32mBuilding C object CMakeFiles/action_msgs__rosidl_typesupport_microxrcedds_c.dir/rosidl_typesupport_microxrcedds_c/action_msgs/msg/detail/microxrcedds/goal_status__type_support_c.c.o[0m
[7.012s] [ 56%] [32mBuilding C object CMakeFiles/action_msgs__rosidl_typesupport_microxrcedds_c.dir/rosidl_typesupport_microxrcedds_c/action_msgs/msg/detail/microxrcedds/goal_status_array__type_support_c.c.o[0m
[7.023s] [ 57%] [32mBuilding CXX object CMakeFiles/action_msgs__rosidl_typesupport_c.dir/rosidl_typesupport_c/action_msgs/srv/cancel_goal__type_support.cpp.o[0m
[7.040s] [ 59%] [32mBuilding CXX object CMakeFiles/action_msgs__rosidl_typesupport_fastrtps_cpp.dir/rosidl_typesupport_fastrtps_cpp/action_msgs/msg/detail/dds_fastrtps/goal_status_array__type_support.cpp.o[0m
[7.049s] [ 60%] [32m[1mLinking C shared library libaction_msgs__rosidl_typesupport_introspection_c.so[0m
[7.089s] [ 62%] [32mBuilding C object CMakeFiles/action_msgs__rosidl_typesupport_microxrcedds_c.dir/rosidl_typesupport_microxrcedds_c/action_msgs/srv/detail/microxrcedds/cancel_goal__type_support_c.c.o[0m
[7.090s] [ 63%] [32m[1mLinking CXX shared library libaction_msgs__rosidl_typesupport_cpp.so[0m
[7.104s] [ 65%] [32mBuilding CXX object CMakeFiles/action_msgs__rosidl_typesupport_fastrtps_cpp.dir/rosidl_typesupport_fastrtps_cpp/action_msgs/srv/detail/dds_fastrtps/cancel_goal__type_support.cpp.o[0m
[7.150s] [ 66%] [32m[1mLinking CXX shared library libaction_msgs__rosidl_typesupport_c.so[0m
[7.155s] [ 66%] Built target action_msgs__rosidl_typesupport_introspection_c
[7.198s] [ 68%] [32mBuilding CXX object CMakeFiles/action_msgs__rosidl_typesupport_fastrtps_c.dir/rosidl_typesupport_fastrtps_c/action_msgs/msg/detail/goal_status__type_support_c.cpp.o[0m
[7.201s] [ 69%] [32mBuilding CXX object CMakeFiles/action_msgs__rosidl_typesupport_fastrtps_c.dir/rosidl_typesupport_fastrtps_c/action_msgs/msg/detail/goal_info__type_support_c.cpp.o[0m
[7.203s] [ 71%] [32m[1mLinking C shared library libaction_msgs__rosidl_typesupport_microxrcedds_c.so[0m
[7.206s] [ 72%] [32mBuilding CXX object CMakeFiles/action_msgs__rosidl_typesupport_fastrtps_c.dir/rosidl_typesupport_fastrtps_c/action_msgs/srv/detail/cancel_goal__type_support_c.cpp.o[0m
[7.207s] [ 73%] [32mBuilding CXX object CMakeFiles/action_msgs__rosidl_typesupport_fastrtps_c.dir/rosidl_typesupport_fastrtps_c/action_msgs/msg/detail/goal_status_array__type_support_c.cpp.o[0m
[7.213s] [ 73%] Built target action_msgs__rosidl_typesupport_cpp
[7.226s] [ 73%] Built target action_msgs__rosidl_typesupport_c
[7.279s] [ 75%] [32m[1mLinking CXX shared library libaction_msgs__rosidl_typesupport_introspection_cpp.so[0m
[7.291s] [ 75%] Built target action_msgs__rosidl_typesupport_microxrcedds_c
[7.320s] [ 76%] [32m[1mLinking CXX shared library libaction_msgs__rosidl_typesupport_microxrcedds_cpp.so[0m
[7.453s] [ 76%] Built target action_msgs__rosidl_typesupport_introspection_cpp
[7.478s] [ 76%] Built target action_msgs__rosidl_typesupport_microxrcedds_cpp
[7.919s] [ 78%] [32m[1mLinking CXX shared library libaction_msgs__rosidl_typesupport_fastrtps_cpp.so[0m
[7.960s] [ 79%] [32m[1mLinking CXX shared library libaction_msgs__rosidl_typesupport_fastrtps_c.so[0m
[8.069s] [ 79%] Built target action_msgs__rosidl_typesupport_fastrtps_cpp
[8.195s] [ 79%] Built target action_msgs__rosidl_typesupport_fastrtps_c
[8.264s] [ 79%] Built target action_msgs
[8.292s] [ 81%] [34m[1mGenerating Python code for ROS interfaces[0m
[10.276s] [ 81%] Built target action_msgs__py
[10.340s] [ 82%] [32mBuilding C object CMakeFiles/action_msgs__rosidl_generator_py.dir/rosidl_generator_py/action_msgs/msg/_goal_info_s.c.o[0m
[10.354s] [ 84%] [32mBuilding C object CMakeFiles/action_msgs__rosidl_generator_py.dir/rosidl_generator_py/action_msgs/msg/_goal_status_s.c.o[0m
[10.392s] [ 85%] [32mBuilding C object CMakeFiles/action_msgs__rosidl_generator_py.dir/rosidl_generator_py/action_msgs/msg/_goal_status_array_s.c.o[0m
[10.431s] [ 86%] [32mBuilding C object CMakeFiles/action_msgs__rosidl_generator_py.dir/rosidl_generator_py/action_msgs/srv/_cancel_goal_s.c.o[0m
[10.755s] [ 88%] [32m[1mLinking C shared library rosidl_generator_py/action_msgs/libaction_msgs__rosidl_generator_py.so[0m
[10.931s] [ 88%] Built target action_msgs__rosidl_generator_py
[11.068s] [ 89%] [32mBuilding C object CMakeFiles/action_msgs__rosidl_typesupport_fastrtps_c__pyext.dir/rosidl_generator_py/action_msgs/_action_msgs_s.ep.rosidl_typesupport_fastrtps_c.c.o[0m
[11.073s] [ 91%] [32mBuilding C object CMakeFiles/action_msgs__rosidl_typesupport_introspection_c__pyext.dir/rosidl_generator_py/action_msgs/_action_msgs_s.ep.rosidl_typesupport_introspection_c.c.o[0m
[11.094s] [ 92%] [32mBuilding C object CMakeFiles/action_msgs__rosidl_typesupport_microxrcedds_c__pyext.dir/rosidl_generator_py/action_msgs/_action_msgs_s.ep.rosidl_typesupport_microxrcedds_c.c.o[0m
[11.098s] [ 94%] [32mBuilding C object CMakeFiles/action_msgs__rosidl_typesupport_c__pyext.dir/rosidl_generator_py/action_msgs/_action_msgs_s.ep.rosidl_typesupport_c.c.o[0m
[11.331s] [ 95%] [32m[1mLinking C shared library rosidl_generator_py/action_msgs/action_msgs_s__rosidl_typesupport_microxrcedds_c.cpython-310-x86_64-linux-gnu.so[0m
[11.355s] [ 97%] [32m[1mLinking C shared library rosidl_generator_py/action_msgs/action_msgs_s__rosidl_typesupport_introspection_c.cpython-310-x86_64-linux-gnu.so[0m
[11.391s] [ 98%] [32m[1mLinking C shared library rosidl_generator_py/action_msgs/action_msgs_s__rosidl_typesupport_fastrtps_c.cpython-310-x86_64-linux-gnu.so[0m
[11.460s] [100%] [32m[1mLinking C shared library rosidl_generator_py/action_msgs/action_msgs_s__rosidl_typesupport_c.cpython-310-x86_64-linux-gnu.so[0m
[11.488s] [100%] Built target action_msgs__rosidl_typesupport_introspection_c__pyext
[11.531s] [100%] Built target action_msgs__rosidl_typesupport_microxrcedds_c__pyext
[11.563s] [100%] Built target action_msgs__rosidl_typesupport_fastrtps_c__pyext
[11.628s] [100%] Built target action_msgs__rosidl_typesupport_c__pyext
[11.680s] Invoked command in '/home/abhay/microros_ws/build/action_msgs' returned '0': AMENT_PREFIX_PATH=/home/abhay/microros_ws/install/unique_identifier_msgs:/home/abhay/microros_ws/install/builtin_interfaces:${AMENT_PREFIX_PATH} CMAKE_PREFIX_PATH=/home/abhay/microros_ws/install/unique_identifier_msgs:/home/abhay/microros_ws/install/builtin_interfaces:/home/abhay/microros_ws/install/rosidl_typesupport_microxrcedds_cpp:/home/abhay/microros_ws/install/rosidl_typesupport_microxrcedds_c:/home/abhay/microros_ws/install/microcdr:/home/abhay/microros_ws/install/micro_ros_setup:/home/abhay/ros2_ws/install/py_srvcli:/home/abhay/ros2_ws/install/my_robot_controller:/opt/ros/humble LD_LIBRARY_PATH=/home/abhay/microros_ws/install/unique_identifier_msgs/lib:/home/abhay/microros_ws/install/builtin_interfaces/lib:${LD_LIBRARY_PATH} PYTHONPATH=/home/abhay/microros_ws/install/unique_identifier_msgs/local/lib/python3.10/dist-packages:/home/abhay/microros_ws/install/builtin_interfaces/local/lib/python3.10/dist-packages:${PYTHONPATH} /usr/bin/cmake --build /home/abhay/microros_ws/build/action_msgs -- -j16 -l16
[14.174s] Invoking command in '/home/abhay/microros_ws/build/action_msgs': AMENT_PREFIX_PATH=/home/abhay/microros_ws/install/unique_identifier_msgs:/home/abhay/microros_ws/install/builtin_interfaces:${AMENT_PREFIX_PATH} CMAKE_PREFIX_PATH=/home/abhay/microros_ws/install/unique_identifier_msgs:/home/abhay/microros_ws/install/builtin_interfaces:/home/abhay/microros_ws/install/rosidl_typesupport_microxrcedds_cpp:/home/abhay/microros_ws/install/rosidl_typesupport_microxrcedds_c:/home/abhay/microros_ws/install/microcdr:/home/abhay/microros_ws/install/micro_ros_setup:/home/abhay/ros2_ws/install/py_srvcli:/home/abhay/ros2_ws/install/my_robot_controller:/opt/ros/humble LD_LIBRARY_PATH=/home/abhay/microros_ws/install/unique_identifier_msgs/lib:/home/abhay/microros_ws/install/builtin_interfaces/lib:${LD_LIBRARY_PATH} PYTHONPATH=/home/abhay/microros_ws/install/unique_identifier_msgs/local/lib/python3.10/dist-packages:/home/abhay/microros_ws/install/builtin_interfaces/local/lib/python3.10/dist-packages:${PYTHONPATH} /usr/bin/cmake --install /home/abhay/microros_ws/build/action_msgs
[14.199s] -- Install configuration: ""
[14.199s] -- Installing: /home/abhay/microros_ws/install/action_msgs/share/ament_index/resource_index/rosidl_interfaces/action_msgs
[14.199s] -- Installing: /home/abhay/microros_ws/install/action_msgs/include/action_msgs/action_msgs
[14.199s] -- Installing: /home/abhay/microros_ws/install/action_msgs/include/action_msgs/action_msgs/msg
[14.200s] -- Installing: /home/abhay/microros_ws/install/action_msgs/include/action_msgs/action_msgs/msg/rosidl_generator_c__visibility_control.h
[14.211s] -- Installing: /home/abhay/microros_ws/install/action_msgs/include/action_msgs/action_msgs/msg/goal_status.h
[14.211s] -- Installing: /home/abhay/microros_ws/install/action_msgs/include/action_msgs/action_msgs/msg/detail
[14.211s] -- Installing: /home/abhay/microros_ws/install/action_msgs/include/action_msgs/action_msgs/msg/detail/goal_info__functions.c
[14.211s] -- Installing: /home/abhay/microros_ws/install/action_msgs/include/action_msgs/action_msgs/msg/detail/goal_info__functions.h
[14.212s] -- Installing: /home/abhay/microros_ws/install/action_msgs/include/action_msgs/action_msgs/msg/detail/goal_info__struct.h
[14.212s] -- Installing: /home/abhay/microros_ws/install/action_msgs/include/action_msgs/action_msgs/msg/detail/goal_status_array__functions.h
[14.212s] -- Installing: /home/abhay/microros_ws/install/action_msgs/include/action_msgs/action_msgs/msg/detail/goal_status__type_support.h
[14.212s] -- Installing: /home/abhay/microros_ws/install/action_msgs/include/action_msgs/action_msgs/msg/detail/goal_info__type_support.h
[14.212s] -- Installing: /home/abhay/microros_ws/install/action_msgs/include/action_msgs/action_msgs/msg/detail/goal_status_array__type_support.h
[14.212s] -- Installing: /home/abhay/microros_ws/install/action_msgs/include/action_msgs/action_msgs/msg/detail/goal_status_array__functions.c
[14.212s] -- Installing: /home/abhay/microros_ws/install/action_msgs/include/action_msgs/action_msgs/msg/detail/goal_status__functions.c
[14.212s] -- Installing: /home/abhay/microros_ws/install/action_msgs/include/action_msgs/action_msgs/msg/detail/goal_status_array__struct.h
[14.212s] -- Installing: /home/abhay/microros_ws/install/action_msgs/include/action_msgs/action_msgs/msg/detail/goal_status__struct.h
[14.213s] -- Installing: /home/abhay/microros_ws/install/action_msgs/include/action_msgs/action_msgs/msg/detail/goal_status__functions.h
[14.213s] -- Installing: /home/abhay/microros_ws/install/action_msgs/include/action_msgs/action_msgs/msg/goal_status_array.h
[14.213s] -- Installing: /home/abhay/microros_ws/install/action_msgs/include/action_msgs/action_msgs/msg/goal_info.h
[14.213s] -- Installing: /home/abhay/microros_ws/install/action_msgs/include/action_msgs/action_msgs/srv
[14.213s] -- Installing: /home/abhay/microros_ws/install/action_msgs/include/action_msgs/action_msgs/srv/detail
[14.213s] -- Installing: /home/abhay/microros_ws/install/action_msgs/include/action_msgs/action_msgs/srv/detail/cancel_goal__functions.c
[14.214s] -- Installing: /home/abhay/microros_ws/install/action_msgs/include/action_msgs/action_msgs/srv/detail/cancel_goal__type_support.h
[14.214s] -- Installing: /home/abhay/microros_ws/install/action_msgs/include/action_msgs/action_msgs/srv/detail/cancel_goal__functions.h
[14.214s] -- Installing: /home/abhay/microros_ws/install/action_msgs/include/action_msgs/action_msgs/srv/detail/cancel_goal__struct.h
[14.214s] -- Installing: /home/abhay/microros_ws/install/action_msgs/include/action_msgs/action_msgs/srv/cancel_goal.h
[14.214s] -- Installing: /home/abhay/microros_ws/install/action_msgs/share/action_msgs/environment/library_path.sh
[14.214s] -- Installing: /home/abhay/microros_ws/install/action_msgs/share/action_msgs/environment/library_path.dsv
[14.215s] -- Installing: /home/abhay/microros_ws/install/action_msgs/lib/libaction_msgs__rosidl_generator_c.so
[14.215s] -- Set runtime path of "/home/abhay/microros_ws/install/action_msgs/lib/libaction_msgs__rosidl_generator_c.so" to ""
[14.215s] -- Up-to-date: /home/abhay/microros_ws/install/action_msgs/include/action_msgs/action_msgs
[14.216s] -- Up-to-date: /home/abhay/microros_ws/install/action_msgs/include/action_msgs/action_msgs/msg
[14.216s] -- Up-to-date: /home/abhay/microros_ws/install/action_msgs/include/action_msgs/action_msgs/msg/detail
[14.216s] -- Installing: /home/abhay/microros_ws/install/action_msgs/include/action_msgs/action_msgs/msg/detail/goal_info__rosidl_typesupport_fastrtps_c.h
[14.216s] -- Installing: /home/abhay/microros_ws/install/action_msgs/include/action_msgs/action_msgs/msg/detail/goal_status_array__rosidl_typesupport_fastrtps_c.h
[14.219s] -- Installing: /home/abhay/microros_ws/install/action_msgs/include/action_msgs/action_msgs/msg/detail/goal_status__rosidl_typesupport_fastrtps_c.h
[14.219s] -- Installing: /home/abhay/microros_ws/install/action_msgs/include/action_msgs/action_msgs/msg/rosidl_typesupport_fastrtps_c__visibility_control.h
[14.219s] -- Up-to-date: /home/abhay/microros_ws/install/action_msgs/include/action_msgs/action_msgs/srv
[14.219s] -- Up-to-date: /home/abhay/microros_ws/install/action_msgs/include/action_msgs/action_msgs/srv/detail
[14.219s] -- Installing: /home/abhay/microros_ws/install/action_msgs/include/action_msgs/action_msgs/srv/detail/cancel_goal__rosidl_typesupport_fastrtps_c.h
[14.219s] -- Installing: /home/abhay/microros_ws/install/action_msgs/lib/libaction_msgs__rosidl_typesupport_fastrtps_c.so
[14.219s] -- Set runtime path of "/home/abhay/microros_ws/install/action_msgs/lib/libaction_msgs__rosidl_typesupport_fastrtps_c.so" to ""
[14.219s] -- Up-to-date: /home/abhay/microros_ws/install/action_msgs/include/action_msgs/action_msgs
[14.219s] -- Up-to-date: /home/abhay/microros_ws/install/action_msgs/include/action_msgs/action_msgs/msg
[14.220s] -- Up-to-date: /home/abhay/microros_ws/install/action_msgs/include/action_msgs/action_msgs/msg/detail
[14.220s] -- Installing: /home/abhay/microros_ws/install/action_msgs/include/action_msgs/action_msgs/msg/detail/goal_info__traits.hpp
[14.220s] -- Installing: /home/abhay/microros_ws/install/action_msgs/include/action_msgs/action_msgs/msg/detail/goal_status__builder.hpp
[14.220s] -- Installing: /home/abhay/microros_ws/install/action_msgs/include/action_msgs/action_msgs/msg/detail/goal_status__struct.hpp
[14.220s] -- Installing: /home/abhay/microros_ws/install/action_msgs/include/action_msgs/action_msgs/msg/detail/goal_info__struct.hpp
[14.220s] -- Installing: /home/abhay/microros_ws/install/action_msgs/include/action_msgs/action_msgs/msg/detail/goal_status__traits.hpp
[14.220s] -- Installing: /home/abhay/microros_ws/install/action_msgs/include/action_msgs/action_msgs/msg/detail/goal_status_array__builder.hpp
[14.220s] -- Installing: /home/abhay/microros_ws/install/action_msgs/include/action_msgs/action_msgs/msg/detail/goal_info__builder.hpp
[14.220s] -- Installing: /home/abhay/microros_ws/install/action_msgs/include/action_msgs/action_msgs/msg/detail/goal_status_array__struct.hpp
[14.220s] -- Installing: /home/abhay/microros_ws/install/action_msgs/include/action_msgs/action_msgs/msg/detail/goal_status_array__traits.hpp
[14.220s] -- Installing: /home/abhay/microros_ws/install/action_msgs/include/action_msgs/action_msgs/msg/goal_status_array.hpp
[14.220s] -- Installing: /home/abhay/microros_ws/install/action_msgs/include/action_msgs/action_msgs/msg/goal_status.hpp
[14.221s] -- Installing: /home/abhay/microros_ws/install/action_msgs/include/action_msgs/action_msgs/msg/goal_info.hpp
[14.221s] -- Up-to-date: /home/abhay/microros_ws/install/action_msgs/include/action_msgs/action_msgs/srv
[14.221s] -- Up-to-date: /home/abhay/microros_ws/install/action_msgs/include/action_msgs/action_msgs/srv/detail
[14.221s] -- Installing: /home/abhay/microros_ws/install/action_msgs/include/action_msgs/action_msgs/srv/detail/cancel_goal__traits.hpp
[14.221s] -- Installing: /home/abhay/microros_ws/install/action_msgs/include/action_msgs/action_msgs/srv/detail/cancel_goal__builder.hpp
[14.222s] -- Installing: /home/abhay/microros_ws/install/action_msgs/include/action_msgs/action_msgs/srv/detail/cancel_goal__struct.hpp
[14.222s] -- Installing: /home/abhay/microros_ws/install/action_msgs/include/action_msgs/action_msgs/srv/cancel_goal.hpp
[14.222s] -- Up-to-date: /home/abhay/microros_ws/install/action_msgs/include/action_msgs/action_msgs
[14.222s] -- Up-to-date: /home/abhay/microros_ws/install/action_msgs/include/action_msgs/action_msgs/msg
[14.222s] -- Up-to-date: /home/abhay/microros_ws/install/action_msgs/include/action_msgs/action_msgs/msg/detail
[14.222s] -- Installing: /home/abhay/microros_ws/install/action_msgs/include/action_msgs/action_msgs/msg/detail/goal_status__rosidl_typesupport_fastrtps_cpp.hpp
[14.222s] -- Installing: /home/abhay/microros_ws/install/action_msgs/include/action_msgs/action_msgs/msg/detail/dds_fastrtps
[14.222s] -- Installing: /home/abhay/microros_ws/install/action_msgs/include/action_msgs/action_msgs/msg/detail/goal_status_array__rosidl_typesupport_fastrtps_cpp.hpp
[14.223s] -- Installing: /home/abhay/microros_ws/install/action_msgs/include/action_msgs/action_msgs/msg/detail/goal_info__rosidl_typesupport_fastrtps_cpp.hpp
[14.223s] -- Installing: /home/abhay/microros_ws/install/action_msgs/include/action_msgs/action_msgs/msg/rosidl_typesupport_fastrtps_cpp__visibility_control.h
[14.223s] -- Up-to-date: /home/abhay/microros_ws/install/action_msgs/include/action_msgs/action_msgs/srv
[14.223s] -- Up-to-date: /home/abhay/microros_ws/install/action_msgs/include/action_msgs/action_msgs/srv/detail
[14.223s] -- Installing: /home/abhay/microros_ws/install/action_msgs/include/action_msgs/action_msgs/srv/detail/cancel_goal__rosidl_typesupport_fastrtps_cpp.hpp
[14.223s] -- Installing: /home/abhay/microros_ws/install/action_msgs/include/action_msgs/action_msgs/srv/detail/dds_fastrtps
[14.223s] -- Installing: /home/abhay/microros_ws/install/action_msgs/lib/libaction_msgs__rosidl_typesupport_fastrtps_cpp.so
[14.223s] -- Set runtime path of "/home/abhay/microros_ws/install/action_msgs/lib/libaction_msgs__rosidl_typesupport_fastrtps_cpp.so" to ""
[14.223s] -- Up-to-date: /home/abhay/microros_ws/install/action_msgs/include/action_msgs
[14.224s] -- Installing: /home/abhay/microros_ws/install/action_msgs/include/action_msgs/msg
[14.224s] -- Installing: /home/abhay/microros_ws/install/action_msgs/include/action_msgs/msg/detail
[14.224s] -- Installing: /home/abhay/microros_ws/install/action_msgs/include/action_msgs/msg/detail/goal_info__rosidl_typesupport_microxrcedds_c.h
[14.224s] -- Installing: /home/abhay/microros_ws/install/action_msgs/include/action_msgs/msg/detail/microxrcedds
[14.224s] -- Installing: /home/abhay/microros_ws/install/action_msgs/include/action_msgs/msg/detail/goal_status_array__rosidl_typesupport_microxrcedds_c.h
[14.224s] -- Installing: /home/abhay/microros_ws/install/action_msgs/include/action_msgs/msg/detail/goal_status__rosidl_typesupport_microxrcedds_c.h
[14.224s] -- Installing: /home/abhay/microros_ws/install/action_msgs/include/action_msgs/msg/rosidl_typesupport_microxrcedds_c__visibility_control.h
[14.224s] -- Installing: /home/abhay/microros_ws/install/action_msgs/include/action_msgs/srv
[14.224s] -- Installing: /home/abhay/microros_ws/install/action_msgs/include/action_msgs/srv/detail
[14.225s] -- Installing: /home/abhay/microros_ws/install/action_msgs/include/action_msgs/srv/detail/microxrcedds
[14.225s] -- Installing: /home/abhay/microros_ws/install/action_msgs/include/action_msgs/srv/detail/cancel_goal__rosidl_typesupport_microxrcedds_c.h
[14.225s] -- Installing: /home/abhay/microros_ws/install/action_msgs/lib/libaction_msgs__rosidl_typesupport_microxrcedds_c.so
[14.225s] -- Set runtime path of "/home/abhay/microros_ws/install/action_msgs/lib/libaction_msgs__rosidl_typesupport_microxrcedds_c.so" to ""
[14.225s] -- Up-to-date: /home/abhay/microros_ws/install/action_msgs/include/action_msgs/action_msgs
[14.225s] -- Up-to-date: /home/abhay/microros_ws/install/action_msgs/include/action_msgs/action_msgs/msg
[14.225s] -- Up-to-date: /home/abhay/microros_ws/install/action_msgs/include/action_msgs/action_msgs/msg/detail
[14.225s] -- Installing: /home/abhay/microros_ws/install/action_msgs/include/action_msgs/action_msgs/msg/detail/goal_status__type_support.c
[14.225s] -- Installing: /home/abhay/microros_ws/install/action_msgs/include/action_msgs/action_msgs/msg/detail/goal_status__rosidl_typesupport_introspection_c.h
[14.225s] -- Installing: /home/abhay/microros_ws/install/action_msgs/include/action_msgs/action_msgs/msg/detail/goal_status_array__rosidl_typesupport_introspection_c.h
[14.225s] -- Installing: /home/abhay/microros_ws/install/action_msgs/include/action_msgs/action_msgs/msg/detail/goal_info__type_support.c
[14.226s] -- Installing: /home/abhay/microros_ws/install/action_msgs/include/action_msgs/action_msgs/msg/detail/goal_info__rosidl_typesupport_introspection_c.h
[14.226s] -- Installing: /home/abhay/microros_ws/install/action_msgs/include/action_msgs/action_msgs/msg/detail/goal_status_array__type_support.c
[14.226s] -- Installing: /home/abhay/microros_ws/install/action_msgs/include/action_msgs/action_msgs/msg/rosidl_typesupport_introspection_c__visibility_control.h
[14.226s] -- Up-to-date: /home/abhay/microros_ws/install/action_msgs/include/action_msgs/action_msgs/srv
[14.226s] -- Up-to-date: /home/abhay/microros_ws/install/action_msgs/include/action_msgs/action_msgs/srv/detail
[14.226s] -- Installing: /home/abhay/microros_ws/install/action_msgs/include/action_msgs/action_msgs/srv/detail/cancel_goal__type_support.c
[14.226s] -- Installing: /home/abhay/microros_ws/install/action_msgs/include/action_msgs/action_msgs/srv/detail/cancel_goal__rosidl_typesupport_introspection_c.h
[14.226s] -- Installing: /home/abhay/microros_ws/install/action_msgs/lib/libaction_msgs__rosidl_typesupport_introspection_c.so
[14.226s] -- Set runtime path of "/home/abhay/microros_ws/install/action_msgs/lib/libaction_msgs__rosidl_typesupport_introspection_c.so" to ""
[14.226s] -- Installing: /home/abhay/microros_ws/install/action_msgs/lib/libaction_msgs__rosidl_typesupport_c.so
[14.226s] -- Set runtime path of "/home/abhay/microros_ws/install/action_msgs/lib/libaction_msgs__rosidl_typesupport_c.so" to ""
[14.226s] -- Up-to-date: /home/abhay/microros_ws/install/action_msgs/include/action_msgs
[14.226s] -- Up-to-date: /home/abhay/microros_ws/install/action_msgs/include/action_msgs/msg
[14.233s] -- Up-to-date: /home/abhay/microros_ws/install/action_msgs/include/action_msgs/msg/detail
[14.234s] -- Installing: /home/abhay/microros_ws/install/action_msgs/include/action_msgs/msg/detail/goal_info__rosidl_typesupport_microxrcedds_cpp.hpp
[14.234s] -- Up-to-date: /home/abhay/microros_ws/install/action_msgs/include/action_msgs/msg/detail/microxrcedds
[14.234s] -- Installing: /home/abhay/microros_ws/install/action_msgs/include/action_msgs/msg/detail/microxrcedds/goal_status__type_support_cpp.cpp
[14.234s] -- Installing: /home/abhay/microros_ws/install/action_msgs/include/action_msgs/msg/detail/microxrcedds/goal_info__type_support_cpp.cpp
[14.234s] -- Installing: /home/abhay/microros_ws/install/action_msgs/include/action_msgs/msg/detail/microxrcedds/goal_status_array__type_support_cpp.cpp
[14.234s] -- Installing: /home/abhay/microros_ws/install/action_msgs/include/action_msgs/msg/detail/goal_status__rosidl_typesupport_microxrcedds_cpp.hpp
[14.234s] -- Installing: /home/abhay/microros_ws/install/action_msgs/include/action_msgs/msg/detail/goal_status_array__rosidl_typesupport_microxrcedds_cpp.hpp
[14.234s] -- Installing: /home/abhay/microros_ws/install/action_msgs/include/action_msgs/msg/rosidl_typesupport_microxrcedds_cpp__visibility_control.h
[14.234s] -- Up-to-date: /home/abhay/microros_ws/install/action_msgs/include/action_msgs/srv
[14.234s] -- Up-to-date: /home/abhay/microros_ws/install/action_msgs/include/action_msgs/srv/detail
[14.234s] -- Up-to-date: /home/abhay/microros_ws/install/action_msgs/include/action_msgs/srv/detail/microxrcedds
[14.235s] -- Installing: /home/abhay/microros_ws/install/action_msgs/include/action_msgs/srv/detail/microxrcedds/cancel_goal__type_support_cpp.cpp
[14.235s] -- Installing: /home/abhay/microros_ws/install/action_msgs/include/action_msgs/srv/detail/cancel_goal__rosidl_typesupport_microxrcedds_cpp.hpp
[14.235s] -- Installing: /home/abhay/microros_ws/install/action_msgs/lib/libaction_msgs__rosidl_typesupport_microxrcedds_cpp.so
[14.236s] -- Set runtime path of "/home/abhay/microros_ws/install/action_msgs/lib/libaction_msgs__rosidl_typesupport_microxrcedds_cpp.so" to ""
[14.236s] -- Up-to-date: /home/abhay/microros_ws/install/action_msgs/include/action_msgs/action_msgs
[14.236s] -- Up-to-date: /home/abhay/microros_ws/install/action_msgs/include/action_msgs/action_msgs/msg
[14.236s] -- Up-to-date: /home/abhay/microros_ws/install/action_msgs/include/action_msgs/action_msgs/msg/detail
[14.236s] -- Installing: /home/abhay/microros_ws/install/action_msgs/include/action_msgs/action_msgs/msg/detail/goal_status_array__type_support.cpp
[14.236s] -- Installing: /home/abhay/microros_ws/install/action_msgs/include/action_msgs/action_msgs/msg/detail/goal_info__rosidl_typesupport_introspection_cpp.hpp
[14.236s] -- Installing: /home/abhay/microros_ws/install/action_msgs/include/action_msgs/action_msgs/msg/detail/goal_status__type_support.cpp
[14.236s] -- Installing: /home/abhay/microros_ws/install/action_msgs/include/action_msgs/action_msgs/msg/detail/goal_status_array__rosidl_typesupport_introspection_cpp.hpp
[14.236s] -- Installing: /home/abhay/microros_ws/install/action_msgs/include/action_msgs/action_msgs/msg/detail/goal_info__type_support.cpp
[14.236s] -- Installing: /home/abhay/microros_ws/install/action_msgs/include/action_msgs/action_msgs/msg/detail/goal_status__rosidl_typesupport_introspection_cpp.hpp
[14.237s] -- Up-to-date: /home/abhay/microros_ws/install/action_msgs/include/action_msgs/action_msgs/srv
[14.237s] -- Up-to-date: /home/abhay/microros_ws/install/action_msgs/include/action_msgs/action_msgs/srv/detail
[14.237s] -- Installing: /home/abhay/microros_ws/install/action_msgs/include/action_msgs/action_msgs/srv/detail/cancel_goal__type_support.cpp
[14.237s] -- Installing: /home/abhay/microros_ws/install/action_msgs/include/action_msgs/action_msgs/srv/detail/cancel_goal__rosidl_typesupport_introspection_cpp.hpp
[14.237s] -- Installing: /home/abhay/microros_ws/install/action_msgs/lib/libaction_msgs__rosidl_typesupport_introspection_cpp.so
[14.238s] -- Set runtime path of "/home/abhay/microros_ws/install/action_msgs/lib/libaction_msgs__rosidl_typesupport_introspection_cpp.so" to ""
[14.238s] -- Installing: /home/abhay/microros_ws/install/action_msgs/lib/libaction_msgs__rosidl_typesupport_cpp.so
[14.238s] -- Set runtime path of "/home/abhay/microros_ws/install/action_msgs/lib/libaction_msgs__rosidl_typesupport_cpp.so" to ""
[14.238s] -- Installing: /home/abhay/microros_ws/install/action_msgs/share/action_msgs/environment/pythonpath.sh
[14.238s] -- Installing: /home/abhay/microros_ws/install/action_msgs/share/action_msgs/environment/pythonpath.dsv
[14.249s] -- Installing: /home/abhay/microros_ws/install/action_msgs/local/lib/python3.10/dist-packages/action_msgs-1.2.1-py3.10.egg-info
[14.250s] -- Installing: /home/abhay/microros_ws/install/action_msgs/local/lib/python3.10/dist-packages/action_msgs-1.2.1-py3.10.egg-info/top_level.txt
[14.250s] -- Installing: /home/abhay/microros_ws/install/action_msgs/local/lib/python3.10/dist-packages/action_msgs-1.2.1-py3.10.egg-info/SOURCES.txt
[14.250s] -- Installing: /home/abhay/microros_ws/install/action_msgs/local/lib/python3.10/dist-packages/action_msgs-1.2.1-py3.10.egg-info/dependency_links.txt
[14.250s] -- Installing: /home/abhay/microros_ws/install/action_msgs/local/lib/python3.10/dist-packages/action_msgs-1.2.1-py3.10.egg-info/PKG-INFO
[14.250s] -- Installing: /home/abhay/microros_ws/install/action_msgs/local/lib/python3.10/dist-packages/action_msgs
[14.251s] -- Installing: /home/abhay/microros_ws/install/action_msgs/local/lib/python3.10/dist-packages/action_msgs/msg
[14.251s] -- Installing: /home/abhay/microros_ws/install/action_msgs/local/lib/python3.10/dist-packages/action_msgs/msg/_goal_info.py
[14.251s] -- Installing: /home/abhay/microros_ws/install/action_msgs/local/lib/python3.10/dist-packages/action_msgs/msg/_goal_info_s.c
[14.251s] -- Installing: /home/abhay/microros_ws/install/action_msgs/local/lib/python3.10/dist-packages/action_msgs/msg/_goal_status.py
[14.251s] -- Installing: /home/abhay/microros_ws/install/action_msgs/local/lib/python3.10/dist-packages/action_msgs/msg/_goal_status_array.py
[14.251s] -- Installing: /home/abhay/microros_ws/install/action_msgs/local/lib/python3.10/dist-packages/action_msgs/msg/_goal_status_s.c
[14.251s] -- Installing: /home/abhay/microros_ws/install/action_msgs/local/lib/python3.10/dist-packages/action_msgs/msg/_goal_status_array_s.c
[14.251s] -- Installing: /home/abhay/microros_ws/install/action_msgs/local/lib/python3.10/dist-packages/action_msgs/msg/__init__.py
[14.251s] -- Installing: /home/abhay/microros_ws/install/action_msgs/local/lib/python3.10/dist-packages/action_msgs/action_msgs_s__rosidl_typesupport_introspection_c.cpython-310-x86_64-linux-gnu.so
[14.252s] -- Installing: /home/abhay/microros_ws/install/action_msgs/local/lib/python3.10/dist-packages/action_msgs/_action_msgs_s.ep.rosidl_typesupport_fastrtps_c.c
[14.252s] -- Installing: /home/abhay/microros_ws/install/action_msgs/local/lib/python3.10/dist-packages/action_msgs/action_msgs_s__rosidl_typesupport_fastrtps_c.cpython-310-x86_64-linux-gnu.so
[14.252s] -- Installing: /home/abhay/microros_ws/install/action_msgs/local/lib/python3.10/dist-packages/action_msgs/_action_msgs_s.ep.rosidl_typesupport_microxrcedds_c.c
[14.252s] -- Installing: /home/abhay/microros_ws/install/action_msgs/local/lib/python3.10/dist-packages/action_msgs/_action_msgs_s.ep.rosidl_typesupport_introspection_c.c
[14.252s] -- Installing: /home/abhay/microros_ws/install/action_msgs/local/lib/python3.10/dist-packages/action_msgs/action_msgs_s__rosidl_typesupport_c.cpython-310-x86_64-linux-gnu.so
[14.252s] -- Installing: /home/abhay/microros_ws/install/action_msgs/local/lib/python3.10/dist-packages/action_msgs/_action_msgs_s.ep.rosidl_typesupport_c.c
[14.253s] -- Installing: /home/abhay/microros_ws/install/action_msgs/local/lib/python3.10/dist-packages/action_msgs/libaction_msgs__rosidl_generator_py.so
[14.253s] -- Installing: /home/abhay/microros_ws/install/action_msgs/local/lib/python3.10/dist-packages/action_msgs/action_msgs_s__rosidl_typesupport_microxrcedds_c.cpython-310-x86_64-linux-gnu.so
[14.253s] -- Installing: /home/abhay/microros_ws/install/action_msgs/local/lib/python3.10/dist-packages/action_msgs/__init__.py
[14.253s] -- Installing: /home/abhay/microros_ws/install/action_msgs/local/lib/python3.10/dist-packages/action_msgs/srv
[14.253s] -- Installing: /home/abhay/microros_ws/install/action_msgs/local/lib/python3.10/dist-packages/action_msgs/srv/_cancel_goal_s.c
[14.253s] -- Installing: /home/abhay/microros_ws/install/action_msgs/local/lib/python3.10/dist-packages/action_msgs/srv/_cancel_goal.py
[14.253s] -- Installing: /home/abhay/microros_ws/install/action_msgs/local/lib/python3.10/dist-packages/action_msgs/srv/__init__.py
[14.368s] Listing '/home/abhay/microros_ws/install/action_msgs/local/lib/python3.10/dist-packages/action_msgs'...
[14.368s] Compiling '/home/abhay/microros_ws/install/action_msgs/local/lib/python3.10/dist-packages/action_msgs/__init__.py'...
[14.368s] Listing '/home/abhay/microros_ws/install/action_msgs/local/lib/python3.10/dist-packages/action_msgs/msg'...
[14.368s] Compiling '/home/abhay/microros_ws/install/action_msgs/local/lib/python3.10/dist-packages/action_msgs/msg/__init__.py'...
[14.368s] Compiling '/home/abhay/microros_ws/install/action_msgs/local/lib/python3.10/dist-packages/action_msgs/msg/_goal_info.py'...
[14.369s] Compiling '/home/abhay/microros_ws/install/action_msgs/local/lib/python3.10/dist-packages/action_msgs/msg/_goal_status.py'...
[14.369s] Compiling '/home/abhay/microros_ws/install/action_msgs/local/lib/python3.10/dist-packages/action_msgs/msg/_goal_status_array.py'...
[14.369s] Listing '/home/abhay/microros_ws/install/action_msgs/local/lib/python3.10/dist-packages/action_msgs/srv'...
[14.369s] Compiling '/home/abhay/microros_ws/install/action_msgs/local/lib/python3.10/dist-packages/action_msgs/srv/__init__.py'...
[14.369s] Compiling '/home/abhay/microros_ws/install/action_msgs/local/lib/python3.10/dist-packages/action_msgs/srv/_cancel_goal.py'...
[14.397s] -- Installing: /home/abhay/microros_ws/install/action_msgs/local/lib/python3.10/dist-packages/action_msgs/action_msgs_s__rosidl_typesupport_microxrcedds_c.cpython-310-x86_64-linux-gnu.so
[14.398s] -- Set runtime path of "/home/abhay/microros_ws/install/action_msgs/local/lib/python3.10/dist-packages/action_msgs/action_msgs_s__rosidl_typesupport_microxrcedds_c.cpython-310-x86_64-linux-gnu.so" to ""
[14.398s] -- Installing: /home/abhay/microros_ws/install/action_msgs/local/lib/python3.10/dist-packages/action_msgs/action_msgs_s__rosidl_typesupport_fastrtps_c.cpython-310-x86_64-linux-gnu.so
[14.398s] -- Set runtime path of "/home/abhay/microros_ws/install/action_msgs/local/lib/python3.10/dist-packages/action_msgs/action_msgs_s__rosidl_typesupport_fastrtps_c.cpython-310-x86_64-linux-gnu.so" to ""
[14.399s] -- Installing: /home/abhay/microros_ws/install/action_msgs/local/lib/python3.10/dist-packages/action_msgs/action_msgs_s__rosidl_typesupport_introspection_c.cpython-310-x86_64-linux-gnu.so
[14.399s] -- Set runtime path of "/home/abhay/microros_ws/install/action_msgs/local/lib/python3.10/dist-packages/action_msgs/action_msgs_s__rosidl_typesupport_introspection_c.cpython-310-x86_64-linux-gnu.so" to ""
[14.399s] -- Installing: /home/abhay/microros_ws/install/action_msgs/local/lib/python3.10/dist-packages/action_msgs/action_msgs_s__rosidl_typesupport_c.cpython-310-x86_64-linux-gnu.so
[14.399s] -- Set runtime path of "/home/abhay/microros_ws/install/action_msgs/local/lib/python3.10/dist-packages/action_msgs/action_msgs_s__rosidl_typesupport_c.cpython-310-x86_64-linux-gnu.so" to ""
[14.400s] -- Installing: /home/abhay/microros_ws/install/action_msgs/lib/libaction_msgs__rosidl_generator_py.so
[14.400s] -- Set runtime path of "/home/abhay/microros_ws/install/action_msgs/lib/libaction_msgs__rosidl_generator_py.so" to ""
[14.400s] -- Installing: /home/abhay/microros_ws/install/action_msgs/share/action_msgs/msg/GoalInfo.idl
[14.400s] -- Installing: /home/abhay/microros_ws/install/action_msgs/share/action_msgs/msg/GoalStatus.idl
[14.400s] -- Installing: /home/abhay/microros_ws/install/action_msgs/share/action_msgs/msg/GoalStatusArray.idl
[14.401s] -- Installing: /home/abhay/microros_ws/install/action_msgs/share/action_msgs/srv/CancelGoal.idl
[14.401s] -- Installing: /home/abhay/microros_ws/install/action_msgs/share/action_msgs/msg/GoalInfo.msg
[14.401s] -- Installing: /home/abhay/microros_ws/install/action_msgs/share/action_msgs/msg/GoalStatus.msg
[14.401s] -- Installing: /home/abhay/microros_ws/install/action_msgs/share/action_msgs/msg/GoalStatusArray.msg
[14.401s] -- Installing: /home/abhay/microros_ws/install/action_msgs/share/action_msgs/srv/CancelGoal.srv
[14.401s] -- Installing: /home/abhay/microros_ws/install/action_msgs/share/action_msgs/srv/CancelGoal_Request.msg
[14.401s] -- Installing: /home/abhay/microros_ws/install/action_msgs/share/action_msgs/srv/CancelGoal_Response.msg
[14.402s] -- Installing: /home/abhay/microros_ws/install/action_msgs/share/ament_index/resource_index/package_run_dependencies/action_msgs
[14.402s] -- Installing: /home/abhay/microros_ws/install/action_msgs/share/ament_index/resource_index/parent_prefix_path/action_msgs
[14.402s] -- Installing: /home/abhay/microros_ws/install/action_msgs/share/action_msgs/environment/ament_prefix_path.sh
[14.402s] -- Installing: /home/abhay/microros_ws/install/action_msgs/share/action_msgs/environment/ament_prefix_path.dsv
[14.402s] -- Installing: /home/abhay/microros_ws/install/action_msgs/share/action_msgs/environment/path.sh
[14.402s] -- Installing: /home/abhay/microros_ws/install/action_msgs/share/action_msgs/environment/path.dsv
[14.403s] -- Installing: /home/abhay/microros_ws/install/action_msgs/share/action_msgs/local_setup.bash
[14.403s] -- Installing: /home/abhay/microros_ws/install/action_msgs/share/action_msgs/local_setup.sh
[14.403s] -- Installing: /home/abhay/microros_ws/install/action_msgs/share/action_msgs/local_setup.zsh
[14.403s] -- Installing: /home/abhay/microros_ws/install/action_msgs/share/action_msgs/local_setup.dsv
[14.403s] -- Installing: /home/abhay/microros_ws/install/action_msgs/share/action_msgs/package.dsv
[14.403s] -- Installing: /home/abhay/microros_ws/install/action_msgs/share/ament_index/resource_index/packages/action_msgs
[14.403s] -- Installing: /home/abhay/microros_ws/install/action_msgs/share/action_msgs/cmake/export_action_msgs__rosidl_generator_cExport.cmake
[14.403s] -- Installing: /home/abhay/microros_ws/install/action_msgs/share/action_msgs/cmake/export_action_msgs__rosidl_generator_cExport-noconfig.cmake
[14.404s] -- Installing: /home/abhay/microros_ws/install/action_msgs/share/action_msgs/cmake/export_action_msgs__rosidl_typesupport_fastrtps_cExport.cmake
[14.404s] -- Installing: /home/abhay/microros_ws/install/action_msgs/share/action_msgs/cmake/export_action_msgs__rosidl_typesupport_fastrtps_cExport-noconfig.cmake
[14.404s] -- Installing: /home/abhay/microros_ws/install/action_msgs/share/action_msgs/cmake/export_action_msgs__rosidl_generator_cppExport.cmake
[14.404s] -- Installing: /home/abhay/microros_ws/install/action_msgs/share/action_msgs/cmake/export_action_msgs__rosidl_typesupport_fastrtps_cppExport.cmake
[14.404s] -- Installing: /home/abhay/microros_ws/install/action_msgs/share/action_msgs/cmake/export_action_msgs__rosidl_typesupport_fastrtps_cppExport-noconfig.cmake
[14.404s] -- Installing: /home/abhay/microros_ws/install/action_msgs/share/action_msgs/cmake/action_msgs__rosidl_typesupport_introspection_cExport.cmake
[14.405s] -- Installing: /home/abhay/microros_ws/install/action_msgs/share/action_msgs/cmake/action_msgs__rosidl_typesupport_introspection_cExport-noconfig.cmake
[14.405s] -- Installing: /home/abhay/microros_ws/install/action_msgs/share/action_msgs/cmake/action_msgs__rosidl_typesupport_cExport.cmake
[14.405s] -- Installing: /home/abhay/microros_ws/install/action_msgs/share/action_msgs/cmake/action_msgs__rosidl_typesupport_cExport-noconfig.cmake
[14.406s] -- Installing: /home/abhay/microros_ws/install/action_msgs/share/action_msgs/cmake/action_msgs__rosidl_typesupport_introspection_cppExport.cmake
[14.406s] -- Installing: /home/abhay/microros_ws/install/action_msgs/share/action_msgs/cmake/action_msgs__rosidl_typesupport_introspection_cppExport-noconfig.cmake
[14.406s] -- Installing: /home/abhay/microros_ws/install/action_msgs/share/action_msgs/cmake/action_msgs__rosidl_typesupport_cppExport.cmake
[14.406s] -- Installing: /home/abhay/microros_ws/install/action_msgs/share/action_msgs/cmake/action_msgs__rosidl_typesupport_cppExport-noconfig.cmake
[14.406s] -- Installing: /home/abhay/microros_ws/install/action_msgs/share/action_msgs/cmake/export_action_msgs__rosidl_generator_pyExport.cmake
[14.406s] -- Installing: /home/abhay/microros_ws/install/action_msgs/share/action_msgs/cmake/export_action_msgs__rosidl_generator_pyExport-noconfig.cmake
[14.406s] -- Installing: /home/abhay/microros_ws/install/action_msgs/share/action_msgs/cmake/rosidl_cmake-extras.cmake
[14.406s] -- Installing: /home/abhay/microros_ws/install/action_msgs/share/action_msgs/cmake/ament_cmake_export_dependencies-extras.cmake
[14.407s] -- Installing: /home/abhay/microros_ws/install/action_msgs/share/action_msgs/cmake/ament_cmake_export_include_directories-extras.cmake
[14.407s] -- Installing: /home/abhay/microros_ws/install/action_msgs/share/action_msgs/cmake/ament_cmake_export_libraries-extras.cmake
[14.407s] -- Installing: /home/abhay/microros_ws/install/action_msgs/share/action_msgs/cmake/ament_cmake_export_targets-extras.cmake
[14.407s] -- Installing: /home/abhay/microros_ws/install/action_msgs/share/action_msgs/cmake/rosidl_cmake_export_typesupport_targets-extras.cmake
[14.407s] -- Installing: /home/abhay/microros_ws/install/action_msgs/share/action_msgs/cmake/rosidl_cmake_export_typesupport_libraries-extras.cmake
[14.407s] -- Installing: /home/abhay/microros_ws/install/action_msgs/share/action_msgs/cmake/action_msgsConfig.cmake
[14.408s] -- Installing: /home/abhay/microros_ws/install/action_msgs/share/action_msgs/cmake/action_msgsConfig-version.cmake
[14.408s] -- Installing: /home/abhay/microros_ws/install/action_msgs/share/action_msgs/package.xml
[14.421s] Invoked command in '/home/abhay/microros_ws/build/action_msgs' returned '0': AMENT_PREFIX_PATH=/home/abhay/microros_ws/install/unique_identifier_msgs:/home/abhay/microros_ws/install/builtin_interfaces:${AMENT_PREFIX_PATH} CMAKE_PREFIX_PATH=/home/abhay/microros_ws/install/unique_identifier_msgs:/home/abhay/microros_ws/install/builtin_interfaces:/home/abhay/microros_ws/install/rosidl_typesupport_microxrcedds_cpp:/home/abhay/microros_ws/install/rosidl_typesupport_microxrcedds_c:/home/abhay/microros_ws/install/microcdr:/home/abhay/microros_ws/install/micro_ros_setup:/home/abhay/ros2_ws/install/py_srvcli:/home/abhay/ros2_ws/install/my_robot_controller:/opt/ros/humble LD_LIBRARY_PATH=/home/abhay/microros_ws/install/unique_identifier_msgs/lib:/home/abhay/microros_ws/install/builtin_interfaces/lib:${LD_LIBRARY_PATH} PYTHONPATH=/home/abhay/microros_ws/install/unique_identifier_msgs/local/lib/python3.10/dist-packages:/home/abhay/microros_ws/install/builtin_interfaces/local/lib/python3.10/dist-packages:${PYTHONPATH} /usr/bin/cmake --install /home/abhay/microros_ws/build/action_msgs
