[0.011s] Invoking command in '/home/abhay/microros_ws/build/builtin_interfaces': CMAKE_PREFIX_PATH=${CMAKE_PREFIX_PATH}:/home/abhay/microros_ws/install/sensor_msgs_py:/home/abhay/ros2_ws/install/py_srvcli:/home/abhay/ros2_ws/install/my_robot_controller:/opt/ros/humble /usr/bin/cmake --build /home/abhay/microros_ws/build/builtin_interfaces -- -j16 -l16
[0.056s] [  2%] Built target builtin_interfaces__cpp
[0.057s] [ 10%] Built target builtin_interfaces__rosidl_generator_c
[0.066s] [ 10%] Built target ament_cmake_python_copy_builtin_interfaces
[0.086s] [ 22%] Built target builtin_interfaces__rosidl_typesupport_microxrcedds_c
[0.087s] [ 28%] Built target builtin_interfaces__rosidl_typesupport_fastrtps_c
[0.087s] [ 34%] Built target builtin_interfaces__rosidl_typesupport_cpp
[0.088s] [ 42%] Built target builtin_interfaces__rosidl_typesupport_introspection_c
[0.089s] [ 51%] Built target builtin_interfaces__rosidl_typesupport_introspection_cpp
[0.089s] [ 59%] Built target builtin_interfaces__rosidl_typesupport_microxrcedds_cpp
[0.089s] [ 67%] Built target builtin_interfaces__rosidl_typesupport_fastrtps_cpp
[0.091s] [ 75%] Built target builtin_interfaces__rosidl_typesupport_c
[0.111s] [ 75%] Built target builtin_interfaces
[0.131s] [ 77%] Built target builtin_interfaces__py
[0.153s] [ 83%] Built target builtin_interfaces__rosidl_generator_py
[0.177s] [ 87%] Built target builtin_interfaces__rosidl_typesupport_microxrcedds_c__pyext
[0.183s] [100%] Built target builtin_interfaces__rosidl_typesupport_introspection_c__pyext
[0.184s] [100%] Built target builtin_interfaces__rosidl_typesupport_c__pyext
[0.184s] [100%] Built target builtin_interfaces__rosidl_typesupport_fastrtps_c__pyext
[0.271s] running egg_info
[0.272s] writing builtin_interfaces.egg-info/PKG-INFO
[0.272s] writing dependency_links to builtin_interfaces.egg-info/dependency_links.txt
[0.272s] writing top-level names to builtin_interfaces.egg-info/top_level.txt
[0.273s] reading manifest file 'builtin_interfaces.egg-info/SOURCES.txt'
[0.273s] writing manifest file 'builtin_interfaces.egg-info/SOURCES.txt'
[0.291s] [100%] Built target ament_cmake_python_build_builtin_interfaces_egg
[0.301s] Invoked command in '/home/abhay/microros_ws/build/builtin_interfaces' returned '0': CMAKE_PREFIX_PATH=${CMAKE_PREFIX_PATH}:/home/abhay/microros_ws/install/sensor_msgs_py:/home/abhay/ros2_ws/install/py_srvcli:/home/abhay/ros2_ws/install/my_robot_controller:/opt/ros/humble /usr/bin/cmake --build /home/abhay/microros_ws/build/builtin_interfaces -- -j16 -l16
[0.403s] Invoking command in '/home/abhay/microros_ws/build/builtin_interfaces': CMAKE_PREFIX_PATH=${CMAKE_PREFIX_PATH}:/home/abhay/microros_ws/install/sensor_msgs_py:/home/abhay/ros2_ws/install/py_srvcli:/home/abhay/ros2_ws/install/my_robot_controller:/opt/ros/humble /usr/bin/cmake --install /home/abhay/microros_ws/build/builtin_interfaces
[0.412s] -- Install configuration: ""
[0.412s] -- Up-to-date: /home/abhay/microros_ws/install/builtin_interfaces/share/ament_index/resource_index/rosidl_interfaces/builtin_interfaces
[0.412s] -- Up-to-date: /home/abhay/microros_ws/install/builtin_interfaces/include/builtin_interfaces/builtin_interfaces
[0.412s] -- Up-to-date: /home/abhay/microros_ws/install/builtin_interfaces/include/builtin_interfaces/builtin_interfaces/msg
[0.412s] -- Up-to-date: /home/abhay/microros_ws/install/builtin_interfaces/include/builtin_interfaces/builtin_interfaces/msg/rosidl_generator_c__visibility_control.h
[0.412s] -- Up-to-date: /home/abhay/microros_ws/install/builtin_interfaces/include/builtin_interfaces/builtin_interfaces/msg/detail
[0.412s] -- Up-to-date: /home/abhay/microros_ws/install/builtin_interfaces/include/builtin_interfaces/builtin_interfaces/msg/detail/duration__struct.h
[0.412s] -- Up-to-date: /home/abhay/microros_ws/install/builtin_interfaces/include/builtin_interfaces/builtin_interfaces/msg/detail/time__type_support.h
[0.412s] -- Up-to-date: /home/abhay/microros_ws/install/builtin_interfaces/include/builtin_interfaces/builtin_interfaces/msg/detail/duration__functions.c
[0.413s] -- Up-to-date: /home/abhay/microros_ws/install/builtin_interfaces/include/builtin_interfaces/builtin_interfaces/msg/detail/time__functions.c
[0.413s] -- Up-to-date: /home/abhay/microros_ws/install/builtin_interfaces/include/builtin_interfaces/builtin_interfaces/msg/detail/duration__type_support.h
[0.413s] -- Up-to-date: /home/abhay/microros_ws/install/builtin_interfaces/include/builtin_interfaces/builtin_interfaces/msg/detail/duration__functions.h
[0.413s] -- Up-to-date: /home/abhay/microros_ws/install/builtin_interfaces/include/builtin_interfaces/builtin_interfaces/msg/detail/time__struct.h
[0.413s] -- Up-to-date: /home/abhay/microros_ws/install/builtin_interfaces/include/builtin_interfaces/builtin_interfaces/msg/detail/time__functions.h
[0.413s] -- Up-to-date: /home/abhay/microros_ws/install/builtin_interfaces/include/builtin_interfaces/builtin_interfaces/msg/time.h
[0.413s] -- Up-to-date: /home/abhay/microros_ws/install/builtin_interfaces/include/builtin_interfaces/builtin_interfaces/msg/duration.h
[0.413s] -- Up-to-date: /home/abhay/microros_ws/install/builtin_interfaces/share/builtin_interfaces/environment/library_path.sh
[0.413s] -- Up-to-date: /home/abhay/microros_ws/install/builtin_interfaces/share/builtin_interfaces/environment/library_path.dsv
[0.413s] -- Up-to-date: /home/abhay/microros_ws/install/builtin_interfaces/lib/libbuiltin_interfaces__rosidl_generator_c.so
[0.413s] -- Up-to-date: /home/abhay/microros_ws/install/builtin_interfaces/include/builtin_interfaces
[0.414s] -- Up-to-date: /home/abhay/microros_ws/install/builtin_interfaces/include/builtin_interfaces/msg
[0.414s] -- Up-to-date: /home/abhay/microros_ws/install/builtin_interfaces/include/builtin_interfaces/msg/detail
[0.414s] -- Up-to-date: /home/abhay/microros_ws/install/builtin_interfaces/include/builtin_interfaces/msg/detail/microxrcedds
[0.414s] -- Up-to-date: /home/abhay/microros_ws/install/builtin_interfaces/include/builtin_interfaces/msg/detail/time__rosidl_typesupport_microxrcedds_c.h
[0.414s] -- Up-to-date: /home/abhay/microros_ws/install/builtin_interfaces/include/builtin_interfaces/msg/detail/duration__rosidl_typesupport_microxrcedds_c.h
[0.414s] -- Up-to-date: /home/abhay/microros_ws/install/builtin_interfaces/include/builtin_interfaces/msg/rosidl_typesupport_microxrcedds_c__visibility_control.h
[0.414s] -- Up-to-date: /home/abhay/microros_ws/install/builtin_interfaces/lib/libbuiltin_interfaces__rosidl_typesupport_microxrcedds_c.so
[0.414s] -- Up-to-date: /home/abhay/microros_ws/install/builtin_interfaces/include/builtin_interfaces/builtin_interfaces
[0.414s] -- Up-to-date: /home/abhay/microros_ws/install/builtin_interfaces/include/builtin_interfaces/builtin_interfaces/msg
[0.414s] -- Up-to-date: /home/abhay/microros_ws/install/builtin_interfaces/include/builtin_interfaces/builtin_interfaces/msg/detail
[0.414s] -- Up-to-date: /home/abhay/microros_ws/install/builtin_interfaces/include/builtin_interfaces/builtin_interfaces/msg/detail/time__rosidl_typesupport_fastrtps_c.h
[0.414s] -- Up-to-date: /home/abhay/microros_ws/install/builtin_interfaces/include/builtin_interfaces/builtin_interfaces/msg/detail/duration__rosidl_typesupport_fastrtps_c.h
[0.414s] -- Up-to-date: /home/abhay/microros_ws/install/builtin_interfaces/include/builtin_interfaces/builtin_interfaces/msg/rosidl_typesupport_fastrtps_c__visibility_control.h
[0.415s] -- Up-to-date: /home/abhay/microros_ws/install/builtin_interfaces/lib/libbuiltin_interfaces__rosidl_typesupport_fastrtps_c.so
[0.415s] -- Up-to-date: /home/abhay/microros_ws/install/builtin_interfaces/include/builtin_interfaces/builtin_interfaces
[0.415s] -- Up-to-date: /home/abhay/microros_ws/install/builtin_interfaces/include/builtin_interfaces/builtin_interfaces/msg
[0.415s] -- Up-to-date: /home/abhay/microros_ws/install/builtin_interfaces/include/builtin_interfaces/builtin_interfaces/msg/detail
[0.415s] -- Up-to-date: /home/abhay/microros_ws/install/builtin_interfaces/include/builtin_interfaces/builtin_interfaces/msg/detail/time__rosidl_typesupport_introspection_c.h
[0.415s] -- Up-to-date: /home/abhay/microros_ws/install/builtin_interfaces/include/builtin_interfaces/builtin_interfaces/msg/detail/time__type_support.c
[0.415s] -- Up-to-date: /home/abhay/microros_ws/install/builtin_interfaces/include/builtin_interfaces/builtin_interfaces/msg/detail/duration__type_support.c
[0.415s] -- Up-to-date: /home/abhay/microros_ws/install/builtin_interfaces/include/builtin_interfaces/builtin_interfaces/msg/detail/duration__rosidl_typesupport_introspection_c.h
[0.415s] -- Up-to-date: /home/abhay/microros_ws/install/builtin_interfaces/include/builtin_interfaces/builtin_interfaces/msg/rosidl_typesupport_introspection_c__visibility_control.h
[0.415s] -- Up-to-date: /home/abhay/microros_ws/install/builtin_interfaces/lib/libbuiltin_interfaces__rosidl_typesupport_introspection_c.so
[0.415s] -- Up-to-date: /home/abhay/microros_ws/install/builtin_interfaces/lib/libbuiltin_interfaces__rosidl_typesupport_c.so
[0.415s] -- Up-to-date: /home/abhay/microros_ws/install/builtin_interfaces/include/builtin_interfaces/builtin_interfaces
[0.415s] -- Up-to-date: /home/abhay/microros_ws/install/builtin_interfaces/include/builtin_interfaces/builtin_interfaces/msg
[0.415s] -- Up-to-date: /home/abhay/microros_ws/install/builtin_interfaces/include/builtin_interfaces/builtin_interfaces/msg/time.hpp
[0.415s] -- Up-to-date: /home/abhay/microros_ws/install/builtin_interfaces/include/builtin_interfaces/builtin_interfaces/msg/detail
[0.415s] -- Up-to-date: /home/abhay/microros_ws/install/builtin_interfaces/include/builtin_interfaces/builtin_interfaces/msg/detail/duration__builder.hpp
[0.416s] -- Up-to-date: /home/abhay/microros_ws/install/builtin_interfaces/include/builtin_interfaces/builtin_interfaces/msg/detail/duration__struct.hpp
[0.416s] -- Up-to-date: /home/abhay/microros_ws/install/builtin_interfaces/include/builtin_interfaces/builtin_interfaces/msg/detail/time__struct.hpp
[0.416s] -- Up-to-date: /home/abhay/microros_ws/install/builtin_interfaces/include/builtin_interfaces/builtin_interfaces/msg/detail/time__builder.hpp
[0.416s] -- Up-to-date: /home/abhay/microros_ws/install/builtin_interfaces/include/builtin_interfaces/builtin_interfaces/msg/detail/duration__traits.hpp
[0.416s] -- Up-to-date: /home/abhay/microros_ws/install/builtin_interfaces/include/builtin_interfaces/builtin_interfaces/msg/detail/time__traits.hpp
[0.416s] -- Up-to-date: /home/abhay/microros_ws/install/builtin_interfaces/include/builtin_interfaces/builtin_interfaces/msg/duration.hpp
[0.416s] -- Up-to-date: /home/abhay/microros_ws/install/builtin_interfaces/include/builtin_interfaces
[0.416s] -- Up-to-date: /home/abhay/microros_ws/install/builtin_interfaces/include/builtin_interfaces/msg
[0.416s] -- Up-to-date: /home/abhay/microros_ws/install/builtin_interfaces/include/builtin_interfaces/msg/detail
[0.416s] -- Up-to-date: /home/abhay/microros_ws/install/builtin_interfaces/include/builtin_interfaces/msg/detail/time__rosidl_typesupport_microxrcedds_cpp.hpp
[0.416s] -- Up-to-date: /home/abhay/microros_ws/install/builtin_interfaces/include/builtin_interfaces/msg/detail/microxrcedds
[0.416s] -- Up-to-date: /home/abhay/microros_ws/install/builtin_interfaces/include/builtin_interfaces/msg/detail/microxrcedds/time__type_support_cpp.cpp
[0.416s] -- Up-to-date: /home/abhay/microros_ws/install/builtin_interfaces/include/builtin_interfaces/msg/detail/microxrcedds/duration__type_support_cpp.cpp
[0.416s] -- Up-to-date: /home/abhay/microros_ws/install/builtin_interfaces/include/builtin_interfaces/msg/detail/duration__rosidl_typesupport_microxrcedds_cpp.hpp
[0.416s] -- Up-to-date: /home/abhay/microros_ws/install/builtin_interfaces/include/builtin_interfaces/msg/rosidl_typesupport_microxrcedds_cpp__visibility_control.h
[0.416s] -- Up-to-date: /home/abhay/microros_ws/install/builtin_interfaces/lib/libbuiltin_interfaces__rosidl_typesupport_microxrcedds_cpp.so
[0.416s] -- Up-to-date: /home/abhay/microros_ws/install/builtin_interfaces/include/builtin_interfaces/builtin_interfaces
[0.417s] -- Up-to-date: /home/abhay/microros_ws/install/builtin_interfaces/include/builtin_interfaces/builtin_interfaces/msg
[0.417s] -- Up-to-date: /home/abhay/microros_ws/install/builtin_interfaces/include/builtin_interfaces/builtin_interfaces/msg/detail
[0.417s] -- Up-to-date: /home/abhay/microros_ws/install/builtin_interfaces/include/builtin_interfaces/builtin_interfaces/msg/detail/time__rosidl_typesupport_fastrtps_cpp.hpp
[0.417s] -- Up-to-date: /home/abhay/microros_ws/install/builtin_interfaces/include/builtin_interfaces/builtin_interfaces/msg/detail/dds_fastrtps
[0.417s] -- Up-to-date: /home/abhay/microros_ws/install/builtin_interfaces/include/builtin_interfaces/builtin_interfaces/msg/detail/duration__rosidl_typesupport_fastrtps_cpp.hpp
[0.417s] -- Up-to-date: /home/abhay/microros_ws/install/builtin_interfaces/include/builtin_interfaces/builtin_interfaces/msg/rosidl_typesupport_fastrtps_cpp__visibility_control.h
[0.417s] -- Up-to-date: /home/abhay/microros_ws/install/builtin_interfaces/lib/libbuiltin_interfaces__rosidl_typesupport_fastrtps_cpp.so
[0.417s] -- Up-to-date: /home/abhay/microros_ws/install/builtin_interfaces/include/builtin_interfaces/builtin_interfaces
[0.417s] -- Up-to-date: /home/abhay/microros_ws/install/builtin_interfaces/include/builtin_interfaces/builtin_interfaces/msg
[0.417s] -- Up-to-date: /home/abhay/microros_ws/install/builtin_interfaces/include/builtin_interfaces/builtin_interfaces/msg/detail
[0.417s] -- Up-to-date: /home/abhay/microros_ws/install/builtin_interfaces/include/builtin_interfaces/builtin_interfaces/msg/detail/time__type_support.cpp
[0.417s] -- Up-to-date: /home/abhay/microros_ws/install/builtin_interfaces/include/builtin_interfaces/builtin_interfaces/msg/detail/time__rosidl_typesupport_introspection_cpp.hpp
[0.417s] -- Up-to-date: /home/abhay/microros_ws/install/builtin_interfaces/include/builtin_interfaces/builtin_interfaces/msg/detail/duration__rosidl_typesupport_introspection_cpp.hpp
[0.417s] -- Up-to-date: /home/abhay/microros_ws/install/builtin_interfaces/include/builtin_interfaces/builtin_interfaces/msg/detail/duration__type_support.cpp
[0.417s] -- Up-to-date: /home/abhay/microros_ws/install/builtin_interfaces/lib/libbuiltin_interfaces__rosidl_typesupport_introspection_cpp.so
[0.418s] -- Up-to-date: /home/abhay/microros_ws/install/builtin_interfaces/lib/libbuiltin_interfaces__rosidl_typesupport_cpp.so
[0.418s] -- Up-to-date: /home/abhay/microros_ws/install/builtin_interfaces/share/builtin_interfaces/environment/pythonpath.sh
[0.418s] -- Up-to-date: /home/abhay/microros_ws/install/builtin_interfaces/share/builtin_interfaces/environment/pythonpath.dsv
[0.418s] -- Up-to-date: /home/abhay/microros_ws/install/builtin_interfaces/local/lib/python3.10/dist-packages/builtin_interfaces-1.2.1-py3.10.egg-info
[0.418s] -- Installing: /home/abhay/microros_ws/install/builtin_interfaces/local/lib/python3.10/dist-packages/builtin_interfaces-1.2.1-py3.10.egg-info/top_level.txt
[0.418s] -- Installing: /home/abhay/microros_ws/install/builtin_interfaces/local/lib/python3.10/dist-packages/builtin_interfaces-1.2.1-py3.10.egg-info/SOURCES.txt
[0.418s] -- Installing: /home/abhay/microros_ws/install/builtin_interfaces/local/lib/python3.10/dist-packages/builtin_interfaces-1.2.1-py3.10.egg-info/dependency_links.txt
[0.418s] -- Installing: /home/abhay/microros_ws/install/builtin_interfaces/local/lib/python3.10/dist-packages/builtin_interfaces-1.2.1-py3.10.egg-info/PKG-INFO
[0.418s] -- Up-to-date: /home/abhay/microros_ws/install/builtin_interfaces/local/lib/python3.10/dist-packages/builtin_interfaces
[0.418s] -- Up-to-date: /home/abhay/microros_ws/install/builtin_interfaces/local/lib/python3.10/dist-packages/builtin_interfaces/_builtin_interfaces_s.ep.rosidl_typesupport_fastrtps_c.c
[0.418s] -- Up-to-date: /home/abhay/microros_ws/install/builtin_interfaces/local/lib/python3.10/dist-packages/builtin_interfaces/msg
[0.418s] -- Up-to-date: /home/abhay/microros_ws/install/builtin_interfaces/local/lib/python3.10/dist-packages/builtin_interfaces/msg/_time_s.c
[0.418s] -- Up-to-date: /home/abhay/microros_ws/install/builtin_interfaces/local/lib/python3.10/dist-packages/builtin_interfaces/msg/_time.py
[0.419s] -- Up-to-date: /home/abhay/microros_ws/install/builtin_interfaces/local/lib/python3.10/dist-packages/builtin_interfaces/msg/_duration_s.c
[0.419s] -- Up-to-date: /home/abhay/microros_ws/install/builtin_interfaces/local/lib/python3.10/dist-packages/builtin_interfaces/msg/_duration.py
[0.419s] -- Up-to-date: /home/abhay/microros_ws/install/builtin_interfaces/local/lib/python3.10/dist-packages/builtin_interfaces/msg/__init__.py
[0.419s] -- Up-to-date: /home/abhay/microros_ws/install/builtin_interfaces/local/lib/python3.10/dist-packages/builtin_interfaces/builtin_interfaces_s__rosidl_typesupport_introspection_c.cpython-310-x86_64-linux-gnu.so
[0.419s] -- Up-to-date: /home/abhay/microros_ws/install/builtin_interfaces/local/lib/python3.10/dist-packages/builtin_interfaces/builtin_interfaces_s__rosidl_typesupport_microxrcedds_c.cpython-310-x86_64-linux-gnu.so
[0.419s] -- Up-to-date: /home/abhay/microros_ws/install/builtin_interfaces/local/lib/python3.10/dist-packages/builtin_interfaces/builtin_interfaces_s__rosidl_typesupport_c.cpython-310-x86_64-linux-gnu.so
[0.419s] -- Up-to-date: /home/abhay/microros_ws/install/builtin_interfaces/local/lib/python3.10/dist-packages/builtin_interfaces/_builtin_interfaces_s.ep.rosidl_typesupport_introspection_c.c
[0.419s] -- Up-to-date: /home/abhay/microros_ws/install/builtin_interfaces/local/lib/python3.10/dist-packages/builtin_interfaces/builtin_interfaces_s__rosidl_typesupport_fastrtps_c.cpython-310-x86_64-linux-gnu.so
[0.419s] -- Up-to-date: /home/abhay/microros_ws/install/builtin_interfaces/local/lib/python3.10/dist-packages/builtin_interfaces/_builtin_interfaces_s.ep.rosidl_typesupport_microxrcedds_c.c
[0.419s] -- Up-to-date: /home/abhay/microros_ws/install/builtin_interfaces/local/lib/python3.10/dist-packages/builtin_interfaces/libbuiltin_interfaces__rosidl_generator_py.so
[0.419s] -- Up-to-date: /home/abhay/microros_ws/install/builtin_interfaces/local/lib/python3.10/dist-packages/builtin_interfaces/__init__.py
[0.419s] -- Up-to-date: /home/abhay/microros_ws/install/builtin_interfaces/local/lib/python3.10/dist-packages/builtin_interfaces/_builtin_interfaces_s.ep.rosidl_typesupport_c.c
[0.450s] Listing '/home/abhay/microros_ws/install/builtin_interfaces/local/lib/python3.10/dist-packages/builtin_interfaces'...
[0.451s] Listing '/home/abhay/microros_ws/install/builtin_interfaces/local/lib/python3.10/dist-packages/builtin_interfaces/msg'...
[0.451s] -- Up-to-date: /home/abhay/microros_ws/install/builtin_interfaces/local/lib/python3.10/dist-packages/builtin_interfaces/builtin_interfaces_s__rosidl_typesupport_microxrcedds_c.cpython-310-x86_64-linux-gnu.so
[0.451s] -- Up-to-date: /home/abhay/microros_ws/install/builtin_interfaces/local/lib/python3.10/dist-packages/builtin_interfaces/builtin_interfaces_s__rosidl_typesupport_fastrtps_c.cpython-310-x86_64-linux-gnu.so
[0.451s] -- Up-to-date: /home/abhay/microros_ws/install/builtin_interfaces/local/lib/python3.10/dist-packages/builtin_interfaces/builtin_interfaces_s__rosidl_typesupport_introspection_c.cpython-310-x86_64-linux-gnu.so
[0.451s] -- Up-to-date: /home/abhay/microros_ws/install/builtin_interfaces/local/lib/python3.10/dist-packages/builtin_interfaces/builtin_interfaces_s__rosidl_typesupport_c.cpython-310-x86_64-linux-gnu.so
[0.451s] -- Up-to-date: /home/abhay/microros_ws/install/builtin_interfaces/lib/libbuiltin_interfaces__rosidl_generator_py.so
[0.451s] -- Up-to-date: /home/abhay/microros_ws/install/builtin_interfaces/share/builtin_interfaces/msg/Duration.idl
[0.451s] -- Up-to-date: /home/abhay/microros_ws/install/builtin_interfaces/share/builtin_interfaces/msg/Time.idl
[0.451s] -- Up-to-date: /home/abhay/microros_ws/install/builtin_interfaces/share/builtin_interfaces/msg/Duration.msg
[0.451s] -- Up-to-date: /home/abhay/microros_ws/install/builtin_interfaces/share/builtin_interfaces/msg/Time.msg
[0.451s] -- Up-to-date: /home/abhay/microros_ws/install/builtin_interfaces/share/ament_index/resource_index/package_run_dependencies/builtin_interfaces
[0.451s] -- Up-to-date: /home/abhay/microros_ws/install/builtin_interfaces/share/ament_index/resource_index/parent_prefix_path/builtin_interfaces
[0.452s] -- Up-to-date: /home/abhay/microros_ws/install/builtin_interfaces/share/builtin_interfaces/environment/ament_prefix_path.sh
[0.452s] -- Up-to-date: /home/abhay/microros_ws/install/builtin_interfaces/share/builtin_interfaces/environment/ament_prefix_path.dsv
[0.452s] -- Up-to-date: /home/abhay/microros_ws/install/builtin_interfaces/share/builtin_interfaces/environment/path.sh
[0.452s] -- Up-to-date: /home/abhay/microros_ws/install/builtin_interfaces/share/builtin_interfaces/environment/path.dsv
[0.452s] -- Up-to-date: /home/abhay/microros_ws/install/builtin_interfaces/share/builtin_interfaces/local_setup.bash
[0.452s] -- Up-to-date: /home/abhay/microros_ws/install/builtin_interfaces/share/builtin_interfaces/local_setup.sh
[0.452s] -- Up-to-date: /home/abhay/microros_ws/install/builtin_interfaces/share/builtin_interfaces/local_setup.zsh
[0.452s] -- Up-to-date: /home/abhay/microros_ws/install/builtin_interfaces/share/builtin_interfaces/local_setup.dsv
[0.452s] -- Up-to-date: /home/abhay/microros_ws/install/builtin_interfaces/share/builtin_interfaces/package.dsv
[0.452s] -- Up-to-date: /home/abhay/microros_ws/install/builtin_interfaces/share/ament_index/resource_index/packages/builtin_interfaces
[0.452s] -- Up-to-date: /home/abhay/microros_ws/install/builtin_interfaces/share/builtin_interfaces/cmake/export_builtin_interfaces__rosidl_generator_cExport.cmake
[0.452s] -- Up-to-date: /home/abhay/microros_ws/install/builtin_interfaces/share/builtin_interfaces/cmake/export_builtin_interfaces__rosidl_generator_cExport-noconfig.cmake
[0.452s] -- Up-to-date: /home/abhay/microros_ws/install/builtin_interfaces/share/builtin_interfaces/cmake/export_builtin_interfaces__rosidl_typesupport_fastrtps_cExport.cmake
[0.452s] -- Up-to-date: /home/abhay/microros_ws/install/builtin_interfaces/share/builtin_interfaces/cmake/export_builtin_interfaces__rosidl_typesupport_fastrtps_cExport-noconfig.cmake
[0.452s] -- Up-to-date: /home/abhay/microros_ws/install/builtin_interfaces/share/builtin_interfaces/cmake/builtin_interfaces__rosidl_typesupport_introspection_cExport.cmake
[0.452s] -- Up-to-date: /home/abhay/microros_ws/install/builtin_interfaces/share/builtin_interfaces/cmake/builtin_interfaces__rosidl_typesupport_introspection_cExport-noconfig.cmake
[0.453s] -- Up-to-date: /home/abhay/microros_ws/install/builtin_interfaces/share/builtin_interfaces/cmake/builtin_interfaces__rosidl_typesupport_cExport.cmake
[0.453s] -- Up-to-date: /home/abhay/microros_ws/install/builtin_interfaces/share/builtin_interfaces/cmake/builtin_interfaces__rosidl_typesupport_cExport-noconfig.cmake
[0.453s] -- Up-to-date: /home/abhay/microros_ws/install/builtin_interfaces/share/builtin_interfaces/cmake/export_builtin_interfaces__rosidl_generator_cppExport.cmake
[0.453s] -- Up-to-date: /home/abhay/microros_ws/install/builtin_interfaces/share/builtin_interfaces/cmake/export_builtin_interfaces__rosidl_typesupport_fastrtps_cppExport.cmake
[0.453s] -- Up-to-date: /home/abhay/microros_ws/install/builtin_interfaces/share/builtin_interfaces/cmake/export_builtin_interfaces__rosidl_typesupport_fastrtps_cppExport-noconfig.cmake
[0.453s] -- Up-to-date: /home/abhay/microros_ws/install/builtin_interfaces/share/builtin_interfaces/cmake/builtin_interfaces__rosidl_typesupport_introspection_cppExport.cmake
[0.454s] -- Up-to-date: /home/abhay/microros_ws/install/builtin_interfaces/share/builtin_interfaces/cmake/builtin_interfaces__rosidl_typesupport_introspection_cppExport-noconfig.cmake
[0.454s] -- Up-to-date: /home/abhay/microros_ws/install/builtin_interfaces/share/builtin_interfaces/cmake/builtin_interfaces__rosidl_typesupport_cppExport.cmake
[0.454s] -- Up-to-date: /home/abhay/microros_ws/install/builtin_interfaces/share/builtin_interfaces/cmake/builtin_interfaces__rosidl_typesupport_cppExport-noconfig.cmake
[0.454s] -- Up-to-date: /home/abhay/microros_ws/install/builtin_interfaces/share/builtin_interfaces/cmake/export_builtin_interfaces__rosidl_generator_pyExport.cmake
[0.454s] -- Up-to-date: /home/abhay/microros_ws/install/builtin_interfaces/share/builtin_interfaces/cmake/export_builtin_interfaces__rosidl_generator_pyExport-noconfig.cmake
[0.454s] -- Up-to-date: /home/abhay/microros_ws/install/builtin_interfaces/share/builtin_interfaces/cmake/rosidl_cmake-extras.cmake
[0.454s] -- Up-to-date: /home/abhay/microros_ws/install/builtin_interfaces/share/builtin_interfaces/cmake/ament_cmake_export_include_directories-extras.cmake
[0.454s] -- Up-to-date: /home/abhay/microros_ws/install/builtin_interfaces/share/builtin_interfaces/cmake/ament_cmake_export_libraries-extras.cmake
[0.454s] -- Up-to-date: /home/abhay/microros_ws/install/builtin_interfaces/share/builtin_interfaces/cmake/ament_cmake_export_targets-extras.cmake
[0.454s] -- Up-to-date: /home/abhay/microros_ws/install/builtin_interfaces/share/builtin_interfaces/cmake/rosidl_cmake_export_typesupport_targets-extras.cmake
[0.454s] -- Up-to-date: /home/abhay/microros_ws/install/builtin_interfaces/share/builtin_interfaces/cmake/ament_cmake_export_dependencies-extras.cmake
[0.454s] -- Up-to-date: /home/abhay/microros_ws/install/builtin_interfaces/share/builtin_interfaces/cmake/rosidl_cmake_export_typesupport_libraries-extras.cmake
[0.454s] -- Up-to-date: /home/abhay/microros_ws/install/builtin_interfaces/share/builtin_interfaces/cmake/builtin_interfacesConfig.cmake
[0.454s] -- Up-to-date: /home/abhay/microros_ws/install/builtin_interfaces/share/builtin_interfaces/cmake/builtin_interfacesConfig-version.cmake
[0.454s] -- Up-to-date: /home/abhay/microros_ws/install/builtin_interfaces/share/builtin_interfaces/package.xml
[0.454s] Invoked command in '/home/abhay/microros_ws/build/builtin_interfaces' returned '0': CMAKE_PREFIX_PATH=${CMAKE_PREFIX_PATH}:/home/abhay/microros_ws/install/sensor_msgs_py:/home/abhay/ros2_ws/install/py_srvcli:/home/abhay/ros2_ws/install/my_robot_controller:/opt/ros/humble /usr/bin/cmake --install /home/abhay/microros_ws/build/builtin_interfaces
