[0.024s] Invoking command in '/home/abhay/microros_ws/build/nav_msgs': CMAKE_PREFIX_PATH=/home/abhay/microros_ws/install/geometry_msgs:/home/abhay/microros_ws/install/std_msgs:/home/abhay/microros_ws/install/builtin_interfaces:/home/abhay/microros_ws/install/micro_ros_demos_rclc:/home/abhay/microros_ws/install/common_interfaces:/home/abhay/microros_ws/install/visualization_msgs:/home/abhay/microros_ws/install/test_msgs:/home/abhay/microros_ws/install/example_interfaces:/home/abhay/microros_ws/install/action_msgs:/home/abhay/microros_ws/install/unique_identifier_msgs:/home/abhay/microros_ws/install/trajectory_msgs:/home/abhay/microros_ws/install/stereo_msgs:/home/abhay/microros_ws/install/std_srvs:/home/abhay/microros_ws/install/shape_msgs:/home/abhay/microros_ws/install/sensor_msgs:/home/abhay/microros_ws/install/nav_msgs:/home/abhay/microros_ws/install/diagnostic_msgs:/home/abhay/microros_ws/install/actionlib_msgs:/home/abhay/microros_ws/install/statistics_msgs:/home/abhay/microros_ws/install/rosidl_typesupport_microxrcedds_test_msg:/home/abhay/microros_ws/install/rosidl_typesupport_microxrcedds_cpp_tests:/home/abhay/microros_ws/install/rmw_microxrcedds:/home/abhay/microros_ws/install/rosidl_typesupport_microxrcedds_cpp:/home/abhay/microros_ws/install/rosidl_typesupport_microxrcedds_c_tests:/home/abhay/microros_ws/install/rosidl_typesupport_microxrcedds_c:/home/abhay/microros_ws/install/rosgraph_msgs:/home/abhay/microros_ws/install/rclc_parameter:/home/abhay/microros_ws/install/rclc:/home/abhay/microros_ws/install/composition_interfaces:/home/abhay/microros_ws/install/rcl_interfaces:/home/abhay/microros_ws/install/microxrcedds_client:/home/abhay/microros_ws/install/microcdr:/home/abhay/microros_ws/install/micro_ros_utilities:/home/abhay/microros_ws/install/micro_ros_msgs:/home/abhay/microros_ws/install/lifecycle_msgs:/home/abhay/microros_ws/install/complex_msgs:/home/abhay/microros_ws/install/micro_ros_setup:/home/abhay/microros_ws/install/sensor_msgs_py:/home/abhay/ros2_ws/install/py_srvcli:/home/abhay/ros2_ws/install/my_robot_controller:/opt/ros/humble LD_LIBRARY_PATH=/home/abhay/microros_ws/install/geometry_msgs/lib:/home/abhay/microros_ws/install/std_msgs/lib:/home/abhay/microros_ws/install/builtin_interfaces/lib:/home/abhay/microros_ws/install/visualization_msgs/lib:/home/abhay/microros_ws/install/test_msgs/lib:/home/abhay/microros_ws/install/example_interfaces/lib:/home/abhay/microros_ws/install/action_msgs/lib:/home/abhay/microros_ws/install/unique_identifier_msgs/lib:/home/abhay/microros_ws/install/trajectory_msgs/lib:/home/abhay/microros_ws/install/stereo_msgs/lib:/home/abhay/microros_ws/install/std_srvs/lib:/home/abhay/microros_ws/install/shape_msgs/lib:/home/abhay/microros_ws/install/sensor_msgs/lib:/home/abhay/microros_ws/install/nav_msgs/lib:/home/abhay/microros_ws/install/diagnostic_msgs/lib:/home/abhay/microros_ws/install/actionlib_msgs/lib:/home/abhay/microros_ws/install/statistics_msgs/lib:/home/abhay/microros_ws/install/rmw_microxrcedds/lib:/home/abhay/microros_ws/install/rosidl_typesupport_microxrcedds_cpp/lib:/home/abhay/microros_ws/install/rosidl_typesupport_microxrcedds_c/lib:/home/abhay/microros_ws/install/rosgraph_msgs/lib:/home/abhay/microros_ws/install/rclc_parameter/lib:/home/abhay/microros_ws/install/rclc/lib:/home/abhay/microros_ws/install/composition_interfaces/lib:/home/abhay/microros_ws/install/rcl_interfaces/lib:/home/abhay/microros_ws/install/microxrcedds_client/lib:/home/abhay/microros_ws/install/microcdr/lib:/home/abhay/microros_ws/install/micro_ros_utilities/lib:/home/abhay/microros_ws/install/micro_ros_msgs/lib:/home/abhay/microros_ws/install/lifecycle_msgs/lib:/home/abhay/microros_ws/install/complex_msgs/lib:/opt/ros/humble/opt/rviz_ogre_vendor/lib:/opt/ros/humble/lib/x86_64-linux-gnu:/opt/ros/humble/lib /usr/bin/cmake --build /home/abhay/microros_ws/build/nav_msgs -- -j16 -l16
[0.069s] [35m[1mConsolidate compiler generated dependencies of target nav_msgs__rosidl_generator_c[0m
[0.080s] [  0%] Built target nav_msgs__cpp
[0.089s] [  9%] Built target nav_msgs__rosidl_generator_c
[0.109s] [35m[1mConsolidate compiler generated dependencies of target nav_msgs__rosidl_typesupport_cpp[0m
[0.112s] [35m[1mConsolidate compiler generated dependencies of target nav_msgs__rosidl_typesupport_microxrcedds_c[0m
[0.113s] [35m[1mConsolidate compiler generated dependencies of target nav_msgs__rosidl_typesupport_fastrtps_cpp[0m
[0.117s] [  9%] Built target ament_cmake_python_copy_nav_msgs
[0.119s] [35m[1mConsolidate compiler generated dependencies of target nav_msgs__rosidl_typesupport_c[0m
[0.130s] [35m[1mConsolidate compiler generated dependencies of target nav_msgs__rosidl_typesupport_introspection_c[0m
[0.132s] [ 19%] Built target nav_msgs__rosidl_typesupport_microxrcedds_c
[0.133s] [35m[1mConsolidate compiler generated dependencies of target nav_msgs__rosidl_typesupport_introspection_cpp[0m
[0.151s] [35m[1mConsolidate compiler generated dependencies of target nav_msgs__rosidl_typesupport_fastrtps_c[0m
[0.157s] [35m[1mConsolidate compiler generated dependencies of target nav_msgs__rosidl_typesupport_microxrcedds_cpp[0m
[0.157s] [ 28%] Built target nav_msgs__rosidl_typesupport_cpp
[0.166s] [ 37%] Built target nav_msgs__rosidl_typesupport_fastrtps_cpp
[0.180s] [ 46%] Built target nav_msgs__rosidl_typesupport_c
[0.191s] [ 55%] Built target nav_msgs__rosidl_typesupport_introspection_c
[0.193s] [ 64%] Built target nav_msgs__rosidl_typesupport_introspection_cpp
[0.211s] [ 74%] Built target nav_msgs__rosidl_typesupport_microxrcedds_cpp
[0.216s] [ 83%] Built target nav_msgs__rosidl_typesupport_fastrtps_c
[0.245s] [ 83%] Built target nav_msgs
[0.278s] [ 84%] Built target nav_msgs__py
[0.297s] [35m[1mConsolidate compiler generated dependencies of target nav_msgs__rosidl_generator_py[0m
[0.324s] [ 93%] Built target nav_msgs__rosidl_generator_py
[0.340s] [35m[1mConsolidate compiler generated dependencies of target nav_msgs__rosidl_typesupport_c__pyext[0m
[0.341s] [35m[1mConsolidate compiler generated dependencies of target nav_msgs__rosidl_typesupport_fastrtps_c__pyext[0m
[0.341s] [35m[1mConsolidate compiler generated dependencies of target nav_msgs__rosidl_typesupport_microxrcedds_c__pyext[0m
[0.344s] [35m[1mConsolidate compiler generated dependencies of target nav_msgs__rosidl_typesupport_introspection_c__pyext[0m
[0.360s] [ 95%] Built target nav_msgs__rosidl_typesupport_c__pyext
[0.362s] [ 97%] Built target nav_msgs__rosidl_typesupport_microxrcedds_c__pyext
[0.362s] [ 98%] Built target nav_msgs__rosidl_typesupport_fastrtps_c__pyext
[0.364s] [100%] Built target nav_msgs__rosidl_typesupport_introspection_c__pyext
[0.497s] running egg_info
[0.498s] writing nav_msgs.egg-info/PKG-INFO
[0.498s] writing dependency_links to nav_msgs.egg-info/dependency_links.txt
[0.498s] writing top-level names to nav_msgs.egg-info/top_level.txt
[0.501s] reading manifest file 'nav_msgs.egg-info/SOURCES.txt'
[0.501s] writing manifest file 'nav_msgs.egg-info/SOURCES.txt'
[0.531s] [100%] Built target ament_cmake_python_build_nav_msgs_egg
[0.544s] Invoked command in '/home/abhay/microros_ws/build/nav_msgs' returned '0': CMAKE_PREFIX_PATH=/home/abhay/microros_ws/install/geometry_msgs:/home/abhay/microros_ws/install/std_msgs:/home/abhay/microros_ws/install/builtin_interfaces:/home/abhay/microros_ws/install/micro_ros_demos_rclc:/home/abhay/microros_ws/install/common_interfaces:/home/abhay/microros_ws/install/visualization_msgs:/home/abhay/microros_ws/install/test_msgs:/home/abhay/microros_ws/install/example_interfaces:/home/abhay/microros_ws/install/action_msgs:/home/abhay/microros_ws/install/unique_identifier_msgs:/home/abhay/microros_ws/install/trajectory_msgs:/home/abhay/microros_ws/install/stereo_msgs:/home/abhay/microros_ws/install/std_srvs:/home/abhay/microros_ws/install/shape_msgs:/home/abhay/microros_ws/install/sensor_msgs:/home/abhay/microros_ws/install/nav_msgs:/home/abhay/microros_ws/install/diagnostic_msgs:/home/abhay/microros_ws/install/actionlib_msgs:/home/abhay/microros_ws/install/statistics_msgs:/home/abhay/microros_ws/install/rosidl_typesupport_microxrcedds_test_msg:/home/abhay/microros_ws/install/rosidl_typesupport_microxrcedds_cpp_tests:/home/abhay/microros_ws/install/rmw_microxrcedds:/home/abhay/microros_ws/install/rosidl_typesupport_microxrcedds_cpp:/home/abhay/microros_ws/install/rosidl_typesupport_microxrcedds_c_tests:/home/abhay/microros_ws/install/rosidl_typesupport_microxrcedds_c:/home/abhay/microros_ws/install/rosgraph_msgs:/home/abhay/microros_ws/install/rclc_parameter:/home/abhay/microros_ws/install/rclc:/home/abhay/microros_ws/install/composition_interfaces:/home/abhay/microros_ws/install/rcl_interfaces:/home/abhay/microros_ws/install/microxrcedds_client:/home/abhay/microros_ws/install/microcdr:/home/abhay/microros_ws/install/micro_ros_utilities:/home/abhay/microros_ws/install/micro_ros_msgs:/home/abhay/microros_ws/install/lifecycle_msgs:/home/abhay/microros_ws/install/complex_msgs:/home/abhay/microros_ws/install/micro_ros_setup:/home/abhay/microros_ws/install/sensor_msgs_py:/home/abhay/ros2_ws/install/py_srvcli:/home/abhay/ros2_ws/install/my_robot_controller:/opt/ros/humble LD_LIBRARY_PATH=/home/abhay/microros_ws/install/geometry_msgs/lib:/home/abhay/microros_ws/install/std_msgs/lib:/home/abhay/microros_ws/install/builtin_interfaces/lib:/home/abhay/microros_ws/install/visualization_msgs/lib:/home/abhay/microros_ws/install/test_msgs/lib:/home/abhay/microros_ws/install/example_interfaces/lib:/home/abhay/microros_ws/install/action_msgs/lib:/home/abhay/microros_ws/install/unique_identifier_msgs/lib:/home/abhay/microros_ws/install/trajectory_msgs/lib:/home/abhay/microros_ws/install/stereo_msgs/lib:/home/abhay/microros_ws/install/std_srvs/lib:/home/abhay/microros_ws/install/shape_msgs/lib:/home/abhay/microros_ws/install/sensor_msgs/lib:/home/abhay/microros_ws/install/nav_msgs/lib:/home/abhay/microros_ws/install/diagnostic_msgs/lib:/home/abhay/microros_ws/install/actionlib_msgs/lib:/home/abhay/microros_ws/install/statistics_msgs/lib:/home/abhay/microros_ws/install/rmw_microxrcedds/lib:/home/abhay/microros_ws/install/rosidl_typesupport_microxrcedds_cpp/lib:/home/abhay/microros_ws/install/rosidl_typesupport_microxrcedds_c/lib:/home/abhay/microros_ws/install/rosgraph_msgs/lib:/home/abhay/microros_ws/install/rclc_parameter/lib:/home/abhay/microros_ws/install/rclc/lib:/home/abhay/microros_ws/install/composition_interfaces/lib:/home/abhay/microros_ws/install/rcl_interfaces/lib:/home/abhay/microros_ws/install/microxrcedds_client/lib:/home/abhay/microros_ws/install/microcdr/lib:/home/abhay/microros_ws/install/micro_ros_utilities/lib:/home/abhay/microros_ws/install/micro_ros_msgs/lib:/home/abhay/microros_ws/install/lifecycle_msgs/lib:/home/abhay/microros_ws/install/complex_msgs/lib:/opt/ros/humble/opt/rviz_ogre_vendor/lib:/opt/ros/humble/lib/x86_64-linux-gnu:/opt/ros/humble/lib /usr/bin/cmake --build /home/abhay/microros_ws/build/nav_msgs -- -j16 -l16
[0.865s] Invoking command in '/home/abhay/microros_ws/build/nav_msgs': CMAKE_PREFIX_PATH=/home/abhay/microros_ws/install/geometry_msgs:/home/abhay/microros_ws/install/std_msgs:/home/abhay/microros_ws/install/builtin_interfaces:/home/abhay/microros_ws/install/micro_ros_demos_rclc:/home/abhay/microros_ws/install/common_interfaces:/home/abhay/microros_ws/install/visualization_msgs:/home/abhay/microros_ws/install/test_msgs:/home/abhay/microros_ws/install/example_interfaces:/home/abhay/microros_ws/install/action_msgs:/home/abhay/microros_ws/install/unique_identifier_msgs:/home/abhay/microros_ws/install/trajectory_msgs:/home/abhay/microros_ws/install/stereo_msgs:/home/abhay/microros_ws/install/std_srvs:/home/abhay/microros_ws/install/shape_msgs:/home/abhay/microros_ws/install/sensor_msgs:/home/abhay/microros_ws/install/nav_msgs:/home/abhay/microros_ws/install/diagnostic_msgs:/home/abhay/microros_ws/install/actionlib_msgs:/home/abhay/microros_ws/install/statistics_msgs:/home/abhay/microros_ws/install/rosidl_typesupport_microxrcedds_test_msg:/home/abhay/microros_ws/install/rosidl_typesupport_microxrcedds_cpp_tests:/home/abhay/microros_ws/install/rmw_microxrcedds:/home/abhay/microros_ws/install/rosidl_typesupport_microxrcedds_cpp:/home/abhay/microros_ws/install/rosidl_typesupport_microxrcedds_c_tests:/home/abhay/microros_ws/install/rosidl_typesupport_microxrcedds_c:/home/abhay/microros_ws/install/rosgraph_msgs:/home/abhay/microros_ws/install/rclc_parameter:/home/abhay/microros_ws/install/rclc:/home/abhay/microros_ws/install/composition_interfaces:/home/abhay/microros_ws/install/rcl_interfaces:/home/abhay/microros_ws/install/microxrcedds_client:/home/abhay/microros_ws/install/microcdr:/home/abhay/microros_ws/install/micro_ros_utilities:/home/abhay/microros_ws/install/micro_ros_msgs:/home/abhay/microros_ws/install/lifecycle_msgs:/home/abhay/microros_ws/install/complex_msgs:/home/abhay/microros_ws/install/micro_ros_setup:/home/abhay/microros_ws/install/sensor_msgs_py:/home/abhay/ros2_ws/install/py_srvcli:/home/abhay/ros2_ws/install/my_robot_controller:/opt/ros/humble LD_LIBRARY_PATH=/home/abhay/microros_ws/install/geometry_msgs/lib:/home/abhay/microros_ws/install/std_msgs/lib:/home/abhay/microros_ws/install/builtin_interfaces/lib:/home/abhay/microros_ws/install/visualization_msgs/lib:/home/abhay/microros_ws/install/test_msgs/lib:/home/abhay/microros_ws/install/example_interfaces/lib:/home/abhay/microros_ws/install/action_msgs/lib:/home/abhay/microros_ws/install/unique_identifier_msgs/lib:/home/abhay/microros_ws/install/trajectory_msgs/lib:/home/abhay/microros_ws/install/stereo_msgs/lib:/home/abhay/microros_ws/install/std_srvs/lib:/home/abhay/microros_ws/install/shape_msgs/lib:/home/abhay/microros_ws/install/sensor_msgs/lib:/home/abhay/microros_ws/install/nav_msgs/lib:/home/abhay/microros_ws/install/diagnostic_msgs/lib:/home/abhay/microros_ws/install/actionlib_msgs/lib:/home/abhay/microros_ws/install/statistics_msgs/lib:/home/abhay/microros_ws/install/rmw_microxrcedds/lib:/home/abhay/microros_ws/install/rosidl_typesupport_microxrcedds_cpp/lib:/home/abhay/microros_ws/install/rosidl_typesupport_microxrcedds_c/lib:/home/abhay/microros_ws/install/rosgraph_msgs/lib:/home/abhay/microros_ws/install/rclc_parameter/lib:/home/abhay/microros_ws/install/rclc/lib:/home/abhay/microros_ws/install/composition_interfaces/lib:/home/abhay/microros_ws/install/rcl_interfaces/lib:/home/abhay/microros_ws/install/microxrcedds_client/lib:/home/abhay/microros_ws/install/microcdr/lib:/home/abhay/microros_ws/install/micro_ros_utilities/lib:/home/abhay/microros_ws/install/micro_ros_msgs/lib:/home/abhay/microros_ws/install/lifecycle_msgs/lib:/home/abhay/microros_ws/install/complex_msgs/lib:/opt/ros/humble/opt/rviz_ogre_vendor/lib:/opt/ros/humble/lib/x86_64-linux-gnu:/opt/ros/humble/lib /usr/bin/cmake --install /home/abhay/microros_ws/build/nav_msgs
[0.875s] -- Install configuration: ""
[0.876s] -- Up-to-date: /home/abhay/microros_ws/install/nav_msgs/share/ament_index/resource_index/rosidl_interfaces/nav_msgs
[0.876s] -- Up-to-date: /home/abhay/microros_ws/install/nav_msgs/include/nav_msgs/nav_msgs
[0.876s] -- Up-to-date: /home/abhay/microros_ws/install/nav_msgs/include/nav_msgs/nav_msgs/msg
[0.876s] -- Up-to-date: /home/abhay/microros_ws/install/nav_msgs/include/nav_msgs/nav_msgs/msg/occupancy_grid.h
[0.876s] -- Up-to-date: /home/abhay/microros_ws/install/nav_msgs/include/nav_msgs/nav_msgs/msg/rosidl_generator_c__visibility_control.h
[0.876s] -- Up-to-date: /home/abhay/microros_ws/install/nav_msgs/include/nav_msgs/nav_msgs/msg/detail
[0.876s] -- Up-to-date: /home/abhay/microros_ws/install/nav_msgs/include/nav_msgs/nav_msgs/msg/detail/path__type_support.h
[0.876s] -- Up-to-date: /home/abhay/microros_ws/install/nav_msgs/include/nav_msgs/nav_msgs/msg/detail/occupancy_grid__type_support.h
[0.876s] -- Up-to-date: /home/abhay/microros_ws/install/nav_msgs/include/nav_msgs/nav_msgs/msg/detail/map_meta_data__struct.h
[0.876s] -- Up-to-date: /home/abhay/microros_ws/install/nav_msgs/include/nav_msgs/nav_msgs/msg/detail/grid_cells__functions.c
[0.876s] -- Up-to-date: /home/abhay/microros_ws/install/nav_msgs/include/nav_msgs/nav_msgs/msg/detail/map_meta_data__functions.c
[0.877s] -- Up-to-date: /home/abhay/microros_ws/install/nav_msgs/include/nav_msgs/nav_msgs/msg/detail/occupancy_grid__functions.h
[0.877s] -- Up-to-date: /home/abhay/microros_ws/install/nav_msgs/include/nav_msgs/nav_msgs/msg/detail/grid_cells__functions.h
[0.877s] -- Up-to-date: /home/abhay/microros_ws/install/nav_msgs/include/nav_msgs/nav_msgs/msg/detail/odometry__functions.c
[0.878s] -- Up-to-date: /home/abhay/microros_ws/install/nav_msgs/include/nav_msgs/nav_msgs/msg/detail/path__functions.c
[0.878s] -- Up-to-date: /home/abhay/microros_ws/install/nav_msgs/include/nav_msgs/nav_msgs/msg/detail/map_meta_data__type_support.h
[0.878s] -- Up-to-date: /home/abhay/microros_ws/install/nav_msgs/include/nav_msgs/nav_msgs/msg/detail/map_meta_data__functions.h
[0.878s] -- Up-to-date: /home/abhay/microros_ws/install/nav_msgs/include/nav_msgs/nav_msgs/msg/detail/path__functions.h
[0.878s] -- Up-to-date: /home/abhay/microros_ws/install/nav_msgs/include/nav_msgs/nav_msgs/msg/detail/grid_cells__struct.h
[0.878s] -- Up-to-date: /home/abhay/microros_ws/install/nav_msgs/include/nav_msgs/nav_msgs/msg/detail/odometry__type_support.h
[0.878s] -- Up-to-date: /home/abhay/microros_ws/install/nav_msgs/include/nav_msgs/nav_msgs/msg/detail/grid_cells__type_support.h
[0.878s] -- Up-to-date: /home/abhay/microros_ws/install/nav_msgs/include/nav_msgs/nav_msgs/msg/detail/occupancy_grid__functions.c
[0.878s] -- Up-to-date: /home/abhay/microros_ws/install/nav_msgs/include/nav_msgs/nav_msgs/msg/detail/odometry__functions.h
[0.878s] -- Up-to-date: /home/abhay/microros_ws/install/nav_msgs/include/nav_msgs/nav_msgs/msg/detail/path__struct.h
[0.879s] -- Up-to-date: /home/abhay/microros_ws/install/nav_msgs/include/nav_msgs/nav_msgs/msg/detail/odometry__struct.h
[0.879s] -- Up-to-date: /home/abhay/microros_ws/install/nav_msgs/include/nav_msgs/nav_msgs/msg/detail/occupancy_grid__struct.h
[0.879s] -- Up-to-date: /home/abhay/microros_ws/install/nav_msgs/include/nav_msgs/nav_msgs/msg/map_meta_data.h
[0.879s] -- Up-to-date: /home/abhay/microros_ws/install/nav_msgs/include/nav_msgs/nav_msgs/msg/grid_cells.h
[0.879s] -- Up-to-date: /home/abhay/microros_ws/install/nav_msgs/include/nav_msgs/nav_msgs/msg/odometry.h
[0.879s] -- Up-to-date: /home/abhay/microros_ws/install/nav_msgs/include/nav_msgs/nav_msgs/msg/path.h
[0.879s] -- Up-to-date: /home/abhay/microros_ws/install/nav_msgs/include/nav_msgs/nav_msgs/srv
[0.879s] -- Up-to-date: /home/abhay/microros_ws/install/nav_msgs/include/nav_msgs/nav_msgs/srv/detail
[0.879s] -- Up-to-date: /home/abhay/microros_ws/install/nav_msgs/include/nav_msgs/nav_msgs/srv/detail/get_plan__functions.c
[0.879s] -- Up-to-date: /home/abhay/microros_ws/install/nav_msgs/include/nav_msgs/nav_msgs/srv/detail/set_map__struct.h
[0.879s] -- Up-to-date: /home/abhay/microros_ws/install/nav_msgs/include/nav_msgs/nav_msgs/srv/detail/get_plan__functions.h
[0.879s] -- Up-to-date: /home/abhay/microros_ws/install/nav_msgs/include/nav_msgs/nav_msgs/srv/detail/load_map__functions.c
[0.880s] -- Up-to-date: /home/abhay/microros_ws/install/nav_msgs/include/nav_msgs/nav_msgs/srv/detail/get_map__functions.c
[0.880s] -- Up-to-date: /home/abhay/microros_ws/install/nav_msgs/include/nav_msgs/nav_msgs/srv/detail/get_plan__type_support.h
[0.880s] -- Up-to-date: /home/abhay/microros_ws/install/nav_msgs/include/nav_msgs/nav_msgs/srv/detail/get_plan__struct.h
[0.880s] -- Up-to-date: /home/abhay/microros_ws/install/nav_msgs/include/nav_msgs/nav_msgs/srv/detail/load_map__functions.h
[0.880s] -- Up-to-date: /home/abhay/microros_ws/install/nav_msgs/include/nav_msgs/nav_msgs/srv/detail/get_map__struct.h
[0.880s] -- Up-to-date: /home/abhay/microros_ws/install/nav_msgs/include/nav_msgs/nav_msgs/srv/detail/set_map__functions.h
[0.880s] -- Up-to-date: /home/abhay/microros_ws/install/nav_msgs/include/nav_msgs/nav_msgs/srv/detail/get_map__functions.h
[0.880s] -- Up-to-date: /home/abhay/microros_ws/install/nav_msgs/include/nav_msgs/nav_msgs/srv/detail/load_map__struct.h
[0.881s] -- Up-to-date: /home/abhay/microros_ws/install/nav_msgs/include/nav_msgs/nav_msgs/srv/detail/load_map__type_support.h
[0.881s] -- Up-to-date: /home/abhay/microros_ws/install/nav_msgs/include/nav_msgs/nav_msgs/srv/detail/get_map__type_support.h
[0.881s] -- Up-to-date: /home/abhay/microros_ws/install/nav_msgs/include/nav_msgs/nav_msgs/srv/detail/set_map__type_support.h
[0.881s] -- Up-to-date: /home/abhay/microros_ws/install/nav_msgs/include/nav_msgs/nav_msgs/srv/detail/set_map__functions.c
[0.881s] -- Up-to-date: /home/abhay/microros_ws/install/nav_msgs/include/nav_msgs/nav_msgs/srv/get_plan.h
[0.881s] -- Up-to-date: /home/abhay/microros_ws/install/nav_msgs/include/nav_msgs/nav_msgs/srv/set_map.h
[0.881s] -- Up-to-date: /home/abhay/microros_ws/install/nav_msgs/include/nav_msgs/nav_msgs/srv/load_map.h
[0.881s] -- Up-to-date: /home/abhay/microros_ws/install/nav_msgs/include/nav_msgs/nav_msgs/srv/get_map.h
[0.881s] -- Up-to-date: /home/abhay/microros_ws/install/nav_msgs/share/nav_msgs/environment/library_path.sh
[0.881s] -- Up-to-date: /home/abhay/microros_ws/install/nav_msgs/share/nav_msgs/environment/library_path.dsv
[0.881s] -- Up-to-date: /home/abhay/microros_ws/install/nav_msgs/lib/libnav_msgs__rosidl_generator_c.so
[0.882s] -- Up-to-date: /home/abhay/microros_ws/install/nav_msgs/include/nav_msgs/nav_msgs
[0.882s] -- Up-to-date: /home/abhay/microros_ws/install/nav_msgs/include/nav_msgs/nav_msgs/msg
[0.882s] -- Up-to-date: /home/abhay/microros_ws/install/nav_msgs/include/nav_msgs/nav_msgs/msg/detail
[0.882s] -- Up-to-date: /home/abhay/microros_ws/install/nav_msgs/include/nav_msgs/nav_msgs/msg/detail/occupancy_grid__rosidl_typesupport_fastrtps_c.h
[0.882s] -- Up-to-date: /home/abhay/microros_ws/install/nav_msgs/include/nav_msgs/nav_msgs/msg/detail/odometry__rosidl_typesupport_fastrtps_c.h
[0.882s] -- Up-to-date: /home/abhay/microros_ws/install/nav_msgs/include/nav_msgs/nav_msgs/msg/detail/map_meta_data__rosidl_typesupport_fastrtps_c.h
[0.882s] -- Up-to-date: /home/abhay/microros_ws/install/nav_msgs/include/nav_msgs/nav_msgs/msg/detail/grid_cells__rosidl_typesupport_fastrtps_c.h
[0.882s] -- Up-to-date: /home/abhay/microros_ws/install/nav_msgs/include/nav_msgs/nav_msgs/msg/detail/path__rosidl_typesupport_fastrtps_c.h
[0.882s] -- Up-to-date: /home/abhay/microros_ws/install/nav_msgs/include/nav_msgs/nav_msgs/msg/rosidl_typesupport_fastrtps_c__visibility_control.h
[0.882s] -- Up-to-date: /home/abhay/microros_ws/install/nav_msgs/include/nav_msgs/nav_msgs/srv
[0.882s] -- Up-to-date: /home/abhay/microros_ws/install/nav_msgs/include/nav_msgs/nav_msgs/srv/detail
[0.882s] -- Up-to-date: /home/abhay/microros_ws/install/nav_msgs/include/nav_msgs/nav_msgs/srv/detail/set_map__rosidl_typesupport_fastrtps_c.h
[0.883s] -- Up-to-date: /home/abhay/microros_ws/install/nav_msgs/include/nav_msgs/nav_msgs/srv/detail/get_map__rosidl_typesupport_fastrtps_c.h
[0.883s] -- Up-to-date: /home/abhay/microros_ws/install/nav_msgs/include/nav_msgs/nav_msgs/srv/detail/get_plan__rosidl_typesupport_fastrtps_c.h
[0.883s] -- Up-to-date: /home/abhay/microros_ws/install/nav_msgs/include/nav_msgs/nav_msgs/srv/detail/load_map__rosidl_typesupport_fastrtps_c.h
[0.883s] -- Up-to-date: /home/abhay/microros_ws/install/nav_msgs/lib/libnav_msgs__rosidl_typesupport_fastrtps_c.so
[0.883s] -- Up-to-date: /home/abhay/microros_ws/install/nav_msgs/include/nav_msgs/nav_msgs
[0.883s] -- Up-to-date: /home/abhay/microros_ws/install/nav_msgs/include/nav_msgs/nav_msgs/msg
[0.883s] -- Up-to-date: /home/abhay/microros_ws/install/nav_msgs/include/nav_msgs/nav_msgs/msg/detail
[0.883s] -- Up-to-date: /home/abhay/microros_ws/install/nav_msgs/include/nav_msgs/nav_msgs/msg/detail/occupancy_grid__struct.hpp
[0.883s] -- Up-to-date: /home/abhay/microros_ws/install/nav_msgs/include/nav_msgs/nav_msgs/msg/detail/odometry__builder.hpp
[0.883s] -- Up-to-date: /home/abhay/microros_ws/install/nav_msgs/include/nav_msgs/nav_msgs/msg/detail/map_meta_data__traits.hpp
[0.883s] -- Up-to-date: /home/abhay/microros_ws/install/nav_msgs/include/nav_msgs/nav_msgs/msg/detail/grid_cells__struct.hpp
[0.883s] -- Up-to-date: /home/abhay/microros_ws/install/nav_msgs/include/nav_msgs/nav_msgs/msg/detail/map_meta_data__builder.hpp
[0.884s] -- Up-to-date: /home/abhay/microros_ws/install/nav_msgs/include/nav_msgs/nav_msgs/msg/detail/path__builder.hpp
[0.884s] -- Up-to-date: /home/abhay/microros_ws/install/nav_msgs/include/nav_msgs/nav_msgs/msg/detail/odometry__traits.hpp
[0.884s] -- Up-to-date: /home/abhay/microros_ws/install/nav_msgs/include/nav_msgs/nav_msgs/msg/detail/path__traits.hpp
[0.884s] -- Up-to-date: /home/abhay/microros_ws/install/nav_msgs/include/nav_msgs/nav_msgs/msg/detail/occupancy_grid__builder.hpp
[0.884s] -- Up-to-date: /home/abhay/microros_ws/install/nav_msgs/include/nav_msgs/nav_msgs/msg/detail/occupancy_grid__traits.hpp
[0.884s] -- Up-to-date: /home/abhay/microros_ws/install/nav_msgs/include/nav_msgs/nav_msgs/msg/detail/odometry__struct.hpp
[0.884s] -- Up-to-date: /home/abhay/microros_ws/install/nav_msgs/include/nav_msgs/nav_msgs/msg/detail/path__struct.hpp
[0.884s] -- Up-to-date: /home/abhay/microros_ws/install/nav_msgs/include/nav_msgs/nav_msgs/msg/detail/map_meta_data__struct.hpp
[0.884s] -- Up-to-date: /home/abhay/microros_ws/install/nav_msgs/include/nav_msgs/nav_msgs/msg/detail/grid_cells__traits.hpp
[0.884s] -- Up-to-date: /home/abhay/microros_ws/install/nav_msgs/include/nav_msgs/nav_msgs/msg/detail/grid_cells__builder.hpp
[0.885s] -- Up-to-date: /home/abhay/microros_ws/install/nav_msgs/include/nav_msgs/nav_msgs/msg/map_meta_data.hpp
[0.885s] -- Up-to-date: /home/abhay/microros_ws/install/nav_msgs/include/nav_msgs/nav_msgs/msg/odometry.hpp
[0.885s] -- Up-to-date: /home/abhay/microros_ws/install/nav_msgs/include/nav_msgs/nav_msgs/msg/path.hpp
[0.885s] -- Up-to-date: /home/abhay/microros_ws/install/nav_msgs/include/nav_msgs/nav_msgs/msg/grid_cells.hpp
[0.885s] -- Up-to-date: /home/abhay/microros_ws/install/nav_msgs/include/nav_msgs/nav_msgs/msg/occupancy_grid.hpp
[0.885s] -- Up-to-date: /home/abhay/microros_ws/install/nav_msgs/include/nav_msgs/nav_msgs/srv
[0.885s] -- Up-to-date: /home/abhay/microros_ws/install/nav_msgs/include/nav_msgs/nav_msgs/srv/detail
[0.885s] -- Up-to-date: /home/abhay/microros_ws/install/nav_msgs/include/nav_msgs/nav_msgs/srv/detail/set_map__builder.hpp
[0.885s] -- Up-to-date: /home/abhay/microros_ws/install/nav_msgs/include/nav_msgs/nav_msgs/srv/detail/set_map__traits.hpp
[0.885s] -- Up-to-date: /home/abhay/microros_ws/install/nav_msgs/include/nav_msgs/nav_msgs/srv/detail/get_map__traits.hpp
[0.885s] -- Up-to-date: /home/abhay/microros_ws/install/nav_msgs/include/nav_msgs/nav_msgs/srv/detail/get_plan__traits.hpp
[0.886s] -- Up-to-date: /home/abhay/microros_ws/install/nav_msgs/include/nav_msgs/nav_msgs/srv/detail/get_map__struct.hpp
[0.886s] -- Up-to-date: /home/abhay/microros_ws/install/nav_msgs/include/nav_msgs/nav_msgs/srv/detail/set_map__struct.hpp
[0.886s] -- Up-to-date: /home/abhay/microros_ws/install/nav_msgs/include/nav_msgs/nav_msgs/srv/detail/load_map__struct.hpp
[0.886s] -- Up-to-date: /home/abhay/microros_ws/install/nav_msgs/include/nav_msgs/nav_msgs/srv/detail/load_map__traits.hpp
[0.886s] -- Up-to-date: /home/abhay/microros_ws/install/nav_msgs/include/nav_msgs/nav_msgs/srv/detail/get_map__builder.hpp
[0.886s] -- Up-to-date: /home/abhay/microros_ws/install/nav_msgs/include/nav_msgs/nav_msgs/srv/detail/load_map__builder.hpp
[0.886s] -- Up-to-date: /home/abhay/microros_ws/install/nav_msgs/include/nav_msgs/nav_msgs/srv/detail/get_plan__builder.hpp
[0.886s] -- Up-to-date: /home/abhay/microros_ws/install/nav_msgs/include/nav_msgs/nav_msgs/srv/detail/get_plan__struct.hpp
[0.886s] -- Up-to-date: /home/abhay/microros_ws/install/nav_msgs/include/nav_msgs/nav_msgs/srv/load_map.hpp
[0.886s] -- Up-to-date: /home/abhay/microros_ws/install/nav_msgs/include/nav_msgs/nav_msgs/srv/set_map.hpp
[0.886s] -- Up-to-date: /home/abhay/microros_ws/install/nav_msgs/include/nav_msgs/nav_msgs/srv/get_plan.hpp
[0.886s] -- Up-to-date: /home/abhay/microros_ws/install/nav_msgs/include/nav_msgs/nav_msgs/srv/get_map.hpp
[0.887s] -- Up-to-date: /home/abhay/microros_ws/install/nav_msgs/include/nav_msgs/nav_msgs
[0.887s] -- Up-to-date: /home/abhay/microros_ws/install/nav_msgs/include/nav_msgs/nav_msgs/msg
[0.887s] -- Up-to-date: /home/abhay/microros_ws/install/nav_msgs/include/nav_msgs/nav_msgs/msg/detail
[0.887s] -- Up-to-date: /home/abhay/microros_ws/install/nav_msgs/include/nav_msgs/nav_msgs/msg/detail/path__rosidl_typesupport_fastrtps_cpp.hpp
[0.887s] -- Up-to-date: /home/abhay/microros_ws/install/nav_msgs/include/nav_msgs/nav_msgs/msg/detail/map_meta_data__rosidl_typesupport_fastrtps_cpp.hpp
[0.887s] -- Up-to-date: /home/abhay/microros_ws/install/nav_msgs/include/nav_msgs/nav_msgs/msg/detail/odometry__rosidl_typesupport_fastrtps_cpp.hpp
[0.887s] -- Up-to-date: /home/abhay/microros_ws/install/nav_msgs/include/nav_msgs/nav_msgs/msg/detail/dds_fastrtps
[0.887s] -- Up-to-date: /home/abhay/microros_ws/install/nav_msgs/include/nav_msgs/nav_msgs/msg/detail/occupancy_grid__rosidl_typesupport_fastrtps_cpp.hpp
[0.887s] -- Up-to-date: /home/abhay/microros_ws/install/nav_msgs/include/nav_msgs/nav_msgs/msg/detail/grid_cells__rosidl_typesupport_fastrtps_cpp.hpp
[0.887s] -- Up-to-date: /home/abhay/microros_ws/install/nav_msgs/include/nav_msgs/nav_msgs/msg/rosidl_typesupport_fastrtps_cpp__visibility_control.h
[0.888s] -- Up-to-date: /home/abhay/microros_ws/install/nav_msgs/include/nav_msgs/nav_msgs/srv
[0.888s] -- Up-to-date: /home/abhay/microros_ws/install/nav_msgs/include/nav_msgs/nav_msgs/srv/detail
[0.888s] -- Up-to-date: /home/abhay/microros_ws/install/nav_msgs/include/nav_msgs/nav_msgs/srv/detail/set_map__rosidl_typesupport_fastrtps_cpp.hpp
[0.888s] -- Up-to-date: /home/abhay/microros_ws/install/nav_msgs/include/nav_msgs/nav_msgs/srv/detail/load_map__rosidl_typesupport_fastrtps_cpp.hpp
[0.888s] -- Up-to-date: /home/abhay/microros_ws/install/nav_msgs/include/nav_msgs/nav_msgs/srv/detail/get_map__rosidl_typesupport_fastrtps_cpp.hpp
[0.888s] -- Up-to-date: /home/abhay/microros_ws/install/nav_msgs/include/nav_msgs/nav_msgs/srv/detail/get_plan__rosidl_typesupport_fastrtps_cpp.hpp
[0.888s] -- Up-to-date: /home/abhay/microros_ws/install/nav_msgs/include/nav_msgs/nav_msgs/srv/detail/dds_fastrtps
[0.888s] -- Up-to-date: /home/abhay/microros_ws/install/nav_msgs/lib/libnav_msgs__rosidl_typesupport_fastrtps_cpp.so
[0.888s] -- Up-to-date: /home/abhay/microros_ws/install/nav_msgs/include/nav_msgs
[0.888s] -- Up-to-date: /home/abhay/microros_ws/install/nav_msgs/include/nav_msgs/msg
[0.888s] -- Up-to-date: /home/abhay/microros_ws/install/nav_msgs/include/nav_msgs/msg/detail
[0.888s] -- Up-to-date: /home/abhay/microros_ws/install/nav_msgs/include/nav_msgs/msg/detail/map_meta_data__rosidl_typesupport_microxrcedds_c.h
[0.888s] -- Up-to-date: /home/abhay/microros_ws/install/nav_msgs/include/nav_msgs/msg/detail/microxrcedds
[0.889s] -- Up-to-date: /home/abhay/microros_ws/install/nav_msgs/include/nav_msgs/msg/detail/grid_cells__rosidl_typesupport_microxrcedds_c.h
[0.889s] -- Up-to-date: /home/abhay/microros_ws/install/nav_msgs/include/nav_msgs/msg/detail/odometry__rosidl_typesupport_microxrcedds_c.h
[0.889s] -- Up-to-date: /home/abhay/microros_ws/install/nav_msgs/include/nav_msgs/msg/detail/occupancy_grid__rosidl_typesupport_microxrcedds_c.h
[0.889s] -- Up-to-date: /home/abhay/microros_ws/install/nav_msgs/include/nav_msgs/msg/detail/path__rosidl_typesupport_microxrcedds_c.h
[0.889s] -- Up-to-date: /home/abhay/microros_ws/install/nav_msgs/include/nav_msgs/msg/rosidl_typesupport_microxrcedds_c__visibility_control.h
[0.889s] -- Up-to-date: /home/abhay/microros_ws/install/nav_msgs/include/nav_msgs/srv
[0.889s] -- Up-to-date: /home/abhay/microros_ws/install/nav_msgs/include/nav_msgs/srv/detail
[0.889s] -- Up-to-date: /home/abhay/microros_ws/install/nav_msgs/include/nav_msgs/srv/detail/set_map__rosidl_typesupport_microxrcedds_c.h
[0.889s] -- Up-to-date: /home/abhay/microros_ws/install/nav_msgs/include/nav_msgs/srv/detail/microxrcedds
[0.889s] -- Up-to-date: /home/abhay/microros_ws/install/nav_msgs/include/nav_msgs/srv/detail/get_map__rosidl_typesupport_microxrcedds_c.h
[0.889s] -- Up-to-date: /home/abhay/microros_ws/install/nav_msgs/include/nav_msgs/srv/detail/load_map__rosidl_typesupport_microxrcedds_c.h
[0.890s] -- Up-to-date: /home/abhay/microros_ws/install/nav_msgs/include/nav_msgs/srv/detail/get_plan__rosidl_typesupport_microxrcedds_c.h
[0.890s] -- Up-to-date: /home/abhay/microros_ws/install/nav_msgs/lib/libnav_msgs__rosidl_typesupport_microxrcedds_c.so
[0.890s] -- Up-to-date: /home/abhay/microros_ws/install/nav_msgs/include/nav_msgs/nav_msgs
[0.890s] -- Up-to-date: /home/abhay/microros_ws/install/nav_msgs/include/nav_msgs/nav_msgs/msg
[0.890s] -- Up-to-date: /home/abhay/microros_ws/install/nav_msgs/include/nav_msgs/nav_msgs/msg/detail
[0.890s] -- Up-to-date: /home/abhay/microros_ws/install/nav_msgs/include/nav_msgs/nav_msgs/msg/detail/map_meta_data__type_support.c
[0.890s] -- Up-to-date: /home/abhay/microros_ws/install/nav_msgs/include/nav_msgs/nav_msgs/msg/detail/path__type_support.c
[0.890s] -- Up-to-date: /home/abhay/microros_ws/install/nav_msgs/include/nav_msgs/nav_msgs/msg/detail/map_meta_data__rosidl_typesupport_introspection_c.h
[0.891s] -- Up-to-date: /home/abhay/microros_ws/install/nav_msgs/include/nav_msgs/nav_msgs/msg/detail/occupancy_grid__type_support.c
[0.891s] -- Up-to-date: /home/abhay/microros_ws/install/nav_msgs/include/nav_msgs/nav_msgs/msg/detail/odometry__type_support.c
[0.891s] -- Up-to-date: /home/abhay/microros_ws/install/nav_msgs/include/nav_msgs/nav_msgs/msg/detail/odometry__rosidl_typesupport_introspection_c.h
[0.891s] -- Up-to-date: /home/abhay/microros_ws/install/nav_msgs/include/nav_msgs/nav_msgs/msg/detail/grid_cells__type_support.c
[0.891s] -- Up-to-date: /home/abhay/microros_ws/install/nav_msgs/include/nav_msgs/nav_msgs/msg/detail/occupancy_grid__rosidl_typesupport_introspection_c.h
[0.891s] -- Up-to-date: /home/abhay/microros_ws/install/nav_msgs/include/nav_msgs/nav_msgs/msg/detail/path__rosidl_typesupport_introspection_c.h
[0.891s] -- Up-to-date: /home/abhay/microros_ws/install/nav_msgs/include/nav_msgs/nav_msgs/msg/detail/grid_cells__rosidl_typesupport_introspection_c.h
[0.891s] -- Up-to-date: /home/abhay/microros_ws/install/nav_msgs/include/nav_msgs/nav_msgs/msg/rosidl_typesupport_introspection_c__visibility_control.h
[0.892s] -- Up-to-date: /home/abhay/microros_ws/install/nav_msgs/include/nav_msgs/nav_msgs/srv
[0.892s] -- Up-to-date: /home/abhay/microros_ws/install/nav_msgs/include/nav_msgs/nav_msgs/srv/detail
[0.892s] -- Up-to-date: /home/abhay/microros_ws/install/nav_msgs/include/nav_msgs/nav_msgs/srv/detail/get_map__type_support.c
[0.892s] -- Up-to-date: /home/abhay/microros_ws/install/nav_msgs/include/nav_msgs/nav_msgs/srv/detail/set_map__type_support.c
[0.892s] -- Up-to-date: /home/abhay/microros_ws/install/nav_msgs/include/nav_msgs/nav_msgs/srv/detail/load_map__rosidl_typesupport_introspection_c.h
[0.892s] -- Up-to-date: /home/abhay/microros_ws/install/nav_msgs/include/nav_msgs/nav_msgs/srv/detail/get_plan__type_support.c
[0.892s] -- Up-to-date: /home/abhay/microros_ws/install/nav_msgs/include/nav_msgs/nav_msgs/srv/detail/get_plan__rosidl_typesupport_introspection_c.h
[0.892s] -- Up-to-date: /home/abhay/microros_ws/install/nav_msgs/include/nav_msgs/nav_msgs/srv/detail/set_map__rosidl_typesupport_introspection_c.h
[0.892s] -- Up-to-date: /home/abhay/microros_ws/install/nav_msgs/include/nav_msgs/nav_msgs/srv/detail/load_map__type_support.c
[0.892s] -- Up-to-date: /home/abhay/microros_ws/install/nav_msgs/include/nav_msgs/nav_msgs/srv/detail/get_map__rosidl_typesupport_introspection_c.h
[0.893s] -- Up-to-date: /home/abhay/microros_ws/install/nav_msgs/lib/libnav_msgs__rosidl_typesupport_introspection_c.so
[0.893s] -- Up-to-date: /home/abhay/microros_ws/install/nav_msgs/lib/libnav_msgs__rosidl_typesupport_c.so
[0.893s] -- Up-to-date: /home/abhay/microros_ws/install/nav_msgs/include/nav_msgs
[0.893s] -- Up-to-date: /home/abhay/microros_ws/install/nav_msgs/include/nav_msgs/msg
[0.893s] -- Up-to-date: /home/abhay/microros_ws/install/nav_msgs/include/nav_msgs/msg/detail
[0.893s] -- Up-to-date: /home/abhay/microros_ws/install/nav_msgs/include/nav_msgs/msg/detail/occupancy_grid__rosidl_typesupport_microxrcedds_cpp.hpp
[0.893s] -- Up-to-date: /home/abhay/microros_ws/install/nav_msgs/include/nav_msgs/msg/detail/microxrcedds
[0.893s] -- Up-to-date: /home/abhay/microros_ws/install/nav_msgs/include/nav_msgs/msg/detail/microxrcedds/odometry__type_support_cpp.cpp
[0.893s] -- Up-to-date: /home/abhay/microros_ws/install/nav_msgs/include/nav_msgs/msg/detail/microxrcedds/occupancy_grid__type_support_cpp.cpp
[0.893s] -- Up-to-date: /home/abhay/microros_ws/install/nav_msgs/include/nav_msgs/msg/detail/microxrcedds/path__type_support_cpp.cpp
[0.894s] -- Up-to-date: /home/abhay/microros_ws/install/nav_msgs/include/nav_msgs/msg/detail/microxrcedds/map_meta_data__type_support_cpp.cpp
[0.894s] -- Up-to-date: /home/abhay/microros_ws/install/nav_msgs/include/nav_msgs/msg/detail/microxrcedds/grid_cells__type_support_cpp.cpp
[0.894s] -- Up-to-date: /home/abhay/microros_ws/install/nav_msgs/include/nav_msgs/msg/detail/map_meta_data__rosidl_typesupport_microxrcedds_cpp.hpp
[0.894s] -- Up-to-date: /home/abhay/microros_ws/install/nav_msgs/include/nav_msgs/msg/detail/odometry__rosidl_typesupport_microxrcedds_cpp.hpp
[0.894s] -- Up-to-date: /home/abhay/microros_ws/install/nav_msgs/include/nav_msgs/msg/detail/path__rosidl_typesupport_microxrcedds_cpp.hpp
[0.894s] -- Up-to-date: /home/abhay/microros_ws/install/nav_msgs/include/nav_msgs/msg/detail/grid_cells__rosidl_typesupport_microxrcedds_cpp.hpp
[0.894s] -- Up-to-date: /home/abhay/microros_ws/install/nav_msgs/include/nav_msgs/msg/rosidl_typesupport_microxrcedds_cpp__visibility_control.h
[0.895s] -- Up-to-date: /home/abhay/microros_ws/install/nav_msgs/include/nav_msgs/srv
[0.895s] -- Up-to-date: /home/abhay/microros_ws/install/nav_msgs/include/nav_msgs/srv/detail
[0.895s] -- Up-to-date: /home/abhay/microros_ws/install/nav_msgs/include/nav_msgs/srv/detail/load_map__rosidl_typesupport_microxrcedds_cpp.hpp
[0.895s] -- Up-to-date: /home/abhay/microros_ws/install/nav_msgs/include/nav_msgs/srv/detail/microxrcedds
[0.895s] -- Up-to-date: /home/abhay/microros_ws/install/nav_msgs/include/nav_msgs/srv/detail/microxrcedds/load_map__type_support_cpp.cpp
[0.895s] -- Up-to-date: /home/abhay/microros_ws/install/nav_msgs/include/nav_msgs/srv/detail/microxrcedds/get_map__type_support_cpp.cpp
[0.895s] -- Up-to-date: /home/abhay/microros_ws/install/nav_msgs/include/nav_msgs/srv/detail/microxrcedds/get_plan__type_support_cpp.cpp
[0.895s] -- Up-to-date: /home/abhay/microros_ws/install/nav_msgs/include/nav_msgs/srv/detail/microxrcedds/set_map__type_support_cpp.cpp
[0.896s] -- Up-to-date: /home/abhay/microros_ws/install/nav_msgs/include/nav_msgs/srv/detail/get_plan__rosidl_typesupport_microxrcedds_cpp.hpp
[0.896s] -- Up-to-date: /home/abhay/microros_ws/install/nav_msgs/include/nav_msgs/srv/detail/set_map__rosidl_typesupport_microxrcedds_cpp.hpp
[0.896s] -- Up-to-date: /home/abhay/microros_ws/install/nav_msgs/include/nav_msgs/srv/detail/get_map__rosidl_typesupport_microxrcedds_cpp.hpp
[0.896s] -- Up-to-date: /home/abhay/microros_ws/install/nav_msgs/lib/libnav_msgs__rosidl_typesupport_microxrcedds_cpp.so
[0.896s] -- Up-to-date: /home/abhay/microros_ws/install/nav_msgs/include/nav_msgs/nav_msgs
[0.896s] -- Up-to-date: /home/abhay/microros_ws/install/nav_msgs/include/nav_msgs/nav_msgs/msg
[0.896s] -- Up-to-date: /home/abhay/microros_ws/install/nav_msgs/include/nav_msgs/nav_msgs/msg/detail
[0.896s] -- Up-to-date: /home/abhay/microros_ws/install/nav_msgs/include/nav_msgs/nav_msgs/msg/detail/map_meta_data__rosidl_typesupport_introspection_cpp.hpp
[0.896s] -- Up-to-date: /home/abhay/microros_ws/install/nav_msgs/include/nav_msgs/nav_msgs/msg/detail/occupancy_grid__rosidl_typesupport_introspection_cpp.hpp
[0.896s] -- Up-to-date: /home/abhay/microros_ws/install/nav_msgs/include/nav_msgs/nav_msgs/msg/detail/odometry__rosidl_typesupport_introspection_cpp.hpp
[0.897s] -- Up-to-date: /home/abhay/microros_ws/install/nav_msgs/include/nav_msgs/nav_msgs/msg/detail/grid_cells__type_support.cpp
[0.897s] -- Up-to-date: /home/abhay/microros_ws/install/nav_msgs/include/nav_msgs/nav_msgs/msg/detail/occupancy_grid__type_support.cpp
[0.897s] -- Up-to-date: /home/abhay/microros_ws/install/nav_msgs/include/nav_msgs/nav_msgs/msg/detail/odometry__type_support.cpp
[0.897s] -- Up-to-date: /home/abhay/microros_ws/install/nav_msgs/include/nav_msgs/nav_msgs/msg/detail/map_meta_data__type_support.cpp
[0.897s] -- Up-to-date: /home/abhay/microros_ws/install/nav_msgs/include/nav_msgs/nav_msgs/msg/detail/path__type_support.cpp
[0.897s] -- Up-to-date: /home/abhay/microros_ws/install/nav_msgs/include/nav_msgs/nav_msgs/msg/detail/path__rosidl_typesupport_introspection_cpp.hpp
[0.897s] -- Up-to-date: /home/abhay/microros_ws/install/nav_msgs/include/nav_msgs/nav_msgs/msg/detail/grid_cells__rosidl_typesupport_introspection_cpp.hpp
[0.897s] -- Up-to-date: /home/abhay/microros_ws/install/nav_msgs/include/nav_msgs/nav_msgs/srv
[0.897s] -- Up-to-date: /home/abhay/microros_ws/install/nav_msgs/include/nav_msgs/nav_msgs/srv/detail
[0.898s] -- Up-to-date: /home/abhay/microros_ws/install/nav_msgs/include/nav_msgs/nav_msgs/srv/detail/get_map__rosidl_typesupport_introspection_cpp.hpp
[0.898s] -- Up-to-date: /home/abhay/microros_ws/install/nav_msgs/include/nav_msgs/nav_msgs/srv/detail/set_map__rosidl_typesupport_introspection_cpp.hpp
[0.898s] -- Up-to-date: /home/abhay/microros_ws/install/nav_msgs/include/nav_msgs/nav_msgs/srv/detail/load_map__type_support.cpp
[0.898s] -- Up-to-date: /home/abhay/microros_ws/install/nav_msgs/include/nav_msgs/nav_msgs/srv/detail/set_map__type_support.cpp
[0.898s] -- Up-to-date: /home/abhay/microros_ws/install/nav_msgs/include/nav_msgs/nav_msgs/srv/detail/get_map__type_support.cpp
[0.898s] -- Up-to-date: /home/abhay/microros_ws/install/nav_msgs/include/nav_msgs/nav_msgs/srv/detail/get_plan__type_support.cpp
[0.898s] -- Up-to-date: /home/abhay/microros_ws/install/nav_msgs/include/nav_msgs/nav_msgs/srv/detail/load_map__rosidl_typesupport_introspection_cpp.hpp
[0.898s] -- Up-to-date: /home/abhay/microros_ws/install/nav_msgs/include/nav_msgs/nav_msgs/srv/detail/get_plan__rosidl_typesupport_introspection_cpp.hpp
[0.898s] -- Up-to-date: /home/abhay/microros_ws/install/nav_msgs/lib/libnav_msgs__rosidl_typesupport_introspection_cpp.so
[0.898s] -- Up-to-date: /home/abhay/microros_ws/install/nav_msgs/lib/libnav_msgs__rosidl_typesupport_cpp.so
[0.898s] -- Up-to-date: /home/abhay/microros_ws/install/nav_msgs/share/nav_msgs/environment/pythonpath.sh
[0.899s] -- Up-to-date: /home/abhay/microros_ws/install/nav_msgs/share/nav_msgs/environment/pythonpath.dsv
[0.899s] -- Up-to-date: /home/abhay/microros_ws/install/nav_msgs/local/lib/python3.10/dist-packages/nav_msgs-4.2.3-py3.10.egg-info
[0.899s] -- Installing: /home/abhay/microros_ws/install/nav_msgs/local/lib/python3.10/dist-packages/nav_msgs-4.2.3-py3.10.egg-info/top_level.txt
[0.899s] -- Installing: /home/abhay/microros_ws/install/nav_msgs/local/lib/python3.10/dist-packages/nav_msgs-4.2.3-py3.10.egg-info/SOURCES.txt
[0.899s] -- Installing: /home/abhay/microros_ws/install/nav_msgs/local/lib/python3.10/dist-packages/nav_msgs-4.2.3-py3.10.egg-info/dependency_links.txt
[0.899s] -- Installing: /home/abhay/microros_ws/install/nav_msgs/local/lib/python3.10/dist-packages/nav_msgs-4.2.3-py3.10.egg-info/PKG-INFO
[0.899s] -- Up-to-date: /home/abhay/microros_ws/install/nav_msgs/local/lib/python3.10/dist-packages/nav_msgs
[0.899s] -- Up-to-date: /home/abhay/microros_ws/install/nav_msgs/local/lib/python3.10/dist-packages/nav_msgs/nav_msgs_s__rosidl_typesupport_microxrcedds_c.cpython-310-x86_64-linux-gnu.so
[0.899s] -- Up-to-date: /home/abhay/microros_ws/install/nav_msgs/local/lib/python3.10/dist-packages/nav_msgs/msg
[0.899s] -- Up-to-date: /home/abhay/microros_ws/install/nav_msgs/local/lib/python3.10/dist-packages/nav_msgs/msg/_path_s.c
[0.900s] -- Up-to-date: /home/abhay/microros_ws/install/nav_msgs/local/lib/python3.10/dist-packages/nav_msgs/msg/_odometry_s.c
[0.900s] -- Up-to-date: /home/abhay/microros_ws/install/nav_msgs/local/lib/python3.10/dist-packages/nav_msgs/msg/_map_meta_data.py
[0.900s] -- Up-to-date: /home/abhay/microros_ws/install/nav_msgs/local/lib/python3.10/dist-packages/nav_msgs/msg/_path.py
[0.900s] -- Up-to-date: /home/abhay/microros_ws/install/nav_msgs/local/lib/python3.10/dist-packages/nav_msgs/msg/_grid_cells_s.c
[0.900s] -- Up-to-date: /home/abhay/microros_ws/install/nav_msgs/local/lib/python3.10/dist-packages/nav_msgs/msg/_grid_cells.py
[0.900s] -- Up-to-date: /home/abhay/microros_ws/install/nav_msgs/local/lib/python3.10/dist-packages/nav_msgs/msg/_occupancy_grid_s.c
[0.900s] -- Up-to-date: /home/abhay/microros_ws/install/nav_msgs/local/lib/python3.10/dist-packages/nav_msgs/msg/_occupancy_grid.py
[0.901s] -- Up-to-date: /home/abhay/microros_ws/install/nav_msgs/local/lib/python3.10/dist-packages/nav_msgs/msg/_map_meta_data_s.c
[0.901s] -- Up-to-date: /home/abhay/microros_ws/install/nav_msgs/local/lib/python3.10/dist-packages/nav_msgs/msg/_odometry.py
[0.902s] -- Up-to-date: /home/abhay/microros_ws/install/nav_msgs/local/lib/python3.10/dist-packages/nav_msgs/msg/__init__.py
[0.902s] -- Up-to-date: /home/abhay/microros_ws/install/nav_msgs/local/lib/python3.10/dist-packages/nav_msgs/_nav_msgs_s.ep.rosidl_typesupport_c.c
[0.902s] -- Up-to-date: /home/abhay/microros_ws/install/nav_msgs/local/lib/python3.10/dist-packages/nav_msgs/nav_msgs_s__rosidl_typesupport_fastrtps_c.cpython-310-x86_64-linux-gnu.so
[0.902s] -- Up-to-date: /home/abhay/microros_ws/install/nav_msgs/local/lib/python3.10/dist-packages/nav_msgs/nav_msgs_s__rosidl_typesupport_c.cpython-310-x86_64-linux-gnu.so
[0.902s] -- Up-to-date: /home/abhay/microros_ws/install/nav_msgs/local/lib/python3.10/dist-packages/nav_msgs/_nav_msgs_s.ep.rosidl_typesupport_fastrtps_c.c
[0.902s] -- Up-to-date: /home/abhay/microros_ws/install/nav_msgs/local/lib/python3.10/dist-packages/nav_msgs/nav_msgs_s__rosidl_typesupport_introspection_c.cpython-310-x86_64-linux-gnu.so
[0.902s] -- Up-to-date: /home/abhay/microros_ws/install/nav_msgs/local/lib/python3.10/dist-packages/nav_msgs/libnav_msgs__rosidl_generator_py.so
[0.902s] -- Up-to-date: /home/abhay/microros_ws/install/nav_msgs/local/lib/python3.10/dist-packages/nav_msgs/_nav_msgs_s.ep.rosidl_typesupport_microxrcedds_c.c
[0.903s] -- Up-to-date: /home/abhay/microros_ws/install/nav_msgs/local/lib/python3.10/dist-packages/nav_msgs/_nav_msgs_s.ep.rosidl_typesupport_introspection_c.c
[0.903s] -- Up-to-date: /home/abhay/microros_ws/install/nav_msgs/local/lib/python3.10/dist-packages/nav_msgs/__init__.py
[0.903s] -- Up-to-date: /home/abhay/microros_ws/install/nav_msgs/local/lib/python3.10/dist-packages/nav_msgs/srv
[0.903s] -- Up-to-date: /home/abhay/microros_ws/install/nav_msgs/local/lib/python3.10/dist-packages/nav_msgs/srv/_set_map.py
[0.903s] -- Up-to-date: /home/abhay/microros_ws/install/nav_msgs/local/lib/python3.10/dist-packages/nav_msgs/srv/_load_map_s.c
[0.903s] -- Up-to-date: /home/abhay/microros_ws/install/nav_msgs/local/lib/python3.10/dist-packages/nav_msgs/srv/_get_map_s.c
[0.903s] -- Up-to-date: /home/abhay/microros_ws/install/nav_msgs/local/lib/python3.10/dist-packages/nav_msgs/srv/_get_plan.py
[0.903s] -- Up-to-date: /home/abhay/microros_ws/install/nav_msgs/local/lib/python3.10/dist-packages/nav_msgs/srv/_get_plan_s.c
[0.904s] -- Up-to-date: /home/abhay/microros_ws/install/nav_msgs/local/lib/python3.10/dist-packages/nav_msgs/srv/_get_map.py
[0.904s] -- Up-to-date: /home/abhay/microros_ws/install/nav_msgs/local/lib/python3.10/dist-packages/nav_msgs/srv/_load_map.py
[0.904s] -- Up-to-date: /home/abhay/microros_ws/install/nav_msgs/local/lib/python3.10/dist-packages/nav_msgs/srv/__init__.py
[0.904s] -- Up-to-date: /home/abhay/microros_ws/install/nav_msgs/local/lib/python3.10/dist-packages/nav_msgs/srv/_set_map_s.c
[0.919s] Listing '/home/abhay/microros_ws/install/nav_msgs/local/lib/python3.10/dist-packages/nav_msgs'...
[0.919s] Listing '/home/abhay/microros_ws/install/nav_msgs/local/lib/python3.10/dist-packages/nav_msgs/msg'...
[0.919s] Listing '/home/abhay/microros_ws/install/nav_msgs/local/lib/python3.10/dist-packages/nav_msgs/srv'...
[0.923s] -- Up-to-date: /home/abhay/microros_ws/install/nav_msgs/local/lib/python3.10/dist-packages/nav_msgs/nav_msgs_s__rosidl_typesupport_microxrcedds_c.cpython-310-x86_64-linux-gnu.so
[0.923s] -- Up-to-date: /home/abhay/microros_ws/install/nav_msgs/local/lib/python3.10/dist-packages/nav_msgs/nav_msgs_s__rosidl_typesupport_fastrtps_c.cpython-310-x86_64-linux-gnu.so
[0.923s] -- Up-to-date: /home/abhay/microros_ws/install/nav_msgs/local/lib/python3.10/dist-packages/nav_msgs/nav_msgs_s__rosidl_typesupport_introspection_c.cpython-310-x86_64-linux-gnu.so
[0.923s] -- Up-to-date: /home/abhay/microros_ws/install/nav_msgs/local/lib/python3.10/dist-packages/nav_msgs/nav_msgs_s__rosidl_typesupport_c.cpython-310-x86_64-linux-gnu.so
[0.923s] -- Up-to-date: /home/abhay/microros_ws/install/nav_msgs/lib/libnav_msgs__rosidl_generator_py.so
[0.923s] -- Up-to-date: /home/abhay/microros_ws/install/nav_msgs/share/nav_msgs/msg/GridCells.idl
[0.923s] -- Up-to-date: /home/abhay/microros_ws/install/nav_msgs/share/nav_msgs/msg/MapMetaData.idl
[0.923s] -- Up-to-date: /home/abhay/microros_ws/install/nav_msgs/share/nav_msgs/msg/OccupancyGrid.idl
[0.924s] -- Up-to-date: /home/abhay/microros_ws/install/nav_msgs/share/nav_msgs/msg/Odometry.idl
[0.924s] -- Up-to-date: /home/abhay/microros_ws/install/nav_msgs/share/nav_msgs/msg/Path.idl
[0.924s] -- Up-to-date: /home/abhay/microros_ws/install/nav_msgs/share/nav_msgs/srv/GetMap.idl
[0.924s] -- Up-to-date: /home/abhay/microros_ws/install/nav_msgs/share/nav_msgs/srv/GetPlan.idl
[0.924s] -- Up-to-date: /home/abhay/microros_ws/install/nav_msgs/share/nav_msgs/srv/LoadMap.idl
[0.924s] -- Up-to-date: /home/abhay/microros_ws/install/nav_msgs/share/nav_msgs/srv/SetMap.idl
[0.924s] -- Up-to-date: /home/abhay/microros_ws/install/nav_msgs/share/nav_msgs/msg/GridCells.msg
[0.924s] -- Up-to-date: /home/abhay/microros_ws/install/nav_msgs/share/nav_msgs/msg/MapMetaData.msg
[0.924s] -- Up-to-date: /home/abhay/microros_ws/install/nav_msgs/share/nav_msgs/msg/OccupancyGrid.msg
[0.924s] -- Up-to-date: /home/abhay/microros_ws/install/nav_msgs/share/nav_msgs/msg/Odometry.msg
[0.925s] -- Up-to-date: /home/abhay/microros_ws/install/nav_msgs/share/nav_msgs/msg/Path.msg
[0.925s] -- Up-to-date: /home/abhay/microros_ws/install/nav_msgs/share/nav_msgs/srv/GetMap.srv
[0.925s] -- Up-to-date: /home/abhay/microros_ws/install/nav_msgs/share/nav_msgs/srv/GetMap_Request.msg
[0.925s] -- Up-to-date: /home/abhay/microros_ws/install/nav_msgs/share/nav_msgs/srv/GetMap_Response.msg
[0.925s] -- Up-to-date: /home/abhay/microros_ws/install/nav_msgs/share/nav_msgs/srv/GetPlan.srv
[0.925s] -- Up-to-date: /home/abhay/microros_ws/install/nav_msgs/share/nav_msgs/srv/GetPlan_Request.msg
[0.925s] -- Up-to-date: /home/abhay/microros_ws/install/nav_msgs/share/nav_msgs/srv/GetPlan_Response.msg
[0.925s] -- Up-to-date: /home/abhay/microros_ws/install/nav_msgs/share/nav_msgs/srv/LoadMap.srv
[0.925s] -- Up-to-date: /home/abhay/microros_ws/install/nav_msgs/share/nav_msgs/srv/LoadMap_Request.msg
[0.926s] -- Up-to-date: /home/abhay/microros_ws/install/nav_msgs/share/nav_msgs/srv/LoadMap_Response.msg
[0.926s] -- Up-to-date: /home/abhay/microros_ws/install/nav_msgs/share/nav_msgs/srv/SetMap.srv
[0.926s] -- Up-to-date: /home/abhay/microros_ws/install/nav_msgs/share/nav_msgs/srv/SetMap_Request.msg
[0.926s] -- Up-to-date: /home/abhay/microros_ws/install/nav_msgs/share/nav_msgs/srv/SetMap_Response.msg
[0.926s] -- Up-to-date: /home/abhay/microros_ws/install/nav_msgs/share/ament_index/resource_index/package_run_dependencies/nav_msgs
[0.926s] -- Up-to-date: /home/abhay/microros_ws/install/nav_msgs/share/ament_index/resource_index/parent_prefix_path/nav_msgs
[0.926s] -- Up-to-date: /home/abhay/microros_ws/install/nav_msgs/share/nav_msgs/environment/ament_prefix_path.sh
[0.926s] -- Up-to-date: /home/abhay/microros_ws/install/nav_msgs/share/nav_msgs/environment/ament_prefix_path.dsv
[0.926s] -- Up-to-date: /home/abhay/microros_ws/install/nav_msgs/share/nav_msgs/environment/path.sh
[0.926s] -- Up-to-date: /home/abhay/microros_ws/install/nav_msgs/share/nav_msgs/environment/path.dsv
[0.927s] -- Up-to-date: /home/abhay/microros_ws/install/nav_msgs/share/nav_msgs/local_setup.bash
[0.927s] -- Up-to-date: /home/abhay/microros_ws/install/nav_msgs/share/nav_msgs/local_setup.sh
[0.927s] -- Up-to-date: /home/abhay/microros_ws/install/nav_msgs/share/nav_msgs/local_setup.zsh
[0.927s] -- Up-to-date: /home/abhay/microros_ws/install/nav_msgs/share/nav_msgs/local_setup.dsv
[0.927s] -- Installing: /home/abhay/microros_ws/install/nav_msgs/share/nav_msgs/package.dsv
[0.927s] -- Up-to-date: /home/abhay/microros_ws/install/nav_msgs/share/ament_index/resource_index/packages/nav_msgs
[0.927s] -- Up-to-date: /home/abhay/microros_ws/install/nav_msgs/share/nav_msgs/cmake/export_nav_msgs__rosidl_generator_cExport.cmake
[0.927s] -- Up-to-date: /home/abhay/microros_ws/install/nav_msgs/share/nav_msgs/cmake/export_nav_msgs__rosidl_generator_cExport-noconfig.cmake
[0.927s] -- Up-to-date: /home/abhay/microros_ws/install/nav_msgs/share/nav_msgs/cmake/export_nav_msgs__rosidl_typesupport_fastrtps_cExport.cmake
[0.928s] -- Up-to-date: /home/abhay/microros_ws/install/nav_msgs/share/nav_msgs/cmake/export_nav_msgs__rosidl_typesupport_fastrtps_cExport-noconfig.cmake
[0.928s] -- Up-to-date: /home/abhay/microros_ws/install/nav_msgs/share/nav_msgs/cmake/export_nav_msgs__rosidl_generator_cppExport.cmake
[0.928s] -- Up-to-date: /home/abhay/microros_ws/install/nav_msgs/share/nav_msgs/cmake/export_nav_msgs__rosidl_typesupport_fastrtps_cppExport.cmake
[0.929s] -- Up-to-date: /home/abhay/microros_ws/install/nav_msgs/share/nav_msgs/cmake/export_nav_msgs__rosidl_typesupport_fastrtps_cppExport-noconfig.cmake
[0.929s] -- Up-to-date: /home/abhay/microros_ws/install/nav_msgs/share/nav_msgs/cmake/nav_msgs__rosidl_typesupport_introspection_cExport.cmake
[0.929s] -- Up-to-date: /home/abhay/microros_ws/install/nav_msgs/share/nav_msgs/cmake/nav_msgs__rosidl_typesupport_introspection_cExport-noconfig.cmake
[0.929s] -- Up-to-date: /home/abhay/microros_ws/install/nav_msgs/share/nav_msgs/cmake/nav_msgs__rosidl_typesupport_cExport.cmake
[0.929s] -- Up-to-date: /home/abhay/microros_ws/install/nav_msgs/share/nav_msgs/cmake/nav_msgs__rosidl_typesupport_cExport-noconfig.cmake
[0.929s] -- Up-to-date: /home/abhay/microros_ws/install/nav_msgs/share/nav_msgs/cmake/nav_msgs__rosidl_typesupport_introspection_cppExport.cmake
[0.929s] -- Up-to-date: /home/abhay/microros_ws/install/nav_msgs/share/nav_msgs/cmake/nav_msgs__rosidl_typesupport_introspection_cppExport-noconfig.cmake
[0.930s] -- Up-to-date: /home/abhay/microros_ws/install/nav_msgs/share/nav_msgs/cmake/nav_msgs__rosidl_typesupport_cppExport.cmake
[0.930s] -- Up-to-date: /home/abhay/microros_ws/install/nav_msgs/share/nav_msgs/cmake/nav_msgs__rosidl_typesupport_cppExport-noconfig.cmake
[0.930s] -- Up-to-date: /home/abhay/microros_ws/install/nav_msgs/share/nav_msgs/cmake/export_nav_msgs__rosidl_generator_pyExport.cmake
[0.930s] -- Up-to-date: /home/abhay/microros_ws/install/nav_msgs/share/nav_msgs/cmake/export_nav_msgs__rosidl_generator_pyExport-noconfig.cmake
[0.930s] -- Up-to-date: /home/abhay/microros_ws/install/nav_msgs/share/nav_msgs/cmake/rosidl_cmake-extras.cmake
[0.930s] -- Up-to-date: /home/abhay/microros_ws/install/nav_msgs/share/nav_msgs/cmake/ament_cmake_export_dependencies-extras.cmake
[0.930s] -- Up-to-date: /home/abhay/microros_ws/install/nav_msgs/share/nav_msgs/cmake/ament_cmake_export_include_directories-extras.cmake
[0.930s] -- Up-to-date: /home/abhay/microros_ws/install/nav_msgs/share/nav_msgs/cmake/ament_cmake_export_libraries-extras.cmake
[0.930s] -- Up-to-date: /home/abhay/microros_ws/install/nav_msgs/share/nav_msgs/cmake/ament_cmake_export_targets-extras.cmake
[0.930s] -- Up-to-date: /home/abhay/microros_ws/install/nav_msgs/share/nav_msgs/cmake/rosidl_cmake_export_typesupport_targets-extras.cmake
[0.931s] -- Up-to-date: /home/abhay/microros_ws/install/nav_msgs/share/nav_msgs/cmake/rosidl_cmake_export_typesupport_libraries-extras.cmake
[0.931s] -- Up-to-date: /home/abhay/microros_ws/install/nav_msgs/share/nav_msgs/cmake/nav_msgsConfig.cmake
[0.931s] -- Up-to-date: /home/abhay/microros_ws/install/nav_msgs/share/nav_msgs/cmake/nav_msgsConfig-version.cmake
[0.931s] -- Up-to-date: /home/abhay/microros_ws/install/nav_msgs/share/nav_msgs/package.xml
[0.931s] Invoked command in '/home/abhay/microros_ws/build/nav_msgs' returned '0': CMAKE_PREFIX_PATH=/home/abhay/microros_ws/install/geometry_msgs:/home/abhay/microros_ws/install/std_msgs:/home/abhay/microros_ws/install/builtin_interfaces:/home/abhay/microros_ws/install/micro_ros_demos_rclc:/home/abhay/microros_ws/install/common_interfaces:/home/abhay/microros_ws/install/visualization_msgs:/home/abhay/microros_ws/install/test_msgs:/home/abhay/microros_ws/install/example_interfaces:/home/abhay/microros_ws/install/action_msgs:/home/abhay/microros_ws/install/unique_identifier_msgs:/home/abhay/microros_ws/install/trajectory_msgs:/home/abhay/microros_ws/install/stereo_msgs:/home/abhay/microros_ws/install/std_srvs:/home/abhay/microros_ws/install/shape_msgs:/home/abhay/microros_ws/install/sensor_msgs:/home/abhay/microros_ws/install/nav_msgs:/home/abhay/microros_ws/install/diagnostic_msgs:/home/abhay/microros_ws/install/actionlib_msgs:/home/abhay/microros_ws/install/statistics_msgs:/home/abhay/microros_ws/install/rosidl_typesupport_microxrcedds_test_msg:/home/abhay/microros_ws/install/rosidl_typesupport_microxrcedds_cpp_tests:/home/abhay/microros_ws/install/rmw_microxrcedds:/home/abhay/microros_ws/install/rosidl_typesupport_microxrcedds_cpp:/home/abhay/microros_ws/install/rosidl_typesupport_microxrcedds_c_tests:/home/abhay/microros_ws/install/rosidl_typesupport_microxrcedds_c:/home/abhay/microros_ws/install/rosgraph_msgs:/home/abhay/microros_ws/install/rclc_parameter:/home/abhay/microros_ws/install/rclc:/home/abhay/microros_ws/install/composition_interfaces:/home/abhay/microros_ws/install/rcl_interfaces:/home/abhay/microros_ws/install/microxrcedds_client:/home/abhay/microros_ws/install/microcdr:/home/abhay/microros_ws/install/micro_ros_utilities:/home/abhay/microros_ws/install/micro_ros_msgs:/home/abhay/microros_ws/install/lifecycle_msgs:/home/abhay/microros_ws/install/complex_msgs:/home/abhay/microros_ws/install/micro_ros_setup:/home/abhay/microros_ws/install/sensor_msgs_py:/home/abhay/ros2_ws/install/py_srvcli:/home/abhay/ros2_ws/install/my_robot_controller:/opt/ros/humble LD_LIBRARY_PATH=/home/abhay/microros_ws/install/geometry_msgs/lib:/home/abhay/microros_ws/install/std_msgs/lib:/home/abhay/microros_ws/install/builtin_interfaces/lib:/home/abhay/microros_ws/install/visualization_msgs/lib:/home/abhay/microros_ws/install/test_msgs/lib:/home/abhay/microros_ws/install/example_interfaces/lib:/home/abhay/microros_ws/install/action_msgs/lib:/home/abhay/microros_ws/install/unique_identifier_msgs/lib:/home/abhay/microros_ws/install/trajectory_msgs/lib:/home/abhay/microros_ws/install/stereo_msgs/lib:/home/abhay/microros_ws/install/std_srvs/lib:/home/abhay/microros_ws/install/shape_msgs/lib:/home/abhay/microros_ws/install/sensor_msgs/lib:/home/abhay/microros_ws/install/nav_msgs/lib:/home/abhay/microros_ws/install/diagnostic_msgs/lib:/home/abhay/microros_ws/install/actionlib_msgs/lib:/home/abhay/microros_ws/install/statistics_msgs/lib:/home/abhay/microros_ws/install/rmw_microxrcedds/lib:/home/abhay/microros_ws/install/rosidl_typesupport_microxrcedds_cpp/lib:/home/abhay/microros_ws/install/rosidl_typesupport_microxrcedds_c/lib:/home/abhay/microros_ws/install/rosgraph_msgs/lib:/home/abhay/microros_ws/install/rclc_parameter/lib:/home/abhay/microros_ws/install/rclc/lib:/home/abhay/microros_ws/install/composition_interfaces/lib:/home/abhay/microros_ws/install/rcl_interfaces/lib:/home/abhay/microros_ws/install/microxrcedds_client/lib:/home/abhay/microros_ws/install/microcdr/lib:/home/abhay/microros_ws/install/micro_ros_utilities/lib:/home/abhay/microros_ws/install/micro_ros_msgs/lib:/home/abhay/microros_ws/install/lifecycle_msgs/lib:/home/abhay/microros_ws/install/complex_msgs/lib:/opt/ros/humble/opt/rviz_ogre_vendor/lib:/opt/ros/humble/lib/x86_64-linux-gnu:/opt/ros/humble/lib /usr/bin/cmake --install /home/abhay/microros_ws/build/nav_msgs
