2024-05-12 22:53:10,763 [INFO] Activator:176 - 


2024-05-12 22:53:10,767 [INFO] Activator:177 - !SESSION log4j initialized
2024-05-12 22:53:14,025 [INFO] LogOutputStream:77 - [STDOUT_REDIRECT] 
2024-05-12 22:53:14,987 [INFO] ApplicationProperties:184 - Using Application install path: /opt/st/stm32cubeide_1.14.0/plugins/com.st.stm32cube.common.mx_6.10.0.202311202037
2024-05-12 22:53:15,000 [INFO] DbMcusXml:78 - Set database path to: /opt/st/stm32cubeide_1.14.0/plugins/com.st.stm32cube.common.mx_6.10.0.202311202037//db//mcu/
2024-05-12 22:53:15,000 [INFO] ApiDb:274 - Set plugin database path to: /opt/st/stm32cubeide_1.14.0/plugins/com.st.stm32cube.common.mx_6.10.0.202311202037//db//plugins/boardmanager/
2024-05-12 22:53:15,000 [WARN] ApiDb:259 - Overriding images path with different value:  => /opt/st/stm32cubeide_1.14.0/plugins/com.st.stm32cube.common.mx_6.10.0.202311202037//db//plugins/mcufinder/images/
2024-05-12 22:53:15,005 [INFO] ApiDb:250 - Set database path to: /home/abhay/.stmcufinder/plugins/mcufinder//mcu/
2024-05-12 22:53:15,005 [INFO] DbMcusAds:125 - Set database path to: /home/abhay/.stmcufinder/plugins/mcufinder//mcu/
2024-05-12 22:53:15,007 [INFO] CrossReferenceDbSqlite:203 - Set database path to: /home/abhay/.stmcufinder/plugins/mcufinder//mcu/cs/
2024-05-12 22:53:15,073 [INFO] RulesReader:64 - Compatibility file has been processed (297 Rules)
2024-05-12 22:53:15,118 [INFO] DbMcusXml:78 - Set database path to: /opt/st/stm32cubeide_1.14.0/plugins/com.st.stm32cube.common.mx_6.10.0.202311202037//db//mcu/
2024-05-12 22:53:15,118 [INFO] ApiDb:274 - Set plugin database path to: /opt/st/stm32cubeide_1.14.0/plugins/com.st.stm32cube.common.mx_6.10.0.202311202037//db//plugins/boardmanager/
2024-05-12 22:53:15,118 [INFO] ApiDb:261 - Set plugin images path to: /opt/st/stm32cubeide_1.14.0/plugins/com.st.stm32cube.common.mx_6.10.0.202311202037//db//plugins/mcufinder/images/
2024-05-12 22:53:15,118 [WARN] DbFile:41 - Overriding database path with different value: /home/abhay/.stmcufinder/plugins/mcufinder/ => /home/abhay/.stmcufinder/plugins/mcufinder
2024-05-12 22:53:15,119 [INFO] ApiDb:250 - Set database path to: /home/abhay/.stmcufinder/plugins/mcufinder//mcu/
2024-05-12 22:53:15,119 [WARN] DbFile:41 - Overriding database path with different value: /home/abhay/.stmcufinder/plugins/mcufinder/ => /home/abhay/.stmcufinder/plugins/mcufinder
2024-05-12 22:53:15,119 [INFO] DbMcusAds:125 - Set database path to: /home/abhay/.stmcufinder/plugins/mcufinder//mcu/
2024-05-12 22:53:15,119 [WARN] DbFile:41 - Overriding database path with different value: /home/abhay/.stmcufinder/plugins/mcufinder/ => /home/abhay/.stmcufinder/plugins/mcufinder
2024-05-12 22:53:15,119 [WARN] DbFile:41 - Overriding database path with different value: /home/abhay/.stmcufinder/plugins/mcufinder/ => /home/abhay/.stmcufinder/plugins/mcufinder
2024-05-12 22:53:15,119 [INFO] CrossReferenceDbSqlite:203 - Set database path to: /home/abhay/.stmcufinder/plugins/mcufinder//mcu/cs/
2024-05-12 22:53:15,166 [INFO] MainPanel:264 - HeapMemory: 268435456
2024-05-12 22:53:15,223 [INFO] DbMcusXml:78 - Set database path to: /opt/st/stm32cubeide_1.14.0/plugins/com.st.stm32cube.common.mx_6.10.0.202311202037//db//mcu/
2024-05-12 22:53:15,223 [INFO] ApiDb:274 - Set plugin database path to: /opt/st/stm32cubeide_1.14.0/plugins/com.st.stm32cube.common.mx_6.10.0.202311202037//db//plugins/boardmanager/
2024-05-12 22:53:15,223 [INFO] ApiDb:261 - Set plugin images path to: /opt/st/stm32cubeide_1.14.0/plugins/com.st.stm32cube.common.mx_6.10.0.202311202037//db//plugins/mcufinder/images/
2024-05-12 22:53:15,223 [WARN] DbFile:41 - Overriding database path with different value: /home/abhay/.stmcufinder/plugins/mcufinder/ => /home/abhay/.stmcufinder/plugins/mcufinder
2024-05-12 22:53:15,223 [INFO] ApiDb:250 - Set database path to: /home/abhay/.stmcufinder/plugins/mcufinder//mcu/
2024-05-12 22:53:15,223 [WARN] DbFile:41 - Overriding database path with different value: /home/abhay/.stmcufinder/plugins/mcufinder/ => /home/abhay/.stmcufinder/plugins/mcufinder
2024-05-12 22:53:15,223 [INFO] DbMcusAds:125 - Set database path to: /home/abhay/.stmcufinder/plugins/mcufinder//mcu/
2024-05-12 22:53:15,223 [WARN] DbFile:41 - Overriding database path with different value: /home/abhay/.stmcufinder/plugins/mcufinder/ => /home/abhay/.stmcufinder/plugins/mcufinder
2024-05-12 22:53:15,223 [WARN] DbFile:41 - Overriding database path with different value: /home/abhay/.stmcufinder/plugins/mcufinder/ => /home/abhay/.stmcufinder/plugins/mcufinder
2024-05-12 22:53:15,223 [INFO] CrossReferenceDbSqlite:203 - Set database path to: /home/abhay/.stmcufinder/plugins/mcufinder//mcu/cs/
2024-05-12 22:53:15,233 [INFO] ApplicationProperties:184 - Using Application install path: /opt/st/stm32cubeide_1.14.0/plugins/com.st.stm32cube.common.mx_6.10.0.202311202037
2024-05-12 22:53:15,235 [INFO] PluginManage:196 - Search for loadable plugins [exclusion list=, ]
2024-05-12 22:53:15,235 [INFO] PluginManage:310 - Check plugin analytics
2024-05-12 22:53:15,336 [INFO] AnalyticsPlugin:253 - Accepted Software Licenses: STM32CubeMX.6.11.0,STM32CubeMX.6.10.0
2024-05-12 22:53:15,336 [INFO] AnalyticsPlugin:255 - Accepted CMSIS Pack Licenses: 
2024-05-12 22:53:15,336 [INFO] AnalyticsPlugin:257 - Accepted Firmware Licenses: FW.F4.1.28.0
2024-05-12 22:53:15,338 [INFO] PluginManage:359 - Loaded plugin analytics (category:tool,tabindex:-1)
2024-05-12 22:53:15,339 [INFO] PluginManage:310 - Check plugin cadmodel
2024-05-12 22:53:15,390 [INFO] CADModel:105 - Init CAD model plugin
2024-05-12 22:53:15,390 [INFO] PluginManage:359 - Loaded plugin cadmodel (category:power,tabindex:5)
2024-05-12 22:53:15,391 [INFO] PluginManage:310 - Check plugin clock
2024-05-12 22:53:15,400 [INFO] PluginManage:359 - Loaded plugin clock (category:base,tabindex:2)
2024-05-12 22:53:15,400 [INFO] PluginManage:310 - Check plugin ddr
2024-05-12 22:53:15,401 [INFO] PluginManage:359 - Loaded plugin ddr (category:tool,tabindex:6)
2024-05-12 22:53:15,402 [INFO] PluginManage:310 - Check plugin filemanager
2024-05-12 22:53:15,493 [INFO] PluginManage:359 - Loaded plugin filemanager (category:base,tabindex:10)
2024-05-12 22:53:15,493 [INFO] PluginManage:310 - Check plugin ipmanager
2024-05-12 22:53:15,498 [INFO] PluginManage:359 - Loaded plugin ipmanager (category:base,tabindex:5)
2024-05-12 22:53:15,499 [INFO] PluginManage:310 - Check plugin lpbam
2024-05-12 22:53:15,506 [INFO] PluginManage:359 - Loaded plugin lpbam (category:base,tabindex:0)
2024-05-12 22:53:15,507 [INFO] PluginManage:310 - Check plugin memorymap
2024-05-12 22:53:15,516 [INFO] PluginManage:359 - Loaded plugin memorymap (category:base,tabindex:4)
2024-05-12 22:53:15,516 [INFO] PluginManage:310 - Check plugin pinoutandconfiguration
2024-05-12 22:53:15,521 [INFO] PluginManage:359 - Loaded plugin pinoutandconfiguration (category:base,tabindex:1)
2024-05-12 22:53:15,521 [INFO] PluginManage:310 - Check plugin pinoutconfig
2024-05-12 22:53:15,580 [WARN] SupportedApi:132 - Cannot load RTOS API schema: s4s-elt-must-match.1: The content of 'definitions' must match (annotation?, (simpleType | complexType)?, (unique | key | keyref)*)). A problem was found starting at: attribute.
2024-05-12 22:53:15,657 [INFO] PluginManage:359 - Loaded plugin pinoutconfig (category:base,tabindex:0)
2024-05-12 22:53:15,657 [INFO] PluginManage:310 - Check plugin power
2024-05-12 22:53:15,664 [INFO] PluginManage:359 - Loaded plugin power (category:power,tabindex:4)
2024-05-12 22:53:15,664 [INFO] PluginManage:310 - Check plugin projectmanager
2024-05-12 22:53:15,677 [INFO] PluginManage:359 - Loaded plugin projectmanager (category:projectmanager,tabindex:3)
2024-05-12 22:53:15,677 [INFO] PluginManage:310 - Check plugin thirdparty
2024-05-12 22:53:15,779 [INFO] PluginManage:359 - Loaded plugin thirdparty (category:base,tabindex:-1)
2024-05-12 22:53:15,778 [WARN] IntegrityCheckThread:84 - waiting for thirdparty lock release [integrity check]
2024-05-12 22:53:15,779 [INFO] IntegrityCheckThread:86 - entering critical section [integrity check]
2024-05-12 22:53:15,779 [INFO] PluginManage:310 - Check plugin tools
2024-05-12 22:53:15,779 [INFO] ThirdPartyUpdaterWithRetryManager:70 - Updater plugin not ready yet. [1/15]
2024-05-12 22:53:15,781 [INFO] PluginManage:359 - Loaded plugin tools (category:base,tabindex:7)
2024-05-12 22:53:15,781 [INFO] PluginManage:310 - Check plugin tutovideos
2024-05-12 22:53:15,872 [INFO] PluginManage:359 - Loaded plugin tutovideos (category:base,tabindex:-1)
2024-05-12 22:53:15,872 [INFO] PluginManage:310 - Check plugin updater
2024-05-12 22:53:15,879 [INFO] PluginManage:359 - Loaded plugin updater (category:base,tabindex:12)
2024-05-12 22:53:15,879 [INFO] PluginManage:310 - Check plugin userauth
2024-05-12 22:53:15,883 [INFO] UserAuth:114 - Init User Auth plugin
2024-05-12 22:53:15,883 [INFO] PluginManage:359 - Loaded plugin userauth (category:base,tabindex:14)
2024-05-12 22:53:15,883 [INFO] PluginManage:283 - PluginManage : Loaded plugins [17]
2024-05-12 22:53:16,124 [INFO] PinOutPanel:1499 - setPackage(No Configuration,No Configuration)
2024-05-12 22:53:16,188 [INFO] CADModel:165 - CPN selected for project level
2024-05-12 22:53:16,188 [INFO] CADModel:114 - Register for checkConnection events
2024-05-12 22:53:16,199 [INFO] IPUIPlugin:80 - create IPUIPlugin
2024-05-12 22:53:16,199 [INFO] PluginManager:220 - loadIPPluginJar : add tsc
2024-05-12 22:53:16,203 [INFO] IPUIPlugin:80 - create IPUIPlugin
2024-05-12 22:53:16,203 [INFO] PluginManager:220 - loadIPPluginJar : add i3c
2024-05-12 22:53:16,208 [INFO] IPUIPlugin:80 - create IPUIPlugin
2024-05-12 22:53:16,209 [INFO] PluginManager:220 - loadIPPluginJar : add gpio
2024-05-12 22:53:16,211 [INFO] IPUIPlugin:80 - create IPUIPlugin
2024-05-12 22:53:16,211 [INFO] PluginManager:220 - loadIPPluginJar : add quadspi
2024-05-12 22:53:16,215 [INFO] IPUIPlugin:80 - create IPUIPlugin
2024-05-12 22:53:16,216 [INFO] PluginManager:220 - loadIPPluginJar : add opamp
2024-05-12 22:53:16,218 [INFO] IPUIPlugin:80 - create IPUIPlugin
2024-05-12 22:53:16,218 [INFO] PluginManager:220 - loadIPPluginJar : add usart
2024-05-12 22:53:16,224 [INFO] IPUIPlugin:80 - create IPUIPlugin
2024-05-12 22:53:16,225 [INFO] PluginManager:220 - loadIPPluginJar : add adc
2024-05-12 22:53:16,229 [INFO] IPUIPlugin:80 - create IPUIPlugin
2024-05-12 22:53:16,229 [INFO] PluginManager:220 - loadIPPluginJar : add stm32_wpan
2024-05-12 22:53:16,232 [INFO] IPUIPlugin:80 - create IPUIPlugin
2024-05-12 22:53:16,232 [INFO] PluginManager:220 - loadIPPluginJar : add dma3
2024-05-12 22:53:16,238 [INFO] IPUIPlugin:80 - create IPUIPlugin
2024-05-12 22:53:16,238 [INFO] PluginManager:220 - loadIPPluginJar : add mdma
2024-05-12 22:53:16,240 [INFO] IPUIPlugin:80 - create IPUIPlugin
2024-05-12 22:53:16,241 [INFO] PluginManager:220 - loadIPPluginJar : add ipddr
2024-05-12 22:53:16,242 [INFO] IPUIPlugin:80 - create IPUIPlugin
2024-05-12 22:53:16,243 [INFO] PluginManager:220 - loadIPPluginJar : add ucpd
2024-05-12 22:53:16,244 [INFO] IPUIPlugin:80 - create IPUIPlugin
2024-05-12 22:53:16,245 [INFO] PluginManager:220 - loadIPPluginJar : add cryp
2024-05-12 22:53:16,246 [INFO] IPUIPlugin:80 - create IPUIPlugin
2024-05-12 22:53:16,246 [INFO] PluginManager:220 - loadIPPluginJar : add comp
2024-05-12 22:53:16,248 [INFO] IPUIPlugin:80 - create IPUIPlugin
2024-05-12 22:53:16,248 [INFO] PluginManager:220 - loadIPPluginJar : add dfsdm
2024-05-12 22:53:16,249 [INFO] IPUIPlugin:80 - create IPUIPlugin
2024-05-12 22:53:16,250 [INFO] PluginManager:220 - loadIPPluginJar : add ts
2024-05-12 22:53:16,251 [INFO] IPUIPlugin:80 - create IPUIPlugin
2024-05-12 22:53:16,252 [INFO] PluginManager:220 - loadIPPluginJar : add i2s
2024-05-12 22:53:16,254 [INFO] IPUIPlugin:80 - create IPUIPlugin
2024-05-12 22:53:16,254 [INFO] PluginManager:220 - loadIPPluginJar : add can
2024-05-12 22:53:16,257 [INFO] IPUIPlugin:80 - create IPUIPlugin
2024-05-12 22:53:16,258 [INFO] PluginManager:220 - loadIPPluginJar : add i2c
2024-05-12 22:53:16,260 [INFO] IPUIPlugin:80 - create IPUIPlugin
2024-05-12 22:53:16,260 [INFO] PluginManager:220 - loadIPPluginJar : add genericplugin
2024-05-12 22:53:16,263 [INFO] IPUIPlugin:80 - create IPUIPlugin
2024-05-12 22:53:16,263 [INFO] PluginManager:220 - loadIPPluginJar : add spi
2024-05-12 22:53:16,265 [INFO] IPUIPlugin:80 - create IPUIPlugin
2024-05-12 22:53:16,266 [INFO] PluginManager:220 - loadIPPluginJar : add lorawan
2024-05-12 22:53:16,267 [INFO] IPUIPlugin:80 - create IPUIPlugin
2024-05-12 22:53:16,268 [INFO] PluginManager:220 - loadIPPluginJar : add aes
2024-05-12 22:53:16,269 [INFO] IPUIPlugin:80 - create IPUIPlugin
2024-05-12 22:53:16,269 [INFO] PluginManager:220 - loadIPPluginJar : add gfxmmu
2024-05-12 22:53:16,272 [INFO] IPUIPlugin:80 - create IPUIPlugin
2024-05-12 22:53:16,273 [INFO] PluginManager:220 - loadIPPluginJar : add nvic
2024-05-12 22:53:16,275 [INFO] IPUIPlugin:80 - create IPUIPlugin
2024-05-12 22:53:16,275 [INFO] PluginManager:220 - loadIPPluginJar : add sai
2024-05-12 22:53:16,277 [INFO] IPUIPlugin:80 - create IPUIPlugin
2024-05-12 22:53:16,277 [INFO] PluginManager:220 - loadIPPluginJar : add fatfs
2024-05-12 22:53:16,278 [INFO] IPUIPlugin:80 - create IPUIPlugin
2024-05-12 22:53:16,278 [INFO] PluginManager:220 - loadIPPluginJar : add ltdc
2024-05-12 22:53:16,284 [INFO] IPUIPlugin:80 - create IPUIPlugin
2024-05-12 22:53:16,284 [INFO] PluginManager:220 - loadIPPluginJar : add gic
2024-05-12 22:53:16,286 [INFO] IPUIPlugin:80 - create IPUIPlugin
2024-05-12 22:53:16,286 [INFO] PluginManager:220 - loadIPPluginJar : add hash
2024-05-12 22:53:16,287 [INFO] IPUIPlugin:80 - create IPUIPlugin
2024-05-12 22:53:16,288 [INFO] PluginManager:220 - loadIPPluginJar : add tracer_emb
2024-05-12 22:53:16,294 [INFO] IPUIPlugin:80 - create IPUIPlugin
2024-05-12 22:53:16,294 [INFO] PluginManager:220 - loadIPPluginJar : add linkedlist
2024-05-12 22:53:16,298 [INFO] IPUIPlugin:80 - create IPUIPlugin
2024-05-12 22:53:16,298 [INFO] PluginManager:220 - loadIPPluginJar : add fmc
2024-05-12 22:53:16,301 [INFO] IPUIPlugin:80 - create IPUIPlugin
2024-05-12 22:53:16,301 [INFO] PluginManager:220 - loadIPPluginJar : add openamp
2024-05-12 22:53:16,302 [INFO] IPUIPlugin:80 - create IPUIPlugin
2024-05-12 22:53:16,303 [INFO] PluginManager:220 - loadIPPluginJar : add touchsensing
2024-05-12 22:53:16,305 [INFO] IPUIPlugin:80 - create IPUIPlugin
2024-05-12 22:53:16,306 [INFO] PluginManager:220 - loadIPPluginJar : add pdm2pcm
2024-05-12 22:53:16,307 [INFO] IPUIPlugin:80 - create IPUIPlugin
2024-05-12 22:53:16,307 [INFO] PluginManager:220 - loadIPPluginJar : add gtzc
2024-05-12 22:53:16,312 [INFO] IPUIPlugin:80 - create IPUIPlugin
2024-05-12 22:53:16,312 [INFO] PluginManager:220 - loadIPPluginJar : add dma
2024-05-12 22:53:16,316 [INFO] IPUIPlugin:80 - create IPUIPlugin
2024-05-12 22:53:16,318 [INFO] PluginManager:220 - loadIPPluginJar : add plateformsettings
2024-05-12 22:53:16,323 [INFO] IPUIPlugin:80 - create IPUIPlugin
2024-05-12 22:53:16,323 [INFO] PluginManager:220 - loadIPPluginJar : add freertos
2024-05-12 22:53:16,325 [INFO] IPUIPlugin:80 - create IPUIPlugin
2024-05-12 22:53:16,325 [INFO] PluginManager:220 - loadIPPluginJar : add resmgrutility
2024-05-12 22:53:16,327 [INFO] IPUIPlugin:80 - create IPUIPlugin
2024-05-12 22:53:16,327 [INFO] PluginManager:220 - loadIPPluginJar : add usbx
2024-05-12 22:53:16,328 [INFO] IPUIPlugin:80 - create IPUIPlugin
2024-05-12 22:53:16,328 [INFO] PluginManager:220 - loadIPPluginJar : add tim
2024-05-12 22:53:16,423 [INFO] CADModel:165 - CPN selected for project level
2024-05-12 22:53:16,423 [INFO] CADModel:114 - Register for checkConnection events
2024-05-12 22:53:16,423 [FATAL] Updater:308 - Updater called before beeing initialized
2024-05-12 22:53:16,423 [ERROR] CADModel:125 - Updater not yet initialized, retry later 
2024-05-12 22:53:16,509 [INFO] CADModel:165 - CPN selected for project level
2024-05-12 22:53:16,509 [INFO] CADModel:114 - Register for checkConnection events
2024-05-12 22:53:16,509 [FATAL] Updater:308 - Updater called before beeing initialized
2024-05-12 22:53:16,509 [ERROR] CADModel:125 - Updater not yet initialized, retry later 
2024-05-12 22:53:16,512 [FATAL] Updater:308 - Updater called before beeing initialized
2024-05-12 22:53:16,580 [FATAL] Updater:308 - Updater called before beeing initialized
2024-05-12 22:53:16,584 [INFO] DbMcusAds:53 - JSON generation date=Wed Nov 29 16:22:27 IST 2023 (1701255147349)
2024-05-12 22:53:16,584 [FATAL] Updater:308 - Updater called before beeing initialized
2024-05-12 22:53:16,613 [WARN] DetailPanel:346 - Failed to get advertising image, set to default
2024-05-12 22:53:16,696 [FATAL] Updater:308 - Updater called before beeing initialized
2024-05-12 22:53:16,698 [FATAL] Updater:308 - Updater called before beeing initialized
2024-05-12 22:53:16,698 [FATAL] Updater:308 - Updater called before beeing initialized
2024-05-12 22:53:16,698 [WARN] DetailPanel:346 - Failed to get advertising image, set to default
2024-05-12 22:53:16,699 [FATAL] Updater:308 - Updater called before beeing initialized
2024-05-12 22:53:16,729 [ERROR] Updater:1120 - MainUpdater not yet initialized. External WinMGr cannot be set.
2024-05-12 22:53:16,731 [INFO] Updater:1056 - Updater Version found : 6.10.0
2024-05-12 22:53:16,747 [INFO] ApplicationProperties:184 - Using Application install path: /opt/st/stm32cubeide_1.14.0/plugins/com.st.stm32cube.common.mx_6.10.0.202311202037
2024-05-12 22:53:17,014 [INFO] MainUpdater:2873 - connection check result : 10
2024-05-12 22:53:17,014 [INFO] MainUpdater:3567 - Updater definition file requires update
2024-05-12 22:53:17,015 [INFO] MainUpdater:290 - Updater Check For Update Now.
2024-05-12 22:53:17,015 [INFO] MicroXplorer:498 - Change Database Version : DB.6.0.100
2024-05-12 22:53:17,025 [INFO] McuFinderGlobals:63 - Set McuFinder mode to 2 (CubeIDE integrated)
2024-05-12 22:53:17,180 [INFO] ServerAccessManage:473 - Download File updaters.zip
2024-05-12 22:53:17,692 [INFO] FileExtend:240 - Unzip File : updaters.zip
2024-05-12 22:53:17,693 [INFO] FileExtend:255 - Standard Zip Deflate
2024-05-12 22:53:17,720 [INFO] UserAuth:404 - Internet connection configuration mode: 1
2024-05-12 22:53:17,759 [INFO] JxBrowserEngine:152 - Initiate JxBrowser Engine with user profile folder
2024-05-12 22:53:17,902 [INFO] ServerAccessManage:473 - Download File PacksControlFlags.xml
2024-05-12 22:53:18,070 [INFO] ServerAccessManage:473 - Download File cubemx.pidx
2024-05-12 22:53:18,452 [INFO] WebApp:161 - Instantiating new browser for Auth
2024-05-12 22:53:18,780 [WARN] MainUpdater:1194 - Updater busy. Cannot search thirdparties
2024-05-12 22:53:18,780 [INFO] ThirdPartyUpdaterWithRetryManager:96 - Updater plugin is busy. [1/15]
2024-05-12 22:53:18,816 [INFO] WebApp:780 - Register for checkConnection events
2024-05-12 22:53:18,816 [INFO] WebApp:414 - Apply proxy settings
2024-05-12 22:53:18,816 [INFO] WebApp:499 - Chromium requires no authentication
2024-05-12 22:53:18,820 [INFO] WebApp:442 - Direct internet connection detected
2024-05-12 22:53:18,897 [INFO] WebApp:192 - Starting web application
2024-05-12 22:53:18,897 [INFO] WebApp:544 - Web application path used /opt/st/stm32cubeide_1.14.0/plugins/com.st.stm32cube.common.mx_6.10.0.202311202037/db/plugins/mcufinder/reactClient1/index.html
2024-05-12 22:53:19,266 [INFO] ServerAccessManage:473 - Download File STMicroelectronics.FP-SNS-MOTENVWB1.pdsc
2024-05-12 22:53:21,781 [WARN] MainUpdater:1194 - Updater busy. Cannot search thirdparties
2024-05-12 22:53:21,781 [INFO] ThirdPartyUpdaterWithRetryManager:96 - Updater plugin is busy. [2/15]
2024-05-12 22:53:23,501 [INFO] ServerAccessManage:473 - Download File STMicroelectronics.X-CUBE-AI.pdsc
2024-05-12 22:53:24,782 [WARN] MainUpdater:1194 - Updater busy. Cannot search thirdparties
2024-05-12 22:53:24,782 [INFO] ThirdPartyUpdaterWithRetryManager:96 - Updater plugin is busy. [3/15]
2024-05-12 22:53:27,782 [WARN] MainUpdater:1194 - Updater busy. Cannot search thirdparties
2024-05-12 22:53:27,783 [INFO] ThirdPartyUpdaterWithRetryManager:96 - Updater plugin is busy. [4/15]
2024-05-12 22:53:30,783 [WARN] MainUpdater:1194 - Updater busy. Cannot search thirdparties
2024-05-12 22:53:30,784 [INFO] ThirdPartyUpdaterWithRetryManager:96 - Updater plugin is busy. [5/15]
2024-05-12 22:53:31,936 [INFO] McuFinderGlobals:63 - Set McuFinder mode to 2 (CubeIDE integrated)
2024-05-12 22:53:33,784 [WARN] MainUpdater:1194 - Updater busy. Cannot search thirdparties
2024-05-12 22:53:33,785 [INFO] ThirdPartyUpdaterWithRetryManager:96 - Updater plugin is busy. [6/15]
2024-05-12 22:53:36,785 [WARN] MainUpdater:1194 - Updater busy. Cannot search thirdparties
2024-05-12 22:53:36,786 [INFO] ThirdPartyUpdaterWithRetryManager:96 - Updater plugin is busy. [7/15]
2024-05-12 22:53:39,163 [INFO] ServerAccessManage:473 - Download File STMicroelectronics.X-CUBE-FREERTOS.pdsc
2024-05-12 22:53:39,164 [ERROR] LogOutputStream:75 - [STDERR_REDIRECT] SLF4J: Failed to load class "org.slf4j.impl.StaticLoggerBinder".
2024-05-12 22:53:39,168 [ERROR] LogOutputStream:75 - [STDERR_REDIRECT] SLF4J: Defaulting to no-operation (NOP) logger implementation
2024-05-12 22:53:39,168 [ERROR] LogOutputStream:75 - [STDERR_REDIRECT] SLF4J: See http://www.slf4j.org/codes.html#StaticLoggerBinder for further details.
2024-05-12 22:53:39,786 [WARN] MainUpdater:1194 - Updater busy. Cannot search thirdparties
2024-05-12 22:53:39,787 [INFO] ThirdPartyUpdaterWithRetryManager:96 - Updater plugin is busy. [8/15]
2024-05-12 22:53:42,787 [WARN] MainUpdater:1194 - Updater busy. Cannot search thirdparties
2024-05-12 22:53:42,787 [INFO] ThirdPartyUpdaterWithRetryManager:96 - Updater plugin is busy. [9/15]
2024-05-12 22:53:43,851 [INFO] ServerAccessManage:473 - Download File STMicroelectronics.X-CUBE-TCPP.pdsc
2024-05-12 22:53:45,712 [INFO] ServerAccessManage:473 - Download File STMicroelectronics.X-CUBE-TOUCHGFX.pdsc
2024-05-12 22:53:45,787 [WARN] MainUpdater:1194 - Updater busy. Cannot search thirdparties
2024-05-12 22:53:45,788 [INFO] ThirdPartyUpdaterWithRetryManager:96 - Updater plugin is busy. [10/15]
2024-05-12 22:53:56,102 [INFO] Activator:176 - 


2024-05-12 22:53:56,103 [INFO] Activator:177 - !SESSION log4j initialized
2024-05-12 22:53:59,423 [INFO] LogOutputStream:77 - [STDOUT_REDIRECT] 
2024-05-12 22:54:00,217 [INFO] ApplicationProperties:184 - Using Application install path: /opt/st/stm32cubeide_1.14.0/plugins/com.st.stm32cube.common.mx_6.10.0.202311202037
2024-05-12 22:54:00,229 [INFO] DbMcusXml:78 - Set database path to: /opt/st/stm32cubeide_1.14.0/plugins/com.st.stm32cube.common.mx_6.10.0.202311202037//db//mcu/
2024-05-12 22:54:00,229 [INFO] ApiDb:274 - Set plugin database path to: /opt/st/stm32cubeide_1.14.0/plugins/com.st.stm32cube.common.mx_6.10.0.202311202037//db//plugins/boardmanager/
2024-05-12 22:54:00,229 [WARN] ApiDb:259 - Overriding images path with different value:  => /opt/st/stm32cubeide_1.14.0/plugins/com.st.stm32cube.common.mx_6.10.0.202311202037//db//plugins/mcufinder/images/
2024-05-12 22:54:00,233 [INFO] ApiDb:250 - Set database path to: /home/abhay/.stmcufinder/plugins/mcufinder//mcu/
2024-05-12 22:54:00,234 [INFO] DbMcusAds:125 - Set database path to: /home/abhay/.stmcufinder/plugins/mcufinder//mcu/
2024-05-12 22:54:00,235 [INFO] CrossReferenceDbSqlite:203 - Set database path to: /home/abhay/.stmcufinder/plugins/mcufinder//mcu/cs/
2024-05-12 22:54:00,306 [INFO] RulesReader:64 - Compatibility file has been processed (297 Rules)
2024-05-12 22:54:00,348 [INFO] DbMcusXml:78 - Set database path to: /opt/st/stm32cubeide_1.14.0/plugins/com.st.stm32cube.common.mx_6.10.0.202311202037//db//mcu/
2024-05-12 22:54:00,348 [INFO] ApiDb:274 - Set plugin database path to: /opt/st/stm32cubeide_1.14.0/plugins/com.st.stm32cube.common.mx_6.10.0.202311202037//db//plugins/boardmanager/
2024-05-12 22:54:00,349 [INFO] ApiDb:261 - Set plugin images path to: /opt/st/stm32cubeide_1.14.0/plugins/com.st.stm32cube.common.mx_6.10.0.202311202037//db//plugins/mcufinder/images/
2024-05-12 22:54:00,349 [WARN] DbFile:41 - Overriding database path with different value: /home/abhay/.stmcufinder/plugins/mcufinder/ => /home/abhay/.stmcufinder/plugins/mcufinder
2024-05-12 22:54:00,349 [INFO] ApiDb:250 - Set database path to: /home/abhay/.stmcufinder/plugins/mcufinder//mcu/
2024-05-12 22:54:00,349 [WARN] DbFile:41 - Overriding database path with different value: /home/abhay/.stmcufinder/plugins/mcufinder/ => /home/abhay/.stmcufinder/plugins/mcufinder
2024-05-12 22:54:00,349 [INFO] DbMcusAds:125 - Set database path to: /home/abhay/.stmcufinder/plugins/mcufinder//mcu/
2024-05-12 22:54:00,349 [WARN] DbFile:41 - Overriding database path with different value: /home/abhay/.stmcufinder/plugins/mcufinder/ => /home/abhay/.stmcufinder/plugins/mcufinder
2024-05-12 22:54:00,349 [WARN] DbFile:41 - Overriding database path with different value: /home/abhay/.stmcufinder/plugins/mcufinder/ => /home/abhay/.stmcufinder/plugins/mcufinder
2024-05-12 22:54:00,349 [INFO] CrossReferenceDbSqlite:203 - Set database path to: /home/abhay/.stmcufinder/plugins/mcufinder//mcu/cs/
2024-05-12 22:54:00,403 [INFO] MainPanel:264 - HeapMemory: 268435456
2024-05-12 22:54:00,449 [INFO] DbMcusXml:78 - Set database path to: /opt/st/stm32cubeide_1.14.0/plugins/com.st.stm32cube.common.mx_6.10.0.202311202037//db//mcu/
2024-05-12 22:54:00,449 [INFO] ApiDb:274 - Set plugin database path to: /opt/st/stm32cubeide_1.14.0/plugins/com.st.stm32cube.common.mx_6.10.0.202311202037//db//plugins/boardmanager/
2024-05-12 22:54:00,449 [INFO] ApiDb:261 - Set plugin images path to: /opt/st/stm32cubeide_1.14.0/plugins/com.st.stm32cube.common.mx_6.10.0.202311202037//db//plugins/mcufinder/images/
2024-05-12 22:54:00,449 [WARN] DbFile:41 - Overriding database path with different value: /home/abhay/.stmcufinder/plugins/mcufinder/ => /home/abhay/.stmcufinder/plugins/mcufinder
2024-05-12 22:54:00,449 [INFO] ApiDb:250 - Set database path to: /home/abhay/.stmcufinder/plugins/mcufinder//mcu/
2024-05-12 22:54:00,449 [WARN] DbFile:41 - Overriding database path with different value: /home/abhay/.stmcufinder/plugins/mcufinder/ => /home/abhay/.stmcufinder/plugins/mcufinder
2024-05-12 22:54:00,450 [INFO] DbMcusAds:125 - Set database path to: /home/abhay/.stmcufinder/plugins/mcufinder//mcu/
2024-05-12 22:54:00,450 [WARN] DbFile:41 - Overriding database path with different value: /home/abhay/.stmcufinder/plugins/mcufinder/ => /home/abhay/.stmcufinder/plugins/mcufinder
2024-05-12 22:54:00,450 [WARN] DbFile:41 - Overriding database path with different value: /home/abhay/.stmcufinder/plugins/mcufinder/ => /home/abhay/.stmcufinder/plugins/mcufinder
2024-05-12 22:54:00,450 [INFO] CrossReferenceDbSqlite:203 - Set database path to: /home/abhay/.stmcufinder/plugins/mcufinder//mcu/cs/
2024-05-12 22:54:00,463 [INFO] ApplicationProperties:184 - Using Application install path: /opt/st/stm32cubeide_1.14.0/plugins/com.st.stm32cube.common.mx_6.10.0.202311202037
2024-05-12 22:54:00,465 [INFO] PluginManage:196 - Search for loadable plugins [exclusion list=, ]
2024-05-12 22:54:00,466 [INFO] PluginManage:310 - Check plugin analytics
2024-05-12 22:54:00,564 [INFO] AnalyticsPlugin:253 - Accepted Software Licenses: STM32CubeMX.6.11.0,STM32CubeMX.6.10.0
2024-05-12 22:54:00,564 [INFO] AnalyticsPlugin:255 - Accepted CMSIS Pack Licenses: 
2024-05-12 22:54:00,564 [INFO] AnalyticsPlugin:257 - Accepted Firmware Licenses: FW.F4.1.28.0
2024-05-12 22:54:00,567 [INFO] PluginManage:359 - Loaded plugin analytics (category:tool,tabindex:-1)
2024-05-12 22:54:00,567 [INFO] PluginManage:310 - Check plugin cadmodel
2024-05-12 22:54:00,579 [INFO] CADModel:105 - Init CAD model plugin
2024-05-12 22:54:00,579 [INFO] PluginManage:359 - Loaded plugin cadmodel (category:power,tabindex:5)
2024-05-12 22:54:00,579 [INFO] PluginManage:310 - Check plugin clock
2024-05-12 22:54:00,585 [INFO] PluginManage:359 - Loaded plugin clock (category:base,tabindex:2)
2024-05-12 22:54:00,585 [INFO] PluginManage:310 - Check plugin ddr
2024-05-12 22:54:00,586 [INFO] PluginManage:359 - Loaded plugin ddr (category:tool,tabindex:6)
2024-05-12 22:54:00,586 [INFO] PluginManage:310 - Check plugin filemanager
2024-05-12 22:54:00,682 [INFO] PluginManage:359 - Loaded plugin filemanager (category:base,tabindex:10)
2024-05-12 22:54:00,682 [INFO] PluginManage:310 - Check plugin ipmanager
2024-05-12 22:54:00,685 [INFO] PluginManage:359 - Loaded plugin ipmanager (category:base,tabindex:5)
2024-05-12 22:54:00,685 [INFO] PluginManage:310 - Check plugin lpbam
2024-05-12 22:54:00,691 [INFO] PluginManage:359 - Loaded plugin lpbam (category:base,tabindex:0)
2024-05-12 22:54:00,691 [INFO] PluginManage:310 - Check plugin memorymap
2024-05-12 22:54:00,698 [INFO] PluginManage:359 - Loaded plugin memorymap (category:base,tabindex:4)
2024-05-12 22:54:00,698 [INFO] PluginManage:310 - Check plugin pinoutandconfiguration
2024-05-12 22:54:00,703 [INFO] PluginManage:359 - Loaded plugin pinoutandconfiguration (category:base,tabindex:1)
2024-05-12 22:54:00,703 [INFO] PluginManage:310 - Check plugin pinoutconfig
2024-05-12 22:54:00,757 [WARN] SupportedApi:132 - Cannot load RTOS API schema: s4s-elt-must-match.1: The content of 'definitions' must match (annotation?, (simpleType | complexType)?, (unique | key | keyref)*)). A problem was found starting at: attribute.
2024-05-12 22:54:00,827 [INFO] PluginManage:359 - Loaded plugin pinoutconfig (category:base,tabindex:0)
2024-05-12 22:54:00,827 [INFO] PluginManage:310 - Check plugin power
2024-05-12 22:54:00,832 [INFO] PluginManage:359 - Loaded plugin power (category:power,tabindex:4)
2024-05-12 22:54:00,832 [INFO] PluginManage:310 - Check plugin projectmanager
2024-05-12 22:54:00,842 [INFO] PluginManage:359 - Loaded plugin projectmanager (category:projectmanager,tabindex:3)
2024-05-12 22:54:00,842 [INFO] PluginManage:310 - Check plugin thirdparty
2024-05-12 22:54:00,902 [INFO] PluginManage:359 - Loaded plugin thirdparty (category:base,tabindex:-1)
2024-05-12 22:54:00,902 [WARN] IntegrityCheckThread:84 - waiting for thirdparty lock release [integrity check]
2024-05-12 22:54:00,902 [INFO] PluginManage:310 - Check plugin tools
2024-05-12 22:54:00,902 [INFO] IntegrityCheckThread:86 - entering critical section [integrity check]
2024-05-12 22:54:00,902 [INFO] ThirdPartyUpdaterWithRetryManager:70 - Updater plugin not ready yet. [1/15]
2024-05-12 22:54:00,903 [INFO] PluginManage:359 - Loaded plugin tools (category:base,tabindex:7)
2024-05-12 22:54:00,903 [INFO] PluginManage:310 - Check plugin tutovideos
2024-05-12 22:54:00,993 [INFO] PluginManage:359 - Loaded plugin tutovideos (category:base,tabindex:-1)
2024-05-12 22:54:00,993 [INFO] PluginManage:310 - Check plugin updater
2024-05-12 22:54:00,999 [INFO] PluginManage:359 - Loaded plugin updater (category:base,tabindex:12)
2024-05-12 22:54:01,000 [INFO] PluginManage:310 - Check plugin userauth
2024-05-12 22:54:01,003 [INFO] UserAuth:114 - Init User Auth plugin
2024-05-12 22:54:01,003 [INFO] PluginManage:359 - Loaded plugin userauth (category:base,tabindex:14)
2024-05-12 22:54:01,003 [INFO] PluginManage:283 - PluginManage : Loaded plugins [17]
2024-05-12 22:54:01,114 [INFO] PinOutPanel:1499 - setPackage(No Configuration,No Configuration)
2024-05-12 22:54:01,153 [INFO] CADModel:165 - CPN selected for project level
2024-05-12 22:54:01,153 [INFO] CADModel:114 - Register for checkConnection events
2024-05-12 22:54:01,160 [INFO] IPUIPlugin:80 - create IPUIPlugin
2024-05-12 22:54:01,160 [INFO] PluginManager:220 - loadIPPluginJar : add tsc
2024-05-12 22:54:01,165 [INFO] IPUIPlugin:80 - create IPUIPlugin
2024-05-12 22:54:01,165 [INFO] PluginManager:220 - loadIPPluginJar : add i3c
2024-05-12 22:54:01,168 [INFO] IPUIPlugin:80 - create IPUIPlugin
2024-05-12 22:54:01,169 [INFO] PluginManager:220 - loadIPPluginJar : add gpio
2024-05-12 22:54:01,170 [INFO] IPUIPlugin:80 - create IPUIPlugin
2024-05-12 22:54:01,170 [INFO] PluginManager:220 - loadIPPluginJar : add quadspi
2024-05-12 22:54:01,173 [INFO] IPUIPlugin:80 - create IPUIPlugin
2024-05-12 22:54:01,174 [INFO] PluginManager:220 - loadIPPluginJar : add opamp
2024-05-12 22:54:01,175 [INFO] IPUIPlugin:80 - create IPUIPlugin
2024-05-12 22:54:01,175 [INFO] PluginManager:220 - loadIPPluginJar : add usart
2024-05-12 22:54:01,179 [INFO] IPUIPlugin:80 - create IPUIPlugin
2024-05-12 22:54:01,179 [INFO] PluginManager:220 - loadIPPluginJar : add adc
2024-05-12 22:54:01,184 [INFO] IPUIPlugin:80 - create IPUIPlugin
2024-05-12 22:54:01,184 [INFO] PluginManager:220 - loadIPPluginJar : add stm32_wpan
2024-05-12 22:54:01,185 [INFO] IPUIPlugin:80 - create IPUIPlugin
2024-05-12 22:54:01,185 [INFO] PluginManager:220 - loadIPPluginJar : add dma3
2024-05-12 22:54:01,189 [INFO] IPUIPlugin:80 - create IPUIPlugin
2024-05-12 22:54:01,189 [INFO] PluginManager:220 - loadIPPluginJar : add mdma
2024-05-12 22:54:01,192 [INFO] IPUIPlugin:80 - create IPUIPlugin
2024-05-12 22:54:01,192 [INFO] PluginManager:220 - loadIPPluginJar : add ipddr
2024-05-12 22:54:01,194 [INFO] IPUIPlugin:80 - create IPUIPlugin
2024-05-12 22:54:01,194 [INFO] PluginManager:220 - loadIPPluginJar : add ucpd
2024-05-12 22:54:01,196 [INFO] IPUIPlugin:80 - create IPUIPlugin
2024-05-12 22:54:01,196 [INFO] PluginManager:220 - loadIPPluginJar : add cryp
2024-05-12 22:54:01,197 [INFO] IPUIPlugin:80 - create IPUIPlugin
2024-05-12 22:54:01,197 [INFO] PluginManager:220 - loadIPPluginJar : add comp
2024-05-12 22:54:01,199 [INFO] IPUIPlugin:80 - create IPUIPlugin
2024-05-12 22:54:01,199 [INFO] PluginManager:220 - loadIPPluginJar : add dfsdm
2024-05-12 22:54:01,200 [INFO] IPUIPlugin:80 - create IPUIPlugin
2024-05-12 22:54:01,201 [INFO] PluginManager:220 - loadIPPluginJar : add ts
2024-05-12 22:54:01,202 [INFO] IPUIPlugin:80 - create IPUIPlugin
2024-05-12 22:54:01,202 [INFO] PluginManager:220 - loadIPPluginJar : add i2s
2024-05-12 22:54:01,203 [INFO] IPUIPlugin:80 - create IPUIPlugin
2024-05-12 22:54:01,203 [INFO] PluginManager:220 - loadIPPluginJar : add can
2024-05-12 22:54:01,205 [INFO] IPUIPlugin:80 - create IPUIPlugin
2024-05-12 22:54:01,205 [INFO] PluginManager:220 - loadIPPluginJar : add i2c
2024-05-12 22:54:01,206 [INFO] IPUIPlugin:80 - create IPUIPlugin
2024-05-12 22:54:01,206 [INFO] PluginManager:220 - loadIPPluginJar : add genericplugin
2024-05-12 22:54:01,207 [INFO] IPUIPlugin:80 - create IPUIPlugin
2024-05-12 22:54:01,207 [INFO] PluginManager:220 - loadIPPluginJar : add spi
2024-05-12 22:54:01,208 [INFO] IPUIPlugin:80 - create IPUIPlugin
2024-05-12 22:54:01,208 [INFO] PluginManager:220 - loadIPPluginJar : add lorawan
2024-05-12 22:54:01,210 [INFO] IPUIPlugin:80 - create IPUIPlugin
2024-05-12 22:54:01,210 [INFO] PluginManager:220 - loadIPPluginJar : add aes
2024-05-12 22:54:01,211 [INFO] IPUIPlugin:80 - create IPUIPlugin
2024-05-12 22:54:01,211 [INFO] PluginManager:220 - loadIPPluginJar : add gfxmmu
2024-05-12 22:54:01,213 [INFO] IPUIPlugin:80 - create IPUIPlugin
2024-05-12 22:54:01,214 [INFO] PluginManager:220 - loadIPPluginJar : add nvic
2024-05-12 22:54:01,216 [INFO] IPUIPlugin:80 - create IPUIPlugin
2024-05-12 22:54:01,216 [INFO] PluginManager:220 - loadIPPluginJar : add sai
2024-05-12 22:54:01,217 [INFO] IPUIPlugin:80 - create IPUIPlugin
2024-05-12 22:54:01,217 [INFO] PluginManager:220 - loadIPPluginJar : add fatfs
2024-05-12 22:54:01,218 [INFO] IPUIPlugin:80 - create IPUIPlugin
2024-05-12 22:54:01,218 [INFO] PluginManager:220 - loadIPPluginJar : add ltdc
2024-05-12 22:54:01,220 [INFO] IPUIPlugin:80 - create IPUIPlugin
2024-05-12 22:54:01,220 [INFO] PluginManager:220 - loadIPPluginJar : add gic
2024-05-12 22:54:01,221 [INFO] IPUIPlugin:80 - create IPUIPlugin
2024-05-12 22:54:01,222 [INFO] PluginManager:220 - loadIPPluginJar : add hash
2024-05-12 22:54:01,222 [INFO] IPUIPlugin:80 - create IPUIPlugin
2024-05-12 22:54:01,222 [INFO] PluginManager:220 - loadIPPluginJar : add tracer_emb
2024-05-12 22:54:01,226 [INFO] IPUIPlugin:80 - create IPUIPlugin
2024-05-12 22:54:01,226 [INFO] PluginManager:220 - loadIPPluginJar : add linkedlist
2024-05-12 22:54:01,228 [INFO] IPUIPlugin:80 - create IPUIPlugin
2024-05-12 22:54:01,228 [INFO] PluginManager:220 - loadIPPluginJar : add fmc
2024-05-12 22:54:01,229 [INFO] IPUIPlugin:80 - create IPUIPlugin
2024-05-12 22:54:01,230 [INFO] PluginManager:220 - loadIPPluginJar : add openamp
2024-05-12 22:54:01,231 [INFO] IPUIPlugin:80 - create IPUIPlugin
2024-05-12 22:54:01,231 [INFO] PluginManager:220 - loadIPPluginJar : add touchsensing
2024-05-12 22:54:01,232 [INFO] IPUIPlugin:80 - create IPUIPlugin
2024-05-12 22:54:01,232 [INFO] PluginManager:220 - loadIPPluginJar : add pdm2pcm
2024-05-12 22:54:01,233 [INFO] IPUIPlugin:80 - create IPUIPlugin
2024-05-12 22:54:01,233 [INFO] PluginManager:220 - loadIPPluginJar : add gtzc
2024-05-12 22:54:01,236 [INFO] IPUIPlugin:80 - create IPUIPlugin
2024-05-12 22:54:01,236 [INFO] PluginManager:220 - loadIPPluginJar : add dma
2024-05-12 22:54:01,239 [INFO] IPUIPlugin:80 - create IPUIPlugin
2024-05-12 22:54:01,240 [INFO] PluginManager:220 - loadIPPluginJar : add plateformsettings
2024-05-12 22:54:01,243 [INFO] IPUIPlugin:80 - create IPUIPlugin
2024-05-12 22:54:01,243 [INFO] PluginManager:220 - loadIPPluginJar : add freertos
2024-05-12 22:54:01,246 [INFO] IPUIPlugin:80 - create IPUIPlugin
2024-05-12 22:54:01,246 [INFO] PluginManager:220 - loadIPPluginJar : add resmgrutility
2024-05-12 22:54:01,248 [INFO] IPUIPlugin:80 - create IPUIPlugin
2024-05-12 22:54:01,248 [INFO] PluginManager:220 - loadIPPluginJar : add usbx
2024-05-12 22:54:01,249 [INFO] IPUIPlugin:80 - create IPUIPlugin
2024-05-12 22:54:01,249 [INFO] PluginManager:220 - loadIPPluginJar : add tim
2024-05-12 22:54:01,353 [INFO] CADModel:165 - CPN selected for project level
2024-05-12 22:54:01,354 [INFO] CADModel:114 - Register for checkConnection events
2024-05-12 22:54:01,354 [FATAL] Updater:308 - Updater called before beeing initialized
2024-05-12 22:54:01,354 [ERROR] CADModel:125 - Updater not yet initialized, retry later 
2024-05-12 22:54:01,436 [INFO] CADModel:165 - CPN selected for project level
2024-05-12 22:54:01,436 [INFO] CADModel:114 - Register for checkConnection events
2024-05-12 22:54:01,436 [FATAL] Updater:308 - Updater called before beeing initialized
2024-05-12 22:54:01,436 [ERROR] CADModel:125 - Updater not yet initialized, retry later 
2024-05-12 22:54:01,438 [FATAL] Updater:308 - Updater called before beeing initialized
2024-05-12 22:54:01,499 [FATAL] Updater:308 - Updater called before beeing initialized
2024-05-12 22:54:01,503 [INFO] DbMcusAds:53 - JSON generation date=Wed Nov 29 16:22:27 IST 2023 (1701255147349)
2024-05-12 22:54:01,504 [FATAL] Updater:308 - Updater called before beeing initialized
2024-05-12 22:54:01,523 [WARN] DetailPanel:346 - Failed to get advertising image, set to default
2024-05-12 22:54:01,580 [FATAL] Updater:308 - Updater called before beeing initialized
2024-05-12 22:54:01,581 [FATAL] Updater:308 - Updater called before beeing initialized
2024-05-12 22:54:01,582 [FATAL] Updater:308 - Updater called before beeing initialized
2024-05-12 22:54:01,582 [WARN] DetailPanel:346 - Failed to get advertising image, set to default
2024-05-12 22:54:01,582 [FATAL] Updater:308 - Updater called before beeing initialized
2024-05-12 22:54:01,603 [ERROR] Updater:1120 - MainUpdater not yet initialized. External WinMGr cannot be set.
2024-05-12 22:54:01,604 [INFO] Updater:1056 - Updater Version found : 6.10.0
2024-05-12 22:54:01,617 [INFO] ApplicationProperties:184 - Using Application install path: /opt/st/stm32cubeide_1.14.0/plugins/com.st.stm32cube.common.mx_6.10.0.202311202037
2024-05-12 22:54:01,826 [INFO] MainUpdater:2873 - connection check result : 10
2024-05-12 22:54:01,826 [INFO] MainUpdater:3567 - Updater definition file requires update
2024-05-12 22:54:01,826 [INFO] MainUpdater:290 - Updater Check For Update Now.
2024-05-12 22:54:01,826 [INFO] MicroXplorer:498 - Change Database Version : DB.6.0.100
2024-05-12 22:54:01,829 [INFO] McuFinderGlobals:63 - Set McuFinder mode to 2 (CubeIDE integrated)
2024-05-12 22:54:01,952 [INFO] ServerAccessManage:473 - Download File updaters.zip
2024-05-12 22:54:02,830 [INFO] FileExtend:240 - Unzip File : updaters.zip
2024-05-12 22:54:02,830 [INFO] FileExtend:255 - Standard Zip Deflate
2024-05-12 22:54:02,904 [INFO] UserAuth:404 - Internet connection configuration mode: 1
2024-05-12 22:54:02,913 [INFO] JxBrowserEngine:152 - Initiate JxBrowser Engine with user profile folder
2024-05-12 22:54:02,987 [INFO] ServerAccessManage:473 - Download File PacksControlFlags.xml
2024-05-12 22:54:03,107 [INFO] ServerAccessManage:473 - Download File cubemx.pidx
2024-05-12 22:54:03,155 [INFO] LoadServerUpdatesThread:375 - End of LoadServerUpdate Thread
2024-05-12 22:54:03,297 [INFO] CheckServerUpdateThread:120 - End of CheckServer Thread
2024-05-12 22:54:03,303 [INFO] WebApp:161 - Instantiating new browser for Auth
2024-05-12 22:54:03,555 [INFO] WebApp:780 - Register for checkConnection events
2024-05-12 22:54:03,555 [INFO] WebApp:414 - Apply proxy settings
2024-05-12 22:54:03,556 [INFO] WebApp:499 - Chromium requires no authentication
2024-05-12 22:54:03,559 [INFO] WebApp:442 - Direct internet connection detected
2024-05-12 22:54:03,623 [INFO] WebApp:192 - Starting web application
2024-05-12 22:54:03,624 [INFO] WebApp:544 - Web application path used /opt/st/stm32cubeide_1.14.0/plugins/com.st.stm32cube.common.mx_6.10.0.202311202037/db/plugins/mcufinder/reactClient1/index.html
2024-05-12 22:54:03,960 [WARN] PackLoader:240 - Cannot read IP mode file for STMicroelectronics.X-CUBE-SMBUS.2.1.0
2024-05-12 22:54:03,978 [WARN] PackLoader:240 - Cannot read IP mode file for STMicroelectronics.X-CUBE-AZRTOS-F7.1.1.0
2024-05-12 22:54:03,984 [WARN] PackLoader:240 - Cannot read IP mode file for STMicroelectronics.FP-SNS-FLIGHT1.5.0.2
2024-05-12 22:54:03,989 [WARN] PackLoader:240 - Cannot read IP mode file for STMicroelectronics.X-CUBE-DISPLAY.3.0.0
2024-05-12 22:54:03,997 [WARN] PackLoader:240 - Cannot read IP mode file for STMicroelectronics.X-CUBE-BLE1.7.0.0
2024-05-12 22:54:04,000 [WARN] PackLoader:240 - Cannot read IP mode file for STMicroelectronics.FP-SNS-SMARTAG2.1.2.0
2024-05-12 22:54:04,007 [INFO] LogOutputStream:77 - [STDOUT_REDIRECT] 1 : Invalid condition id : UX_CORESTACK_Condition cause : null
2024-05-12 22:54:04,007 [INFO] LogOutputStream:77 - [STDOUT_REDIRECT] 1 : Invalid condition id : UX_CORESTACK_Condition cause : null
2024-05-12 22:54:04,007 [INFO] LogOutputStream:77 - [STDOUT_REDIRECT] 1 : Invalid condition id : UX_CORESTACK_Condition cause : null
2024-05-12 22:54:04,007 [INFO] LogOutputStream:77 - [STDOUT_REDIRECT] 1 : Invalid condition id : UX_CORESTACK_Condition cause : null
2024-05-12 22:54:04,008 [INFO] LogOutputStream:77 - [STDOUT_REDIRECT] 1 : Invalid condition id : UX_CORESTACK_Condition cause : null
2024-05-12 22:54:04,010 [WARN] PackLoader:240 - Cannot read IP mode file for STMicroelectronics.X-CUBE-AZRTOS-WL.2.0.0
2024-05-12 22:54:04,016 [WARN] PackLoader:240 - Cannot read IP mode file for WES.I-CUBE-Cesium.1.3.0
2024-05-12 22:54:04,020 [WARN] PackLoader:240 - Cannot read IP mode file for STMicroelectronics.X-CUBE-BLE2.3.3.0
2024-05-12 22:54:04,025 [WARN] PackLoader:240 - Cannot read IP mode file for STMicroelectronics.X-CUBE-ALGOBUILD.1.3.0
2024-05-12 22:54:04,035 [WARN] PackLoader:240 - Cannot read IP mode file for STMicroelectronics.X-CUBE-AZRTOS-G0.1.1.0
2024-05-12 22:54:04,039 [WARN] PackLoader:240 - Cannot read IP mode file for STMicroelectronics.X-CUBE-NFC4.3.0.0
2024-05-12 22:54:04,043 [WARN] PackLoader:240 - Cannot read IP mode file for STMicroelectronics.FP-ATR-SIGFOX1.3.2.0
2024-05-12 22:54:04,072 [WARN] PackLoader:240 - Cannot read IP mode file for SEGGER.I-CUBE-embOS.1.3.1
2024-05-12 22:54:04,101 [WARN] PackLoader:240 - Cannot read IP mode file for STMicroelectronics.X-CUBE-GNSS1.6.0.0
2024-05-12 22:54:04,117 [WARN] PackLoader:240 - Cannot read IP mode file for STMicroelectronics.X-CUBE-AZRTOS-F4.1.1.0
2024-05-12 22:54:04,128 [WARN] PackLoader:240 - Cannot read IP mode file for STMicroelectronics.X-CUBE-AZRTOS-L5.2.0.0
2024-05-12 22:54:04,132 [WARN] PackLoader:240 - Cannot read IP mode file for STMicroelectronics.X-CUBE-NFC7.1.0.1
2024-05-12 22:54:04,135 [WARN] PackLoader:240 - Cannot read IP mode file for STMicroelectronics.X-CUBE-AI.8.1.0
2024-05-12 22:54:04,145 [WARN] ConditionMgr:438 - getConditionDescription Invalid condition id : LAN8742 Phy interface Condition cause : null
2024-05-12 22:54:04,146 [WARN] PackLoader:240 - Cannot read IP mode file for STMicroelectronics.X-CUBE-AZRTOS-L4.2.0.0
2024-05-12 22:54:04,147 [WARN] ConditionMgr:1039 - genDependencies : Invalid condition id : LAN8742 Phy interface Condition cause : null
2024-05-12 22:54:04,147 [WARN] ConditionMgr:1039 - genDependencies : Invalid condition id : LAN8742 Phy interface Condition cause : null
2024-05-12 22:54:04,148 [WARN] ConditionMgr:1039 - genDependencies : Invalid condition id : LAN8742 Phy interface Condition cause : null
2024-05-12 22:54:04,153 [WARN] PackLoader:240 - Cannot read IP mode file for STMicroelectronics.X-CUBE-SFXS2LP1.4.0.0
2024-05-12 22:54:04,160 [WARN] ConditionMgr:438 - getConditionDescription Invalid condition id : UX DEVICE CLASS RTOS Condition cause : null
2024-05-12 22:54:04,160 [WARN] ConditionMgr:438 - getConditionDescription Invalid condition id : UX DEVICE CLASS RTOS Condition cause : null
2024-05-12 22:54:04,161 [WARN] PackLoader:240 - Cannot read IP mode file for STMicroelectronics.X-CUBE-AZRTOS-WB.2.0.0
2024-05-12 22:54:04,161 [WARN] ConditionMgr:1039 - genDependencies : Invalid condition id : UX DEVICE CLASS RTOS Condition cause : null
2024-05-12 22:54:04,161 [WARN] ConditionMgr:1039 - genDependencies : Invalid condition id : UX DEVICE CLASS RTOS Condition cause : null
2024-05-12 22:54:04,162 [WARN] ConditionMgr:1039 - genDependencies : Invalid condition id : UX DEVICE CLASS RTOS Condition cause : null
2024-05-12 22:54:04,162 [WARN] ConditionMgr:1039 - genDependencies : Invalid condition id : UX DEVICE CLASS RTOS Condition cause : null
2024-05-12 22:54:04,162 [WARN] ConditionMgr:1039 - genDependencies : Invalid condition id : UX DEVICE CLASS RTOS Condition cause : null
2024-05-12 22:54:04,168 [WARN] PackLoader:240 - Cannot read IP mode file for STMicroelectronics.X-CUBE-SUBG2.5.0.0
2024-05-12 22:54:04,200 [WARN] PackLoader:240 - Cannot read IP mode file for STMicroelectronics.X-CUBE-AZRTOS-G4.2.0.0
2024-05-12 22:54:04,223 [WARN] PackLoader:240 - Cannot read IP mode file for STMicroelectronics.X-CUBE-MEMS1.10.0.0
2024-05-12 22:54:04,291 [WARN] PackLoader:240 - Cannot read IP mode file for STMicroelectronics.X-CUBE-FREERTOS.1.1.0
2024-05-12 22:54:04,295 [WARN] PackLoader:240 - Cannot read IP mode file for portGmbH.I-Cube-SoM-uGOAL.1.1.0
2024-05-12 22:54:04,299 [WARN] PackLoader:240 - Cannot read IP mode file for STMicroelectronics.X-CUBE-ALS.1.0.1
2024-05-12 22:54:04,302 [WARN] PackLoader:240 - Cannot read IP mode file for STMicroelectronics.FP-ATR-ASTRA1.2.0.0
2024-05-12 22:54:04,303 [INFO] ThirdParty:978 - Integrity check success = true
2024-05-12 22:54:04,303 [INFO] IntegrityCheckThread:100 - exiting critical section [integrity check]
2024-05-12 22:54:04,303 [INFO] IntegrityCheckThread:103 - End integrity checks thread
2024-05-12 22:54:12,816 [INFO] McuFinderGlobals:63 - Set McuFinder mode to 2 (CubeIDE integrated)
2024-05-12 22:54:12,818 [INFO] MainUpdater:2873 - connection check result : 10
2024-05-12 22:54:12,824 [INFO] MainUpdater:2873 - connection check result : 10
2024-05-12 22:54:12,850 [INFO] MicroXplorer:468 - Change Database Path : 
2024-05-12 22:54:12,850 [INFO] MicroXplorer:498 - Change Database Version : DB.6.0.100
2024-05-12 22:54:12,854 [WARN] ThirdParty:871 - waiting for thirdparty lock release [close project]
2024-05-12 22:54:12,854 [INFO] ThirdParty:873 - entering critical section [close project]
2024-05-12 22:54:12,855 [INFO] ThirdParty:883 - exiting critical section [close project]
2024-05-12 22:54:12,858 [INFO] PinOutPanel:1499 - setPackage(No Configuration,No Configuration)
2024-05-12 22:54:12,861 [INFO] UtilMem:75 - Begin LoadConfig() Used Memory: 231251752 Bytes (335544320)
2024-05-12 22:54:12,862 [INFO] MicroXplorer:468 - Change Database Path : 
2024-05-12 22:54:12,862 [INFO] MicroXplorer:498 - Change Database Version : DB.6.0.100
2024-05-12 22:54:12,862 [INFO] OpenFileManager:312 - Change cursor
2024-05-12 22:54:12,878 [INFO] Mcu:2016 - Initializing MCU STM32F411V(C-E)Tx STM32F411VETx STM32F411VET6
2024-05-12 22:54:13,536 [INFO] Context:659 - Trying to add GPIOservice into a context  which must be forbidden
2024-05-12 22:54:13,882 [WARN] ModelIntegratedComponent:63 - No mode defined for component null
2024-05-12 22:54:13,882 [WARN] ModelIntegratedComponent:63 - No mode defined for component null
2024-05-12 22:54:13,883 [WARN] ModelIntegratedComponent:63 - No mode defined for component null
2024-05-12 22:54:13,883 [WARN] ModelIntegratedComponent:63 - No mode defined for component null
2024-05-12 22:54:13,883 [WARN] ModelIntegratedComponent:63 - No mode defined for component null
2024-05-12 22:54:13,883 [WARN] ModelIntegratedComponent:63 - No mode defined for component null
2024-05-12 22:54:13,883 [WARN] ModelIntegratedComponent:63 - No mode defined for component null
2024-05-12 22:54:13,883 [WARN] ModelIntegratedComponent:63 - No mode defined for component null
2024-05-12 22:54:13,883 [WARN] ModelIntegratedComponent:63 - No mode defined for component null
2024-05-12 22:54:13,883 [WARN] ModelIntegratedComponent:63 - No mode defined for component null
2024-05-12 22:54:13,883 [WARN] ModelIntegratedComponent:63 - No mode defined for component null
2024-05-12 22:54:13,883 [WARN] ModelIntegratedComponent:63 - No mode defined for component null
2024-05-12 22:54:13,883 [WARN] ModelIntegratedComponent:63 - No mode defined for component null
2024-05-12 22:54:13,883 [WARN] ModelIntegratedComponent:63 - No mode defined for component null
2024-05-12 22:54:13,883 [WARN] ModelIntegratedComponent:63 - No mode defined for component null
2024-05-12 22:54:13,883 [WARN] ModelIntegratedComponent:63 - No mode defined for component null
2024-05-12 22:54:13,883 [WARN] ModelIntegratedComponent:63 - No mode defined for component null
2024-05-12 22:54:13,883 [WARN] ModelIntegratedComponent:63 - No mode defined for component null
2024-05-12 22:54:13,883 [WARN] ModelIntegratedComponent:63 - No mode defined for component null
2024-05-12 22:54:13,883 [WARN] ModelIntegratedComponent:63 - No mode defined for component null
2024-05-12 22:54:13,883 [WARN] ModelIntegratedComponent:63 - No mode defined for component null
2024-05-12 22:54:13,883 [WARN] ModelIntegratedComponent:63 - No mode defined for component null
2024-05-12 22:54:13,883 [WARN] ModelIntegratedComponent:63 - No mode defined for component null
2024-05-12 22:54:13,883 [WARN] ModelIntegratedComponent:63 - No mode defined for component null
2024-05-12 22:54:13,883 [WARN] ModelIntegratedComponent:63 - No mode defined for component null
2024-05-12 22:54:13,883 [WARN] ModelIntegratedComponent:63 - No mode defined for component null
2024-05-12 22:54:13,883 [WARN] ModelIntegratedComponent:63 - No mode defined for component null
2024-05-12 22:54:13,883 [WARN] ModelIntegratedComponent:63 - No mode defined for component null
2024-05-12 22:54:13,883 [WARN] ModelIntegratedComponent:63 - No mode defined for component null
2024-05-12 22:54:13,883 [WARN] ModelIntegratedComponent:63 - No mode defined for component null
2024-05-12 22:54:13,883 [WARN] ModelIntegratedComponent:63 - No mode defined for component null
2024-05-12 22:54:13,883 [WARN] ModelIntegratedComponent:63 - No mode defined for component null
2024-05-12 22:54:13,883 [WARN] ModelIntegratedComponent:63 - No mode defined for component null
2024-05-12 22:54:13,936 [INFO] RtosManager:555 - Registered RTOS mode: class=CMSIS, group=RTOS, mode=CMSIS_V1, owner=FREERTOS
2024-05-12 22:54:13,936 [INFO] RtosManager:555 - Registered RTOS mode: class=CMSIS, group=RTOS2, mode=CMSIS_V2, owner=FREERTOS
2024-05-12 22:54:13,936 [INFO] RtosManager:555 - Registered RTOS mode: class=RTOS, group=Core, mode=CMSIS_V1, owner=FREERTOS
2024-05-12 22:54:13,936 [INFO] RtosManager:555 - Registered RTOS mode: class=RTOS, group=Core, mode=CMSIS_V2, owner=FREERTOS
2024-05-12 22:54:13,937 [WARN] ModelIntegratedComponent:184 - Missing modes for component STMicroelectronics:FreeRTOS:0.0.1:STMicroelectronics:RTOS:FreeRTOS:Core:::10.2.0:
2024-05-12 22:54:13,937 [WARN] ModelIntegratedComponent:182 - Modes not found for component STMicroelectronics:USB_DEVICE:1.0.0:STMicroelectronics:USB::USB Device:Audio HS::1.0:USB_DEVICE_1_0_RESTRICTED_HS
2024-05-12 22:54:13,937 [WARN] ModelIntegratedComponent:188 - Modes not found for component STMicroelectronics:USB_DEVICE:1.0.0:STMicroelectronics:USB::USB Device:Audio HS::1.0:USB_DEVICE_1_0_RESTRICTED_HS
2024-05-12 22:54:13,937 [WARN] ModelIntegratedComponent:182 - Modes not found for component STMicroelectronics:USB_DEVICE:1.0.0:STMicroelectronics:USB::USB Device:CDC HS::1.0:USB_DEVICE_1_0_RESTRICTED_HS
2024-05-12 22:54:13,937 [WARN] ModelIntegratedComponent:188 - Modes not found for component STMicroelectronics:USB_DEVICE:1.0.0:STMicroelectronics:USB::USB Device:CDC HS::1.0:USB_DEVICE_1_0_RESTRICTED_HS
2024-05-12 22:54:13,937 [WARN] ModelIntegratedComponent:182 - Modes not found for component STMicroelectronics:USB_DEVICE:1.0.0:STMicroelectronics:USB::USB Device:DFU HS::1.0:USB_DEVICE_1_0_RESTRICTED_HS
2024-05-12 22:54:13,937 [WARN] ModelIntegratedComponent:188 - Modes not found for component STMicroelectronics:USB_DEVICE:1.0.0:STMicroelectronics:USB::USB Device:DFU HS::1.0:USB_DEVICE_1_0_RESTRICTED_HS
2024-05-12 22:54:13,937 [WARN] ModelIntegratedComponent:182 - Modes not found for component STMicroelectronics:USB_DEVICE:1.0.0:STMicroelectronics:USB::USB Device:HID HS::1.0:USB_DEVICE_1_0_RESTRICTED_HS
2024-05-12 22:54:13,937 [WARN] ModelIntegratedComponent:188 - Modes not found for component STMicroelectronics:USB_DEVICE:1.0.0:STMicroelectronics:USB::USB Device:HID HS::1.0:USB_DEVICE_1_0_RESTRICTED_HS
2024-05-12 22:54:13,937 [WARN] ModelIntegratedComponent:182 - Modes not found for component STMicroelectronics:USB_DEVICE:1.0.0:STMicroelectronics:USB::USB Device:Custom HID HS::1.0:USB_DEVICE_1_0_RESTRICTED_HS
2024-05-12 22:54:13,937 [WARN] ModelIntegratedComponent:188 - Modes not found for component STMicroelectronics:USB_DEVICE:1.0.0:STMicroelectronics:USB::USB Device:Custom HID HS::1.0:USB_DEVICE_1_0_RESTRICTED_HS
2024-05-12 22:54:13,937 [WARN] ModelIntegratedComponent:182 - Modes not found for component STMicroelectronics:USB_DEVICE:1.0.0:STMicroelectronics:USB::USB Device:MSC HS::1.0:USB_DEVICE_1_0_RESTRICTED_HS
2024-05-12 22:54:13,937 [WARN] ModelIntegratedComponent:188 - Modes not found for component STMicroelectronics:USB_DEVICE:1.0.0:STMicroelectronics:USB::USB Device:MSC HS::1.0:USB_DEVICE_1_0_RESTRICTED_HS
2024-05-12 22:54:13,940 [WARN] ModelIntegratedComponent:182 - Modes not found for component STMicroelectronics:USB_HOST:1.0.0:STMicroelectronics:USB::USB Host:Audio HS::1.0:USB_HOST_1_0_RESTRICTED_HS
2024-05-12 22:54:13,940 [WARN] ModelIntegratedComponent:188 - Modes not found for component STMicroelectronics:USB_HOST:1.0.0:STMicroelectronics:USB::USB Host:Audio HS::1.0:USB_HOST_1_0_RESTRICTED_HS
2024-05-12 22:54:13,940 [WARN] ModelIntegratedComponent:182 - Modes not found for component STMicroelectronics:USB_HOST:1.0.0:STMicroelectronics:USB::USB Host:CDC HS::1.0:USB_HOST_1_0_RESTRICTED_HS
2024-05-12 22:54:13,940 [WARN] ModelIntegratedComponent:188 - Modes not found for component STMicroelectronics:USB_HOST:1.0.0:STMicroelectronics:USB::USB Host:CDC HS::1.0:USB_HOST_1_0_RESTRICTED_HS
2024-05-12 22:54:13,940 [WARN] ModelIntegratedComponent:182 - Modes not found for component STMicroelectronics:USB_HOST:1.0.0:STMicroelectronics:USB::USB Host:MSC HS::1.0:USB_HOST_1_0_RESTRICTED_HS
2024-05-12 22:54:13,940 [WARN] ModelIntegratedComponent:188 - Modes not found for component STMicroelectronics:USB_HOST:1.0.0:STMicroelectronics:USB::USB Host:MSC HS::1.0:USB_HOST_1_0_RESTRICTED_HS
2024-05-12 22:54:13,940 [WARN] ModelIntegratedComponent:182 - Modes not found for component STMicroelectronics:USB_HOST:1.0.0:STMicroelectronics:USB::USB Host:HID HS::1.0:USB_HOST_1_0_RESTRICTED_HS
2024-05-12 22:54:13,940 [WARN] ModelIntegratedComponent:188 - Modes not found for component STMicroelectronics:USB_HOST:1.0.0:STMicroelectronics:USB::USB Host:HID HS::1.0:USB_HOST_1_0_RESTRICTED_HS
2024-05-12 22:54:13,940 [WARN] ModelIntegratedComponent:182 - Modes not found for component STMicroelectronics:USB_HOST:1.0.0:STMicroelectronics:USB::USB Host:MTP HS::1.0:USB_HOST_1_0_RESTRICTED_HS
2024-05-12 22:54:13,940 [WARN] ModelIntegratedComponent:188 - Modes not found for component STMicroelectronics:USB_HOST:1.0.0:STMicroelectronics:USB::USB Host:MTP HS::1.0:USB_HOST_1_0_RESTRICTED_HS
2024-05-12 22:54:13,947 [INFO] ThirdPartyModel:298 - Start build external matchings
2024-05-12 22:54:14,017 [INFO] ThirdPartyModel:316 - End build external matchings
2024-05-12 22:54:14,023 [INFO] RtosManager:919 - Current active RTOS is FREERTOS [Cortex-M4NS]
2024-05-12 22:54:14,027 [INFO] ImportTextPane:194 - (OptionalMessage_ERROR) IP (DMA) : Parameter (Instance) has Id (USART2_RX) currently not set
2024-05-12 22:54:14,027 [INFO] ImportTextPane:194 - (OptionalMessage_ERROR) IP (DMA) : Parameter (Channel) has Id (USART2_RX) currently not set
2024-05-12 22:54:14,027 [INFO] ImportTextPane:194 - (OptionalMessage_ERROR) IP (DMA) : Parameter (Direction) has Id (USART2_RX) currently not set
2024-05-12 22:54:14,027 [INFO] ImportTextPane:194 - (OptionalMessage_ERROR) IP (DMA) : Parameter (PeriphInc) has Id (USART2_RX) currently not set
2024-05-12 22:54:14,027 [INFO] ImportTextPane:194 - (OptionalMessage_ERROR) IP (DMA) : Parameter (MemInc) has Id (USART2_RX) currently not set
2024-05-12 22:54:14,028 [INFO] ImportTextPane:194 - (OptionalMessage_ERROR) IP (DMA) : Parameter (PeriphDataAlignment) has Id (USART2_RX) currently not set
2024-05-12 22:54:14,028 [INFO] ImportTextPane:194 - (OptionalMessage_ERROR) IP (DMA) : Parameter (MemDataAlignment) has Id (USART2_RX) currently not set
2024-05-12 22:54:14,028 [INFO] ImportTextPane:194 - (OptionalMessage_ERROR) IP (DMA) : Parameter (Mode) has Id (USART2_RX) currently not set
2024-05-12 22:54:14,028 [INFO] ImportTextPane:194 - (OptionalMessage_ERROR) IP (DMA) : Parameter (Priority) has Id (USART2_RX) currently not set
2024-05-12 22:54:14,028 [INFO] ImportTextPane:194 - (OptionalMessage_ERROR) IP (DMA) : Parameter (FIFOMode) has Id (USART2_RX) currently not set
2024-05-12 22:54:14,028 [INFO] ImportTextPane:194 - (OptionalMessage_ERROR) IP (DMA) : Parameter (Instance) has Id (USART2_TX) currently not set
2024-05-12 22:54:14,028 [INFO] ImportTextPane:194 - (OptionalMessage_ERROR) IP (DMA) : Parameter (Channel) has Id (USART2_TX) currently not set
2024-05-12 22:54:14,028 [INFO] ImportTextPane:194 - (OptionalMessage_ERROR) IP (DMA) : Parameter (Direction) has Id (USART2_TX) currently not set
2024-05-12 22:54:14,028 [INFO] ImportTextPane:194 - (OptionalMessage_ERROR) IP (DMA) : Parameter (PeriphInc) has Id (USART2_TX) currently not set
2024-05-12 22:54:14,028 [INFO] ImportTextPane:194 - (OptionalMessage_ERROR) IP (DMA) : Parameter (MemInc) has Id (USART2_TX) currently not set
2024-05-12 22:54:14,028 [INFO] ImportTextPane:194 - (OptionalMessage_ERROR) IP (DMA) : Parameter (PeriphDataAlignment) has Id (USART2_TX) currently not set
2024-05-12 22:54:14,028 [INFO] ImportTextPane:194 - (OptionalMessage_ERROR) IP (DMA) : Parameter (MemDataAlignment) has Id (USART2_TX) currently not set
2024-05-12 22:54:14,029 [INFO] ImportTextPane:194 - (OptionalMessage_ERROR) IP (DMA) : Parameter (Mode) has Id (USART2_TX) currently not set
2024-05-12 22:54:14,029 [INFO] ImportTextPane:194 - (OptionalMessage_ERROR) IP (DMA) : Parameter (Priority) has Id (USART2_TX) currently not set
2024-05-12 22:54:14,029 [INFO] ImportTextPane:194 - (OptionalMessage_ERROR) IP (DMA) : Parameter (FIFOMode) has Id (USART2_TX) currently not set
2024-05-12 22:54:14,035 [INFO] ImportTextPane:194 - (OptionalMessage_ERROR) IP (RCC) : Parameter (48MHZClocksFreq_Value) has invalid value (50000000)
2024-05-12 22:54:14,036 [INFO] ImportTextPane:194 - (OptionalMessage_ERROR) IP (RCC) : Parameter (RTCHSEDivFreq_Value) has invalid value (12500000)
2024-05-12 22:54:14,177 [INFO] UtilMem:75 - End LoadConfig() Used Memory: 170829240 Bytes (335544320)
2024-05-12 22:54:14,255 [INFO] ApiDb:581 - Connected to CubeFinder SQLite database (/home/abhay/.stmcufinder/plugins/mcufinder/mcu/cube-finder-db.db)
2024-05-12 22:54:14,288 [INFO] ApiDb:668 - CubeFinder database Data Model version=2.1
2024-05-12 22:54:14,289 [INFO] ApiDb:669 - CubeFinder database Configuration version=3.0.39
2024-05-12 22:54:14,289 [INFO] ApiDb:670 - CubeFinder database generation date=2024-03-25 (1711369621)
2024-05-12 22:54:14,289 [INFO] ApiDb:671 - CubeFinder database FW Pack versions=[FP-ATR-ASTRA1_V2.0.0, FP-SNS-FLIGHT1_V5.0.1, FP-SNS-FLIGHT1_V5.0.2, FP-SNS-MOTENV1_V4.3.1, FP-SNS-MOTENV1_V4.3.2, FP-SNS-MOTENVWB1_V1.3.1, FP-SNS-SMARTAG2_V1.2.0, STM32Cube_FW_C0_V1.1.0, STM32Cube_FW_F4_V1.28.0, STM32Cube_FW_F7_V1.17.0, STM32Cube_FW_G0_V1.6.2, STM32Cube_FW_G4_V1.5.2, STM32Cube_FW_H5_V0.5.1, STM32Cube_FW_H5_V1.1.1, STM32Cube_FW_H5_V1.2.0, STM32Cube_FW_H5_V1.2.0RC4, STM32Cube_FW_H7RS_V1.0.0, STM32Cube_FW_H7RS_V1.0.0RC4, STM32Cube_FW_H7_V1.11.0, STM32Cube_FW_L0_V1.12.2, STM32Cube_FW_L5_V1.5.1, STM32Cube_FW_U0_V1.0.0, STM32Cube_FW_U0_V1.0.0RC1, STM32Cube_FW_U5_V1.3.0RC4, STM32Cube_FW_U5_V1.5.0, STM32Cube_FW_U5_V1.5.0RC1, STM32Cube_FW_WBA_V1.0.0RC1, STM32Cube_FW_WBA_V1.2.0, STM32Cube_FW_WBA_V1.2.0RC2, STM32Cube_FW_WBA_V1.3.0, STM32Cube_FW_WBA_V1.3.0RC1, STM32Cube_FW_WB_V1.15.0RC1, STM32Cube_FW_WB_V1.16.0, STM32Cube_FW_WB_V1.16.0RC2, STM32Cube_FW_WB_V1.18.0, STM32Cube_FW_WB_V1.19.0, STM32Cube_FW_WL_V1.3.0, X-CUBE-ALGOBUILD_V1.3.0, X-CUBE-ALS_V1.0.1, X-CUBE-AZRTOS-F4_V1.1.0, X-CUBE-AZRTOS-F7_V1.1.0, X-CUBE-AZRTOS-G0_V1.1.0, X-CUBE-AZRTOS-G4_V2.0.0, X-CUBE-AZRTOS-H7_V3.2.0, X-CUBE-AZRTOS-L4_V1.0.0, X-CUBE-AZRTOS-L4_V2.0.0, X-CUBE-AZRTOS-L5_V1.1.0, X-CUBE-AZRTOS-WB_V2.0.0, X-CUBE-AZRTOS-WL_V2.0.0, X-CUBE-BLE1_V7.0.0, X-CUBE-BLE2_V3.3.0, X-CUBE-BLEMGR_V3.1.0, X-CUBE-EEPRMA1_V4.1.0, X-CUBE-EEPRMA1_V5.1.0, X-CUBE-FREERTOS_V1.1.0, X-CUBE-GNSS1_V6.0.0, X-CUBE-MEMS1_V10.0.0, X-CUBE-MEMS1_V9.1.0, X-CUBE-MEMS1_V9.4.0, X-CUBE-MEMS1_V9.6.0, X-CUBE-NFC4_V3.0.0, X-CUBE-NFC7_V1.0.1, X-CUBE-SFXS2LP1_V4.0.0, X-CUBE-SUBG2_V5.0.0, X-CUBE-TOF1_V3.4.0]
2024-05-12 22:54:15,560 [INFO] ApiDb:240 - Found 371 in-development CPN: [B-G473E-ZEST1S, B-WB1M-WPAN1, B-WL5M-SUBG1, NUCLEO-C031C6, NUCLEO-H503RB, NUCLEO-H563ZI, NUCLEO-U545RE-Q, NUCLEO-U5A5ZJ-Q, NUCLEO-WBA52CG, NUCLEO-WBA55CG, STEVAL-MKBOXPRO, STEVAL-PROTEUS1, STEVAL-STWINBX1, STM320518-EVAL, STM32C0116-DK, STM32C011D6Y3TR, STM32C011D6Y6TR, STM32C011F4P3, STM32C011F4P6, STM32C011F4U3, STM32C011F4U6TR, STM32C011F6P3, STM32C011F6P6, STM32C011F6U3, STM32C011F6U6TR, STM32C011J4M3, STM32C011J4M6, STM32C011J6M3, STM32C011J6M6, STM32C0316-DK, STM32C031C4T3, STM32C031C4T6, STM32C031C4U3, STM32C031C4U6, STM32C031C6T3, STM32C031C6T6, STM32C031C6U3, STM32C031C6U6, STM32C031F4P3, STM32C031F4P6, STM32C031F6P3, STM32C031F6P6, STM32C031G4U3, STM32C031G4U6, STM32C031G6U3, STM32C031G6U6, STM32C031K4T3, STM32C031K4T6, STM32C031K4U3, STM32C031K4U6, STM32C031K6T3, STM32C031K6T6, STM32C031K6U3, STM32C031K6U6, STM32G071K8TXN, STM32G071K8UXN, STM32G081GBU6N, STM32G081KBT6N, STM32G081KBUXN, STM32G0B1CCT6N, STM32G0B1KCT6, STM32G0B1NEY6TR, STM32G0B1RCT6N, STM32G0C1CCT6, STM32G0C1CCT6N, STM32G0C1CCU6N, STM32G0C1CET6N, STM32G0C1CEU6N, STM32G0C1KCT6, STM32G0C1NEY6TR, STM32G0C1RCI6N, STM32G0C1RCT6N, STM32G0C1REI6N, STM32G0C1RET6N, STM32G0C1VCI6, STM32G0C1VEI6, STM32G471CCT6, STM32G471CCU6, STM32G471CET3, STM32G471CET6, STM32G471CEU3, STM32G471CEU6, STM32G471MCT6, STM32G471MET3, STM32G471MET6, STM32G471MEY6TR, STM32G471QCT6, STM32G471QET3, STM32G471RCT6, STM32G471RET3, STM32G471RET6, STM32G471VCH6, STM32G471VCI6, STM32G471VCT6, STM32G471VEH3, STM32G471VEH6, STM32G471VEI3, STM32G471VEI6, STM32G471VET3, STM32G471VET6, STM32G474CCT6, STM32H503CBT6, STM32H503CBU6, STM32H503EBY6TR, STM32H503KBU6, STM32H503RBT6, STM32H562AGI6, STM32H562AII6, STM32H562IGK6, STM32H562IGT6, STM32H562IIK6, STM32H562IIT6, STM32H562RGT6, STM32H562RGV6, STM32H562RIT6, STM32H562RIV6, STM32H562VGT6, STM32H562VIT6, STM32H562ZGT6, STM32H562ZIT6, STM32H563AGI6, STM32H563AII3Q, STM32H563AII6, STM32H563IGK6, STM32H563IGT6, STM32H563IIK3Q, STM32H563IIK6, STM32H563IIT3Q, STM32H563IIT6, STM32H563MIY3QTR, STM32H563RGT6, STM32H563RGV6, STM32H563RIT6, STM32H563RIV6, STM32H563VGT6, STM32H563VIT3Q, STM32H563VIT6, STM32H563ZGT6, STM32H563ZIT3Q, STM32H563ZIT6, STM32H573AII3Q, STM32H573AII6, STM32H573I-DK, STM32H573IIK3Q, STM32H573IIK6, STM32H573IIT3Q, STM32H573IIT6, STM32H573MIY3QTR, STM32H573RIT6, STM32H573RIV6, STM32H573VIT3Q, STM32H573VIT6, STM32H573ZIT3Q, STM32H573ZIT6, STM32L4R5QGI6STR, STM32MP131AAE3, STM32MP131AAF3, STM32MP131AAG3, STM32MP131CAE3, STM32MP131CAF3, STM32MP131CAG3, STM32MP131DAE7, STM32MP131DAF7, STM32MP131DAG7, STM32MP131FAE7, STM32MP131FAF7, STM32MP131FAG7, STM32MP133AAE3, STM32MP133AAF3, STM32MP133AAG3, STM32MP133CAE3, STM32MP133CAF3, STM32MP133CAG3, STM32MP133DAE7, STM32MP133DAF7, STM32MP133DAG7, STM32MP133FAE7, STM32MP133FAF7, STM32MP133FAG7, STM32MP135AAE3, STM32MP135AAF3, STM32MP135AAG3, STM32MP135CAE3, STM32MP135CAF3, STM32MP135CAG3, STM32MP135DAE7, STM32MP135DAF7, STM32MP135DAG7, STM32MP135F-DK, STM32MP135FAE7, STM32MP135FAF7, STM32MP135FAF7T, STM32MP135FAF7U, STM32MP135FAG7, STM32U535CBT6, STM32U535CBT6Q, STM32U535CBU6, STM32U535CBU6Q, STM32U535CCT6, STM32U535CCT6Q, STM32U535CCU6, STM32U535CCU6Q, STM32U535CET6, STM32U535CET6Q, STM32U535CEU6, STM32U535CEU6Q, STM32U535JEY6QTR, STM32U535NCY6QTR, STM32U535NEY6QTR, STM32U535RBI6, STM32U535RBI6Q, STM32U535RBT6, STM32U535RBT6Q, STM32U535RCI6, STM32U535RCI6Q, STM32U535RCT6, STM32U535RCT6Q, STM32U535REI6, STM32U535REI6Q, STM32U535RET6, STM32U535RET6Q, STM32U535VCI6, STM32U535VCI6Q, STM32U535VCT6, STM32U535VCT6Q, STM32U535VEI6, STM32U535VEI6Q, STM32U535VET6, STM32U535VET6Q, STM32U545CET6, STM32U545CET6Q, STM32U545CEU6, STM32U545CEU6Q, STM32U545JEY6QTR, STM32U545NEY6QTR, STM32U545REI6, STM32U545REI6Q, STM32U545RET6, STM32U545RET6Q, STM32U545VEI6, STM32U545VEI6Q, STM32U545VET6, STM32U545VET6Q, STM32U595AIH6, STM32U595AIH6Q, STM32U595AJH6, STM32U595AJH6Q, STM32U595QII6, STM32U595QII6Q, STM32U595QJI6, STM32U595QJI6Q, STM32U595RIT6, STM32U595RIT6Q, STM32U595RJT6, STM32U595RJT6Q, STM32U595VIT6, STM32U595VIT6Q, STM32U595VJT6, STM32U595VJT6Q, STM32U595ZIT6, STM32U595ZIT6Q, STM32U595ZIY6QTR, STM32U595ZJT6, STM32U595ZJT6Q, STM32U595ZJY6QTR, STM32U599BJY6QTR, STM32U599NIH6Q, STM32U599NJH6Q, STM32U599VIT6Q, STM32U599VJT6, STM32U599VJT6Q, STM32U599ZIT6Q, STM32U599ZIY6QTR, STM32U599ZJT6Q, STM32U599ZJY6QTR, STM32U5A5AJH6, STM32U5A5AJH6Q, STM32U5A5QJI6, STM32U5A5QJI6Q, STM32U5A5RJT6, STM32U5A5RJT6Q, STM32U5A5VJT6, STM32U5A5VJT6Q, STM32U5A5ZJT6, STM32U5A5ZJT6Q, STM32U5A5ZJY6QTR, STM32U5A9BJY6QTR, STM32U5A9J-DK, STM32U5A9NJH6Q, STM32U5A9VJT6Q, STM32U5A9ZJT6Q, STM32U5A9ZJY6QTR, STM32U5F7VIT6, STM32U5F7VIT6Q, STM32U5F7VJT6, STM32U5F7VJT6Q, STM32U5F9BJY6QTR, STM32U5F9NJH6Q, STM32U5F9VIT6Q, STM32U5F9VJT6Q, STM32U5F9ZIJ6QTR, STM32U5F9ZIT6Q, STM32U5F9ZJJ6QTR, STM32U5F9ZJT6Q, STM32U5G7VJT6, STM32U5G7VJT6Q, STM32U5G9BJY6QTR, STM32U5G9J-DK1, STM32U5G9J-DK2, STM32U5G9NJH6Q, STM32U5G9VJT6Q, STM32U5G9ZJJ6QTR, STM32U5G9ZJT6Q, STM32WB1MMCH6, STM32WBA50KEU6, STM32WBA50KEU6TR, STM32WBA50KGU6, STM32WBA50KGU6TR, STM32WBA52CEU6, STM32WBA52CEU6TR, STM32WBA52CEU7, STM32WBA52CEU7TR, STM32WBA52CGU6, STM32WBA52CGU6TR, STM32WBA52CGU6U, STM32WBA52CGU7, STM32WBA52CGU7TR, STM32WBA52KEU6, STM32WBA52KEU6TR, STM32WBA52KGU6, STM32WBA52KGU6TR, STM32WBA54CEU6, STM32WBA54CEU6TR, STM32WBA54CEU7, STM32WBA54CEU7TR, STM32WBA54CGU6, STM32WBA54CGU6TR, STM32WBA54CGU7, STM32WBA54CGU7TR, STM32WBA54KEU6, STM32WBA54KEU6TR, STM32WBA54KEU7, STM32WBA54KEU7TR, STM32WBA54KGU6, STM32WBA54KGU6TR, STM32WBA54KGU7, STM32WBA54KGU7TR, STM32WBA55CEU6, STM32WBA55CEU6TR, STM32WBA55CEU7, STM32WBA55CEU7TR, STM32WBA55CGU6, STM32WBA55CGU6TR, STM32WBA55CGU6U, STM32WBA55CGU7, STM32WBA55CGU7TR, STM32WBA55G-DK1, STM32WBA55HEF6, STM32WBA55HEF7, STM32WBA55HGF6, STM32WBA55HGF7, STM32WBA55UEI6, STM32WBA55UEI6TR, STM32WBA55UEI7, STM32WBA55UEI7TR, STM32WBA55UGI6, STM32WBA55UGI6TR, STM32WBA55UGI7, STM32WBA55UGI7TR, STM32WL5MOCH6, STM32WL5MOCH6TR]
2024-05-12 22:54:15,563 [INFO] DbMcus:218 - Found 4069 MCUs, 4069 are supported
2024-05-12 22:54:15,563 [INFO] ApiDb:423 - Load user favorites file /home/abhay/.stm32cubeide/favorites.mcus.txt: 1 item(s)
2024-05-12 22:54:15,563 [INFO] ApiDb:427 - User favorites MCUs=[STM32F411VET6]
2024-05-12 22:54:15,563 [INFO] DbMcus:224 - Set 1 / 1 favorites MCUs
2024-05-12 22:54:15,822 [INFO] MicroXplorer:468 - Change Database Path : 
2024-05-12 22:54:15,823 [INFO] MicroXplorer:498 - Change Database Version : DB.6.0.100
2024-05-12 22:54:15,823 [WARN] ThirdParty:833 - waiting for thirdparty lock release [change project]
2024-05-12 22:54:15,823 [INFO] ThirdParty:835 - entering critical section [change project]
2024-05-12 22:54:15,823 [INFO] ThirdParty:1030 - CMSIS Pack Vendor :STMicroelectronics USBPD 4.1
2024-05-12 22:54:15,823 [INFO] ThirdParty:1030 - CMSIS Pack Vendor :STMicroelectronics X-CUBE-DISPLAY 3.0.0
2024-05-12 22:54:15,823 [INFO] ThirdParty:1030 - CMSIS Pack Vendor :STMicroelectronics X-CUBE-GNSS1 6.0.0
2024-05-12 22:54:15,823 [INFO] ThirdParty:1030 - CMSIS Pack Vendor :STMicroelectronics USB_HOST 2.0.0
2024-05-12 22:54:15,823 [INFO] ThirdParty:1030 - CMSIS Pack Vendor :STMicroelectronics X-CUBE-AZRTOS-F4 1.1.0
2024-05-12 22:54:15,823 [INFO] ThirdParty:1030 - CMSIS Pack Vendor :STMicroelectronics LIBJPEG 8.0.0
2024-05-12 22:54:15,823 [INFO] ThirdParty:1030 - CMSIS Pack Vendor :STMicroelectronics X-CUBE-BLE1 7.0.0
2024-05-12 22:54:15,823 [INFO] ThirdParty:1030 - CMSIS Pack Vendor :STMicroelectronics FP-ATR-SIGFOX1 3.2.0
2024-05-12 22:54:15,823 [INFO] ThirdParty:1030 - CMSIS Pack Vendor :STMicroelectronics X-CUBE-SMBUS 2.1.0
2024-05-12 22:54:15,823 [INFO] ThirdParty:1030 - CMSIS Pack Vendor :STMicroelectronics USB_DEVICE 3.0.0
2024-05-12 22:54:15,823 [INFO] ThirdParty:1030 - CMSIS Pack Vendor :STMicroelectronics HAL Drivers 0.0.0
2024-05-12 22:54:15,823 [INFO] ThirdParty:1030 - CMSIS Pack Vendor :STMicroelectronics MBEDTLS 2.16.2
2024-05-12 22:54:15,823 [INFO] ThirdParty:1030 - CMSIS Pack Vendor :STMicroelectronics X-CUBE-AZRTOS-WB 2.0.0
2024-05-12 22:54:15,823 [INFO] ThirdParty:1030 - CMSIS Pack Vendor :STMicroelectronics X-CUBE-MEMS1 10.0.0
2024-05-12 22:54:15,823 [INFO] ThirdParty:1030 - CMSIS Pack Vendor :STMicroelectronics X-CUBE-FREERTOS 1.1.0
2024-05-12 22:54:15,823 [INFO] ThirdParty:1030 - CMSIS Pack Vendor :STMicroelectronics X-CUBE-NFC7 1.0.1
2024-05-12 22:54:15,823 [INFO] ThirdParty:1030 - CMSIS Pack Vendor :STMicroelectronics MBEDTLS 2.14.1
2024-05-12 22:54:15,823 [INFO] ThirdParty:1030 - CMSIS Pack Vendor :STMicroelectronics X-CUBE-AZRTOS-F7 1.1.0
2024-05-12 22:54:15,823 [INFO] ThirdParty:1030 - CMSIS Pack Vendor :STMicroelectronics X-CUBE-AZRTOS-L5 2.0.0
2024-05-12 22:54:15,823 [INFO] ThirdParty:1030 - CMSIS Pack Vendor :portGmbH I-Cube-SoM-uGOAL 1.1.0
2024-05-12 22:54:15,823 [INFO] ThirdParty:1030 - CMSIS Pack Vendor :STMicroelectronics X-CUBE-ALS 1.0.1
2024-05-12 22:54:15,823 [INFO] ThirdParty:1030 - CMSIS Pack Vendor :STMicroelectronics USB_DEVICE 2.0.0
2024-05-12 22:54:15,823 [INFO] ThirdParty:1030 - CMSIS Pack Vendor :STMicroelectronics ThreadX 1.0.0
2024-05-12 22:54:15,823 [INFO] ThirdParty:1030 - CMSIS Pack Vendor :STMicroelectronics FP-SNS-SMARTAG2 1.2.0
2024-05-12 22:54:15,823 [INFO] ThirdParty:1030 - CMSIS Pack Vendor :STMicroelectronics X-CUBE-AZRTOS-WL 2.0.0
2024-05-12 22:54:15,823 [INFO] ThirdParty:1030 - CMSIS Pack Vendor :STMicroelectronics X-CUBE-ALGOBUILD 1.3.0
2024-05-12 22:54:15,823 [INFO] ThirdParty:1030 - CMSIS Pack Vendor :SEGGER I-CUBE-embOS 1.3.1
2024-05-12 22:54:15,823 [INFO] ThirdParty:1030 - CMSIS Pack Vendor :STMicroelectronics FreeRTOS 0.0.1
2024-05-12 22:54:15,824 [INFO] ThirdParty:1030 - CMSIS Pack Vendor :STMicroelectronics X-CUBE-AZRTOS-G0 1.1.0
2024-05-12 22:54:15,824 [INFO] ThirdParty:1030 - CMSIS Pack Vendor :STMicroelectronics USB_DEVICE 1.0.0
2024-05-12 22:54:15,824 [INFO] ThirdParty:1030 - CMSIS Pack Vendor :STMicroelectronics X-CUBE-AI 8.1.0
2024-05-12 22:54:15,824 [INFO] ThirdParty:1030 - CMSIS Pack Vendor :STMicroelectronics X-CUBE-NFC4 3.0.0
2024-05-12 22:54:15,824 [INFO] ThirdParty:1030 - CMSIS Pack Vendor :STMicroelectronics X-CUBE-SUBG2 5.0.0
2024-05-12 22:54:15,824 [INFO] ThirdParty:1030 - CMSIS Pack Vendor :STMicroelectronics STM32_WPAN 1.0.0
2024-05-12 22:54:15,824 [INFO] ThirdParty:1030 - CMSIS Pack Vendor :STMicroelectronics X-CUBE-AZRTOS-L4 2.0.0
2024-05-12 22:54:15,824 [INFO] ThirdParty:1030 - CMSIS Pack Vendor :STMicroelectronics ThreadX 0.0.2
2024-05-12 22:54:15,824 [INFO] ThirdParty:1030 - CMSIS Pack Vendor :WES I-CUBE-Cesium 1.3.0
2024-05-12 22:54:15,824 [INFO] ThirdParty:1030 - CMSIS Pack Vendor :STMicroelectronics FP-ATR-ASTRA1 2.0.0
2024-05-12 22:54:15,824 [INFO] ThirdParty:1030 - CMSIS Pack Vendor :STMicroelectronics lwIP 2.1.2
2024-05-12 22:54:15,824 [INFO] ThirdParty:1030 - CMSIS Pack Vendor :STMicroelectronics lwIP 2.0.3
2024-05-12 22:54:15,824 [INFO] ThirdParty:1030 - CMSIS Pack Vendor :STMicroelectronics X-CUBE-SFXS2LP1 4.0.0
2024-05-12 22:54:15,824 [INFO] ThirdParty:1030 - CMSIS Pack Vendor :STMicroelectronics FP-SNS-FLIGHT1 5.0.2
2024-05-12 22:54:15,824 [INFO] ThirdParty:1030 - CMSIS Pack Vendor :STMicroelectronics X-CUBE-BLE2 3.3.0
2024-05-12 22:54:15,824 [INFO] ThirdParty:1030 - CMSIS Pack Vendor :STMicroelectronics USB_HOST 1.0.0
2024-05-12 22:54:15,824 [INFO] ThirdParty:1030 - CMSIS Pack Vendor :STMicroelectronics X-CUBE-AZRTOS-G4 2.0.0
2024-05-12 22:54:15,824 [INFO] ThirdParty:1030 - CMSIS Pack Vendor :STMicroelectronics PDM2PCM 3.1.0
2024-05-12 22:54:15,824 [INFO] ThirdParty:1030 - CMSIS Pack Vendor :STMicroelectronics PDM2PCM 3.2.0
2024-05-12 22:54:15,824 [INFO] ThirdParty:1030 - CMSIS Pack Vendor :STMicroelectronics PDM2PCM 3.3.0
2024-05-12 22:54:15,824 [INFO] ThirdParty:841 - exiting critical section [change project]
2024-05-12 22:54:16,015 [INFO] PinOutPanel:1499 - setPackage(No Configuration,No Configuration)
2024-05-12 22:54:16,016 [INFO] PinOutPanel:1499 - setPackage(STM32F411VETx,LQFP100)
2024-05-12 22:54:16,339 [INFO] UtilMem:75 - Before build in PCC Used Memory: 232013056 Bytes (335544320)
2024-05-12 22:54:16,844 [INFO] UtilMem:75 - After build in PCC Used Memory: 233676560 Bytes (335544320)
2024-05-12 22:54:16,916 [INFO] ApiDbMcu:508 - Load IP Config File for FREERTOS
2024-05-12 22:54:16,950 [INFO] IPUIPlugin:80 - create IPUIPlugin
2024-05-12 22:54:16,950 [INFO] IPUIPlugin:80 - create IPUIPlugin
2024-05-12 22:54:16,950 [INFO] IPUIPlugin:80 - create IPUIPlugin
2024-05-12 22:54:16,951 [INFO] IPUIPlugin:80 - create IPUIPlugin
2024-05-12 22:54:16,951 [INFO] IPUIPlugin:80 - create IPUIPlugin
2024-05-12 22:54:16,951 [INFO] IPUIPlugin:80 - create IPUIPlugin
2024-05-12 22:54:16,951 [INFO] IPUIPlugin:80 - create IPUIPlugin
2024-05-12 22:54:16,951 [INFO] IPUIPlugin:80 - create IPUIPlugin
2024-05-12 22:54:16,951 [INFO] IPUIPlugin:80 - create IPUIPlugin
2024-05-12 22:54:16,951 [INFO] IPUIPlugin:80 - create IPUIPlugin
2024-05-12 22:54:16,951 [INFO] IPUIPlugin:80 - create IPUIPlugin
2024-05-12 22:54:16,952 [INFO] IPUIPlugin:80 - create IPUIPlugin
2024-05-12 22:54:16,952 [INFO] IPUIPlugin:80 - create IPUIPlugin
2024-05-12 22:54:16,952 [INFO] IPUIPlugin:80 - create IPUIPlugin
2024-05-12 22:54:16,952 [INFO] IPUIPlugin:80 - create IPUIPlugin
2024-05-12 22:54:16,952 [INFO] IPUIPlugin:80 - create IPUIPlugin
2024-05-12 22:54:16,953 [INFO] IPUIPlugin:80 - create IPUIPlugin
2024-05-12 22:54:16,953 [INFO] IPUIPlugin:80 - create IPUIPlugin
2024-05-12 22:54:16,953 [INFO] IPUIPlugin:80 - create IPUIPlugin
2024-05-12 22:54:16,953 [INFO] IPUIPlugin:80 - create IPUIPlugin
2024-05-12 22:54:16,953 [INFO] IPUIPlugin:80 - create IPUIPlugin
2024-05-12 22:54:16,954 [INFO] IPUIPlugin:80 - create IPUIPlugin
2024-05-12 22:54:16,954 [INFO] IPUIPlugin:80 - create IPUIPlugin
2024-05-12 22:54:16,954 [INFO] IPUIPlugin:80 - create IPUIPlugin
2024-05-12 22:54:16,954 [INFO] IPUIPlugin:80 - create IPUIPlugin
2024-05-12 22:54:16,954 [INFO] IPUIPlugin:80 - create IPUIPlugin
2024-05-12 22:54:16,954 [INFO] IPUIPlugin:80 - create IPUIPlugin
2024-05-12 22:54:16,955 [INFO] IPUIPlugin:80 - create IPUIPlugin
2024-05-12 22:54:16,955 [INFO] IPUIPlugin:80 - create IPUIPlugin
2024-05-12 22:54:16,955 [INFO] IPUIPlugin:80 - create IPUIPlugin
2024-05-12 22:54:16,955 [INFO] IPUIPlugin:80 - create IPUIPlugin
2024-05-12 22:54:16,956 [INFO] IPUIPlugin:80 - create IPUIPlugin
2024-05-12 22:54:16,956 [INFO] IPUIPlugin:80 - create IPUIPlugin
2024-05-12 22:54:16,956 [INFO] IPUIPlugin:80 - create IPUIPlugin
2024-05-12 22:54:16,956 [INFO] IPUIPlugin:80 - create IPUIPlugin
2024-05-12 22:54:16,957 [INFO] IPUIPlugin:80 - create IPUIPlugin
2024-05-12 22:54:16,957 [INFO] IPUIPlugin:80 - create IPUIPlugin
2024-05-12 22:54:16,957 [INFO] IPUIPlugin:80 - create IPUIPlugin
2024-05-12 22:54:16,957 [INFO] IPUIPlugin:80 - create IPUIPlugin
2024-05-12 22:54:16,957 [INFO] IPUIPlugin:80 - create IPUIPlugin
2024-05-12 22:54:16,957 [INFO] IPUIPlugin:80 - create IPUIPlugin
2024-05-12 22:54:16,958 [INFO] IPUIPlugin:80 - create IPUIPlugin
2024-05-12 22:54:16,958 [INFO] IPUIPlugin:80 - create IPUIPlugin
2024-05-12 22:54:16,968 [INFO] ApiDbMcu:508 - Load IP Config File for PDM2PCM
2024-05-12 22:54:17,000 [WARN] FreeRTOS:1023 - Null or empty value: should not occur! (nothing added to the table)
2024-05-12 22:54:17,146 [INFO] CADModel:165 - CPN selected for project levelSTM32F411VET6
2024-05-12 22:54:17,146 [INFO] CADModel:114 - Register for checkConnection events
2024-05-12 22:54:17,148 [INFO] RtosManager:697 - Active RTOS found at IOC load: FREERTOS [Cortex-M4NS]
2024-05-12 22:54:17,186 [INFO] OpenFileManager:343 - Restore cursor
2024-05-12 22:54:23,848 [ERROR] LogOutputStream:75 - [STDERR_REDIRECT] SLF4J: Failed to load class "org.slf4j.impl.StaticLoggerBinder".
2024-05-12 22:54:23,849 [ERROR] LogOutputStream:75 - [STDERR_REDIRECT] SLF4J: Defaulting to no-operation (NOP) logger implementation
2024-05-12 22:54:23,849 [ERROR] LogOutputStream:75 - [STDERR_REDIRECT] SLF4J: See http://www.slf4j.org/codes.html#StaticLoggerBinder for further details.
