2024-05-24 07:54:56,714 [INFO] Activator:176 - 


2024-05-24 07:54:56,717 [INFO] Activator:177 - !SESSION log4j initialized
2024-05-24 07:54:59,472 [INFO] LogOutputStream:77 - [STDOUT_REDIRECT] 
2024-05-24 07:54:59,904 [ERROR] ConfigurationRetriever:142 - IOException on connection: sw-center.st.com
2024-05-24 07:54:59,905 [ERROR] ConfigurationRetriever:142 - IOException on connection: sw-center.st.com
2024-05-24 07:54:59,906 [ERROR] ConfigurationRetriever:142 - IOException on connection: sw-center.st.com
2024-05-24 07:55:00,419 [INFO] ApplicationProperties:184 - Using Application install path: /opt/st/stm32cubeide_1.14.0/plugins/com.st.stm32cube.common.mx_6.10.0.202311202037
2024-05-24 07:55:00,451 [INFO] DbMcusXml:78 - Set database path to: /opt/st/stm32cubeide_1.14.0/plugins/com.st.stm32cube.common.mx_6.10.0.202311202037//db//mcu/
2024-05-24 07:55:00,452 [INFO] ApiDb:274 - Set plugin database path to: /opt/st/stm32cubeide_1.14.0/plugins/com.st.stm32cube.common.mx_6.10.0.202311202037//db//plugins/boardmanager/
2024-05-24 07:55:00,452 [WARN] ApiDb:259 - Overriding images path with different value:  => /opt/st/stm32cubeide_1.14.0/plugins/com.st.stm32cube.common.mx_6.10.0.202311202037//db//plugins/mcufinder/images/
2024-05-24 07:55:00,463 [INFO] ApiDb:250 - Set database path to: /home/abhay/.stmcufinder/plugins/mcufinder//mcu/
2024-05-24 07:55:00,464 [INFO] DbMcusAds:125 - Set database path to: /home/abhay/.stmcufinder/plugins/mcufinder//mcu/
2024-05-24 07:55:00,468 [INFO] CrossReferenceDbSqlite:203 - Set database path to: /home/abhay/.stmcufinder/plugins/mcufinder//mcu/cs/
2024-05-24 07:55:00,620 [INFO] RulesReader:64 - Compatibility file has been processed (297 Rules)
2024-05-24 07:55:00,729 [INFO] DbMcusXml:78 - Set database path to: /opt/st/stm32cubeide_1.14.0/plugins/com.st.stm32cube.common.mx_6.10.0.202311202037//db//mcu/
2024-05-24 07:55:00,729 [INFO] ApiDb:274 - Set plugin database path to: /opt/st/stm32cubeide_1.14.0/plugins/com.st.stm32cube.common.mx_6.10.0.202311202037//db//plugins/boardmanager/
2024-05-24 07:55:00,729 [INFO] ApiDb:261 - Set plugin images path to: /opt/st/stm32cubeide_1.14.0/plugins/com.st.stm32cube.common.mx_6.10.0.202311202037//db//plugins/mcufinder/images/
2024-05-24 07:55:00,729 [WARN] DbFile:41 - Overriding database path with different value: /home/abhay/.stmcufinder/plugins/mcufinder/ => /home/abhay/.stmcufinder/plugins/mcufinder
2024-05-24 07:55:00,729 [INFO] ApiDb:250 - Set database path to: /home/abhay/.stmcufinder/plugins/mcufinder//mcu/
2024-05-24 07:55:00,729 [WARN] DbFile:41 - Overriding database path with different value: /home/abhay/.stmcufinder/plugins/mcufinder/ => /home/abhay/.stmcufinder/plugins/mcufinder
2024-05-24 07:55:00,730 [INFO] DbMcusAds:125 - Set database path to: /home/abhay/.stmcufinder/plugins/mcufinder//mcu/
2024-05-24 07:55:00,730 [WARN] DbFile:41 - Overriding database path with different value: /home/abhay/.stmcufinder/plugins/mcufinder/ => /home/abhay/.stmcufinder/plugins/mcufinder
2024-05-24 07:55:00,730 [WARN] DbFile:41 - Overriding database path with different value: /home/abhay/.stmcufinder/plugins/mcufinder/ => /home/abhay/.stmcufinder/plugins/mcufinder
2024-05-24 07:55:00,730 [INFO] CrossReferenceDbSqlite:203 - Set database path to: /home/abhay/.stmcufinder/plugins/mcufinder//mcu/cs/
2024-05-24 07:55:00,815 [INFO] MainPanel:264 - HeapMemory: 268435456
2024-05-24 07:55:00,939 [INFO] DbMcusXml:78 - Set database path to: /opt/st/stm32cubeide_1.14.0/plugins/com.st.stm32cube.common.mx_6.10.0.202311202037//db//mcu/
2024-05-24 07:55:00,939 [INFO] ApiDb:274 - Set plugin database path to: /opt/st/stm32cubeide_1.14.0/plugins/com.st.stm32cube.common.mx_6.10.0.202311202037//db//plugins/boardmanager/
2024-05-24 07:55:00,939 [INFO] ApiDb:261 - Set plugin images path to: /opt/st/stm32cubeide_1.14.0/plugins/com.st.stm32cube.common.mx_6.10.0.202311202037//db//plugins/mcufinder/images/
2024-05-24 07:55:00,940 [WARN] DbFile:41 - Overriding database path with different value: /home/abhay/.stmcufinder/plugins/mcufinder/ => /home/abhay/.stmcufinder/plugins/mcufinder
2024-05-24 07:55:00,940 [INFO] ApiDb:250 - Set database path to: /home/abhay/.stmcufinder/plugins/mcufinder//mcu/
2024-05-24 07:55:00,940 [WARN] DbFile:41 - Overriding database path with different value: /home/abhay/.stmcufinder/plugins/mcufinder/ => /home/abhay/.stmcufinder/plugins/mcufinder
2024-05-24 07:55:00,940 [INFO] DbMcusAds:125 - Set database path to: /home/abhay/.stmcufinder/plugins/mcufinder//mcu/
2024-05-24 07:55:00,940 [WARN] DbFile:41 - Overriding database path with different value: /home/abhay/.stmcufinder/plugins/mcufinder/ => /home/abhay/.stmcufinder/plugins/mcufinder
2024-05-24 07:55:00,940 [WARN] DbFile:41 - Overriding database path with different value: /home/abhay/.stmcufinder/plugins/mcufinder/ => /home/abhay/.stmcufinder/plugins/mcufinder
2024-05-24 07:55:00,941 [INFO] CrossReferenceDbSqlite:203 - Set database path to: /home/abhay/.stmcufinder/plugins/mcufinder//mcu/cs/
2024-05-24 07:55:00,956 [INFO] ApplicationProperties:184 - Using Application install path: /opt/st/stm32cubeide_1.14.0/plugins/com.st.stm32cube.common.mx_6.10.0.202311202037
2024-05-24 07:55:00,958 [INFO] PluginManage:196 - Search for loadable plugins [exclusion list=, ]
2024-05-24 07:55:00,960 [INFO] PluginManage:310 - Check plugin analytics
2024-05-24 07:55:01,134 [INFO] AnalyticsPlugin:253 - Accepted Software Licenses: STM32CubeMX.6.11.0,STM32CubeMX.6.10.0
2024-05-24 07:55:01,135 [INFO] AnalyticsPlugin:255 - Accepted CMSIS Pack Licenses: 
2024-05-24 07:55:01,135 [INFO] AnalyticsPlugin:257 - Accepted Firmware Licenses: FW.F4.1.28.0
2024-05-24 07:55:01,137 [ERROR] ConfigurationRetriever:142 - IOException on connection: sw-center.st.com
2024-05-24 07:55:01,137 [ERROR] ConfigurationRetriever:142 - IOException on connection: sw-center.st.com
2024-05-24 07:55:01,138 [ERROR] ConfigurationRetriever:142 - IOException on connection: sw-center.st.com
2024-05-24 07:55:01,138 [INFO] PluginManage:359 - Loaded plugin analytics (category:tool,tabindex:-1)
2024-05-24 07:55:01,139 [INFO] PluginManage:310 - Check plugin cadmodel
2024-05-24 07:55:01,169 [INFO] CADModel:105 - Init CAD model plugin
2024-05-24 07:55:01,169 [INFO] PluginManage:359 - Loaded plugin cadmodel (category:power,tabindex:5)
2024-05-24 07:55:01,169 [INFO] PluginManage:310 - Check plugin clock
2024-05-24 07:55:01,180 [INFO] PluginManage:359 - Loaded plugin clock (category:base,tabindex:2)
2024-05-24 07:55:01,180 [INFO] PluginManage:310 - Check plugin ddr
2024-05-24 07:55:01,182 [INFO] PluginManage:359 - Loaded plugin ddr (category:tool,tabindex:6)
2024-05-24 07:55:01,183 [INFO] PluginManage:310 - Check plugin filemanager
2024-05-24 07:55:01,330 [INFO] PluginManage:359 - Loaded plugin filemanager (category:base,tabindex:10)
2024-05-24 07:55:01,331 [INFO] PluginManage:310 - Check plugin ipmanager
2024-05-24 07:55:01,336 [INFO] PluginManage:359 - Loaded plugin ipmanager (category:base,tabindex:5)
2024-05-24 07:55:01,336 [INFO] PluginManage:310 - Check plugin lpbam
2024-05-24 07:55:01,344 [INFO] PluginManage:359 - Loaded plugin lpbam (category:base,tabindex:0)
2024-05-24 07:55:01,344 [INFO] PluginManage:310 - Check plugin memorymap
2024-05-24 07:55:01,353 [INFO] PluginManage:359 - Loaded plugin memorymap (category:base,tabindex:4)
2024-05-24 07:55:01,353 [INFO] PluginManage:310 - Check plugin pinoutandconfiguration
2024-05-24 07:55:01,359 [INFO] PluginManage:359 - Loaded plugin pinoutandconfiguration (category:base,tabindex:1)
2024-05-24 07:55:01,359 [INFO] PluginManage:310 - Check plugin pinoutconfig
2024-05-24 07:55:01,419 [WARN] SupportedApi:132 - Cannot load RTOS API schema: s4s-elt-must-match.1: The content of 'definitions' must match (annotation?, (simpleType | complexType)?, (unique | key | keyref)*)). A problem was found starting at: attribute.
2024-05-24 07:55:01,514 [INFO] PluginManage:359 - Loaded plugin pinoutconfig (category:base,tabindex:0)
2024-05-24 07:55:01,515 [INFO] PluginManage:310 - Check plugin power
2024-05-24 07:55:01,522 [INFO] PluginManage:359 - Loaded plugin power (category:power,tabindex:4)
2024-05-24 07:55:01,522 [INFO] PluginManage:310 - Check plugin projectmanager
2024-05-24 07:55:01,542 [INFO] PluginManage:359 - Loaded plugin projectmanager (category:projectmanager,tabindex:3)
2024-05-24 07:55:01,542 [INFO] PluginManage:310 - Check plugin thirdparty
2024-05-24 07:55:01,644 [INFO] PluginManage:359 - Loaded plugin thirdparty (category:base,tabindex:-1)
2024-05-24 07:55:01,644 [INFO] PluginManage:310 - Check plugin tools
2024-05-24 07:55:01,644 [WARN] IntegrityCheckThread:84 - waiting for thirdparty lock release [integrity check]
2024-05-24 07:55:01,644 [INFO] IntegrityCheckThread:86 - entering critical section [integrity check]
2024-05-24 07:55:01,645 [INFO] ThirdPartyUpdaterWithRetryManager:70 - Updater plugin not ready yet. [1/15]
2024-05-24 07:55:01,646 [INFO] PluginManage:359 - Loaded plugin tools (category:base,tabindex:7)
2024-05-24 07:55:01,646 [INFO] PluginManage:310 - Check plugin tutovideos
2024-05-24 07:55:01,767 [INFO] PluginManage:359 - Loaded plugin tutovideos (category:base,tabindex:-1)
2024-05-24 07:55:01,767 [INFO] PluginManage:310 - Check plugin updater
2024-05-24 07:55:01,777 [INFO] PluginManage:359 - Loaded plugin updater (category:base,tabindex:12)
2024-05-24 07:55:01,778 [INFO] PluginManage:310 - Check plugin userauth
2024-05-24 07:55:01,782 [INFO] UserAuth:114 - Init User Auth plugin
2024-05-24 07:55:01,782 [INFO] PluginManage:359 - Loaded plugin userauth (category:base,tabindex:14)
2024-05-24 07:55:01,782 [INFO] PluginManage:283 - PluginManage : Loaded plugins [17]
2024-05-24 07:55:01,918 [INFO] PinOutPanel:1499 - setPackage(No Configuration,No Configuration)
2024-05-24 07:55:01,988 [INFO] CADModel:165 - CPN selected for project level
2024-05-24 07:55:01,988 [INFO] CADModel:114 - Register for checkConnection events
2024-05-24 07:55:01,997 [INFO] IPUIPlugin:80 - create IPUIPlugin
2024-05-24 07:55:01,997 [INFO] PluginManager:220 - loadIPPluginJar : add tsc
2024-05-24 07:55:02,001 [INFO] IPUIPlugin:80 - create IPUIPlugin
2024-05-24 07:55:02,002 [INFO] PluginManager:220 - loadIPPluginJar : add i3c
2024-05-24 07:55:02,006 [INFO] IPUIPlugin:80 - create IPUIPlugin
2024-05-24 07:55:02,007 [INFO] PluginManager:220 - loadIPPluginJar : add gpio
2024-05-24 07:55:02,008 [INFO] IPUIPlugin:80 - create IPUIPlugin
2024-05-24 07:55:02,008 [INFO] PluginManager:220 - loadIPPluginJar : add quadspi
2024-05-24 07:55:02,011 [INFO] IPUIPlugin:80 - create IPUIPlugin
2024-05-24 07:55:02,011 [INFO] PluginManager:220 - loadIPPluginJar : add opamp
2024-05-24 07:55:02,013 [INFO] IPUIPlugin:80 - create IPUIPlugin
2024-05-24 07:55:02,013 [INFO] PluginManager:220 - loadIPPluginJar : add usart
2024-05-24 07:55:02,017 [INFO] IPUIPlugin:80 - create IPUIPlugin
2024-05-24 07:55:02,018 [INFO] PluginManager:220 - loadIPPluginJar : add adc
2024-05-24 07:55:02,022 [INFO] IPUIPlugin:80 - create IPUIPlugin
2024-05-24 07:55:02,022 [INFO] PluginManager:220 - loadIPPluginJar : add stm32_wpan
2024-05-24 07:55:02,023 [INFO] IPUIPlugin:80 - create IPUIPlugin
2024-05-24 07:55:02,024 [INFO] PluginManager:220 - loadIPPluginJar : add dma3
2024-05-24 07:55:02,029 [INFO] IPUIPlugin:80 - create IPUIPlugin
2024-05-24 07:55:02,029 [INFO] PluginManager:220 - loadIPPluginJar : add mdma
2024-05-24 07:55:02,032 [INFO] IPUIPlugin:80 - create IPUIPlugin
2024-05-24 07:55:02,032 [INFO] PluginManager:220 - loadIPPluginJar : add ipddr
2024-05-24 07:55:02,033 [INFO] IPUIPlugin:80 - create IPUIPlugin
2024-05-24 07:55:02,033 [INFO] PluginManager:220 - loadIPPluginJar : add ucpd
2024-05-24 07:55:02,035 [INFO] IPUIPlugin:80 - create IPUIPlugin
2024-05-24 07:55:02,035 [INFO] PluginManager:220 - loadIPPluginJar : add cryp
2024-05-24 07:55:02,036 [INFO] IPUIPlugin:80 - create IPUIPlugin
2024-05-24 07:55:02,036 [INFO] PluginManager:220 - loadIPPluginJar : add comp
2024-05-24 07:55:02,038 [INFO] IPUIPlugin:80 - create IPUIPlugin
2024-05-24 07:55:02,038 [INFO] PluginManager:220 - loadIPPluginJar : add dfsdm
2024-05-24 07:55:02,039 [INFO] IPUIPlugin:80 - create IPUIPlugin
2024-05-24 07:55:02,039 [INFO] PluginManager:220 - loadIPPluginJar : add ts
2024-05-24 07:55:02,042 [INFO] IPUIPlugin:80 - create IPUIPlugin
2024-05-24 07:55:02,042 [INFO] PluginManager:220 - loadIPPluginJar : add i2s
2024-05-24 07:55:02,045 [INFO] IPUIPlugin:80 - create IPUIPlugin
2024-05-24 07:55:02,045 [INFO] PluginManager:220 - loadIPPluginJar : add can
2024-05-24 07:55:02,048 [INFO] IPUIPlugin:80 - create IPUIPlugin
2024-05-24 07:55:02,048 [INFO] PluginManager:220 - loadIPPluginJar : add i2c
2024-05-24 07:55:02,049 [INFO] IPUIPlugin:80 - create IPUIPlugin
2024-05-24 07:55:02,049 [INFO] PluginManager:220 - loadIPPluginJar : add genericplugin
2024-05-24 07:55:02,052 [INFO] IPUIPlugin:80 - create IPUIPlugin
2024-05-24 07:55:02,052 [INFO] PluginManager:220 - loadIPPluginJar : add spi
2024-05-24 07:55:02,055 [INFO] IPUIPlugin:80 - create IPUIPlugin
2024-05-24 07:55:02,056 [INFO] PluginManager:220 - loadIPPluginJar : add lorawan
2024-05-24 07:55:02,060 [INFO] IPUIPlugin:80 - create IPUIPlugin
2024-05-24 07:55:02,060 [INFO] PluginManager:220 - loadIPPluginJar : add aes
2024-05-24 07:55:02,063 [INFO] IPUIPlugin:80 - create IPUIPlugin
2024-05-24 07:55:02,064 [INFO] PluginManager:220 - loadIPPluginJar : add gfxmmu
2024-05-24 07:55:02,068 [INFO] IPUIPlugin:80 - create IPUIPlugin
2024-05-24 07:55:02,068 [INFO] PluginManager:220 - loadIPPluginJar : add nvic
2024-05-24 07:55:02,071 [INFO] IPUIPlugin:80 - create IPUIPlugin
2024-05-24 07:55:02,071 [INFO] PluginManager:220 - loadIPPluginJar : add sai
2024-05-24 07:55:02,073 [INFO] IPUIPlugin:80 - create IPUIPlugin
2024-05-24 07:55:02,073 [INFO] PluginManager:220 - loadIPPluginJar : add fatfs
2024-05-24 07:55:02,075 [INFO] IPUIPlugin:80 - create IPUIPlugin
2024-05-24 07:55:02,075 [INFO] PluginManager:220 - loadIPPluginJar : add ltdc
2024-05-24 07:55:02,082 [INFO] IPUIPlugin:80 - create IPUIPlugin
2024-05-24 07:55:02,082 [INFO] PluginManager:220 - loadIPPluginJar : add gic
2024-05-24 07:55:02,084 [INFO] IPUIPlugin:80 - create IPUIPlugin
2024-05-24 07:55:02,084 [INFO] PluginManager:220 - loadIPPluginJar : add hash
2024-05-24 07:55:02,086 [INFO] IPUIPlugin:80 - create IPUIPlugin
2024-05-24 07:55:02,086 [INFO] PluginManager:220 - loadIPPluginJar : add tracer_emb
2024-05-24 07:55:02,093 [INFO] IPUIPlugin:80 - create IPUIPlugin
2024-05-24 07:55:02,093 [INFO] PluginManager:220 - loadIPPluginJar : add linkedlist
2024-05-24 07:55:02,098 [INFO] IPUIPlugin:80 - create IPUIPlugin
2024-05-24 07:55:02,098 [INFO] PluginManager:220 - loadIPPluginJar : add fmc
2024-05-24 07:55:02,100 [INFO] IPUIPlugin:80 - create IPUIPlugin
2024-05-24 07:55:02,100 [INFO] PluginManager:220 - loadIPPluginJar : add openamp
2024-05-24 07:55:02,122 [INFO] IPUIPlugin:80 - create IPUIPlugin
2024-05-24 07:55:02,122 [INFO] PluginManager:220 - loadIPPluginJar : add touchsensing
2024-05-24 07:55:02,123 [INFO] IPUIPlugin:80 - create IPUIPlugin
2024-05-24 07:55:02,123 [INFO] PluginManager:220 - loadIPPluginJar : add pdm2pcm
2024-05-24 07:55:02,126 [INFO] IPUIPlugin:80 - create IPUIPlugin
2024-05-24 07:55:02,126 [INFO] PluginManager:220 - loadIPPluginJar : add gtzc
2024-05-24 07:55:02,131 [INFO] IPUIPlugin:80 - create IPUIPlugin
2024-05-24 07:55:02,131 [INFO] PluginManager:220 - loadIPPluginJar : add dma
2024-05-24 07:55:02,136 [INFO] IPUIPlugin:80 - create IPUIPlugin
2024-05-24 07:55:02,138 [INFO] PluginManager:220 - loadIPPluginJar : add plateformsettings
2024-05-24 07:55:02,143 [INFO] IPUIPlugin:80 - create IPUIPlugin
2024-05-24 07:55:02,143 [INFO] PluginManager:220 - loadIPPluginJar : add freertos
2024-05-24 07:55:02,145 [INFO] IPUIPlugin:80 - create IPUIPlugin
2024-05-24 07:55:02,145 [INFO] PluginManager:220 - loadIPPluginJar : add resmgrutility
2024-05-24 07:55:02,147 [INFO] IPUIPlugin:80 - create IPUIPlugin
2024-05-24 07:55:02,147 [INFO] PluginManager:220 - loadIPPluginJar : add usbx
2024-05-24 07:55:02,149 [INFO] IPUIPlugin:80 - create IPUIPlugin
2024-05-24 07:55:02,150 [INFO] PluginManager:220 - loadIPPluginJar : add tim
2024-05-24 07:55:02,272 [INFO] CADModel:165 - CPN selected for project level
2024-05-24 07:55:02,272 [INFO] CADModel:114 - Register for checkConnection events
2024-05-24 07:55:02,273 [FATAL] Updater:308 - Updater called before beeing initialized
2024-05-24 07:55:02,273 [ERROR] CADModel:125 - Updater not yet initialized, retry later 
2024-05-24 07:55:02,386 [INFO] CADModel:165 - CPN selected for project level
2024-05-24 07:55:02,386 [INFO] CADModel:114 - Register for checkConnection events
2024-05-24 07:55:02,386 [FATAL] Updater:308 - Updater called before beeing initialized
2024-05-24 07:55:02,387 [ERROR] CADModel:125 - Updater not yet initialized, retry later 
2024-05-24 07:55:02,390 [FATAL] Updater:308 - Updater called before beeing initialized
2024-05-24 07:55:02,488 [FATAL] Updater:308 - Updater called before beeing initialized
2024-05-24 07:55:02,492 [INFO] DbMcusAds:53 - JSON generation date=Wed Nov 29 16:22:27 IST 2023 (1701255147349)
2024-05-24 07:55:02,492 [FATAL] Updater:308 - Updater called before beeing initialized
2024-05-24 07:55:02,530 [WARN] DetailPanel:346 - Failed to get advertising image, set to default
2024-05-24 07:55:02,626 [FATAL] Updater:308 - Updater called before beeing initialized
2024-05-24 07:55:02,628 [FATAL] Updater:308 - Updater called before beeing initialized
2024-05-24 07:55:02,629 [FATAL] Updater:308 - Updater called before beeing initialized
2024-05-24 07:55:02,629 [WARN] DetailPanel:346 - Failed to get advertising image, set to default
2024-05-24 07:55:02,629 [FATAL] Updater:308 - Updater called before beeing initialized
2024-05-24 07:55:02,662 [ERROR] Updater:1120 - MainUpdater not yet initialized. External WinMGr cannot be set.
2024-05-24 07:55:02,664 [INFO] Updater:1056 - Updater Version found : 6.10.0
2024-05-24 07:55:02,685 [INFO] ApplicationProperties:184 - Using Application install path: /opt/st/stm32cubeide_1.14.0/plugins/com.st.stm32cube.common.mx_6.10.0.202311202037
2024-05-24 07:55:02,891 [INFO] MainUpdater:2873 - connection check result : 22
2024-05-24 07:55:02,892 [INFO] MainUpdater:290 - Updater Check For Update Now.
2024-05-24 07:55:02,892 [INFO] MicroXplorer:498 - Change Database Version : DB.6.0.100
2024-05-24 07:55:02,897 [INFO] McuFinderGlobals:63 - Set McuFinder mode to 2 (CubeIDE integrated)
2024-05-24 07:55:02,938 [INFO] UserAuth:404 - Internet connection configuration mode: 2
2024-05-24 07:55:03,068 [INFO] CheckServerUpdateThread:120 - End of CheckServer Thread
2024-05-24 07:55:04,733 [WARN] PackLoader:240 - Cannot read IP mode file for STMicroelectronics.X-CUBE-SMBUS.2.1.0
2024-05-24 07:55:04,752 [WARN] PackLoader:240 - Cannot read IP mode file for STMicroelectronics.X-CUBE-AZRTOS-F7.1.1.0
2024-05-24 07:55:04,759 [WARN] PackLoader:240 - Cannot read IP mode file for STMicroelectronics.FP-SNS-FLIGHT1.5.0.2
2024-05-24 07:55:04,765 [WARN] PackLoader:240 - Cannot read IP mode file for STMicroelectronics.X-CUBE-DISPLAY.3.0.0
2024-05-24 07:55:04,775 [WARN] PackLoader:240 - Cannot read IP mode file for STMicroelectronics.X-CUBE-BLE1.7.0.0
2024-05-24 07:55:04,778 [WARN] PackLoader:240 - Cannot read IP mode file for STMicroelectronics.FP-SNS-SMARTAG2.1.2.0
2024-05-24 07:55:04,787 [INFO] LogOutputStream:77 - [STDOUT_REDIRECT] 1 : Invalid condition id : UX_CORESTACK_Condition cause : null
2024-05-24 07:55:04,788 [INFO] LogOutputStream:77 - [STDOUT_REDIRECT] 1 : Invalid condition id : UX_CORESTACK_Condition cause : null
2024-05-24 07:55:04,788 [INFO] LogOutputStream:77 - [STDOUT_REDIRECT] 1 : Invalid condition id : UX_CORESTACK_Condition cause : null
2024-05-24 07:55:04,788 [INFO] LogOutputStream:77 - [STDOUT_REDIRECT] 1 : Invalid condition id : UX_CORESTACK_Condition cause : null
2024-05-24 07:55:04,789 [INFO] LogOutputStream:77 - [STDOUT_REDIRECT] 1 : Invalid condition id : UX_CORESTACK_Condition cause : null
2024-05-24 07:55:04,795 [WARN] PackLoader:240 - Cannot read IP mode file for STMicroelectronics.X-CUBE-AZRTOS-WL.2.0.0
2024-05-24 07:55:04,806 [WARN] PackLoader:240 - Cannot read IP mode file for WES.I-CUBE-Cesium.1.3.0
2024-05-24 07:55:04,812 [WARN] PackLoader:240 - Cannot read IP mode file for STMicroelectronics.X-CUBE-BLE2.3.3.0
2024-05-24 07:55:04,819 [WARN] PackLoader:240 - Cannot read IP mode file for STMicroelectronics.X-CUBE-ALGOBUILD.1.3.0
2024-05-24 07:55:04,836 [WARN] PackLoader:240 - Cannot read IP mode file for STMicroelectronics.X-CUBE-AZRTOS-G0.1.1.0
2024-05-24 07:55:04,844 [WARN] PackLoader:240 - Cannot read IP mode file for STMicroelectronics.X-CUBE-NFC4.3.0.0
2024-05-24 07:55:04,849 [WARN] PackLoader:240 - Cannot read IP mode file for STMicroelectronics.FP-ATR-SIGFOX1.3.2.0
2024-05-24 07:55:04,855 [WARN] PackLoader:240 - Cannot read IP mode file for ITTIA_DB.I-CUBE-ITTIADB.8.9.0
2024-05-24 07:55:04,893 [WARN] PackLoader:240 - Cannot read IP mode file for SEGGER.I-CUBE-embOS.1.3.1
2024-05-24 07:55:04,938 [WARN] PackLoader:240 - Cannot read IP mode file for STMicroelectronics.X-CUBE-ALGOBUILD.1.4.0
2024-05-24 07:55:04,944 [WARN] PackLoader:240 - Cannot read IP mode file for STMicroelectronics.X-CUBE-GNSS1.6.0.0
2024-05-24 07:55:04,959 [WARN] PackLoader:240 - Cannot read IP mode file for STMicroelectronics.X-CUBE-AZRTOS-F4.1.1.0
2024-05-24 07:55:04,976 [WARN] PackLoader:240 - Cannot read IP mode file for STMicroelectronics.X-CUBE-AZRTOS-L5.2.0.0
2024-05-24 07:55:04,983 [WARN] PackLoader:240 - Cannot read IP mode file for STMicroelectronics.X-CUBE-NFC7.1.0.1
2024-05-24 07:55:04,988 [WARN] PackLoader:240 - Cannot read IP mode file for STMicroelectronics.X-CUBE-AI.8.1.0
2024-05-24 07:55:05,003 [WARN] ConditionMgr:438 - getConditionDescription Invalid condition id : LAN8742 Phy interface Condition cause : null
2024-05-24 07:55:05,004 [WARN] PackLoader:240 - Cannot read IP mode file for STMicroelectronics.X-CUBE-AZRTOS-L4.2.0.0
2024-05-24 07:55:05,006 [WARN] ConditionMgr:1039 - genDependencies : Invalid condition id : LAN8742 Phy interface Condition cause : null
2024-05-24 07:55:05,006 [WARN] ConditionMgr:1039 - genDependencies : Invalid condition id : LAN8742 Phy interface Condition cause : null
2024-05-24 07:55:05,007 [WARN] ConditionMgr:1039 - genDependencies : Invalid condition id : LAN8742 Phy interface Condition cause : null
2024-05-24 07:55:05,015 [WARN] PackLoader:240 - Cannot read IP mode file for STMicroelectronics.X-CUBE-SFXS2LP1.4.0.0
2024-05-24 07:55:05,027 [WARN] ConditionMgr:438 - getConditionDescription Invalid condition id : UX DEVICE CLASS RTOS Condition cause : null
2024-05-24 07:55:05,027 [WARN] ConditionMgr:438 - getConditionDescription Invalid condition id : UX DEVICE CLASS RTOS Condition cause : null
2024-05-24 07:55:05,029 [WARN] PackLoader:240 - Cannot read IP mode file for STMicroelectronics.X-CUBE-AZRTOS-WB.2.0.0
2024-05-24 07:55:05,030 [WARN] ConditionMgr:1039 - genDependencies : Invalid condition id : UX DEVICE CLASS RTOS Condition cause : null
2024-05-24 07:55:05,030 [WARN] ConditionMgr:1039 - genDependencies : Invalid condition id : UX DEVICE CLASS RTOS Condition cause : null
2024-05-24 07:55:05,031 [WARN] ConditionMgr:1039 - genDependencies : Invalid condition id : UX DEVICE CLASS RTOS Condition cause : null
2024-05-24 07:55:05,031 [WARN] ConditionMgr:1039 - genDependencies : Invalid condition id : UX DEVICE CLASS RTOS Condition cause : null
2024-05-24 07:55:05,031 [WARN] ConditionMgr:1039 - genDependencies : Invalid condition id : UX DEVICE CLASS RTOS Condition cause : null
2024-05-24 07:55:05,040 [WARN] PackLoader:240 - Cannot read IP mode file for STMicroelectronics.X-CUBE-SUBG2.5.0.0
2024-05-24 07:55:05,048 [WARN] PackLoader:240 - Cannot read IP mode file for Cesanta.I-CUBE-Mongoose.7.13.0
2024-05-24 07:55:05,079 [WARN] PackLoader:240 - Cannot read IP mode file for STMicroelectronics.X-CUBE-AZRTOS-G4.2.0.0
2024-05-24 07:55:05,083 [WARN] PackLoader:240 - Cannot read IP mode file for STMicroelectronics.X-CUBE-ALS.1.0.2
2024-05-24 07:55:05,129 [WARN] PackLoader:240 - Cannot read IP mode file for STMicroelectronics.X-CUBE-MEMS1.10.0.0
2024-05-24 07:55:05,273 [WARN] PackLoader:240 - Cannot read IP mode file for STMicroelectronics.X-CUBE-FREERTOS.1.1.0
2024-05-24 07:55:05,278 [WARN] PackLoader:240 - Cannot read IP mode file for portGmbH.I-Cube-SoM-uGOAL.1.1.0
2024-05-24 07:55:05,282 [WARN] PackLoader:240 - Cannot read IP mode file for STMicroelectronics.X-CUBE-ALS.1.0.1
2024-05-24 07:55:05,296 [WARN] PackLoader:240 - Cannot read IP mode file for STMicroelectronics.X-CUBE-AZRTOS-H7RS.1.0.0
2024-05-24 07:55:05,302 [WARN] PackLoader:240 - Cannot read IP mode file for STMicroelectronics.FP-ATR-ASTRA1.2.0.0
2024-05-24 07:55:05,315 [WARN] PackLoader:240 - Cannot read IP mode file for Infineon.AIROC-Wi-Fi-Bluetooth-STM32.1.6.0
2024-05-24 07:55:05,319 [INFO] ThirdParty:978 - Integrity check success = true
2024-05-24 07:55:05,319 [INFO] IntegrityCheckThread:100 - exiting critical section [integrity check]
2024-05-24 07:55:05,320 [INFO] IntegrityCheckThread:103 - End integrity checks thread
2024-05-24 07:55:23,191 [ERROR] LogOutputStream:75 - [STDERR_REDIRECT] SLF4J: Failed to load class "org.slf4j.impl.StaticLoggerBinder".
2024-05-24 07:55:23,192 [ERROR] LogOutputStream:75 - [STDERR_REDIRECT] SLF4J: Defaulting to no-operation (NOP) logger implementation
2024-05-24 07:55:23,192 [ERROR] LogOutputStream:75 - [STDERR_REDIRECT] SLF4J: See http://www.slf4j.org/codes.html#StaticLoggerBinder for further details.
