2024-04-02 00:21:31,653 [ERROR] LogOutputStream:75 - [STDERR_REDIRECT] 
2024-04-02 10:25:17,026 [INFO] Activator:176 - 


2024-04-02 10:25:17,028 [INFO] Activator:177 - !SESSION log4j initialized
2024-04-02 10:25:20,264 [INFO] LogOutputStream:77 - [STDOUT_REDIRECT] 
2024-04-02 10:25:21,671 [INFO] ApplicationProperties:184 - Using Application install path: /opt/st/stm32cubeide_1.14.0/plugins/com.st.stm32cube.common.mx_6.10.0.202311202037
2024-04-02 10:25:21,679 [INFO] DbMcusXml:78 - Set database path to: /opt/st/stm32cubeide_1.14.0/plugins/com.st.stm32cube.common.mx_6.10.0.202311202037//db//mcu/
2024-04-02 10:25:21,679 [INFO] ApiDb:274 - Set plugin database path to: /opt/st/stm32cubeide_1.14.0/plugins/com.st.stm32cube.common.mx_6.10.0.202311202037//db//plugins/boardmanager/
2024-04-02 10:25:21,679 [WARN] ApiDb:259 - Overriding images path with different value:  => /opt/st/stm32cubeide_1.14.0/plugins/com.st.stm32cube.common.mx_6.10.0.202311202037//db//plugins/mcufinder/images/
2024-04-02 10:25:21,681 [INFO] ApiDb:250 - Set database path to: /home/abhay/.stmcufinder/plugins/mcufinder//mcu/
2024-04-02 10:25:21,681 [INFO] DbMcusAds:125 - Set database path to: /home/abhay/.stmcufinder/plugins/mcufinder//mcu/
2024-04-02 10:25:21,682 [INFO] CrossReferenceDbSqlite:203 - Set database path to: /home/abhay/.stmcufinder/plugins/mcufinder//mcu/cs/
2024-04-02 10:25:21,754 [INFO] RulesReader:64 - Compatibility file has been processed (297 Rules)
2024-04-02 10:25:21,798 [INFO] DbMcusXml:78 - Set database path to: /opt/st/stm32cubeide_1.14.0/plugins/com.st.stm32cube.common.mx_6.10.0.202311202037//db//mcu/
2024-04-02 10:25:21,798 [INFO] ApiDb:274 - Set plugin database path to: /opt/st/stm32cubeide_1.14.0/plugins/com.st.stm32cube.common.mx_6.10.0.202311202037//db//plugins/boardmanager/
2024-04-02 10:25:21,798 [INFO] ApiDb:261 - Set plugin images path to: /opt/st/stm32cubeide_1.14.0/plugins/com.st.stm32cube.common.mx_6.10.0.202311202037//db//plugins/mcufinder/images/
2024-04-02 10:25:21,798 [WARN] DbFile:41 - Overriding database path with different value: /home/abhay/.stmcufinder/plugins/mcufinder/ => /home/abhay/.stmcufinder/plugins/mcufinder
2024-04-02 10:25:21,798 [INFO] ApiDb:250 - Set database path to: /home/abhay/.stmcufinder/plugins/mcufinder//mcu/
2024-04-02 10:25:21,798 [WARN] DbFile:41 - Overriding database path with different value: /home/abhay/.stmcufinder/plugins/mcufinder/ => /home/abhay/.stmcufinder/plugins/mcufinder
2024-04-02 10:25:21,798 [INFO] DbMcusAds:125 - Set database path to: /home/abhay/.stmcufinder/plugins/mcufinder//mcu/
2024-04-02 10:25:21,798 [WARN] DbFile:41 - Overriding database path with different value: /home/abhay/.stmcufinder/plugins/mcufinder/ => /home/abhay/.stmcufinder/plugins/mcufinder
2024-04-02 10:25:21,799 [WARN] DbFile:41 - Overriding database path with different value: /home/abhay/.stmcufinder/plugins/mcufinder/ => /home/abhay/.stmcufinder/plugins/mcufinder
2024-04-02 10:25:21,799 [INFO] CrossReferenceDbSqlite:203 - Set database path to: /home/abhay/.stmcufinder/plugins/mcufinder//mcu/cs/
2024-04-02 10:25:21,841 [INFO] MainPanel:264 - HeapMemory: 268435456
2024-04-02 10:25:21,889 [INFO] DbMcusXml:78 - Set database path to: /opt/st/stm32cubeide_1.14.0/plugins/com.st.stm32cube.common.mx_6.10.0.202311202037//db//mcu/
2024-04-02 10:25:21,890 [INFO] ApiDb:274 - Set plugin database path to: /opt/st/stm32cubeide_1.14.0/plugins/com.st.stm32cube.common.mx_6.10.0.202311202037//db//plugins/boardmanager/
2024-04-02 10:25:21,890 [INFO] ApiDb:261 - Set plugin images path to: /opt/st/stm32cubeide_1.14.0/plugins/com.st.stm32cube.common.mx_6.10.0.202311202037//db//plugins/mcufinder/images/
2024-04-02 10:25:21,890 [WARN] DbFile:41 - Overriding database path with different value: /home/abhay/.stmcufinder/plugins/mcufinder/ => /home/abhay/.stmcufinder/plugins/mcufinder
2024-04-02 10:25:21,890 [INFO] ApiDb:250 - Set database path to: /home/abhay/.stmcufinder/plugins/mcufinder//mcu/
2024-04-02 10:25:21,890 [WARN] DbFile:41 - Overriding database path with different value: /home/abhay/.stmcufinder/plugins/mcufinder/ => /home/abhay/.stmcufinder/plugins/mcufinder
2024-04-02 10:25:21,890 [INFO] DbMcusAds:125 - Set database path to: /home/abhay/.stmcufinder/plugins/mcufinder//mcu/
2024-04-02 10:25:21,890 [WARN] DbFile:41 - Overriding database path with different value: /home/abhay/.stmcufinder/plugins/mcufinder/ => /home/abhay/.stmcufinder/plugins/mcufinder
2024-04-02 10:25:21,890 [WARN] DbFile:41 - Overriding database path with different value: /home/abhay/.stmcufinder/plugins/mcufinder/ => /home/abhay/.stmcufinder/plugins/mcufinder
2024-04-02 10:25:21,891 [INFO] CrossReferenceDbSqlite:203 - Set database path to: /home/abhay/.stmcufinder/plugins/mcufinder//mcu/cs/
2024-04-02 10:25:21,900 [INFO] ApplicationProperties:184 - Using Application install path: /opt/st/stm32cubeide_1.14.0/plugins/com.st.stm32cube.common.mx_6.10.0.202311202037
2024-04-02 10:25:21,901 [INFO] PluginManage:196 - Search for loadable plugins [exclusion list=, ]
2024-04-02 10:25:21,902 [INFO] PluginManage:310 - Check plugin analytics
2024-04-02 10:25:22,024 [INFO] AnalyticsPlugin:253 - Accepted Software Licenses: STM32CubeMX.6.11.0,STM32CubeMX.6.10.0
2024-04-02 10:25:22,025 [INFO] AnalyticsPlugin:255 - Accepted CMSIS Pack Licenses: 
2024-04-02 10:25:22,025 [INFO] AnalyticsPlugin:257 - Accepted Firmware Licenses: FW.F4.1.28.0
2024-04-02 10:25:22,026 [INFO] PluginManage:359 - Loaded plugin analytics (category:tool,tabindex:-1)
2024-04-02 10:25:22,027 [INFO] PluginManage:310 - Check plugin cadmodel
2024-04-02 10:25:22,040 [INFO] CADModel:105 - Init CAD model plugin
2024-04-02 10:25:22,040 [INFO] PluginManage:359 - Loaded plugin cadmodel (category:power,tabindex:5)
2024-04-02 10:25:22,041 [INFO] PluginManage:310 - Check plugin clock
2024-04-02 10:25:22,046 [INFO] PluginManage:359 - Loaded plugin clock (category:base,tabindex:2)
2024-04-02 10:25:22,046 [INFO] PluginManage:310 - Check plugin ddr
2024-04-02 10:25:22,047 [INFO] PluginManage:359 - Loaded plugin ddr (category:tool,tabindex:6)
2024-04-02 10:25:22,047 [INFO] PluginManage:310 - Check plugin filemanager
2024-04-02 10:25:22,144 [INFO] PluginManage:359 - Loaded plugin filemanager (category:base,tabindex:10)
2024-04-02 10:25:22,144 [INFO] PluginManage:310 - Check plugin ipmanager
2024-04-02 10:25:22,148 [INFO] PluginManage:359 - Loaded plugin ipmanager (category:base,tabindex:5)
2024-04-02 10:25:22,148 [INFO] PluginManage:310 - Check plugin lpbam
2024-04-02 10:25:22,156 [INFO] PluginManage:359 - Loaded plugin lpbam (category:base,tabindex:0)
2024-04-02 10:25:22,156 [INFO] PluginManage:310 - Check plugin memorymap
2024-04-02 10:25:22,164 [INFO] PluginManage:359 - Loaded plugin memorymap (category:base,tabindex:4)
2024-04-02 10:25:22,164 [INFO] PluginManage:310 - Check plugin pinoutandconfiguration
2024-04-02 10:25:22,170 [INFO] PluginManage:359 - Loaded plugin pinoutandconfiguration (category:base,tabindex:1)
2024-04-02 10:25:22,171 [INFO] PluginManage:310 - Check plugin pinoutconfig
2024-04-02 10:25:22,230 [WARN] SupportedApi:132 - Cannot load RTOS API schema: s4s-elt-must-match.1: The content of 'definitions' must match (annotation?, (simpleType | complexType)?, (unique | key | keyref)*)). A problem was found starting at: attribute.
2024-04-02 10:25:22,299 [INFO] PluginManage:359 - Loaded plugin pinoutconfig (category:base,tabindex:0)
2024-04-02 10:25:22,299 [INFO] PluginManage:310 - Check plugin power
2024-04-02 10:25:22,303 [INFO] PluginManage:359 - Loaded plugin power (category:power,tabindex:4)
2024-04-02 10:25:22,303 [INFO] PluginManage:310 - Check plugin projectmanager
2024-04-02 10:25:22,316 [INFO] PluginManage:359 - Loaded plugin projectmanager (category:projectmanager,tabindex:3)
2024-04-02 10:25:22,317 [INFO] PluginManage:310 - Check plugin thirdparty
2024-04-02 10:25:22,397 [INFO] PluginManage:359 - Loaded plugin thirdparty (category:base,tabindex:-1)
2024-04-02 10:25:22,397 [WARN] IntegrityCheckThread:84 - waiting for thirdparty lock release [integrity check]
2024-04-02 10:25:22,397 [INFO] PluginManage:310 - Check plugin tools
2024-04-02 10:25:22,397 [INFO] IntegrityCheckThread:86 - entering critical section [integrity check]
2024-04-02 10:25:22,397 [INFO] ThirdPartyUpdaterWithRetryManager:70 - Updater plugin not ready yet. [1/15]
2024-04-02 10:25:22,399 [INFO] PluginManage:359 - Loaded plugin tools (category:base,tabindex:7)
2024-04-02 10:25:22,399 [INFO] PluginManage:310 - Check plugin tutovideos
2024-04-02 10:25:22,484 [INFO] PluginManage:359 - Loaded plugin tutovideos (category:base,tabindex:-1)
2024-04-02 10:25:22,484 [INFO] PluginManage:310 - Check plugin updater
2024-04-02 10:25:22,497 [INFO] PluginManage:359 - Loaded plugin updater (category:base,tabindex:12)
2024-04-02 10:25:22,497 [INFO] PluginManage:310 - Check plugin userauth
2024-04-02 10:25:22,501 [INFO] UserAuth:114 - Init User Auth plugin
2024-04-02 10:25:22,501 [INFO] PluginManage:359 - Loaded plugin userauth (category:base,tabindex:14)
2024-04-02 10:25:22,502 [INFO] PluginManage:283 - PluginManage : Loaded plugins [17]
2024-04-02 10:25:22,618 [INFO] PinOutPanel:1499 - setPackage(No Configuration,No Configuration)
2024-04-02 10:25:22,647 [INFO] CADModel:165 - CPN selected for project level
2024-04-02 10:25:22,647 [INFO] CADModel:114 - Register for checkConnection events
2024-04-02 10:25:22,652 [INFO] IPUIPlugin:80 - create IPUIPlugin
2024-04-02 10:25:22,653 [INFO] PluginManager:220 - loadIPPluginJar : add tsc
2024-04-02 10:25:22,655 [INFO] IPUIPlugin:80 - create IPUIPlugin
2024-04-02 10:25:22,655 [INFO] PluginManager:220 - loadIPPluginJar : add i3c
2024-04-02 10:25:22,658 [INFO] IPUIPlugin:80 - create IPUIPlugin
2024-04-02 10:25:22,659 [INFO] PluginManager:220 - loadIPPluginJar : add gpio
2024-04-02 10:25:22,660 [INFO] IPUIPlugin:80 - create IPUIPlugin
2024-04-02 10:25:22,660 [INFO] PluginManager:220 - loadIPPluginJar : add quadspi
2024-04-02 10:25:22,664 [INFO] IPUIPlugin:80 - create IPUIPlugin
2024-04-02 10:25:22,664 [INFO] PluginManager:220 - loadIPPluginJar : add opamp
2024-04-02 10:25:22,667 [INFO] IPUIPlugin:80 - create IPUIPlugin
2024-04-02 10:25:22,667 [INFO] PluginManager:220 - loadIPPluginJar : add usart
2024-04-02 10:25:22,671 [INFO] IPUIPlugin:80 - create IPUIPlugin
2024-04-02 10:25:22,671 [INFO] PluginManager:220 - loadIPPluginJar : add adc
2024-04-02 10:25:22,674 [INFO] IPUIPlugin:80 - create IPUIPlugin
2024-04-02 10:25:22,674 [INFO] PluginManager:220 - loadIPPluginJar : add stm32_wpan
2024-04-02 10:25:22,676 [INFO] IPUIPlugin:80 - create IPUIPlugin
2024-04-02 10:25:22,676 [INFO] PluginManager:220 - loadIPPluginJar : add dma3
2024-04-02 10:25:22,680 [INFO] IPUIPlugin:80 - create IPUIPlugin
2024-04-02 10:25:22,680 [INFO] PluginManager:220 - loadIPPluginJar : add mdma
2024-04-02 10:25:22,682 [INFO] IPUIPlugin:80 - create IPUIPlugin
2024-04-02 10:25:22,682 [INFO] PluginManager:220 - loadIPPluginJar : add ipddr
2024-04-02 10:25:22,683 [INFO] IPUIPlugin:80 - create IPUIPlugin
2024-04-02 10:25:22,683 [INFO] PluginManager:220 - loadIPPluginJar : add ucpd
2024-04-02 10:25:22,685 [INFO] IPUIPlugin:80 - create IPUIPlugin
2024-04-02 10:25:22,685 [INFO] PluginManager:220 - loadIPPluginJar : add cryp
2024-04-02 10:25:22,686 [INFO] IPUIPlugin:80 - create IPUIPlugin
2024-04-02 10:25:22,686 [INFO] PluginManager:220 - loadIPPluginJar : add comp
2024-04-02 10:25:22,687 [INFO] IPUIPlugin:80 - create IPUIPlugin
2024-04-02 10:25:22,687 [INFO] PluginManager:220 - loadIPPluginJar : add dfsdm
2024-04-02 10:25:22,688 [INFO] IPUIPlugin:80 - create IPUIPlugin
2024-04-02 10:25:22,688 [INFO] PluginManager:220 - loadIPPluginJar : add ts
2024-04-02 10:25:22,690 [INFO] IPUIPlugin:80 - create IPUIPlugin
2024-04-02 10:25:22,691 [INFO] PluginManager:220 - loadIPPluginJar : add i2s
2024-04-02 10:25:22,692 [INFO] IPUIPlugin:80 - create IPUIPlugin
2024-04-02 10:25:22,692 [INFO] PluginManager:220 - loadIPPluginJar : add can
2024-04-02 10:25:22,694 [INFO] IPUIPlugin:80 - create IPUIPlugin
2024-04-02 10:25:22,694 [INFO] PluginManager:220 - loadIPPluginJar : add i2c
2024-04-02 10:25:22,695 [INFO] IPUIPlugin:80 - create IPUIPlugin
2024-04-02 10:25:22,695 [INFO] PluginManager:220 - loadIPPluginJar : add genericplugin
2024-04-02 10:25:22,697 [INFO] IPUIPlugin:80 - create IPUIPlugin
2024-04-02 10:25:22,697 [INFO] PluginManager:220 - loadIPPluginJar : add spi
2024-04-02 10:25:22,699 [INFO] IPUIPlugin:80 - create IPUIPlugin
2024-04-02 10:25:22,699 [INFO] PluginManager:220 - loadIPPluginJar : add lorawan
2024-04-02 10:25:22,700 [INFO] IPUIPlugin:80 - create IPUIPlugin
2024-04-02 10:25:22,701 [INFO] PluginManager:220 - loadIPPluginJar : add aes
2024-04-02 10:25:22,702 [INFO] IPUIPlugin:80 - create IPUIPlugin
2024-04-02 10:25:22,703 [INFO] PluginManager:220 - loadIPPluginJar : add gfxmmu
2024-04-02 10:25:22,706 [INFO] IPUIPlugin:80 - create IPUIPlugin
2024-04-02 10:25:22,706 [INFO] PluginManager:220 - loadIPPluginJar : add nvic
2024-04-02 10:25:22,709 [INFO] IPUIPlugin:80 - create IPUIPlugin
2024-04-02 10:25:22,709 [INFO] PluginManager:220 - loadIPPluginJar : add sai
2024-04-02 10:25:22,711 [INFO] IPUIPlugin:80 - create IPUIPlugin
2024-04-02 10:25:22,711 [INFO] PluginManager:220 - loadIPPluginJar : add fatfs
2024-04-02 10:25:22,712 [INFO] IPUIPlugin:80 - create IPUIPlugin
2024-04-02 10:25:22,712 [INFO] PluginManager:220 - loadIPPluginJar : add ltdc
2024-04-02 10:25:22,715 [INFO] IPUIPlugin:80 - create IPUIPlugin
2024-04-02 10:25:22,715 [INFO] PluginManager:220 - loadIPPluginJar : add gic
2024-04-02 10:25:22,716 [INFO] IPUIPlugin:80 - create IPUIPlugin
2024-04-02 10:25:22,716 [INFO] PluginManager:220 - loadIPPluginJar : add hash
2024-04-02 10:25:22,717 [INFO] IPUIPlugin:80 - create IPUIPlugin
2024-04-02 10:25:22,717 [INFO] PluginManager:220 - loadIPPluginJar : add tracer_emb
2024-04-02 10:25:22,721 [INFO] IPUIPlugin:80 - create IPUIPlugin
2024-04-02 10:25:22,721 [INFO] PluginManager:220 - loadIPPluginJar : add linkedlist
2024-04-02 10:25:22,727 [INFO] IPUIPlugin:80 - create IPUIPlugin
2024-04-02 10:25:22,727 [INFO] PluginManager:220 - loadIPPluginJar : add fmc
2024-04-02 10:25:22,729 [INFO] IPUIPlugin:80 - create IPUIPlugin
2024-04-02 10:25:22,729 [INFO] PluginManager:220 - loadIPPluginJar : add openamp
2024-04-02 10:25:22,731 [INFO] IPUIPlugin:80 - create IPUIPlugin
2024-04-02 10:25:22,731 [INFO] PluginManager:220 - loadIPPluginJar : add touchsensing
2024-04-02 10:25:22,733 [INFO] IPUIPlugin:80 - create IPUIPlugin
2024-04-02 10:25:22,734 [INFO] PluginManager:220 - loadIPPluginJar : add pdm2pcm
2024-04-02 10:25:22,735 [INFO] IPUIPlugin:80 - create IPUIPlugin
2024-04-02 10:25:22,736 [INFO] PluginManager:220 - loadIPPluginJar : add gtzc
2024-04-02 10:25:22,739 [INFO] IPUIPlugin:80 - create IPUIPlugin
2024-04-02 10:25:22,739 [INFO] PluginManager:220 - loadIPPluginJar : add dma
2024-04-02 10:25:22,743 [INFO] IPUIPlugin:80 - create IPUIPlugin
2024-04-02 10:25:22,745 [INFO] PluginManager:220 - loadIPPluginJar : add plateformsettings
2024-04-02 10:25:22,747 [INFO] IPUIPlugin:80 - create IPUIPlugin
2024-04-02 10:25:22,748 [INFO] PluginManager:220 - loadIPPluginJar : add freertos
2024-04-02 10:25:22,750 [INFO] IPUIPlugin:80 - create IPUIPlugin
2024-04-02 10:25:22,750 [INFO] PluginManager:220 - loadIPPluginJar : add resmgrutility
2024-04-02 10:25:22,753 [INFO] IPUIPlugin:80 - create IPUIPlugin
2024-04-02 10:25:22,753 [INFO] PluginManager:220 - loadIPPluginJar : add usbx
2024-04-02 10:25:22,755 [INFO] IPUIPlugin:80 - create IPUIPlugin
2024-04-02 10:25:22,755 [INFO] PluginManager:220 - loadIPPluginJar : add tim
2024-04-02 10:25:22,857 [INFO] CADModel:165 - CPN selected for project level
2024-04-02 10:25:22,857 [INFO] CADModel:114 - Register for checkConnection events
2024-04-02 10:25:22,857 [FATAL] Updater:308 - Updater called before beeing initialized
2024-04-02 10:25:22,857 [ERROR] CADModel:125 - Updater not yet initialized, retry later 
2024-04-02 10:25:22,931 [INFO] CADModel:165 - CPN selected for project level
2024-04-02 10:25:22,931 [INFO] CADModel:114 - Register for checkConnection events
2024-04-02 10:25:22,931 [FATAL] Updater:308 - Updater called before beeing initialized
2024-04-02 10:25:22,931 [ERROR] CADModel:125 - Updater not yet initialized, retry later 
2024-04-02 10:25:22,933 [FATAL] Updater:308 - Updater called before beeing initialized
2024-04-02 10:25:22,981 [FATAL] Updater:308 - Updater called before beeing initialized
2024-04-02 10:25:22,983 [INFO] DbMcusAds:53 - JSON generation date=Wed Nov 29 16:22:27 IST 2023 (1701255147349)
2024-04-02 10:25:22,983 [FATAL] Updater:308 - Updater called before beeing initialized
2024-04-02 10:25:23,003 [WARN] DetailPanel:346 - Failed to get advertising image, set to default
2024-04-02 10:25:23,052 [FATAL] Updater:308 - Updater called before beeing initialized
2024-04-02 10:25:23,053 [FATAL] Updater:308 - Updater called before beeing initialized
2024-04-02 10:25:23,053 [FATAL] Updater:308 - Updater called before beeing initialized
2024-04-02 10:25:23,053 [WARN] DetailPanel:346 - Failed to get advertising image, set to default
2024-04-02 10:25:23,054 [FATAL] Updater:308 - Updater called before beeing initialized
2024-04-02 10:25:23,077 [ERROR] Updater:1120 - MainUpdater not yet initialized. External WinMGr cannot be set.
2024-04-02 10:25:23,078 [INFO] Updater:1056 - Updater Version found : 6.10.0
2024-04-02 10:25:23,088 [INFO] ApplicationProperties:184 - Using Application install path: /opt/st/stm32cubeide_1.14.0/plugins/com.st.stm32cube.common.mx_6.10.0.202311202037
2024-04-02 10:25:23,334 [INFO] MainUpdater:2873 - connection check result : 10
2024-04-02 10:25:23,335 [INFO] MainUpdater:290 - Updater Check For Update Now.
2024-04-02 10:25:23,335 [INFO] MicroXplorer:498 - Change Database Version : DB.6.0.100
2024-04-02 10:25:23,339 [INFO] McuFinderGlobals:63 - Set McuFinder mode to 2 (CubeIDE integrated)
2024-04-02 10:25:23,480 [INFO] CheckServerUpdateThread:120 - End of CheckServer Thread
2024-04-02 10:25:23,740 [INFO] UserAuth:404 - Internet connection configuration mode: 1
2024-04-02 10:25:23,749 [INFO] JxBrowserEngine:152 - Initiate JxBrowser Engine with user profile folder
2024-04-02 10:25:24,084 [INFO] WebApp:161 - Instantiating new browser for Auth
2024-04-02 10:25:24,347 [INFO] WebApp:780 - Register for checkConnection events
2024-04-02 10:25:24,347 [INFO] WebApp:414 - Apply proxy settings
2024-04-02 10:25:24,347 [INFO] WebApp:499 - Chromium requires no authentication
2024-04-02 10:25:24,351 [INFO] WebApp:442 - Direct internet connection detected
2024-04-02 10:25:24,421 [INFO] WebApp:192 - Starting web application
2024-04-02 10:25:24,421 [INFO] WebApp:544 - Web application path used /opt/st/stm32cubeide_1.14.0/plugins/com.st.stm32cube.common.mx_6.10.0.202311202037/db/plugins/mcufinder/reactClient1/index.html
2024-04-02 10:25:25,444 [WARN] PackLoader:240 - Cannot read IP mode file for STMicroelectronics.X-CUBE-SMBUS.2.1.0
2024-04-02 10:25:25,465 [WARN] PackLoader:240 - Cannot read IP mode file for STMicroelectronics.X-CUBE-AZRTOS-F7.1.1.0
2024-04-02 10:25:25,472 [WARN] PackLoader:240 - Cannot read IP mode file for STMicroelectronics.FP-SNS-FLIGHT1.5.0.2
2024-04-02 10:25:25,478 [WARN] PackLoader:240 - Cannot read IP mode file for STMicroelectronics.X-CUBE-DISPLAY.3.0.0
2024-04-02 10:25:25,488 [WARN] PackLoader:240 - Cannot read IP mode file for STMicroelectronics.X-CUBE-BLE1.7.0.0
2024-04-02 10:25:25,491 [WARN] PackLoader:240 - Cannot read IP mode file for STMicroelectronics.FP-SNS-SMARTAG2.1.2.0
2024-04-02 10:25:25,498 [INFO] LogOutputStream:77 - [STDOUT_REDIRECT] 1 : Invalid condition id : UX_CORESTACK_Condition cause : null
2024-04-02 10:25:25,498 [INFO] LogOutputStream:77 - [STDOUT_REDIRECT] 1 : Invalid condition id : UX_CORESTACK_Condition cause : null
2024-04-02 10:25:25,498 [INFO] LogOutputStream:77 - [STDOUT_REDIRECT] 1 : Invalid condition id : UX_CORESTACK_Condition cause : null
2024-04-02 10:25:25,498 [INFO] LogOutputStream:77 - [STDOUT_REDIRECT] 1 : Invalid condition id : UX_CORESTACK_Condition cause : null
2024-04-02 10:25:25,498 [INFO] LogOutputStream:77 - [STDOUT_REDIRECT] 1 : Invalid condition id : UX_CORESTACK_Condition cause : null
2024-04-02 10:25:25,501 [WARN] PackLoader:240 - Cannot read IP mode file for STMicroelectronics.X-CUBE-AZRTOS-WL.2.0.0
2024-04-02 10:25:25,508 [WARN] PackLoader:240 - Cannot read IP mode file for WES.I-CUBE-Cesium.1.3.0
2024-04-02 10:25:25,512 [WARN] PackLoader:240 - Cannot read IP mode file for STMicroelectronics.X-CUBE-BLE2.3.3.0
2024-04-02 10:25:25,516 [WARN] PackLoader:240 - Cannot read IP mode file for STMicroelectronics.X-CUBE-ALGOBUILD.1.3.0
2024-04-02 10:25:25,533 [WARN] PackLoader:240 - Cannot read IP mode file for STMicroelectronics.X-CUBE-AZRTOS-G0.1.1.0
2024-04-02 10:25:25,541 [WARN] PackLoader:240 - Cannot read IP mode file for STMicroelectronics.X-CUBE-NFC4.3.0.0
2024-04-02 10:25:25,546 [WARN] PackLoader:240 - Cannot read IP mode file for STMicroelectronics.FP-ATR-SIGFOX1.3.2.0
2024-04-02 10:25:25,586 [WARN] PackLoader:240 - Cannot read IP mode file for SEGGER.I-CUBE-embOS.1.3.1
2024-04-02 10:25:25,613 [WARN] PackLoader:240 - Cannot read IP mode file for STMicroelectronics.X-CUBE-GNSS1.6.0.0
2024-04-02 10:25:25,624 [WARN] PackLoader:240 - Cannot read IP mode file for STMicroelectronics.X-CUBE-AZRTOS-F4.1.1.0
2024-04-02 10:25:25,634 [WARN] PackLoader:240 - Cannot read IP mode file for STMicroelectronics.X-CUBE-AZRTOS-L5.2.0.0
2024-04-02 10:25:25,639 [WARN] PackLoader:240 - Cannot read IP mode file for STMicroelectronics.X-CUBE-NFC7.1.0.1
2024-04-02 10:25:25,642 [WARN] PackLoader:240 - Cannot read IP mode file for STMicroelectronics.X-CUBE-AI.8.1.0
2024-04-02 10:25:25,650 [WARN] ConditionMgr:438 - getConditionDescription Invalid condition id : LAN8742 Phy interface Condition cause : null
2024-04-02 10:25:25,651 [WARN] PackLoader:240 - Cannot read IP mode file for STMicroelectronics.X-CUBE-AZRTOS-L4.2.0.0
2024-04-02 10:25:25,652 [WARN] ConditionMgr:1039 - genDependencies : Invalid condition id : LAN8742 Phy interface Condition cause : null
2024-04-02 10:25:25,652 [WARN] ConditionMgr:1039 - genDependencies : Invalid condition id : LAN8742 Phy interface Condition cause : null
2024-04-02 10:25:25,652 [WARN] ConditionMgr:1039 - genDependencies : Invalid condition id : LAN8742 Phy interface Condition cause : null
2024-04-02 10:25:25,656 [WARN] PackLoader:240 - Cannot read IP mode file for STMicroelectronics.X-CUBE-SFXS2LP1.4.0.0
2024-04-02 10:25:25,663 [WARN] ConditionMgr:438 - getConditionDescription Invalid condition id : UX DEVICE CLASS RTOS Condition cause : null
2024-04-02 10:25:25,663 [WARN] ConditionMgr:438 - getConditionDescription Invalid condition id : UX DEVICE CLASS RTOS Condition cause : null
2024-04-02 10:25:25,665 [WARN] PackLoader:240 - Cannot read IP mode file for STMicroelectronics.X-CUBE-AZRTOS-WB.2.0.0
2024-04-02 10:25:25,665 [WARN] ConditionMgr:1039 - genDependencies : Invalid condition id : UX DEVICE CLASS RTOS Condition cause : null
2024-04-02 10:25:25,665 [WARN] ConditionMgr:1039 - genDependencies : Invalid condition id : UX DEVICE CLASS RTOS Condition cause : null
2024-04-02 10:25:25,665 [WARN] ConditionMgr:1039 - genDependencies : Invalid condition id : UX DEVICE CLASS RTOS Condition cause : null
2024-04-02 10:25:25,665 [WARN] ConditionMgr:1039 - genDependencies : Invalid condition id : UX DEVICE CLASS RTOS Condition cause : null
2024-04-02 10:25:25,666 [WARN] ConditionMgr:1039 - genDependencies : Invalid condition id : UX DEVICE CLASS RTOS Condition cause : null
2024-04-02 10:25:25,672 [WARN] PackLoader:240 - Cannot read IP mode file for STMicroelectronics.X-CUBE-SUBG2.5.0.0
2024-04-02 10:25:25,688 [WARN] PackLoader:240 - Cannot read IP mode file for STMicroelectronics.X-CUBE-AZRTOS-G4.2.0.0
2024-04-02 10:25:25,732 [WARN] PackLoader:240 - Cannot read IP mode file for STMicroelectronics.X-CUBE-MEMS1.10.0.0
2024-04-02 10:25:25,884 [WARN] PackLoader:240 - Cannot read IP mode file for STMicroelectronics.X-CUBE-FREERTOS.1.1.0
2024-04-02 10:25:25,888 [WARN] PackLoader:240 - Cannot read IP mode file for portGmbH.I-Cube-SoM-uGOAL.1.1.0
2024-04-02 10:25:25,892 [WARN] PackLoader:240 - Cannot read IP mode file for STMicroelectronics.X-CUBE-ALS.1.0.1
2024-04-02 10:25:25,896 [WARN] PackLoader:240 - Cannot read IP mode file for STMicroelectronics.FP-ATR-ASTRA1.2.0.0
2024-04-02 10:25:25,897 [INFO] ThirdParty:978 - Integrity check success = true
2024-04-02 10:25:25,897 [INFO] IntegrityCheckThread:100 - exiting critical section [integrity check]
2024-04-02 10:25:25,897 [INFO] IntegrityCheckThread:103 - End integrity checks thread
2024-04-02 10:25:44,632 [ERROR] LogOutputStream:75 - [STDERR_REDIRECT] SLF4J: Failed to load class "org.slf4j.impl.StaticLoggerBinder".
2024-04-02 10:25:44,633 [ERROR] LogOutputStream:75 - [STDERR_REDIRECT] SLF4J: Defaulting to no-operation (NOP) logger implementation
2024-04-02 10:25:44,633 [ERROR] LogOutputStream:75 - [STDERR_REDIRECT] SLF4J: See http://www.slf4j.org/codes.html#StaticLoggerBinder for further details.
2024-04-02 12:22:10,894 [ERROR] LogOutputStream:75 - [STDERR_REDIRECT] 
