2024-04-02 00:01:57,963 [INFO] UtilMem:75 - End SaveConfig() Used Memory: 477660824 Bytes (991952896)
2024-04-02 00:01:59,941 [INFO] UtilMem:75 - End SaveConfig() Used Memory: 510429632 Bytes (991952896)
2024-04-02 00:02:06,608 [INFO] UtilMem:75 - End SaveConfig() Used Memory: 554996160 Bytes (991952896)
2024-04-02 00:02:08,000 [INFO] BlockDiagram:2759 - set Specific Code input for plugin: NVIC
2024-04-02 00:02:08,000 [INFO] BlockDiagram:2759 - set Specific Code input for plugin: FREERTOS
2024-04-02 00:02:08,000 [INFO] BlockDiagram:2759 - set Specific Code input for plugin: USART
2024-04-02 00:02:08,000 [INFO] BlockDiagram:2759 - set Specific Code input for plugin: DMA
2024-04-02 00:02:08,000 [INFO] BlockDiagram:2759 - set Specific Code input for plugin: SYS
2024-04-02 00:02:08,000 [INFO] BlockDiagram:2759 - set Specific Code input for plugin: GPIO
2024-04-02 00:02:08,000 [INFO] BlockDiagram:2759 - set Specific Code input for plugin: RCC
2024-04-02 00:02:08,001 [INFO] CodeGenerator:807 - code generatio: config db path: /opt/st/stm32cubeide_1.14.0/plugins/com.st.stm32cube.common.mx_6.10.0.202311202037//db/
2024-04-02 00:02:08,008 [INFO] Argument:325 - Argument : hdmavalue: null
2024-04-02 00:02:08,008 [INFO] Argument:327 - 	 sub Args: 
2024-04-02 00:02:08,008 [INFO] Argument:325 - Argument : Instancevalue: DMA1_Stream5
2024-04-02 00:02:08,008 [INFO] Argument:335 - Argument : Instancevalue: DMA1_Stream5
2024-04-02 00:02:08,008 [INFO] Argument:325 - Argument : Initvalue: null
2024-04-02 00:02:08,008 [INFO] Argument:327 - 	 sub Args: 
2024-04-02 00:02:08,008 [INFO] Argument:325 - Argument : Channelvalue: DMA_CHANNEL_4
2024-04-02 00:02:08,008 [INFO] Argument:335 - Argument : Channelvalue: DMA_CHANNEL_4
2024-04-02 00:02:08,008 [INFO] Argument:325 - Argument : Directionvalue: DMA_PERIPH_TO_MEMORY
2024-04-02 00:02:08,008 [INFO] Argument:335 - Argument : Directionvalue: DMA_PERIPH_TO_MEMORY
2024-04-02 00:02:08,008 [INFO] Argument:325 - Argument : PeriphIncvalue: DMA_PINC_DISABLE
2024-04-02 00:02:08,008 [INFO] Argument:335 - Argument : PeriphIncvalue: DMA_PINC_DISABLE
2024-04-02 00:02:08,008 [INFO] Argument:325 - Argument : MemIncvalue: DMA_MINC_ENABLE
2024-04-02 00:02:08,008 [INFO] Argument:335 - Argument : MemIncvalue: DMA_MINC_ENABLE
2024-04-02 00:02:08,008 [INFO] Argument:325 - Argument : PeriphDataAlignmentvalue: DMA_PDATAALIGN_BYTE
2024-04-02 00:02:08,008 [INFO] Argument:335 - Argument : PeriphDataAlignmentvalue: DMA_PDATAALIGN_BYTE
2024-04-02 00:02:08,008 [INFO] Argument:325 - Argument : MemDataAlignmentvalue: DMA_MDATAALIGN_BYTE
2024-04-02 00:02:08,008 [INFO] Argument:335 - Argument : MemDataAlignmentvalue: DMA_MDATAALIGN_BYTE
2024-04-02 00:02:08,008 [INFO] Argument:325 - Argument : Modevalue: DMA_NORMAL
2024-04-02 00:02:08,008 [INFO] Argument:335 - Argument : Modevalue: DMA_NORMAL
2024-04-02 00:02:08,008 [INFO] Argument:325 - Argument : Priorityvalue: DMA_PRIORITY_VERY_HIGH
2024-04-02 00:02:08,008 [INFO] Argument:335 - Argument : Priorityvalue: DMA_PRIORITY_VERY_HIGH
2024-04-02 00:02:08,008 [INFO] Argument:325 - Argument : FIFOModevalue: DMA_FIFOMODE_DISABLE
2024-04-02 00:02:08,008 [INFO] Argument:335 - Argument : FIFOModevalue: DMA_FIFOMODE_DISABLE
2024-04-02 00:02:08,008 [INFO] Argument:325 - Argument : FIFOThresholdvalue: null
2024-04-02 00:02:08,008 [INFO] Argument:335 - Argument : FIFOThresholdvalue: null
2024-04-02 00:02:08,008 [INFO] Argument:325 - Argument : MemBurstvalue: null
2024-04-02 00:02:08,008 [INFO] Argument:335 - Argument : MemBurstvalue: null
2024-04-02 00:02:08,008 [INFO] Argument:325 - Argument : PeriphBurstvalue: null
2024-04-02 00:02:08,008 [INFO] Argument:335 - Argument : PeriphBurstvalue: null
2024-04-02 00:02:08,008 [INFO] Argument:325 - Argument : Lockvalue: null
2024-04-02 00:02:08,008 [INFO] Argument:335 - Argument : Lockvalue: null
2024-04-02 00:02:08,008 [INFO] Argument:325 - Argument : Statevalue: null
2024-04-02 00:02:08,008 [INFO] Argument:335 - Argument : Statevalue: null
2024-04-02 00:02:08,008 [INFO] Argument:325 - Argument : Parentvalue: null
2024-04-02 00:02:08,008 [INFO] Argument:335 - Argument : Parentvalue: null
2024-04-02 00:02:08,008 [INFO] Argument:325 - Argument : XferCpltCallbackvalue: null
2024-04-02 00:02:08,008 [INFO] Argument:335 - Argument : XferCpltCallbackvalue: null
2024-04-02 00:02:08,008 [INFO] Argument:325 - Argument : XferHalfCpltCallbackvalue: null
2024-04-02 00:02:08,008 [INFO] Argument:335 - Argument : XferHalfCpltCallbackvalue: null
2024-04-02 00:02:08,008 [INFO] Argument:325 - Argument : XferM1CpltCallbackvalue: null
2024-04-02 00:02:08,008 [INFO] Argument:335 - Argument : XferM1CpltCallbackvalue: null
2024-04-02 00:02:08,008 [INFO] Argument:325 - Argument : XferErrorCallbackvalue: null
2024-04-02 00:02:08,008 [INFO] Argument:335 - Argument : XferErrorCallbackvalue: null
2024-04-02 00:02:08,008 [INFO] Argument:325 - Argument : ErrorCodevalue: null
2024-04-02 00:02:08,008 [INFO] Argument:335 - Argument : ErrorCodevalue: null
2024-04-02 00:02:08,008 [INFO] Argument:325 - Argument : hdmavalue: null
2024-04-02 00:02:08,008 [INFO] Argument:327 - 	 sub Args: 
2024-04-02 00:02:08,008 [INFO] Argument:325 - Argument : Instancevalue: DMA1_Stream6
2024-04-02 00:02:08,008 [INFO] Argument:335 - Argument : Instancevalue: DMA1_Stream6
2024-04-02 00:02:08,008 [INFO] Argument:325 - Argument : Initvalue: null
2024-04-02 00:02:08,008 [INFO] Argument:327 - 	 sub Args: 
2024-04-02 00:02:08,008 [INFO] Argument:325 - Argument : Channelvalue: DMA_CHANNEL_4
2024-04-02 00:02:08,008 [INFO] Argument:335 - Argument : Channelvalue: DMA_CHANNEL_4
2024-04-02 00:02:08,008 [INFO] Argument:325 - Argument : Directionvalue: DMA_MEMORY_TO_PERIPH
2024-04-02 00:02:08,008 [INFO] Argument:335 - Argument : Directionvalue: DMA_MEMORY_TO_PERIPH
2024-04-02 00:02:08,008 [INFO] Argument:325 - Argument : PeriphIncvalue: DMA_PINC_DISABLE
2024-04-02 00:02:08,008 [INFO] Argument:335 - Argument : PeriphIncvalue: DMA_PINC_DISABLE
2024-04-02 00:02:08,008 [INFO] Argument:325 - Argument : MemIncvalue: DMA_MINC_ENABLE
2024-04-02 00:02:08,008 [INFO] Argument:335 - Argument : MemIncvalue: DMA_MINC_ENABLE
2024-04-02 00:02:08,008 [INFO] Argument:325 - Argument : PeriphDataAlignmentvalue: DMA_PDATAALIGN_BYTE
2024-04-02 00:02:08,008 [INFO] Argument:335 - Argument : PeriphDataAlignmentvalue: DMA_PDATAALIGN_BYTE
2024-04-02 00:02:08,008 [INFO] Argument:325 - Argument : MemDataAlignmentvalue: DMA_MDATAALIGN_BYTE
2024-04-02 00:02:08,008 [INFO] Argument:335 - Argument : MemDataAlignmentvalue: DMA_MDATAALIGN_BYTE
2024-04-02 00:02:08,009 [INFO] Argument:325 - Argument : Modevalue: DMA_NORMAL
2024-04-02 00:02:08,009 [INFO] Argument:335 - Argument : Modevalue: DMA_NORMAL
2024-04-02 00:02:08,009 [INFO] Argument:325 - Argument : Priorityvalue: DMA_PRIORITY_VERY_HIGH
2024-04-02 00:02:08,009 [INFO] Argument:335 - Argument : Priorityvalue: DMA_PRIORITY_VERY_HIGH
2024-04-02 00:02:08,009 [INFO] Argument:325 - Argument : FIFOModevalue: DMA_FIFOMODE_DISABLE
2024-04-02 00:02:08,009 [INFO] Argument:335 - Argument : FIFOModevalue: DMA_FIFOMODE_DISABLE
2024-04-02 00:02:08,009 [INFO] Argument:325 - Argument : FIFOThresholdvalue: null
2024-04-02 00:02:08,009 [INFO] Argument:335 - Argument : FIFOThresholdvalue: null
2024-04-02 00:02:08,009 [INFO] Argument:325 - Argument : MemBurstvalue: null
2024-04-02 00:02:08,009 [INFO] Argument:335 - Argument : MemBurstvalue: null
2024-04-02 00:02:08,009 [INFO] Argument:325 - Argument : PeriphBurstvalue: null
2024-04-02 00:02:08,009 [INFO] Argument:335 - Argument : PeriphBurstvalue: null
2024-04-02 00:02:08,009 [INFO] Argument:325 - Argument : Lockvalue: null
2024-04-02 00:02:08,009 [INFO] Argument:335 - Argument : Lockvalue: null
2024-04-02 00:02:08,009 [INFO] Argument:325 - Argument : Statevalue: null
2024-04-02 00:02:08,009 [INFO] Argument:335 - Argument : Statevalue: null
2024-04-02 00:02:08,009 [INFO] Argument:325 - Argument : Parentvalue: null
2024-04-02 00:02:08,009 [INFO] Argument:335 - Argument : Parentvalue: null
2024-04-02 00:02:08,009 [INFO] Argument:325 - Argument : XferCpltCallbackvalue: null
2024-04-02 00:02:08,009 [INFO] Argument:335 - Argument : XferCpltCallbackvalue: null
2024-04-02 00:02:08,009 [INFO] Argument:325 - Argument : XferHalfCpltCallbackvalue: null
2024-04-02 00:02:08,009 [INFO] Argument:335 - Argument : XferHalfCpltCallbackvalue: null
2024-04-02 00:02:08,009 [INFO] Argument:325 - Argument : XferM1CpltCallbackvalue: null
2024-04-02 00:02:08,009 [INFO] Argument:335 - Argument : XferM1CpltCallbackvalue: null
2024-04-02 00:02:08,009 [INFO] Argument:325 - Argument : XferErrorCallbackvalue: null
2024-04-02 00:02:08,009 [INFO] Argument:335 - Argument : XferErrorCallbackvalue: null
2024-04-02 00:02:08,009 [INFO] Argument:325 - Argument : ErrorCodevalue: null
2024-04-02 00:02:08,009 [INFO] Argument:335 - Argument : ErrorCodevalue: null
2024-04-02 00:02:08,062 [INFO] CodeEngine:255 - oldGeneratedFile, /home/abhay/STM32CubeIDE/microROS_ws/microros/MXTmpFiles/license.tmp_save
2024-04-02 00:02:08,095 [INFO] CodeEngine:279 - Generated code: /home/abhay/STM32CubeIDE/microROS_ws/microros/MXTmpFiles/license.tmp
2024-04-02 00:02:08,099 [INFO] CodeEngine:255 - oldGeneratedFile, /home/abhay/STM32CubeIDE/microROS_ws/microros/MXTmpFiles/gpio.tmp_save
2024-04-02 00:02:08,131 [INFO] CodeEngine:279 - Generated code: /home/abhay/STM32CubeIDE/microROS_ws/microros/MXTmpFiles/gpio.tmp
2024-04-02 00:02:08,166 [INFO] Middleware:1439 - No code input for Bsp Dependency
2024-04-02 00:02:08,167 [INFO] CodeEngine:255 - oldGeneratedFile, /home/abhay/STM32CubeIDE/microROS_ws/microros/MXTmpFiles/rtos_inc.tmp_save
2024-04-02 00:02:08,198 [INFO] CodeEngine:279 - Generated code: /home/abhay/STM32CubeIDE/microROS_ws/microros/MXTmpFiles/rtos_inc.tmp
2024-04-02 00:02:08,198 [INFO] CodeEngine:255 - oldGeneratedFile, /home/abhay/STM32CubeIDE/microROS_ws/microros/MXTmpFiles/rtos_kernelInit.tmp_save
2024-04-02 00:02:08,229 [INFO] CodeEngine:279 - Generated code: /home/abhay/STM32CubeIDE/microROS_ws/microros/MXTmpFiles/rtos_kernelInit.tmp
2024-04-02 00:02:08,229 [INFO] CodeEngine:255 - oldGeneratedFile, /home/abhay/STM32CubeIDE/microROS_ws/microros/MXTmpFiles/rtos_kernelStart.tmp_save
2024-04-02 00:02:08,260 [INFO] CodeEngine:279 - Generated code: /home/abhay/STM32CubeIDE/microROS_ws/microros/MXTmpFiles/rtos_kernelStart.tmp
2024-04-02 00:02:08,261 [INFO] CodeEngine:255 - oldGeneratedFile, /home/abhay/STM32CubeIDE/microROS_ws/microros/MXTmpFiles/rtos_typedefs.tmp_save
2024-04-02 00:02:08,292 [INFO] CodeEngine:279 - Generated code: /home/abhay/STM32CubeIDE/microROS_ws/microros/MXTmpFiles/rtos_typedefs.tmp
2024-04-02 00:02:08,293 [INFO] CodeEngine:255 - oldGeneratedFile, /home/abhay/STM32CubeIDE/microROS_ws/microros/MXTmpFiles/rtos_vars.tmp_save
2024-04-02 00:02:08,326 [INFO] CodeEngine:279 - Generated code: /home/abhay/STM32CubeIDE/microROS_ws/microros/MXTmpFiles/rtos_vars.tmp
2024-04-02 00:02:08,326 [INFO] CodeEngine:255 - oldGeneratedFile, /home/abhay/STM32CubeIDE/microROS_ws/microros/MXTmpFiles/rtos_pfp.tmp_save
2024-04-02 00:02:08,358 [INFO] CodeEngine:279 - Generated code: /home/abhay/STM32CubeIDE/microROS_ws/microros/MXTmpFiles/rtos_pfp.tmp
2024-04-02 00:02:08,358 [INFO] CodeEngine:255 - oldGeneratedFile, /home/abhay/STM32CubeIDE/microROS_ws/microros/MXTmpFiles/rtos_obj_creat.tmp_save
2024-04-02 00:02:08,390 [INFO] CodeEngine:279 - Generated code: /home/abhay/STM32CubeIDE/microROS_ws/microros/MXTmpFiles/rtos_obj_creat.tmp
2024-04-02 00:02:08,391 [INFO] CodeEngine:255 - oldGeneratedFile, /home/abhay/STM32CubeIDE/microROS_ws/microros/MXTmpFiles/rtos_default_thread.tmp_save
2024-04-02 00:02:08,422 [INFO] CodeEngine:279 - Generated code: /home/abhay/STM32CubeIDE/microROS_ws/microros/MXTmpFiles/rtos_default_thread.tmp
2024-04-02 00:02:08,422 [INFO] CodeEngine:255 - oldGeneratedFile, /home/abhay/STM32CubeIDE/microROS_ws/microros/MXTmpFiles/rtos_threads.tmp_save
2024-04-02 00:02:08,453 [INFO] CodeEngine:279 - Generated code: /home/abhay/STM32CubeIDE/microROS_ws/microros/MXTmpFiles/rtos_threads.tmp
2024-04-02 00:02:08,455 [INFO] Middleware:1439 - No code input for Bsp Dependency
2024-04-02 00:02:08,456 [INFO] CodeEngine:255 - oldGeneratedFile, /home/abhay/STM32CubeIDE/microROS_ws/microros/MXTmpFiles/rtos_inc.tmp_save
2024-04-02 00:02:08,490 [INFO] CodeEngine:279 - Generated code: /home/abhay/STM32CubeIDE/microROS_ws/microros/MXTmpFiles/rtos_inc.tmp
2024-04-02 00:02:08,491 [INFO] CodeEngine:255 - oldGeneratedFile, /home/abhay/STM32CubeIDE/microROS_ws/microros/MXTmpFiles/rtos_kernelInit.tmp_save
2024-04-02 00:02:08,523 [INFO] CodeEngine:279 - Generated code: /home/abhay/STM32CubeIDE/microROS_ws/microros/MXTmpFiles/rtos_kernelInit.tmp
2024-04-02 00:02:08,523 [INFO] CodeEngine:255 - oldGeneratedFile, /home/abhay/STM32CubeIDE/microROS_ws/microros/MXTmpFiles/rtos_kernelStart.tmp_save
2024-04-02 00:02:08,554 [INFO] CodeEngine:279 - Generated code: /home/abhay/STM32CubeIDE/microROS_ws/microros/MXTmpFiles/rtos_kernelStart.tmp
2024-04-02 00:02:08,555 [INFO] CodeEngine:255 - oldGeneratedFile, /home/abhay/STM32CubeIDE/microROS_ws/microros/MXTmpFiles/rtos_typedefs.tmp_save
2024-04-02 00:02:08,587 [INFO] CodeEngine:279 - Generated code: /home/abhay/STM32CubeIDE/microROS_ws/microros/MXTmpFiles/rtos_typedefs.tmp
2024-04-02 00:02:08,587 [INFO] CodeEngine:255 - oldGeneratedFile, /home/abhay/STM32CubeIDE/microROS_ws/microros/MXTmpFiles/rtos_vars.tmp_save
2024-04-02 00:02:08,619 [INFO] CodeEngine:279 - Generated code: /home/abhay/STM32CubeIDE/microROS_ws/microros/MXTmpFiles/rtos_vars.tmp
2024-04-02 00:02:08,620 [INFO] CodeEngine:255 - oldGeneratedFile, /home/abhay/STM32CubeIDE/microROS_ws/microros/MXTmpFiles/rtos_pfp.tmp_save
2024-04-02 00:02:08,648 [INFO] CodeEngine:279 - Generated code: /home/abhay/STM32CubeIDE/microROS_ws/microros/MXTmpFiles/rtos_pfp.tmp
2024-04-02 00:02:08,649 [INFO] CodeEngine:255 - oldGeneratedFile, /home/abhay/STM32CubeIDE/microROS_ws/microros/MXTmpFiles/rtos_obj_creat.tmp_save
2024-04-02 00:02:08,680 [INFO] CodeEngine:279 - Generated code: /home/abhay/STM32CubeIDE/microROS_ws/microros/MXTmpFiles/rtos_obj_creat.tmp
2024-04-02 00:02:08,680 [INFO] CodeEngine:255 - oldGeneratedFile, /home/abhay/STM32CubeIDE/microROS_ws/microros/MXTmpFiles/rtos_default_thread.tmp_save
2024-04-02 00:02:08,710 [INFO] CodeEngine:279 - Generated code: /home/abhay/STM32CubeIDE/microROS_ws/microros/MXTmpFiles/rtos_default_thread.tmp
2024-04-02 00:02:08,711 [INFO] CodeEngine:255 - oldGeneratedFile, /home/abhay/STM32CubeIDE/microROS_ws/microros/MXTmpFiles/rtos_threads.tmp_save
2024-04-02 00:02:08,739 [INFO] CodeEngine:279 - Generated code: /home/abhay/STM32CubeIDE/microROS_ws/microros/MXTmpFiles/rtos_threads.tmp
2024-04-02 00:02:08,740 [INFO] CodeEngine:255 - oldGeneratedFile, /home/abhay/STM32CubeIDE/microROS_ws/microros/Core/Inc/FreeRTOSConfig.h_save
2024-04-02 00:02:08,784 [INFO] CodeEngine:279 - Generated code: /home/abhay/STM32CubeIDE/microROS_ws/microros/Core/Inc/FreeRTOSConfig.h
2024-04-02 00:02:08,784 [INFO] CodeEngine:255 - oldGeneratedFile, /home/abhay/STM32CubeIDE/microROS_ws/microros/Core/Src/freertos.c_save
2024-04-02 00:02:08,818 [INFO] CodeEngine:279 - Generated code: /home/abhay/STM32CubeIDE/microROS_ws/microros/Core/Src/freertos.c
2024-04-02 00:02:08,829 [INFO] CodeEngine:255 - oldGeneratedFile, /home/abhay/STM32CubeIDE/microROS_ws/microros/MXTmpFiles/dma.tmp_save
2024-04-02 00:02:08,861 [INFO] CodeEngine:279 - Generated code: /home/abhay/STM32CubeIDE/microROS_ws/microros/MXTmpFiles/dma.tmp
2024-04-02 00:02:08,861 [INFO] CodeEngine:255 - oldGeneratedFile, /home/abhay/STM32CubeIDE/microROS_ws/microros/MXTmpFiles/dma_GV.tmp_save
2024-04-02 00:02:08,891 [INFO] CodeEngine:279 - Generated code: /home/abhay/STM32CubeIDE/microROS_ws/microros/MXTmpFiles/dma_GV.tmp
2024-04-02 00:02:08,894 [INFO] CodeEngine:255 - oldGeneratedFile, /home/abhay/STM32CubeIDE/microROS_ws/microros/Core/Src/stm32f4xx_it.c_save
2024-04-02 00:02:08,971 [INFO] CodeEngine:279 - Generated code: /home/abhay/STM32CubeIDE/microROS_ws/microros/Core/Src/stm32f4xx_it.c
2024-04-02 00:02:08,972 [INFO] CodeEngine:255 - oldGeneratedFile, /home/abhay/STM32CubeIDE/microROS_ws/microros/Core/Inc/stm32f4xx_it.h_save
2024-04-02 00:02:09,004 [INFO] CodeEngine:279 - Generated code: /home/abhay/STM32CubeIDE/microROS_ws/microros/Core/Inc/stm32f4xx_it.h
2024-04-02 00:02:09,005 [INFO] CodeEngine:255 - oldGeneratedFile, /home/abhay/STM32CubeIDE/microROS_ws/microros/Core/Src/stm32f4xx_hal_msp.c_save
2024-04-02 00:02:09,049 [INFO] CodeEngine:279 - Generated code: /home/abhay/STM32CubeIDE/microROS_ws/microros/Core/Src/stm32f4xx_hal_msp.c
2024-04-02 00:02:09,050 [INFO] CodeEngine:255 - oldGeneratedFile, /home/abhay/STM32CubeIDE/microROS_ws/microros/MXTmpFiles/system.tmp_save
2024-04-02 00:02:09,079 [INFO] CodeEngine:279 - Generated code: /home/abhay/STM32CubeIDE/microROS_ws/microros/MXTmpFiles/system.tmp
2024-04-02 00:02:09,080 [INFO] CodeEngine:311 - oldGeneratedFile, /home/abhay/STM32CubeIDE/microROS_ws/microros/Core/Inc/stm32f4xx_hal_conf.h_save
2024-04-02 00:02:09,115 [INFO] CodeEngine:335 - Generated code: /home/abhay/STM32CubeIDE/microROS_ws/microros/Core/Inc/stm32f4xx_hal_conf.h
2024-04-02 00:02:09,123 [INFO] CodeEngine:255 - oldGeneratedFile, /home/abhay/STM32CubeIDE/microROS_ws/microros/Core/Inc/main.h_save
2024-04-02 00:02:09,157 [INFO] CodeEngine:279 - Generated code: /home/abhay/STM32CubeIDE/microROS_ws/microros/Core/Inc/main.h
2024-04-02 00:02:09,158 [INFO] CodeEngine:255 - oldGeneratedFile, /home/abhay/STM32CubeIDE/microROS_ws/microros/Core/Src/main.c_save
2024-04-02 00:02:09,206 [INFO] CodeEngine:279 - Generated code: /home/abhay/STM32CubeIDE/microROS_ws/microros/Core/Src/main.c
2024-04-02 00:02:09,417 [INFO] ProjectBuilder:3076 - Time for Copy HAL[1] : 13mS.
2024-04-02 00:02:09,418 [INFO] ProjectBuilder:4485 - Project Generator version: 4.2.0-B44
2024-04-02 00:02:09,513 [INFO] ConfigFileManager:1495 - The Die is : DIE431
2024-04-02 00:02:10,178 [INFO] ProjectBuilder:4747 - Time for Generating toolchain IDE Files: 760mS.
2024-04-02 00:02:10,178 [INFO] ProjectBuilder:2947 - Time for Copy CMSIS : 0mS.
2024-04-02 00:02:10,179 [INFO] ProjectBuilder:2947 - Time for Copy CMSIS : 0mS.
