2024-05-22 21:31:06,355 [INFO] Activator:176 - 


2024-05-22 21:31:06,358 [INFO] Activator:177 - !SESSION log4j initialized
2024-05-22 21:31:10,483 [INFO] LogOutputStream:77 - [STDOUT_REDIRECT] 
2024-05-22 21:31:11,344 [INFO] ApplicationProperties:184 - Using Application install path: /opt/st/stm32cubeide_1.14.0/plugins/com.st.stm32cube.common.mx_6.10.0.202311202037
2024-05-22 21:31:11,356 [INFO] DbMcusXml:78 - Set database path to: /opt/st/stm32cubeide_1.14.0/plugins/com.st.stm32cube.common.mx_6.10.0.202311202037//db//mcu/
2024-05-22 21:31:11,356 [INFO] ApiDb:274 - Set plugin database path to: /opt/st/stm32cubeide_1.14.0/plugins/com.st.stm32cube.common.mx_6.10.0.202311202037//db//plugins/boardmanager/
2024-05-22 21:31:11,356 [WARN] ApiDb:259 - Overriding images path with different value:  => /opt/st/stm32cubeide_1.14.0/plugins/com.st.stm32cube.common.mx_6.10.0.202311202037//db//plugins/mcufinder/images/
2024-05-22 21:31:11,361 [INFO] ApiDb:250 - Set database path to: /home/abhay/.stmcufinder/plugins/mcufinder//mcu/
2024-05-22 21:31:11,362 [INFO] DbMcusAds:125 - Set database path to: /home/abhay/.stmcufinder/plugins/mcufinder//mcu/
2024-05-22 21:31:11,363 [INFO] CrossReferenceDbSqlite:203 - Set database path to: /home/abhay/.stmcufinder/plugins/mcufinder//mcu/cs/
2024-05-22 21:31:11,425 [INFO] RulesReader:64 - Compatibility file has been processed (297 Rules)
2024-05-22 21:31:11,466 [INFO] DbMcusXml:78 - Set database path to: /opt/st/stm32cubeide_1.14.0/plugins/com.st.stm32cube.common.mx_6.10.0.202311202037//db//mcu/
2024-05-22 21:31:11,466 [INFO] ApiDb:274 - Set plugin database path to: /opt/st/stm32cubeide_1.14.0/plugins/com.st.stm32cube.common.mx_6.10.0.202311202037//db//plugins/boardmanager/
2024-05-22 21:31:11,466 [INFO] ApiDb:261 - Set plugin images path to: /opt/st/stm32cubeide_1.14.0/plugins/com.st.stm32cube.common.mx_6.10.0.202311202037//db//plugins/mcufinder/images/
2024-05-22 21:31:11,466 [WARN] DbFile:41 - Overriding database path with different value: /home/abhay/.stmcufinder/plugins/mcufinder/ => /home/abhay/.stmcufinder/plugins/mcufinder
2024-05-22 21:31:11,467 [INFO] ApiDb:250 - Set database path to: /home/abhay/.stmcufinder/plugins/mcufinder//mcu/
2024-05-22 21:31:11,467 [WARN] DbFile:41 - Overriding database path with different value: /home/abhay/.stmcufinder/plugins/mcufinder/ => /home/abhay/.stmcufinder/plugins/mcufinder
2024-05-22 21:31:11,467 [INFO] DbMcusAds:125 - Set database path to: /home/abhay/.stmcufinder/plugins/mcufinder//mcu/
2024-05-22 21:31:11,467 [WARN] DbFile:41 - Overriding database path with different value: /home/abhay/.stmcufinder/plugins/mcufinder/ => /home/abhay/.stmcufinder/plugins/mcufinder
2024-05-22 21:31:11,467 [WARN] DbFile:41 - Overriding database path with different value: /home/abhay/.stmcufinder/plugins/mcufinder/ => /home/abhay/.stmcufinder/plugins/mcufinder
2024-05-22 21:31:11,467 [INFO] CrossReferenceDbSqlite:203 - Set database path to: /home/abhay/.stmcufinder/plugins/mcufinder//mcu/cs/
2024-05-22 21:31:11,513 [INFO] MainPanel:264 - HeapMemory: 268435456
2024-05-22 21:31:11,571 [INFO] DbMcusXml:78 - Set database path to: /opt/st/stm32cubeide_1.14.0/plugins/com.st.stm32cube.common.mx_6.10.0.202311202037//db//mcu/
2024-05-22 21:31:11,571 [INFO] ApiDb:274 - Set plugin database path to: /opt/st/stm32cubeide_1.14.0/plugins/com.st.stm32cube.common.mx_6.10.0.202311202037//db//plugins/boardmanager/
2024-05-22 21:31:11,571 [INFO] ApiDb:261 - Set plugin images path to: /opt/st/stm32cubeide_1.14.0/plugins/com.st.stm32cube.common.mx_6.10.0.202311202037//db//plugins/mcufinder/images/
2024-05-22 21:31:11,571 [WARN] DbFile:41 - Overriding database path with different value: /home/abhay/.stmcufinder/plugins/mcufinder/ => /home/abhay/.stmcufinder/plugins/mcufinder
2024-05-22 21:31:11,571 [INFO] ApiDb:250 - Set database path to: /home/abhay/.stmcufinder/plugins/mcufinder//mcu/
2024-05-22 21:31:11,571 [WARN] DbFile:41 - Overriding database path with different value: /home/abhay/.stmcufinder/plugins/mcufinder/ => /home/abhay/.stmcufinder/plugins/mcufinder
2024-05-22 21:31:11,571 [INFO] DbMcusAds:125 - Set database path to: /home/abhay/.stmcufinder/plugins/mcufinder//mcu/
2024-05-22 21:31:11,572 [WARN] DbFile:41 - Overriding database path with different value: /home/abhay/.stmcufinder/plugins/mcufinder/ => /home/abhay/.stmcufinder/plugins/mcufinder
2024-05-22 21:31:11,572 [WARN] DbFile:41 - Overriding database path with different value: /home/abhay/.stmcufinder/plugins/mcufinder/ => /home/abhay/.stmcufinder/plugins/mcufinder
2024-05-22 21:31:11,572 [INFO] CrossReferenceDbSqlite:203 - Set database path to: /home/abhay/.stmcufinder/plugins/mcufinder//mcu/cs/
2024-05-22 21:31:11,582 [INFO] ApplicationProperties:184 - Using Application install path: /opt/st/stm32cubeide_1.14.0/plugins/com.st.stm32cube.common.mx_6.10.0.202311202037
2024-05-22 21:31:11,583 [INFO] PluginManage:196 - Search for loadable plugins [exclusion list=, ]
2024-05-22 21:31:11,584 [INFO] PluginManage:310 - Check plugin analytics
2024-05-22 21:31:11,675 [INFO] AnalyticsPlugin:253 - Accepted Software Licenses: STM32CubeMX.6.11.0,STM32CubeMX.6.10.0
2024-05-22 21:31:11,675 [INFO] AnalyticsPlugin:255 - Accepted CMSIS Pack Licenses: 
2024-05-22 21:31:11,675 [INFO] AnalyticsPlugin:257 - Accepted Firmware Licenses: FW.F4.1.28.0
2024-05-22 21:31:11,676 [INFO] PluginManage:359 - Loaded plugin analytics (category:tool,tabindex:-1)
2024-05-22 21:31:11,677 [INFO] PluginManage:310 - Check plugin cadmodel
2024-05-22 21:31:11,699 [INFO] CADModel:105 - Init CAD model plugin
2024-05-22 21:31:11,700 [INFO] PluginManage:359 - Loaded plugin cadmodel (category:power,tabindex:5)
2024-05-22 21:31:11,700 [INFO] PluginManage:310 - Check plugin clock
2024-05-22 21:31:11,709 [INFO] PluginManage:359 - Loaded plugin clock (category:base,tabindex:2)
2024-05-22 21:31:11,709 [INFO] PluginManage:310 - Check plugin ddr
2024-05-22 21:31:11,711 [INFO] PluginManage:359 - Loaded plugin ddr (category:tool,tabindex:6)
2024-05-22 21:31:11,712 [INFO] PluginManage:310 - Check plugin filemanager
2024-05-22 21:31:11,822 [INFO] PluginManage:359 - Loaded plugin filemanager (category:base,tabindex:10)
2024-05-22 21:31:11,822 [INFO] PluginManage:310 - Check plugin ipmanager
2024-05-22 21:31:11,826 [INFO] PluginManage:359 - Loaded plugin ipmanager (category:base,tabindex:5)
2024-05-22 21:31:11,826 [INFO] PluginManage:310 - Check plugin lpbam
2024-05-22 21:31:11,835 [INFO] PluginManage:359 - Loaded plugin lpbam (category:base,tabindex:0)
2024-05-22 21:31:11,835 [INFO] PluginManage:310 - Check plugin memorymap
2024-05-22 21:31:11,844 [INFO] PluginManage:359 - Loaded plugin memorymap (category:base,tabindex:4)
2024-05-22 21:31:11,845 [INFO] PluginManage:310 - Check plugin pinoutandconfiguration
2024-05-22 21:31:11,851 [INFO] PluginManage:359 - Loaded plugin pinoutandconfiguration (category:base,tabindex:1)
2024-05-22 21:31:11,851 [INFO] PluginManage:310 - Check plugin pinoutconfig
2024-05-22 21:31:11,924 [WARN] SupportedApi:132 - Cannot load RTOS API schema: s4s-elt-must-match.1: The content of 'definitions' must match (annotation?, (simpleType | complexType)?, (unique | key | keyref)*)). A problem was found starting at: attribute.
2024-05-22 21:31:12,012 [INFO] PluginManage:359 - Loaded plugin pinoutconfig (category:base,tabindex:0)
2024-05-22 21:31:12,013 [INFO] PluginManage:310 - Check plugin power
2024-05-22 21:31:12,021 [INFO] PluginManage:359 - Loaded plugin power (category:power,tabindex:4)
2024-05-22 21:31:12,021 [INFO] PluginManage:310 - Check plugin projectmanager
2024-05-22 21:31:12,035 [INFO] PluginManage:359 - Loaded plugin projectmanager (category:projectmanager,tabindex:3)
2024-05-22 21:31:12,035 [INFO] PluginManage:310 - Check plugin thirdparty
2024-05-22 21:31:12,126 [INFO] PluginManage:359 - Loaded plugin thirdparty (category:base,tabindex:-1)
2024-05-22 21:31:12,125 [WARN] IntegrityCheckThread:84 - waiting for thirdparty lock release [integrity check]
2024-05-22 21:31:12,126 [INFO] IntegrityCheckThread:86 - entering critical section [integrity check]
2024-05-22 21:31:12,126 [INFO] PluginManage:310 - Check plugin tools
2024-05-22 21:31:12,126 [INFO] ThirdPartyUpdaterWithRetryManager:70 - Updater plugin not ready yet. [1/15]
2024-05-22 21:31:12,127 [INFO] PluginManage:359 - Loaded plugin tools (category:base,tabindex:7)
2024-05-22 21:31:12,128 [INFO] PluginManage:310 - Check plugin tutovideos
2024-05-22 21:31:12,248 [INFO] PluginManage:359 - Loaded plugin tutovideos (category:base,tabindex:-1)
2024-05-22 21:31:12,249 [INFO] PluginManage:310 - Check plugin updater
2024-05-22 21:31:12,256 [INFO] PluginManage:359 - Loaded plugin updater (category:base,tabindex:12)
2024-05-22 21:31:12,256 [INFO] PluginManage:310 - Check plugin userauth
2024-05-22 21:31:12,260 [INFO] UserAuth:114 - Init User Auth plugin
2024-05-22 21:31:12,260 [INFO] PluginManage:359 - Loaded plugin userauth (category:base,tabindex:14)
2024-05-22 21:31:12,260 [INFO] PluginManage:283 - PluginManage : Loaded plugins [17]
2024-05-22 21:31:12,371 [INFO] PinOutPanel:1499 - setPackage(No Configuration,No Configuration)
2024-05-22 21:31:12,410 [INFO] CADModel:165 - CPN selected for project level
2024-05-22 21:31:12,410 [INFO] CADModel:114 - Register for checkConnection events
2024-05-22 21:31:12,419 [INFO] IPUIPlugin:80 - create IPUIPlugin
2024-05-22 21:31:12,419 [INFO] PluginManager:220 - loadIPPluginJar : add tsc
2024-05-22 21:31:12,422 [INFO] IPUIPlugin:80 - create IPUIPlugin
2024-05-22 21:31:12,422 [INFO] PluginManager:220 - loadIPPluginJar : add i3c
2024-05-22 21:31:12,426 [INFO] IPUIPlugin:80 - create IPUIPlugin
2024-05-22 21:31:12,426 [INFO] PluginManager:220 - loadIPPluginJar : add gpio
2024-05-22 21:31:12,427 [INFO] IPUIPlugin:80 - create IPUIPlugin
2024-05-22 21:31:12,427 [INFO] PluginManager:220 - loadIPPluginJar : add quadspi
2024-05-22 21:31:12,430 [INFO] IPUIPlugin:80 - create IPUIPlugin
2024-05-22 21:31:12,431 [INFO] PluginManager:220 - loadIPPluginJar : add opamp
2024-05-22 21:31:12,432 [INFO] IPUIPlugin:80 - create IPUIPlugin
2024-05-22 21:31:12,432 [INFO] PluginManager:220 - loadIPPluginJar : add usart
2024-05-22 21:31:12,436 [INFO] IPUIPlugin:80 - create IPUIPlugin
2024-05-22 21:31:12,436 [INFO] PluginManager:220 - loadIPPluginJar : add adc
2024-05-22 21:31:12,438 [INFO] IPUIPlugin:80 - create IPUIPlugin
2024-05-22 21:31:12,438 [INFO] PluginManager:220 - loadIPPluginJar : add stm32_wpan
2024-05-22 21:31:12,440 [INFO] IPUIPlugin:80 - create IPUIPlugin
2024-05-22 21:31:12,440 [INFO] PluginManager:220 - loadIPPluginJar : add dma3
2024-05-22 21:31:12,444 [INFO] IPUIPlugin:80 - create IPUIPlugin
2024-05-22 21:31:12,444 [INFO] PluginManager:220 - loadIPPluginJar : add mdma
2024-05-22 21:31:12,446 [INFO] IPUIPlugin:80 - create IPUIPlugin
2024-05-22 21:31:12,446 [INFO] PluginManager:220 - loadIPPluginJar : add ipddr
2024-05-22 21:31:12,448 [INFO] IPUIPlugin:80 - create IPUIPlugin
2024-05-22 21:31:12,448 [INFO] PluginManager:220 - loadIPPluginJar : add ucpd
2024-05-22 21:31:12,449 [INFO] IPUIPlugin:80 - create IPUIPlugin
2024-05-22 21:31:12,449 [INFO] PluginManager:220 - loadIPPluginJar : add cryp
2024-05-22 21:31:12,450 [INFO] IPUIPlugin:80 - create IPUIPlugin
2024-05-22 21:31:12,450 [INFO] PluginManager:220 - loadIPPluginJar : add comp
2024-05-22 21:31:12,452 [INFO] IPUIPlugin:80 - create IPUIPlugin
2024-05-22 21:31:12,452 [INFO] PluginManager:220 - loadIPPluginJar : add dfsdm
2024-05-22 21:31:12,453 [INFO] IPUIPlugin:80 - create IPUIPlugin
2024-05-22 21:31:12,453 [INFO] PluginManager:220 - loadIPPluginJar : add ts
2024-05-22 21:31:12,454 [INFO] IPUIPlugin:80 - create IPUIPlugin
2024-05-22 21:31:12,454 [INFO] PluginManager:220 - loadIPPluginJar : add i2s
2024-05-22 21:31:12,455 [INFO] IPUIPlugin:80 - create IPUIPlugin
2024-05-22 21:31:12,455 [INFO] PluginManager:220 - loadIPPluginJar : add can
2024-05-22 21:31:12,457 [INFO] IPUIPlugin:80 - create IPUIPlugin
2024-05-22 21:31:12,457 [INFO] PluginManager:220 - loadIPPluginJar : add i2c
2024-05-22 21:31:12,457 [INFO] IPUIPlugin:80 - create IPUIPlugin
2024-05-22 21:31:12,457 [INFO] PluginManager:220 - loadIPPluginJar : add genericplugin
2024-05-22 21:31:12,459 [INFO] IPUIPlugin:80 - create IPUIPlugin
2024-05-22 21:31:12,459 [INFO] PluginManager:220 - loadIPPluginJar : add spi
2024-05-22 21:31:12,460 [INFO] IPUIPlugin:80 - create IPUIPlugin
2024-05-22 21:31:12,460 [INFO] PluginManager:220 - loadIPPluginJar : add lorawan
2024-05-22 21:31:12,461 [INFO] IPUIPlugin:80 - create IPUIPlugin
2024-05-22 21:31:12,462 [INFO] PluginManager:220 - loadIPPluginJar : add aes
2024-05-22 21:31:12,463 [INFO] IPUIPlugin:80 - create IPUIPlugin
2024-05-22 21:31:12,463 [INFO] PluginManager:220 - loadIPPluginJar : add gfxmmu
2024-05-22 21:31:12,466 [INFO] IPUIPlugin:80 - create IPUIPlugin
2024-05-22 21:31:12,466 [INFO] PluginManager:220 - loadIPPluginJar : add nvic
2024-05-22 21:31:12,469 [INFO] IPUIPlugin:80 - create IPUIPlugin
2024-05-22 21:31:12,469 [INFO] PluginManager:220 - loadIPPluginJar : add sai
2024-05-22 21:31:12,470 [INFO] IPUIPlugin:80 - create IPUIPlugin
2024-05-22 21:31:12,470 [INFO] PluginManager:220 - loadIPPluginJar : add fatfs
2024-05-22 21:31:12,470 [INFO] IPUIPlugin:80 - create IPUIPlugin
2024-05-22 21:31:12,470 [INFO] PluginManager:220 - loadIPPluginJar : add ltdc
2024-05-22 21:31:12,475 [INFO] IPUIPlugin:80 - create IPUIPlugin
2024-05-22 21:31:12,475 [INFO] PluginManager:220 - loadIPPluginJar : add gic
2024-05-22 21:31:12,476 [INFO] IPUIPlugin:80 - create IPUIPlugin
2024-05-22 21:31:12,476 [INFO] PluginManager:220 - loadIPPluginJar : add hash
2024-05-22 21:31:12,477 [INFO] IPUIPlugin:80 - create IPUIPlugin
2024-05-22 21:31:12,478 [INFO] PluginManager:220 - loadIPPluginJar : add tracer_emb
2024-05-22 21:31:12,483 [INFO] IPUIPlugin:80 - create IPUIPlugin
2024-05-22 21:31:12,483 [INFO] PluginManager:220 - loadIPPluginJar : add linkedlist
2024-05-22 21:31:12,487 [INFO] IPUIPlugin:80 - create IPUIPlugin
2024-05-22 21:31:12,487 [INFO] PluginManager:220 - loadIPPluginJar : add fmc
2024-05-22 21:31:12,488 [INFO] IPUIPlugin:80 - create IPUIPlugin
2024-05-22 21:31:12,488 [INFO] PluginManager:220 - loadIPPluginJar : add openamp
2024-05-22 21:31:12,490 [INFO] IPUIPlugin:80 - create IPUIPlugin
2024-05-22 21:31:12,490 [INFO] PluginManager:220 - loadIPPluginJar : add touchsensing
2024-05-22 21:31:12,492 [INFO] IPUIPlugin:80 - create IPUIPlugin
2024-05-22 21:31:12,492 [INFO] PluginManager:220 - loadIPPluginJar : add pdm2pcm
2024-05-22 21:31:12,494 [INFO] IPUIPlugin:80 - create IPUIPlugin
2024-05-22 21:31:12,494 [INFO] PluginManager:220 - loadIPPluginJar : add gtzc
2024-05-22 21:31:12,498 [INFO] IPUIPlugin:80 - create IPUIPlugin
2024-05-22 21:31:12,499 [INFO] PluginManager:220 - loadIPPluginJar : add dma
2024-05-22 21:31:12,503 [INFO] IPUIPlugin:80 - create IPUIPlugin
2024-05-22 21:31:12,505 [INFO] PluginManager:220 - loadIPPluginJar : add plateformsettings
2024-05-22 21:31:12,509 [INFO] IPUIPlugin:80 - create IPUIPlugin
2024-05-22 21:31:12,509 [INFO] PluginManager:220 - loadIPPluginJar : add freertos
2024-05-22 21:31:12,511 [INFO] IPUIPlugin:80 - create IPUIPlugin
2024-05-22 21:31:12,511 [INFO] PluginManager:220 - loadIPPluginJar : add resmgrutility
2024-05-22 21:31:12,513 [INFO] IPUIPlugin:80 - create IPUIPlugin
2024-05-22 21:31:12,513 [INFO] PluginManager:220 - loadIPPluginJar : add usbx
2024-05-22 21:31:12,515 [INFO] IPUIPlugin:80 - create IPUIPlugin
2024-05-22 21:31:12,515 [INFO] PluginManager:220 - loadIPPluginJar : add tim
2024-05-22 21:31:12,617 [INFO] CADModel:165 - CPN selected for project level
2024-05-22 21:31:12,617 [INFO] CADModel:114 - Register for checkConnection events
2024-05-22 21:31:12,618 [FATAL] Updater:308 - Updater called before beeing initialized
2024-05-22 21:31:12,618 [ERROR] CADModel:125 - Updater not yet initialized, retry later 
2024-05-22 21:31:12,714 [INFO] CADModel:165 - CPN selected for project level
2024-05-22 21:31:12,714 [INFO] CADModel:114 - Register for checkConnection events
2024-05-22 21:31:12,714 [FATAL] Updater:308 - Updater called before beeing initialized
2024-05-22 21:31:12,714 [ERROR] CADModel:125 - Updater not yet initialized, retry later 
2024-05-22 21:31:12,716 [FATAL] Updater:308 - Updater called before beeing initialized
2024-05-22 21:31:12,770 [FATAL] Updater:308 - Updater called before beeing initialized
2024-05-22 21:31:12,774 [INFO] DbMcusAds:53 - JSON generation date=Wed Nov 29 16:22:27 IST 2023 (1701255147349)
2024-05-22 21:31:12,774 [FATAL] Updater:308 - Updater called before beeing initialized
2024-05-22 21:31:12,797 [WARN] DetailPanel:346 - Failed to get advertising image, set to default
2024-05-22 21:31:12,854 [FATAL] Updater:308 - Updater called before beeing initialized
2024-05-22 21:31:12,855 [FATAL] Updater:308 - Updater called before beeing initialized
2024-05-22 21:31:12,855 [FATAL] Updater:308 - Updater called before beeing initialized
2024-05-22 21:31:12,855 [WARN] DetailPanel:346 - Failed to get advertising image, set to default
2024-05-22 21:31:12,856 [FATAL] Updater:308 - Updater called before beeing initialized
2024-05-22 21:31:12,876 [ERROR] Updater:1120 - MainUpdater not yet initialized. External WinMGr cannot be set.
2024-05-22 21:31:12,877 [INFO] Updater:1056 - Updater Version found : 6.10.0
2024-05-22 21:31:12,894 [INFO] ApplicationProperties:184 - Using Application install path: /opt/st/stm32cubeide_1.14.0/plugins/com.st.stm32cube.common.mx_6.10.0.202311202037
2024-05-22 21:31:13,366 [INFO] MainUpdater:2873 - connection check result : 10
2024-05-22 21:31:13,367 [INFO] MainUpdater:290 - Updater Check For Update Now.
2024-05-22 21:31:13,367 [INFO] MicroXplorer:498 - Change Database Version : DB.6.0.100
2024-05-22 21:31:13,378 [INFO] McuFinderGlobals:63 - Set McuFinder mode to 2 (CubeIDE integrated)
2024-05-22 21:31:13,525 [INFO] CheckServerUpdateThread:120 - End of CheckServer Thread
2024-05-22 21:31:15,189 [WARN] PackLoader:240 - Cannot read IP mode file for STMicroelectronics.X-CUBE-SMBUS.2.1.0
2024-05-22 21:31:15,209 [WARN] PackLoader:240 - Cannot read IP mode file for STMicroelectronics.X-CUBE-AZRTOS-F7.1.1.0
2024-05-22 21:31:15,215 [WARN] PackLoader:240 - Cannot read IP mode file for STMicroelectronics.FP-SNS-FLIGHT1.5.0.2
2024-05-22 21:31:15,221 [WARN] PackLoader:240 - Cannot read IP mode file for STMicroelectronics.X-CUBE-DISPLAY.3.0.0
2024-05-22 21:31:15,228 [WARN] PackLoader:240 - Cannot read IP mode file for STMicroelectronics.X-CUBE-BLE1.7.0.0
2024-05-22 21:31:15,231 [WARN] PackLoader:240 - Cannot read IP mode file for STMicroelectronics.FP-SNS-SMARTAG2.1.2.0
2024-05-22 21:31:15,238 [INFO] LogOutputStream:77 - [STDOUT_REDIRECT] 1 : Invalid condition id : UX_CORESTACK_Condition cause : null
2024-05-22 21:31:15,238 [INFO] LogOutputStream:77 - [STDOUT_REDIRECT] 1 : Invalid condition id : UX_CORESTACK_Condition cause : null
2024-05-22 21:31:15,238 [INFO] LogOutputStream:77 - [STDOUT_REDIRECT] 1 : Invalid condition id : UX_CORESTACK_Condition cause : null
2024-05-22 21:31:15,238 [INFO] LogOutputStream:77 - [STDOUT_REDIRECT] 1 : Invalid condition id : UX_CORESTACK_Condition cause : null
2024-05-22 21:31:15,239 [INFO] LogOutputStream:77 - [STDOUT_REDIRECT] 1 : Invalid condition id : UX_CORESTACK_Condition cause : null
2024-05-22 21:31:15,241 [WARN] PackLoader:240 - Cannot read IP mode file for STMicroelectronics.X-CUBE-AZRTOS-WL.2.0.0
2024-05-22 21:31:15,247 [WARN] PackLoader:240 - Cannot read IP mode file for WES.I-CUBE-Cesium.1.3.0
2024-05-22 21:31:15,251 [WARN] PackLoader:240 - Cannot read IP mode file for STMicroelectronics.X-CUBE-BLE2.3.3.0
2024-05-22 21:31:15,254 [WARN] PackLoader:240 - Cannot read IP mode file for STMicroelectronics.X-CUBE-ALGOBUILD.1.3.0
2024-05-22 21:31:15,264 [WARN] PackLoader:240 - Cannot read IP mode file for STMicroelectronics.X-CUBE-AZRTOS-G0.1.1.0
2024-05-22 21:31:15,268 [WARN] PackLoader:240 - Cannot read IP mode file for STMicroelectronics.X-CUBE-NFC4.3.0.0
2024-05-22 21:31:15,271 [WARN] PackLoader:240 - Cannot read IP mode file for STMicroelectronics.FP-ATR-SIGFOX1.3.2.0
2024-05-22 21:31:15,274 [WARN] PackLoader:240 - Cannot read IP mode file for ITTIA_DB.I-CUBE-ITTIADB.8.9.0
2024-05-22 21:31:15,293 [WARN] PackLoader:240 - Cannot read IP mode file for SEGGER.I-CUBE-embOS.1.3.1
2024-05-22 21:31:15,325 [WARN] PackLoader:240 - Cannot read IP mode file for STMicroelectronics.X-CUBE-ALGOBUILD.1.4.0
2024-05-22 21:31:15,329 [WARN] PackLoader:240 - Cannot read IP mode file for STMicroelectronics.X-CUBE-GNSS1.6.0.0
2024-05-22 21:31:15,338 [WARN] PackLoader:240 - Cannot read IP mode file for STMicroelectronics.X-CUBE-AZRTOS-F4.1.1.0
2024-05-22 21:31:15,339 [INFO] UserAuth:404 - Internet connection configuration mode: 1
2024-05-22 21:31:15,354 [WARN] PackLoader:240 - Cannot read IP mode file for STMicroelectronics.X-CUBE-AZRTOS-L5.2.0.0
2024-05-22 21:31:15,355 [INFO] JxBrowserEngine:152 - Initiate JxBrowser Engine with user profile folder
2024-05-22 21:31:15,362 [WARN] PackLoader:240 - Cannot read IP mode file for STMicroelectronics.X-CUBE-NFC7.1.0.1
2024-05-22 21:31:15,366 [WARN] PackLoader:240 - Cannot read IP mode file for STMicroelectronics.X-CUBE-AI.8.1.0
2024-05-22 21:31:15,380 [WARN] ConditionMgr:438 - getConditionDescription Invalid condition id : LAN8742 Phy interface Condition cause : null
2024-05-22 21:31:15,381 [WARN] PackLoader:240 - Cannot read IP mode file for STMicroelectronics.X-CUBE-AZRTOS-L4.2.0.0
2024-05-22 21:31:15,382 [WARN] ConditionMgr:1039 - genDependencies : Invalid condition id : LAN8742 Phy interface Condition cause : null
2024-05-22 21:31:15,382 [WARN] ConditionMgr:1039 - genDependencies : Invalid condition id : LAN8742 Phy interface Condition cause : null
2024-05-22 21:31:15,383 [WARN] ConditionMgr:1039 - genDependencies : Invalid condition id : LAN8742 Phy interface Condition cause : null
2024-05-22 21:31:15,390 [WARN] PackLoader:240 - Cannot read IP mode file for STMicroelectronics.X-CUBE-SFXS2LP1.4.0.0
2024-05-22 21:31:15,400 [WARN] ConditionMgr:438 - getConditionDescription Invalid condition id : UX DEVICE CLASS RTOS Condition cause : null
2024-05-22 21:31:15,401 [WARN] ConditionMgr:438 - getConditionDescription Invalid condition id : UX DEVICE CLASS RTOS Condition cause : null
2024-05-22 21:31:15,403 [WARN] PackLoader:240 - Cannot read IP mode file for STMicroelectronics.X-CUBE-AZRTOS-WB.2.0.0
2024-05-22 21:31:15,403 [WARN] ConditionMgr:1039 - genDependencies : Invalid condition id : UX DEVICE CLASS RTOS Condition cause : null
2024-05-22 21:31:15,404 [WARN] ConditionMgr:1039 - genDependencies : Invalid condition id : UX DEVICE CLASS RTOS Condition cause : null
2024-05-22 21:31:15,404 [WARN] ConditionMgr:1039 - genDependencies : Invalid condition id : UX DEVICE CLASS RTOS Condition cause : null
2024-05-22 21:31:15,404 [WARN] ConditionMgr:1039 - genDependencies : Invalid condition id : UX DEVICE CLASS RTOS Condition cause : null
2024-05-22 21:31:15,404 [WARN] ConditionMgr:1039 - genDependencies : Invalid condition id : UX DEVICE CLASS RTOS Condition cause : null
2024-05-22 21:31:15,413 [WARN] PackLoader:240 - Cannot read IP mode file for STMicroelectronics.X-CUBE-SUBG2.5.0.0
2024-05-22 21:31:15,421 [WARN] PackLoader:240 - Cannot read IP mode file for Cesanta.I-CUBE-Mongoose.7.13.0
2024-05-22 21:31:15,451 [WARN] PackLoader:240 - Cannot read IP mode file for STMicroelectronics.X-CUBE-AZRTOS-G4.2.0.0
2024-05-22 21:31:15,456 [WARN] PackLoader:240 - Cannot read IP mode file for STMicroelectronics.X-CUBE-ALS.1.0.2
2024-05-22 21:31:15,505 [WARN] PackLoader:240 - Cannot read IP mode file for STMicroelectronics.X-CUBE-MEMS1.10.0.0
2024-05-22 21:31:15,661 [WARN] PackLoader:240 - Cannot read IP mode file for STMicroelectronics.X-CUBE-FREERTOS.1.1.0
2024-05-22 21:31:15,666 [WARN] PackLoader:240 - Cannot read IP mode file for portGmbH.I-Cube-SoM-uGOAL.1.1.0
2024-05-22 21:31:15,670 [WARN] PackLoader:240 - Cannot read IP mode file for STMicroelectronics.X-CUBE-ALS.1.0.1
2024-05-22 21:31:15,685 [WARN] PackLoader:240 - Cannot read IP mode file for STMicroelectronics.X-CUBE-AZRTOS-H7RS.1.0.0
2024-05-22 21:31:15,698 [WARN] PackLoader:240 - Cannot read IP mode file for STMicroelectronics.FP-ATR-ASTRA1.2.0.0
2024-05-22 21:31:15,704 [WARN] PackLoader:240 - Cannot read IP mode file for Infineon.AIROC-Wi-Fi-Bluetooth-STM32.1.6.0
2024-05-22 21:31:15,706 [INFO] ThirdParty:978 - Integrity check success = true
2024-05-22 21:31:15,706 [INFO] IntegrityCheckThread:100 - exiting critical section [integrity check]
2024-05-22 21:31:15,706 [INFO] IntegrityCheckThread:103 - End integrity checks thread
2024-05-22 21:31:16,197 [INFO] WebApp:161 - Instantiating new browser for Auth
2024-05-22 21:31:16,533 [INFO] WebApp:780 - Register for checkConnection events
2024-05-22 21:31:16,533 [INFO] WebApp:414 - Apply proxy settings
2024-05-22 21:31:16,533 [INFO] WebApp:499 - Chromium requires no authentication
2024-05-22 21:31:16,537 [INFO] WebApp:442 - Direct internet connection detected
2024-05-22 21:31:16,606 [INFO] WebApp:192 - Starting web application
2024-05-22 21:31:16,606 [INFO] WebApp:544 - Web application path used /opt/st/stm32cubeide_1.14.0/plugins/com.st.stm32cube.common.mx_6.10.0.202311202037/db/plugins/mcufinder/reactClient1/index.html
2024-05-22 21:31:36,928 [ERROR] LogOutputStream:75 - [STDERR_REDIRECT] SLF4J: Failed to load class "org.slf4j.impl.StaticLoggerBinder".
2024-05-22 21:31:36,928 [ERROR] LogOutputStream:75 - [STDERR_REDIRECT] SLF4J: Defaulting to no-operation (NOP) logger implementation
2024-05-22 21:31:36,928 [ERROR] LogOutputStream:75 - [STDERR_REDIRECT] SLF4J: See http://www.slf4j.org/codes.html#StaticLoggerBinder for further details.
2024-05-22 21:31:40,937 [INFO] McuFinderGlobals:63 - Set McuFinder mode to 2 (CubeIDE integrated)
2024-05-22 21:31:40,941 [INFO] MainUpdater:2873 - connection check result : 10
2024-05-22 21:31:40,941 [INFO] MainUpdater:2873 - connection check result : 10
2024-05-22 21:31:40,966 [INFO] MicroXplorer:468 - Change Database Path : 
2024-05-22 21:31:40,966 [INFO] MicroXplorer:498 - Change Database Version : DB.6.0.100
2024-05-22 21:31:40,970 [WARN] ThirdParty:871 - waiting for thirdparty lock release [close project]
2024-05-22 21:31:40,970 [INFO] ThirdParty:873 - entering critical section [close project]
2024-05-22 21:31:40,971 [INFO] ThirdParty:883 - exiting critical section [close project]
2024-05-22 21:31:40,972 [INFO] PinOutPanel:1499 - setPackage(No Configuration,No Configuration)
2024-05-22 21:31:40,976 [INFO] UtilMem:75 - Begin LoadConfig() Used Memory: 168070120 Bytes (274726912)
2024-05-22 21:31:40,978 [INFO] MicroXplorer:468 - Change Database Path : 
2024-05-22 21:31:40,978 [INFO] MicroXplorer:498 - Change Database Version : DB.6.0.100
2024-05-22 21:31:40,978 [INFO] OpenFileManager:312 - Change cursor
2024-05-22 21:31:41,003 [INFO] Mcu:2016 - Initializing MCU STM32F411V(C-E)Tx STM32F411VETx STM32F411VET6
2024-05-22 21:31:41,729 [INFO] Context:659 - Trying to add GPIOservice into a context  which must be forbidden
2024-05-22 21:31:42,045 [INFO] RtosManager:555 - Registered RTOS mode: class=CMSIS, group=RTOS, mode=CMSIS_V1, owner=FREERTOS
2024-05-22 21:31:42,045 [INFO] RtosManager:555 - Registered RTOS mode: class=CMSIS, group=RTOS2, mode=CMSIS_V2, owner=FREERTOS
2024-05-22 21:31:42,045 [INFO] RtosManager:555 - Registered RTOS mode: class=RTOS, group=Core, mode=CMSIS_V1, owner=FREERTOS
2024-05-22 21:31:42,045 [INFO] RtosManager:555 - Registered RTOS mode: class=RTOS, group=Core, mode=CMSIS_V2, owner=FREERTOS
2024-05-22 21:31:42,046 [WARN] ModelIntegratedComponent:184 - Missing modes for component STMicroelectronics:FreeRTOS:0.0.1:STMicroelectronics:RTOS:FreeRTOS:Core:::10.2.0:
2024-05-22 21:31:42,051 [WARN] ModelIntegratedComponent:182 - Modes not found for component STMicroelectronics:USB_HOST:1.0.0:STMicroelectronics:USB::USB Host:Audio HS::1.0:USB_HOST_1_0_RESTRICTED_HS
2024-05-22 21:31:42,051 [WARN] ModelIntegratedComponent:188 - Modes not found for component STMicroelectronics:USB_HOST:1.0.0:STMicroelectronics:USB::USB Host:Audio HS::1.0:USB_HOST_1_0_RESTRICTED_HS
2024-05-22 21:31:42,051 [WARN] ModelIntegratedComponent:182 - Modes not found for component STMicroelectronics:USB_HOST:1.0.0:STMicroelectronics:USB::USB Host:CDC HS::1.0:USB_HOST_1_0_RESTRICTED_HS
2024-05-22 21:31:42,051 [WARN] ModelIntegratedComponent:188 - Modes not found for component STMicroelectronics:USB_HOST:1.0.0:STMicroelectronics:USB::USB Host:CDC HS::1.0:USB_HOST_1_0_RESTRICTED_HS
2024-05-22 21:31:42,051 [WARN] ModelIntegratedComponent:182 - Modes not found for component STMicroelectronics:USB_HOST:1.0.0:STMicroelectronics:USB::USB Host:MSC HS::1.0:USB_HOST_1_0_RESTRICTED_HS
2024-05-22 21:31:42,051 [WARN] ModelIntegratedComponent:188 - Modes not found for component STMicroelectronics:USB_HOST:1.0.0:STMicroelectronics:USB::USB Host:MSC HS::1.0:USB_HOST_1_0_RESTRICTED_HS
2024-05-22 21:31:42,051 [WARN] ModelIntegratedComponent:182 - Modes not found for component STMicroelectronics:USB_HOST:1.0.0:STMicroelectronics:USB::USB Host:HID HS::1.0:USB_HOST_1_0_RESTRICTED_HS
2024-05-22 21:31:42,051 [WARN] ModelIntegratedComponent:188 - Modes not found for component STMicroelectronics:USB_HOST:1.0.0:STMicroelectronics:USB::USB Host:HID HS::1.0:USB_HOST_1_0_RESTRICTED_HS
2024-05-22 21:31:42,051 [WARN] ModelIntegratedComponent:182 - Modes not found for component STMicroelectronics:USB_HOST:1.0.0:STMicroelectronics:USB::USB Host:MTP HS::1.0:USB_HOST_1_0_RESTRICTED_HS
2024-05-22 21:31:42,051 [WARN] ModelIntegratedComponent:188 - Modes not found for component STMicroelectronics:USB_HOST:1.0.0:STMicroelectronics:USB::USB Host:MTP HS::1.0:USB_HOST_1_0_RESTRICTED_HS
2024-05-22 21:31:42,054 [WARN] ModelIntegratedComponent:63 - No mode defined for component null
2024-05-22 21:31:42,054 [WARN] ModelIntegratedComponent:63 - No mode defined for component null
2024-05-22 21:31:42,054 [WARN] ModelIntegratedComponent:63 - No mode defined for component null
2024-05-22 21:31:42,054 [WARN] ModelIntegratedComponent:63 - No mode defined for component null
2024-05-22 21:31:42,054 [WARN] ModelIntegratedComponent:63 - No mode defined for component null
2024-05-22 21:31:42,054 [WARN] ModelIntegratedComponent:63 - No mode defined for component null
2024-05-22 21:31:42,054 [WARN] ModelIntegratedComponent:63 - No mode defined for component null
2024-05-22 21:31:42,054 [WARN] ModelIntegratedComponent:63 - No mode defined for component null
2024-05-22 21:31:42,054 [WARN] ModelIntegratedComponent:63 - No mode defined for component null
2024-05-22 21:31:42,054 [WARN] ModelIntegratedComponent:63 - No mode defined for component null
2024-05-22 21:31:42,054 [WARN] ModelIntegratedComponent:63 - No mode defined for component null
2024-05-22 21:31:42,054 [WARN] ModelIntegratedComponent:63 - No mode defined for component null
2024-05-22 21:31:42,054 [WARN] ModelIntegratedComponent:63 - No mode defined for component null
2024-05-22 21:31:42,054 [WARN] ModelIntegratedComponent:63 - No mode defined for component null
2024-05-22 21:31:42,054 [WARN] ModelIntegratedComponent:63 - No mode defined for component null
2024-05-22 21:31:42,054 [WARN] ModelIntegratedComponent:63 - No mode defined for component null
2024-05-22 21:31:42,054 [WARN] ModelIntegratedComponent:63 - No mode defined for component null
2024-05-22 21:31:42,055 [WARN] ModelIntegratedComponent:63 - No mode defined for component null
2024-05-22 21:31:42,055 [WARN] ModelIntegratedComponent:63 - No mode defined for component null
2024-05-22 21:31:42,055 [WARN] ModelIntegratedComponent:63 - No mode defined for component null
2024-05-22 21:31:42,055 [WARN] ModelIntegratedComponent:63 - No mode defined for component null
2024-05-22 21:31:42,055 [WARN] ModelIntegratedComponent:63 - No mode defined for component null
2024-05-22 21:31:42,055 [WARN] ModelIntegratedComponent:63 - No mode defined for component null
2024-05-22 21:31:42,055 [WARN] ModelIntegratedComponent:63 - No mode defined for component null
2024-05-22 21:31:42,055 [WARN] ModelIntegratedComponent:63 - No mode defined for component null
2024-05-22 21:31:42,055 [WARN] ModelIntegratedComponent:63 - No mode defined for component null
2024-05-22 21:31:42,055 [WARN] ModelIntegratedComponent:63 - No mode defined for component null
2024-05-22 21:31:42,055 [WARN] ModelIntegratedComponent:63 - No mode defined for component null
2024-05-22 21:31:42,055 [WARN] ModelIntegratedComponent:63 - No mode defined for component null
2024-05-22 21:31:42,055 [WARN] ModelIntegratedComponent:63 - No mode defined for component null
2024-05-22 21:31:42,055 [WARN] ModelIntegratedComponent:63 - No mode defined for component null
2024-05-22 21:31:42,055 [WARN] ModelIntegratedComponent:63 - No mode defined for component null
2024-05-22 21:31:42,055 [WARN] ModelIntegratedComponent:63 - No mode defined for component null
2024-05-22 21:31:42,105 [WARN] ModelIntegratedComponent:182 - Modes not found for component STMicroelectronics:USB_DEVICE:1.0.0:STMicroelectronics:USB::USB Device:Audio HS::1.0:USB_DEVICE_1_0_RESTRICTED_HS
2024-05-22 21:31:42,105 [WARN] ModelIntegratedComponent:188 - Modes not found for component STMicroelectronics:USB_DEVICE:1.0.0:STMicroelectronics:USB::USB Device:Audio HS::1.0:USB_DEVICE_1_0_RESTRICTED_HS
2024-05-22 21:31:42,105 [WARN] ModelIntegratedComponent:182 - Modes not found for component STMicroelectronics:USB_DEVICE:1.0.0:STMicroelectronics:USB::USB Device:CDC HS::1.0:USB_DEVICE_1_0_RESTRICTED_HS
2024-05-22 21:31:42,105 [WARN] ModelIntegratedComponent:188 - Modes not found for component STMicroelectronics:USB_DEVICE:1.0.0:STMicroelectronics:USB::USB Device:CDC HS::1.0:USB_DEVICE_1_0_RESTRICTED_HS
2024-05-22 21:31:42,105 [WARN] ModelIntegratedComponent:182 - Modes not found for component STMicroelectronics:USB_DEVICE:1.0.0:STMicroelectronics:USB::USB Device:DFU HS::1.0:USB_DEVICE_1_0_RESTRICTED_HS
2024-05-22 21:31:42,105 [WARN] ModelIntegratedComponent:188 - Modes not found for component STMicroelectronics:USB_DEVICE:1.0.0:STMicroelectronics:USB::USB Device:DFU HS::1.0:USB_DEVICE_1_0_RESTRICTED_HS
2024-05-22 21:31:42,105 [WARN] ModelIntegratedComponent:182 - Modes not found for component STMicroelectronics:USB_DEVICE:1.0.0:STMicroelectronics:USB::USB Device:HID HS::1.0:USB_DEVICE_1_0_RESTRICTED_HS
2024-05-22 21:31:42,105 [WARN] ModelIntegratedComponent:188 - Modes not found for component STMicroelectronics:USB_DEVICE:1.0.0:STMicroelectronics:USB::USB Device:HID HS::1.0:USB_DEVICE_1_0_RESTRICTED_HS
2024-05-22 21:31:42,105 [WARN] ModelIntegratedComponent:182 - Modes not found for component STMicroelectronics:USB_DEVICE:1.0.0:STMicroelectronics:USB::USB Device:Custom HID HS::1.0:USB_DEVICE_1_0_RESTRICTED_HS
2024-05-22 21:31:42,105 [WARN] ModelIntegratedComponent:188 - Modes not found for component STMicroelectronics:USB_DEVICE:1.0.0:STMicroelectronics:USB::USB Device:Custom HID HS::1.0:USB_DEVICE_1_0_RESTRICTED_HS
2024-05-22 21:31:42,105 [WARN] ModelIntegratedComponent:182 - Modes not found for component STMicroelectronics:USB_DEVICE:1.0.0:STMicroelectronics:USB::USB Device:MSC HS::1.0:USB_DEVICE_1_0_RESTRICTED_HS
2024-05-22 21:31:42,105 [WARN] ModelIntegratedComponent:188 - Modes not found for component STMicroelectronics:USB_DEVICE:1.0.0:STMicroelectronics:USB::USB Device:MSC HS::1.0:USB_DEVICE_1_0_RESTRICTED_HS
2024-05-22 21:31:42,117 [INFO] ThirdPartyModel:298 - Start build external matchings
2024-05-22 21:31:42,208 [INFO] ThirdPartyModel:316 - End build external matchings
2024-05-22 21:31:42,216 [INFO] RtosManager:919 - Current active RTOS is FREERTOS [Cortex-M4NS]
2024-05-22 21:31:42,221 [INFO] ImportTextPane:194 - (OptionalMessage_ERROR) IP (DMA) : Parameter (Instance) has Id (USART2_RX) currently not set
2024-05-22 21:31:42,221 [INFO] ImportTextPane:194 - (OptionalMessage_ERROR) IP (DMA) : Parameter (Channel) has Id (USART2_RX) currently not set
2024-05-22 21:31:42,221 [INFO] ImportTextPane:194 - (OptionalMessage_ERROR) IP (DMA) : Parameter (Direction) has Id (USART2_RX) currently not set
2024-05-22 21:31:42,221 [INFO] ImportTextPane:194 - (OptionalMessage_ERROR) IP (DMA) : Parameter (PeriphInc) has Id (USART2_RX) currently not set
2024-05-22 21:31:42,221 [INFO] ImportTextPane:194 - (OptionalMessage_ERROR) IP (DMA) : Parameter (MemInc) has Id (USART2_RX) currently not set
2024-05-22 21:31:42,221 [INFO] ImportTextPane:194 - (OptionalMessage_ERROR) IP (DMA) : Parameter (PeriphDataAlignment) has Id (USART2_RX) currently not set
2024-05-22 21:31:42,222 [INFO] ImportTextPane:194 - (OptionalMessage_ERROR) IP (DMA) : Parameter (MemDataAlignment) has Id (USART2_RX) currently not set
2024-05-22 21:31:42,222 [INFO] ImportTextPane:194 - (OptionalMessage_ERROR) IP (DMA) : Parameter (Mode) has Id (USART2_RX) currently not set
2024-05-22 21:31:42,222 [INFO] ImportTextPane:194 - (OptionalMessage_ERROR) IP (DMA) : Parameter (Priority) has Id (USART2_RX) currently not set
2024-05-22 21:31:42,222 [INFO] ImportTextPane:194 - (OptionalMessage_ERROR) IP (DMA) : Parameter (FIFOMode) has Id (USART2_RX) currently not set
2024-05-22 21:31:42,222 [INFO] ImportTextPane:194 - (OptionalMessage_ERROR) IP (DMA) : Parameter (Instance) has Id (USART2_TX) currently not set
2024-05-22 21:31:42,222 [INFO] ImportTextPane:194 - (OptionalMessage_ERROR) IP (DMA) : Parameter (Channel) has Id (USART2_TX) currently not set
2024-05-22 21:31:42,222 [INFO] ImportTextPane:194 - (OptionalMessage_ERROR) IP (DMA) : Parameter (Direction) has Id (USART2_TX) currently not set
2024-05-22 21:31:42,222 [INFO] ImportTextPane:194 - (OptionalMessage_ERROR) IP (DMA) : Parameter (PeriphInc) has Id (USART2_TX) currently not set
2024-05-22 21:31:42,222 [INFO] ImportTextPane:194 - (OptionalMessage_ERROR) IP (DMA) : Parameter (MemInc) has Id (USART2_TX) currently not set
2024-05-22 21:31:42,222 [INFO] ImportTextPane:194 - (OptionalMessage_ERROR) IP (DMA) : Parameter (PeriphDataAlignment) has Id (USART2_TX) currently not set
2024-05-22 21:31:42,222 [INFO] ImportTextPane:194 - (OptionalMessage_ERROR) IP (DMA) : Parameter (MemDataAlignment) has Id (USART2_TX) currently not set
2024-05-22 21:31:42,222 [INFO] ImportTextPane:194 - (OptionalMessage_ERROR) IP (DMA) : Parameter (Mode) has Id (USART2_TX) currently not set
2024-05-22 21:31:42,222 [INFO] ImportTextPane:194 - (OptionalMessage_ERROR) IP (DMA) : Parameter (Priority) has Id (USART2_TX) currently not set
2024-05-22 21:31:42,222 [INFO] ImportTextPane:194 - (OptionalMessage_ERROR) IP (DMA) : Parameter (FIFOMode) has Id (USART2_TX) currently not set
2024-05-22 21:31:42,227 [INFO] ImportTextPane:194 - (OptionalMessage_ERROR) IP (RCC) : Parameter (48MHZClocksFreq_Value) has invalid value (50000000)
2024-05-22 21:31:42,227 [INFO] ImportTextPane:194 - (OptionalMessage_ERROR) IP (RCC) : Parameter (RTCHSEDivFreq_Value) has invalid value (12500000)
2024-05-22 21:31:42,384 [INFO] UtilMem:75 - End LoadConfig() Used Memory: 231141632 Bytes (329252864)
2024-05-22 21:31:42,475 [INFO] ApiDb:581 - Connected to CubeFinder SQLite database (/home/abhay/.stmcufinder/plugins/mcufinder/mcu/cube-finder-db.db)
2024-05-22 21:31:42,519 [INFO] ApiDb:668 - CubeFinder database Data Model version=2.1
2024-05-22 21:31:42,519 [INFO] ApiDb:669 - CubeFinder database Configuration version=3.0.39
2024-05-22 21:31:42,519 [INFO] ApiDb:670 - CubeFinder database generation date=2024-03-25 (1711369621)
2024-05-22 21:31:42,519 [INFO] ApiDb:671 - CubeFinder database FW Pack versions=[FP-ATR-ASTRA1_V2.0.0, FP-SNS-FLIGHT1_V5.0.1, FP-SNS-FLIGHT1_V5.0.2, FP-SNS-MOTENV1_V4.3.1, FP-SNS-MOTENV1_V4.3.2, FP-SNS-MOTENVWB1_V1.3.1, FP-SNS-SMARTAG2_V1.2.0, STM32Cube_FW_C0_V1.1.0, STM32Cube_FW_F4_V1.28.0, STM32Cube_FW_F7_V1.17.0, STM32Cube_FW_G0_V1.6.2, STM32Cube_FW_G4_V1.5.2, STM32Cube_FW_H5_V0.5.1, STM32Cube_FW_H5_V1.1.1, STM32Cube_FW_H5_V1.2.0, STM32Cube_FW_H5_V1.2.0RC4, STM32Cube_FW_H7RS_V1.0.0, STM32Cube_FW_H7RS_V1.0.0RC4, STM32Cube_FW_H7_V1.11.0, STM32Cube_FW_L0_V1.12.2, STM32Cube_FW_L5_V1.5.1, STM32Cube_FW_U0_V1.0.0, STM32Cube_FW_U0_V1.0.0RC1, STM32Cube_FW_U5_V1.3.0RC4, STM32Cube_FW_U5_V1.5.0, STM32Cube_FW_U5_V1.5.0RC1, STM32Cube_FW_WBA_V1.0.0RC1, STM32Cube_FW_WBA_V1.2.0, STM32Cube_FW_WBA_V1.2.0RC2, STM32Cube_FW_WBA_V1.3.0, STM32Cube_FW_WBA_V1.3.0RC1, STM32Cube_FW_WB_V1.15.0RC1, STM32Cube_FW_WB_V1.16.0, STM32Cube_FW_WB_V1.16.0RC2, STM32Cube_FW_WB_V1.18.0, STM32Cube_FW_WB_V1.19.0, STM32Cube_FW_WL_V1.3.0, X-CUBE-ALGOBUILD_V1.3.0, X-CUBE-ALS_V1.0.1, X-CUBE-AZRTOS-F4_V1.1.0, X-CUBE-AZRTOS-F7_V1.1.0, X-CUBE-AZRTOS-G0_V1.1.0, X-CUBE-AZRTOS-G4_V2.0.0, X-CUBE-AZRTOS-H7_V3.2.0, X-CUBE-AZRTOS-L4_V1.0.0, X-CUBE-AZRTOS-L4_V2.0.0, X-CUBE-AZRTOS-L5_V1.1.0, X-CUBE-AZRTOS-WB_V2.0.0, X-CUBE-AZRTOS-WL_V2.0.0, X-CUBE-BLE1_V7.0.0, X-CUBE-BLE2_V3.3.0, X-CUBE-BLEMGR_V3.1.0, X-CUBE-EEPRMA1_V4.1.0, X-CUBE-EEPRMA1_V5.1.0, X-CUBE-FREERTOS_V1.1.0, X-CUBE-GNSS1_V6.0.0, X-CUBE-MEMS1_V10.0.0, X-CUBE-MEMS1_V9.1.0, X-CUBE-MEMS1_V9.4.0, X-CUBE-MEMS1_V9.6.0, X-CUBE-NFC4_V3.0.0, X-CUBE-NFC7_V1.0.1, X-CUBE-SFXS2LP1_V4.0.0, X-CUBE-SUBG2_V5.0.0, X-CUBE-TOF1_V3.4.0]
2024-05-22 21:31:43,845 [INFO] ApiDb:240 - Found 371 in-development CPN: [B-G473E-ZEST1S, B-WB1M-WPAN1, B-WL5M-SUBG1, NUCLEO-C031C6, NUCLEO-H503RB, NUCLEO-H563ZI, NUCLEO-U545RE-Q, NUCLEO-U5A5ZJ-Q, NUCLEO-WBA52CG, NUCLEO-WBA55CG, STEVAL-MKBOXPRO, STEVAL-PROTEUS1, STEVAL-STWINBX1, STM320518-EVAL, STM32C0116-DK, STM32C011D6Y3TR, STM32C011D6Y6TR, STM32C011F4P3, STM32C011F4P6, STM32C011F4U3, STM32C011F4U6TR, STM32C011F6P3, STM32C011F6P6, STM32C011F6U3, STM32C011F6U6TR, STM32C011J4M3, STM32C011J4M6, STM32C011J6M3, STM32C011J6M6, STM32C0316-DK, STM32C031C4T3, STM32C031C4T6, STM32C031C4U3, STM32C031C4U6, STM32C031C6T3, STM32C031C6T6, STM32C031C6U3, STM32C031C6U6, STM32C031F4P3, STM32C031F4P6, STM32C031F6P3, STM32C031F6P6, STM32C031G4U3, STM32C031G4U6, STM32C031G6U3, STM32C031G6U6, STM32C031K4T3, STM32C031K4T6, STM32C031K4U3, STM32C031K4U6, STM32C031K6T3, STM32C031K6T6, STM32C031K6U3, STM32C031K6U6, STM32G071K8TXN, STM32G071K8UXN, STM32G081GBU6N, STM32G081KBT6N, STM32G081KBUXN, STM32G0B1CCT6N, STM32G0B1KCT6, STM32G0B1NEY6TR, STM32G0B1RCT6N, STM32G0C1CCT6, STM32G0C1CCT6N, STM32G0C1CCU6N, STM32G0C1CET6N, STM32G0C1CEU6N, STM32G0C1KCT6, STM32G0C1NEY6TR, STM32G0C1RCI6N, STM32G0C1RCT6N, STM32G0C1REI6N, STM32G0C1RET6N, STM32G0C1VCI6, STM32G0C1VEI6, STM32G471CCT6, STM32G471CCU6, STM32G471CET3, STM32G471CET6, STM32G471CEU3, STM32G471CEU6, STM32G471MCT6, STM32G471MET3, STM32G471MET6, STM32G471MEY6TR, STM32G471QCT6, STM32G471QET3, STM32G471RCT6, STM32G471RET3, STM32G471RET6, STM32G471VCH6, STM32G471VCI6, STM32G471VCT6, STM32G471VEH3, STM32G471VEH6, STM32G471VEI3, STM32G471VEI6, STM32G471VET3, STM32G471VET6, STM32G474CCT6, STM32H503CBT6, STM32H503CBU6, STM32H503EBY6TR, STM32H503KBU6, STM32H503RBT6, STM32H562AGI6, STM32H562AII6, STM32H562IGK6, STM32H562IGT6, STM32H562IIK6, STM32H562IIT6, STM32H562RGT6, STM32H562RGV6, STM32H562RIT6, STM32H562RIV6, STM32H562VGT6, STM32H562VIT6, STM32H562ZGT6, STM32H562ZIT6, STM32H563AGI6, STM32H563AII3Q, STM32H563AII6, STM32H563IGK6, STM32H563IGT6, STM32H563IIK3Q, STM32H563IIK6, STM32H563IIT3Q, STM32H563IIT6, STM32H563MIY3QTR, STM32H563RGT6, STM32H563RGV6, STM32H563RIT6, STM32H563RIV6, STM32H563VGT6, STM32H563VIT3Q, STM32H563VIT6, STM32H563ZGT6, STM32H563ZIT3Q, STM32H563ZIT6, STM32H573AII3Q, STM32H573AII6, STM32H573I-DK, STM32H573IIK3Q, STM32H573IIK6, STM32H573IIT3Q, STM32H573IIT6, STM32H573MIY3QTR, STM32H573RIT6, STM32H573RIV6, STM32H573VIT3Q, STM32H573VIT6, STM32H573ZIT3Q, STM32H573ZIT6, STM32L4R5QGI6STR, STM32MP131AAE3, STM32MP131AAF3, STM32MP131AAG3, STM32MP131CAE3, STM32MP131CAF3, STM32MP131CAG3, STM32MP131DAE7, STM32MP131DAF7, STM32MP131DAG7, STM32MP131FAE7, STM32MP131FAF7, STM32MP131FAG7, STM32MP133AAE3, STM32MP133AAF3, STM32MP133AAG3, STM32MP133CAE3, STM32MP133CAF3, STM32MP133CAG3, STM32MP133DAE7, STM32MP133DAF7, STM32MP133DAG7, STM32MP133FAE7, STM32MP133FAF7, STM32MP133FAG7, STM32MP135AAE3, STM32MP135AAF3, STM32MP135AAG3, STM32MP135CAE3, STM32MP135CAF3, STM32MP135CAG3, STM32MP135DAE7, STM32MP135DAF7, STM32MP135DAG7, STM32MP135F-DK, STM32MP135FAE7, STM32MP135FAF7, STM32MP135FAF7T, STM32MP135FAF7U, STM32MP135FAG7, STM32U535CBT6, STM32U535CBT6Q, STM32U535CBU6, STM32U535CBU6Q, STM32U535CCT6, STM32U535CCT6Q, STM32U535CCU6, STM32U535CCU6Q, STM32U535CET6, STM32U535CET6Q, STM32U535CEU6, STM32U535CEU6Q, STM32U535JEY6QTR, STM32U535NCY6QTR, STM32U535NEY6QTR, STM32U535RBI6, STM32U535RBI6Q, STM32U535RBT6, STM32U535RBT6Q, STM32U535RCI6, STM32U535RCI6Q, STM32U535RCT6, STM32U535RCT6Q, STM32U535REI6, STM32U535REI6Q, STM32U535RET6, STM32U535RET6Q, STM32U535VCI6, STM32U535VCI6Q, STM32U535VCT6, STM32U535VCT6Q, STM32U535VEI6, STM32U535VEI6Q, STM32U535VET6, STM32U535VET6Q, STM32U545CET6, STM32U545CET6Q, STM32U545CEU6, STM32U545CEU6Q, STM32U545JEY6QTR, STM32U545NEY6QTR, STM32U545REI6, STM32U545REI6Q, STM32U545RET6, STM32U545RET6Q, STM32U545VEI6, STM32U545VEI6Q, STM32U545VET6, STM32U545VET6Q, STM32U595AIH6, STM32U595AIH6Q, STM32U595AJH6, STM32U595AJH6Q, STM32U595QII6, STM32U595QII6Q, STM32U595QJI6, STM32U595QJI6Q, STM32U595RIT6, STM32U595RIT6Q, STM32U595RJT6, STM32U595RJT6Q, STM32U595VIT6, STM32U595VIT6Q, STM32U595VJT6, STM32U595VJT6Q, STM32U595ZIT6, STM32U595ZIT6Q, STM32U595ZIY6QTR, STM32U595ZJT6, STM32U595ZJT6Q, STM32U595ZJY6QTR, STM32U599BJY6QTR, STM32U599NIH6Q, STM32U599NJH6Q, STM32U599VIT6Q, STM32U599VJT6, STM32U599VJT6Q, STM32U599ZIT6Q, STM32U599ZIY6QTR, STM32U599ZJT6Q, STM32U599ZJY6QTR, STM32U5A5AJH6, STM32U5A5AJH6Q, STM32U5A5QJI6, STM32U5A5QJI6Q, STM32U5A5RJT6, STM32U5A5RJT6Q, STM32U5A5VJT6, STM32U5A5VJT6Q, STM32U5A5ZJT6, STM32U5A5ZJT6Q, STM32U5A5ZJY6QTR, STM32U5A9BJY6QTR, STM32U5A9J-DK, STM32U5A9NJH6Q, STM32U5A9VJT6Q, STM32U5A9ZJT6Q, STM32U5A9ZJY6QTR, STM32U5F7VIT6, STM32U5F7VIT6Q, STM32U5F7VJT6, STM32U5F7VJT6Q, STM32U5F9BJY6QTR, STM32U5F9NJH6Q, STM32U5F9VIT6Q, STM32U5F9VJT6Q, STM32U5F9ZIJ6QTR, STM32U5F9ZIT6Q, STM32U5F9ZJJ6QTR, STM32U5F9ZJT6Q, STM32U5G7VJT6, STM32U5G7VJT6Q, STM32U5G9BJY6QTR, STM32U5G9J-DK1, STM32U5G9J-DK2, STM32U5G9NJH6Q, STM32U5G9VJT6Q, STM32U5G9ZJJ6QTR, STM32U5G9ZJT6Q, STM32WB1MMCH6, STM32WBA50KEU6, STM32WBA50KEU6TR, STM32WBA50KGU6, STM32WBA50KGU6TR, STM32WBA52CEU6, STM32WBA52CEU6TR, STM32WBA52CEU7, STM32WBA52CEU7TR, STM32WBA52CGU6, STM32WBA52CGU6TR, STM32WBA52CGU6U, STM32WBA52CGU7, STM32WBA52CGU7TR, STM32WBA52KEU6, STM32WBA52KEU6TR, STM32WBA52KGU6, STM32WBA52KGU6TR, STM32WBA54CEU6, STM32WBA54CEU6TR, STM32WBA54CEU7, STM32WBA54CEU7TR, STM32WBA54CGU6, STM32WBA54CGU6TR, STM32WBA54CGU7, STM32WBA54CGU7TR, STM32WBA54KEU6, STM32WBA54KEU6TR, STM32WBA54KEU7, STM32WBA54KEU7TR, STM32WBA54KGU6, STM32WBA54KGU6TR, STM32WBA54KGU7, STM32WBA54KGU7TR, STM32WBA55CEU6, STM32WBA55CEU6TR, STM32WBA55CEU7, STM32WBA55CEU7TR, STM32WBA55CGU6, STM32WBA55CGU6TR, STM32WBA55CGU6U, STM32WBA55CGU7, STM32WBA55CGU7TR, STM32WBA55G-DK1, STM32WBA55HEF6, STM32WBA55HEF7, STM32WBA55HGF6, STM32WBA55HGF7, STM32WBA55UEI6, STM32WBA55UEI6TR, STM32WBA55UEI7, STM32WBA55UEI7TR, STM32WBA55UGI6, STM32WBA55UGI6TR, STM32WBA55UGI7, STM32WBA55UGI7TR, STM32WL5MOCH6, STM32WL5MOCH6TR]
2024-05-22 21:31:43,848 [INFO] DbMcus:218 - Found 4069 MCUs, 4069 are supported
2024-05-22 21:31:43,849 [INFO] ApiDb:423 - Load user favorites file /home/abhay/.stm32cubeide/favorites.mcus.txt: 1 item(s)
2024-05-22 21:31:43,849 [INFO] ApiDb:427 - User favorites MCUs=[STM32F411VET6]
2024-05-22 21:31:43,849 [INFO] DbMcus:224 - Set 1 / 1 favorites MCUs
2024-05-22 21:31:44,167 [INFO] MicroXplorer:468 - Change Database Path : 
2024-05-22 21:31:44,167 [INFO] MicroXplorer:498 - Change Database Version : DB.6.0.100
2024-05-22 21:31:44,167 [WARN] ThirdParty:833 - waiting for thirdparty lock release [change project]
2024-05-22 21:31:44,168 [INFO] ThirdParty:835 - entering critical section [change project]
2024-05-22 21:31:44,168 [INFO] ThirdParty:1030 - CMSIS Pack Vendor :STMicroelectronics USBPD 4.1
2024-05-22 21:31:44,168 [INFO] ThirdParty:1030 - CMSIS Pack Vendor :STMicroelectronics X-CUBE-GNSS1 6.0.0
2024-05-22 21:31:44,168 [INFO] ThirdParty:1030 - CMSIS Pack Vendor :STMicroelectronics USB_HOST 2.0.0
2024-05-22 21:31:44,168 [INFO] ThirdParty:1030 - CMSIS Pack Vendor :STMicroelectronics X-CUBE-AZRTOS-F4 1.1.0
2024-05-22 21:31:44,168 [INFO] ThirdParty:1030 - CMSIS Pack Vendor :STMicroelectronics LIBJPEG 8.0.0
2024-05-22 21:31:44,168 [INFO] ThirdParty:1030 - CMSIS Pack Vendor :STMicroelectronics X-CUBE-SMBUS 2.1.0
2024-05-22 21:31:44,168 [INFO] ThirdParty:1030 - CMSIS Pack Vendor :STMicroelectronics USB_DEVICE 3.0.0
2024-05-22 21:31:44,168 [INFO] ThirdParty:1030 - CMSIS Pack Vendor :STMicroelectronics X-CUBE-AZRTOS-WB 2.0.0
2024-05-22 21:31:44,168 [INFO] ThirdParty:1030 - CMSIS Pack Vendor :STMicroelectronics X-CUBE-AZRTOS-F7 1.1.0
2024-05-22 21:31:44,168 [INFO] ThirdParty:1030 - CMSIS Pack Vendor :STMicroelectronics X-CUBE-AZRTOS-L5 2.0.0
2024-05-22 21:31:44,168 [INFO] ThirdParty:1030 - CMSIS Pack Vendor :STMicroelectronics USB_DEVICE 2.0.0
2024-05-22 21:31:44,168 [INFO] ThirdParty:1030 - CMSIS Pack Vendor :STMicroelectronics X-CUBE-ALGOBUILD 1.3.0
2024-05-22 21:31:44,168 [INFO] ThirdParty:1030 - CMSIS Pack Vendor :STMicroelectronics FreeRTOS 0.0.1
2024-05-22 21:31:44,168 [INFO] ThirdParty:1030 - CMSIS Pack Vendor :STMicroelectronics X-CUBE-AZRTOS-G0 1.1.0
2024-05-22 21:31:44,168 [INFO] ThirdParty:1030 - CMSIS Pack Vendor :STMicroelectronics X-CUBE-NFC4 3.0.0
2024-05-22 21:31:44,168 [INFO] ThirdParty:1030 - CMSIS Pack Vendor :STMicroelectronics X-CUBE-SUBG2 5.0.0
2024-05-22 21:31:44,168 [INFO] ThirdParty:1030 - CMSIS Pack Vendor :STMicroelectronics STM32_WPAN 1.0.0
2024-05-22 21:31:44,168 [INFO] ThirdParty:1030 - CMSIS Pack Vendor :STMicroelectronics lwIP 2.0.3
2024-05-22 21:31:44,168 [INFO] ThirdParty:1030 - CMSIS Pack Vendor :STMicroelectronics FP-SNS-FLIGHT1 5.0.2
2024-05-22 21:31:44,168 [INFO] ThirdParty:1030 - CMSIS Pack Vendor :Cesanta I-CUBE-Mongoose 7.13.0
2024-05-22 21:31:44,168 [INFO] ThirdParty:1030 - CMSIS Pack Vendor :STMicroelectronics USB_HOST 1.0.0
2024-05-22 21:31:44,168 [INFO] ThirdParty:1030 - CMSIS Pack Vendor :STMicroelectronics X-CUBE-AZRTOS-G4 2.0.0
2024-05-22 21:31:44,168 [INFO] ThirdParty:1030 - CMSIS Pack Vendor :STMicroelectronics PDM2PCM 3.1.0
2024-05-22 21:31:44,168 [INFO] ThirdParty:1030 - CMSIS Pack Vendor :STMicroelectronics PDM2PCM 3.3.0
2024-05-22 21:31:44,168 [INFO] ThirdParty:1030 - CMSIS Pack Vendor :STMicroelectronics X-CUBE-DISPLAY 3.0.0
2024-05-22 21:31:44,168 [INFO] ThirdParty:1030 - CMSIS Pack Vendor :STMicroelectronics X-CUBE-BLE1 7.0.0
2024-05-22 21:31:44,168 [INFO] ThirdParty:1030 - CMSIS Pack Vendor :STMicroelectronics FP-ATR-SIGFOX1 3.2.0
2024-05-22 21:31:44,168 [INFO] ThirdParty:1030 - CMSIS Pack Vendor :STMicroelectronics HAL Drivers 0.0.0
2024-05-22 21:31:44,168 [INFO] ThirdParty:1030 - CMSIS Pack Vendor :STMicroelectronics MBEDTLS 2.16.2
2024-05-22 21:31:44,168 [INFO] ThirdParty:1030 - CMSIS Pack Vendor :STMicroelectronics X-CUBE-ALS 1.0.2
2024-05-22 21:31:44,168 [INFO] ThirdParty:1030 - CMSIS Pack Vendor :STMicroelectronics X-CUBE-MEMS1 10.0.0
2024-05-22 21:31:44,168 [INFO] ThirdParty:1030 - CMSIS Pack Vendor :STMicroelectronics X-CUBE-FREERTOS 1.1.0
2024-05-22 21:31:44,168 [INFO] ThirdParty:1030 - CMSIS Pack Vendor :STMicroelectronics X-CUBE-NFC7 1.0.1
2024-05-22 21:31:44,168 [INFO] ThirdParty:1030 - CMSIS Pack Vendor :STMicroelectronics MBEDTLS 2.14.1
2024-05-22 21:31:44,168 [INFO] ThirdParty:1030 - CMSIS Pack Vendor :ITTIA_DB I-CUBE-ITTIADB 8.9.0
2024-05-22 21:31:44,168 [INFO] ThirdParty:1030 - CMSIS Pack Vendor :portGmbH I-Cube-SoM-uGOAL 1.1.0
2024-05-22 21:31:44,168 [INFO] ThirdParty:1030 - CMSIS Pack Vendor :STMicroelectronics X-CUBE-ALS 1.0.1
2024-05-22 21:31:44,168 [INFO] ThirdParty:1030 - CMSIS Pack Vendor :STMicroelectronics ThreadX 1.0.0
2024-05-22 21:31:44,168 [INFO] ThirdParty:1030 - CMSIS Pack Vendor :STMicroelectronics FP-SNS-SMARTAG2 1.2.0
2024-05-22 21:31:44,168 [INFO] ThirdParty:1030 - CMSIS Pack Vendor :STMicroelectronics X-CUBE-AZRTOS-WL 2.0.0
2024-05-22 21:31:44,168 [INFO] ThirdParty:1030 - CMSIS Pack Vendor :SEGGER I-CUBE-embOS 1.3.1
2024-05-22 21:31:44,168 [INFO] ThirdParty:1030 - CMSIS Pack Vendor :STMicroelectronics X-CUBE-ALGOBUILD 1.4.0
2024-05-22 21:31:44,168 [INFO] ThirdParty:1030 - CMSIS Pack Vendor :STMicroelectronics USB_DEVICE 1.0.0
2024-05-22 21:31:44,168 [INFO] ThirdParty:1030 - CMSIS Pack Vendor :STMicroelectronics X-CUBE-AI 8.1.0
2024-05-22 21:31:44,168 [INFO] ThirdParty:1030 - CMSIS Pack Vendor :STMicroelectronics X-CUBE-AZRTOS-H7RS 1.0.0
2024-05-22 21:31:44,168 [INFO] ThirdParty:1030 - CMSIS Pack Vendor :STMicroelectronics X-CUBE-AZRTOS-L4 2.0.0
2024-05-22 21:31:44,168 [INFO] ThirdParty:1030 - CMSIS Pack Vendor :STMicroelectronics ThreadX 0.0.2
2024-05-22 21:31:44,168 [INFO] ThirdParty:1030 - CMSIS Pack Vendor :WES I-CUBE-Cesium 1.3.0
2024-05-22 21:31:44,168 [INFO] ThirdParty:1030 - CMSIS Pack Vendor :STMicroelectronics FP-ATR-ASTRA1 2.0.0
2024-05-22 21:31:44,168 [INFO] ThirdParty:1030 - CMSIS Pack Vendor :STMicroelectronics lwIP 2.1.2
2024-05-22 21:31:44,168 [INFO] ThirdParty:1030 - CMSIS Pack Vendor :STMicroelectronics X-CUBE-SFXS2LP1 4.0.0
2024-05-22 21:31:44,168 [INFO] ThirdParty:1030 - CMSIS Pack Vendor :STMicroelectronics X-CUBE-BLE2 3.3.0
2024-05-22 21:31:44,169 [INFO] ThirdParty:1030 - CMSIS Pack Vendor :Infineon AIROC-Wi-Fi-Bluetooth-STM32 1.6.0
2024-05-22 21:31:44,169 [INFO] ThirdParty:1030 - CMSIS Pack Vendor :STMicroelectronics PDM2PCM 3.2.0
2024-05-22 21:31:44,169 [INFO] ThirdParty:841 - exiting critical section [change project]
2024-05-22 21:31:44,401 [INFO] PinOutPanel:1499 - setPackage(No Configuration,No Configuration)
2024-05-22 21:31:44,402 [INFO] PinOutPanel:1499 - setPackage(STM32F411VETx,LQFP100)
2024-05-22 21:31:44,743 [INFO] UtilMem:75 - Before build in PCC Used Memory: 251841384 Bytes (379584512)
2024-05-22 21:31:45,310 [INFO] UtilMem:75 - After build in PCC Used Memory: 203136680 Bytes (386924544)
2024-05-22 21:31:45,378 [INFO] ApiDbMcu:508 - Load IP Config File for FREERTOS
2024-05-22 21:31:45,408 [INFO] IPUIPlugin:80 - create IPUIPlugin
2024-05-22 21:31:45,409 [INFO] IPUIPlugin:80 - create IPUIPlugin
2024-05-22 21:31:45,409 [INFO] IPUIPlugin:80 - create IPUIPlugin
2024-05-22 21:31:45,409 [INFO] IPUIPlugin:80 - create IPUIPlugin
2024-05-22 21:31:45,409 [INFO] IPUIPlugin:80 - create IPUIPlugin
2024-05-22 21:31:45,409 [INFO] IPUIPlugin:80 - create IPUIPlugin
2024-05-22 21:31:45,409 [INFO] IPUIPlugin:80 - create IPUIPlugin
2024-05-22 21:31:45,410 [INFO] IPUIPlugin:80 - create IPUIPlugin
2024-05-22 21:31:45,410 [INFO] IPUIPlugin:80 - create IPUIPlugin
2024-05-22 21:31:45,410 [INFO] IPUIPlugin:80 - create IPUIPlugin
2024-05-22 21:31:45,410 [INFO] IPUIPlugin:80 - create IPUIPlugin
2024-05-22 21:31:45,410 [INFO] IPUIPlugin:80 - create IPUIPlugin
2024-05-22 21:31:45,410 [INFO] IPUIPlugin:80 - create IPUIPlugin
2024-05-22 21:31:45,410 [INFO] IPUIPlugin:80 - create IPUIPlugin
2024-05-22 21:31:45,411 [INFO] IPUIPlugin:80 - create IPUIPlugin
2024-05-22 21:31:45,411 [INFO] IPUIPlugin:80 - create IPUIPlugin
2024-05-22 21:31:45,411 [INFO] IPUIPlugin:80 - create IPUIPlugin
2024-05-22 21:31:45,411 [INFO] IPUIPlugin:80 - create IPUIPlugin
2024-05-22 21:31:45,411 [INFO] IPUIPlugin:80 - create IPUIPlugin
2024-05-22 21:31:45,412 [INFO] IPUIPlugin:80 - create IPUIPlugin
2024-05-22 21:31:45,412 [INFO] IPUIPlugin:80 - create IPUIPlugin
2024-05-22 21:31:45,412 [INFO] IPUIPlugin:80 - create IPUIPlugin
2024-05-22 21:31:45,412 [INFO] IPUIPlugin:80 - create IPUIPlugin
2024-05-22 21:31:45,412 [INFO] IPUIPlugin:80 - create IPUIPlugin
2024-05-22 21:31:45,413 [INFO] IPUIPlugin:80 - create IPUIPlugin
2024-05-22 21:31:45,413 [INFO] IPUIPlugin:80 - create IPUIPlugin
2024-05-22 21:31:45,413 [INFO] IPUIPlugin:80 - create IPUIPlugin
2024-05-22 21:31:45,413 [INFO] IPUIPlugin:80 - create IPUIPlugin
2024-05-22 21:31:45,413 [INFO] IPUIPlugin:80 - create IPUIPlugin
2024-05-22 21:31:45,413 [INFO] IPUIPlugin:80 - create IPUIPlugin
2024-05-22 21:31:45,414 [INFO] IPUIPlugin:80 - create IPUIPlugin
2024-05-22 21:31:45,414 [INFO] IPUIPlugin:80 - create IPUIPlugin
2024-05-22 21:31:45,414 [INFO] IPUIPlugin:80 - create IPUIPlugin
2024-05-22 21:31:45,414 [INFO] IPUIPlugin:80 - create IPUIPlugin
2024-05-22 21:31:45,414 [INFO] IPUIPlugin:80 - create IPUIPlugin
2024-05-22 21:31:45,414 [INFO] IPUIPlugin:80 - create IPUIPlugin
2024-05-22 21:31:45,414 [INFO] IPUIPlugin:80 - create IPUIPlugin
2024-05-22 21:31:45,414 [INFO] IPUIPlugin:80 - create IPUIPlugin
2024-05-22 21:31:45,414 [INFO] IPUIPlugin:80 - create IPUIPlugin
2024-05-22 21:31:45,415 [INFO] IPUIPlugin:80 - create IPUIPlugin
2024-05-22 21:31:45,415 [INFO] IPUIPlugin:80 - create IPUIPlugin
2024-05-22 21:31:45,415 [INFO] IPUIPlugin:80 - create IPUIPlugin
2024-05-22 21:31:45,415 [INFO] IPUIPlugin:80 - create IPUIPlugin
2024-05-22 21:31:45,420 [INFO] ApiDbMcu:508 - Load IP Config File for PDM2PCM
2024-05-22 21:31:45,442 [WARN] FreeRTOS:1023 - Null or empty value: should not occur! (nothing added to the table)
2024-05-22 21:31:45,585 [INFO] CADModel:165 - CPN selected for project levelSTM32F411VET6
2024-05-22 21:31:45,585 [INFO] CADModel:114 - Register for checkConnection events
2024-05-22 21:31:45,588 [INFO] RtosManager:697 - Active RTOS found at IOC load: FREERTOS [Cortex-M4NS]
2024-05-22 21:31:45,629 [INFO] OpenFileManager:343 - Restore cursor
2024-05-22 22:10:11,284 [INFO] NvicIntPanel:101 - NVIC parent = com.st.microxplorer.plugins.ip.nvic.MultiNvicIntPanel[,0,0,0x0,invalid,layout=javax.swing.BoxLayout,alignmentX=0.0,alignmentY=0.0,border=,flags=9,maximumSize=,minimumSize=,preferredSize=]
2024-05-22 22:11:06,988 [INFO] NvicIntPanel:101 - NVIC parent = com.st.microxplorer.plugins.ip.nvic.MultiNvicIntPanel[,0,0,0x0,invalid,layout=javax.swing.BoxLayout,alignmentX=0.0,alignmentY=0.0,border=,flags=9,maximumSize=,minimumSize=,preferredSize=]
2024-05-22 22:11:11,517 [INFO] UtilMem:75 - End SaveConfig() Used Memory: 489149088 Bytes (723517440)
2024-05-22 22:11:12,796 [INFO] UtilMem:75 - End SaveConfig() Used Memory: 618129232 Bytes (723517440)
2024-05-22 22:11:13,245 [INFO] UtilMem:75 - End SaveConfig() Used Memory: 238346856 Bytes (720371712)
2024-05-22 22:11:14,953 [INFO] BlockDiagram:2759 - set Specific Code input for plugin: NVIC
2024-05-22 22:11:14,953 [INFO] BlockDiagram:2759 - set Specific Code input for plugin: FREERTOS
2024-05-22 22:11:14,953 [INFO] BlockDiagram:2759 - set Specific Code input for plugin: USART
2024-05-22 22:11:14,953 [INFO] BlockDiagram:2759 - set Specific Code input for plugin: DMA
2024-05-22 22:11:14,953 [INFO] BlockDiagram:2759 - set Specific Code input for plugin: TIM1_8
2024-05-22 22:11:14,953 [INFO] BlockDiagram:2759 - set Specific Code input for plugin: SYS
2024-05-22 22:11:14,953 [INFO] BlockDiagram:2759 - set Specific Code input for plugin: GPIO
2024-05-22 22:11:14,953 [INFO] BlockDiagram:2759 - set Specific Code input for plugin: RCC
2024-05-22 22:11:14,954 [INFO] CodeGenerator:807 - code generatio: config db path: /opt/st/stm32cubeide_1.14.0/plugins/com.st.stm32cube.common.mx_6.10.0.202311202037//db/
2024-05-22 22:11:15,137 [INFO] CodeEngine:255 - oldGeneratedFile, /home/abhay/STM32CubeIDE/microROS_ws/microros/MXTmpFiles/license.tmp_save
2024-05-22 22:11:15,387 [INFO] CodeEngine:279 - Generated code: /home/abhay/STM32CubeIDE/microROS_ws/microros/MXTmpFiles/license.tmp
2024-05-22 22:11:15,440 [INFO] CodeEngine:255 - oldGeneratedFile, /home/abhay/STM32CubeIDE/microROS_ws/microros/MXTmpFiles/gpio.tmp_save
2024-05-22 22:11:15,567 [INFO] CodeEngine:279 - Generated code: /home/abhay/STM32CubeIDE/microROS_ws/microros/MXTmpFiles/gpio.tmp
2024-05-22 22:11:15,735 [INFO] Middleware:1439 - No code input for Bsp Dependency
2024-05-22 22:11:15,739 [INFO] CodeEngine:255 - oldGeneratedFile, /home/abhay/STM32CubeIDE/microROS_ws/microros/MXTmpFiles/rtos_inc.tmp_save
2024-05-22 22:11:15,814 [INFO] CodeEngine:279 - Generated code: /home/abhay/STM32CubeIDE/microROS_ws/microros/MXTmpFiles/rtos_inc.tmp
2024-05-22 22:11:15,816 [INFO] CodeEngine:255 - oldGeneratedFile, /home/abhay/STM32CubeIDE/microROS_ws/microros/MXTmpFiles/rtos_kernelInit.tmp_save
2024-05-22 22:11:15,870 [INFO] CodeEngine:279 - Generated code: /home/abhay/STM32CubeIDE/microROS_ws/microros/MXTmpFiles/rtos_kernelInit.tmp
2024-05-22 22:11:15,872 [INFO] CodeEngine:255 - oldGeneratedFile, /home/abhay/STM32CubeIDE/microROS_ws/microros/MXTmpFiles/rtos_kernelStart.tmp_save
2024-05-22 22:11:15,924 [INFO] CodeEngine:279 - Generated code: /home/abhay/STM32CubeIDE/microROS_ws/microros/MXTmpFiles/rtos_kernelStart.tmp
2024-05-22 22:11:15,926 [INFO] CodeEngine:255 - oldGeneratedFile, /home/abhay/STM32CubeIDE/microROS_ws/microros/MXTmpFiles/rtos_typedefs.tmp_save
2024-05-22 22:11:15,985 [INFO] CodeEngine:279 - Generated code: /home/abhay/STM32CubeIDE/microROS_ws/microros/MXTmpFiles/rtos_typedefs.tmp
2024-05-22 22:11:15,987 [INFO] CodeEngine:255 - oldGeneratedFile, /home/abhay/STM32CubeIDE/microROS_ws/microros/MXTmpFiles/rtos_vars.tmp_save
2024-05-22 22:11:16,064 [INFO] CodeEngine:279 - Generated code: /home/abhay/STM32CubeIDE/microROS_ws/microros/MXTmpFiles/rtos_vars.tmp
2024-05-22 22:11:16,067 [INFO] CodeEngine:255 - oldGeneratedFile, /home/abhay/STM32CubeIDE/microROS_ws/microros/MXTmpFiles/rtos_pfp.tmp_save
2024-05-22 22:11:16,113 [INFO] CodeEngine:279 - Generated code: /home/abhay/STM32CubeIDE/microROS_ws/microros/MXTmpFiles/rtos_pfp.tmp
2024-05-22 22:11:16,114 [INFO] CodeEngine:255 - oldGeneratedFile, /home/abhay/STM32CubeIDE/microROS_ws/microros/MXTmpFiles/rtos_obj_creat.tmp_save
2024-05-22 22:11:16,158 [INFO] CodeEngine:279 - Generated code: /home/abhay/STM32CubeIDE/microROS_ws/microros/MXTmpFiles/rtos_obj_creat.tmp
2024-05-22 22:11:16,159 [INFO] CodeEngine:255 - oldGeneratedFile, /home/abhay/STM32CubeIDE/microROS_ws/microros/MXTmpFiles/rtos_default_thread.tmp_save
2024-05-22 22:11:16,197 [INFO] CodeEngine:279 - Generated code: /home/abhay/STM32CubeIDE/microROS_ws/microros/MXTmpFiles/rtos_default_thread.tmp
2024-05-22 22:11:16,198 [INFO] CodeEngine:255 - oldGeneratedFile, /home/abhay/STM32CubeIDE/microROS_ws/microros/MXTmpFiles/rtos_threads.tmp_save
2024-05-22 22:11:16,233 [INFO] CodeEngine:279 - Generated code: /home/abhay/STM32CubeIDE/microROS_ws/microros/MXTmpFiles/rtos_threads.tmp
2024-05-22 22:11:16,241 [INFO] Middleware:1439 - No code input for Bsp Dependency
2024-05-22 22:11:16,243 [INFO] CodeEngine:255 - oldGeneratedFile, /home/abhay/STM32CubeIDE/microROS_ws/microros/MXTmpFiles/rtos_inc.tmp_save
2024-05-22 22:11:16,285 [INFO] CodeEngine:279 - Generated code: /home/abhay/STM32CubeIDE/microROS_ws/microros/MXTmpFiles/rtos_inc.tmp
2024-05-22 22:11:16,288 [INFO] CodeEngine:255 - oldGeneratedFile, /home/abhay/STM32CubeIDE/microROS_ws/microros/MXTmpFiles/rtos_kernelInit.tmp_save
2024-05-22 22:11:16,387 [INFO] CodeEngine:279 - Generated code: /home/abhay/STM32CubeIDE/microROS_ws/microros/MXTmpFiles/rtos_kernelInit.tmp
2024-05-22 22:11:16,389 [INFO] CodeEngine:255 - oldGeneratedFile, /home/abhay/STM32CubeIDE/microROS_ws/microros/MXTmpFiles/rtos_kernelStart.tmp_save
2024-05-22 22:11:16,424 [INFO] CodeEngine:279 - Generated code: /home/abhay/STM32CubeIDE/microROS_ws/microros/MXTmpFiles/rtos_kernelStart.tmp
2024-05-22 22:11:16,425 [INFO] CodeEngine:255 - oldGeneratedFile, /home/abhay/STM32CubeIDE/microROS_ws/microros/MXTmpFiles/rtos_typedefs.tmp_save
2024-05-22 22:11:16,461 [INFO] CodeEngine:279 - Generated code: /home/abhay/STM32CubeIDE/microROS_ws/microros/MXTmpFiles/rtos_typedefs.tmp
2024-05-22 22:11:16,462 [INFO] CodeEngine:255 - oldGeneratedFile, /home/abhay/STM32CubeIDE/microROS_ws/microros/MXTmpFiles/rtos_vars.tmp_save
2024-05-22 22:11:16,500 [INFO] CodeEngine:279 - Generated code: /home/abhay/STM32CubeIDE/microROS_ws/microros/MXTmpFiles/rtos_vars.tmp
2024-05-22 22:11:16,501 [INFO] CodeEngine:255 - oldGeneratedFile, /home/abhay/STM32CubeIDE/microROS_ws/microros/MXTmpFiles/rtos_pfp.tmp_save
2024-05-22 22:11:16,542 [INFO] CodeEngine:279 - Generated code: /home/abhay/STM32CubeIDE/microROS_ws/microros/MXTmpFiles/rtos_pfp.tmp
2024-05-22 22:11:16,543 [INFO] CodeEngine:255 - oldGeneratedFile, /home/abhay/STM32CubeIDE/microROS_ws/microros/MXTmpFiles/rtos_obj_creat.tmp_save
2024-05-22 22:11:16,580 [INFO] CodeEngine:279 - Generated code: /home/abhay/STM32CubeIDE/microROS_ws/microros/MXTmpFiles/rtos_obj_creat.tmp
2024-05-22 22:11:16,581 [INFO] CodeEngine:255 - oldGeneratedFile, /home/abhay/STM32CubeIDE/microROS_ws/microros/MXTmpFiles/rtos_default_thread.tmp_save
2024-05-22 22:11:16,617 [INFO] CodeEngine:279 - Generated code: /home/abhay/STM32CubeIDE/microROS_ws/microros/MXTmpFiles/rtos_default_thread.tmp
2024-05-22 22:11:16,618 [INFO] CodeEngine:255 - oldGeneratedFile, /home/abhay/STM32CubeIDE/microROS_ws/microros/MXTmpFiles/rtos_threads.tmp_save
2024-05-22 22:11:16,651 [INFO] CodeEngine:279 - Generated code: /home/abhay/STM32CubeIDE/microROS_ws/microros/MXTmpFiles/rtos_threads.tmp
2024-05-22 22:11:16,653 [INFO] CodeEngine:255 - oldGeneratedFile, /home/abhay/STM32CubeIDE/microROS_ws/microros/Core/Inc/FreeRTOSConfig.h_save
2024-05-22 22:11:16,727 [INFO] CodeEngine:279 - Generated code: /home/abhay/STM32CubeIDE/microROS_ws/microros/Core/Inc/FreeRTOSConfig.h
2024-05-22 22:11:16,729 [INFO] CodeEngine:255 - oldGeneratedFile, /home/abhay/STM32CubeIDE/microROS_ws/microros/Core/Src/freertos.c_save
2024-05-22 22:11:16,778 [INFO] CodeEngine:279 - Generated code: /home/abhay/STM32CubeIDE/microROS_ws/microros/Core/Src/freertos.c
2024-05-22 22:11:16,793 [INFO] CodeEngine:255 - oldGeneratedFile, /home/abhay/STM32CubeIDE/microROS_ws/microros/MXTmpFiles/dma.tmp_save
2024-05-22 22:11:16,838 [INFO] CodeEngine:279 - Generated code: /home/abhay/STM32CubeIDE/microROS_ws/microros/MXTmpFiles/dma.tmp
2024-05-22 22:11:16,839 [INFO] CodeEngine:255 - oldGeneratedFile, /home/abhay/STM32CubeIDE/microROS_ws/microros/MXTmpFiles/dma_GV.tmp_save
2024-05-22 22:11:16,878 [INFO] CodeEngine:279 - Generated code: /home/abhay/STM32CubeIDE/microROS_ws/microros/MXTmpFiles/dma_GV.tmp
2024-05-22 22:11:16,882 [INFO] CodeEngine:255 - oldGeneratedFile, /home/abhay/STM32CubeIDE/microROS_ws/microros/Core/Src/stm32f4xx_it.c_save
2024-05-22 22:11:16,948 [INFO] CodeEngine:279 - Generated code: /home/abhay/STM32CubeIDE/microROS_ws/microros/Core/Src/stm32f4xx_it.c
2024-05-22 22:11:16,950 [INFO] CodeEngine:255 - oldGeneratedFile, /home/abhay/STM32CubeIDE/microROS_ws/microros/Core/Inc/stm32f4xx_it.h_save
2024-05-22 22:11:16,992 [INFO] CodeEngine:279 - Generated code: /home/abhay/STM32CubeIDE/microROS_ws/microros/Core/Inc/stm32f4xx_it.h
2024-05-22 22:11:16,996 [INFO] CodeEngine:255 - oldGeneratedFile, /home/abhay/STM32CubeIDE/microROS_ws/microros/Core/Src/stm32f4xx_hal_msp.c_save
2024-05-22 22:11:17,077 [INFO] CodeEngine:279 - Generated code: /home/abhay/STM32CubeIDE/microROS_ws/microros/Core/Src/stm32f4xx_hal_msp.c
2024-05-22 22:11:17,079 [INFO] CodeEngine:255 - oldGeneratedFile, /home/abhay/STM32CubeIDE/microROS_ws/microros/MXTmpFiles/system.tmp_save
2024-05-22 22:11:17,119 [INFO] CodeEngine:279 - Generated code: /home/abhay/STM32CubeIDE/microROS_ws/microros/MXTmpFiles/system.tmp
2024-05-22 22:11:17,122 [INFO] CodeEngine:311 - oldGeneratedFile, /home/abhay/STM32CubeIDE/microROS_ws/microros/Core/Inc/stm32f4xx_hal_conf.h_save
2024-05-22 22:11:17,172 [INFO] CodeEngine:335 - Generated code: /home/abhay/STM32CubeIDE/microROS_ws/microros/Core/Inc/stm32f4xx_hal_conf.h
2024-05-22 22:11:17,200 [WARN] IPConfigManager:3440 - IP not found : TIM
2024-05-22 22:11:17,200 [WARN] CodeGenerator:3939 - IP not found : null
2024-05-22 22:11:17,204 [INFO] CodeEngine:255 - oldGeneratedFile, /home/abhay/STM32CubeIDE/microROS_ws/microros/Core/Inc/main.h_save
2024-05-22 22:11:17,266 [INFO] CodeEngine:279 - Generated code: /home/abhay/STM32CubeIDE/microROS_ws/microros/Core/Inc/main.h
2024-05-22 22:11:17,267 [INFO] CodeEngine:255 - oldGeneratedFile, /home/abhay/STM32CubeIDE/microROS_ws/microros/Core/Src/main.c_save
2024-05-22 22:11:17,409 [INFO] CodeEngine:279 - Generated code: /home/abhay/STM32CubeIDE/microROS_ws/microros/Core/Src/main.c
2024-05-22 22:11:17,760 [INFO] ProjectBuilder:3076 - Time for Copy HAL[1] : 53mS.
2024-05-22 22:11:17,764 [INFO] ProjectBuilder:4485 - Project Generator version: 4.2.0-B44
2024-05-22 22:11:17,881 [INFO] ConfigFileManager:1495 - The Die is : DIE431
2024-05-22 22:11:17,891 [INFO] ApiDbMcu:508 - Load IP Config File for FATFS
2024-05-22 22:11:17,893 [INFO] ApiDbMcu:508 - Load IP Config File for LIBJPEG
2024-05-22 22:11:17,897 [INFO] ApiDbMcu:508 - Load IP Config File for MBEDTLS
2024-05-22 22:11:17,901 [INFO] ApiDbMcu:508 - Load IP Config File for USB_DEVICE
2024-05-22 22:11:17,904 [INFO] ApiDbMcu:508 - Load IP Config File for USB_HOST
2024-05-22 22:11:18,472 [INFO] LogOutputStream:77 - [STDOUT_REDIRECT] 
2024-05-22 22:11:19,648 [INFO] ProjectBuilder:4747 - Time for Generating toolchain IDE Files: 1882mS.
2024-05-22 22:11:19,649 [INFO] ProjectBuilder:2947 - Time for Copy CMSIS : 1mS.
2024-05-22 22:11:19,650 [INFO] ProjectBuilder:2947 - Time for Copy CMSIS : 0mS.
