2024-05-24 07:54:56,714 [INFO] Activator:176 - 


2024-05-24 07:54:56,717 [INFO] Activator:177 - !SESSION log4j initialized
2024-05-24 07:54:59,472 [INFO] LogOutputStream:77 - [STDOUT_REDIRECT] 
2024-05-24 07:54:59,904 [ERROR] ConfigurationRetriever:142 - IOException on connection: sw-center.st.com
2024-05-24 07:54:59,905 [ERROR] ConfigurationRetriever:142 - IOException on connection: sw-center.st.com
2024-05-24 07:54:59,906 [ERROR] ConfigurationRetriever:142 - IOException on connection: sw-center.st.com
2024-05-24 07:55:00,419 [INFO] ApplicationProperties:184 - Using Application install path: /opt/st/stm32cubeide_1.14.0/plugins/com.st.stm32cube.common.mx_6.10.0.202311202037
2024-05-24 07:55:00,451 [INFO] DbMcusXml:78 - Set database path to: /opt/st/stm32cubeide_1.14.0/plugins/com.st.stm32cube.common.mx_6.10.0.202311202037//db//mcu/
2024-05-24 07:55:00,452 [INFO] ApiDb:274 - Set plugin database path to: /opt/st/stm32cubeide_1.14.0/plugins/com.st.stm32cube.common.mx_6.10.0.202311202037//db//plugins/boardmanager/
2024-05-24 07:55:00,452 [WARN] ApiDb:259 - Overriding images path with different value:  => /opt/st/stm32cubeide_1.14.0/plugins/com.st.stm32cube.common.mx_6.10.0.202311202037//db//plugins/mcufinder/images/
2024-05-24 07:55:00,463 [INFO] ApiDb:250 - Set database path to: /home/abhay/.stmcufinder/plugins/mcufinder//mcu/
2024-05-24 07:55:00,464 [INFO] DbMcusAds:125 - Set database path to: /home/abhay/.stmcufinder/plugins/mcufinder//mcu/
2024-05-24 07:55:00,468 [INFO] CrossReferenceDbSqlite:203 - Set database path to: /home/abhay/.stmcufinder/plugins/mcufinder//mcu/cs/
2024-05-24 07:55:00,620 [INFO] RulesReader:64 - Compatibility file has been processed (297 Rules)
2024-05-24 07:55:00,729 [INFO] DbMcusXml:78 - Set database path to: /opt/st/stm32cubeide_1.14.0/plugins/com.st.stm32cube.common.mx_6.10.0.202311202037//db//mcu/
2024-05-24 07:55:00,729 [INFO] ApiDb:274 - Set plugin database path to: /opt/st/stm32cubeide_1.14.0/plugins/com.st.stm32cube.common.mx_6.10.0.202311202037//db//plugins/boardmanager/
2024-05-24 07:55:00,729 [INFO] ApiDb:261 - Set plugin images path to: /opt/st/stm32cubeide_1.14.0/plugins/com.st.stm32cube.common.mx_6.10.0.202311202037//db//plugins/mcufinder/images/
2024-05-24 07:55:00,729 [WARN] DbFile:41 - Overriding database path with different value: /home/abhay/.stmcufinder/plugins/mcufinder/ => /home/abhay/.stmcufinder/plugins/mcufinder
2024-05-24 07:55:00,729 [INFO] ApiDb:250 - Set database path to: /home/abhay/.stmcufinder/plugins/mcufinder//mcu/
2024-05-24 07:55:00,729 [WARN] DbFile:41 - Overriding database path with different value: /home/abhay/.stmcufinder/plugins/mcufinder/ => /home/abhay/.stmcufinder/plugins/mcufinder
2024-05-24 07:55:00,730 [INFO] DbMcusAds:125 - Set database path to: /home/abhay/.stmcufinder/plugins/mcufinder//mcu/
2024-05-24 07:55:00,730 [WARN] DbFile:41 - Overriding database path with different value: /home/abhay/.stmcufinder/plugins/mcufinder/ => /home/abhay/.stmcufinder/plugins/mcufinder
2024-05-24 07:55:00,730 [WARN] DbFile:41 - Overriding database path with different value: /home/abhay/.stmcufinder/plugins/mcufinder/ => /home/abhay/.stmcufinder/plugins/mcufinder
2024-05-24 07:55:00,730 [INFO] CrossReferenceDbSqlite:203 - Set database path to: /home/abhay/.stmcufinder/plugins/mcufinder//mcu/cs/
2024-05-24 07:55:00,815 [INFO] MainPanel:264 - HeapMemory: 268435456
2024-05-24 07:55:00,939 [INFO] DbMcusXml:78 - Set database path to: /opt/st/stm32cubeide_1.14.0/plugins/com.st.stm32cube.common.mx_6.10.0.202311202037//db//mcu/
2024-05-24 07:55:00,939 [INFO] ApiDb:274 - Set plugin database path to: /opt/st/stm32cubeide_1.14.0/plugins/com.st.stm32cube.common.mx_6.10.0.202311202037//db//plugins/boardmanager/
2024-05-24 07:55:00,939 [INFO] ApiDb:261 - Set plugin images path to: /opt/st/stm32cubeide_1.14.0/plugins/com.st.stm32cube.common.mx_6.10.0.202311202037//db//plugins/mcufinder/images/
2024-05-24 07:55:00,940 [WARN] DbFile:41 - Overriding database path with different value: /home/abhay/.stmcufinder/plugins/mcufinder/ => /home/abhay/.stmcufinder/plugins/mcufinder
2024-05-24 07:55:00,940 [INFO] ApiDb:250 - Set database path to: /home/abhay/.stmcufinder/plugins/mcufinder//mcu/
2024-05-24 07:55:00,940 [WARN] DbFile:41 - Overriding database path with different value: /home/abhay/.stmcufinder/plugins/mcufinder/ => /home/abhay/.stmcufinder/plugins/mcufinder
2024-05-24 07:55:00,940 [INFO] DbMcusAds:125 - Set database path to: /home/abhay/.stmcufinder/plugins/mcufinder//mcu/
2024-05-24 07:55:00,940 [WARN] DbFile:41 - Overriding database path with different value: /home/abhay/.stmcufinder/plugins/mcufinder/ => /home/abhay/.stmcufinder/plugins/mcufinder
2024-05-24 07:55:00,940 [WARN] DbFile:41 - Overriding database path with different value: /home/abhay/.stmcufinder/plugins/mcufinder/ => /home/abhay/.stmcufinder/plugins/mcufinder
2024-05-24 07:55:00,941 [INFO] CrossReferenceDbSqlite:203 - Set database path to: /home/abhay/.stmcufinder/plugins/mcufinder//mcu/cs/
2024-05-24 07:55:00,956 [INFO] ApplicationProperties:184 - Using Application install path: /opt/st/stm32cubeide_1.14.0/plugins/com.st.stm32cube.common.mx_6.10.0.202311202037
2024-05-24 07:55:00,958 [INFO] PluginManage:196 - Search for loadable plugins [exclusion list=, ]
2024-05-24 07:55:00,960 [INFO] PluginManage:310 - Check plugin analytics
2024-05-24 07:55:01,134 [INFO] AnalyticsPlugin:253 - Accepted Software Licenses: STM32CubeMX.6.11.0,STM32CubeMX.6.10.0
2024-05-24 07:55:01,135 [INFO] AnalyticsPlugin:255 - Accepted CMSIS Pack Licenses: 
2024-05-24 07:55:01,135 [INFO] AnalyticsPlugin:257 - Accepted Firmware Licenses: FW.F4.1.28.0
2024-05-24 07:55:01,137 [ERROR] ConfigurationRetriever:142 - IOException on connection: sw-center.st.com
2024-05-24 07:55:01,137 [ERROR] ConfigurationRetriever:142 - IOException on connection: sw-center.st.com
2024-05-24 07:55:01,138 [ERROR] ConfigurationRetriever:142 - IOException on connection: sw-center.st.com
2024-05-24 07:55:01,138 [INFO] PluginManage:359 - Loaded plugin analytics (category:tool,tabindex:-1)
2024-05-24 07:55:01,139 [INFO] PluginManage:310 - Check plugin cadmodel
2024-05-24 07:55:01,169 [INFO] CADModel:105 - Init CAD model plugin
2024-05-24 07:55:01,169 [INFO] PluginManage:359 - Loaded plugin cadmodel (category:power,tabindex:5)
2024-05-24 07:55:01,169 [INFO] PluginManage:310 - Check plugin clock
2024-05-24 07:55:01,180 [INFO] PluginManage:359 - Loaded plugin clock (category:base,tabindex:2)
2024-05-24 07:55:01,180 [INFO] PluginManage:310 - Check plugin ddr
2024-05-24 07:55:01,182 [INFO] PluginManage:359 - Loaded plugin ddr (category:tool,tabindex:6)
2024-05-24 07:55:01,183 [INFO] PluginManage:310 - Check plugin filemanager
2024-05-24 07:55:01,330 [INFO] PluginManage:359 - Loaded plugin filemanager (category:base,tabindex:10)
2024-05-24 07:55:01,331 [INFO] PluginManage:310 - Check plugin ipmanager
2024-05-24 07:55:01,336 [INFO] PluginManage:359 - Loaded plugin ipmanager (category:base,tabindex:5)
2024-05-24 07:55:01,336 [INFO] PluginManage:310 - Check plugin lpbam
2024-05-24 07:55:01,344 [INFO] PluginManage:359 - Loaded plugin lpbam (category:base,tabindex:0)
2024-05-24 07:55:01,344 [INFO] PluginManage:310 - Check plugin memorymap
2024-05-24 07:55:01,353 [INFO] PluginManage:359 - Loaded plugin memorymap (category:base,tabindex:4)
2024-05-24 07:55:01,353 [INFO] PluginManage:310 - Check plugin pinoutandconfiguration
2024-05-24 07:55:01,359 [INFO] PluginManage:359 - Loaded plugin pinoutandconfiguration (category:base,tabindex:1)
2024-05-24 07:55:01,359 [INFO] PluginManage:310 - Check plugin pinoutconfig
2024-05-24 07:55:01,419 [WARN] SupportedApi:132 - Cannot load RTOS API schema: s4s-elt-must-match.1: The content of 'definitions' must match (annotation?, (simpleType | complexType)?, (unique | key | keyref)*)). A problem was found starting at: attribute.
2024-05-24 07:55:01,514 [INFO] PluginManage:359 - Loaded plugin pinoutconfig (category:base,tabindex:0)
2024-05-24 07:55:01,515 [INFO] PluginManage:310 - Check plugin power
2024-05-24 07:55:01,522 [INFO] PluginManage:359 - Loaded plugin power (category:power,tabindex:4)
2024-05-24 07:55:01,522 [INFO] PluginManage:310 - Check plugin projectmanager
2024-05-24 07:55:01,542 [INFO] PluginManage:359 - Loaded plugin projectmanager (category:projectmanager,tabindex:3)
2024-05-24 07:55:01,542 [INFO] PluginManage:310 - Check plugin thirdparty
2024-05-24 07:55:01,644 [INFO] PluginManage:359 - Loaded plugin thirdparty (category:base,tabindex:-1)
2024-05-24 07:55:01,644 [INFO] PluginManage:310 - Check plugin tools
2024-05-24 07:55:01,644 [WARN] IntegrityCheckThread:84 - waiting for thirdparty lock release [integrity check]
2024-05-24 07:55:01,644 [INFO] IntegrityCheckThread:86 - entering critical section [integrity check]
2024-05-24 07:55:01,645 [INFO] ThirdPartyUpdaterWithRetryManager:70 - Updater plugin not ready yet. [1/15]
2024-05-24 07:55:01,646 [INFO] PluginManage:359 - Loaded plugin tools (category:base,tabindex:7)
2024-05-24 07:55:01,646 [INFO] PluginManage:310 - Check plugin tutovideos
2024-05-24 07:55:01,767 [INFO] PluginManage:359 - Loaded plugin tutovideos (category:base,tabindex:-1)
2024-05-24 07:55:01,767 [INFO] PluginManage:310 - Check plugin updater
2024-05-24 07:55:01,777 [INFO] PluginManage:359 - Loaded plugin updater (category:base,tabindex:12)
2024-05-24 07:55:01,778 [INFO] PluginManage:310 - Check plugin userauth
2024-05-24 07:55:01,782 [INFO] UserAuth:114 - Init User Auth plugin
2024-05-24 07:55:01,782 [INFO] PluginManage:359 - Loaded plugin userauth (category:base,tabindex:14)
2024-05-24 07:55:01,782 [INFO] PluginManage:283 - PluginManage : Loaded plugins [17]
2024-05-24 07:55:01,918 [INFO] PinOutPanel:1499 - setPackage(No Configuration,No Configuration)
2024-05-24 07:55:01,988 [INFO] CADModel:165 - CPN selected for project level
2024-05-24 07:55:01,988 [INFO] CADModel:114 - Register for checkConnection events
2024-05-24 07:55:01,997 [INFO] IPUIPlugin:80 - create IPUIPlugin
2024-05-24 07:55:01,997 [INFO] PluginManager:220 - loadIPPluginJar : add tsc
2024-05-24 07:55:02,001 [INFO] IPUIPlugin:80 - create IPUIPlugin
2024-05-24 07:55:02,002 [INFO] PluginManager:220 - loadIPPluginJar : add i3c
2024-05-24 07:55:02,006 [INFO] IPUIPlugin:80 - create IPUIPlugin
2024-05-24 07:55:02,007 [INFO] PluginManager:220 - loadIPPluginJar : add gpio
2024-05-24 07:55:02,008 [INFO] IPUIPlugin:80 - create IPUIPlugin
2024-05-24 07:55:02,008 [INFO] PluginManager:220 - loadIPPluginJar : add quadspi
2024-05-24 07:55:02,011 [INFO] IPUIPlugin:80 - create IPUIPlugin
2024-05-24 07:55:02,011 [INFO] PluginManager:220 - loadIPPluginJar : add opamp
2024-05-24 07:55:02,013 [INFO] IPUIPlugin:80 - create IPUIPlugin
2024-05-24 07:55:02,013 [INFO] PluginManager:220 - loadIPPluginJar : add usart
2024-05-24 07:55:02,017 [INFO] IPUIPlugin:80 - create IPUIPlugin
2024-05-24 07:55:02,018 [INFO] PluginManager:220 - loadIPPluginJar : add adc
2024-05-24 07:55:02,022 [INFO] IPUIPlugin:80 - create IPUIPlugin
2024-05-24 07:55:02,022 [INFO] PluginManager:220 - loadIPPluginJar : add stm32_wpan
2024-05-24 07:55:02,023 [INFO] IPUIPlugin:80 - create IPUIPlugin
2024-05-24 07:55:02,024 [INFO] PluginManager:220 - loadIPPluginJar : add dma3
2024-05-24 07:55:02,029 [INFO] IPUIPlugin:80 - create IPUIPlugin
2024-05-24 07:55:02,029 [INFO] PluginManager:220 - loadIPPluginJar : add mdma
2024-05-24 07:55:02,032 [INFO] IPUIPlugin:80 - create IPUIPlugin
2024-05-24 07:55:02,032 [INFO] PluginManager:220 - loadIPPluginJar : add ipddr
2024-05-24 07:55:02,033 [INFO] IPUIPlugin:80 - create IPUIPlugin
2024-05-24 07:55:02,033 [INFO] PluginManager:220 - loadIPPluginJar : add ucpd
2024-05-24 07:55:02,035 [INFO] IPUIPlugin:80 - create IPUIPlugin
2024-05-24 07:55:02,035 [INFO] PluginManager:220 - loadIPPluginJar : add cryp
2024-05-24 07:55:02,036 [INFO] IPUIPlugin:80 - create IPUIPlugin
2024-05-24 07:55:02,036 [INFO] PluginManager:220 - loadIPPluginJar : add comp
2024-05-24 07:55:02,038 [INFO] IPUIPlugin:80 - create IPUIPlugin
2024-05-24 07:55:02,038 [INFO] PluginManager:220 - loadIPPluginJar : add dfsdm
2024-05-24 07:55:02,039 [INFO] IPUIPlugin:80 - create IPUIPlugin
2024-05-24 07:55:02,039 [INFO] PluginManager:220 - loadIPPluginJar : add ts
2024-05-24 07:55:02,042 [INFO] IPUIPlugin:80 - create IPUIPlugin
2024-05-24 07:55:02,042 [INFO] PluginManager:220 - loadIPPluginJar : add i2s
2024-05-24 07:55:02,045 [INFO] IPUIPlugin:80 - create IPUIPlugin
2024-05-24 07:55:02,045 [INFO] PluginManager:220 - loadIPPluginJar : add can
2024-05-24 07:55:02,048 [INFO] IPUIPlugin:80 - create IPUIPlugin
2024-05-24 07:55:02,048 [INFO] PluginManager:220 - loadIPPluginJar : add i2c
2024-05-24 07:55:02,049 [INFO] IPUIPlugin:80 - create IPUIPlugin
2024-05-24 07:55:02,049 [INFO] PluginManager:220 - loadIPPluginJar : add genericplugin
2024-05-24 07:55:02,052 [INFO] IPUIPlugin:80 - create IPUIPlugin
2024-05-24 07:55:02,052 [INFO] PluginManager:220 - loadIPPluginJar : add spi
2024-05-24 07:55:02,055 [INFO] IPUIPlugin:80 - create IPUIPlugin
2024-05-24 07:55:02,056 [INFO] PluginManager:220 - loadIPPluginJar : add lorawan
2024-05-24 07:55:02,060 [INFO] IPUIPlugin:80 - create IPUIPlugin
2024-05-24 07:55:02,060 [INFO] PluginManager:220 - loadIPPluginJar : add aes
2024-05-24 07:55:02,063 [INFO] IPUIPlugin:80 - create IPUIPlugin
2024-05-24 07:55:02,064 [INFO] PluginManager:220 - loadIPPluginJar : add gfxmmu
2024-05-24 07:55:02,068 [INFO] IPUIPlugin:80 - create IPUIPlugin
2024-05-24 07:55:02,068 [INFO] PluginManager:220 - loadIPPluginJar : add nvic
2024-05-24 07:55:02,071 [INFO] IPUIPlugin:80 - create IPUIPlugin
2024-05-24 07:55:02,071 [INFO] PluginManager:220 - loadIPPluginJar : add sai
2024-05-24 07:55:02,073 [INFO] IPUIPlugin:80 - create IPUIPlugin
2024-05-24 07:55:02,073 [INFO] PluginManager:220 - loadIPPluginJar : add fatfs
2024-05-24 07:55:02,075 [INFO] IPUIPlugin:80 - create IPUIPlugin
2024-05-24 07:55:02,075 [INFO] PluginManager:220 - loadIPPluginJar : add ltdc
2024-05-24 07:55:02,082 [INFO] IPUIPlugin:80 - create IPUIPlugin
2024-05-24 07:55:02,082 [INFO] PluginManager:220 - loadIPPluginJar : add gic
2024-05-24 07:55:02,084 [INFO] IPUIPlugin:80 - create IPUIPlugin
2024-05-24 07:55:02,084 [INFO] PluginManager:220 - loadIPPluginJar : add hash
2024-05-24 07:55:02,086 [INFO] IPUIPlugin:80 - create IPUIPlugin
2024-05-24 07:55:02,086 [INFO] PluginManager:220 - loadIPPluginJar : add tracer_emb
2024-05-24 07:55:02,093 [INFO] IPUIPlugin:80 - create IPUIPlugin
2024-05-24 07:55:02,093 [INFO] PluginManager:220 - loadIPPluginJar : add linkedlist
2024-05-24 07:55:02,098 [INFO] IPUIPlugin:80 - create IPUIPlugin
2024-05-24 07:55:02,098 [INFO] PluginManager:220 - loadIPPluginJar : add fmc
2024-05-24 07:55:02,100 [INFO] IPUIPlugin:80 - create IPUIPlugin
2024-05-24 07:55:02,100 [INFO] PluginManager:220 - loadIPPluginJar : add openamp
2024-05-24 07:55:02,122 [INFO] IPUIPlugin:80 - create IPUIPlugin
2024-05-24 07:55:02,122 [INFO] PluginManager:220 - loadIPPluginJar : add touchsensing
2024-05-24 07:55:02,123 [INFO] IPUIPlugin:80 - create IPUIPlugin
2024-05-24 07:55:02,123 [INFO] PluginManager:220 - loadIPPluginJar : add pdm2pcm
2024-05-24 07:55:02,126 [INFO] IPUIPlugin:80 - create IPUIPlugin
2024-05-24 07:55:02,126 [INFO] PluginManager:220 - loadIPPluginJar : add gtzc
2024-05-24 07:55:02,131 [INFO] IPUIPlugin:80 - create IPUIPlugin
2024-05-24 07:55:02,131 [INFO] PluginManager:220 - loadIPPluginJar : add dma
2024-05-24 07:55:02,136 [INFO] IPUIPlugin:80 - create IPUIPlugin
2024-05-24 07:55:02,138 [INFO] PluginManager:220 - loadIPPluginJar : add plateformsettings
2024-05-24 07:55:02,143 [INFO] IPUIPlugin:80 - create IPUIPlugin
2024-05-24 07:55:02,143 [INFO] PluginManager:220 - loadIPPluginJar : add freertos
2024-05-24 07:55:02,145 [INFO] IPUIPlugin:80 - create IPUIPlugin
2024-05-24 07:55:02,145 [INFO] PluginManager:220 - loadIPPluginJar : add resmgrutility
2024-05-24 07:55:02,147 [INFO] IPUIPlugin:80 - create IPUIPlugin
2024-05-24 07:55:02,147 [INFO] PluginManager:220 - loadIPPluginJar : add usbx
2024-05-24 07:55:02,149 [INFO] IPUIPlugin:80 - create IPUIPlugin
2024-05-24 07:55:02,150 [INFO] PluginManager:220 - loadIPPluginJar : add tim
2024-05-24 07:55:02,272 [INFO] CADModel:165 - CPN selected for project level
2024-05-24 07:55:02,272 [INFO] CADModel:114 - Register for checkConnection events
2024-05-24 07:55:02,273 [FATAL] Updater:308 - Updater called before beeing initialized
2024-05-24 07:55:02,273 [ERROR] CADModel:125 - Updater not yet initialized, retry later 
2024-05-24 07:55:02,386 [INFO] CADModel:165 - CPN selected for project level
2024-05-24 07:55:02,386 [INFO] CADModel:114 - Register for checkConnection events
2024-05-24 07:55:02,386 [FATAL] Updater:308 - Updater called before beeing initialized
2024-05-24 07:55:02,387 [ERROR] CADModel:125 - Updater not yet initialized, retry later 
2024-05-24 07:55:02,390 [FATAL] Updater:308 - Updater called before beeing initialized
2024-05-24 07:55:02,488 [FATAL] Updater:308 - Updater called before beeing initialized
2024-05-24 07:55:02,492 [INFO] DbMcusAds:53 - JSON generation date=Wed Nov 29 16:22:27 IST 2023 (1701255147349)
2024-05-24 07:55:02,492 [FATAL] Updater:308 - Updater called before beeing initialized
2024-05-24 07:55:02,530 [WARN] DetailPanel:346 - Failed to get advertising image, set to default
2024-05-24 07:55:02,626 [FATAL] Updater:308 - Updater called before beeing initialized
2024-05-24 07:55:02,628 [FATAL] Updater:308 - Updater called before beeing initialized
2024-05-24 07:55:02,629 [FATAL] Updater:308 - Updater called before beeing initialized
2024-05-24 07:55:02,629 [WARN] DetailPanel:346 - Failed to get advertising image, set to default
2024-05-24 07:55:02,629 [FATAL] Updater:308 - Updater called before beeing initialized
2024-05-24 07:55:02,662 [ERROR] Updater:1120 - MainUpdater not yet initialized. External WinMGr cannot be set.
2024-05-24 07:55:02,664 [INFO] Updater:1056 - Updater Version found : 6.10.0
2024-05-24 07:55:02,685 [INFO] ApplicationProperties:184 - Using Application install path: /opt/st/stm32cubeide_1.14.0/plugins/com.st.stm32cube.common.mx_6.10.0.202311202037
2024-05-24 07:55:02,891 [INFO] MainUpdater:2873 - connection check result : 22
2024-05-24 07:55:02,892 [INFO] MainUpdater:290 - Updater Check For Update Now.
2024-05-24 07:55:02,892 [INFO] MicroXplorer:498 - Change Database Version : DB.6.0.100
2024-05-24 07:55:02,897 [INFO] McuFinderGlobals:63 - Set McuFinder mode to 2 (CubeIDE integrated)
2024-05-24 07:55:02,938 [INFO] UserAuth:404 - Internet connection configuration mode: 2
2024-05-24 07:55:03,068 [INFO] CheckServerUpdateThread:120 - End of CheckServer Thread
2024-05-24 07:55:04,733 [WARN] PackLoader:240 - Cannot read IP mode file for STMicroelectronics.X-CUBE-SMBUS.2.1.0
2024-05-24 07:55:04,752 [WARN] PackLoader:240 - Cannot read IP mode file for STMicroelectronics.X-CUBE-AZRTOS-F7.1.1.0
2024-05-24 07:55:04,759 [WARN] PackLoader:240 - Cannot read IP mode file for STMicroelectronics.FP-SNS-FLIGHT1.5.0.2
2024-05-24 07:55:04,765 [WARN] PackLoader:240 - Cannot read IP mode file for STMicroelectronics.X-CUBE-DISPLAY.3.0.0
2024-05-24 07:55:04,775 [WARN] PackLoader:240 - Cannot read IP mode file for STMicroelectronics.X-CUBE-BLE1.7.0.0
2024-05-24 07:55:04,778 [WARN] PackLoader:240 - Cannot read IP mode file for STMicroelectronics.FP-SNS-SMARTAG2.1.2.0
2024-05-24 07:55:04,787 [INFO] LogOutputStream:77 - [STDOUT_REDIRECT] 1 : Invalid condition id : UX_CORESTACK_Condition cause : null
2024-05-24 07:55:04,788 [INFO] LogOutputStream:77 - [STDOUT_REDIRECT] 1 : Invalid condition id : UX_CORESTACK_Condition cause : null
2024-05-24 07:55:04,788 [INFO] LogOutputStream:77 - [STDOUT_REDIRECT] 1 : Invalid condition id : UX_CORESTACK_Condition cause : null
2024-05-24 07:55:04,788 [INFO] LogOutputStream:77 - [STDOUT_REDIRECT] 1 : Invalid condition id : UX_CORESTACK_Condition cause : null
2024-05-24 07:55:04,789 [INFO] LogOutputStream:77 - [STDOUT_REDIRECT] 1 : Invalid condition id : UX_CORESTACK_Condition cause : null
2024-05-24 07:55:04,795 [WARN] PackLoader:240 - Cannot read IP mode file for STMicroelectronics.X-CUBE-AZRTOS-WL.2.0.0
2024-05-24 07:55:04,806 [WARN] PackLoader:240 - Cannot read IP mode file for WES.I-CUBE-Cesium.1.3.0
2024-05-24 07:55:04,812 [WARN] PackLoader:240 - Cannot read IP mode file for STMicroelectronics.X-CUBE-BLE2.3.3.0
2024-05-24 07:55:04,819 [WARN] PackLoader:240 - Cannot read IP mode file for STMicroelectronics.X-CUBE-ALGOBUILD.1.3.0
2024-05-24 07:55:04,836 [WARN] PackLoader:240 - Cannot read IP mode file for STMicroelectronics.X-CUBE-AZRTOS-G0.1.1.0
2024-05-24 07:55:04,844 [WARN] PackLoader:240 - Cannot read IP mode file for STMicroelectronics.X-CUBE-NFC4.3.0.0
2024-05-24 07:55:04,849 [WARN] PackLoader:240 - Cannot read IP mode file for STMicroelectronics.FP-ATR-SIGFOX1.3.2.0
2024-05-24 07:55:04,855 [WARN] PackLoader:240 - Cannot read IP mode file for ITTIA_DB.I-CUBE-ITTIADB.8.9.0
2024-05-24 07:55:04,893 [WARN] PackLoader:240 - Cannot read IP mode file for SEGGER.I-CUBE-embOS.1.3.1
2024-05-24 07:55:04,938 [WARN] PackLoader:240 - Cannot read IP mode file for STMicroelectronics.X-CUBE-ALGOBUILD.1.4.0
2024-05-24 07:55:04,944 [WARN] PackLoader:240 - Cannot read IP mode file for STMicroelectronics.X-CUBE-GNSS1.6.0.0
2024-05-24 07:55:04,959 [WARN] PackLoader:240 - Cannot read IP mode file for STMicroelectronics.X-CUBE-AZRTOS-F4.1.1.0
2024-05-24 07:55:04,976 [WARN] PackLoader:240 - Cannot read IP mode file for STMicroelectronics.X-CUBE-AZRTOS-L5.2.0.0
2024-05-24 07:55:04,983 [WARN] PackLoader:240 - Cannot read IP mode file for STMicroelectronics.X-CUBE-NFC7.1.0.1
2024-05-24 07:55:04,988 [WARN] PackLoader:240 - Cannot read IP mode file for STMicroelectronics.X-CUBE-AI.8.1.0
2024-05-24 07:55:05,003 [WARN] ConditionMgr:438 - getConditionDescription Invalid condition id : LAN8742 Phy interface Condition cause : null
2024-05-24 07:55:05,004 [WARN] PackLoader:240 - Cannot read IP mode file for STMicroelectronics.X-CUBE-AZRTOS-L4.2.0.0
2024-05-24 07:55:05,006 [WARN] ConditionMgr:1039 - genDependencies : Invalid condition id : LAN8742 Phy interface Condition cause : null
2024-05-24 07:55:05,006 [WARN] ConditionMgr:1039 - genDependencies : Invalid condition id : LAN8742 Phy interface Condition cause : null
2024-05-24 07:55:05,007 [WARN] ConditionMgr:1039 - genDependencies : Invalid condition id : LAN8742 Phy interface Condition cause : null
2024-05-24 07:55:05,015 [WARN] PackLoader:240 - Cannot read IP mode file for STMicroelectronics.X-CUBE-SFXS2LP1.4.0.0
2024-05-24 07:55:05,027 [WARN] ConditionMgr:438 - getConditionDescription Invalid condition id : UX DEVICE CLASS RTOS Condition cause : null
2024-05-24 07:55:05,027 [WARN] ConditionMgr:438 - getConditionDescription Invalid condition id : UX DEVICE CLASS RTOS Condition cause : null
2024-05-24 07:55:05,029 [WARN] PackLoader:240 - Cannot read IP mode file for STMicroelectronics.X-CUBE-AZRTOS-WB.2.0.0
2024-05-24 07:55:05,030 [WARN] ConditionMgr:1039 - genDependencies : Invalid condition id : UX DEVICE CLASS RTOS Condition cause : null
2024-05-24 07:55:05,030 [WARN] ConditionMgr:1039 - genDependencies : Invalid condition id : UX DEVICE CLASS RTOS Condition cause : null
2024-05-24 07:55:05,031 [WARN] ConditionMgr:1039 - genDependencies : Invalid condition id : UX DEVICE CLASS RTOS Condition cause : null
2024-05-24 07:55:05,031 [WARN] ConditionMgr:1039 - genDependencies : Invalid condition id : UX DEVICE CLASS RTOS Condition cause : null
2024-05-24 07:55:05,031 [WARN] ConditionMgr:1039 - genDependencies : Invalid condition id : UX DEVICE CLASS RTOS Condition cause : null
2024-05-24 07:55:05,040 [WARN] PackLoader:240 - Cannot read IP mode file for STMicroelectronics.X-CUBE-SUBG2.5.0.0
2024-05-24 07:55:05,048 [WARN] PackLoader:240 - Cannot read IP mode file for Cesanta.I-CUBE-Mongoose.7.13.0
2024-05-24 07:55:05,079 [WARN] PackLoader:240 - Cannot read IP mode file for STMicroelectronics.X-CUBE-AZRTOS-G4.2.0.0
2024-05-24 07:55:05,083 [WARN] PackLoader:240 - Cannot read IP mode file for STMicroelectronics.X-CUBE-ALS.1.0.2
2024-05-24 07:55:05,129 [WARN] PackLoader:240 - Cannot read IP mode file for STMicroelectronics.X-CUBE-MEMS1.10.0.0
2024-05-24 07:55:05,273 [WARN] PackLoader:240 - Cannot read IP mode file for STMicroelectronics.X-CUBE-FREERTOS.1.1.0
2024-05-24 07:55:05,278 [WARN] PackLoader:240 - Cannot read IP mode file for portGmbH.I-Cube-SoM-uGOAL.1.1.0
2024-05-24 07:55:05,282 [WARN] PackLoader:240 - Cannot read IP mode file for STMicroelectronics.X-CUBE-ALS.1.0.1
2024-05-24 07:55:05,296 [WARN] PackLoader:240 - Cannot read IP mode file for STMicroelectronics.X-CUBE-AZRTOS-H7RS.1.0.0
2024-05-24 07:55:05,302 [WARN] PackLoader:240 - Cannot read IP mode file for STMicroelectronics.FP-ATR-ASTRA1.2.0.0
2024-05-24 07:55:05,315 [WARN] PackLoader:240 - Cannot read IP mode file for Infineon.AIROC-Wi-Fi-Bluetooth-STM32.1.6.0
2024-05-24 07:55:05,319 [INFO] ThirdParty:978 - Integrity check success = true
2024-05-24 07:55:05,319 [INFO] IntegrityCheckThread:100 - exiting critical section [integrity check]
2024-05-24 07:55:05,320 [INFO] IntegrityCheckThread:103 - End integrity checks thread
2024-05-24 07:55:23,191 [ERROR] LogOutputStream:75 - [STDERR_REDIRECT] SLF4J: Failed to load class "org.slf4j.impl.StaticLoggerBinder".
2024-05-24 07:55:23,192 [ERROR] LogOutputStream:75 - [STDERR_REDIRECT] SLF4J: Defaulting to no-operation (NOP) logger implementation
2024-05-24 07:55:23,192 [ERROR] LogOutputStream:75 - [STDERR_REDIRECT] SLF4J: See http://www.slf4j.org/codes.html#StaticLoggerBinder for further details.
2024-06-24 23:19:58,770 [INFO] Activator:176 - 


2024-06-24 23:19:58,773 [INFO] Activator:177 - !SESSION log4j initialized
2024-06-24 23:20:04,979 [INFO] LogOutputStream:77 - [STDOUT_REDIRECT] 
2024-06-24 23:20:06,432 [INFO] ApplicationProperties:184 - Using Application install path: /opt/st/stm32cubeide_1.14.0/plugins/com.st.stm32cube.common.mx_6.10.0.202311202037
2024-06-24 23:20:06,489 [INFO] DbMcusXml:78 - Set database path to: /opt/st/stm32cubeide_1.14.0/plugins/com.st.stm32cube.common.mx_6.10.0.202311202037//db//mcu/
2024-06-24 23:20:06,490 [INFO] ApiDb:274 - Set plugin database path to: /opt/st/stm32cubeide_1.14.0/plugins/com.st.stm32cube.common.mx_6.10.0.202311202037//db//plugins/boardmanager/
2024-06-24 23:20:06,492 [WARN] ApiDb:259 - Overriding images path with different value:  => /opt/st/stm32cubeide_1.14.0/plugins/com.st.stm32cube.common.mx_6.10.0.202311202037//db//plugins/mcufinder/images/
2024-06-24 23:20:06,507 [INFO] ApiDb:250 - Set database path to: /home/abhay/.stmcufinder/plugins/mcufinder//mcu/
2024-06-24 23:20:06,512 [INFO] DbMcusAds:125 - Set database path to: /home/abhay/.stmcufinder/plugins/mcufinder//mcu/
2024-06-24 23:20:06,520 [INFO] CrossReferenceDbSqlite:203 - Set database path to: /home/abhay/.stmcufinder/plugins/mcufinder//mcu/cs/
2024-06-24 23:20:06,847 [INFO] RulesReader:64 - Compatibility file has been processed (297 Rules)
2024-06-24 23:20:07,056 [INFO] DbMcusXml:78 - Set database path to: /opt/st/stm32cubeide_1.14.0/plugins/com.st.stm32cube.common.mx_6.10.0.202311202037//db//mcu/
2024-06-24 23:20:07,057 [INFO] ApiDb:274 - Set plugin database path to: /opt/st/stm32cubeide_1.14.0/plugins/com.st.stm32cube.common.mx_6.10.0.202311202037//db//plugins/boardmanager/
2024-06-24 23:20:07,058 [INFO] ApiDb:261 - Set plugin images path to: /opt/st/stm32cubeide_1.14.0/plugins/com.st.stm32cube.common.mx_6.10.0.202311202037//db//plugins/mcufinder/images/
2024-06-24 23:20:07,059 [WARN] DbFile:41 - Overriding database path with different value: /home/abhay/.stmcufinder/plugins/mcufinder/ => /home/abhay/.stmcufinder/plugins/mcufinder
2024-06-24 23:20:07,060 [INFO] ApiDb:250 - Set database path to: /home/abhay/.stmcufinder/plugins/mcufinder//mcu/
2024-06-24 23:20:07,060 [WARN] DbFile:41 - Overriding database path with different value: /home/abhay/.stmcufinder/plugins/mcufinder/ => /home/abhay/.stmcufinder/plugins/mcufinder
2024-06-24 23:20:07,060 [INFO] DbMcusAds:125 - Set database path to: /home/abhay/.stmcufinder/plugins/mcufinder//mcu/
2024-06-24 23:20:07,061 [WARN] DbFile:41 - Overriding database path with different value: /home/abhay/.stmcufinder/plugins/mcufinder/ => /home/abhay/.stmcufinder/plugins/mcufinder
2024-06-24 23:20:07,061 [WARN] DbFile:41 - Overriding database path with different value: /home/abhay/.stmcufinder/plugins/mcufinder/ => /home/abhay/.stmcufinder/plugins/mcufinder
2024-06-24 23:20:07,062 [INFO] CrossReferenceDbSqlite:203 - Set database path to: /home/abhay/.stmcufinder/plugins/mcufinder//mcu/cs/
2024-06-24 23:20:07,288 [INFO] MainPanel:264 - HeapMemory: 268435456
2024-06-24 23:20:07,445 [INFO] DbMcusXml:78 - Set database path to: /opt/st/stm32cubeide_1.14.0/plugins/com.st.stm32cube.common.mx_6.10.0.202311202037//db//mcu/
2024-06-24 23:20:07,445 [INFO] ApiDb:274 - Set plugin database path to: /opt/st/stm32cubeide_1.14.0/plugins/com.st.stm32cube.common.mx_6.10.0.202311202037//db//plugins/boardmanager/
2024-06-24 23:20:07,446 [INFO] ApiDb:261 - Set plugin images path to: /opt/st/stm32cubeide_1.14.0/plugins/com.st.stm32cube.common.mx_6.10.0.202311202037//db//plugins/mcufinder/images/
2024-06-24 23:20:07,447 [WARN] DbFile:41 - Overriding database path with different value: /home/abhay/.stmcufinder/plugins/mcufinder/ => /home/abhay/.stmcufinder/plugins/mcufinder
2024-06-24 23:20:07,447 [INFO] ApiDb:250 - Set database path to: /home/abhay/.stmcufinder/plugins/mcufinder//mcu/
2024-06-24 23:20:07,447 [WARN] DbFile:41 - Overriding database path with different value: /home/abhay/.stmcufinder/plugins/mcufinder/ => /home/abhay/.stmcufinder/plugins/mcufinder
2024-06-24 23:20:07,447 [INFO] DbMcusAds:125 - Set database path to: /home/abhay/.stmcufinder/plugins/mcufinder//mcu/
2024-06-24 23:20:07,447 [WARN] DbFile:41 - Overriding database path with different value: /home/abhay/.stmcufinder/plugins/mcufinder/ => /home/abhay/.stmcufinder/plugins/mcufinder
2024-06-24 23:20:07,448 [WARN] DbFile:41 - Overriding database path with different value: /home/abhay/.stmcufinder/plugins/mcufinder/ => /home/abhay/.stmcufinder/plugins/mcufinder
2024-06-24 23:20:07,448 [INFO] CrossReferenceDbSqlite:203 - Set database path to: /home/abhay/.stmcufinder/plugins/mcufinder//mcu/cs/
2024-06-24 23:20:07,474 [INFO] ApplicationProperties:184 - Using Application install path: /opt/st/stm32cubeide_1.14.0/plugins/com.st.stm32cube.common.mx_6.10.0.202311202037
2024-06-24 23:20:07,476 [INFO] PluginManage:196 - Search for loadable plugins [exclusion list=, ]
2024-06-24 23:20:07,478 [INFO] PluginManage:310 - Check plugin analytics
2024-06-24 23:20:07,879 [INFO] AnalyticsPlugin:253 - Accepted Software Licenses: STM32CubeMX.6.11.0,STM32CubeMX.6.10.0
2024-06-24 23:20:07,880 [INFO] AnalyticsPlugin:255 - Accepted CMSIS Pack Licenses: 
2024-06-24 23:20:07,881 [INFO] AnalyticsPlugin:257 - Accepted Firmware Licenses: FW.F4.1.28.0
2024-06-24 23:20:07,893 [INFO] PluginManage:359 - Loaded plugin analytics (category:tool,tabindex:-1)
2024-06-24 23:20:07,894 [INFO] PluginManage:310 - Check plugin cadmodel
2024-06-24 23:20:07,962 [INFO] CADModel:105 - Init CAD model plugin
2024-06-24 23:20:07,963 [INFO] PluginManage:359 - Loaded plugin cadmodel (category:power,tabindex:5)
2024-06-24 23:20:07,964 [INFO] PluginManage:310 - Check plugin clock
2024-06-24 23:20:07,983 [INFO] PluginManage:359 - Loaded plugin clock (category:base,tabindex:2)
2024-06-24 23:20:07,984 [INFO] PluginManage:310 - Check plugin ddr
2024-06-24 23:20:07,988 [INFO] PluginManage:359 - Loaded plugin ddr (category:tool,tabindex:6)
2024-06-24 23:20:07,989 [INFO] PluginManage:310 - Check plugin filemanager
2024-06-24 23:20:08,342 [INFO] PluginManage:359 - Loaded plugin filemanager (category:base,tabindex:10)
2024-06-24 23:20:08,342 [INFO] PluginManage:310 - Check plugin ipmanager
2024-06-24 23:20:08,357 [INFO] PluginManage:359 - Loaded plugin ipmanager (category:base,tabindex:5)
2024-06-24 23:20:08,358 [INFO] PluginManage:310 - Check plugin lpbam
2024-06-24 23:20:08,375 [INFO] PluginManage:359 - Loaded plugin lpbam (category:base,tabindex:0)
2024-06-24 23:20:08,375 [INFO] PluginManage:310 - Check plugin memorymap
2024-06-24 23:20:08,400 [INFO] PluginManage:359 - Loaded plugin memorymap (category:base,tabindex:4)
2024-06-24 23:20:08,400 [INFO] PluginManage:310 - Check plugin pinoutandconfiguration
2024-06-24 23:20:08,413 [INFO] PluginManage:359 - Loaded plugin pinoutandconfiguration (category:base,tabindex:1)
2024-06-24 23:20:08,413 [INFO] PluginManage:310 - Check plugin pinoutconfig
2024-06-24 23:20:08,573 [WARN] SupportedApi:132 - Cannot load RTOS API schema: s4s-elt-must-match.1: The content of 'definitions' must match (annotation?, (simpleType | complexType)?, (unique | key | keyref)*)). A problem was found starting at: attribute.
2024-06-24 23:20:08,852 [INFO] PluginManage:359 - Loaded plugin pinoutconfig (category:base,tabindex:0)
2024-06-24 23:20:08,852 [INFO] PluginManage:310 - Check plugin power
2024-06-24 23:20:08,866 [INFO] PluginManage:359 - Loaded plugin power (category:power,tabindex:4)
2024-06-24 23:20:08,866 [INFO] PluginManage:310 - Check plugin projectmanager
2024-06-24 23:20:08,898 [INFO] PluginManage:359 - Loaded plugin projectmanager (category:projectmanager,tabindex:3)
2024-06-24 23:20:08,899 [INFO] PluginManage:310 - Check plugin thirdparty
2024-06-24 23:20:09,100 [INFO] PluginManage:359 - Loaded plugin thirdparty (category:base,tabindex:-1)
2024-06-24 23:20:09,100 [WARN] IntegrityCheckThread:84 - waiting for thirdparty lock release [integrity check]
2024-06-24 23:20:09,100 [INFO] PluginManage:310 - Check plugin tools
2024-06-24 23:20:09,101 [INFO] IntegrityCheckThread:86 - entering critical section [integrity check]
2024-06-24 23:20:09,101 [INFO] ThirdPartyUpdaterWithRetryManager:70 - Updater plugin not ready yet. [1/15]
2024-06-24 23:20:09,104 [INFO] PluginManage:359 - Loaded plugin tools (category:base,tabindex:7)
2024-06-24 23:20:09,104 [INFO] PluginManage:310 - Check plugin tutovideos
2024-06-24 23:20:09,324 [INFO] PluginManage:359 - Loaded plugin tutovideos (category:base,tabindex:-1)
2024-06-24 23:20:09,324 [INFO] PluginManage:310 - Check plugin updater
2024-06-24 23:20:09,340 [INFO] PluginManage:359 - Loaded plugin updater (category:base,tabindex:12)
2024-06-24 23:20:09,341 [INFO] PluginManage:310 - Check plugin userauth
2024-06-24 23:20:09,349 [INFO] UserAuth:114 - Init User Auth plugin
2024-06-24 23:20:09,349 [INFO] PluginManage:359 - Loaded plugin userauth (category:base,tabindex:14)
2024-06-24 23:20:09,350 [INFO] PluginManage:283 - PluginManage : Loaded plugins [17]
2024-06-24 23:20:09,584 [INFO] PinOutPanel:1499 - setPackage(No Configuration,No Configuration)
2024-06-24 23:20:09,667 [INFO] CADModel:165 - CPN selected for project level
2024-06-24 23:20:09,667 [INFO] CADModel:114 - Register for checkConnection events
2024-06-24 23:20:09,679 [INFO] IPUIPlugin:80 - create IPUIPlugin
2024-06-24 23:20:09,680 [INFO] PluginManager:220 - loadIPPluginJar : add tsc
2024-06-24 23:20:09,686 [INFO] IPUIPlugin:80 - create IPUIPlugin
2024-06-24 23:20:09,686 [INFO] PluginManager:220 - loadIPPluginJar : add i3c
2024-06-24 23:20:09,691 [INFO] IPUIPlugin:80 - create IPUIPlugin
2024-06-24 23:20:09,692 [INFO] PluginManager:220 - loadIPPluginJar : add gpio
2024-06-24 23:20:09,694 [INFO] IPUIPlugin:80 - create IPUIPlugin
2024-06-24 23:20:09,695 [INFO] PluginManager:220 - loadIPPluginJar : add quadspi
2024-06-24 23:20:09,700 [INFO] IPUIPlugin:80 - create IPUIPlugin
2024-06-24 23:20:09,700 [INFO] PluginManager:220 - loadIPPluginJar : add opamp
2024-06-24 23:20:09,703 [INFO] IPUIPlugin:80 - create IPUIPlugin
2024-06-24 23:20:09,704 [INFO] PluginManager:220 - loadIPPluginJar : add usart
2024-06-24 23:20:09,712 [INFO] IPUIPlugin:80 - create IPUIPlugin
2024-06-24 23:20:09,712 [INFO] PluginManager:220 - loadIPPluginJar : add adc
2024-06-24 23:20:09,718 [INFO] IPUIPlugin:80 - create IPUIPlugin
2024-06-24 23:20:09,719 [INFO] PluginManager:220 - loadIPPluginJar : add stm32_wpan
2024-06-24 23:20:09,722 [INFO] IPUIPlugin:80 - create IPUIPlugin
2024-06-24 23:20:09,722 [INFO] PluginManager:220 - loadIPPluginJar : add dma3
2024-06-24 23:20:09,729 [INFO] IPUIPlugin:80 - create IPUIPlugin
2024-06-24 23:20:09,730 [INFO] PluginManager:220 - loadIPPluginJar : add mdma
2024-06-24 23:20:09,733 [INFO] IPUIPlugin:80 - create IPUIPlugin
2024-06-24 23:20:09,733 [INFO] PluginManager:220 - loadIPPluginJar : add ipddr
2024-06-24 23:20:09,736 [INFO] IPUIPlugin:80 - create IPUIPlugin
2024-06-24 23:20:09,736 [INFO] PluginManager:220 - loadIPPluginJar : add ucpd
2024-06-24 23:20:09,738 [INFO] IPUIPlugin:80 - create IPUIPlugin
2024-06-24 23:20:09,739 [INFO] PluginManager:220 - loadIPPluginJar : add cryp
2024-06-24 23:20:09,740 [INFO] IPUIPlugin:80 - create IPUIPlugin
2024-06-24 23:20:09,740 [INFO] PluginManager:220 - loadIPPluginJar : add comp
2024-06-24 23:20:09,744 [INFO] IPUIPlugin:80 - create IPUIPlugin
2024-06-24 23:20:09,744 [INFO] PluginManager:220 - loadIPPluginJar : add dfsdm
2024-06-24 23:20:09,746 [INFO] IPUIPlugin:80 - create IPUIPlugin
2024-06-24 23:20:09,746 [INFO] PluginManager:220 - loadIPPluginJar : add ts
2024-06-24 23:20:09,749 [INFO] IPUIPlugin:80 - create IPUIPlugin
2024-06-24 23:20:09,749 [INFO] PluginManager:220 - loadIPPluginJar : add i2s
2024-06-24 23:20:09,752 [INFO] IPUIPlugin:80 - create IPUIPlugin
2024-06-24 23:20:09,752 [INFO] PluginManager:220 - loadIPPluginJar : add can
2024-06-24 23:20:09,754 [INFO] IPUIPlugin:80 - create IPUIPlugin
2024-06-24 23:20:09,755 [INFO] PluginManager:220 - loadIPPluginJar : add i2c
2024-06-24 23:20:09,757 [INFO] IPUIPlugin:80 - create IPUIPlugin
2024-06-24 23:20:09,757 [INFO] PluginManager:220 - loadIPPluginJar : add genericplugin
2024-06-24 23:20:09,760 [INFO] IPUIPlugin:80 - create IPUIPlugin
2024-06-24 23:20:09,760 [INFO] PluginManager:220 - loadIPPluginJar : add spi
2024-06-24 23:20:09,764 [INFO] IPUIPlugin:80 - create IPUIPlugin
2024-06-24 23:20:09,764 [INFO] PluginManager:220 - loadIPPluginJar : add lorawan
2024-06-24 23:20:09,767 [INFO] IPUIPlugin:80 - create IPUIPlugin
2024-06-24 23:20:09,768 [INFO] PluginManager:220 - loadIPPluginJar : add aes
2024-06-24 23:20:09,770 [INFO] IPUIPlugin:80 - create IPUIPlugin
2024-06-24 23:20:09,771 [INFO] PluginManager:220 - loadIPPluginJar : add gfxmmu
2024-06-24 23:20:09,774 [INFO] IPUIPlugin:80 - create IPUIPlugin
2024-06-24 23:20:09,775 [INFO] PluginManager:220 - loadIPPluginJar : add nvic
2024-06-24 23:20:09,780 [INFO] IPUIPlugin:80 - create IPUIPlugin
2024-06-24 23:20:09,780 [INFO] PluginManager:220 - loadIPPluginJar : add sai
2024-06-24 23:20:09,782 [INFO] IPUIPlugin:80 - create IPUIPlugin
2024-06-24 23:20:09,782 [INFO] PluginManager:220 - loadIPPluginJar : add fatfs
2024-06-24 23:20:09,783 [INFO] IPUIPlugin:80 - create IPUIPlugin
2024-06-24 23:20:09,783 [INFO] PluginManager:220 - loadIPPluginJar : add ltdc
2024-06-24 23:20:09,789 [INFO] IPUIPlugin:80 - create IPUIPlugin
2024-06-24 23:20:09,789 [INFO] PluginManager:220 - loadIPPluginJar : add gic
2024-06-24 23:20:09,792 [INFO] IPUIPlugin:80 - create IPUIPlugin
2024-06-24 23:20:09,792 [INFO] PluginManager:220 - loadIPPluginJar : add hash
2024-06-24 23:20:09,794 [INFO] IPUIPlugin:80 - create IPUIPlugin
2024-06-24 23:20:09,794 [INFO] PluginManager:220 - loadIPPluginJar : add tracer_emb
2024-06-24 23:20:09,803 [INFO] IPUIPlugin:80 - create IPUIPlugin
2024-06-24 23:20:09,803 [INFO] PluginManager:220 - loadIPPluginJar : add linkedlist
2024-06-24 23:20:09,808 [INFO] IPUIPlugin:80 - create IPUIPlugin
2024-06-24 23:20:09,808 [INFO] PluginManager:220 - loadIPPluginJar : add fmc
2024-06-24 23:20:09,811 [INFO] IPUIPlugin:80 - create IPUIPlugin
2024-06-24 23:20:09,811 [INFO] PluginManager:220 - loadIPPluginJar : add openamp
2024-06-24 23:20:09,815 [INFO] IPUIPlugin:80 - create IPUIPlugin
2024-06-24 23:20:09,815 [INFO] PluginManager:220 - loadIPPluginJar : add touchsensing
2024-06-24 23:20:09,817 [INFO] IPUIPlugin:80 - create IPUIPlugin
2024-06-24 23:20:09,817 [INFO] PluginManager:220 - loadIPPluginJar : add pdm2pcm
2024-06-24 23:20:09,819 [INFO] IPUIPlugin:80 - create IPUIPlugin
2024-06-24 23:20:09,819 [INFO] PluginManager:220 - loadIPPluginJar : add gtzc
2024-06-24 23:20:09,825 [INFO] IPUIPlugin:80 - create IPUIPlugin
2024-06-24 23:20:09,825 [INFO] PluginManager:220 - loadIPPluginJar : add dma
2024-06-24 23:20:09,832 [INFO] IPUIPlugin:80 - create IPUIPlugin
2024-06-24 23:20:09,835 [INFO] PluginManager:220 - loadIPPluginJar : add plateformsettings
2024-06-24 23:20:09,840 [INFO] IPUIPlugin:80 - create IPUIPlugin
2024-06-24 23:20:09,840 [INFO] PluginManager:220 - loadIPPluginJar : add freertos
2024-06-24 23:20:09,844 [INFO] IPUIPlugin:80 - create IPUIPlugin
2024-06-24 23:20:09,844 [INFO] PluginManager:220 - loadIPPluginJar : add resmgrutility
2024-06-24 23:20:09,847 [INFO] IPUIPlugin:80 - create IPUIPlugin
2024-06-24 23:20:09,847 [INFO] PluginManager:220 - loadIPPluginJar : add usbx
2024-06-24 23:20:09,849 [INFO] IPUIPlugin:80 - create IPUIPlugin
2024-06-24 23:20:09,849 [INFO] PluginManager:220 - loadIPPluginJar : add tim
2024-06-24 23:20:09,967 [INFO] CADModel:165 - CPN selected for project level
2024-06-24 23:20:09,967 [INFO] CADModel:114 - Register for checkConnection events
2024-06-24 23:20:09,967 [FATAL] Updater:308 - Updater called before beeing initialized
2024-06-24 23:20:09,967 [ERROR] CADModel:125 - Updater not yet initialized, retry later 
2024-06-24 23:20:10,132 [INFO] CADModel:165 - CPN selected for project level
2024-06-24 23:20:10,132 [INFO] CADModel:114 - Register for checkConnection events
2024-06-24 23:20:10,132 [FATAL] Updater:308 - Updater called before beeing initialized
2024-06-24 23:20:10,133 [ERROR] CADModel:125 - Updater not yet initialized, retry later 
2024-06-24 23:20:10,137 [FATAL] Updater:308 - Updater called before beeing initialized
2024-06-24 23:20:10,336 [FATAL] Updater:308 - Updater called before beeing initialized
2024-06-24 23:20:10,345 [INFO] DbMcusAds:53 - JSON generation date=Thu May 16 14:52:00 IST 2024 (1715851320852)
2024-06-24 23:20:10,346 [FATAL] Updater:308 - Updater called before beeing initialized
2024-06-24 23:20:10,420 [WARN] DetailPanel:346 - Failed to get advertising image, set to default
2024-06-24 23:20:10,594 [FATAL] Updater:308 - Updater called before beeing initialized
2024-06-24 23:20:10,596 [FATAL] Updater:308 - Updater called before beeing initialized
2024-06-24 23:20:10,597 [FATAL] Updater:308 - Updater called before beeing initialized
2024-06-24 23:20:10,597 [WARN] DetailPanel:346 - Failed to get advertising image, set to default
2024-06-24 23:20:10,598 [FATAL] Updater:308 - Updater called before beeing initialized
2024-06-24 23:20:10,647 [ERROR] Updater:1120 - MainUpdater not yet initialized. External WinMGr cannot be set.
2024-06-24 23:20:10,649 [INFO] Updater:1056 - Updater Version found : 6.10.0
2024-06-24 23:20:10,679 [INFO] ApplicationProperties:184 - Using Application install path: /opt/st/stm32cubeide_1.14.0/plugins/com.st.stm32cube.common.mx_6.10.0.202311202037
2024-06-24 23:20:11,165 [INFO] MainUpdater:2873 - connection check result : 10
2024-06-24 23:20:11,168 [INFO] MainUpdater:290 - Updater Check For Update Now.
2024-06-24 23:20:11,169 [INFO] MicroXplorer:498 - Change Database Version : DB.6.0.100
2024-06-24 23:20:11,182 [INFO] McuFinderGlobals:63 - Set McuFinder mode to 2 (CubeIDE integrated)
2024-06-24 23:20:11,518 [INFO] CheckServerUpdateThread:120 - End of CheckServer Thread
2024-06-24 23:20:11,532 [INFO] UserAuth:404 - Internet connection configuration mode: 1
2024-06-24 23:20:11,548 [INFO] JxBrowserEngine:152 - Initiate JxBrowser Engine with user profile folder
2024-06-24 23:20:12,311 [WARN] PackLoader:240 - Cannot read IP mode file for STMicroelectronics.X-CUBE-SMBUS.2.1.0
2024-06-24 23:20:12,321 [WARN] PackLoader:240 - Cannot read IP mode file for STMicroelectronics.X-CUBE-TOUCHGFX.4.23.1
2024-06-24 23:20:12,325 [WARN] PackLoader:240 - Cannot read IP mode file for STMicroelectronics.X-CUBE-TOUCHGFX.4.23.2
2024-06-24 23:20:12,372 [WARN] PackLoader:240 - Cannot read IP mode file for STMicroelectronics.X-CUBE-AZRTOS-F7.1.1.0
2024-06-24 23:20:12,392 [WARN] PackLoader:240 - Cannot read IP mode file for STMicroelectronics.FP-SNS-FLIGHT1.5.0.2
2024-06-24 23:20:12,410 [WARN] PackLoader:240 - Cannot read IP mode file for STMicroelectronics.X-CUBE-DISPLAY.3.0.0
2024-06-24 23:20:12,445 [WARN] PackLoader:240 - Cannot read IP mode file for STMicroelectronics.X-CUBE-BLE1.7.0.0
2024-06-24 23:20:12,460 [WARN] PackLoader:240 - Cannot read IP mode file for STMicroelectronics.FP-SNS-SMARTAG2.1.2.0
2024-06-24 23:20:12,497 [INFO] LogOutputStream:77 - [STDOUT_REDIRECT] 1 : Invalid condition id : UX_CORESTACK_Condition cause : null
2024-06-24 23:20:12,500 [INFO] LogOutputStream:77 - [STDOUT_REDIRECT] 1 : Invalid condition id : UX_CORESTACK_Condition cause : null
2024-06-24 23:20:12,501 [INFO] LogOutputStream:77 - [STDOUT_REDIRECT] 1 : Invalid condition id : UX_CORESTACK_Condition cause : null
2024-06-24 23:20:12,501 [INFO] LogOutputStream:77 - [STDOUT_REDIRECT] 1 : Invalid condition id : UX_CORESTACK_Condition cause : null
2024-06-24 23:20:12,502 [INFO] LogOutputStream:77 - [STDOUT_REDIRECT] 1 : Invalid condition id : UX_CORESTACK_Condition cause : null
2024-06-24 23:20:12,517 [WARN] PackLoader:240 - Cannot read IP mode file for STMicroelectronics.X-CUBE-AZRTOS-WL.2.0.0
2024-06-24 23:20:12,531 [WARN] PackLoader:240 - Cannot read IP mode file for wolfSSL.I-CUBE-wolfMQTT.1.19.0
2024-06-24 23:20:12,555 [WARN] PackLoader:240 - Cannot read IP mode file for WES.I-CUBE-Cesium.1.3.0
2024-06-24 23:20:12,569 [WARN] PackLoader:240 - Cannot read IP mode file for STMicroelectronics.X-CUBE-BLE2.3.3.0
2024-06-24 23:20:12,591 [WARN] PackLoader:240 - Cannot read IP mode file for STMicroelectronics.X-CUBE-ALGOBUILD.1.3.0
2024-06-24 23:20:12,645 [WARN] PackLoader:240 - Cannot read IP mode file for STMicroelectronics.X-CUBE-AZRTOS-G0.1.1.0
2024-06-24 23:20:12,665 [WARN] PackLoader:240 - Cannot read IP mode file for STMicroelectronics.X-CUBE-NFC4.3.0.0
2024-06-24 23:20:12,678 [WARN] PackLoader:240 - Cannot read IP mode file for STMicroelectronics.FP-ATR-SIGFOX1.3.2.0
2024-06-24 23:20:12,694 [WARN] PackLoader:240 - Cannot read IP mode file for ITTIA_DB.I-CUBE-ITTIADB.8.9.0
2024-06-24 23:20:12,802 [WARN] PackLoader:240 - Cannot read IP mode file for SEGGER.I-CUBE-embOS.1.3.1
2024-06-24 23:20:12,817 [INFO] WebApp:161 - Instantiating new browser for Auth
2024-06-24 23:20:12,928 [WARN] PackLoader:240 - Cannot read IP mode file for STMicroelectronics.X-CUBE-ALGOBUILD.1.4.0
2024-06-24 23:20:12,941 [WARN] PackLoader:240 - Cannot read IP mode file for STMicroelectronics.X-CUBE-GNSS1.6.0.0
2024-06-24 23:20:12,986 [WARN] PackLoader:240 - Cannot read IP mode file for STMicroelectronics.X-CUBE-AZRTOS-F4.1.1.0
2024-06-24 23:20:13,037 [WARN] PackLoader:240 - Cannot read IP mode file for STMicroelectronics.X-CUBE-AZRTOS-L5.2.0.0
2024-06-24 23:20:13,058 [WARN] PackLoader:240 - Cannot read IP mode file for STMicroelectronics.X-CUBE-NFC7.1.0.1
2024-06-24 23:20:13,070 [WARN] PackLoader:240 - Cannot read IP mode file for STMicroelectronics.X-CUBE-AI.8.1.0
2024-06-24 23:20:13,120 [WARN] ConditionMgr:438 - getConditionDescription Invalid condition id : LAN8742 Phy interface Condition cause : null
2024-06-24 23:20:13,123 [WARN] PackLoader:240 - Cannot read IP mode file for STMicroelectronics.X-CUBE-AZRTOS-L4.2.0.0
2024-06-24 23:20:13,128 [WARN] ConditionMgr:1039 - genDependencies : Invalid condition id : LAN8742 Phy interface Condition cause : null
2024-06-24 23:20:13,129 [WARN] ConditionMgr:1039 - genDependencies : Invalid condition id : LAN8742 Phy interface Condition cause : null
2024-06-24 23:20:13,131 [WARN] ConditionMgr:1039 - genDependencies : Invalid condition id : LAN8742 Phy interface Condition cause : null
2024-06-24 23:20:13,149 [WARN] PackLoader:240 - Cannot read IP mode file for STMicroelectronics.X-CUBE-SFXS2LP1.4.0.0
2024-06-24 23:20:13,184 [WARN] ConditionMgr:438 - getConditionDescription Invalid condition id : UX DEVICE CLASS RTOS Condition cause : null
2024-06-24 23:20:13,184 [WARN] ConditionMgr:438 - getConditionDescription Invalid condition id : UX DEVICE CLASS RTOS Condition cause : null
2024-06-24 23:20:13,190 [WARN] PackLoader:240 - Cannot read IP mode file for STMicroelectronics.X-CUBE-AZRTOS-WB.2.0.0
2024-06-24 23:20:13,192 [WARN] ConditionMgr:1039 - genDependencies : Invalid condition id : UX DEVICE CLASS RTOS Condition cause : null
2024-06-24 23:20:13,192 [WARN] ConditionMgr:1039 - genDependencies : Invalid condition id : UX DEVICE CLASS RTOS Condition cause : null
2024-06-24 23:20:13,193 [WARN] ConditionMgr:1039 - genDependencies : Invalid condition id : UX DEVICE CLASS RTOS Condition cause : null
2024-06-24 23:20:13,195 [WARN] ConditionMgr:1039 - genDependencies : Invalid condition id : UX DEVICE CLASS RTOS Condition cause : null
2024-06-24 23:20:13,195 [WARN] ConditionMgr:1039 - genDependencies : Invalid condition id : UX DEVICE CLASS RTOS Condition cause : null
2024-06-24 23:20:13,220 [WARN] PackLoader:240 - Cannot read IP mode file for STMicroelectronics.X-CUBE-SUBG2.5.0.0
2024-06-24 23:20:13,240 [WARN] PackLoader:240 - Cannot read IP mode file for Cesanta.I-CUBE-Mongoose.7.13.0
2024-06-24 23:20:13,263 [WARN] PackLoader:240 - Cannot read IP mode file for STMicroelectronics.X-CUBE-AZRTOS-G4.2.0.0
2024-06-24 23:20:13,272 [WARN] PackLoader:240 - Cannot read IP mode file for STMicroelectronics.X-CUBE-ALS.1.0.2
2024-06-24 23:20:13,408 [WARN] PackLoader:240 - Cannot read IP mode file for STMicroelectronics.X-CUBE-MEMS1.10.0.0
2024-06-24 23:20:13,792 [WARN] PackLoader:240 - Cannot read IP mode file for STMicroelectronics.X-CUBE-FREERTOS.1.1.0
2024-06-24 23:20:13,799 [WARN] PackLoader:240 - Cannot read IP mode file for STMicroelectronics.X-CUBE-TOUCHGFX.4.24.0
2024-06-24 23:20:13,809 [WARN] PackLoader:240 - Cannot read IP mode file for portGmbH.I-Cube-SoM-uGOAL.1.1.0
2024-06-24 23:20:13,818 [WARN] PackLoader:240 - Cannot read IP mode file for STMicroelectronics.X-CUBE-ALS.1.0.1
2024-06-24 23:20:13,868 [WARN] PackLoader:240 - Cannot read IP mode file for STMicroelectronics.X-CUBE-AZRTOS-H7RS.1.0.0
2024-06-24 23:20:13,877 [WARN] PackLoader:240 - Cannot read IP mode file for STMicroelectronics.FP-ATR-ASTRA1.2.0.0
2024-06-24 23:20:13,903 [WARN] PackLoader:240 - Cannot read IP mode file for Infineon.AIROC-Wi-Fi-Bluetooth-STM32.1.6.0
2024-06-24 23:20:13,913 [INFO] ThirdParty:978 - Integrity check success = true
2024-06-24 23:20:13,914 [INFO] IntegrityCheckThread:100 - exiting critical section [integrity check]
2024-06-24 23:20:13,914 [INFO] IntegrityCheckThread:103 - End integrity checks thread
2024-06-24 23:20:14,313 [INFO] WebApp:780 - Register for checkConnection events
2024-06-24 23:20:14,313 [INFO] WebApp:414 - Apply proxy settings
2024-06-24 23:20:14,314 [INFO] WebApp:499 - Chromium requires no authentication
2024-06-24 23:20:14,329 [INFO] WebApp:442 - Direct internet connection detected
2024-06-24 23:20:14,571 [INFO] WebApp:192 - Starting web application
2024-06-24 23:20:14,571 [INFO] WebApp:544 - Web application path used /opt/st/stm32cubeide_1.14.0/plugins/com.st.stm32cube.common.mx_6.10.0.202311202037/db/plugins/mcufinder/reactClient1/index.html
2024-06-24 23:20:35,170 [ERROR] LogOutputStream:75 - [STDERR_REDIRECT] SLF4J: Failed to load class "org.slf4j.impl.StaticLoggerBinder".
2024-06-24 23:20:35,171 [ERROR] LogOutputStream:75 - [STDERR_REDIRECT] SLF4J: Defaulting to no-operation (NOP) logger implementation
2024-06-24 23:20:35,171 [ERROR] LogOutputStream:75 - [STDERR_REDIRECT] SLF4J: See http://www.slf4j.org/codes.html#StaticLoggerBinder for further details.
2024-06-24 23:24:09,435 [ERROR] ConfigurationRetriever:142 - IOException on connection: Read timed out
2024-06-24 23:24:15,995 [ERROR] LogOutputStream:75 - [STDERR_REDIRECT] 
2024-06-24 23:24:58,823 [INFO] Activator:176 - 


2024-06-24 23:24:58,825 [INFO] Activator:177 - !SESSION log4j initialized
2024-06-24 23:25:03,549 [INFO] LogOutputStream:77 - [STDOUT_REDIRECT] 
2024-06-24 23:25:04,520 [ERROR] ConfigurationRetriever:142 - IOException on connection: sw-center.st.com
2024-06-24 23:25:04,523 [ERROR] ConfigurationRetriever:142 - IOException on connection: sw-center.st.com
2024-06-24 23:25:04,525 [ERROR] ConfigurationRetriever:142 - IOException on connection: sw-center.st.com
2024-06-24 23:25:05,068 [INFO] ApplicationProperties:184 - Using Application install path: /opt/st/stm32cubeide_1.14.0/plugins/com.st.stm32cube.common.mx_6.10.0.202311202037
2024-06-24 23:25:05,106 [INFO] DbMcusXml:78 - Set database path to: /opt/st/stm32cubeide_1.14.0/plugins/com.st.stm32cube.common.mx_6.10.0.202311202037//db//mcu/
2024-06-24 23:25:05,106 [INFO] ApiDb:274 - Set plugin database path to: /opt/st/stm32cubeide_1.14.0/plugins/com.st.stm32cube.common.mx_6.10.0.202311202037//db//plugins/boardmanager/
2024-06-24 23:25:05,107 [WARN] ApiDb:259 - Overriding images path with different value:  => /opt/st/stm32cubeide_1.14.0/plugins/com.st.stm32cube.common.mx_6.10.0.202311202037//db//plugins/mcufinder/images/
2024-06-24 23:25:05,114 [INFO] ApiDb:250 - Set database path to: /home/abhay/.stmcufinder/plugins/mcufinder//mcu/
2024-06-24 23:25:05,116 [INFO] DbMcusAds:125 - Set database path to: /home/abhay/.stmcufinder/plugins/mcufinder//mcu/
2024-06-24 23:25:05,119 [INFO] CrossReferenceDbSqlite:203 - Set database path to: /home/abhay/.stmcufinder/plugins/mcufinder//mcu/cs/
2024-06-24 23:25:05,480 [INFO] RulesReader:64 - Compatibility file has been processed (297 Rules)
2024-06-24 23:25:05,651 [INFO] DbMcusXml:78 - Set database path to: /opt/st/stm32cubeide_1.14.0/plugins/com.st.stm32cube.common.mx_6.10.0.202311202037//db//mcu/
2024-06-24 23:25:05,651 [INFO] ApiDb:274 - Set plugin database path to: /opt/st/stm32cubeide_1.14.0/plugins/com.st.stm32cube.common.mx_6.10.0.202311202037//db//plugins/boardmanager/
2024-06-24 23:25:05,652 [INFO] ApiDb:261 - Set plugin images path to: /opt/st/stm32cubeide_1.14.0/plugins/com.st.stm32cube.common.mx_6.10.0.202311202037//db//plugins/mcufinder/images/
2024-06-24 23:25:05,653 [WARN] DbFile:41 - Overriding database path with different value: /home/abhay/.stmcufinder/plugins/mcufinder/ => /home/abhay/.stmcufinder/plugins/mcufinder
2024-06-24 23:25:05,653 [INFO] ApiDb:250 - Set database path to: /home/abhay/.stmcufinder/plugins/mcufinder//mcu/
2024-06-24 23:25:05,654 [WARN] DbFile:41 - Overriding database path with different value: /home/abhay/.stmcufinder/plugins/mcufinder/ => /home/abhay/.stmcufinder/plugins/mcufinder
2024-06-24 23:25:05,654 [INFO] DbMcusAds:125 - Set database path to: /home/abhay/.stmcufinder/plugins/mcufinder//mcu/
2024-06-24 23:25:05,654 [WARN] DbFile:41 - Overriding database path with different value: /home/abhay/.stmcufinder/plugins/mcufinder/ => /home/abhay/.stmcufinder/plugins/mcufinder
2024-06-24 23:25:05,655 [WARN] DbFile:41 - Overriding database path with different value: /home/abhay/.stmcufinder/plugins/mcufinder/ => /home/abhay/.stmcufinder/plugins/mcufinder
2024-06-24 23:25:05,655 [INFO] CrossReferenceDbSqlite:203 - Set database path to: /home/abhay/.stmcufinder/plugins/mcufinder//mcu/cs/
2024-06-24 23:25:05,798 [INFO] MainPanel:264 - HeapMemory: 268435456
2024-06-24 23:25:05,926 [INFO] DbMcusXml:78 - Set database path to: /opt/st/stm32cubeide_1.14.0/plugins/com.st.stm32cube.common.mx_6.10.0.202311202037//db//mcu/
2024-06-24 23:25:05,926 [INFO] ApiDb:274 - Set plugin database path to: /opt/st/stm32cubeide_1.14.0/plugins/com.st.stm32cube.common.mx_6.10.0.202311202037//db//plugins/boardmanager/
2024-06-24 23:25:05,926 [INFO] ApiDb:261 - Set plugin images path to: /opt/st/stm32cubeide_1.14.0/plugins/com.st.stm32cube.common.mx_6.10.0.202311202037//db//plugins/mcufinder/images/
2024-06-24 23:25:05,927 [WARN] DbFile:41 - Overriding database path with different value: /home/abhay/.stmcufinder/plugins/mcufinder/ => /home/abhay/.stmcufinder/plugins/mcufinder
2024-06-24 23:25:05,927 [INFO] ApiDb:250 - Set database path to: /home/abhay/.stmcufinder/plugins/mcufinder//mcu/
2024-06-24 23:25:05,927 [WARN] DbFile:41 - Overriding database path with different value: /home/abhay/.stmcufinder/plugins/mcufinder/ => /home/abhay/.stmcufinder/plugins/mcufinder
2024-06-24 23:25:05,927 [INFO] DbMcusAds:125 - Set database path to: /home/abhay/.stmcufinder/plugins/mcufinder//mcu/
2024-06-24 23:25:05,927 [WARN] DbFile:41 - Overriding database path with different value: /home/abhay/.stmcufinder/plugins/mcufinder/ => /home/abhay/.stmcufinder/plugins/mcufinder
2024-06-24 23:25:05,927 [WARN] DbFile:41 - Overriding database path with different value: /home/abhay/.stmcufinder/plugins/mcufinder/ => /home/abhay/.stmcufinder/plugins/mcufinder
2024-06-24 23:25:05,928 [INFO] CrossReferenceDbSqlite:203 - Set database path to: /home/abhay/.stmcufinder/plugins/mcufinder//mcu/cs/
2024-06-24 23:25:05,950 [INFO] ApplicationProperties:184 - Using Application install path: /opt/st/stm32cubeide_1.14.0/plugins/com.st.stm32cube.common.mx_6.10.0.202311202037
2024-06-24 23:25:05,952 [INFO] PluginManage:196 - Search for loadable plugins [exclusion list=, ]
2024-06-24 23:25:05,954 [INFO] PluginManage:310 - Check plugin analytics
2024-06-24 23:25:06,319 [INFO] AnalyticsPlugin:253 - Accepted Software Licenses: STM32CubeMX.6.11.0,STM32CubeMX.6.10.0
2024-06-24 23:25:06,320 [INFO] AnalyticsPlugin:255 - Accepted CMSIS Pack Licenses: 
2024-06-24 23:25:06,320 [INFO] AnalyticsPlugin:257 - Accepted Firmware Licenses: FW.F4.1.28.0
2024-06-24 23:25:06,325 [INFO] PluginManage:359 - Loaded plugin analytics (category:tool,tabindex:-1)
2024-06-24 23:25:06,326 [INFO] PluginManage:310 - Check plugin cadmodel
2024-06-24 23:25:06,329 [ERROR] ConfigurationRetriever:142 - IOException on connection: sw-center.st.com
2024-06-24 23:25:06,331 [ERROR] ConfigurationRetriever:142 - IOException on connection: sw-center.st.com
2024-06-24 23:25:06,332 [ERROR] ConfigurationRetriever:142 - IOException on connection: sw-center.st.com
2024-06-24 23:25:06,360 [INFO] CADModel:105 - Init CAD model plugin
2024-06-24 23:25:06,361 [INFO] PluginManage:359 - Loaded plugin cadmodel (category:power,tabindex:5)
2024-06-24 23:25:06,361 [INFO] PluginManage:310 - Check plugin clock
2024-06-24 23:25:06,374 [INFO] PluginManage:359 - Loaded plugin clock (category:base,tabindex:2)
2024-06-24 23:25:06,374 [INFO] PluginManage:310 - Check plugin ddr
2024-06-24 23:25:06,377 [INFO] PluginManage:359 - Loaded plugin ddr (category:tool,tabindex:6)
2024-06-24 23:25:06,378 [INFO] PluginManage:310 - Check plugin filemanager
2024-06-24 23:25:06,607 [INFO] PluginManage:359 - Loaded plugin filemanager (category:base,tabindex:10)
2024-06-24 23:25:06,608 [INFO] PluginManage:310 - Check plugin ipmanager
2024-06-24 23:25:06,617 [INFO] PluginManage:359 - Loaded plugin ipmanager (category:base,tabindex:5)
2024-06-24 23:25:06,618 [INFO] PluginManage:310 - Check plugin lpbam
2024-06-24 23:25:06,633 [INFO] PluginManage:359 - Loaded plugin lpbam (category:base,tabindex:0)
2024-06-24 23:25:06,633 [INFO] PluginManage:310 - Check plugin memorymap
2024-06-24 23:25:06,653 [INFO] PluginManage:359 - Loaded plugin memorymap (category:base,tabindex:4)
2024-06-24 23:25:06,654 [INFO] PluginManage:310 - Check plugin pinoutandconfiguration
2024-06-24 23:25:06,665 [INFO] PluginManage:359 - Loaded plugin pinoutandconfiguration (category:base,tabindex:1)
2024-06-24 23:25:06,666 [INFO] PluginManage:310 - Check plugin pinoutconfig
2024-06-24 23:25:06,833 [WARN] SupportedApi:132 - Cannot load RTOS API schema: s4s-elt-must-match.1: The content of 'definitions' must match (annotation?, (simpleType | complexType)?, (unique | key | keyref)*)). A problem was found starting at: attribute.
2024-06-24 23:25:07,068 [INFO] PluginManage:359 - Loaded plugin pinoutconfig (category:base,tabindex:0)
2024-06-24 23:25:07,069 [INFO] PluginManage:310 - Check plugin power
2024-06-24 23:25:07,086 [INFO] PluginManage:359 - Loaded plugin power (category:power,tabindex:4)
2024-06-24 23:25:07,086 [INFO] PluginManage:310 - Check plugin projectmanager
2024-06-24 23:25:07,134 [INFO] PluginManage:359 - Loaded plugin projectmanager (category:projectmanager,tabindex:3)
2024-06-24 23:25:07,134 [INFO] PluginManage:310 - Check plugin thirdparty
2024-06-24 23:25:07,485 [WARN] IntegrityCheckThread:84 - waiting for thirdparty lock release [integrity check]
2024-06-24 23:25:07,486 [INFO] PluginManage:359 - Loaded plugin thirdparty (category:base,tabindex:-1)
2024-06-24 23:25:07,486 [INFO] IntegrityCheckThread:86 - entering critical section [integrity check]
2024-06-24 23:25:07,486 [INFO] PluginManage:310 - Check plugin tools
2024-06-24 23:25:07,487 [INFO] ThirdPartyUpdaterWithRetryManager:70 - Updater plugin not ready yet. [1/15]
2024-06-24 23:25:07,492 [INFO] PluginManage:359 - Loaded plugin tools (category:base,tabindex:7)
2024-06-24 23:25:07,493 [INFO] PluginManage:310 - Check plugin tutovideos
2024-06-24 23:25:07,720 [INFO] PluginManage:359 - Loaded plugin tutovideos (category:base,tabindex:-1)
2024-06-24 23:25:07,721 [INFO] PluginManage:310 - Check plugin updater
2024-06-24 23:25:07,734 [INFO] PluginManage:359 - Loaded plugin updater (category:base,tabindex:12)
2024-06-24 23:25:07,735 [INFO] PluginManage:310 - Check plugin userauth
2024-06-24 23:25:07,742 [INFO] UserAuth:114 - Init User Auth plugin
2024-06-24 23:25:07,743 [INFO] PluginManage:359 - Loaded plugin userauth (category:base,tabindex:14)
2024-06-24 23:25:07,744 [INFO] PluginManage:283 - PluginManage : Loaded plugins [17]
2024-06-24 23:25:07,951 [INFO] PinOutPanel:1499 - setPackage(No Configuration,No Configuration)
2024-06-24 23:25:08,016 [INFO] CADModel:165 - CPN selected for project level
2024-06-24 23:25:08,016 [INFO] CADModel:114 - Register for checkConnection events
2024-06-24 23:25:08,028 [INFO] IPUIPlugin:80 - create IPUIPlugin
2024-06-24 23:25:08,028 [INFO] PluginManager:220 - loadIPPluginJar : add tsc
2024-06-24 23:25:08,033 [INFO] IPUIPlugin:80 - create IPUIPlugin
2024-06-24 23:25:08,034 [INFO] PluginManager:220 - loadIPPluginJar : add i3c
2024-06-24 23:25:08,038 [INFO] IPUIPlugin:80 - create IPUIPlugin
2024-06-24 23:25:08,039 [INFO] PluginManager:220 - loadIPPluginJar : add gpio
2024-06-24 23:25:08,040 [INFO] IPUIPlugin:80 - create IPUIPlugin
2024-06-24 23:25:08,041 [INFO] PluginManager:220 - loadIPPluginJar : add quadspi
2024-06-24 23:25:08,045 [INFO] IPUIPlugin:80 - create IPUIPlugin
2024-06-24 23:25:08,046 [INFO] PluginManager:220 - loadIPPluginJar : add opamp
2024-06-24 23:25:08,048 [INFO] IPUIPlugin:80 - create IPUIPlugin
2024-06-24 23:25:08,049 [INFO] PluginManager:220 - loadIPPluginJar : add usart
2024-06-24 23:25:08,056 [INFO] IPUIPlugin:80 - create IPUIPlugin
2024-06-24 23:25:08,056 [INFO] PluginManager:220 - loadIPPluginJar : add adc
2024-06-24 23:25:08,062 [INFO] IPUIPlugin:80 - create IPUIPlugin
2024-06-24 23:25:08,063 [INFO] PluginManager:220 - loadIPPluginJar : add stm32_wpan
2024-06-24 23:25:08,065 [INFO] IPUIPlugin:80 - create IPUIPlugin
2024-06-24 23:25:08,065 [INFO] PluginManager:220 - loadIPPluginJar : add dma3
2024-06-24 23:25:08,073 [INFO] IPUIPlugin:80 - create IPUIPlugin
2024-06-24 23:25:08,073 [INFO] PluginManager:220 - loadIPPluginJar : add mdma
2024-06-24 23:25:08,077 [INFO] IPUIPlugin:80 - create IPUIPlugin
2024-06-24 23:25:08,077 [INFO] PluginManager:220 - loadIPPluginJar : add ipddr
2024-06-24 23:25:08,079 [INFO] IPUIPlugin:80 - create IPUIPlugin
2024-06-24 23:25:08,079 [INFO] PluginManager:220 - loadIPPluginJar : add ucpd
2024-06-24 23:25:08,082 [INFO] IPUIPlugin:80 - create IPUIPlugin
2024-06-24 23:25:08,082 [INFO] PluginManager:220 - loadIPPluginJar : add cryp
2024-06-24 23:25:08,083 [INFO] IPUIPlugin:80 - create IPUIPlugin
2024-06-24 23:25:08,083 [INFO] PluginManager:220 - loadIPPluginJar : add comp
2024-06-24 23:25:08,086 [INFO] IPUIPlugin:80 - create IPUIPlugin
2024-06-24 23:25:08,086 [INFO] PluginManager:220 - loadIPPluginJar : add dfsdm
2024-06-24 23:25:08,087 [INFO] IPUIPlugin:80 - create IPUIPlugin
2024-06-24 23:25:08,088 [INFO] PluginManager:220 - loadIPPluginJar : add ts
2024-06-24 23:25:08,090 [INFO] IPUIPlugin:80 - create IPUIPlugin
2024-06-24 23:25:08,090 [INFO] PluginManager:220 - loadIPPluginJar : add i2s
2024-06-24 23:25:08,092 [INFO] IPUIPlugin:80 - create IPUIPlugin
2024-06-24 23:25:08,092 [INFO] PluginManager:220 - loadIPPluginJar : add can
2024-06-24 23:25:08,095 [INFO] IPUIPlugin:80 - create IPUIPlugin
2024-06-24 23:25:08,095 [INFO] PluginManager:220 - loadIPPluginJar : add i2c
2024-06-24 23:25:08,096 [INFO] IPUIPlugin:80 - create IPUIPlugin
2024-06-24 23:25:08,096 [INFO] PluginManager:220 - loadIPPluginJar : add genericplugin
2024-06-24 23:25:08,098 [INFO] IPUIPlugin:80 - create IPUIPlugin
2024-06-24 23:25:08,098 [INFO] PluginManager:220 - loadIPPluginJar : add spi
2024-06-24 23:25:08,101 [INFO] IPUIPlugin:80 - create IPUIPlugin
2024-06-24 23:25:08,101 [INFO] PluginManager:220 - loadIPPluginJar : add lorawan
2024-06-24 23:25:08,103 [INFO] IPUIPlugin:80 - create IPUIPlugin
2024-06-24 23:25:08,103 [INFO] PluginManager:220 - loadIPPluginJar : add aes
2024-06-24 23:25:08,105 [INFO] IPUIPlugin:80 - create IPUIPlugin
2024-06-24 23:25:08,107 [INFO] PluginManager:220 - loadIPPluginJar : add gfxmmu
2024-06-24 23:25:08,111 [INFO] IPUIPlugin:80 - create IPUIPlugin
2024-06-24 23:25:08,111 [INFO] PluginManager:220 - loadIPPluginJar : add nvic
2024-06-24 23:25:08,115 [INFO] IPUIPlugin:80 - create IPUIPlugin
2024-06-24 23:25:08,115 [INFO] PluginManager:220 - loadIPPluginJar : add sai
2024-06-24 23:25:08,117 [INFO] IPUIPlugin:80 - create IPUIPlugin
2024-06-24 23:25:08,118 [INFO] PluginManager:220 - loadIPPluginJar : add fatfs
2024-06-24 23:25:08,120 [INFO] IPUIPlugin:80 - create IPUIPlugin
2024-06-24 23:25:08,120 [INFO] PluginManager:220 - loadIPPluginJar : add ltdc
2024-06-24 23:25:08,128 [INFO] IPUIPlugin:80 - create IPUIPlugin
2024-06-24 23:25:08,128 [INFO] PluginManager:220 - loadIPPluginJar : add gic
2024-06-24 23:25:08,131 [INFO] IPUIPlugin:80 - create IPUIPlugin
2024-06-24 23:25:08,131 [INFO] PluginManager:220 - loadIPPluginJar : add hash
2024-06-24 23:25:08,132 [INFO] IPUIPlugin:80 - create IPUIPlugin
2024-06-24 23:25:08,133 [INFO] PluginManager:220 - loadIPPluginJar : add tracer_emb
2024-06-24 23:25:08,140 [INFO] IPUIPlugin:80 - create IPUIPlugin
2024-06-24 23:25:08,140 [INFO] PluginManager:220 - loadIPPluginJar : add linkedlist
2024-06-24 23:25:08,144 [INFO] IPUIPlugin:80 - create IPUIPlugin
2024-06-24 23:25:08,144 [INFO] PluginManager:220 - loadIPPluginJar : add fmc
2024-06-24 23:25:08,146 [INFO] IPUIPlugin:80 - create IPUIPlugin
2024-06-24 23:25:08,147 [INFO] PluginManager:220 - loadIPPluginJar : add openamp
2024-06-24 23:25:08,151 [INFO] IPUIPlugin:80 - create IPUIPlugin
2024-06-24 23:25:08,151 [INFO] PluginManager:220 - loadIPPluginJar : add touchsensing
2024-06-24 23:25:08,154 [INFO] IPUIPlugin:80 - create IPUIPlugin
2024-06-24 23:25:08,154 [INFO] PluginManager:220 - loadIPPluginJar : add pdm2pcm
2024-06-24 23:25:08,157 [INFO] IPUIPlugin:80 - create IPUIPlugin
2024-06-24 23:25:08,157 [INFO] PluginManager:220 - loadIPPluginJar : add gtzc
2024-06-24 23:25:08,164 [INFO] IPUIPlugin:80 - create IPUIPlugin
2024-06-24 23:25:08,164 [INFO] PluginManager:220 - loadIPPluginJar : add dma
2024-06-24 23:25:08,171 [INFO] IPUIPlugin:80 - create IPUIPlugin
2024-06-24 23:25:08,174 [INFO] PluginManager:220 - loadIPPluginJar : add plateformsettings
2024-06-24 23:25:08,179 [INFO] IPUIPlugin:80 - create IPUIPlugin
2024-06-24 23:25:08,180 [INFO] PluginManager:220 - loadIPPluginJar : add freertos
2024-06-24 23:25:08,184 [INFO] IPUIPlugin:80 - create IPUIPlugin
2024-06-24 23:25:08,184 [INFO] PluginManager:220 - loadIPPluginJar : add resmgrutility
2024-06-24 23:25:08,188 [INFO] IPUIPlugin:80 - create IPUIPlugin
2024-06-24 23:25:08,188 [INFO] PluginManager:220 - loadIPPluginJar : add usbx
2024-06-24 23:25:08,190 [INFO] IPUIPlugin:80 - create IPUIPlugin
2024-06-24 23:25:08,190 [INFO] PluginManager:220 - loadIPPluginJar : add tim
2024-06-24 23:25:08,314 [INFO] CADModel:165 - CPN selected for project level
2024-06-24 23:25:08,314 [INFO] CADModel:114 - Register for checkConnection events
2024-06-24 23:25:08,315 [FATAL] Updater:308 - Updater called before beeing initialized
2024-06-24 23:25:08,315 [ERROR] CADModel:125 - Updater not yet initialized, retry later 
2024-06-24 23:25:08,495 [INFO] CADModel:165 - CPN selected for project level
2024-06-24 23:25:08,495 [INFO] CADModel:114 - Register for checkConnection events
2024-06-24 23:25:08,496 [FATAL] Updater:308 - Updater called before beeing initialized
2024-06-24 23:25:08,496 [ERROR] CADModel:125 - Updater not yet initialized, retry later 
2024-06-24 23:25:08,500 [FATAL] Updater:308 - Updater called before beeing initialized
2024-06-24 23:25:08,634 [FATAL] Updater:308 - Updater called before beeing initialized
2024-06-24 23:25:08,643 [INFO] DbMcusAds:53 - JSON generation date=Thu May 16 14:52:00 IST 2024 (1715851320852)
2024-06-24 23:25:08,643 [FATAL] Updater:308 - Updater called before beeing initialized
2024-06-24 23:25:08,699 [WARN] DetailPanel:346 - Failed to get advertising image, set to default
2024-06-24 23:25:08,928 [FATAL] Updater:308 - Updater called before beeing initialized
2024-06-24 23:25:08,933 [FATAL] Updater:308 - Updater called before beeing initialized
2024-06-24 23:25:08,934 [FATAL] Updater:308 - Updater called before beeing initialized
2024-06-24 23:25:08,935 [WARN] DetailPanel:346 - Failed to get advertising image, set to default
2024-06-24 23:25:08,937 [FATAL] Updater:308 - Updater called before beeing initialized
2024-06-24 23:25:08,996 [ERROR] Updater:1120 - MainUpdater not yet initialized. External WinMGr cannot be set.
2024-06-24 23:25:08,998 [INFO] Updater:1056 - Updater Version found : 6.10.0
2024-06-24 23:25:09,025 [INFO] ApplicationProperties:184 - Using Application install path: /opt/st/stm32cubeide_1.14.0/plugins/com.st.stm32cube.common.mx_6.10.0.202311202037
2024-06-24 23:25:09,384 [INFO] MainUpdater:2873 - connection check result : 22
2024-06-24 23:25:09,385 [INFO] MainUpdater:290 - Updater Check For Update Now.
2024-06-24 23:25:09,386 [INFO] MicroXplorer:498 - Change Database Version : DB.6.0.100
2024-06-24 23:25:09,392 [INFO] McuFinderGlobals:63 - Set McuFinder mode to 2 (CubeIDE integrated)
2024-06-24 23:25:09,467 [INFO] UserAuth:404 - Internet connection configuration mode: 2
2024-06-24 23:25:09,661 [INFO] CheckServerUpdateThread:120 - End of CheckServer Thread
2024-06-24 23:25:10,638 [WARN] PackLoader:240 - Cannot read IP mode file for STMicroelectronics.X-CUBE-SMBUS.2.1.0
2024-06-24 23:25:10,650 [WARN] PackLoader:240 - Cannot read IP mode file for STMicroelectronics.X-CUBE-TOUCHGFX.4.23.1
2024-06-24 23:25:10,657 [WARN] PackLoader:240 - Cannot read IP mode file for STMicroelectronics.X-CUBE-TOUCHGFX.4.23.2
2024-06-24 23:25:10,716 [WARN] PackLoader:240 - Cannot read IP mode file for STMicroelectronics.X-CUBE-AZRTOS-F7.1.1.0
2024-06-24 23:25:10,743 [WARN] PackLoader:240 - Cannot read IP mode file for STMicroelectronics.FP-SNS-FLIGHT1.5.0.2
2024-06-24 23:25:10,770 [WARN] PackLoader:240 - Cannot read IP mode file for STMicroelectronics.X-CUBE-DISPLAY.3.0.0
2024-06-24 23:25:10,812 [WARN] PackLoader:240 - Cannot read IP mode file for STMicroelectronics.X-CUBE-BLE1.7.0.0
2024-06-24 23:25:10,826 [WARN] PackLoader:240 - Cannot read IP mode file for STMicroelectronics.FP-SNS-SMARTAG2.1.2.0
2024-06-24 23:25:10,860 [INFO] LogOutputStream:77 - [STDOUT_REDIRECT] 1 : Invalid condition id : UX_CORESTACK_Condition cause : null
2024-06-24 23:25:10,863 [INFO] LogOutputStream:77 - [STDOUT_REDIRECT] 1 : Invalid condition id : UX_CORESTACK_Condition cause : null
2024-06-24 23:25:10,864 [INFO] LogOutputStream:77 - [STDOUT_REDIRECT] 1 : Invalid condition id : UX_CORESTACK_Condition cause : null
2024-06-24 23:25:10,865 [INFO] LogOutputStream:77 - [STDOUT_REDIRECT] 1 : Invalid condition id : UX_CORESTACK_Condition cause : null
2024-06-24 23:25:10,867 [INFO] LogOutputStream:77 - [STDOUT_REDIRECT] 1 : Invalid condition id : UX_CORESTACK_Condition cause : null
2024-06-24 23:25:10,881 [WARN] PackLoader:240 - Cannot read IP mode file for STMicroelectronics.X-CUBE-AZRTOS-WL.2.0.0
2024-06-24 23:25:10,899 [WARN] PackLoader:240 - Cannot read IP mode file for wolfSSL.I-CUBE-wolfMQTT.1.19.0
2024-06-24 23:25:10,919 [WARN] PackLoader:240 - Cannot read IP mode file for WES.I-CUBE-Cesium.1.3.0
2024-06-24 23:25:10,933 [WARN] PackLoader:240 - Cannot read IP mode file for STMicroelectronics.X-CUBE-BLE2.3.3.0
2024-06-24 23:25:10,953 [WARN] PackLoader:240 - Cannot read IP mode file for STMicroelectronics.X-CUBE-ALGOBUILD.1.3.0
2024-06-24 23:25:10,993 [WARN] PackLoader:240 - Cannot read IP mode file for STMicroelectronics.X-CUBE-AZRTOS-G0.1.1.0
2024-06-24 23:25:11,014 [WARN] PackLoader:240 - Cannot read IP mode file for STMicroelectronics.X-CUBE-NFC4.3.0.0
2024-06-24 23:25:11,027 [WARN] PackLoader:240 - Cannot read IP mode file for STMicroelectronics.FP-ATR-SIGFOX1.3.2.0
2024-06-24 23:25:11,038 [WARN] PackLoader:240 - Cannot read IP mode file for ITTIA_DB.I-CUBE-ITTIADB.8.9.0
2024-06-24 23:25:11,109 [WARN] PackLoader:240 - Cannot read IP mode file for SEGGER.I-CUBE-embOS.1.3.1
2024-06-24 23:25:11,284 [WARN] PackLoader:240 - Cannot read IP mode file for STMicroelectronics.X-CUBE-ALGOBUILD.1.4.0
2024-06-24 23:25:11,299 [WARN] PackLoader:240 - Cannot read IP mode file for STMicroelectronics.X-CUBE-GNSS1.6.0.0
2024-06-24 23:25:11,328 [WARN] PackLoader:240 - Cannot read IP mode file for STMicroelectronics.X-CUBE-AZRTOS-F4.1.1.0
2024-06-24 23:25:11,356 [WARN] PackLoader:240 - Cannot read IP mode file for STMicroelectronics.X-CUBE-AZRTOS-L5.2.0.0
2024-06-24 23:25:11,370 [WARN] PackLoader:240 - Cannot read IP mode file for STMicroelectronics.X-CUBE-NFC7.1.0.1
2024-06-24 23:25:11,377 [WARN] PackLoader:240 - Cannot read IP mode file for STMicroelectronics.X-CUBE-AI.8.1.0
2024-06-24 23:25:11,405 [WARN] ConditionMgr:438 - getConditionDescription Invalid condition id : LAN8742 Phy interface Condition cause : null
2024-06-24 23:25:11,407 [WARN] PackLoader:240 - Cannot read IP mode file for STMicroelectronics.X-CUBE-AZRTOS-L4.2.0.0
2024-06-24 23:25:11,409 [WARN] ConditionMgr:1039 - genDependencies : Invalid condition id : LAN8742 Phy interface Condition cause : null
2024-06-24 23:25:11,410 [WARN] ConditionMgr:1039 - genDependencies : Invalid condition id : LAN8742 Phy interface Condition cause : null
2024-06-24 23:25:11,411 [WARN] ConditionMgr:1039 - genDependencies : Invalid condition id : LAN8742 Phy interface Condition cause : null
2024-06-24 23:25:11,425 [WARN] PackLoader:240 - Cannot read IP mode file for STMicroelectronics.X-CUBE-SFXS2LP1.4.0.0
2024-06-24 23:25:11,447 [WARN] ConditionMgr:438 - getConditionDescription Invalid condition id : UX DEVICE CLASS RTOS Condition cause : null
2024-06-24 23:25:11,448 [WARN] ConditionMgr:438 - getConditionDescription Invalid condition id : UX DEVICE CLASS RTOS Condition cause : null
2024-06-24 23:25:11,451 [WARN] PackLoader:240 - Cannot read IP mode file for STMicroelectronics.X-CUBE-AZRTOS-WB.2.0.0
2024-06-24 23:25:11,453 [WARN] ConditionMgr:1039 - genDependencies : Invalid condition id : UX DEVICE CLASS RTOS Condition cause : null
2024-06-24 23:25:11,453 [WARN] ConditionMgr:1039 - genDependencies : Invalid condition id : UX DEVICE CLASS RTOS Condition cause : null
2024-06-24 23:25:11,454 [WARN] ConditionMgr:1039 - genDependencies : Invalid condition id : UX DEVICE CLASS RTOS Condition cause : null
2024-06-24 23:25:11,454 [WARN] ConditionMgr:1039 - genDependencies : Invalid condition id : UX DEVICE CLASS RTOS Condition cause : null
2024-06-24 23:25:11,454 [WARN] ConditionMgr:1039 - genDependencies : Invalid condition id : UX DEVICE CLASS RTOS Condition cause : null
2024-06-24 23:25:11,473 [WARN] PackLoader:240 - Cannot read IP mode file for STMicroelectronics.X-CUBE-SUBG2.5.0.0
2024-06-24 23:25:11,489 [WARN] PackLoader:240 - Cannot read IP mode file for Cesanta.I-CUBE-Mongoose.7.13.0
2024-06-24 23:25:11,512 [WARN] PackLoader:240 - Cannot read IP mode file for STMicroelectronics.X-CUBE-AZRTOS-G4.2.0.0
2024-06-24 23:25:11,522 [WARN] PackLoader:240 - Cannot read IP mode file for STMicroelectronics.X-CUBE-ALS.1.0.2
2024-06-24 23:25:11,609 [WARN] PackLoader:240 - Cannot read IP mode file for STMicroelectronics.X-CUBE-MEMS1.10.0.0
2024-06-24 23:25:12,092 [WARN] PackLoader:240 - Cannot read IP mode file for STMicroelectronics.X-CUBE-FREERTOS.1.1.0
2024-06-24 23:25:12,099 [WARN] PackLoader:240 - Cannot read IP mode file for STMicroelectronics.X-CUBE-TOUCHGFX.4.24.0
2024-06-24 23:25:12,108 [WARN] PackLoader:240 - Cannot read IP mode file for portGmbH.I-Cube-SoM-uGOAL.1.1.0
2024-06-24 23:25:12,118 [WARN] PackLoader:240 - Cannot read IP mode file for STMicroelectronics.X-CUBE-ALS.1.0.1
2024-06-24 23:25:12,161 [WARN] PackLoader:240 - Cannot read IP mode file for STMicroelectronics.X-CUBE-AZRTOS-H7RS.1.0.0
2024-06-24 23:25:12,178 [WARN] PackLoader:240 - Cannot read IP mode file for STMicroelectronics.FP-ATR-ASTRA1.2.0.0
2024-06-24 23:25:12,207 [WARN] PackLoader:240 - Cannot read IP mode file for Infineon.AIROC-Wi-Fi-Bluetooth-STM32.1.6.0
2024-06-24 23:25:12,220 [INFO] ThirdParty:978 - Integrity check success = true
2024-06-24 23:25:12,220 [INFO] IntegrityCheckThread:100 - exiting critical section [integrity check]
2024-06-24 23:25:12,221 [INFO] IntegrityCheckThread:103 - End integrity checks thread
2024-06-24 23:25:16,956 [ERROR] ConfigurationRetriever:142 - IOException on connection: sw-center.st.com
2024-06-24 23:25:16,957 [ERROR] ConfigurationRetriever:142 - IOException on connection: sw-center.st.com
2024-06-24 23:25:16,957 [ERROR] ConfigurationRetriever:142 - IOException on connection: sw-center.st.com
2024-06-24 23:25:29,991 [ERROR] LogOutputStream:75 - [STDERR_REDIRECT] SLF4J: Failed to load class "org.slf4j.impl.StaticLoggerBinder".
2024-06-24 23:25:29,992 [ERROR] LogOutputStream:75 - [STDERR_REDIRECT] SLF4J: Defaulting to no-operation (NOP) logger implementation
2024-06-24 23:25:29,993 [ERROR] LogOutputStream:75 - [STDERR_REDIRECT] SLF4J: See http://www.slf4j.org/codes.html#StaticLoggerBinder for further details.
2024-06-24 23:29:40,178 [ERROR] LogOutputStream:75 - [STDERR_REDIRECT] SWT SessionManagerDBus: Failed to UnregisterClient: GDBus.Error:org.freedesktop.DBus.Error.NoReply: Message recipient disconnected from message bus without replying
