[0.484s] Invoking command in '/home/abhay/microros_ws/src/ros2/common_interfaces/sensor_msgs_py': AMENT_PREFIX_PATH=/home/abhay/microros_ws/install/sensor_msgs:/home/abhay/microros_ws/install/geometry_msgs:/home/abhay/microros_ws/install/std_msgs:/home/abhay/microros_ws/install/builtin_interfaces:${AMENT_PREFIX_PATH} CMAKE_PREFIX_PATH=/home/abhay/microros_ws/install/sensor_msgs:/home/abhay/microros_ws/install/geometry_msgs:/home/abhay/microros_ws/install/std_msgs:/home/abhay/microros_ws/install/builtin_interfaces:${CMAKE_PREFIX_PATH} LD_LIBRARY_PATH=/home/abhay/microros_ws/install/sensor_msgs/lib:/home/abhay/microros_ws/install/geometry_msgs/lib:/home/abhay/microros_ws/install/std_msgs/lib:/home/abhay/microros_ws/install/builtin_interfaces/lib:${LD_LIBRARY_PATH} PYTHONPATH=/home/abhay/microros_ws/build/sensor_msgs_py/prefix_override:/home/abhay/microros_ws/install/sensor_msgs_py/lib/python3.10/site-packages:/home/abhay/microros_ws/install/sensor_msgs/local/lib/python3.10/dist-packages:/home/abhay/microros_ws/install/geometry_msgs/local/lib/python3.10/dist-packages:/home/abhay/microros_ws/install/std_msgs/local/lib/python3.10/dist-packages:/home/abhay/microros_ws/install/builtin_interfaces/local/lib/python3.10/dist-packages:${PYTHONPATH} /usr/bin/python3 -W ignore:setup.py install is deprecated setup.py egg_info --egg-base ../../../../build/sensor_msgs_py build --build-base /home/abhay/microros_ws/build/sensor_msgs_py/build install --record /home/abhay/microros_ws/build/sensor_msgs_py/install.log --single-version-externally-managed install_data
[0.654s] running egg_info
[0.654s] creating ../../../../build/sensor_msgs_py/sensor_msgs_py.egg-info
[0.654s] writing ../../../../build/sensor_msgs_py/sensor_msgs_py.egg-info/PKG-INFO
[0.654s] writing dependency_links to ../../../../build/sensor_msgs_py/sensor_msgs_py.egg-info/dependency_links.txt
[0.654s] writing requirements to ../../../../build/sensor_msgs_py/sensor_msgs_py.egg-info/requires.txt
[0.654s] writing top-level names to ../../../../build/sensor_msgs_py/sensor_msgs_py.egg-info/top_level.txt
[0.654s] writing manifest file '../../../../build/sensor_msgs_py/sensor_msgs_py.egg-info/SOURCES.txt'
[0.655s] reading manifest file '../../../../build/sensor_msgs_py/sensor_msgs_py.egg-info/SOURCES.txt'
[0.656s] adding license file 'LICENSE'
[0.656s] writing manifest file '../../../../build/sensor_msgs_py/sensor_msgs_py.egg-info/SOURCES.txt'
[0.656s] running build
[0.656s] running build_py
[0.656s] creating /home/abhay/microros_ws/build/sensor_msgs_py/build
[0.656s] creating /home/abhay/microros_ws/build/sensor_msgs_py/build/lib
[0.656s] creating /home/abhay/microros_ws/build/sensor_msgs_py/build/lib/sensor_msgs_py
[0.656s] copying sensor_msgs_py/point_cloud2.py -> /home/abhay/microros_ws/build/sensor_msgs_py/build/lib/sensor_msgs_py
[0.656s] copying sensor_msgs_py/numpy_compat.py -> /home/abhay/microros_ws/build/sensor_msgs_py/build/lib/sensor_msgs_py
[0.656s] copying sensor_msgs_py/__init__.py -> /home/abhay/microros_ws/build/sensor_msgs_py/build/lib/sensor_msgs_py
[0.657s] running install
[0.657s] running install_lib
[0.657s] creating /home/abhay/microros_ws/install/sensor_msgs_py/lib/python3.10/site-packages/sensor_msgs_py
[0.657s] copying /home/abhay/microros_ws/build/sensor_msgs_py/build/lib/sensor_msgs_py/point_cloud2.py -> /home/abhay/microros_ws/install/sensor_msgs_py/lib/python3.10/site-packages/sensor_msgs_py
[0.657s] copying /home/abhay/microros_ws/build/sensor_msgs_py/build/lib/sensor_msgs_py/numpy_compat.py -> /home/abhay/microros_ws/install/sensor_msgs_py/lib/python3.10/site-packages/sensor_msgs_py
[0.657s] copying /home/abhay/microros_ws/build/sensor_msgs_py/build/lib/sensor_msgs_py/__init__.py -> /home/abhay/microros_ws/install/sensor_msgs_py/lib/python3.10/site-packages/sensor_msgs_py
[0.657s] byte-compiling /home/abhay/microros_ws/install/sensor_msgs_py/lib/python3.10/site-packages/sensor_msgs_py/point_cloud2.py to point_cloud2.cpython-310.pyc
[0.658s] byte-compiling /home/abhay/microros_ws/install/sensor_msgs_py/lib/python3.10/site-packages/sensor_msgs_py/numpy_compat.py to numpy_compat.cpython-310.pyc
[0.659s] byte-compiling /home/abhay/microros_ws/install/sensor_msgs_py/lib/python3.10/site-packages/sensor_msgs_py/__init__.py to __init__.cpython-310.pyc
[0.659s] running install_data
[0.660s] creating /home/abhay/microros_ws/install/sensor_msgs_py/share/ament_index
[0.660s] creating /home/abhay/microros_ws/install/sensor_msgs_py/share/ament_index/resource_index
[0.660s] creating /home/abhay/microros_ws/install/sensor_msgs_py/share/ament_index/resource_index/packages
[0.660s] copying resource/sensor_msgs_py -> /home/abhay/microros_ws/install/sensor_msgs_py/share/ament_index/resource_index/packages
[0.660s] copying package.xml -> /home/abhay/microros_ws/install/sensor_msgs_py/share/sensor_msgs_py
[0.660s] running install_egg_info
[0.661s] Copying ../../../../build/sensor_msgs_py/sensor_msgs_py.egg-info to /home/abhay/microros_ws/install/sensor_msgs_py/lib/python3.10/site-packages/sensor_msgs_py-4.2.3-py3.10.egg-info
[0.661s] running install_scripts
[0.676s] writing list of installed files to '/home/abhay/microros_ws/build/sensor_msgs_py/install.log'
[0.695s] Invoked command in '/home/abhay/microros_ws/src/ros2/common_interfaces/sensor_msgs_py' returned '0': AMENT_PREFIX_PATH=/home/abhay/microros_ws/install/sensor_msgs:/home/abhay/microros_ws/install/geometry_msgs:/home/abhay/microros_ws/install/std_msgs:/home/abhay/microros_ws/install/builtin_interfaces:${AMENT_PREFIX_PATH} CMAKE_PREFIX_PATH=/home/abhay/microros_ws/install/sensor_msgs:/home/abhay/microros_ws/install/geometry_msgs:/home/abhay/microros_ws/install/std_msgs:/home/abhay/microros_ws/install/builtin_interfaces:${CMAKE_PREFIX_PATH} LD_LIBRARY_PATH=/home/abhay/microros_ws/install/sensor_msgs/lib:/home/abhay/microros_ws/install/geometry_msgs/lib:/home/abhay/microros_ws/install/std_msgs/lib:/home/abhay/microros_ws/install/builtin_interfaces/lib:${LD_LIBRARY_PATH} PYTHONPATH=/home/abhay/microros_ws/build/sensor_msgs_py/prefix_override:/home/abhay/microros_ws/install/sensor_msgs_py/lib/python3.10/site-packages:/home/abhay/microros_ws/install/sensor_msgs/local/lib/python3.10/dist-packages:/home/abhay/microros_ws/install/geometry_msgs/local/lib/python3.10/dist-packages:/home/abhay/microros_ws/install/std_msgs/local/lib/python3.10/dist-packages:/home/abhay/microros_ws/install/builtin_interfaces/local/lib/python3.10/dist-packages:${PYTHONPATH} /usr/bin/python3 -W ignore:setup.py install is deprecated setup.py egg_info --egg-base ../../../../build/sensor_msgs_py build --build-base /home/abhay/microros_ws/build/sensor_msgs_py/build install --record /home/abhay/microros_ws/build/sensor_msgs_py/install.log --single-version-externally-managed install_data
