[0.132s] Invoking command in '/home/abhay/microros_ws/build/rosgraph_msgs': AMENT_PREFIX_PATH=/home/abhay/microros_ws/install/builtin_interfaces:${AMENT_PREFIX_PATH} CMAKE_PREFIX_PATH=/home/abhay/microros_ws/install/builtin_interfaces:/home/abhay/microros_ws/install/rosidl_typesupport_microxrcedds_cpp:/home/abhay/microros_ws/install/rosidl_typesupport_microxrcedds_c:/home/abhay/microros_ws/install/microcdr:/home/abhay/microros_ws/install/micro_ros_setup:/home/abhay/ros2_ws/install/py_srvcli:/home/abhay/ros2_ws/install/my_robot_controller:/opt/ros/humble LD_LIBRARY_PATH=/home/abhay/microros_ws/install/builtin_interfaces/lib:${LD_LIBRARY_PATH} PYTHONPATH=/home/abhay/microros_ws/install/builtin_interfaces/local/lib/python3.10/dist-packages:${PYTHONPATH} /usr/bin/cmake /home/abhay/microros_ws/src/ros2/rcl_interfaces/rosgraph_msgs -DBUILD_TESTING=OFF -DBUILD_SHARED_LIBS=ON -DCMAKE_INSTALL_PREFIX=/home/abhay/microros_ws/install/rosgraph_msgs
[0.271s] -- The C compiler identification is GNU 11.4.0
[0.460s] -- The CXX compiler identification is GNU 11.4.0
[0.472s] -- Detecting C compiler ABI info
[0.578s] -- Detecting C compiler ABI info - done
[0.590s] -- Check for working C compiler: /usr/bin/cc - skipped
[0.591s] -- Detecting C compile features
[0.592s] -- Detecting C compile features - done
[0.596s] -- Detecting CXX compiler ABI info
[0.726s] -- Detecting CXX compiler ABI info - done
[0.726s] -- Check for working CXX compiler: /usr/bin/c++ - skipped
[0.727s] -- Detecting CXX compile features
[0.728s] -- Detecting CXX compile features - done
[0.731s] -- Found ament_cmake: 1.3.8 (/opt/ros/humble/share/ament_cmake/cmake)
[0.926s] -- Found Python3: /usr/bin/python3 (found version "3.10.12") found components: Interpreter 
[1.042s] -- Found builtin_interfaces: 1.2.1 (/home/abhay/microros_ws/install/builtin_interfaces/share/builtin_interfaces/cmake)
[1.073s] -- Found rosidl_generator_c: 3.1.5 (/opt/ros/humble/share/rosidl_generator_c/cmake)
[1.077s] -- Found rosidl_adapter: 3.1.5 (/opt/ros/humble/share/rosidl_adapter/cmake)
[1.084s] -- Found rosidl_generator_cpp: 3.1.5 (/opt/ros/humble/share/rosidl_generator_cpp/cmake)
[1.096s] -- Using all available rosidl_typesupport_c: rosidl_typesupport_microxrcedds_c;rosidl_typesupport_fastrtps_c;rosidl_typesupport_introspection_c
[1.117s] -- Using all available rosidl_typesupport_cpp: rosidl_typesupport_microxrcedds_cpp;rosidl_typesupport_fastrtps_cpp;rosidl_typesupport_introspection_cpp
[1.135s] -- Found rosidl_default_generators: 1.2.0 (/opt/ros/humble/share/rosidl_default_generators/cmake)
[1.476s] -- Found ament_cmake_ros: 0.10.0 (/opt/ros/humble/share/ament_cmake_ros/cmake)
[1.943s] -- Using all available rosidl_typesupport_c: rosidl_typesupport_microxrcedds_c;rosidl_typesupport_fastrtps_c;rosidl_typesupport_introspection_c
[2.148s] -- Using all available rosidl_typesupport_cpp: rosidl_typesupport_microxrcedds_cpp;rosidl_typesupport_fastrtps_cpp;rosidl_typesupport_introspection_cpp
[2.175s] -- Found PythonInterp: /usr/bin/python3 (found suitable version "3.10.12", minimum required is "3.6") 
[2.177s] -- Found python_cmake_module: 0.10.0 (/opt/ros/humble/share/python_cmake_module/cmake)
[2.210s] -- Found PythonLibs: /usr/lib/x86_64-linux-gnu/libpython3.10.so (found suitable version "3.10.12", minimum required is "3.5") 
[2.210s] -- Using PYTHON_EXECUTABLE: /usr/bin/python3
[2.210s] -- Using PYTHON_INCLUDE_DIRS: /usr/include/python3.10
[2.211s] -- Using PYTHON_LIBRARIES: /usr/lib/x86_64-linux-gnu/libpython3.10.so
[2.231s] -- Found PythonExtra: .so  
[2.266s] -- Configuring done
[2.306s] -- Generating done
[2.310s] -- Build files have been written to: /home/abhay/microros_ws/build/rosgraph_msgs
[2.318s] Invoked command in '/home/abhay/microros_ws/build/rosgraph_msgs' returned '0': AMENT_PREFIX_PATH=/home/abhay/microros_ws/install/builtin_interfaces:${AMENT_PREFIX_PATH} CMAKE_PREFIX_PATH=/home/abhay/microros_ws/install/builtin_interfaces:/home/abhay/microros_ws/install/rosidl_typesupport_microxrcedds_cpp:/home/abhay/microros_ws/install/rosidl_typesupport_microxrcedds_c:/home/abhay/microros_ws/install/microcdr:/home/abhay/microros_ws/install/micro_ros_setup:/home/abhay/ros2_ws/install/py_srvcli:/home/abhay/ros2_ws/install/my_robot_controller:/opt/ros/humble LD_LIBRARY_PATH=/home/abhay/microros_ws/install/builtin_interfaces/lib:${LD_LIBRARY_PATH} PYTHONPATH=/home/abhay/microros_ws/install/builtin_interfaces/local/lib/python3.10/dist-packages:${PYTHONPATH} /usr/bin/cmake /home/abhay/microros_ws/src/ros2/rcl_interfaces/rosgraph_msgs -DBUILD_TESTING=OFF -DBUILD_SHARED_LIBS=ON -DCMAKE_INSTALL_PREFIX=/home/abhay/microros_ws/install/rosgraph_msgs
[2.319s] Invoking command in '/home/abhay/microros_ws/build/rosgraph_msgs': AMENT_PREFIX_PATH=/home/abhay/microros_ws/install/builtin_interfaces:${AMENT_PREFIX_PATH} CMAKE_PREFIX_PATH=/home/abhay/microros_ws/install/builtin_interfaces:/home/abhay/microros_ws/install/rosidl_typesupport_microxrcedds_cpp:/home/abhay/microros_ws/install/rosidl_typesupport_microxrcedds_c:/home/abhay/microros_ws/install/microcdr:/home/abhay/microros_ws/install/micro_ros_setup:/home/abhay/ros2_ws/install/py_srvcli:/home/abhay/ros2_ws/install/my_robot_controller:/opt/ros/humble LD_LIBRARY_PATH=/home/abhay/microros_ws/install/builtin_interfaces/lib:${LD_LIBRARY_PATH} PYTHONPATH=/home/abhay/microros_ws/install/builtin_interfaces/local/lib/python3.10/dist-packages:${PYTHONPATH} /usr/bin/cmake --build /home/abhay/microros_ws/build/rosgraph_msgs -- -j16 -l16
[2.362s] [  2%] [34m[1mGenerating C code for ROS interfaces[0m
[2.378s] [  5%] [34m[1mGenerating C++ code for ROS interfaces[0m
[2.384s] [  5%] Built target ament_cmake_python_copy_rosgraph_msgs
[2.742s] running egg_info
[2.743s] creating rosgraph_msgs.egg-info
[2.743s] writing rosgraph_msgs.egg-info/PKG-INFO
[2.743s] writing dependency_links to rosgraph_msgs.egg-info/dependency_links.txt
[2.744s] writing top-level names to rosgraph_msgs.egg-info/top_level.txt
[2.744s] writing manifest file 'rosgraph_msgs.egg-info/SOURCES.txt'
[2.747s] reading manifest file 'rosgraph_msgs.egg-info/SOURCES.txt'
[2.748s] writing manifest file 'rosgraph_msgs.egg-info/SOURCES.txt'
[2.786s] [  5%] Built target rosgraph_msgs__cpp
[2.790s] [  5%] Built target ament_cmake_python_build_rosgraph_msgs_egg
[2.832s] [  7%] [34m[1mGenerating C++ type support dispatch for ROS interfaces[0m
[2.833s] [ 10%] [34m[1mGenerating C++ type support for eProsima Fast-RTPS[0m
[2.854s] [ 12%] [32mBuilding C object CMakeFiles/rosgraph_msgs__rosidl_generator_c.dir/rosidl_generator_c/rosgraph_msgs/msg/detail/clock__functions.c.o[0m
[2.884s] [ 15%] [34m[1mGenerating C++ type support for eProsima Micro XRCE-DDS[0m
[2.890s] [ 17%] [34m[1mGenerating C++ introspection for ROS interfaces[0m
[3.050s] [ 20%] [32m[1mLinking C shared library librosgraph_msgs__rosidl_generator_c.so[0m
[3.136s] [ 20%] Built target rosgraph_msgs__rosidl_generator_c
[3.184s] [ 23%] [34m[1mGenerating C type support for eProsima Fast-RTPS[0m
[3.215s] [ 25%] [34m[1mGenerating C introspection for ROS interfaces[0m
[3.225s] [ 28%] [34m[1mGenerating C type support for eProsima Micro XRCE-DDS[0m
[3.227s] [ 30%] [34m[1mGenerating C type support dispatch for ROS interfaces[0m
[3.335s] [ 33%] [32mBuilding CXX object CMakeFiles/rosgraph_msgs__rosidl_typesupport_cpp.dir/rosidl_typesupport_cpp/rosgraph_msgs/msg/clock__type_support.cpp.o[0m
[3.369s] [ 35%] [32mBuilding CXX object CMakeFiles/rosgraph_msgs__rosidl_typesupport_introspection_cpp.dir/rosidl_typesupport_introspection_cpp/rosgraph_msgs/msg/detail/clock__type_support.cpp.o[0m
[3.381s] [ 38%] [32mBuilding CXX object CMakeFiles/rosgraph_msgs__rosidl_typesupport_fastrtps_cpp.dir/rosidl_typesupport_fastrtps_cpp/rosgraph_msgs/msg/detail/dds_fastrtps/clock__type_support.cpp.o[0m
[3.495s] [ 41%] [32mBuilding CXX object CMakeFiles/rosgraph_msgs__rosidl_typesupport_microxrcedds_cpp.dir/rosidl_typesupport_microxrcedds_cpp/rosgraph_msgs/msg/detail/microxrcedds/clock__type_support_cpp.cpp.o[0m
[3.749s] [ 43%] [32mBuilding C object CMakeFiles/rosgraph_msgs__rosidl_typesupport_introspection_c.dir/rosidl_typesupport_introspection_c/rosgraph_msgs/msg/detail/clock__type_support.c.o[0m
[3.808s] [ 46%] [32mBuilding CXX object CMakeFiles/rosgraph_msgs__rosidl_typesupport_fastrtps_c.dir/rosidl_typesupport_fastrtps_c/rosgraph_msgs/msg/detail/clock__type_support_c.cpp.o[0m
[3.881s] [ 48%] [32m[1mLinking C shared library librosgraph_msgs__rosidl_typesupport_introspection_c.so[0m
[3.949s] [ 51%] [32mBuilding CXX object CMakeFiles/rosgraph_msgs__rosidl_typesupport_c.dir/rosidl_typesupport_c/rosgraph_msgs/msg/clock__type_support.cpp.o[0m
[4.026s] [ 53%] [32mBuilding C object CMakeFiles/rosgraph_msgs__rosidl_typesupport_microxrcedds_c.dir/rosidl_typesupport_microxrcedds_c/rosgraph_msgs/msg/detail/microxrcedds/clock__type_support_c.c.o[0m
[4.043s] [ 53%] Built target rosgraph_msgs__rosidl_typesupport_introspection_c
[4.064s] [ 56%] [32m[1mLinking CXX shared library librosgraph_msgs__rosidl_typesupport_c.so[0m
[4.130s] [ 58%] [32m[1mLinking CXX shared library librosgraph_msgs__rosidl_typesupport_introspection_cpp.so[0m
[4.255s] [ 58%] Built target rosgraph_msgs__rosidl_typesupport_c
[4.271s] [ 61%] [32m[1mLinking CXX shared library librosgraph_msgs__rosidl_typesupport_cpp.so[0m
[4.272s] [ 64%] [32m[1mLinking C shared library librosgraph_msgs__rosidl_typesupport_microxrcedds_c.so[0m
[4.321s] [ 66%] [32m[1mLinking CXX shared library librosgraph_msgs__rosidl_typesupport_fastrtps_cpp.so[0m
[4.437s] [ 69%] [32m[1mLinking CXX shared library librosgraph_msgs__rosidl_typesupport_microxrcedds_cpp.so[0m
[4.442s] [ 69%] Built target rosgraph_msgs__rosidl_typesupport_microxrcedds_c
[4.466s] [ 69%] Built target rosgraph_msgs__rosidl_typesupport_introspection_cpp
[4.507s] [ 69%] Built target rosgraph_msgs__rosidl_typesupport_cpp
[4.577s] [ 69%] Built target rosgraph_msgs__rosidl_typesupport_microxrcedds_cpp
[4.577s] [ 69%] Built target rosgraph_msgs__rosidl_typesupport_fastrtps_cpp
[4.992s] [ 71%] [32m[1mLinking CXX shared library librosgraph_msgs__rosidl_typesupport_fastrtps_c.so[0m
[5.353s] [ 71%] Built target rosgraph_msgs__rosidl_typesupport_fastrtps_c
[5.480s] [ 71%] Built target rosgraph_msgs
[5.647s] [ 74%] [34m[1mGenerating Python code for ROS interfaces[0m
[7.075s] [ 74%] Built target rosgraph_msgs__py
[7.129s] [ 76%] [32mBuilding C object CMakeFiles/rosgraph_msgs__rosidl_generator_py.dir/rosidl_generator_py/rosgraph_msgs/msg/_clock_s.c.o[0m
[7.301s] [ 79%] [32m[1mLinking C shared library rosidl_generator_py/rosgraph_msgs/librosgraph_msgs__rosidl_generator_py.so[0m
[7.408s] [ 79%] Built target rosgraph_msgs__rosidl_generator_py
[7.443s] [ 82%] [32mBuilding C object CMakeFiles/rosgraph_msgs__rosidl_typesupport_introspection_c__pyext.dir/rosidl_generator_py/rosgraph_msgs/_rosgraph_msgs_s.ep.rosidl_typesupport_introspection_c.c.o[0m
[7.447s] [ 84%] [32mBuilding C object CMakeFiles/rosgraph_msgs__rosidl_typesupport_fastrtps_c__pyext.dir/rosidl_generator_py/rosgraph_msgs/_rosgraph_msgs_s.ep.rosidl_typesupport_fastrtps_c.c.o[0m
[7.449s] [ 87%] [32mBuilding C object CMakeFiles/rosgraph_msgs__rosidl_typesupport_c__pyext.dir/rosidl_generator_py/rosgraph_msgs/_rosgraph_msgs_s.ep.rosidl_typesupport_c.c.o[0m
[7.464s] [ 89%] [32mBuilding C object CMakeFiles/rosgraph_msgs__rosidl_typesupport_microxrcedds_c__pyext.dir/rosidl_generator_py/rosgraph_msgs/_rosgraph_msgs_s.ep.rosidl_typesupport_microxrcedds_c.c.o[0m
[7.583s] [ 92%] [32m[1mLinking C shared library rosidl_generator_py/rosgraph_msgs/rosgraph_msgs_s__rosidl_typesupport_fastrtps_c.cpython-310-x86_64-linux-gnu.so[0m
[7.641s] [ 94%] [32m[1mLinking C shared library rosidl_generator_py/rosgraph_msgs/rosgraph_msgs_s__rosidl_typesupport_introspection_c.cpython-310-x86_64-linux-gnu.so[0m
[7.658s] [ 97%] [32m[1mLinking C shared library rosidl_generator_py/rosgraph_msgs/rosgraph_msgs_s__rosidl_typesupport_microxrcedds_c.cpython-310-x86_64-linux-gnu.so[0m
[7.660s] [100%] [32m[1mLinking C shared library rosidl_generator_py/rosgraph_msgs/rosgraph_msgs_s__rosidl_typesupport_c.cpython-310-x86_64-linux-gnu.so[0m
[7.665s] [100%] Built target rosgraph_msgs__rosidl_typesupport_fastrtps_c__pyext
[7.668s] [100%] Built target rosgraph_msgs__rosidl_typesupport_introspection_c__pyext
[7.683s] [100%] Built target rosgraph_msgs__rosidl_typesupport_microxrcedds_c__pyext
[7.709s] [100%] Built target rosgraph_msgs__rosidl_typesupport_c__pyext
[7.727s] Invoked command in '/home/abhay/microros_ws/build/rosgraph_msgs' returned '0': AMENT_PREFIX_PATH=/home/abhay/microros_ws/install/builtin_interfaces:${AMENT_PREFIX_PATH} CMAKE_PREFIX_PATH=/home/abhay/microros_ws/install/builtin_interfaces:/home/abhay/microros_ws/install/rosidl_typesupport_microxrcedds_cpp:/home/abhay/microros_ws/install/rosidl_typesupport_microxrcedds_c:/home/abhay/microros_ws/install/microcdr:/home/abhay/microros_ws/install/micro_ros_setup:/home/abhay/ros2_ws/install/py_srvcli:/home/abhay/ros2_ws/install/my_robot_controller:/opt/ros/humble LD_LIBRARY_PATH=/home/abhay/microros_ws/install/builtin_interfaces/lib:${LD_LIBRARY_PATH} PYTHONPATH=/home/abhay/microros_ws/install/builtin_interfaces/local/lib/python3.10/dist-packages:${PYTHONPATH} /usr/bin/cmake --build /home/abhay/microros_ws/build/rosgraph_msgs -- -j16 -l16
[7.836s] Invoking command in '/home/abhay/microros_ws/build/rosgraph_msgs': AMENT_PREFIX_PATH=/home/abhay/microros_ws/install/builtin_interfaces:${AMENT_PREFIX_PATH} CMAKE_PREFIX_PATH=/home/abhay/microros_ws/install/builtin_interfaces:/home/abhay/microros_ws/install/rosidl_typesupport_microxrcedds_cpp:/home/abhay/microros_ws/install/rosidl_typesupport_microxrcedds_c:/home/abhay/microros_ws/install/microcdr:/home/abhay/microros_ws/install/micro_ros_setup:/home/abhay/ros2_ws/install/py_srvcli:/home/abhay/ros2_ws/install/my_robot_controller:/opt/ros/humble LD_LIBRARY_PATH=/home/abhay/microros_ws/install/builtin_interfaces/lib:${LD_LIBRARY_PATH} PYTHONPATH=/home/abhay/microros_ws/install/builtin_interfaces/local/lib/python3.10/dist-packages:${PYTHONPATH} /usr/bin/cmake --install /home/abhay/microros_ws/build/rosgraph_msgs
[7.846s] -- Install configuration: ""
[7.847s] -- Installing: /home/abhay/microros_ws/install/rosgraph_msgs/share/ament_index/resource_index/rosidl_interfaces/rosgraph_msgs
[7.847s] -- Installing: /home/abhay/microros_ws/install/rosgraph_msgs/include/rosgraph_msgs/rosgraph_msgs
[7.847s] -- Installing: /home/abhay/microros_ws/install/rosgraph_msgs/include/rosgraph_msgs/rosgraph_msgs/msg
[7.848s] -- Installing: /home/abhay/microros_ws/install/rosgraph_msgs/include/rosgraph_msgs/rosgraph_msgs/msg/rosidl_generator_c__visibility_control.h
[7.848s] -- Installing: /home/abhay/microros_ws/install/rosgraph_msgs/include/rosgraph_msgs/rosgraph_msgs/msg/detail
[7.848s] -- Installing: /home/abhay/microros_ws/install/rosgraph_msgs/include/rosgraph_msgs/rosgraph_msgs/msg/detail/clock__struct.h
[7.848s] -- Installing: /home/abhay/microros_ws/install/rosgraph_msgs/include/rosgraph_msgs/rosgraph_msgs/msg/detail/clock__functions.h
[7.848s] -- Installing: /home/abhay/microros_ws/install/rosgraph_msgs/include/rosgraph_msgs/rosgraph_msgs/msg/detail/clock__functions.c
[7.848s] -- Installing: /home/abhay/microros_ws/install/rosgraph_msgs/include/rosgraph_msgs/rosgraph_msgs/msg/detail/clock__type_support.h
[7.848s] -- Installing: /home/abhay/microros_ws/install/rosgraph_msgs/include/rosgraph_msgs/rosgraph_msgs/msg/clock.h
[7.849s] -- Installing: /home/abhay/microros_ws/install/rosgraph_msgs/share/rosgraph_msgs/environment/library_path.sh
[7.849s] -- Installing: /home/abhay/microros_ws/install/rosgraph_msgs/share/rosgraph_msgs/environment/library_path.dsv
[7.849s] -- Installing: /home/abhay/microros_ws/install/rosgraph_msgs/lib/librosgraph_msgs__rosidl_generator_c.so
[7.849s] -- Set runtime path of "/home/abhay/microros_ws/install/rosgraph_msgs/lib/librosgraph_msgs__rosidl_generator_c.so" to ""
[7.849s] -- Up-to-date: /home/abhay/microros_ws/install/rosgraph_msgs/include/rosgraph_msgs/rosgraph_msgs
[7.849s] -- Up-to-date: /home/abhay/microros_ws/install/rosgraph_msgs/include/rosgraph_msgs/rosgraph_msgs/msg
[7.849s] -- Up-to-date: /home/abhay/microros_ws/install/rosgraph_msgs/include/rosgraph_msgs/rosgraph_msgs/msg/detail
[7.850s] -- Installing: /home/abhay/microros_ws/install/rosgraph_msgs/include/rosgraph_msgs/rosgraph_msgs/msg/detail/clock__rosidl_typesupport_fastrtps_c.h
[7.850s] -- Installing: /home/abhay/microros_ws/install/rosgraph_msgs/include/rosgraph_msgs/rosgraph_msgs/msg/rosidl_typesupport_fastrtps_c__visibility_control.h
[7.850s] -- Installing: /home/abhay/microros_ws/install/rosgraph_msgs/lib/librosgraph_msgs__rosidl_typesupport_fastrtps_c.so
[7.850s] -- Set runtime path of "/home/abhay/microros_ws/install/rosgraph_msgs/lib/librosgraph_msgs__rosidl_typesupport_fastrtps_c.so" to ""
[7.850s] -- Up-to-date: /home/abhay/microros_ws/install/rosgraph_msgs/include/rosgraph_msgs/rosgraph_msgs
[7.850s] -- Up-to-date: /home/abhay/microros_ws/install/rosgraph_msgs/include/rosgraph_msgs/rosgraph_msgs/msg
[7.850s] -- Installing: /home/abhay/microros_ws/install/rosgraph_msgs/include/rosgraph_msgs/rosgraph_msgs/msg/clock.hpp
[7.850s] -- Up-to-date: /home/abhay/microros_ws/install/rosgraph_msgs/include/rosgraph_msgs/rosgraph_msgs/msg/detail
[7.850s] -- Installing: /home/abhay/microros_ws/install/rosgraph_msgs/include/rosgraph_msgs/rosgraph_msgs/msg/detail/clock__builder.hpp
[7.851s] -- Installing: /home/abhay/microros_ws/install/rosgraph_msgs/include/rosgraph_msgs/rosgraph_msgs/msg/detail/clock__struct.hpp
[7.851s] -- Installing: /home/abhay/microros_ws/install/rosgraph_msgs/include/rosgraph_msgs/rosgraph_msgs/msg/detail/clock__traits.hpp
[7.851s] -- Up-to-date: /home/abhay/microros_ws/install/rosgraph_msgs/include/rosgraph_msgs/rosgraph_msgs
[7.851s] -- Up-to-date: /home/abhay/microros_ws/install/rosgraph_msgs/include/rosgraph_msgs/rosgraph_msgs/msg
[7.851s] -- Up-to-date: /home/abhay/microros_ws/install/rosgraph_msgs/include/rosgraph_msgs/rosgraph_msgs/msg/detail
[7.851s] -- Installing: /home/abhay/microros_ws/install/rosgraph_msgs/include/rosgraph_msgs/rosgraph_msgs/msg/detail/clock__rosidl_typesupport_fastrtps_cpp.hpp
[7.851s] -- Installing: /home/abhay/microros_ws/install/rosgraph_msgs/include/rosgraph_msgs/rosgraph_msgs/msg/detail/dds_fastrtps
[7.851s] -- Installing: /home/abhay/microros_ws/install/rosgraph_msgs/include/rosgraph_msgs/rosgraph_msgs/msg/rosidl_typesupport_fastrtps_cpp__visibility_control.h
[7.851s] -- Installing: /home/abhay/microros_ws/install/rosgraph_msgs/lib/librosgraph_msgs__rosidl_typesupport_fastrtps_cpp.so
[7.852s] -- Set runtime path of "/home/abhay/microros_ws/install/rosgraph_msgs/lib/librosgraph_msgs__rosidl_typesupport_fastrtps_cpp.so" to ""
[7.852s] -- Up-to-date: /home/abhay/microros_ws/install/rosgraph_msgs/include/rosgraph_msgs
[7.852s] -- Installing: /home/abhay/microros_ws/install/rosgraph_msgs/include/rosgraph_msgs/msg
[7.852s] -- Installing: /home/abhay/microros_ws/install/rosgraph_msgs/include/rosgraph_msgs/msg/detail
[7.852s] -- Installing: /home/abhay/microros_ws/install/rosgraph_msgs/include/rosgraph_msgs/msg/detail/clock__rosidl_typesupport_microxrcedds_c.h
[7.852s] -- Installing: /home/abhay/microros_ws/install/rosgraph_msgs/include/rosgraph_msgs/msg/detail/microxrcedds
[7.852s] -- Installing: /home/abhay/microros_ws/install/rosgraph_msgs/include/rosgraph_msgs/msg/rosidl_typesupport_microxrcedds_c__visibility_control.h
[7.853s] -- Installing: /home/abhay/microros_ws/install/rosgraph_msgs/lib/librosgraph_msgs__rosidl_typesupport_microxrcedds_c.so
[7.853s] -- Set runtime path of "/home/abhay/microros_ws/install/rosgraph_msgs/lib/librosgraph_msgs__rosidl_typesupport_microxrcedds_c.so" to ""
[7.853s] -- Up-to-date: /home/abhay/microros_ws/install/rosgraph_msgs/include/rosgraph_msgs/rosgraph_msgs
[7.853s] -- Up-to-date: /home/abhay/microros_ws/install/rosgraph_msgs/include/rosgraph_msgs/rosgraph_msgs/msg
[7.854s] -- Up-to-date: /home/abhay/microros_ws/install/rosgraph_msgs/include/rosgraph_msgs/rosgraph_msgs/msg/detail
[7.854s] -- Installing: /home/abhay/microros_ws/install/rosgraph_msgs/include/rosgraph_msgs/rosgraph_msgs/msg/detail/clock__type_support.c
[7.854s] -- Installing: /home/abhay/microros_ws/install/rosgraph_msgs/include/rosgraph_msgs/rosgraph_msgs/msg/detail/clock__rosidl_typesupport_introspection_c.h
[7.854s] -- Installing: /home/abhay/microros_ws/install/rosgraph_msgs/include/rosgraph_msgs/rosgraph_msgs/msg/rosidl_typesupport_introspection_c__visibility_control.h
[7.854s] -- Installing: /home/abhay/microros_ws/install/rosgraph_msgs/lib/librosgraph_msgs__rosidl_typesupport_introspection_c.so
[7.855s] -- Set runtime path of "/home/abhay/microros_ws/install/rosgraph_msgs/lib/librosgraph_msgs__rosidl_typesupport_introspection_c.so" to ""
[7.855s] -- Installing: /home/abhay/microros_ws/install/rosgraph_msgs/lib/librosgraph_msgs__rosidl_typesupport_c.so
[7.855s] -- Set runtime path of "/home/abhay/microros_ws/install/rosgraph_msgs/lib/librosgraph_msgs__rosidl_typesupport_c.so" to ""
[7.855s] -- Up-to-date: /home/abhay/microros_ws/install/rosgraph_msgs/include/rosgraph_msgs
[7.855s] -- Up-to-date: /home/abhay/microros_ws/install/rosgraph_msgs/include/rosgraph_msgs/msg
[7.855s] -- Up-to-date: /home/abhay/microros_ws/install/rosgraph_msgs/include/rosgraph_msgs/msg/detail
[7.855s] -- Installing: /home/abhay/microros_ws/install/rosgraph_msgs/include/rosgraph_msgs/msg/detail/clock__rosidl_typesupport_microxrcedds_cpp.hpp
[7.855s] -- Up-to-date: /home/abhay/microros_ws/install/rosgraph_msgs/include/rosgraph_msgs/msg/detail/microxrcedds
[7.856s] -- Installing: /home/abhay/microros_ws/install/rosgraph_msgs/include/rosgraph_msgs/msg/detail/microxrcedds/clock__type_support_cpp.cpp
[7.856s] -- Installing: /home/abhay/microros_ws/install/rosgraph_msgs/include/rosgraph_msgs/msg/rosidl_typesupport_microxrcedds_cpp__visibility_control.h
[7.856s] -- Installing: /home/abhay/microros_ws/install/rosgraph_msgs/lib/librosgraph_msgs__rosidl_typesupport_microxrcedds_cpp.so
[7.856s] -- Set runtime path of "/home/abhay/microros_ws/install/rosgraph_msgs/lib/librosgraph_msgs__rosidl_typesupport_microxrcedds_cpp.so" to ""
[7.856s] -- Up-to-date: /home/abhay/microros_ws/install/rosgraph_msgs/include/rosgraph_msgs/rosgraph_msgs
[7.856s] -- Up-to-date: /home/abhay/microros_ws/install/rosgraph_msgs/include/rosgraph_msgs/rosgraph_msgs/msg
[7.857s] -- Up-to-date: /home/abhay/microros_ws/install/rosgraph_msgs/include/rosgraph_msgs/rosgraph_msgs/msg/detail
[7.857s] -- Installing: /home/abhay/microros_ws/install/rosgraph_msgs/include/rosgraph_msgs/rosgraph_msgs/msg/detail/clock__type_support.cpp
[7.857s] -- Installing: /home/abhay/microros_ws/install/rosgraph_msgs/include/rosgraph_msgs/rosgraph_msgs/msg/detail/clock__rosidl_typesupport_introspection_cpp.hpp
[7.857s] -- Installing: /home/abhay/microros_ws/install/rosgraph_msgs/lib/librosgraph_msgs__rosidl_typesupport_introspection_cpp.so
[7.857s] -- Set runtime path of "/home/abhay/microros_ws/install/rosgraph_msgs/lib/librosgraph_msgs__rosidl_typesupport_introspection_cpp.so" to ""
[7.857s] -- Installing: /home/abhay/microros_ws/install/rosgraph_msgs/lib/librosgraph_msgs__rosidl_typesupport_cpp.so
[7.857s] -- Set runtime path of "/home/abhay/microros_ws/install/rosgraph_msgs/lib/librosgraph_msgs__rosidl_typesupport_cpp.so" to ""
[7.858s] -- Installing: /home/abhay/microros_ws/install/rosgraph_msgs/share/rosgraph_msgs/environment/pythonpath.sh
[7.858s] -- Installing: /home/abhay/microros_ws/install/rosgraph_msgs/share/rosgraph_msgs/environment/pythonpath.dsv
[7.858s] -- Installing: /home/abhay/microros_ws/install/rosgraph_msgs/local/lib/python3.10/dist-packages/rosgraph_msgs-1.2.1-py3.10.egg-info
[7.858s] -- Installing: /home/abhay/microros_ws/install/rosgraph_msgs/local/lib/python3.10/dist-packages/rosgraph_msgs-1.2.1-py3.10.egg-info/top_level.txt
[7.858s] -- Installing: /home/abhay/microros_ws/install/rosgraph_msgs/local/lib/python3.10/dist-packages/rosgraph_msgs-1.2.1-py3.10.egg-info/SOURCES.txt
[7.858s] -- Installing: /home/abhay/microros_ws/install/rosgraph_msgs/local/lib/python3.10/dist-packages/rosgraph_msgs-1.2.1-py3.10.egg-info/dependency_links.txt
[7.858s] -- Installing: /home/abhay/microros_ws/install/rosgraph_msgs/local/lib/python3.10/dist-packages/rosgraph_msgs-1.2.1-py3.10.egg-info/PKG-INFO
[7.859s] -- Installing: /home/abhay/microros_ws/install/rosgraph_msgs/local/lib/python3.10/dist-packages/rosgraph_msgs
[7.859s] -- Installing: /home/abhay/microros_ws/install/rosgraph_msgs/local/lib/python3.10/dist-packages/rosgraph_msgs/rosgraph_msgs_s__rosidl_typesupport_microxrcedds_c.cpython-310-x86_64-linux-gnu.so
[7.859s] -- Installing: /home/abhay/microros_ws/install/rosgraph_msgs/local/lib/python3.10/dist-packages/rosgraph_msgs/msg
[7.859s] -- Installing: /home/abhay/microros_ws/install/rosgraph_msgs/local/lib/python3.10/dist-packages/rosgraph_msgs/msg/_clock.py
[7.859s] -- Installing: /home/abhay/microros_ws/install/rosgraph_msgs/local/lib/python3.10/dist-packages/rosgraph_msgs/msg/_clock_s.c
[7.859s] -- Installing: /home/abhay/microros_ws/install/rosgraph_msgs/local/lib/python3.10/dist-packages/rosgraph_msgs/msg/__init__.py
[7.859s] -- Installing: /home/abhay/microros_ws/install/rosgraph_msgs/local/lib/python3.10/dist-packages/rosgraph_msgs/librosgraph_msgs__rosidl_generator_py.so
[7.859s] -- Installing: /home/abhay/microros_ws/install/rosgraph_msgs/local/lib/python3.10/dist-packages/rosgraph_msgs/_rosgraph_msgs_s.ep.rosidl_typesupport_introspection_c.c
[7.859s] -- Installing: /home/abhay/microros_ws/install/rosgraph_msgs/local/lib/python3.10/dist-packages/rosgraph_msgs/rosgraph_msgs_s__rosidl_typesupport_c.cpython-310-x86_64-linux-gnu.so
[7.859s] -- Installing: /home/abhay/microros_ws/install/rosgraph_msgs/local/lib/python3.10/dist-packages/rosgraph_msgs/_rosgraph_msgs_s.ep.rosidl_typesupport_fastrtps_c.c
[7.860s] -- Installing: /home/abhay/microros_ws/install/rosgraph_msgs/local/lib/python3.10/dist-packages/rosgraph_msgs/rosgraph_msgs_s__rosidl_typesupport_introspection_c.cpython-310-x86_64-linux-gnu.so
[7.860s] -- Installing: /home/abhay/microros_ws/install/rosgraph_msgs/local/lib/python3.10/dist-packages/rosgraph_msgs/rosgraph_msgs_s__rosidl_typesupport_fastrtps_c.cpython-310-x86_64-linux-gnu.so
[7.860s] -- Installing: /home/abhay/microros_ws/install/rosgraph_msgs/local/lib/python3.10/dist-packages/rosgraph_msgs/_rosgraph_msgs_s.ep.rosidl_typesupport_microxrcedds_c.c
[7.860s] -- Installing: /home/abhay/microros_ws/install/rosgraph_msgs/local/lib/python3.10/dist-packages/rosgraph_msgs/__init__.py
[7.860s] -- Installing: /home/abhay/microros_ws/install/rosgraph_msgs/local/lib/python3.10/dist-packages/rosgraph_msgs/_rosgraph_msgs_s.ep.rosidl_typesupport_c.c
[7.914s] Listing '/home/abhay/microros_ws/install/rosgraph_msgs/local/lib/python3.10/dist-packages/rosgraph_msgs'...
[7.914s] Compiling '/home/abhay/microros_ws/install/rosgraph_msgs/local/lib/python3.10/dist-packages/rosgraph_msgs/__init__.py'...
[7.914s] Listing '/home/abhay/microros_ws/install/rosgraph_msgs/local/lib/python3.10/dist-packages/rosgraph_msgs/msg'...
[7.914s] Compiling '/home/abhay/microros_ws/install/rosgraph_msgs/local/lib/python3.10/dist-packages/rosgraph_msgs/msg/__init__.py'...
[7.914s] Compiling '/home/abhay/microros_ws/install/rosgraph_msgs/local/lib/python3.10/dist-packages/rosgraph_msgs/msg/_clock.py'...
[7.927s] -- Installing: /home/abhay/microros_ws/install/rosgraph_msgs/local/lib/python3.10/dist-packages/rosgraph_msgs/rosgraph_msgs_s__rosidl_typesupport_microxrcedds_c.cpython-310-x86_64-linux-gnu.so
[7.927s] -- Set runtime path of "/home/abhay/microros_ws/install/rosgraph_msgs/local/lib/python3.10/dist-packages/rosgraph_msgs/rosgraph_msgs_s__rosidl_typesupport_microxrcedds_c.cpython-310-x86_64-linux-gnu.so" to ""
[7.927s] -- Installing: /home/abhay/microros_ws/install/rosgraph_msgs/local/lib/python3.10/dist-packages/rosgraph_msgs/rosgraph_msgs_s__rosidl_typesupport_fastrtps_c.cpython-310-x86_64-linux-gnu.so
[7.927s] -- Set runtime path of "/home/abhay/microros_ws/install/rosgraph_msgs/local/lib/python3.10/dist-packages/rosgraph_msgs/rosgraph_msgs_s__rosidl_typesupport_fastrtps_c.cpython-310-x86_64-linux-gnu.so" to ""
[7.928s] -- Installing: /home/abhay/microros_ws/install/rosgraph_msgs/local/lib/python3.10/dist-packages/rosgraph_msgs/rosgraph_msgs_s__rosidl_typesupport_introspection_c.cpython-310-x86_64-linux-gnu.so
[7.928s] -- Set runtime path of "/home/abhay/microros_ws/install/rosgraph_msgs/local/lib/python3.10/dist-packages/rosgraph_msgs/rosgraph_msgs_s__rosidl_typesupport_introspection_c.cpython-310-x86_64-linux-gnu.so" to ""
[7.932s] -- Installing: /home/abhay/microros_ws/install/rosgraph_msgs/local/lib/python3.10/dist-packages/rosgraph_msgs/rosgraph_msgs_s__rosidl_typesupport_c.cpython-310-x86_64-linux-gnu.so
[7.932s] -- Set runtime path of "/home/abhay/microros_ws/install/rosgraph_msgs/local/lib/python3.10/dist-packages/rosgraph_msgs/rosgraph_msgs_s__rosidl_typesupport_c.cpython-310-x86_64-linux-gnu.so" to ""
[7.932s] -- Installing: /home/abhay/microros_ws/install/rosgraph_msgs/lib/librosgraph_msgs__rosidl_generator_py.so
[7.932s] -- Set runtime path of "/home/abhay/microros_ws/install/rosgraph_msgs/lib/librosgraph_msgs__rosidl_generator_py.so" to ""
[7.933s] -- Installing: /home/abhay/microros_ws/install/rosgraph_msgs/share/rosgraph_msgs/msg/Clock.idl
[7.933s] -- Installing: /home/abhay/microros_ws/install/rosgraph_msgs/share/rosgraph_msgs/msg/Clock.msg
[7.933s] -- Installing: /home/abhay/microros_ws/install/rosgraph_msgs/share/ament_index/resource_index/package_run_dependencies/rosgraph_msgs
[7.933s] -- Installing: /home/abhay/microros_ws/install/rosgraph_msgs/share/ament_index/resource_index/parent_prefix_path/rosgraph_msgs
[7.933s] -- Installing: /home/abhay/microros_ws/install/rosgraph_msgs/share/rosgraph_msgs/environment/ament_prefix_path.sh
[7.933s] -- Installing: /home/abhay/microros_ws/install/rosgraph_msgs/share/rosgraph_msgs/environment/ament_prefix_path.dsv
[7.933s] -- Installing: /home/abhay/microros_ws/install/rosgraph_msgs/share/rosgraph_msgs/environment/path.sh
[7.933s] -- Installing: /home/abhay/microros_ws/install/rosgraph_msgs/share/rosgraph_msgs/environment/path.dsv
[7.933s] -- Installing: /home/abhay/microros_ws/install/rosgraph_msgs/share/rosgraph_msgs/local_setup.bash
[7.933s] -- Installing: /home/abhay/microros_ws/install/rosgraph_msgs/share/rosgraph_msgs/local_setup.sh
[7.933s] -- Installing: /home/abhay/microros_ws/install/rosgraph_msgs/share/rosgraph_msgs/local_setup.zsh
[7.934s] -- Installing: /home/abhay/microros_ws/install/rosgraph_msgs/share/rosgraph_msgs/local_setup.dsv
[7.934s] -- Installing: /home/abhay/microros_ws/install/rosgraph_msgs/share/rosgraph_msgs/package.dsv
[7.934s] -- Installing: /home/abhay/microros_ws/install/rosgraph_msgs/share/ament_index/resource_index/packages/rosgraph_msgs
[7.934s] -- Installing: /home/abhay/microros_ws/install/rosgraph_msgs/share/rosgraph_msgs/cmake/export_rosgraph_msgs__rosidl_generator_cExport.cmake
[7.934s] -- Installing: /home/abhay/microros_ws/install/rosgraph_msgs/share/rosgraph_msgs/cmake/export_rosgraph_msgs__rosidl_generator_cExport-noconfig.cmake
[7.934s] -- Installing: /home/abhay/microros_ws/install/rosgraph_msgs/share/rosgraph_msgs/cmake/export_rosgraph_msgs__rosidl_typesupport_fastrtps_cExport.cmake
[7.934s] -- Installing: /home/abhay/microros_ws/install/rosgraph_msgs/share/rosgraph_msgs/cmake/export_rosgraph_msgs__rosidl_typesupport_fastrtps_cExport-noconfig.cmake
[7.934s] -- Installing: /home/abhay/microros_ws/install/rosgraph_msgs/share/rosgraph_msgs/cmake/export_rosgraph_msgs__rosidl_generator_cppExport.cmake
[7.934s] -- Installing: /home/abhay/microros_ws/install/rosgraph_msgs/share/rosgraph_msgs/cmake/export_rosgraph_msgs__rosidl_typesupport_fastrtps_cppExport.cmake
[7.935s] -- Installing: /home/abhay/microros_ws/install/rosgraph_msgs/share/rosgraph_msgs/cmake/export_rosgraph_msgs__rosidl_typesupport_fastrtps_cppExport-noconfig.cmake
[7.935s] -- Installing: /home/abhay/microros_ws/install/rosgraph_msgs/share/rosgraph_msgs/cmake/rosgraph_msgs__rosidl_typesupport_introspection_cExport.cmake
[7.935s] -- Installing: /home/abhay/microros_ws/install/rosgraph_msgs/share/rosgraph_msgs/cmake/rosgraph_msgs__rosidl_typesupport_introspection_cExport-noconfig.cmake
[7.935s] -- Installing: /home/abhay/microros_ws/install/rosgraph_msgs/share/rosgraph_msgs/cmake/rosgraph_msgs__rosidl_typesupport_cExport.cmake
[7.935s] -- Installing: /home/abhay/microros_ws/install/rosgraph_msgs/share/rosgraph_msgs/cmake/rosgraph_msgs__rosidl_typesupport_cExport-noconfig.cmake
[7.935s] -- Installing: /home/abhay/microros_ws/install/rosgraph_msgs/share/rosgraph_msgs/cmake/rosgraph_msgs__rosidl_typesupport_introspection_cppExport.cmake
[7.935s] -- Installing: /home/abhay/microros_ws/install/rosgraph_msgs/share/rosgraph_msgs/cmake/rosgraph_msgs__rosidl_typesupport_introspection_cppExport-noconfig.cmake
[7.935s] -- Installing: /home/abhay/microros_ws/install/rosgraph_msgs/share/rosgraph_msgs/cmake/rosgraph_msgs__rosidl_typesupport_cppExport.cmake
[7.936s] -- Installing: /home/abhay/microros_ws/install/rosgraph_msgs/share/rosgraph_msgs/cmake/rosgraph_msgs__rosidl_typesupport_cppExport-noconfig.cmake
[7.936s] -- Installing: /home/abhay/microros_ws/install/rosgraph_msgs/share/rosgraph_msgs/cmake/export_rosgraph_msgs__rosidl_generator_pyExport.cmake
[7.936s] -- Installing: /home/abhay/microros_ws/install/rosgraph_msgs/share/rosgraph_msgs/cmake/export_rosgraph_msgs__rosidl_generator_pyExport-noconfig.cmake
[7.936s] -- Installing: /home/abhay/microros_ws/install/rosgraph_msgs/share/rosgraph_msgs/cmake/rosidl_cmake-extras.cmake
[7.936s] -- Installing: /home/abhay/microros_ws/install/rosgraph_msgs/share/rosgraph_msgs/cmake/ament_cmake_export_dependencies-extras.cmake
[7.936s] -- Installing: /home/abhay/microros_ws/install/rosgraph_msgs/share/rosgraph_msgs/cmake/ament_cmake_export_include_directories-extras.cmake
[7.937s] -- Installing: /home/abhay/microros_ws/install/rosgraph_msgs/share/rosgraph_msgs/cmake/ament_cmake_export_libraries-extras.cmake
[7.937s] -- Installing: /home/abhay/microros_ws/install/rosgraph_msgs/share/rosgraph_msgs/cmake/ament_cmake_export_targets-extras.cmake
[7.937s] -- Installing: /home/abhay/microros_ws/install/rosgraph_msgs/share/rosgraph_msgs/cmake/rosidl_cmake_export_typesupport_targets-extras.cmake
[7.937s] -- Installing: /home/abhay/microros_ws/install/rosgraph_msgs/share/rosgraph_msgs/cmake/rosidl_cmake_export_typesupport_libraries-extras.cmake
[7.937s] -- Installing: /home/abhay/microros_ws/install/rosgraph_msgs/share/rosgraph_msgs/cmake/rosgraph_msgsConfig.cmake
[7.937s] -- Installing: /home/abhay/microros_ws/install/rosgraph_msgs/share/rosgraph_msgs/cmake/rosgraph_msgsConfig-version.cmake
[7.938s] -- Installing: /home/abhay/microros_ws/install/rosgraph_msgs/share/rosgraph_msgs/package.xml
[7.942s] Invoked command in '/home/abhay/microros_ws/build/rosgraph_msgs' returned '0': AMENT_PREFIX_PATH=/home/abhay/microros_ws/install/builtin_interfaces:${AMENT_PREFIX_PATH} CMAKE_PREFIX_PATH=/home/abhay/microros_ws/install/builtin_interfaces:/home/abhay/microros_ws/install/rosidl_typesupport_microxrcedds_cpp:/home/abhay/microros_ws/install/rosidl_typesupport_microxrcedds_c:/home/abhay/microros_ws/install/microcdr:/home/abhay/microros_ws/install/micro_ros_setup:/home/abhay/ros2_ws/install/py_srvcli:/home/abhay/ros2_ws/install/my_robot_controller:/opt/ros/humble LD_LIBRARY_PATH=/home/abhay/microros_ws/install/builtin_interfaces/lib:${LD_LIBRARY_PATH} PYTHONPATH=/home/abhay/microros_ws/install/builtin_interfaces/local/lib/python3.10/dist-packages:${PYTHONPATH} /usr/bin/cmake --install /home/abhay/microros_ws/build/rosgraph_msgs
