[0.021s] Invoking command in '/home/abhay/microros_ws/build/diagnostic_msgs': CMAKE_PREFIX_PATH=/home/abhay/microros_ws/install/geometry_msgs:/home/abhay/microros_ws/install/std_msgs:/home/abhay/microros_ws/install/builtin_interfaces:/home/abhay/microros_ws/install/micro_ros_demos_rclc:/home/abhay/microros_ws/install/common_interfaces:/home/abhay/microros_ws/install/visualization_msgs:/home/abhay/microros_ws/install/test_msgs:/home/abhay/microros_ws/install/example_interfaces:/home/abhay/microros_ws/install/action_msgs:/home/abhay/microros_ws/install/unique_identifier_msgs:/home/abhay/microros_ws/install/trajectory_msgs:/home/abhay/microros_ws/install/stereo_msgs:/home/abhay/microros_ws/install/std_srvs:/home/abhay/microros_ws/install/shape_msgs:/home/abhay/microros_ws/install/sensor_msgs:/home/abhay/microros_ws/install/nav_msgs:/home/abhay/microros_ws/install/diagnostic_msgs:/home/abhay/microros_ws/install/actionlib_msgs:/home/abhay/microros_ws/install/statistics_msgs:/home/abhay/microros_ws/install/rosidl_typesupport_microxrcedds_test_msg:/home/abhay/microros_ws/install/rosidl_typesupport_microxrcedds_cpp_tests:/home/abhay/microros_ws/install/rmw_microxrcedds:/home/abhay/microros_ws/install/rosidl_typesupport_microxrcedds_cpp:/home/abhay/microros_ws/install/rosidl_typesupport_microxrcedds_c_tests:/home/abhay/microros_ws/install/rosidl_typesupport_microxrcedds_c:/home/abhay/microros_ws/install/rosgraph_msgs:/home/abhay/microros_ws/install/rclc_parameter:/home/abhay/microros_ws/install/rclc:/home/abhay/microros_ws/install/composition_interfaces:/home/abhay/microros_ws/install/rcl_interfaces:/home/abhay/microros_ws/install/microxrcedds_client:/home/abhay/microros_ws/install/microcdr:/home/abhay/microros_ws/install/micro_ros_utilities:/home/abhay/microros_ws/install/micro_ros_msgs:/home/abhay/microros_ws/install/lifecycle_msgs:/home/abhay/microros_ws/install/complex_msgs:/home/abhay/microros_ws/install/micro_ros_setup:/home/abhay/microros_ws/install/sensor_msgs_py:/home/abhay/ros2_ws/install/py_srvcli:/home/abhay/ros2_ws/install/my_robot_controller:/opt/ros/humble LD_LIBRARY_PATH=/home/abhay/microros_ws/install/geometry_msgs/lib:/home/abhay/microros_ws/install/std_msgs/lib:/home/abhay/microros_ws/install/builtin_interfaces/lib:/home/abhay/microros_ws/install/visualization_msgs/lib:/home/abhay/microros_ws/install/test_msgs/lib:/home/abhay/microros_ws/install/example_interfaces/lib:/home/abhay/microros_ws/install/action_msgs/lib:/home/abhay/microros_ws/install/unique_identifier_msgs/lib:/home/abhay/microros_ws/install/trajectory_msgs/lib:/home/abhay/microros_ws/install/stereo_msgs/lib:/home/abhay/microros_ws/install/std_srvs/lib:/home/abhay/microros_ws/install/shape_msgs/lib:/home/abhay/microros_ws/install/sensor_msgs/lib:/home/abhay/microros_ws/install/nav_msgs/lib:/home/abhay/microros_ws/install/diagnostic_msgs/lib:/home/abhay/microros_ws/install/actionlib_msgs/lib:/home/abhay/microros_ws/install/statistics_msgs/lib:/home/abhay/microros_ws/install/rmw_microxrcedds/lib:/home/abhay/microros_ws/install/rosidl_typesupport_microxrcedds_cpp/lib:/home/abhay/microros_ws/install/rosidl_typesupport_microxrcedds_c/lib:/home/abhay/microros_ws/install/rosgraph_msgs/lib:/home/abhay/microros_ws/install/rclc_parameter/lib:/home/abhay/microros_ws/install/rclc/lib:/home/abhay/microros_ws/install/composition_interfaces/lib:/home/abhay/microros_ws/install/rcl_interfaces/lib:/home/abhay/microros_ws/install/microxrcedds_client/lib:/home/abhay/microros_ws/install/microcdr/lib:/home/abhay/microros_ws/install/micro_ros_utilities/lib:/home/abhay/microros_ws/install/micro_ros_msgs/lib:/home/abhay/microros_ws/install/lifecycle_msgs/lib:/home/abhay/microros_ws/install/complex_msgs/lib:/opt/ros/humble/opt/rviz_ogre_vendor/lib:/opt/ros/humble/lib/x86_64-linux-gnu:/opt/ros/humble/lib /usr/bin/cmake --build /home/abhay/microros_ws/build/diagnostic_msgs -- -j16 -l16
[0.063s] [35m[1mConsolidate compiler generated dependencies of target diagnostic_msgs__rosidl_generator_c[0m
[0.070s] [  1%] Built target diagnostic_msgs__cpp
[0.081s] [ 10%] Built target diagnostic_msgs__rosidl_generator_c
[0.086s] [35m[1mConsolidate compiler generated dependencies of target diagnostic_msgs__rosidl_typesupport_cpp[0m
[0.086s] [35m[1mConsolidate compiler generated dependencies of target diagnostic_msgs__rosidl_typesupport_fastrtps_cpp[0m
[0.086s] [35m[1mConsolidate compiler generated dependencies of target diagnostic_msgs__rosidl_typesupport_microxrcedds_cpp[0m
[0.087s] [35m[1mConsolidate compiler generated dependencies of target diagnostic_msgs__rosidl_typesupport_introspection_cpp[0m
[0.092s] [ 10%] Built target ament_cmake_python_copy_diagnostic_msgs
[0.102s] [35m[1mConsolidate compiler generated dependencies of target diagnostic_msgs__rosidl_typesupport_fastrtps_c[0m
[0.105s] [35m[1mConsolidate compiler generated dependencies of target diagnostic_msgs__rosidl_typesupport_introspection_c[0m
[0.109s] [35m[1mConsolidate compiler generated dependencies of target diagnostic_msgs__rosidl_typesupport_microxrcedds_c[0m
[0.120s] [35m[1mConsolidate compiler generated dependencies of target diagnostic_msgs__rosidl_typesupport_c[0m
[0.131s] [ 18%] Built target diagnostic_msgs__rosidl_typesupport_cpp
[0.159s] [ 27%] Built target diagnostic_msgs__rosidl_typesupport_microxrcedds_cpp
[0.162s] [ 36%] Built target diagnostic_msgs__rosidl_typesupport_introspection_cpp
[0.178s] [ 45%] Built target diagnostic_msgs__rosidl_typesupport_microxrcedds_c
[0.179s] [ 54%] Built target diagnostic_msgs__rosidl_typesupport_fastrtps_c
[0.180s] [ 64%] Built target diagnostic_msgs__rosidl_typesupport_fastrtps_cpp
[0.180s] [ 72%] Built target diagnostic_msgs__rosidl_typesupport_c
[0.198s] [ 81%] Built target diagnostic_msgs__rosidl_typesupport_introspection_c
[0.248s] [ 81%] Built target diagnostic_msgs
[0.272s] [ 82%] Built target diagnostic_msgs__py
[0.287s] [35m[1mConsolidate compiler generated dependencies of target diagnostic_msgs__rosidl_generator_py[0m
[0.304s] [ 89%] Built target diagnostic_msgs__rosidl_generator_py
[0.321s] [35m[1mConsolidate compiler generated dependencies of target diagnostic_msgs__rosidl_typesupport_introspection_c__pyext[0m
[0.321s] [35m[1mConsolidate compiler generated dependencies of target diagnostic_msgs__rosidl_typesupport_fastrtps_c__pyext[0m
[0.321s] [35m[1mConsolidate compiler generated dependencies of target diagnostic_msgs__rosidl_typesupport_c__pyext[0m
[0.321s] [35m[1mConsolidate compiler generated dependencies of target diagnostic_msgs__rosidl_typesupport_microxrcedds_c__pyext[0m
[0.340s] [ 97%] Built target diagnostic_msgs__rosidl_typesupport_fastrtps_c__pyext
[0.341s] [ 97%] Built target diagnostic_msgs__rosidl_typesupport_c__pyext
[0.341s] [ 97%] Built target diagnostic_msgs__rosidl_typesupport_introspection_c__pyext
[0.343s] [100%] Built target diagnostic_msgs__rosidl_typesupport_microxrcedds_c__pyext
[0.517s] running egg_info
[0.517s] writing diagnostic_msgs.egg-info/PKG-INFO
[0.517s] writing dependency_links to diagnostic_msgs.egg-info/dependency_links.txt
[0.518s] writing top-level names to diagnostic_msgs.egg-info/top_level.txt
[0.520s] reading manifest file 'diagnostic_msgs.egg-info/SOURCES.txt'
[0.520s] writing manifest file 'diagnostic_msgs.egg-info/SOURCES.txt'
[0.547s] [100%] Built target ament_cmake_python_build_diagnostic_msgs_egg
[0.557s] Invoked command in '/home/abhay/microros_ws/build/diagnostic_msgs' returned '0': CMAKE_PREFIX_PATH=/home/abhay/microros_ws/install/geometry_msgs:/home/abhay/microros_ws/install/std_msgs:/home/abhay/microros_ws/install/builtin_interfaces:/home/abhay/microros_ws/install/micro_ros_demos_rclc:/home/abhay/microros_ws/install/common_interfaces:/home/abhay/microros_ws/install/visualization_msgs:/home/abhay/microros_ws/install/test_msgs:/home/abhay/microros_ws/install/example_interfaces:/home/abhay/microros_ws/install/action_msgs:/home/abhay/microros_ws/install/unique_identifier_msgs:/home/abhay/microros_ws/install/trajectory_msgs:/home/abhay/microros_ws/install/stereo_msgs:/home/abhay/microros_ws/install/std_srvs:/home/abhay/microros_ws/install/shape_msgs:/home/abhay/microros_ws/install/sensor_msgs:/home/abhay/microros_ws/install/nav_msgs:/home/abhay/microros_ws/install/diagnostic_msgs:/home/abhay/microros_ws/install/actionlib_msgs:/home/abhay/microros_ws/install/statistics_msgs:/home/abhay/microros_ws/install/rosidl_typesupport_microxrcedds_test_msg:/home/abhay/microros_ws/install/rosidl_typesupport_microxrcedds_cpp_tests:/home/abhay/microros_ws/install/rmw_microxrcedds:/home/abhay/microros_ws/install/rosidl_typesupport_microxrcedds_cpp:/home/abhay/microros_ws/install/rosidl_typesupport_microxrcedds_c_tests:/home/abhay/microros_ws/install/rosidl_typesupport_microxrcedds_c:/home/abhay/microros_ws/install/rosgraph_msgs:/home/abhay/microros_ws/install/rclc_parameter:/home/abhay/microros_ws/install/rclc:/home/abhay/microros_ws/install/composition_interfaces:/home/abhay/microros_ws/install/rcl_interfaces:/home/abhay/microros_ws/install/microxrcedds_client:/home/abhay/microros_ws/install/microcdr:/home/abhay/microros_ws/install/micro_ros_utilities:/home/abhay/microros_ws/install/micro_ros_msgs:/home/abhay/microros_ws/install/lifecycle_msgs:/home/abhay/microros_ws/install/complex_msgs:/home/abhay/microros_ws/install/micro_ros_setup:/home/abhay/microros_ws/install/sensor_msgs_py:/home/abhay/ros2_ws/install/py_srvcli:/home/abhay/ros2_ws/install/my_robot_controller:/opt/ros/humble LD_LIBRARY_PATH=/home/abhay/microros_ws/install/geometry_msgs/lib:/home/abhay/microros_ws/install/std_msgs/lib:/home/abhay/microros_ws/install/builtin_interfaces/lib:/home/abhay/microros_ws/install/visualization_msgs/lib:/home/abhay/microros_ws/install/test_msgs/lib:/home/abhay/microros_ws/install/example_interfaces/lib:/home/abhay/microros_ws/install/action_msgs/lib:/home/abhay/microros_ws/install/unique_identifier_msgs/lib:/home/abhay/microros_ws/install/trajectory_msgs/lib:/home/abhay/microros_ws/install/stereo_msgs/lib:/home/abhay/microros_ws/install/std_srvs/lib:/home/abhay/microros_ws/install/shape_msgs/lib:/home/abhay/microros_ws/install/sensor_msgs/lib:/home/abhay/microros_ws/install/nav_msgs/lib:/home/abhay/microros_ws/install/diagnostic_msgs/lib:/home/abhay/microros_ws/install/actionlib_msgs/lib:/home/abhay/microros_ws/install/statistics_msgs/lib:/home/abhay/microros_ws/install/rmw_microxrcedds/lib:/home/abhay/microros_ws/install/rosidl_typesupport_microxrcedds_cpp/lib:/home/abhay/microros_ws/install/rosidl_typesupport_microxrcedds_c/lib:/home/abhay/microros_ws/install/rosgraph_msgs/lib:/home/abhay/microros_ws/install/rclc_parameter/lib:/home/abhay/microros_ws/install/rclc/lib:/home/abhay/microros_ws/install/composition_interfaces/lib:/home/abhay/microros_ws/install/rcl_interfaces/lib:/home/abhay/microros_ws/install/microxrcedds_client/lib:/home/abhay/microros_ws/install/microcdr/lib:/home/abhay/microros_ws/install/micro_ros_utilities/lib:/home/abhay/microros_ws/install/micro_ros_msgs/lib:/home/abhay/microros_ws/install/lifecycle_msgs/lib:/home/abhay/microros_ws/install/complex_msgs/lib:/opt/ros/humble/opt/rviz_ogre_vendor/lib:/opt/ros/humble/lib/x86_64-linux-gnu:/opt/ros/humble/lib /usr/bin/cmake --build /home/abhay/microros_ws/build/diagnostic_msgs -- -j16 -l16
[0.771s] Invoking command in '/home/abhay/microros_ws/build/diagnostic_msgs': CMAKE_PREFIX_PATH=/home/abhay/microros_ws/install/geometry_msgs:/home/abhay/microros_ws/install/std_msgs:/home/abhay/microros_ws/install/builtin_interfaces:/home/abhay/microros_ws/install/micro_ros_demos_rclc:/home/abhay/microros_ws/install/common_interfaces:/home/abhay/microros_ws/install/visualization_msgs:/home/abhay/microros_ws/install/test_msgs:/home/abhay/microros_ws/install/example_interfaces:/home/abhay/microros_ws/install/action_msgs:/home/abhay/microros_ws/install/unique_identifier_msgs:/home/abhay/microros_ws/install/trajectory_msgs:/home/abhay/microros_ws/install/stereo_msgs:/home/abhay/microros_ws/install/std_srvs:/home/abhay/microros_ws/install/shape_msgs:/home/abhay/microros_ws/install/sensor_msgs:/home/abhay/microros_ws/install/nav_msgs:/home/abhay/microros_ws/install/diagnostic_msgs:/home/abhay/microros_ws/install/actionlib_msgs:/home/abhay/microros_ws/install/statistics_msgs:/home/abhay/microros_ws/install/rosidl_typesupport_microxrcedds_test_msg:/home/abhay/microros_ws/install/rosidl_typesupport_microxrcedds_cpp_tests:/home/abhay/microros_ws/install/rmw_microxrcedds:/home/abhay/microros_ws/install/rosidl_typesupport_microxrcedds_cpp:/home/abhay/microros_ws/install/rosidl_typesupport_microxrcedds_c_tests:/home/abhay/microros_ws/install/rosidl_typesupport_microxrcedds_c:/home/abhay/microros_ws/install/rosgraph_msgs:/home/abhay/microros_ws/install/rclc_parameter:/home/abhay/microros_ws/install/rclc:/home/abhay/microros_ws/install/composition_interfaces:/home/abhay/microros_ws/install/rcl_interfaces:/home/abhay/microros_ws/install/microxrcedds_client:/home/abhay/microros_ws/install/microcdr:/home/abhay/microros_ws/install/micro_ros_utilities:/home/abhay/microros_ws/install/micro_ros_msgs:/home/abhay/microros_ws/install/lifecycle_msgs:/home/abhay/microros_ws/install/complex_msgs:/home/abhay/microros_ws/install/micro_ros_setup:/home/abhay/microros_ws/install/sensor_msgs_py:/home/abhay/ros2_ws/install/py_srvcli:/home/abhay/ros2_ws/install/my_robot_controller:/opt/ros/humble LD_LIBRARY_PATH=/home/abhay/microros_ws/install/geometry_msgs/lib:/home/abhay/microros_ws/install/std_msgs/lib:/home/abhay/microros_ws/install/builtin_interfaces/lib:/home/abhay/microros_ws/install/visualization_msgs/lib:/home/abhay/microros_ws/install/test_msgs/lib:/home/abhay/microros_ws/install/example_interfaces/lib:/home/abhay/microros_ws/install/action_msgs/lib:/home/abhay/microros_ws/install/unique_identifier_msgs/lib:/home/abhay/microros_ws/install/trajectory_msgs/lib:/home/abhay/microros_ws/install/stereo_msgs/lib:/home/abhay/microros_ws/install/std_srvs/lib:/home/abhay/microros_ws/install/shape_msgs/lib:/home/abhay/microros_ws/install/sensor_msgs/lib:/home/abhay/microros_ws/install/nav_msgs/lib:/home/abhay/microros_ws/install/diagnostic_msgs/lib:/home/abhay/microros_ws/install/actionlib_msgs/lib:/home/abhay/microros_ws/install/statistics_msgs/lib:/home/abhay/microros_ws/install/rmw_microxrcedds/lib:/home/abhay/microros_ws/install/rosidl_typesupport_microxrcedds_cpp/lib:/home/abhay/microros_ws/install/rosidl_typesupport_microxrcedds_c/lib:/home/abhay/microros_ws/install/rosgraph_msgs/lib:/home/abhay/microros_ws/install/rclc_parameter/lib:/home/abhay/microros_ws/install/rclc/lib:/home/abhay/microros_ws/install/composition_interfaces/lib:/home/abhay/microros_ws/install/rcl_interfaces/lib:/home/abhay/microros_ws/install/microxrcedds_client/lib:/home/abhay/microros_ws/install/microcdr/lib:/home/abhay/microros_ws/install/micro_ros_utilities/lib:/home/abhay/microros_ws/install/micro_ros_msgs/lib:/home/abhay/microros_ws/install/lifecycle_msgs/lib:/home/abhay/microros_ws/install/complex_msgs/lib:/opt/ros/humble/opt/rviz_ogre_vendor/lib:/opt/ros/humble/lib/x86_64-linux-gnu:/opt/ros/humble/lib /usr/bin/cmake --install /home/abhay/microros_ws/build/diagnostic_msgs
[0.783s] -- Install configuration: ""
[0.784s] -- Up-to-date: /home/abhay/microros_ws/install/diagnostic_msgs/share/ament_index/resource_index/rosidl_interfaces/diagnostic_msgs
[0.784s] -- Up-to-date: /home/abhay/microros_ws/install/diagnostic_msgs/include/diagnostic_msgs/diagnostic_msgs
[0.784s] -- Up-to-date: /home/abhay/microros_ws/install/diagnostic_msgs/include/diagnostic_msgs/diagnostic_msgs/msg
[0.784s] -- Up-to-date: /home/abhay/microros_ws/install/diagnostic_msgs/include/diagnostic_msgs/diagnostic_msgs/msg/rosidl_generator_c__visibility_control.h
[0.784s] -- Up-to-date: /home/abhay/microros_ws/install/diagnostic_msgs/include/diagnostic_msgs/diagnostic_msgs/msg/detail
[0.784s] -- Up-to-date: /home/abhay/microros_ws/install/diagnostic_msgs/include/diagnostic_msgs/diagnostic_msgs/msg/detail/key_value__functions.h
[0.784s] -- Up-to-date: /home/abhay/microros_ws/install/diagnostic_msgs/include/diagnostic_msgs/diagnostic_msgs/msg/detail/diagnostic_status__functions.h
[0.784s] -- Up-to-date: /home/abhay/microros_ws/install/diagnostic_msgs/include/diagnostic_msgs/diagnostic_msgs/msg/detail/key_value__struct.h
[0.784s] -- Up-to-date: /home/abhay/microros_ws/install/diagnostic_msgs/include/diagnostic_msgs/diagnostic_msgs/msg/detail/diagnostic_array__functions.h
[0.785s] -- Up-to-date: /home/abhay/microros_ws/install/diagnostic_msgs/include/diagnostic_msgs/diagnostic_msgs/msg/detail/diagnostic_status__struct.h
[0.785s] -- Up-to-date: /home/abhay/microros_ws/install/diagnostic_msgs/include/diagnostic_msgs/diagnostic_msgs/msg/detail/diagnostic_array__struct.h
[0.785s] -- Up-to-date: /home/abhay/microros_ws/install/diagnostic_msgs/include/diagnostic_msgs/diagnostic_msgs/msg/detail/key_value__functions.c
[0.785s] -- Up-to-date: /home/abhay/microros_ws/install/diagnostic_msgs/include/diagnostic_msgs/diagnostic_msgs/msg/detail/key_value__type_support.h
[0.785s] -- Up-to-date: /home/abhay/microros_ws/install/diagnostic_msgs/include/diagnostic_msgs/diagnostic_msgs/msg/detail/diagnostic_status__type_support.h
[0.785s] -- Up-to-date: /home/abhay/microros_ws/install/diagnostic_msgs/include/diagnostic_msgs/diagnostic_msgs/msg/detail/diagnostic_array__functions.c
[0.785s] -- Up-to-date: /home/abhay/microros_ws/install/diagnostic_msgs/include/diagnostic_msgs/diagnostic_msgs/msg/detail/diagnostic_array__type_support.h
[0.785s] -- Up-to-date: /home/abhay/microros_ws/install/diagnostic_msgs/include/diagnostic_msgs/diagnostic_msgs/msg/detail/diagnostic_status__functions.c
[0.785s] -- Up-to-date: /home/abhay/microros_ws/install/diagnostic_msgs/include/diagnostic_msgs/diagnostic_msgs/msg/diagnostic_array.h
[0.785s] -- Up-to-date: /home/abhay/microros_ws/install/diagnostic_msgs/include/diagnostic_msgs/diagnostic_msgs/msg/key_value.h
[0.785s] -- Up-to-date: /home/abhay/microros_ws/install/diagnostic_msgs/include/diagnostic_msgs/diagnostic_msgs/msg/diagnostic_status.h
[0.785s] -- Up-to-date: /home/abhay/microros_ws/install/diagnostic_msgs/include/diagnostic_msgs/diagnostic_msgs/srv
[0.786s] -- Up-to-date: /home/abhay/microros_ws/install/diagnostic_msgs/include/diagnostic_msgs/diagnostic_msgs/srv/detail
[0.786s] -- Up-to-date: /home/abhay/microros_ws/install/diagnostic_msgs/include/diagnostic_msgs/diagnostic_msgs/srv/detail/self_test__struct.h
[0.786s] -- Up-to-date: /home/abhay/microros_ws/install/diagnostic_msgs/include/diagnostic_msgs/diagnostic_msgs/srv/detail/add_diagnostics__functions.c
[0.786s] -- Up-to-date: /home/abhay/microros_ws/install/diagnostic_msgs/include/diagnostic_msgs/diagnostic_msgs/srv/detail/self_test__functions.c
[0.786s] -- Up-to-date: /home/abhay/microros_ws/install/diagnostic_msgs/include/diagnostic_msgs/diagnostic_msgs/srv/detail/add_diagnostics__struct.h
[0.786s] -- Up-to-date: /home/abhay/microros_ws/install/diagnostic_msgs/include/diagnostic_msgs/diagnostic_msgs/srv/detail/self_test__functions.h
[0.786s] -- Up-to-date: /home/abhay/microros_ws/install/diagnostic_msgs/include/diagnostic_msgs/diagnostic_msgs/srv/detail/self_test__type_support.h
[0.786s] -- Up-to-date: /home/abhay/microros_ws/install/diagnostic_msgs/include/diagnostic_msgs/diagnostic_msgs/srv/detail/add_diagnostics__functions.h
[0.786s] -- Up-to-date: /home/abhay/microros_ws/install/diagnostic_msgs/include/diagnostic_msgs/diagnostic_msgs/srv/detail/add_diagnostics__type_support.h
[0.786s] -- Up-to-date: /home/abhay/microros_ws/install/diagnostic_msgs/include/diagnostic_msgs/diagnostic_msgs/srv/add_diagnostics.h
[0.787s] -- Up-to-date: /home/abhay/microros_ws/install/diagnostic_msgs/include/diagnostic_msgs/diagnostic_msgs/srv/self_test.h
[0.787s] -- Up-to-date: /home/abhay/microros_ws/install/diagnostic_msgs/share/diagnostic_msgs/environment/library_path.sh
[0.787s] -- Up-to-date: /home/abhay/microros_ws/install/diagnostic_msgs/share/diagnostic_msgs/environment/library_path.dsv
[0.788s] -- Up-to-date: /home/abhay/microros_ws/install/diagnostic_msgs/lib/libdiagnostic_msgs__rosidl_generator_c.so
[0.788s] -- Up-to-date: /home/abhay/microros_ws/install/diagnostic_msgs/include/diagnostic_msgs
[0.788s] -- Up-to-date: /home/abhay/microros_ws/install/diagnostic_msgs/include/diagnostic_msgs/msg
[0.788s] -- Up-to-date: /home/abhay/microros_ws/install/diagnostic_msgs/include/diagnostic_msgs/msg/detail
[0.788s] -- Up-to-date: /home/abhay/microros_ws/install/diagnostic_msgs/include/diagnostic_msgs/msg/detail/diagnostic_status__rosidl_typesupport_microxrcedds_c.h
[0.788s] -- Up-to-date: /home/abhay/microros_ws/install/diagnostic_msgs/include/diagnostic_msgs/msg/detail/microxrcedds
[0.788s] -- Up-to-date: /home/abhay/microros_ws/install/diagnostic_msgs/include/diagnostic_msgs/msg/detail/diagnostic_array__rosidl_typesupport_microxrcedds_c.h
[0.788s] -- Up-to-date: /home/abhay/microros_ws/install/diagnostic_msgs/include/diagnostic_msgs/msg/detail/key_value__rosidl_typesupport_microxrcedds_c.h
[0.788s] -- Up-to-date: /home/abhay/microros_ws/install/diagnostic_msgs/include/diagnostic_msgs/msg/rosidl_typesupport_microxrcedds_c__visibility_control.h
[0.789s] -- Up-to-date: /home/abhay/microros_ws/install/diagnostic_msgs/include/diagnostic_msgs/srv
[0.789s] -- Up-to-date: /home/abhay/microros_ws/install/diagnostic_msgs/include/diagnostic_msgs/srv/detail
[0.789s] -- Up-to-date: /home/abhay/microros_ws/install/diagnostic_msgs/include/diagnostic_msgs/srv/detail/microxrcedds
[0.789s] -- Up-to-date: /home/abhay/microros_ws/install/diagnostic_msgs/include/diagnostic_msgs/srv/detail/add_diagnostics__rosidl_typesupport_microxrcedds_c.h
[0.789s] -- Up-to-date: /home/abhay/microros_ws/install/diagnostic_msgs/include/diagnostic_msgs/srv/detail/self_test__rosidl_typesupport_microxrcedds_c.h
[0.789s] -- Up-to-date: /home/abhay/microros_ws/install/diagnostic_msgs/lib/libdiagnostic_msgs__rosidl_typesupport_microxrcedds_c.so
[0.790s] -- Up-to-date: /home/abhay/microros_ws/install/diagnostic_msgs/include/diagnostic_msgs/diagnostic_msgs
[0.790s] -- Up-to-date: /home/abhay/microros_ws/install/diagnostic_msgs/include/diagnostic_msgs/diagnostic_msgs/msg
[0.790s] -- Up-to-date: /home/abhay/microros_ws/install/diagnostic_msgs/include/diagnostic_msgs/diagnostic_msgs/msg/detail
[0.790s] -- Up-to-date: /home/abhay/microros_ws/install/diagnostic_msgs/include/diagnostic_msgs/diagnostic_msgs/msg/detail/diagnostic_status__rosidl_typesupport_fastrtps_c.h
[0.790s] -- Up-to-date: /home/abhay/microros_ws/install/diagnostic_msgs/include/diagnostic_msgs/diagnostic_msgs/msg/detail/key_value__rosidl_typesupport_fastrtps_c.h
[0.790s] -- Up-to-date: /home/abhay/microros_ws/install/diagnostic_msgs/include/diagnostic_msgs/diagnostic_msgs/msg/detail/diagnostic_array__rosidl_typesupport_fastrtps_c.h
[0.790s] -- Up-to-date: /home/abhay/microros_ws/install/diagnostic_msgs/include/diagnostic_msgs/diagnostic_msgs/msg/rosidl_typesupport_fastrtps_c__visibility_control.h
[0.790s] -- Up-to-date: /home/abhay/microros_ws/install/diagnostic_msgs/include/diagnostic_msgs/diagnostic_msgs/srv
[0.790s] -- Up-to-date: /home/abhay/microros_ws/install/diagnostic_msgs/include/diagnostic_msgs/diagnostic_msgs/srv/detail
[0.790s] -- Up-to-date: /home/abhay/microros_ws/install/diagnostic_msgs/include/diagnostic_msgs/diagnostic_msgs/srv/detail/add_diagnostics__rosidl_typesupport_fastrtps_c.h
[0.791s] -- Up-to-date: /home/abhay/microros_ws/install/diagnostic_msgs/include/diagnostic_msgs/diagnostic_msgs/srv/detail/self_test__rosidl_typesupport_fastrtps_c.h
[0.792s] -- Up-to-date: /home/abhay/microros_ws/install/diagnostic_msgs/lib/libdiagnostic_msgs__rosidl_typesupport_fastrtps_c.so
[0.793s] -- Up-to-date: /home/abhay/microros_ws/install/diagnostic_msgs/include/diagnostic_msgs/diagnostic_msgs
[0.793s] -- Up-to-date: /home/abhay/microros_ws/install/diagnostic_msgs/include/diagnostic_msgs/diagnostic_msgs/msg
[0.793s] -- Up-to-date: /home/abhay/microros_ws/install/diagnostic_msgs/include/diagnostic_msgs/diagnostic_msgs/msg/detail
[0.793s] -- Up-to-date: /home/abhay/microros_ws/install/diagnostic_msgs/include/diagnostic_msgs/diagnostic_msgs/msg/detail/key_value__type_support.c
[0.793s] -- Up-to-date: /home/abhay/microros_ws/install/diagnostic_msgs/include/diagnostic_msgs/diagnostic_msgs/msg/detail/diagnostic_status__type_support.c
[0.793s] -- Up-to-date: /home/abhay/microros_ws/install/diagnostic_msgs/include/diagnostic_msgs/diagnostic_msgs/msg/detail/key_value__rosidl_typesupport_introspection_c.h
[0.793s] -- Up-to-date: /home/abhay/microros_ws/install/diagnostic_msgs/include/diagnostic_msgs/diagnostic_msgs/msg/detail/diagnostic_array__rosidl_typesupport_introspection_c.h
[0.793s] -- Up-to-date: /home/abhay/microros_ws/install/diagnostic_msgs/include/diagnostic_msgs/diagnostic_msgs/msg/detail/diagnostic_status__rosidl_typesupport_introspection_c.h
[0.794s] -- Up-to-date: /home/abhay/microros_ws/install/diagnostic_msgs/include/diagnostic_msgs/diagnostic_msgs/msg/detail/diagnostic_array__type_support.c
[0.794s] -- Up-to-date: /home/abhay/microros_ws/install/diagnostic_msgs/include/diagnostic_msgs/diagnostic_msgs/msg/rosidl_typesupport_introspection_c__visibility_control.h
[0.794s] -- Up-to-date: /home/abhay/microros_ws/install/diagnostic_msgs/include/diagnostic_msgs/diagnostic_msgs/srv
[0.794s] -- Up-to-date: /home/abhay/microros_ws/install/diagnostic_msgs/include/diagnostic_msgs/diagnostic_msgs/srv/detail
[0.794s] -- Up-to-date: /home/abhay/microros_ws/install/diagnostic_msgs/include/diagnostic_msgs/diagnostic_msgs/srv/detail/add_diagnostics__rosidl_typesupport_introspection_c.h
[0.794s] -- Up-to-date: /home/abhay/microros_ws/install/diagnostic_msgs/include/diagnostic_msgs/diagnostic_msgs/srv/detail/self_test__rosidl_typesupport_introspection_c.h
[0.794s] -- Up-to-date: /home/abhay/microros_ws/install/diagnostic_msgs/include/diagnostic_msgs/diagnostic_msgs/srv/detail/self_test__type_support.c
[0.794s] -- Up-to-date: /home/abhay/microros_ws/install/diagnostic_msgs/include/diagnostic_msgs/diagnostic_msgs/srv/detail/add_diagnostics__type_support.c
[0.795s] -- Up-to-date: /home/abhay/microros_ws/install/diagnostic_msgs/lib/libdiagnostic_msgs__rosidl_typesupport_introspection_c.so
[0.795s] -- Up-to-date: /home/abhay/microros_ws/install/diagnostic_msgs/lib/libdiagnostic_msgs__rosidl_typesupport_c.so
[0.795s] -- Up-to-date: /home/abhay/microros_ws/install/diagnostic_msgs/include/diagnostic_msgs/diagnostic_msgs
[0.795s] -- Up-to-date: /home/abhay/microros_ws/install/diagnostic_msgs/include/diagnostic_msgs/diagnostic_msgs/msg
[0.795s] -- Up-to-date: /home/abhay/microros_ws/install/diagnostic_msgs/include/diagnostic_msgs/diagnostic_msgs/msg/key_value.hpp
[0.795s] -- Up-to-date: /home/abhay/microros_ws/install/diagnostic_msgs/include/diagnostic_msgs/diagnostic_msgs/msg/diagnostic_status.hpp
[0.795s] -- Up-to-date: /home/abhay/microros_ws/install/diagnostic_msgs/include/diagnostic_msgs/diagnostic_msgs/msg/detail
[0.795s] -- Up-to-date: /home/abhay/microros_ws/install/diagnostic_msgs/include/diagnostic_msgs/diagnostic_msgs/msg/detail/diagnostic_array__struct.hpp
[0.795s] -- Up-to-date: /home/abhay/microros_ws/install/diagnostic_msgs/include/diagnostic_msgs/diagnostic_msgs/msg/detail/key_value__struct.hpp
[0.795s] -- Up-to-date: /home/abhay/microros_ws/install/diagnostic_msgs/include/diagnostic_msgs/diagnostic_msgs/msg/detail/key_value__traits.hpp
[0.796s] -- Up-to-date: /home/abhay/microros_ws/install/diagnostic_msgs/include/diagnostic_msgs/diagnostic_msgs/msg/detail/diagnostic_status__traits.hpp
[0.796s] -- Up-to-date: /home/abhay/microros_ws/install/diagnostic_msgs/include/diagnostic_msgs/diagnostic_msgs/msg/detail/diagnostic_status__builder.hpp
[0.796s] -- Up-to-date: /home/abhay/microros_ws/install/diagnostic_msgs/include/diagnostic_msgs/diagnostic_msgs/msg/detail/diagnostic_status__struct.hpp
[0.796s] -- Up-to-date: /home/abhay/microros_ws/install/diagnostic_msgs/include/diagnostic_msgs/diagnostic_msgs/msg/detail/diagnostic_array__traits.hpp
[0.796s] -- Up-to-date: /home/abhay/microros_ws/install/diagnostic_msgs/include/diagnostic_msgs/diagnostic_msgs/msg/detail/diagnostic_array__builder.hpp
[0.796s] -- Up-to-date: /home/abhay/microros_ws/install/diagnostic_msgs/include/diagnostic_msgs/diagnostic_msgs/msg/detail/key_value__builder.hpp
[0.796s] -- Up-to-date: /home/abhay/microros_ws/install/diagnostic_msgs/include/diagnostic_msgs/diagnostic_msgs/msg/diagnostic_array.hpp
[0.796s] -- Up-to-date: /home/abhay/microros_ws/install/diagnostic_msgs/include/diagnostic_msgs/diagnostic_msgs/srv
[0.796s] -- Up-to-date: /home/abhay/microros_ws/install/diagnostic_msgs/include/diagnostic_msgs/diagnostic_msgs/srv/detail
[0.796s] -- Up-to-date: /home/abhay/microros_ws/install/diagnostic_msgs/include/diagnostic_msgs/diagnostic_msgs/srv/detail/add_diagnostics__struct.hpp
[0.796s] -- Up-to-date: /home/abhay/microros_ws/install/diagnostic_msgs/include/diagnostic_msgs/diagnostic_msgs/srv/detail/self_test__struct.hpp
[0.796s] -- Up-to-date: /home/abhay/microros_ws/install/diagnostic_msgs/include/diagnostic_msgs/diagnostic_msgs/srv/detail/add_diagnostics__builder.hpp
[0.796s] -- Up-to-date: /home/abhay/microros_ws/install/diagnostic_msgs/include/diagnostic_msgs/diagnostic_msgs/srv/detail/self_test__builder.hpp
[0.797s] -- Up-to-date: /home/abhay/microros_ws/install/diagnostic_msgs/include/diagnostic_msgs/diagnostic_msgs/srv/detail/self_test__traits.hpp
[0.797s] -- Up-to-date: /home/abhay/microros_ws/install/diagnostic_msgs/include/diagnostic_msgs/diagnostic_msgs/srv/detail/add_diagnostics__traits.hpp
[0.797s] -- Up-to-date: /home/abhay/microros_ws/install/diagnostic_msgs/include/diagnostic_msgs/diagnostic_msgs/srv/add_diagnostics.hpp
[0.797s] -- Up-to-date: /home/abhay/microros_ws/install/diagnostic_msgs/include/diagnostic_msgs/diagnostic_msgs/srv/self_test.hpp
[0.797s] -- Up-to-date: /home/abhay/microros_ws/install/diagnostic_msgs/include/diagnostic_msgs
[0.797s] -- Up-to-date: /home/abhay/microros_ws/install/diagnostic_msgs/include/diagnostic_msgs/msg
[0.797s] -- Up-to-date: /home/abhay/microros_ws/install/diagnostic_msgs/include/diagnostic_msgs/msg/detail
[0.797s] -- Up-to-date: /home/abhay/microros_ws/install/diagnostic_msgs/include/diagnostic_msgs/msg/detail/diagnostic_array__rosidl_typesupport_microxrcedds_cpp.hpp
[0.797s] -- Up-to-date: /home/abhay/microros_ws/install/diagnostic_msgs/include/diagnostic_msgs/msg/detail/microxrcedds
[0.797s] -- Up-to-date: /home/abhay/microros_ws/install/diagnostic_msgs/include/diagnostic_msgs/msg/detail/microxrcedds/key_value__type_support_cpp.cpp
[0.797s] -- Up-to-date: /home/abhay/microros_ws/install/diagnostic_msgs/include/diagnostic_msgs/msg/detail/microxrcedds/diagnostic_status__type_support_cpp.cpp
[0.797s] -- Up-to-date: /home/abhay/microros_ws/install/diagnostic_msgs/include/diagnostic_msgs/msg/detail/microxrcedds/diagnostic_array__type_support_cpp.cpp
[0.797s] -- Up-to-date: /home/abhay/microros_ws/install/diagnostic_msgs/include/diagnostic_msgs/msg/detail/diagnostic_status__rosidl_typesupport_microxrcedds_cpp.hpp
[0.797s] -- Up-to-date: /home/abhay/microros_ws/install/diagnostic_msgs/include/diagnostic_msgs/msg/detail/key_value__rosidl_typesupport_microxrcedds_cpp.hpp
[0.797s] -- Up-to-date: /home/abhay/microros_ws/install/diagnostic_msgs/include/diagnostic_msgs/msg/rosidl_typesupport_microxrcedds_cpp__visibility_control.h
[0.797s] -- Up-to-date: /home/abhay/microros_ws/install/diagnostic_msgs/include/diagnostic_msgs/srv
[0.797s] -- Up-to-date: /home/abhay/microros_ws/install/diagnostic_msgs/include/diagnostic_msgs/srv/detail
[0.797s] -- Up-to-date: /home/abhay/microros_ws/install/diagnostic_msgs/include/diagnostic_msgs/srv/detail/add_diagnostics__rosidl_typesupport_microxrcedds_cpp.hpp
[0.797s] -- Up-to-date: /home/abhay/microros_ws/install/diagnostic_msgs/include/diagnostic_msgs/srv/detail/self_test__rosidl_typesupport_microxrcedds_cpp.hpp
[0.797s] -- Up-to-date: /home/abhay/microros_ws/install/diagnostic_msgs/include/diagnostic_msgs/srv/detail/microxrcedds
[0.797s] -- Up-to-date: /home/abhay/microros_ws/install/diagnostic_msgs/include/diagnostic_msgs/srv/detail/microxrcedds/self_test__type_support_cpp.cpp
[0.797s] -- Up-to-date: /home/abhay/microros_ws/install/diagnostic_msgs/include/diagnostic_msgs/srv/detail/microxrcedds/add_diagnostics__type_support_cpp.cpp
[0.797s] -- Up-to-date: /home/abhay/microros_ws/install/diagnostic_msgs/lib/libdiagnostic_msgs__rosidl_typesupport_microxrcedds_cpp.so
[0.797s] -- Up-to-date: /home/abhay/microros_ws/install/diagnostic_msgs/include/diagnostic_msgs/diagnostic_msgs
[0.798s] -- Up-to-date: /home/abhay/microros_ws/install/diagnostic_msgs/include/diagnostic_msgs/diagnostic_msgs/msg
[0.798s] -- Up-to-date: /home/abhay/microros_ws/install/diagnostic_msgs/include/diagnostic_msgs/diagnostic_msgs/msg/detail
[0.798s] -- Up-to-date: /home/abhay/microros_ws/install/diagnostic_msgs/include/diagnostic_msgs/diagnostic_msgs/msg/detail/diagnostic_status__rosidl_typesupport_fastrtps_cpp.hpp
[0.798s] -- Up-to-date: /home/abhay/microros_ws/install/diagnostic_msgs/include/diagnostic_msgs/diagnostic_msgs/msg/detail/key_value__rosidl_typesupport_fastrtps_cpp.hpp
[0.798s] -- Up-to-date: /home/abhay/microros_ws/install/diagnostic_msgs/include/diagnostic_msgs/diagnostic_msgs/msg/detail/dds_fastrtps
[0.798s] -- Up-to-date: /home/abhay/microros_ws/install/diagnostic_msgs/include/diagnostic_msgs/diagnostic_msgs/msg/detail/diagnostic_array__rosidl_typesupport_fastrtps_cpp.hpp
[0.798s] -- Up-to-date: /home/abhay/microros_ws/install/diagnostic_msgs/include/diagnostic_msgs/diagnostic_msgs/msg/rosidl_typesupport_fastrtps_cpp__visibility_control.h
[0.798s] -- Up-to-date: /home/abhay/microros_ws/install/diagnostic_msgs/include/diagnostic_msgs/diagnostic_msgs/srv
[0.798s] -- Up-to-date: /home/abhay/microros_ws/install/diagnostic_msgs/include/diagnostic_msgs/diagnostic_msgs/srv/detail
[0.798s] -- Up-to-date: /home/abhay/microros_ws/install/diagnostic_msgs/include/diagnostic_msgs/diagnostic_msgs/srv/detail/add_diagnostics__rosidl_typesupport_fastrtps_cpp.hpp
[0.798s] -- Up-to-date: /home/abhay/microros_ws/install/diagnostic_msgs/include/diagnostic_msgs/diagnostic_msgs/srv/detail/self_test__rosidl_typesupport_fastrtps_cpp.hpp
[0.798s] -- Up-to-date: /home/abhay/microros_ws/install/diagnostic_msgs/include/diagnostic_msgs/diagnostic_msgs/srv/detail/dds_fastrtps
[0.798s] -- Up-to-date: /home/abhay/microros_ws/install/diagnostic_msgs/lib/libdiagnostic_msgs__rosidl_typesupport_fastrtps_cpp.so
[0.798s] -- Up-to-date: /home/abhay/microros_ws/install/diagnostic_msgs/include/diagnostic_msgs/diagnostic_msgs
[0.798s] -- Up-to-date: /home/abhay/microros_ws/install/diagnostic_msgs/include/diagnostic_msgs/diagnostic_msgs/msg
[0.798s] -- Up-to-date: /home/abhay/microros_ws/install/diagnostic_msgs/include/diagnostic_msgs/diagnostic_msgs/msg/detail
[0.798s] -- Up-to-date: /home/abhay/microros_ws/install/diagnostic_msgs/include/diagnostic_msgs/diagnostic_msgs/msg/detail/diagnostic_array__type_support.cpp
[0.798s] -- Up-to-date: /home/abhay/microros_ws/install/diagnostic_msgs/include/diagnostic_msgs/diagnostic_msgs/msg/detail/key_value__rosidl_typesupport_introspection_cpp.hpp
[0.798s] -- Up-to-date: /home/abhay/microros_ws/install/diagnostic_msgs/include/diagnostic_msgs/diagnostic_msgs/msg/detail/key_value__type_support.cpp
[0.798s] -- Up-to-date: /home/abhay/microros_ws/install/diagnostic_msgs/include/diagnostic_msgs/diagnostic_msgs/msg/detail/diagnostic_array__rosidl_typesupport_introspection_cpp.hpp
[0.798s] -- Up-to-date: /home/abhay/microros_ws/install/diagnostic_msgs/include/diagnostic_msgs/diagnostic_msgs/msg/detail/diagnostic_status__rosidl_typesupport_introspection_cpp.hpp
[0.799s] -- Up-to-date: /home/abhay/microros_ws/install/diagnostic_msgs/include/diagnostic_msgs/diagnostic_msgs/msg/detail/diagnostic_status__type_support.cpp
[0.799s] -- Up-to-date: /home/abhay/microros_ws/install/diagnostic_msgs/include/diagnostic_msgs/diagnostic_msgs/srv
[0.799s] -- Up-to-date: /home/abhay/microros_ws/install/diagnostic_msgs/include/diagnostic_msgs/diagnostic_msgs/srv/detail
[0.799s] -- Up-to-date: /home/abhay/microros_ws/install/diagnostic_msgs/include/diagnostic_msgs/diagnostic_msgs/srv/detail/self_test__rosidl_typesupport_introspection_cpp.hpp
[0.799s] -- Up-to-date: /home/abhay/microros_ws/install/diagnostic_msgs/include/diagnostic_msgs/diagnostic_msgs/srv/detail/add_diagnostics__rosidl_typesupport_introspection_cpp.hpp
[0.799s] -- Up-to-date: /home/abhay/microros_ws/install/diagnostic_msgs/include/diagnostic_msgs/diagnostic_msgs/srv/detail/self_test__type_support.cpp
[0.799s] -- Up-to-date: /home/abhay/microros_ws/install/diagnostic_msgs/include/diagnostic_msgs/diagnostic_msgs/srv/detail/add_diagnostics__type_support.cpp
[0.799s] -- Up-to-date: /home/abhay/microros_ws/install/diagnostic_msgs/lib/libdiagnostic_msgs__rosidl_typesupport_introspection_cpp.so
[0.799s] -- Up-to-date: /home/abhay/microros_ws/install/diagnostic_msgs/lib/libdiagnostic_msgs__rosidl_typesupport_cpp.so
[0.799s] -- Up-to-date: /home/abhay/microros_ws/install/diagnostic_msgs/share/diagnostic_msgs/environment/pythonpath.sh
[0.799s] -- Up-to-date: /home/abhay/microros_ws/install/diagnostic_msgs/share/diagnostic_msgs/environment/pythonpath.dsv
[0.799s] -- Up-to-date: /home/abhay/microros_ws/install/diagnostic_msgs/local/lib/python3.10/dist-packages/diagnostic_msgs-4.2.3-py3.10.egg-info
[0.799s] -- Installing: /home/abhay/microros_ws/install/diagnostic_msgs/local/lib/python3.10/dist-packages/diagnostic_msgs-4.2.3-py3.10.egg-info/top_level.txt
[0.799s] -- Installing: /home/abhay/microros_ws/install/diagnostic_msgs/local/lib/python3.10/dist-packages/diagnostic_msgs-4.2.3-py3.10.egg-info/SOURCES.txt
[0.799s] -- Installing: /home/abhay/microros_ws/install/diagnostic_msgs/local/lib/python3.10/dist-packages/diagnostic_msgs-4.2.3-py3.10.egg-info/dependency_links.txt
[0.800s] -- Installing: /home/abhay/microros_ws/install/diagnostic_msgs/local/lib/python3.10/dist-packages/diagnostic_msgs-4.2.3-py3.10.egg-info/PKG-INFO
[0.800s] -- Up-to-date: /home/abhay/microros_ws/install/diagnostic_msgs/local/lib/python3.10/dist-packages/diagnostic_msgs
[0.800s] -- Up-to-date: /home/abhay/microros_ws/install/diagnostic_msgs/local/lib/python3.10/dist-packages/diagnostic_msgs/diagnostic_msgs_s__rosidl_typesupport_fastrtps_c.cpython-310-x86_64-linux-gnu.so
[0.800s] -- Up-to-date: /home/abhay/microros_ws/install/diagnostic_msgs/local/lib/python3.10/dist-packages/diagnostic_msgs/diagnostic_msgs_s__rosidl_typesupport_c.cpython-310-x86_64-linux-gnu.so
[0.800s] -- Up-to-date: /home/abhay/microros_ws/install/diagnostic_msgs/local/lib/python3.10/dist-packages/diagnostic_msgs/msg
[0.800s] -- Up-to-date: /home/abhay/microros_ws/install/diagnostic_msgs/local/lib/python3.10/dist-packages/diagnostic_msgs/msg/_diagnostic_array.py
[0.800s] -- Up-to-date: /home/abhay/microros_ws/install/diagnostic_msgs/local/lib/python3.10/dist-packages/diagnostic_msgs/msg/_key_value_s.c
[0.800s] -- Up-to-date: /home/abhay/microros_ws/install/diagnostic_msgs/local/lib/python3.10/dist-packages/diagnostic_msgs/msg/_diagnostic_array_s.c
[0.800s] -- Up-to-date: /home/abhay/microros_ws/install/diagnostic_msgs/local/lib/python3.10/dist-packages/diagnostic_msgs/msg/__init__.py
[0.800s] -- Up-to-date: /home/abhay/microros_ws/install/diagnostic_msgs/local/lib/python3.10/dist-packages/diagnostic_msgs/msg/_diagnostic_status_s.c
[0.800s] -- Up-to-date: /home/abhay/microros_ws/install/diagnostic_msgs/local/lib/python3.10/dist-packages/diagnostic_msgs/msg/_diagnostic_status.py
[0.800s] -- Up-to-date: /home/abhay/microros_ws/install/diagnostic_msgs/local/lib/python3.10/dist-packages/diagnostic_msgs/msg/_key_value.py
[0.800s] -- Up-to-date: /home/abhay/microros_ws/install/diagnostic_msgs/local/lib/python3.10/dist-packages/diagnostic_msgs/libdiagnostic_msgs__rosidl_generator_py.so
[0.800s] -- Up-to-date: /home/abhay/microros_ws/install/diagnostic_msgs/local/lib/python3.10/dist-packages/diagnostic_msgs/_diagnostic_msgs_s.ep.rosidl_typesupport_fastrtps_c.c
[0.800s] -- Up-to-date: /home/abhay/microros_ws/install/diagnostic_msgs/local/lib/python3.10/dist-packages/diagnostic_msgs/_diagnostic_msgs_s.ep.rosidl_typesupport_microxrcedds_c.c
[0.800s] -- Up-to-date: /home/abhay/microros_ws/install/diagnostic_msgs/local/lib/python3.10/dist-packages/diagnostic_msgs/diagnostic_msgs_s__rosidl_typesupport_introspection_c.cpython-310-x86_64-linux-gnu.so
[0.800s] -- Up-to-date: /home/abhay/microros_ws/install/diagnostic_msgs/local/lib/python3.10/dist-packages/diagnostic_msgs/diagnostic_msgs_s__rosidl_typesupport_microxrcedds_c.cpython-310-x86_64-linux-gnu.so
[0.800s] -- Up-to-date: /home/abhay/microros_ws/install/diagnostic_msgs/local/lib/python3.10/dist-packages/diagnostic_msgs/_diagnostic_msgs_s.ep.rosidl_typesupport_introspection_c.c
[0.801s] -- Up-to-date: /home/abhay/microros_ws/install/diagnostic_msgs/local/lib/python3.10/dist-packages/diagnostic_msgs/_diagnostic_msgs_s.ep.rosidl_typesupport_c.c
[0.801s] -- Up-to-date: /home/abhay/microros_ws/install/diagnostic_msgs/local/lib/python3.10/dist-packages/diagnostic_msgs/__init__.py
[0.801s] -- Up-to-date: /home/abhay/microros_ws/install/diagnostic_msgs/local/lib/python3.10/dist-packages/diagnostic_msgs/srv
[0.801s] -- Up-to-date: /home/abhay/microros_ws/install/diagnostic_msgs/local/lib/python3.10/dist-packages/diagnostic_msgs/srv/_self_test.py
[0.801s] -- Up-to-date: /home/abhay/microros_ws/install/diagnostic_msgs/local/lib/python3.10/dist-packages/diagnostic_msgs/srv/_add_diagnostics_s.c
[0.801s] -- Up-to-date: /home/abhay/microros_ws/install/diagnostic_msgs/local/lib/python3.10/dist-packages/diagnostic_msgs/srv/_self_test_s.c
[0.801s] -- Up-to-date: /home/abhay/microros_ws/install/diagnostic_msgs/local/lib/python3.10/dist-packages/diagnostic_msgs/srv/__init__.py
[0.801s] -- Up-to-date: /home/abhay/microros_ws/install/diagnostic_msgs/local/lib/python3.10/dist-packages/diagnostic_msgs/srv/_add_diagnostics.py
[0.818s] Listing '/home/abhay/microros_ws/install/diagnostic_msgs/local/lib/python3.10/dist-packages/diagnostic_msgs'...
[0.818s] Listing '/home/abhay/microros_ws/install/diagnostic_msgs/local/lib/python3.10/dist-packages/diagnostic_msgs/msg'...
[0.818s] Listing '/home/abhay/microros_ws/install/diagnostic_msgs/local/lib/python3.10/dist-packages/diagnostic_msgs/srv'...
[0.822s] -- Up-to-date: /home/abhay/microros_ws/install/diagnostic_msgs/local/lib/python3.10/dist-packages/diagnostic_msgs/diagnostic_msgs_s__rosidl_typesupport_microxrcedds_c.cpython-310-x86_64-linux-gnu.so
[0.822s] -- Up-to-date: /home/abhay/microros_ws/install/diagnostic_msgs/local/lib/python3.10/dist-packages/diagnostic_msgs/diagnostic_msgs_s__rosidl_typesupport_fastrtps_c.cpython-310-x86_64-linux-gnu.so
[0.823s] -- Up-to-date: /home/abhay/microros_ws/install/diagnostic_msgs/local/lib/python3.10/dist-packages/diagnostic_msgs/diagnostic_msgs_s__rosidl_typesupport_introspection_c.cpython-310-x86_64-linux-gnu.so
[0.823s] -- Up-to-date: /home/abhay/microros_ws/install/diagnostic_msgs/local/lib/python3.10/dist-packages/diagnostic_msgs/diagnostic_msgs_s__rosidl_typesupport_c.cpython-310-x86_64-linux-gnu.so
[0.823s] -- Up-to-date: /home/abhay/microros_ws/install/diagnostic_msgs/lib/libdiagnostic_msgs__rosidl_generator_py.so
[0.824s] -- Up-to-date: /home/abhay/microros_ws/install/diagnostic_msgs/share/diagnostic_msgs/msg/DiagnosticArray.idl
[0.824s] -- Up-to-date: /home/abhay/microros_ws/install/diagnostic_msgs/share/diagnostic_msgs/msg/DiagnosticStatus.idl
[0.824s] -- Up-to-date: /home/abhay/microros_ws/install/diagnostic_msgs/share/diagnostic_msgs/msg/KeyValue.idl
[0.824s] -- Up-to-date: /home/abhay/microros_ws/install/diagnostic_msgs/share/diagnostic_msgs/srv/AddDiagnostics.idl
[0.824s] -- Up-to-date: /home/abhay/microros_ws/install/diagnostic_msgs/share/diagnostic_msgs/srv/SelfTest.idl
[0.824s] -- Up-to-date: /home/abhay/microros_ws/install/diagnostic_msgs/share/diagnostic_msgs/msg/DiagnosticArray.msg
[0.825s] -- Up-to-date: /home/abhay/microros_ws/install/diagnostic_msgs/share/diagnostic_msgs/msg/DiagnosticStatus.msg
[0.825s] -- Up-to-date: /home/abhay/microros_ws/install/diagnostic_msgs/share/diagnostic_msgs/msg/KeyValue.msg
[0.825s] -- Up-to-date: /home/abhay/microros_ws/install/diagnostic_msgs/share/diagnostic_msgs/srv/AddDiagnostics.srv
[0.825s] -- Up-to-date: /home/abhay/microros_ws/install/diagnostic_msgs/share/diagnostic_msgs/srv/AddDiagnostics_Request.msg
[0.825s] -- Up-to-date: /home/abhay/microros_ws/install/diagnostic_msgs/share/diagnostic_msgs/srv/AddDiagnostics_Response.msg
[0.825s] -- Up-to-date: /home/abhay/microros_ws/install/diagnostic_msgs/share/diagnostic_msgs/srv/SelfTest.srv
[0.825s] -- Up-to-date: /home/abhay/microros_ws/install/diagnostic_msgs/share/diagnostic_msgs/srv/SelfTest_Request.msg
[0.825s] -- Up-to-date: /home/abhay/microros_ws/install/diagnostic_msgs/share/diagnostic_msgs/srv/SelfTest_Response.msg
[0.825s] -- Up-to-date: /home/abhay/microros_ws/install/diagnostic_msgs/share/ament_index/resource_index/package_run_dependencies/diagnostic_msgs
[0.826s] -- Up-to-date: /home/abhay/microros_ws/install/diagnostic_msgs/share/ament_index/resource_index/parent_prefix_path/diagnostic_msgs
[0.826s] -- Up-to-date: /home/abhay/microros_ws/install/diagnostic_msgs/share/diagnostic_msgs/environment/ament_prefix_path.sh
[0.826s] -- Up-to-date: /home/abhay/microros_ws/install/diagnostic_msgs/share/diagnostic_msgs/environment/ament_prefix_path.dsv
[0.826s] -- Up-to-date: /home/abhay/microros_ws/install/diagnostic_msgs/share/diagnostic_msgs/environment/path.sh
[0.826s] -- Up-to-date: /home/abhay/microros_ws/install/diagnostic_msgs/share/diagnostic_msgs/environment/path.dsv
[0.826s] -- Up-to-date: /home/abhay/microros_ws/install/diagnostic_msgs/share/diagnostic_msgs/local_setup.bash
[0.828s] -- Up-to-date: /home/abhay/microros_ws/install/diagnostic_msgs/share/diagnostic_msgs/local_setup.sh
[0.828s] -- Up-to-date: /home/abhay/microros_ws/install/diagnostic_msgs/share/diagnostic_msgs/local_setup.zsh
[0.828s] -- Up-to-date: /home/abhay/microros_ws/install/diagnostic_msgs/share/diagnostic_msgs/local_setup.dsv
[0.828s] -- Installing: /home/abhay/microros_ws/install/diagnostic_msgs/share/diagnostic_msgs/package.dsv
[0.829s] -- Up-to-date: /home/abhay/microros_ws/install/diagnostic_msgs/share/ament_index/resource_index/packages/diagnostic_msgs
[0.829s] -- Up-to-date: /home/abhay/microros_ws/install/diagnostic_msgs/share/diagnostic_msgs/cmake/export_diagnostic_msgs__rosidl_generator_cExport.cmake
[0.830s] -- Up-to-date: /home/abhay/microros_ws/install/diagnostic_msgs/share/diagnostic_msgs/cmake/export_diagnostic_msgs__rosidl_generator_cExport-noconfig.cmake
[0.830s] -- Up-to-date: /home/abhay/microros_ws/install/diagnostic_msgs/share/diagnostic_msgs/cmake/export_diagnostic_msgs__rosidl_typesupport_fastrtps_cExport.cmake
[0.830s] -- Up-to-date: /home/abhay/microros_ws/install/diagnostic_msgs/share/diagnostic_msgs/cmake/export_diagnostic_msgs__rosidl_typesupport_fastrtps_cExport-noconfig.cmake
[0.830s] -- Up-to-date: /home/abhay/microros_ws/install/diagnostic_msgs/share/diagnostic_msgs/cmake/diagnostic_msgs__rosidl_typesupport_introspection_cExport.cmake
[0.830s] -- Up-to-date: /home/abhay/microros_ws/install/diagnostic_msgs/share/diagnostic_msgs/cmake/diagnostic_msgs__rosidl_typesupport_introspection_cExport-noconfig.cmake
[0.830s] -- Up-to-date: /home/abhay/microros_ws/install/diagnostic_msgs/share/diagnostic_msgs/cmake/diagnostic_msgs__rosidl_typesupport_cExport.cmake
[0.830s] -- Up-to-date: /home/abhay/microros_ws/install/diagnostic_msgs/share/diagnostic_msgs/cmake/diagnostic_msgs__rosidl_typesupport_cExport-noconfig.cmake
[0.830s] -- Up-to-date: /home/abhay/microros_ws/install/diagnostic_msgs/share/diagnostic_msgs/cmake/export_diagnostic_msgs__rosidl_generator_cppExport.cmake
[0.830s] -- Up-to-date: /home/abhay/microros_ws/install/diagnostic_msgs/share/diagnostic_msgs/cmake/export_diagnostic_msgs__rosidl_typesupport_fastrtps_cppExport.cmake
[0.830s] -- Up-to-date: /home/abhay/microros_ws/install/diagnostic_msgs/share/diagnostic_msgs/cmake/export_diagnostic_msgs__rosidl_typesupport_fastrtps_cppExport-noconfig.cmake
[0.830s] -- Up-to-date: /home/abhay/microros_ws/install/diagnostic_msgs/share/diagnostic_msgs/cmake/diagnostic_msgs__rosidl_typesupport_introspection_cppExport.cmake
[0.830s] -- Up-to-date: /home/abhay/microros_ws/install/diagnostic_msgs/share/diagnostic_msgs/cmake/diagnostic_msgs__rosidl_typesupport_introspection_cppExport-noconfig.cmake
[0.830s] -- Up-to-date: /home/abhay/microros_ws/install/diagnostic_msgs/share/diagnostic_msgs/cmake/diagnostic_msgs__rosidl_typesupport_cppExport.cmake
[0.831s] -- Up-to-date: /home/abhay/microros_ws/install/diagnostic_msgs/share/diagnostic_msgs/cmake/diagnostic_msgs__rosidl_typesupport_cppExport-noconfig.cmake
[0.831s] -- Up-to-date: /home/abhay/microros_ws/install/diagnostic_msgs/share/diagnostic_msgs/cmake/export_diagnostic_msgs__rosidl_generator_pyExport.cmake
[0.831s] -- Up-to-date: /home/abhay/microros_ws/install/diagnostic_msgs/share/diagnostic_msgs/cmake/export_diagnostic_msgs__rosidl_generator_pyExport-noconfig.cmake
[0.831s] -- Up-to-date: /home/abhay/microros_ws/install/diagnostic_msgs/share/diagnostic_msgs/cmake/rosidl_cmake-extras.cmake
[0.831s] -- Up-to-date: /home/abhay/microros_ws/install/diagnostic_msgs/share/diagnostic_msgs/cmake/ament_cmake_export_dependencies-extras.cmake
[0.831s] -- Up-to-date: /home/abhay/microros_ws/install/diagnostic_msgs/share/diagnostic_msgs/cmake/ament_cmake_export_include_directories-extras.cmake
[0.831s] -- Up-to-date: /home/abhay/microros_ws/install/diagnostic_msgs/share/diagnostic_msgs/cmake/ament_cmake_export_libraries-extras.cmake
[0.831s] -- Up-to-date: /home/abhay/microros_ws/install/diagnostic_msgs/share/diagnostic_msgs/cmake/ament_cmake_export_targets-extras.cmake
[0.831s] -- Up-to-date: /home/abhay/microros_ws/install/diagnostic_msgs/share/diagnostic_msgs/cmake/rosidl_cmake_export_typesupport_targets-extras.cmake
[0.831s] -- Up-to-date: /home/abhay/microros_ws/install/diagnostic_msgs/share/diagnostic_msgs/cmake/rosidl_cmake_export_typesupport_libraries-extras.cmake
[0.831s] -- Up-to-date: /home/abhay/microros_ws/install/diagnostic_msgs/share/diagnostic_msgs/cmake/diagnostic_msgsConfig.cmake
[0.831s] -- Up-to-date: /home/abhay/microros_ws/install/diagnostic_msgs/share/diagnostic_msgs/cmake/diagnostic_msgsConfig-version.cmake
[0.831s] -- Up-to-date: /home/abhay/microros_ws/install/diagnostic_msgs/share/diagnostic_msgs/package.xml
[0.832s] Invoked command in '/home/abhay/microros_ws/build/diagnostic_msgs' returned '0': CMAKE_PREFIX_PATH=/home/abhay/microros_ws/install/geometry_msgs:/home/abhay/microros_ws/install/std_msgs:/home/abhay/microros_ws/install/builtin_interfaces:/home/abhay/microros_ws/install/micro_ros_demos_rclc:/home/abhay/microros_ws/install/common_interfaces:/home/abhay/microros_ws/install/visualization_msgs:/home/abhay/microros_ws/install/test_msgs:/home/abhay/microros_ws/install/example_interfaces:/home/abhay/microros_ws/install/action_msgs:/home/abhay/microros_ws/install/unique_identifier_msgs:/home/abhay/microros_ws/install/trajectory_msgs:/home/abhay/microros_ws/install/stereo_msgs:/home/abhay/microros_ws/install/std_srvs:/home/abhay/microros_ws/install/shape_msgs:/home/abhay/microros_ws/install/sensor_msgs:/home/abhay/microros_ws/install/nav_msgs:/home/abhay/microros_ws/install/diagnostic_msgs:/home/abhay/microros_ws/install/actionlib_msgs:/home/abhay/microros_ws/install/statistics_msgs:/home/abhay/microros_ws/install/rosidl_typesupport_microxrcedds_test_msg:/home/abhay/microros_ws/install/rosidl_typesupport_microxrcedds_cpp_tests:/home/abhay/microros_ws/install/rmw_microxrcedds:/home/abhay/microros_ws/install/rosidl_typesupport_microxrcedds_cpp:/home/abhay/microros_ws/install/rosidl_typesupport_microxrcedds_c_tests:/home/abhay/microros_ws/install/rosidl_typesupport_microxrcedds_c:/home/abhay/microros_ws/install/rosgraph_msgs:/home/abhay/microros_ws/install/rclc_parameter:/home/abhay/microros_ws/install/rclc:/home/abhay/microros_ws/install/composition_interfaces:/home/abhay/microros_ws/install/rcl_interfaces:/home/abhay/microros_ws/install/microxrcedds_client:/home/abhay/microros_ws/install/microcdr:/home/abhay/microros_ws/install/micro_ros_utilities:/home/abhay/microros_ws/install/micro_ros_msgs:/home/abhay/microros_ws/install/lifecycle_msgs:/home/abhay/microros_ws/install/complex_msgs:/home/abhay/microros_ws/install/micro_ros_setup:/home/abhay/microros_ws/install/sensor_msgs_py:/home/abhay/ros2_ws/install/py_srvcli:/home/abhay/ros2_ws/install/my_robot_controller:/opt/ros/humble LD_LIBRARY_PATH=/home/abhay/microros_ws/install/geometry_msgs/lib:/home/abhay/microros_ws/install/std_msgs/lib:/home/abhay/microros_ws/install/builtin_interfaces/lib:/home/abhay/microros_ws/install/visualization_msgs/lib:/home/abhay/microros_ws/install/test_msgs/lib:/home/abhay/microros_ws/install/example_interfaces/lib:/home/abhay/microros_ws/install/action_msgs/lib:/home/abhay/microros_ws/install/unique_identifier_msgs/lib:/home/abhay/microros_ws/install/trajectory_msgs/lib:/home/abhay/microros_ws/install/stereo_msgs/lib:/home/abhay/microros_ws/install/std_srvs/lib:/home/abhay/microros_ws/install/shape_msgs/lib:/home/abhay/microros_ws/install/sensor_msgs/lib:/home/abhay/microros_ws/install/nav_msgs/lib:/home/abhay/microros_ws/install/diagnostic_msgs/lib:/home/abhay/microros_ws/install/actionlib_msgs/lib:/home/abhay/microros_ws/install/statistics_msgs/lib:/home/abhay/microros_ws/install/rmw_microxrcedds/lib:/home/abhay/microros_ws/install/rosidl_typesupport_microxrcedds_cpp/lib:/home/abhay/microros_ws/install/rosidl_typesupport_microxrcedds_c/lib:/home/abhay/microros_ws/install/rosgraph_msgs/lib:/home/abhay/microros_ws/install/rclc_parameter/lib:/home/abhay/microros_ws/install/rclc/lib:/home/abhay/microros_ws/install/composition_interfaces/lib:/home/abhay/microros_ws/install/rcl_interfaces/lib:/home/abhay/microros_ws/install/microxrcedds_client/lib:/home/abhay/microros_ws/install/microcdr/lib:/home/abhay/microros_ws/install/micro_ros_utilities/lib:/home/abhay/microros_ws/install/micro_ros_msgs/lib:/home/abhay/microros_ws/install/lifecycle_msgs/lib:/home/abhay/microros_ws/install/complex_msgs/lib:/opt/ros/humble/opt/rviz_ogre_vendor/lib:/opt/ros/humble/lib/x86_64-linux-gnu:/opt/ros/humble/lib /usr/bin/cmake --install /home/abhay/microros_ws/build/diagnostic_msgs
