[0.029s] Invoking command in '/home/abhay/microros_ws/build/lifecycle_msgs': CMAKE_PREFIX_PATH=${CMAKE_PREFIX_PATH}:/home/abhay/microros_ws/install/sensor_msgs_py:/home/abhay/ros2_ws/install/py_srvcli:/home/abhay/ros2_ws/install/my_robot_controller:/opt/ros/humble /usr/bin/cmake --build /home/abhay/microros_ws/build/lifecycle_msgs -- -j16 -l16
[0.109s] [35m[1mConsolidate compiler generated dependencies of target lifecycle_msgs__rosidl_generator_c[0m
[0.125s] [  0%] Built target lifecycle_msgs__cpp
[0.141s] [ 10%] Built target lifecycle_msgs__rosidl_generator_c
[0.144s] [35m[1mConsolidate compiler generated dependencies of target lifecycle_msgs__rosidl_typesupport_cpp[0m
[0.148s] [35m[1mConsolidate compiler generated dependencies of target lifecycle_msgs__rosidl_typesupport_microxrcedds_cpp[0m
[0.159s] [35m[1mConsolidate compiler generated dependencies of target lifecycle_msgs__rosidl_typesupport_fastrtps_cpp[0m
[0.162s] [35m[1mConsolidate compiler generated dependencies of target lifecycle_msgs__rosidl_typesupport_introspection_c[0m
[0.163s] [35m[1mConsolidate compiler generated dependencies of target lifecycle_msgs__rosidl_typesupport_microxrcedds_c[0m
[0.164s] [35m[1mConsolidate compiler generated dependencies of target lifecycle_msgs__rosidl_typesupport_introspection_cpp[0m
[0.173s] [35m[1mConsolidate compiler generated dependencies of target lifecycle_msgs__rosidl_typesupport_fastrtps_c[0m
[0.181s] [ 10%] Built target ament_cmake_python_copy_lifecycle_msgs
[0.182s] [35m[1mConsolidate compiler generated dependencies of target lifecycle_msgs__rosidl_typesupport_c[0m
[0.208s] [ 19%] Built target lifecycle_msgs__rosidl_typesupport_cpp
[0.237s] [ 29%] Built target lifecycle_msgs__rosidl_typesupport_microxrcedds_cpp
[0.245s] [ 38%] Built target lifecycle_msgs__rosidl_typesupport_fastrtps_cpp
[0.245s] [ 47%] Built target lifecycle_msgs__rosidl_typesupport_introspection_cpp
[0.250s] [ 65%] Built target lifecycle_msgs__rosidl_typesupport_microxrcedds_c
[0.251s] [ 65%] Built target lifecycle_msgs__rosidl_typesupport_fastrtps_c
[0.251s] [ 74%] Built target lifecycle_msgs__rosidl_typesupport_c
[0.251s] [ 83%] Built target lifecycle_msgs__rosidl_typesupport_introspection_c
[0.257s] [ 83%] Built target lifecycle_msgs
[0.279s] [ 84%] Built target lifecycle_msgs__py
[0.295s] [35m[1mConsolidate compiler generated dependencies of target lifecycle_msgs__rosidl_generator_py[0m
[0.329s] [ 92%] Built target lifecycle_msgs__rosidl_generator_py
[0.352s] [35m[1mConsolidate compiler generated dependencies of target lifecycle_msgs__rosidl_typesupport_fastrtps_c__pyext[0m
[0.353s] [35m[1mConsolidate compiler generated dependencies of target lifecycle_msgs__rosidl_typesupport_microxrcedds_c__pyext[0m
[0.360s] [35m[1mConsolidate compiler generated dependencies of target lifecycle_msgs__rosidl_typesupport_c__pyext[0m
[0.364s] [35m[1mConsolidate compiler generated dependencies of target lifecycle_msgs__rosidl_typesupport_introspection_c__pyext[0m
[0.385s] [ 94%] Built target lifecycle_msgs__rosidl_typesupport_fastrtps_c__pyext
[0.386s] [ 96%] Built target lifecycle_msgs__rosidl_typesupport_c__pyext
[0.386s] [ 98%] Built target lifecycle_msgs__rosidl_typesupport_introspection_c__pyext
[0.392s] [100%] Built target lifecycle_msgs__rosidl_typesupport_microxrcedds_c__pyext
[0.527s] running egg_info
[0.527s] writing lifecycle_msgs.egg-info/PKG-INFO
[0.528s] writing dependency_links to lifecycle_msgs.egg-info/dependency_links.txt
[0.528s] writing top-level names to lifecycle_msgs.egg-info/top_level.txt
[0.530s] reading manifest file 'lifecycle_msgs.egg-info/SOURCES.txt'
[0.530s] writing manifest file 'lifecycle_msgs.egg-info/SOURCES.txt'
[0.556s] [100%] Built target ament_cmake_python_build_lifecycle_msgs_egg
[0.584s] Invoked command in '/home/abhay/microros_ws/build/lifecycle_msgs' returned '0': CMAKE_PREFIX_PATH=${CMAKE_PREFIX_PATH}:/home/abhay/microros_ws/install/sensor_msgs_py:/home/abhay/ros2_ws/install/py_srvcli:/home/abhay/ros2_ws/install/my_robot_controller:/opt/ros/humble /usr/bin/cmake --build /home/abhay/microros_ws/build/lifecycle_msgs -- -j16 -l16
[0.925s] Invoking command in '/home/abhay/microros_ws/build/lifecycle_msgs': CMAKE_PREFIX_PATH=${CMAKE_PREFIX_PATH}:/home/abhay/microros_ws/install/sensor_msgs_py:/home/abhay/ros2_ws/install/py_srvcli:/home/abhay/ros2_ws/install/my_robot_controller:/opt/ros/humble /usr/bin/cmake --install /home/abhay/microros_ws/build/lifecycle_msgs
[0.948s] -- Install configuration: ""
[0.948s] -- Up-to-date: /home/abhay/microros_ws/install/lifecycle_msgs/share/ament_index/resource_index/rosidl_interfaces/lifecycle_msgs
[0.949s] -- Up-to-date: /home/abhay/microros_ws/install/lifecycle_msgs/include/lifecycle_msgs/lifecycle_msgs
[0.950s] -- Up-to-date: /home/abhay/microros_ws/install/lifecycle_msgs/include/lifecycle_msgs/lifecycle_msgs/msg
[0.950s] -- Up-to-date: /home/abhay/microros_ws/install/lifecycle_msgs/include/lifecycle_msgs/lifecycle_msgs/msg/rosidl_generator_c__visibility_control.h
[0.950s] -- Up-to-date: /home/abhay/microros_ws/install/lifecycle_msgs/include/lifecycle_msgs/lifecycle_msgs/msg/transition_event.h
[0.950s] -- Up-to-date: /home/abhay/microros_ws/install/lifecycle_msgs/include/lifecycle_msgs/lifecycle_msgs/msg/detail
[0.950s] -- Up-to-date: /home/abhay/microros_ws/install/lifecycle_msgs/include/lifecycle_msgs/lifecycle_msgs/msg/detail/transition_description__functions.c
[0.951s] -- Up-to-date: /home/abhay/microros_ws/install/lifecycle_msgs/include/lifecycle_msgs/lifecycle_msgs/msg/detail/transition_description__struct.h
[0.952s] -- Up-to-date: /home/abhay/microros_ws/install/lifecycle_msgs/include/lifecycle_msgs/lifecycle_msgs/msg/detail/state__type_support.h
[0.954s] -- Up-to-date: /home/abhay/microros_ws/install/lifecycle_msgs/include/lifecycle_msgs/lifecycle_msgs/msg/detail/transition_event__functions.h
[0.954s] -- Up-to-date: /home/abhay/microros_ws/install/lifecycle_msgs/include/lifecycle_msgs/lifecycle_msgs/msg/detail/transition_event__functions.c
[0.955s] -- Up-to-date: /home/abhay/microros_ws/install/lifecycle_msgs/include/lifecycle_msgs/lifecycle_msgs/msg/detail/transition__type_support.h
[0.955s] -- Up-to-date: /home/abhay/microros_ws/install/lifecycle_msgs/include/lifecycle_msgs/lifecycle_msgs/msg/detail/state__functions.c
[0.955s] -- Up-to-date: /home/abhay/microros_ws/install/lifecycle_msgs/include/lifecycle_msgs/lifecycle_msgs/msg/detail/state__functions.h
[0.955s] -- Up-to-date: /home/abhay/microros_ws/install/lifecycle_msgs/include/lifecycle_msgs/lifecycle_msgs/msg/detail/transition__functions.h
[0.955s] -- Up-to-date: /home/abhay/microros_ws/install/lifecycle_msgs/include/lifecycle_msgs/lifecycle_msgs/msg/detail/transition_event__type_support.h
[0.955s] -- Up-to-date: /home/abhay/microros_ws/install/lifecycle_msgs/include/lifecycle_msgs/lifecycle_msgs/msg/detail/transition__struct.h
[0.955s] -- Up-to-date: /home/abhay/microros_ws/install/lifecycle_msgs/include/lifecycle_msgs/lifecycle_msgs/msg/detail/transition_description__type_support.h
[0.956s] -- Up-to-date: /home/abhay/microros_ws/install/lifecycle_msgs/include/lifecycle_msgs/lifecycle_msgs/msg/detail/transition_description__functions.h
[0.956s] -- Up-to-date: /home/abhay/microros_ws/install/lifecycle_msgs/include/lifecycle_msgs/lifecycle_msgs/msg/detail/transition__functions.c
[0.956s] -- Up-to-date: /home/abhay/microros_ws/install/lifecycle_msgs/include/lifecycle_msgs/lifecycle_msgs/msg/detail/state__struct.h
[0.956s] -- Up-to-date: /home/abhay/microros_ws/install/lifecycle_msgs/include/lifecycle_msgs/lifecycle_msgs/msg/detail/transition_event__struct.h
[0.956s] -- Up-to-date: /home/abhay/microros_ws/install/lifecycle_msgs/include/lifecycle_msgs/lifecycle_msgs/msg/transition_description.h
[0.956s] -- Up-to-date: /home/abhay/microros_ws/install/lifecycle_msgs/include/lifecycle_msgs/lifecycle_msgs/msg/state.h
[0.956s] -- Up-to-date: /home/abhay/microros_ws/install/lifecycle_msgs/include/lifecycle_msgs/lifecycle_msgs/msg/transition.h
[0.956s] -- Up-to-date: /home/abhay/microros_ws/install/lifecycle_msgs/include/lifecycle_msgs/lifecycle_msgs/srv
[0.956s] -- Up-to-date: /home/abhay/microros_ws/install/lifecycle_msgs/include/lifecycle_msgs/lifecycle_msgs/srv/get_available_states.h
[0.957s] -- Up-to-date: /home/abhay/microros_ws/install/lifecycle_msgs/include/lifecycle_msgs/lifecycle_msgs/srv/detail
[0.957s] -- Up-to-date: /home/abhay/microros_ws/install/lifecycle_msgs/include/lifecycle_msgs/lifecycle_msgs/srv/detail/change_state__struct.h
[0.957s] -- Up-to-date: /home/abhay/microros_ws/install/lifecycle_msgs/include/lifecycle_msgs/lifecycle_msgs/srv/detail/change_state__functions.h
[0.957s] -- Up-to-date: /home/abhay/microros_ws/install/lifecycle_msgs/include/lifecycle_msgs/lifecycle_msgs/srv/detail/get_available_states__functions.c
[0.957s] -- Up-to-date: /home/abhay/microros_ws/install/lifecycle_msgs/include/lifecycle_msgs/lifecycle_msgs/srv/detail/get_available_states__type_support.h
[0.957s] -- Up-to-date: /home/abhay/microros_ws/install/lifecycle_msgs/include/lifecycle_msgs/lifecycle_msgs/srv/detail/get_available_transitions__functions.h
[0.958s] -- Up-to-date: /home/abhay/microros_ws/install/lifecycle_msgs/include/lifecycle_msgs/lifecycle_msgs/srv/detail/get_available_transitions__type_support.h
[0.958s] -- Up-to-date: /home/abhay/microros_ws/install/lifecycle_msgs/include/lifecycle_msgs/lifecycle_msgs/srv/detail/get_state__functions.c
[0.958s] -- Up-to-date: /home/abhay/microros_ws/install/lifecycle_msgs/include/lifecycle_msgs/lifecycle_msgs/srv/detail/get_state__type_support.h
[0.958s] -- Up-to-date: /home/abhay/microros_ws/install/lifecycle_msgs/include/lifecycle_msgs/lifecycle_msgs/srv/detail/get_available_states__struct.h
[0.959s] -- Up-to-date: /home/abhay/microros_ws/install/lifecycle_msgs/include/lifecycle_msgs/lifecycle_msgs/srv/detail/get_state__struct.h
[0.959s] -- Up-to-date: /home/abhay/microros_ws/install/lifecycle_msgs/include/lifecycle_msgs/lifecycle_msgs/srv/detail/get_state__functions.h
[0.960s] -- Up-to-date: /home/abhay/microros_ws/install/lifecycle_msgs/include/lifecycle_msgs/lifecycle_msgs/srv/detail/change_state__type_support.h
[0.960s] -- Up-to-date: /home/abhay/microros_ws/install/lifecycle_msgs/include/lifecycle_msgs/lifecycle_msgs/srv/detail/change_state__functions.c
[0.960s] -- Up-to-date: /home/abhay/microros_ws/install/lifecycle_msgs/include/lifecycle_msgs/lifecycle_msgs/srv/detail/get_available_transitions__struct.h
[0.960s] -- Up-to-date: /home/abhay/microros_ws/install/lifecycle_msgs/include/lifecycle_msgs/lifecycle_msgs/srv/detail/get_available_states__functions.h
[0.960s] -- Up-to-date: /home/abhay/microros_ws/install/lifecycle_msgs/include/lifecycle_msgs/lifecycle_msgs/srv/detail/get_available_transitions__functions.c
[0.960s] -- Up-to-date: /home/abhay/microros_ws/install/lifecycle_msgs/include/lifecycle_msgs/lifecycle_msgs/srv/get_state.h
[0.961s] -- Up-to-date: /home/abhay/microros_ws/install/lifecycle_msgs/include/lifecycle_msgs/lifecycle_msgs/srv/get_available_transitions.h
[0.961s] -- Up-to-date: /home/abhay/microros_ws/install/lifecycle_msgs/include/lifecycle_msgs/lifecycle_msgs/srv/change_state.h
[0.961s] -- Up-to-date: /home/abhay/microros_ws/install/lifecycle_msgs/share/lifecycle_msgs/environment/library_path.sh
[0.961s] -- Up-to-date: /home/abhay/microros_ws/install/lifecycle_msgs/share/lifecycle_msgs/environment/library_path.dsv
[0.961s] -- Up-to-date: /home/abhay/microros_ws/install/lifecycle_msgs/lib/liblifecycle_msgs__rosidl_generator_c.so
[0.961s] -- Up-to-date: /home/abhay/microros_ws/install/lifecycle_msgs/include/lifecycle_msgs
[0.961s] -- Up-to-date: /home/abhay/microros_ws/install/lifecycle_msgs/include/lifecycle_msgs/msg
[0.961s] -- Up-to-date: /home/abhay/microros_ws/install/lifecycle_msgs/include/lifecycle_msgs/msg/detail
[0.961s] -- Up-to-date: /home/abhay/microros_ws/install/lifecycle_msgs/include/lifecycle_msgs/msg/detail/transition__rosidl_typesupport_microxrcedds_c.h
[0.962s] -- Up-to-date: /home/abhay/microros_ws/install/lifecycle_msgs/include/lifecycle_msgs/msg/detail/transition_event__rosidl_typesupport_microxrcedds_c.h
[0.962s] -- Up-to-date: /home/abhay/microros_ws/install/lifecycle_msgs/include/lifecycle_msgs/msg/detail/state__rosidl_typesupport_microxrcedds_c.h
[0.962s] -- Up-to-date: /home/abhay/microros_ws/install/lifecycle_msgs/include/lifecycle_msgs/msg/detail/microxrcedds
[0.962s] -- Up-to-date: /home/abhay/microros_ws/install/lifecycle_msgs/include/lifecycle_msgs/msg/detail/transition_description__rosidl_typesupport_microxrcedds_c.h
[0.962s] -- Up-to-date: /home/abhay/microros_ws/install/lifecycle_msgs/include/lifecycle_msgs/msg/rosidl_typesupport_microxrcedds_c__visibility_control.h
[0.962s] -- Up-to-date: /home/abhay/microros_ws/install/lifecycle_msgs/include/lifecycle_msgs/srv
[0.962s] -- Up-to-date: /home/abhay/microros_ws/install/lifecycle_msgs/include/lifecycle_msgs/srv/detail
[0.962s] -- Up-to-date: /home/abhay/microros_ws/install/lifecycle_msgs/include/lifecycle_msgs/srv/detail/change_state__rosidl_typesupport_microxrcedds_c.h
[0.962s] -- Up-to-date: /home/abhay/microros_ws/install/lifecycle_msgs/include/lifecycle_msgs/srv/detail/microxrcedds
[0.962s] -- Up-to-date: /home/abhay/microros_ws/install/lifecycle_msgs/include/lifecycle_msgs/srv/detail/get_available_states__rosidl_typesupport_microxrcedds_c.h
[0.962s] -- Up-to-date: /home/abhay/microros_ws/install/lifecycle_msgs/include/lifecycle_msgs/srv/detail/get_state__rosidl_typesupport_microxrcedds_c.h
[0.963s] -- Up-to-date: /home/abhay/microros_ws/install/lifecycle_msgs/include/lifecycle_msgs/srv/detail/get_available_transitions__rosidl_typesupport_microxrcedds_c.h
[0.963s] -- Up-to-date: /home/abhay/microros_ws/install/lifecycle_msgs/lib/liblifecycle_msgs__rosidl_typesupport_microxrcedds_c.so
[0.963s] -- Up-to-date: /home/abhay/microros_ws/install/lifecycle_msgs/include/lifecycle_msgs/lifecycle_msgs
[0.963s] -- Up-to-date: /home/abhay/microros_ws/install/lifecycle_msgs/include/lifecycle_msgs/lifecycle_msgs/msg
[0.963s] -- Up-to-date: /home/abhay/microros_ws/install/lifecycle_msgs/include/lifecycle_msgs/lifecycle_msgs/msg/detail
[0.963s] -- Up-to-date: /home/abhay/microros_ws/install/lifecycle_msgs/include/lifecycle_msgs/lifecycle_msgs/msg/detail/state__rosidl_typesupport_fastrtps_c.h
[0.963s] -- Up-to-date: /home/abhay/microros_ws/install/lifecycle_msgs/include/lifecycle_msgs/lifecycle_msgs/msg/detail/transition__rosidl_typesupport_fastrtps_c.h
[0.963s] -- Up-to-date: /home/abhay/microros_ws/install/lifecycle_msgs/include/lifecycle_msgs/lifecycle_msgs/msg/detail/transition_description__rosidl_typesupport_fastrtps_c.h
[0.963s] -- Up-to-date: /home/abhay/microros_ws/install/lifecycle_msgs/include/lifecycle_msgs/lifecycle_msgs/msg/detail/transition_event__rosidl_typesupport_fastrtps_c.h
[0.963s] -- Up-to-date: /home/abhay/microros_ws/install/lifecycle_msgs/include/lifecycle_msgs/lifecycle_msgs/msg/rosidl_typesupport_fastrtps_c__visibility_control.h
[0.963s] -- Up-to-date: /home/abhay/microros_ws/install/lifecycle_msgs/include/lifecycle_msgs/lifecycle_msgs/srv
[0.964s] -- Up-to-date: /home/abhay/microros_ws/install/lifecycle_msgs/include/lifecycle_msgs/lifecycle_msgs/srv/detail
[0.964s] -- Up-to-date: /home/abhay/microros_ws/install/lifecycle_msgs/include/lifecycle_msgs/lifecycle_msgs/srv/detail/get_available_transitions__rosidl_typesupport_fastrtps_c.h
[0.964s] -- Up-to-date: /home/abhay/microros_ws/install/lifecycle_msgs/include/lifecycle_msgs/lifecycle_msgs/srv/detail/get_state__rosidl_typesupport_fastrtps_c.h
[0.964s] -- Up-to-date: /home/abhay/microros_ws/install/lifecycle_msgs/include/lifecycle_msgs/lifecycle_msgs/srv/detail/get_available_states__rosidl_typesupport_fastrtps_c.h
[0.964s] -- Up-to-date: /home/abhay/microros_ws/install/lifecycle_msgs/include/lifecycle_msgs/lifecycle_msgs/srv/detail/change_state__rosidl_typesupport_fastrtps_c.h
[0.964s] -- Up-to-date: /home/abhay/microros_ws/install/lifecycle_msgs/lib/liblifecycle_msgs__rosidl_typesupport_fastrtps_c.so
[0.964s] -- Up-to-date: /home/abhay/microros_ws/install/lifecycle_msgs/include/lifecycle_msgs/lifecycle_msgs
[0.964s] -- Up-to-date: /home/abhay/microros_ws/install/lifecycle_msgs/include/lifecycle_msgs/lifecycle_msgs/msg
[0.964s] -- Up-to-date: /home/abhay/microros_ws/install/lifecycle_msgs/include/lifecycle_msgs/lifecycle_msgs/msg/detail
[0.964s] -- Up-to-date: /home/abhay/microros_ws/install/lifecycle_msgs/include/lifecycle_msgs/lifecycle_msgs/msg/detail/transition_description__type_support.c
[0.965s] -- Up-to-date: /home/abhay/microros_ws/install/lifecycle_msgs/include/lifecycle_msgs/lifecycle_msgs/msg/detail/transition_event__rosidl_typesupport_introspection_c.h
[0.965s] -- Up-to-date: /home/abhay/microros_ws/install/lifecycle_msgs/include/lifecycle_msgs/lifecycle_msgs/msg/detail/state__type_support.c
[0.965s] -- Up-to-date: /home/abhay/microros_ws/install/lifecycle_msgs/include/lifecycle_msgs/lifecycle_msgs/msg/detail/state__rosidl_typesupport_introspection_c.h
[0.965s] -- Up-to-date: /home/abhay/microros_ws/install/lifecycle_msgs/include/lifecycle_msgs/lifecycle_msgs/msg/detail/transition__type_support.c
[0.965s] -- Up-to-date: /home/abhay/microros_ws/install/lifecycle_msgs/include/lifecycle_msgs/lifecycle_msgs/msg/detail/transition__rosidl_typesupport_introspection_c.h
[0.965s] -- Up-to-date: /home/abhay/microros_ws/install/lifecycle_msgs/include/lifecycle_msgs/lifecycle_msgs/msg/detail/transition_event__type_support.c
[0.965s] -- Up-to-date: /home/abhay/microros_ws/install/lifecycle_msgs/include/lifecycle_msgs/lifecycle_msgs/msg/detail/transition_description__rosidl_typesupport_introspection_c.h
[0.965s] -- Up-to-date: /home/abhay/microros_ws/install/lifecycle_msgs/include/lifecycle_msgs/lifecycle_msgs/msg/rosidl_typesupport_introspection_c__visibility_control.h
[0.965s] -- Up-to-date: /home/abhay/microros_ws/install/lifecycle_msgs/include/lifecycle_msgs/lifecycle_msgs/srv
[0.965s] -- Up-to-date: /home/abhay/microros_ws/install/lifecycle_msgs/include/lifecycle_msgs/lifecycle_msgs/srv/detail
[0.966s] -- Up-to-date: /home/abhay/microros_ws/install/lifecycle_msgs/include/lifecycle_msgs/lifecycle_msgs/srv/detail/change_state__type_support.c
[0.966s] -- Up-to-date: /home/abhay/microros_ws/install/lifecycle_msgs/include/lifecycle_msgs/lifecycle_msgs/srv/detail/get_state__type_support.c
[0.966s] -- Up-to-date: /home/abhay/microros_ws/install/lifecycle_msgs/include/lifecycle_msgs/lifecycle_msgs/srv/detail/get_available_transitions__type_support.c
[0.966s] -- Up-to-date: /home/abhay/microros_ws/install/lifecycle_msgs/include/lifecycle_msgs/lifecycle_msgs/srv/detail/change_state__rosidl_typesupport_introspection_c.h
[0.966s] -- Up-to-date: /home/abhay/microros_ws/install/lifecycle_msgs/include/lifecycle_msgs/lifecycle_msgs/srv/detail/get_available_states__rosidl_typesupport_introspection_c.h
[0.966s] -- Up-to-date: /home/abhay/microros_ws/install/lifecycle_msgs/include/lifecycle_msgs/lifecycle_msgs/srv/detail/get_available_transitions__rosidl_typesupport_introspection_c.h
[0.966s] -- Up-to-date: /home/abhay/microros_ws/install/lifecycle_msgs/include/lifecycle_msgs/lifecycle_msgs/srv/detail/get_state__rosidl_typesupport_introspection_c.h
[0.966s] -- Up-to-date: /home/abhay/microros_ws/install/lifecycle_msgs/include/lifecycle_msgs/lifecycle_msgs/srv/detail/get_available_states__type_support.c
[0.966s] -- Up-to-date: /home/abhay/microros_ws/install/lifecycle_msgs/lib/liblifecycle_msgs__rosidl_typesupport_introspection_c.so
[0.966s] -- Up-to-date: /home/abhay/microros_ws/install/lifecycle_msgs/lib/liblifecycle_msgs__rosidl_typesupport_c.so
[0.966s] -- Up-to-date: /home/abhay/microros_ws/install/lifecycle_msgs/include/lifecycle_msgs/lifecycle_msgs
[0.966s] -- Up-to-date: /home/abhay/microros_ws/install/lifecycle_msgs/include/lifecycle_msgs/lifecycle_msgs/msg
[0.967s] -- Up-to-date: /home/abhay/microros_ws/install/lifecycle_msgs/include/lifecycle_msgs/lifecycle_msgs/msg/state.hpp
[0.967s] -- Up-to-date: /home/abhay/microros_ws/install/lifecycle_msgs/include/lifecycle_msgs/lifecycle_msgs/msg/detail
[0.967s] -- Up-to-date: /home/abhay/microros_ws/install/lifecycle_msgs/include/lifecycle_msgs/lifecycle_msgs/msg/detail/transition_event__struct.hpp
[0.967s] -- Up-to-date: /home/abhay/microros_ws/install/lifecycle_msgs/include/lifecycle_msgs/lifecycle_msgs/msg/detail/state__builder.hpp
[0.967s] -- Up-to-date: /home/abhay/microros_ws/install/lifecycle_msgs/include/lifecycle_msgs/lifecycle_msgs/msg/detail/transition_description__builder.hpp
[0.967s] -- Up-to-date: /home/abhay/microros_ws/install/lifecycle_msgs/include/lifecycle_msgs/lifecycle_msgs/msg/detail/transition__traits.hpp
[0.967s] -- Up-to-date: /home/abhay/microros_ws/install/lifecycle_msgs/include/lifecycle_msgs/lifecycle_msgs/msg/detail/transition_description__traits.hpp
[0.967s] -- Up-to-date: /home/abhay/microros_ws/install/lifecycle_msgs/include/lifecycle_msgs/lifecycle_msgs/msg/detail/transition__builder.hpp
[0.967s] -- Up-to-date: /home/abhay/microros_ws/install/lifecycle_msgs/include/lifecycle_msgs/lifecycle_msgs/msg/detail/transition_event__builder.hpp
[0.967s] -- Up-to-date: /home/abhay/microros_ws/install/lifecycle_msgs/include/lifecycle_msgs/lifecycle_msgs/msg/detail/state__traits.hpp
[0.968s] -- Up-to-date: /home/abhay/microros_ws/install/lifecycle_msgs/include/lifecycle_msgs/lifecycle_msgs/msg/detail/transition__struct.hpp
[0.968s] -- Up-to-date: /home/abhay/microros_ws/install/lifecycle_msgs/include/lifecycle_msgs/lifecycle_msgs/msg/detail/state__struct.hpp
[0.968s] -- Up-to-date: /home/abhay/microros_ws/install/lifecycle_msgs/include/lifecycle_msgs/lifecycle_msgs/msg/detail/transition_description__struct.hpp
[0.968s] -- Up-to-date: /home/abhay/microros_ws/install/lifecycle_msgs/include/lifecycle_msgs/lifecycle_msgs/msg/detail/transition_event__traits.hpp
[0.968s] -- Up-to-date: /home/abhay/microros_ws/install/lifecycle_msgs/include/lifecycle_msgs/lifecycle_msgs/msg/transition_description.hpp
[0.968s] -- Up-to-date: /home/abhay/microros_ws/install/lifecycle_msgs/include/lifecycle_msgs/lifecycle_msgs/msg/transition.hpp
[0.968s] -- Up-to-date: /home/abhay/microros_ws/install/lifecycle_msgs/include/lifecycle_msgs/lifecycle_msgs/msg/transition_event.hpp
[0.968s] -- Up-to-date: /home/abhay/microros_ws/install/lifecycle_msgs/include/lifecycle_msgs/lifecycle_msgs/srv
[0.968s] -- Up-to-date: /home/abhay/microros_ws/install/lifecycle_msgs/include/lifecycle_msgs/lifecycle_msgs/srv/detail
[0.968s] -- Up-to-date: /home/abhay/microros_ws/install/lifecycle_msgs/include/lifecycle_msgs/lifecycle_msgs/srv/detail/change_state__struct.hpp
[0.968s] -- Up-to-date: /home/abhay/microros_ws/install/lifecycle_msgs/include/lifecycle_msgs/lifecycle_msgs/srv/detail/change_state__traits.hpp
[0.968s] -- Up-to-date: /home/abhay/microros_ws/install/lifecycle_msgs/include/lifecycle_msgs/lifecycle_msgs/srv/detail/get_state__traits.hpp
[0.969s] -- Up-to-date: /home/abhay/microros_ws/install/lifecycle_msgs/include/lifecycle_msgs/lifecycle_msgs/srv/detail/get_state__builder.hpp
[0.969s] -- Up-to-date: /home/abhay/microros_ws/install/lifecycle_msgs/include/lifecycle_msgs/lifecycle_msgs/srv/detail/get_available_states__struct.hpp
[0.969s] -- Up-to-date: /home/abhay/microros_ws/install/lifecycle_msgs/include/lifecycle_msgs/lifecycle_msgs/srv/detail/get_available_transitions__builder.hpp
[0.969s] -- Up-to-date: /home/abhay/microros_ws/install/lifecycle_msgs/include/lifecycle_msgs/lifecycle_msgs/srv/detail/get_available_states__builder.hpp
[0.969s] -- Up-to-date: /home/abhay/microros_ws/install/lifecycle_msgs/include/lifecycle_msgs/lifecycle_msgs/srv/detail/get_available_transitions__struct.hpp
[0.969s] -- Up-to-date: /home/abhay/microros_ws/install/lifecycle_msgs/include/lifecycle_msgs/lifecycle_msgs/srv/detail/get_available_transitions__traits.hpp
[0.969s] -- Up-to-date: /home/abhay/microros_ws/install/lifecycle_msgs/include/lifecycle_msgs/lifecycle_msgs/srv/detail/get_available_states__traits.hpp
[0.969s] -- Up-to-date: /home/abhay/microros_ws/install/lifecycle_msgs/include/lifecycle_msgs/lifecycle_msgs/srv/detail/get_state__struct.hpp
[0.969s] -- Up-to-date: /home/abhay/microros_ws/install/lifecycle_msgs/include/lifecycle_msgs/lifecycle_msgs/srv/detail/change_state__builder.hpp
[0.969s] -- Up-to-date: /home/abhay/microros_ws/install/lifecycle_msgs/include/lifecycle_msgs/lifecycle_msgs/srv/change_state.hpp
[0.969s] -- Up-to-date: /home/abhay/microros_ws/install/lifecycle_msgs/include/lifecycle_msgs/lifecycle_msgs/srv/get_available_states.hpp
[0.969s] -- Up-to-date: /home/abhay/microros_ws/install/lifecycle_msgs/include/lifecycle_msgs/lifecycle_msgs/srv/get_available_transitions.hpp
[0.969s] -- Up-to-date: /home/abhay/microros_ws/install/lifecycle_msgs/include/lifecycle_msgs/lifecycle_msgs/srv/get_state.hpp
[0.969s] -- Up-to-date: /home/abhay/microros_ws/install/lifecycle_msgs/include/lifecycle_msgs
[0.970s] -- Up-to-date: /home/abhay/microros_ws/install/lifecycle_msgs/include/lifecycle_msgs/msg
[0.970s] -- Up-to-date: /home/abhay/microros_ws/install/lifecycle_msgs/include/lifecycle_msgs/msg/detail
[0.970s] -- Up-to-date: /home/abhay/microros_ws/install/lifecycle_msgs/include/lifecycle_msgs/msg/detail/transition__rosidl_typesupport_microxrcedds_cpp.hpp
[0.970s] -- Up-to-date: /home/abhay/microros_ws/install/lifecycle_msgs/include/lifecycle_msgs/msg/detail/transition_description__rosidl_typesupport_microxrcedds_cpp.hpp
[0.970s] -- Up-to-date: /home/abhay/microros_ws/install/lifecycle_msgs/include/lifecycle_msgs/msg/detail/microxrcedds
[0.970s] -- Up-to-date: /home/abhay/microros_ws/install/lifecycle_msgs/include/lifecycle_msgs/msg/detail/microxrcedds/transition__type_support_cpp.cpp
[0.970s] -- Up-to-date: /home/abhay/microros_ws/install/lifecycle_msgs/include/lifecycle_msgs/msg/detail/microxrcedds/transition_description__type_support_cpp.cpp
[0.971s] -- Up-to-date: /home/abhay/microros_ws/install/lifecycle_msgs/include/lifecycle_msgs/msg/detail/microxrcedds/state__type_support_cpp.cpp
[0.971s] -- Up-to-date: /home/abhay/microros_ws/install/lifecycle_msgs/include/lifecycle_msgs/msg/detail/microxrcedds/transition_event__type_support_cpp.cpp
[0.971s] -- Up-to-date: /home/abhay/microros_ws/install/lifecycle_msgs/include/lifecycle_msgs/msg/detail/transition_event__rosidl_typesupport_microxrcedds_cpp.hpp
[0.971s] -- Up-to-date: /home/abhay/microros_ws/install/lifecycle_msgs/include/lifecycle_msgs/msg/detail/state__rosidl_typesupport_microxrcedds_cpp.hpp
[0.971s] -- Up-to-date: /home/abhay/microros_ws/install/lifecycle_msgs/include/lifecycle_msgs/msg/rosidl_typesupport_microxrcedds_cpp__visibility_control.h
[0.971s] -- Up-to-date: /home/abhay/microros_ws/install/lifecycle_msgs/include/lifecycle_msgs/srv
[0.972s] -- Up-to-date: /home/abhay/microros_ws/install/lifecycle_msgs/include/lifecycle_msgs/srv/detail
[0.972s] -- Up-to-date: /home/abhay/microros_ws/install/lifecycle_msgs/include/lifecycle_msgs/srv/detail/get_available_transitions__rosidl_typesupport_microxrcedds_cpp.hpp
[0.972s] -- Up-to-date: /home/abhay/microros_ws/install/lifecycle_msgs/include/lifecycle_msgs/srv/detail/microxrcedds
[0.972s] -- Up-to-date: /home/abhay/microros_ws/install/lifecycle_msgs/include/lifecycle_msgs/srv/detail/microxrcedds/change_state__type_support_cpp.cpp
[0.972s] -- Up-to-date: /home/abhay/microros_ws/install/lifecycle_msgs/include/lifecycle_msgs/srv/detail/microxrcedds/get_available_transitions__type_support_cpp.cpp
[0.972s] -- Up-to-date: /home/abhay/microros_ws/install/lifecycle_msgs/include/lifecycle_msgs/srv/detail/microxrcedds/get_state__type_support_cpp.cpp
[0.972s] -- Up-to-date: /home/abhay/microros_ws/install/lifecycle_msgs/include/lifecycle_msgs/srv/detail/microxrcedds/get_available_states__type_support_cpp.cpp
[0.972s] -- Up-to-date: /home/abhay/microros_ws/install/lifecycle_msgs/include/lifecycle_msgs/srv/detail/change_state__rosidl_typesupport_microxrcedds_cpp.hpp
[0.972s] -- Up-to-date: /home/abhay/microros_ws/install/lifecycle_msgs/include/lifecycle_msgs/srv/detail/get_state__rosidl_typesupport_microxrcedds_cpp.hpp
[0.972s] -- Up-to-date: /home/abhay/microros_ws/install/lifecycle_msgs/include/lifecycle_msgs/srv/detail/get_available_states__rosidl_typesupport_microxrcedds_cpp.hpp
[0.972s] -- Up-to-date: /home/abhay/microros_ws/install/lifecycle_msgs/lib/liblifecycle_msgs__rosidl_typesupport_microxrcedds_cpp.so
[0.972s] -- Up-to-date: /home/abhay/microros_ws/install/lifecycle_msgs/include/lifecycle_msgs/lifecycle_msgs
[0.972s] -- Up-to-date: /home/abhay/microros_ws/install/lifecycle_msgs/include/lifecycle_msgs/lifecycle_msgs/msg
[0.972s] -- Up-to-date: /home/abhay/microros_ws/install/lifecycle_msgs/include/lifecycle_msgs/lifecycle_msgs/msg/detail
[0.973s] -- Up-to-date: /home/abhay/microros_ws/install/lifecycle_msgs/include/lifecycle_msgs/lifecycle_msgs/msg/detail/transition__rosidl_typesupport_fastrtps_cpp.hpp
[0.973s] -- Up-to-date: /home/abhay/microros_ws/install/lifecycle_msgs/include/lifecycle_msgs/lifecycle_msgs/msg/detail/state__rosidl_typesupport_fastrtps_cpp.hpp
[0.973s] -- Up-to-date: /home/abhay/microros_ws/install/lifecycle_msgs/include/lifecycle_msgs/lifecycle_msgs/msg/detail/dds_fastrtps
[0.973s] -- Up-to-date: /home/abhay/microros_ws/install/lifecycle_msgs/include/lifecycle_msgs/lifecycle_msgs/msg/detail/transition_description__rosidl_typesupport_fastrtps_cpp.hpp
[0.973s] -- Up-to-date: /home/abhay/microros_ws/install/lifecycle_msgs/include/lifecycle_msgs/lifecycle_msgs/msg/detail/transition_event__rosidl_typesupport_fastrtps_cpp.hpp
[0.974s] -- Up-to-date: /home/abhay/microros_ws/install/lifecycle_msgs/include/lifecycle_msgs/lifecycle_msgs/msg/rosidl_typesupport_fastrtps_cpp__visibility_control.h
[0.974s] -- Up-to-date: /home/abhay/microros_ws/install/lifecycle_msgs/include/lifecycle_msgs/lifecycle_msgs/srv
[0.974s] -- Up-to-date: /home/abhay/microros_ws/install/lifecycle_msgs/include/lifecycle_msgs/lifecycle_msgs/srv/detail
[0.974s] -- Up-to-date: /home/abhay/microros_ws/install/lifecycle_msgs/include/lifecycle_msgs/lifecycle_msgs/srv/detail/get_state__rosidl_typesupport_fastrtps_cpp.hpp
[0.974s] -- Up-to-date: /home/abhay/microros_ws/install/lifecycle_msgs/include/lifecycle_msgs/lifecycle_msgs/srv/detail/get_available_states__rosidl_typesupport_fastrtps_cpp.hpp
[0.974s] -- Up-to-date: /home/abhay/microros_ws/install/lifecycle_msgs/include/lifecycle_msgs/lifecycle_msgs/srv/detail/change_state__rosidl_typesupport_fastrtps_cpp.hpp
[0.974s] -- Up-to-date: /home/abhay/microros_ws/install/lifecycle_msgs/include/lifecycle_msgs/lifecycle_msgs/srv/detail/dds_fastrtps
[0.974s] -- Up-to-date: /home/abhay/microros_ws/install/lifecycle_msgs/include/lifecycle_msgs/lifecycle_msgs/srv/detail/get_available_transitions__rosidl_typesupport_fastrtps_cpp.hpp
[0.974s] -- Up-to-date: /home/abhay/microros_ws/install/lifecycle_msgs/lib/liblifecycle_msgs__rosidl_typesupport_fastrtps_cpp.so
[0.975s] -- Up-to-date: /home/abhay/microros_ws/install/lifecycle_msgs/include/lifecycle_msgs/lifecycle_msgs
[0.975s] -- Up-to-date: /home/abhay/microros_ws/install/lifecycle_msgs/include/lifecycle_msgs/lifecycle_msgs/msg
[0.975s] -- Up-to-date: /home/abhay/microros_ws/install/lifecycle_msgs/include/lifecycle_msgs/lifecycle_msgs/msg/detail
[0.975s] -- Up-to-date: /home/abhay/microros_ws/install/lifecycle_msgs/include/lifecycle_msgs/lifecycle_msgs/msg/detail/transition_event__type_support.cpp
[0.975s] -- Up-to-date: /home/abhay/microros_ws/install/lifecycle_msgs/include/lifecycle_msgs/lifecycle_msgs/msg/detail/transition_description__rosidl_typesupport_introspection_cpp.hpp
[0.975s] -- Up-to-date: /home/abhay/microros_ws/install/lifecycle_msgs/include/lifecycle_msgs/lifecycle_msgs/msg/detail/transition_event__rosidl_typesupport_introspection_cpp.hpp
[0.975s] -- Up-to-date: /home/abhay/microros_ws/install/lifecycle_msgs/include/lifecycle_msgs/lifecycle_msgs/msg/detail/state__rosidl_typesupport_introspection_cpp.hpp
[0.976s] -- Up-to-date: /home/abhay/microros_ws/install/lifecycle_msgs/include/lifecycle_msgs/lifecycle_msgs/msg/detail/state__type_support.cpp
[0.976s] -- Up-to-date: /home/abhay/microros_ws/install/lifecycle_msgs/include/lifecycle_msgs/lifecycle_msgs/msg/detail/transition__rosidl_typesupport_introspection_cpp.hpp
[0.976s] -- Up-to-date: /home/abhay/microros_ws/install/lifecycle_msgs/include/lifecycle_msgs/lifecycle_msgs/msg/detail/transition_description__type_support.cpp
[0.976s] -- Up-to-date: /home/abhay/microros_ws/install/lifecycle_msgs/include/lifecycle_msgs/lifecycle_msgs/msg/detail/transition__type_support.cpp
[0.976s] -- Up-to-date: /home/abhay/microros_ws/install/lifecycle_msgs/include/lifecycle_msgs/lifecycle_msgs/srv
[0.976s] -- Up-to-date: /home/abhay/microros_ws/install/lifecycle_msgs/include/lifecycle_msgs/lifecycle_msgs/srv/detail
[0.976s] -- Up-to-date: /home/abhay/microros_ws/install/lifecycle_msgs/include/lifecycle_msgs/lifecycle_msgs/srv/detail/get_available_transitions__rosidl_typesupport_introspection_cpp.hpp
[0.976s] -- Up-to-date: /home/abhay/microros_ws/install/lifecycle_msgs/include/lifecycle_msgs/lifecycle_msgs/srv/detail/get_available_states__rosidl_typesupport_introspection_cpp.hpp
[0.976s] -- Up-to-date: /home/abhay/microros_ws/install/lifecycle_msgs/include/lifecycle_msgs/lifecycle_msgs/srv/detail/get_available_states__type_support.cpp
[0.976s] -- Up-to-date: /home/abhay/microros_ws/install/lifecycle_msgs/include/lifecycle_msgs/lifecycle_msgs/srv/detail/get_available_transitions__type_support.cpp
[0.976s] -- Up-to-date: /home/abhay/microros_ws/install/lifecycle_msgs/include/lifecycle_msgs/lifecycle_msgs/srv/detail/get_state__type_support.cpp
[0.976s] -- Up-to-date: /home/abhay/microros_ws/install/lifecycle_msgs/include/lifecycle_msgs/lifecycle_msgs/srv/detail/get_state__rosidl_typesupport_introspection_cpp.hpp
[0.976s] -- Up-to-date: /home/abhay/microros_ws/install/lifecycle_msgs/include/lifecycle_msgs/lifecycle_msgs/srv/detail/change_state__type_support.cpp
[0.977s] -- Up-to-date: /home/abhay/microros_ws/install/lifecycle_msgs/include/lifecycle_msgs/lifecycle_msgs/srv/detail/change_state__rosidl_typesupport_introspection_cpp.hpp
[0.977s] -- Up-to-date: /home/abhay/microros_ws/install/lifecycle_msgs/lib/liblifecycle_msgs__rosidl_typesupport_introspection_cpp.so
[0.977s] -- Up-to-date: /home/abhay/microros_ws/install/lifecycle_msgs/lib/liblifecycle_msgs__rosidl_typesupport_cpp.so
[0.977s] -- Up-to-date: /home/abhay/microros_ws/install/lifecycle_msgs/share/lifecycle_msgs/environment/pythonpath.sh
[0.977s] -- Up-to-date: /home/abhay/microros_ws/install/lifecycle_msgs/share/lifecycle_msgs/environment/pythonpath.dsv
[0.977s] -- Up-to-date: /home/abhay/microros_ws/install/lifecycle_msgs/local/lib/python3.10/dist-packages/lifecycle_msgs-1.2.1-py3.10.egg-info
[0.977s] -- Installing: /home/abhay/microros_ws/install/lifecycle_msgs/local/lib/python3.10/dist-packages/lifecycle_msgs-1.2.1-py3.10.egg-info/top_level.txt
[0.977s] -- Installing: /home/abhay/microros_ws/install/lifecycle_msgs/local/lib/python3.10/dist-packages/lifecycle_msgs-1.2.1-py3.10.egg-info/SOURCES.txt
[0.977s] -- Installing: /home/abhay/microros_ws/install/lifecycle_msgs/local/lib/python3.10/dist-packages/lifecycle_msgs-1.2.1-py3.10.egg-info/dependency_links.txt
[0.977s] -- Installing: /home/abhay/microros_ws/install/lifecycle_msgs/local/lib/python3.10/dist-packages/lifecycle_msgs-1.2.1-py3.10.egg-info/PKG-INFO
[0.980s] -- Up-to-date: /home/abhay/microros_ws/install/lifecycle_msgs/local/lib/python3.10/dist-packages/lifecycle_msgs
[0.980s] -- Up-to-date: /home/abhay/microros_ws/install/lifecycle_msgs/local/lib/python3.10/dist-packages/lifecycle_msgs/msg
[0.980s] -- Up-to-date: /home/abhay/microros_ws/install/lifecycle_msgs/local/lib/python3.10/dist-packages/lifecycle_msgs/msg/_transition_description_s.c
[0.980s] -- Up-to-date: /home/abhay/microros_ws/install/lifecycle_msgs/local/lib/python3.10/dist-packages/lifecycle_msgs/msg/_transition_event.py
[0.980s] -- Up-to-date: /home/abhay/microros_ws/install/lifecycle_msgs/local/lib/python3.10/dist-packages/lifecycle_msgs/msg/_transition_s.c
[0.980s] -- Up-to-date: /home/abhay/microros_ws/install/lifecycle_msgs/local/lib/python3.10/dist-packages/lifecycle_msgs/msg/_transition_event_s.c
[0.980s] -- Up-to-date: /home/abhay/microros_ws/install/lifecycle_msgs/local/lib/python3.10/dist-packages/lifecycle_msgs/msg/_transition_description.py
[0.980s] -- Up-to-date: /home/abhay/microros_ws/install/lifecycle_msgs/local/lib/python3.10/dist-packages/lifecycle_msgs/msg/_state.py
[0.980s] -- Up-to-date: /home/abhay/microros_ws/install/lifecycle_msgs/local/lib/python3.10/dist-packages/lifecycle_msgs/msg/__init__.py
[0.980s] -- Up-to-date: /home/abhay/microros_ws/install/lifecycle_msgs/local/lib/python3.10/dist-packages/lifecycle_msgs/msg/_transition.py
[0.980s] -- Up-to-date: /home/abhay/microros_ws/install/lifecycle_msgs/local/lib/python3.10/dist-packages/lifecycle_msgs/msg/_state_s.c
[0.981s] -- Up-to-date: /home/abhay/microros_ws/install/lifecycle_msgs/local/lib/python3.10/dist-packages/lifecycle_msgs/_lifecycle_msgs_s.ep.rosidl_typesupport_microxrcedds_c.c
[0.981s] -- Up-to-date: /home/abhay/microros_ws/install/lifecycle_msgs/local/lib/python3.10/dist-packages/lifecycle_msgs/lifecycle_msgs_s__rosidl_typesupport_c.cpython-310-x86_64-linux-gnu.so
[0.981s] -- Up-to-date: /home/abhay/microros_ws/install/lifecycle_msgs/local/lib/python3.10/dist-packages/lifecycle_msgs/_lifecycle_msgs_s.ep.rosidl_typesupport_c.c
[0.981s] -- Up-to-date: /home/abhay/microros_ws/install/lifecycle_msgs/local/lib/python3.10/dist-packages/lifecycle_msgs/liblifecycle_msgs__rosidl_generator_py.so
[0.981s] -- Up-to-date: /home/abhay/microros_ws/install/lifecycle_msgs/local/lib/python3.10/dist-packages/lifecycle_msgs/lifecycle_msgs_s__rosidl_typesupport_introspection_c.cpython-310-x86_64-linux-gnu.so
[0.981s] -- Up-to-date: /home/abhay/microros_ws/install/lifecycle_msgs/local/lib/python3.10/dist-packages/lifecycle_msgs/_lifecycle_msgs_s.ep.rosidl_typesupport_introspection_c.c
[0.981s] -- Up-to-date: /home/abhay/microros_ws/install/lifecycle_msgs/local/lib/python3.10/dist-packages/lifecycle_msgs/lifecycle_msgs_s__rosidl_typesupport_microxrcedds_c.cpython-310-x86_64-linux-gnu.so
[0.981s] -- Up-to-date: /home/abhay/microros_ws/install/lifecycle_msgs/local/lib/python3.10/dist-packages/lifecycle_msgs/lifecycle_msgs_s__rosidl_typesupport_fastrtps_c.cpython-310-x86_64-linux-gnu.so
[0.981s] -- Up-to-date: /home/abhay/microros_ws/install/lifecycle_msgs/local/lib/python3.10/dist-packages/lifecycle_msgs/_lifecycle_msgs_s.ep.rosidl_typesupport_fastrtps_c.c
[0.981s] -- Up-to-date: /home/abhay/microros_ws/install/lifecycle_msgs/local/lib/python3.10/dist-packages/lifecycle_msgs/__init__.py
[0.981s] -- Up-to-date: /home/abhay/microros_ws/install/lifecycle_msgs/local/lib/python3.10/dist-packages/lifecycle_msgs/srv
[0.981s] -- Up-to-date: /home/abhay/microros_ws/install/lifecycle_msgs/local/lib/python3.10/dist-packages/lifecycle_msgs/srv/_get_available_states.py
[0.981s] -- Up-to-date: /home/abhay/microros_ws/install/lifecycle_msgs/local/lib/python3.10/dist-packages/lifecycle_msgs/srv/_change_state_s.c
[0.981s] -- Up-to-date: /home/abhay/microros_ws/install/lifecycle_msgs/local/lib/python3.10/dist-packages/lifecycle_msgs/srv/_get_available_transitions.py
[0.982s] -- Up-to-date: /home/abhay/microros_ws/install/lifecycle_msgs/local/lib/python3.10/dist-packages/lifecycle_msgs/srv/_get_state_s.c
[0.982s] -- Up-to-date: /home/abhay/microros_ws/install/lifecycle_msgs/local/lib/python3.10/dist-packages/lifecycle_msgs/srv/_get_available_states_s.c
[0.982s] -- Up-to-date: /home/abhay/microros_ws/install/lifecycle_msgs/local/lib/python3.10/dist-packages/lifecycle_msgs/srv/_get_state.py
[0.982s] -- Up-to-date: /home/abhay/microros_ws/install/lifecycle_msgs/local/lib/python3.10/dist-packages/lifecycle_msgs/srv/_get_available_transitions_s.c
[0.982s] -- Up-to-date: /home/abhay/microros_ws/install/lifecycle_msgs/local/lib/python3.10/dist-packages/lifecycle_msgs/srv/_change_state.py
[0.982s] -- Up-to-date: /home/abhay/microros_ws/install/lifecycle_msgs/local/lib/python3.10/dist-packages/lifecycle_msgs/srv/__init__.py
[1.024s] Listing '/home/abhay/microros_ws/install/lifecycle_msgs/local/lib/python3.10/dist-packages/lifecycle_msgs'...
[1.024s] Listing '/home/abhay/microros_ws/install/lifecycle_msgs/local/lib/python3.10/dist-packages/lifecycle_msgs/msg'...
[1.024s] Listing '/home/abhay/microros_ws/install/lifecycle_msgs/local/lib/python3.10/dist-packages/lifecycle_msgs/srv'...
[1.031s] -- Up-to-date: /home/abhay/microros_ws/install/lifecycle_msgs/local/lib/python3.10/dist-packages/lifecycle_msgs/lifecycle_msgs_s__rosidl_typesupport_microxrcedds_c.cpython-310-x86_64-linux-gnu.so
[1.031s] -- Up-to-date: /home/abhay/microros_ws/install/lifecycle_msgs/local/lib/python3.10/dist-packages/lifecycle_msgs/lifecycle_msgs_s__rosidl_typesupport_fastrtps_c.cpython-310-x86_64-linux-gnu.so
[1.031s] -- Up-to-date: /home/abhay/microros_ws/install/lifecycle_msgs/local/lib/python3.10/dist-packages/lifecycle_msgs/lifecycle_msgs_s__rosidl_typesupport_introspection_c.cpython-310-x86_64-linux-gnu.so
[1.032s] -- Up-to-date: /home/abhay/microros_ws/install/lifecycle_msgs/local/lib/python3.10/dist-packages/lifecycle_msgs/lifecycle_msgs_s__rosidl_typesupport_c.cpython-310-x86_64-linux-gnu.so
[1.032s] -- Up-to-date: /home/abhay/microros_ws/install/lifecycle_msgs/lib/liblifecycle_msgs__rosidl_generator_py.so
[1.032s] -- Up-to-date: /home/abhay/microros_ws/install/lifecycle_msgs/share/lifecycle_msgs/msg/State.idl
[1.032s] -- Up-to-date: /home/abhay/microros_ws/install/lifecycle_msgs/share/lifecycle_msgs/msg/Transition.idl
[1.032s] -- Up-to-date: /home/abhay/microros_ws/install/lifecycle_msgs/share/lifecycle_msgs/msg/TransitionDescription.idl
[1.032s] -- Up-to-date: /home/abhay/microros_ws/install/lifecycle_msgs/share/lifecycle_msgs/msg/TransitionEvent.idl
[1.033s] -- Up-to-date: /home/abhay/microros_ws/install/lifecycle_msgs/share/lifecycle_msgs/srv/ChangeState.idl
[1.033s] -- Up-to-date: /home/abhay/microros_ws/install/lifecycle_msgs/share/lifecycle_msgs/srv/GetAvailableStates.idl
[1.033s] -- Up-to-date: /home/abhay/microros_ws/install/lifecycle_msgs/share/lifecycle_msgs/srv/GetAvailableTransitions.idl
[1.033s] -- Up-to-date: /home/abhay/microros_ws/install/lifecycle_msgs/share/lifecycle_msgs/srv/GetState.idl
[1.033s] -- Up-to-date: /home/abhay/microros_ws/install/lifecycle_msgs/share/lifecycle_msgs/msg/State.msg
[1.033s] -- Up-to-date: /home/abhay/microros_ws/install/lifecycle_msgs/share/lifecycle_msgs/msg/Transition.msg
[1.033s] -- Up-to-date: /home/abhay/microros_ws/install/lifecycle_msgs/share/lifecycle_msgs/msg/TransitionDescription.msg
[1.033s] -- Up-to-date: /home/abhay/microros_ws/install/lifecycle_msgs/share/lifecycle_msgs/msg/TransitionEvent.msg
[1.033s] -- Up-to-date: /home/abhay/microros_ws/install/lifecycle_msgs/share/lifecycle_msgs/srv/ChangeState.srv
[1.034s] -- Up-to-date: /home/abhay/microros_ws/install/lifecycle_msgs/share/lifecycle_msgs/srv/ChangeState_Request.msg
[1.034s] -- Up-to-date: /home/abhay/microros_ws/install/lifecycle_msgs/share/lifecycle_msgs/srv/ChangeState_Response.msg
[1.034s] -- Up-to-date: /home/abhay/microros_ws/install/lifecycle_msgs/share/lifecycle_msgs/srv/GetAvailableStates.srv
[1.034s] -- Up-to-date: /home/abhay/microros_ws/install/lifecycle_msgs/share/lifecycle_msgs/srv/GetAvailableStates_Request.msg
[1.034s] -- Up-to-date: /home/abhay/microros_ws/install/lifecycle_msgs/share/lifecycle_msgs/srv/GetAvailableStates_Response.msg
[1.034s] -- Up-to-date: /home/abhay/microros_ws/install/lifecycle_msgs/share/lifecycle_msgs/srv/GetAvailableTransitions.srv
[1.034s] -- Up-to-date: /home/abhay/microros_ws/install/lifecycle_msgs/share/lifecycle_msgs/srv/GetAvailableTransitions_Request.msg
[1.034s] -- Up-to-date: /home/abhay/microros_ws/install/lifecycle_msgs/share/lifecycle_msgs/srv/GetAvailableTransitions_Response.msg
[1.034s] -- Up-to-date: /home/abhay/microros_ws/install/lifecycle_msgs/share/lifecycle_msgs/srv/GetState.srv
[1.034s] -- Up-to-date: /home/abhay/microros_ws/install/lifecycle_msgs/share/lifecycle_msgs/srv/GetState_Request.msg
[1.034s] -- Up-to-date: /home/abhay/microros_ws/install/lifecycle_msgs/share/lifecycle_msgs/srv/GetState_Response.msg
[1.035s] -- Up-to-date: /home/abhay/microros_ws/install/lifecycle_msgs/share/ament_index/resource_index/package_run_dependencies/lifecycle_msgs
[1.035s] -- Up-to-date: /home/abhay/microros_ws/install/lifecycle_msgs/share/ament_index/resource_index/parent_prefix_path/lifecycle_msgs
[1.035s] -- Up-to-date: /home/abhay/microros_ws/install/lifecycle_msgs/share/lifecycle_msgs/environment/ament_prefix_path.sh
[1.035s] -- Up-to-date: /home/abhay/microros_ws/install/lifecycle_msgs/share/lifecycle_msgs/environment/ament_prefix_path.dsv
[1.035s] -- Up-to-date: /home/abhay/microros_ws/install/lifecycle_msgs/share/lifecycle_msgs/environment/path.sh
[1.035s] -- Up-to-date: /home/abhay/microros_ws/install/lifecycle_msgs/share/lifecycle_msgs/environment/path.dsv
[1.035s] -- Up-to-date: /home/abhay/microros_ws/install/lifecycle_msgs/share/lifecycle_msgs/local_setup.bash
[1.035s] -- Up-to-date: /home/abhay/microros_ws/install/lifecycle_msgs/share/lifecycle_msgs/local_setup.sh
[1.035s] -- Up-to-date: /home/abhay/microros_ws/install/lifecycle_msgs/share/lifecycle_msgs/local_setup.zsh
[1.035s] -- Up-to-date: /home/abhay/microros_ws/install/lifecycle_msgs/share/lifecycle_msgs/local_setup.dsv
[1.036s] -- Installing: /home/abhay/microros_ws/install/lifecycle_msgs/share/lifecycle_msgs/package.dsv
[1.036s] -- Up-to-date: /home/abhay/microros_ws/install/lifecycle_msgs/share/ament_index/resource_index/packages/lifecycle_msgs
[1.036s] -- Up-to-date: /home/abhay/microros_ws/install/lifecycle_msgs/share/lifecycle_msgs/cmake/export_lifecycle_msgs__rosidl_generator_cExport.cmake
[1.036s] -- Up-to-date: /home/abhay/microros_ws/install/lifecycle_msgs/share/lifecycle_msgs/cmake/export_lifecycle_msgs__rosidl_generator_cExport-noconfig.cmake
[1.036s] -- Up-to-date: /home/abhay/microros_ws/install/lifecycle_msgs/share/lifecycle_msgs/cmake/export_lifecycle_msgs__rosidl_typesupport_fastrtps_cExport.cmake
[1.036s] -- Up-to-date: /home/abhay/microros_ws/install/lifecycle_msgs/share/lifecycle_msgs/cmake/export_lifecycle_msgs__rosidl_typesupport_fastrtps_cExport-noconfig.cmake
[1.036s] -- Up-to-date: /home/abhay/microros_ws/install/lifecycle_msgs/share/lifecycle_msgs/cmake/lifecycle_msgs__rosidl_typesupport_introspection_cExport.cmake
[1.036s] -- Up-to-date: /home/abhay/microros_ws/install/lifecycle_msgs/share/lifecycle_msgs/cmake/lifecycle_msgs__rosidl_typesupport_introspection_cExport-noconfig.cmake
[1.036s] -- Up-to-date: /home/abhay/microros_ws/install/lifecycle_msgs/share/lifecycle_msgs/cmake/lifecycle_msgs__rosidl_typesupport_cExport.cmake
[1.036s] -- Up-to-date: /home/abhay/microros_ws/install/lifecycle_msgs/share/lifecycle_msgs/cmake/lifecycle_msgs__rosidl_typesupport_cExport-noconfig.cmake
[1.036s] -- Up-to-date: /home/abhay/microros_ws/install/lifecycle_msgs/share/lifecycle_msgs/cmake/export_lifecycle_msgs__rosidl_generator_cppExport.cmake
[1.036s] -- Up-to-date: /home/abhay/microros_ws/install/lifecycle_msgs/share/lifecycle_msgs/cmake/export_lifecycle_msgs__rosidl_typesupport_fastrtps_cppExport.cmake
[1.036s] -- Up-to-date: /home/abhay/microros_ws/install/lifecycle_msgs/share/lifecycle_msgs/cmake/export_lifecycle_msgs__rosidl_typesupport_fastrtps_cppExport-noconfig.cmake
[1.036s] -- Up-to-date: /home/abhay/microros_ws/install/lifecycle_msgs/share/lifecycle_msgs/cmake/lifecycle_msgs__rosidl_typesupport_introspection_cppExport.cmake
[1.037s] -- Up-to-date: /home/abhay/microros_ws/install/lifecycle_msgs/share/lifecycle_msgs/cmake/lifecycle_msgs__rosidl_typesupport_introspection_cppExport-noconfig.cmake
[1.037s] -- Up-to-date: /home/abhay/microros_ws/install/lifecycle_msgs/share/lifecycle_msgs/cmake/lifecycle_msgs__rosidl_typesupport_cppExport.cmake
[1.037s] -- Up-to-date: /home/abhay/microros_ws/install/lifecycle_msgs/share/lifecycle_msgs/cmake/lifecycle_msgs__rosidl_typesupport_cppExport-noconfig.cmake
[1.037s] -- Up-to-date: /home/abhay/microros_ws/install/lifecycle_msgs/share/lifecycle_msgs/cmake/export_lifecycle_msgs__rosidl_generator_pyExport.cmake
[1.037s] -- Up-to-date: /home/abhay/microros_ws/install/lifecycle_msgs/share/lifecycle_msgs/cmake/export_lifecycle_msgs__rosidl_generator_pyExport-noconfig.cmake
[1.037s] -- Up-to-date: /home/abhay/microros_ws/install/lifecycle_msgs/share/lifecycle_msgs/cmake/rosidl_cmake-extras.cmake
[1.037s] -- Up-to-date: /home/abhay/microros_ws/install/lifecycle_msgs/share/lifecycle_msgs/cmake/ament_cmake_export_include_directories-extras.cmake
[1.037s] -- Up-to-date: /home/abhay/microros_ws/install/lifecycle_msgs/share/lifecycle_msgs/cmake/ament_cmake_export_libraries-extras.cmake
[1.037s] -- Up-to-date: /home/abhay/microros_ws/install/lifecycle_msgs/share/lifecycle_msgs/cmake/ament_cmake_export_targets-extras.cmake
[1.037s] -- Up-to-date: /home/abhay/microros_ws/install/lifecycle_msgs/share/lifecycle_msgs/cmake/rosidl_cmake_export_typesupport_targets-extras.cmake
[1.037s] -- Up-to-date: /home/abhay/microros_ws/install/lifecycle_msgs/share/lifecycle_msgs/cmake/ament_cmake_export_dependencies-extras.cmake
[1.037s] -- Up-to-date: /home/abhay/microros_ws/install/lifecycle_msgs/share/lifecycle_msgs/cmake/rosidl_cmake_export_typesupport_libraries-extras.cmake
[1.038s] -- Up-to-date: /home/abhay/microros_ws/install/lifecycle_msgs/share/lifecycle_msgs/cmake/lifecycle_msgsConfig.cmake
[1.038s] -- Up-to-date: /home/abhay/microros_ws/install/lifecycle_msgs/share/lifecycle_msgs/cmake/lifecycle_msgsConfig-version.cmake
[1.038s] -- Up-to-date: /home/abhay/microros_ws/install/lifecycle_msgs/share/lifecycle_msgs/package.xml
[1.046s] Invoked command in '/home/abhay/microros_ws/build/lifecycle_msgs' returned '0': CMAKE_PREFIX_PATH=${CMAKE_PREFIX_PATH}:/home/abhay/microros_ws/install/sensor_msgs_py:/home/abhay/ros2_ws/install/py_srvcli:/home/abhay/ros2_ws/install/my_robot_controller:/opt/ros/humble /usr/bin/cmake --install /home/abhay/microros_ws/build/lifecycle_msgs
