[0.030s] Invoking command in '/home/abhay/microros_ws/build/std_srvs': CMAKE_PREFIX_PATH=${CMAKE_PREFIX_PATH}:/home/abhay/microros_ws/install/sensor_msgs_py:/home/abhay/ros2_ws/install/py_srvcli:/home/abhay/ros2_ws/install/my_robot_controller:/opt/ros/humble /usr/bin/cmake --build /home/abhay/microros_ws/build/std_srvs -- -j16 -l16
[0.095s] [35m[1mConsolidate compiler generated dependencies of target std_srvs__rosidl_generator_c[0m
[0.102s] [  3%] Built target std_srvs__cpp
[0.102s] [ 10%] Built target std_srvs__rosidl_generator_c
[0.121s] [35m[1mConsolidate compiler generated dependencies of target std_srvs__rosidl_typesupport_microxrcedds_cpp[0m
[0.129s] [ 10%] Built target ament_cmake_python_copy_std_srvs
[0.134s] [35m[1mConsolidate compiler generated dependencies of target std_srvs__rosidl_typesupport_fastrtps_cpp[0m
[0.145s] [35m[1mConsolidate compiler generated dependencies of target std_srvs__rosidl_typesupport_cpp[0m
[0.149s] [ 18%] Built target std_srvs__rosidl_typesupport_microxrcedds_cpp
[0.154s] [35m[1mConsolidate compiler generated dependencies of target std_srvs__rosidl_typesupport_microxrcedds_c[0m
[0.169s] [35m[1mConsolidate compiler generated dependencies of target std_srvs__rosidl_typesupport_introspection_c[0m
[0.169s] [35m[1mConsolidate compiler generated dependencies of target std_srvs__rosidl_typesupport_fastrtps_c[0m
[0.177s] [35m[1mConsolidate compiler generated dependencies of target std_srvs__rosidl_typesupport_introspection_cpp[0m
[0.182s] [ 27%] Built target std_srvs__rosidl_typesupport_fastrtps_cpp
[0.183s] [ 35%] Built target std_srvs__rosidl_typesupport_cpp
[0.199s] [ 44%] Built target std_srvs__rosidl_typesupport_microxrcedds_c
[0.201s] [ 52%] Built target std_srvs__rosidl_typesupport_introspection_cpp
[0.201s] [ 61%] Built target std_srvs__rosidl_typesupport_fastrtps_c
[0.204s] [ 69%] Built target std_srvs__rosidl_typesupport_introspection_c
[0.205s] [35m[1mConsolidate compiler generated dependencies of target std_srvs__rosidl_typesupport_c[0m
[0.248s] [ 77%] Built target std_srvs__rosidl_typesupport_c
[0.255s] [ 77%] Built target std_srvs
[0.276s] [ 79%] Built target std_srvs__py
[0.287s] [35m[1mConsolidate compiler generated dependencies of target std_srvs__rosidl_generator_py[0m
[0.310s] [ 86%] Built target std_srvs__rosidl_generator_py
[0.330s] [35m[1mConsolidate compiler generated dependencies of target std_srvs__rosidl_typesupport_fastrtps_c__pyext[0m
[0.330s] [35m[1mConsolidate compiler generated dependencies of target std_srvs__rosidl_typesupport_introspection_c__pyext[0m
[0.330s] [35m[1mConsolidate compiler generated dependencies of target std_srvs__rosidl_typesupport_microxrcedds_c__pyext[0m
[0.330s] [35m[1mConsolidate compiler generated dependencies of target std_srvs__rosidl_typesupport_c__pyext[0m
[0.363s] [ 89%] Built target std_srvs__rosidl_typesupport_microxrcedds_c__pyext
[0.365s] [ 93%] Built target std_srvs__rosidl_typesupport_fastrtps_c__pyext
[0.367s] [ 96%] Built target std_srvs__rosidl_typesupport_introspection_c__pyext
[0.374s] [100%] Built target std_srvs__rosidl_typesupport_c__pyext
[0.579s] running egg_info
[0.580s] writing std_srvs.egg-info/PKG-INFO
[0.580s] writing dependency_links to std_srvs.egg-info/dependency_links.txt
[0.580s] writing top-level names to std_srvs.egg-info/top_level.txt
[0.582s] reading manifest file 'std_srvs.egg-info/SOURCES.txt'
[0.582s] writing manifest file 'std_srvs.egg-info/SOURCES.txt'
[0.609s] [100%] Built target ament_cmake_python_build_std_srvs_egg
[0.624s] Invoked command in '/home/abhay/microros_ws/build/std_srvs' returned '0': CMAKE_PREFIX_PATH=${CMAKE_PREFIX_PATH}:/home/abhay/microros_ws/install/sensor_msgs_py:/home/abhay/ros2_ws/install/py_srvcli:/home/abhay/ros2_ws/install/my_robot_controller:/opt/ros/humble /usr/bin/cmake --build /home/abhay/microros_ws/build/std_srvs -- -j16 -l16
[0.781s] Invoking command in '/home/abhay/microros_ws/build/std_srvs': CMAKE_PREFIX_PATH=${CMAKE_PREFIX_PATH}:/home/abhay/microros_ws/install/sensor_msgs_py:/home/abhay/ros2_ws/install/py_srvcli:/home/abhay/ros2_ws/install/my_robot_controller:/opt/ros/humble /usr/bin/cmake --install /home/abhay/microros_ws/build/std_srvs
[0.787s] -- Install configuration: ""
[0.787s] -- Up-to-date: /home/abhay/microros_ws/install/std_srvs/share/ament_index/resource_index/rosidl_interfaces/std_srvs
[0.787s] -- Up-to-date: /home/abhay/microros_ws/install/std_srvs/include/std_srvs/std_srvs
[0.787s] -- Up-to-date: /home/abhay/microros_ws/install/std_srvs/include/std_srvs/std_srvs/msg
[0.787s] -- Up-to-date: /home/abhay/microros_ws/install/std_srvs/include/std_srvs/std_srvs/msg/rosidl_generator_c__visibility_control.h
[0.787s] -- Up-to-date: /home/abhay/microros_ws/install/std_srvs/include/std_srvs/std_srvs/srv
[0.788s] -- Up-to-date: /home/abhay/microros_ws/install/std_srvs/include/std_srvs/std_srvs/srv/trigger.h
[0.788s] -- Up-to-date: /home/abhay/microros_ws/install/std_srvs/include/std_srvs/std_srvs/srv/detail
[0.788s] -- Up-to-date: /home/abhay/microros_ws/install/std_srvs/include/std_srvs/std_srvs/srv/detail/trigger__functions.h
[0.788s] -- Up-to-date: /home/abhay/microros_ws/install/std_srvs/include/std_srvs/std_srvs/srv/detail/set_bool__functions.h
[0.788s] -- Up-to-date: /home/abhay/microros_ws/install/std_srvs/include/std_srvs/std_srvs/srv/detail/trigger__type_support.h
[0.788s] -- Up-to-date: /home/abhay/microros_ws/install/std_srvs/include/std_srvs/std_srvs/srv/detail/empty__functions.h
[0.788s] -- Up-to-date: /home/abhay/microros_ws/install/std_srvs/include/std_srvs/std_srvs/srv/detail/trigger__struct.h
[0.788s] -- Up-to-date: /home/abhay/microros_ws/install/std_srvs/include/std_srvs/std_srvs/srv/detail/trigger__functions.c
[0.788s] -- Up-to-date: /home/abhay/microros_ws/install/std_srvs/include/std_srvs/std_srvs/srv/detail/empty__type_support.h
[0.788s] -- Up-to-date: /home/abhay/microros_ws/install/std_srvs/include/std_srvs/std_srvs/srv/detail/set_bool__struct.h
[0.788s] -- Up-to-date: /home/abhay/microros_ws/install/std_srvs/include/std_srvs/std_srvs/srv/detail/set_bool__functions.c
[0.788s] -- Up-to-date: /home/abhay/microros_ws/install/std_srvs/include/std_srvs/std_srvs/srv/detail/set_bool__type_support.h
[0.788s] -- Up-to-date: /home/abhay/microros_ws/install/std_srvs/include/std_srvs/std_srvs/srv/detail/empty__struct.h
[0.789s] -- Up-to-date: /home/abhay/microros_ws/install/std_srvs/include/std_srvs/std_srvs/srv/detail/empty__functions.c
[0.789s] -- Up-to-date: /home/abhay/microros_ws/install/std_srvs/include/std_srvs/std_srvs/srv/set_bool.h
[0.789s] -- Up-to-date: /home/abhay/microros_ws/install/std_srvs/include/std_srvs/std_srvs/srv/empty.h
[0.789s] -- Up-to-date: /home/abhay/microros_ws/install/std_srvs/share/std_srvs/environment/library_path.sh
[0.789s] -- Up-to-date: /home/abhay/microros_ws/install/std_srvs/share/std_srvs/environment/library_path.dsv
[0.789s] -- Up-to-date: /home/abhay/microros_ws/install/std_srvs/lib/libstd_srvs__rosidl_generator_c.so
[0.789s] -- Up-to-date: /home/abhay/microros_ws/install/std_srvs/include/std_srvs
[0.789s] -- Up-to-date: /home/abhay/microros_ws/install/std_srvs/include/std_srvs/msg
[0.789s] -- Up-to-date: /home/abhay/microros_ws/install/std_srvs/include/std_srvs/msg/rosidl_typesupport_microxrcedds_c__visibility_control.h
[0.789s] -- Up-to-date: /home/abhay/microros_ws/install/std_srvs/include/std_srvs/srv
[0.789s] -- Up-to-date: /home/abhay/microros_ws/install/std_srvs/include/std_srvs/srv/detail
[0.790s] -- Up-to-date: /home/abhay/microros_ws/install/std_srvs/include/std_srvs/srv/detail/empty__rosidl_typesupport_microxrcedds_c.h
[0.790s] -- Up-to-date: /home/abhay/microros_ws/install/std_srvs/include/std_srvs/srv/detail/microxrcedds
[0.790s] -- Up-to-date: /home/abhay/microros_ws/install/std_srvs/include/std_srvs/srv/detail/trigger__rosidl_typesupport_microxrcedds_c.h
[0.790s] -- Up-to-date: /home/abhay/microros_ws/install/std_srvs/include/std_srvs/srv/detail/set_bool__rosidl_typesupport_microxrcedds_c.h
[0.790s] -- Up-to-date: /home/abhay/microros_ws/install/std_srvs/lib/libstd_srvs__rosidl_typesupport_microxrcedds_c.so
[0.790s] -- Up-to-date: /home/abhay/microros_ws/install/std_srvs/include/std_srvs/std_srvs
[0.791s] -- Up-to-date: /home/abhay/microros_ws/install/std_srvs/include/std_srvs/std_srvs/msg
[0.791s] -- Up-to-date: /home/abhay/microros_ws/install/std_srvs/include/std_srvs/std_srvs/msg/rosidl_typesupport_fastrtps_c__visibility_control.h
[0.791s] -- Up-to-date: /home/abhay/microros_ws/install/std_srvs/include/std_srvs/std_srvs/srv
[0.791s] -- Up-to-date: /home/abhay/microros_ws/install/std_srvs/include/std_srvs/std_srvs/srv/detail
[0.791s] -- Up-to-date: /home/abhay/microros_ws/install/std_srvs/include/std_srvs/std_srvs/srv/detail/empty__rosidl_typesupport_fastrtps_c.h
[0.791s] -- Up-to-date: /home/abhay/microros_ws/install/std_srvs/include/std_srvs/std_srvs/srv/detail/set_bool__rosidl_typesupport_fastrtps_c.h
[0.791s] -- Up-to-date: /home/abhay/microros_ws/install/std_srvs/include/std_srvs/std_srvs/srv/detail/trigger__rosidl_typesupport_fastrtps_c.h
[0.791s] -- Up-to-date: /home/abhay/microros_ws/install/std_srvs/lib/libstd_srvs__rosidl_typesupport_fastrtps_c.so
[0.792s] -- Up-to-date: /home/abhay/microros_ws/install/std_srvs/include/std_srvs/std_srvs
[0.792s] -- Up-to-date: /home/abhay/microros_ws/install/std_srvs/include/std_srvs/std_srvs/msg
[0.792s] -- Up-to-date: /home/abhay/microros_ws/install/std_srvs/include/std_srvs/std_srvs/msg/rosidl_typesupport_introspection_c__visibility_control.h
[0.792s] -- Up-to-date: /home/abhay/microros_ws/install/std_srvs/include/std_srvs/std_srvs/srv
[0.792s] -- Up-to-date: /home/abhay/microros_ws/install/std_srvs/include/std_srvs/std_srvs/srv/detail
[0.792s] -- Up-to-date: /home/abhay/microros_ws/install/std_srvs/include/std_srvs/std_srvs/srv/detail/trigger__type_support.c
[0.792s] -- Up-to-date: /home/abhay/microros_ws/install/std_srvs/include/std_srvs/std_srvs/srv/detail/empty__rosidl_typesupport_introspection_c.h
[0.793s] -- Up-to-date: /home/abhay/microros_ws/install/std_srvs/include/std_srvs/std_srvs/srv/detail/empty__type_support.c
[0.793s] -- Up-to-date: /home/abhay/microros_ws/install/std_srvs/include/std_srvs/std_srvs/srv/detail/trigger__rosidl_typesupport_introspection_c.h
[0.793s] -- Up-to-date: /home/abhay/microros_ws/install/std_srvs/include/std_srvs/std_srvs/srv/detail/set_bool__type_support.c
[0.793s] -- Up-to-date: /home/abhay/microros_ws/install/std_srvs/include/std_srvs/std_srvs/srv/detail/set_bool__rosidl_typesupport_introspection_c.h
[0.793s] -- Up-to-date: /home/abhay/microros_ws/install/std_srvs/lib/libstd_srvs__rosidl_typesupport_introspection_c.so
[0.793s] -- Up-to-date: /home/abhay/microros_ws/install/std_srvs/lib/libstd_srvs__rosidl_typesupport_c.so
[0.793s] -- Up-to-date: /home/abhay/microros_ws/install/std_srvs/include/std_srvs/std_srvs
[0.794s] -- Up-to-date: /home/abhay/microros_ws/install/std_srvs/include/std_srvs/std_srvs/srv
[0.794s] -- Up-to-date: /home/abhay/microros_ws/install/std_srvs/include/std_srvs/std_srvs/srv/empty.hpp
[0.794s] -- Up-to-date: /home/abhay/microros_ws/install/std_srvs/include/std_srvs/std_srvs/srv/detail
[0.794s] -- Up-to-date: /home/abhay/microros_ws/install/std_srvs/include/std_srvs/std_srvs/srv/detail/trigger__struct.hpp
[0.794s] -- Up-to-date: /home/abhay/microros_ws/install/std_srvs/include/std_srvs/std_srvs/srv/detail/empty__struct.hpp
[0.794s] -- Up-to-date: /home/abhay/microros_ws/install/std_srvs/include/std_srvs/std_srvs/srv/detail/empty__traits.hpp
[0.794s] -- Up-to-date: /home/abhay/microros_ws/install/std_srvs/include/std_srvs/std_srvs/srv/detail/empty__builder.hpp
[0.794s] -- Up-to-date: /home/abhay/microros_ws/install/std_srvs/include/std_srvs/std_srvs/srv/detail/trigger__traits.hpp
[0.794s] -- Up-to-date: /home/abhay/microros_ws/install/std_srvs/include/std_srvs/std_srvs/srv/detail/set_bool__builder.hpp
[0.794s] -- Up-to-date: /home/abhay/microros_ws/install/std_srvs/include/std_srvs/std_srvs/srv/detail/trigger__builder.hpp
[0.794s] -- Up-to-date: /home/abhay/microros_ws/install/std_srvs/include/std_srvs/std_srvs/srv/detail/set_bool__traits.hpp
[0.794s] -- Up-to-date: /home/abhay/microros_ws/install/std_srvs/include/std_srvs/std_srvs/srv/detail/set_bool__struct.hpp
[0.794s] -- Up-to-date: /home/abhay/microros_ws/install/std_srvs/include/std_srvs/std_srvs/srv/trigger.hpp
[0.794s] -- Up-to-date: /home/abhay/microros_ws/install/std_srvs/include/std_srvs/std_srvs/srv/set_bool.hpp
[0.795s] -- Up-to-date: /home/abhay/microros_ws/install/std_srvs/include/std_srvs
[0.795s] -- Up-to-date: /home/abhay/microros_ws/install/std_srvs/include/std_srvs/msg
[0.795s] -- Up-to-date: /home/abhay/microros_ws/install/std_srvs/include/std_srvs/msg/rosidl_typesupport_microxrcedds_cpp__visibility_control.h
[0.795s] -- Up-to-date: /home/abhay/microros_ws/install/std_srvs/include/std_srvs/srv
[0.795s] -- Up-to-date: /home/abhay/microros_ws/install/std_srvs/include/std_srvs/srv/detail
[0.796s] -- Up-to-date: /home/abhay/microros_ws/install/std_srvs/include/std_srvs/srv/detail/microxrcedds
[0.796s] -- Up-to-date: /home/abhay/microros_ws/install/std_srvs/include/std_srvs/srv/detail/microxrcedds/empty__type_support_cpp.cpp
[0.796s] -- Up-to-date: /home/abhay/microros_ws/install/std_srvs/include/std_srvs/srv/detail/microxrcedds/trigger__type_support_cpp.cpp
[0.796s] -- Up-to-date: /home/abhay/microros_ws/install/std_srvs/include/std_srvs/srv/detail/microxrcedds/set_bool__type_support_cpp.cpp
[0.796s] -- Up-to-date: /home/abhay/microros_ws/install/std_srvs/include/std_srvs/srv/detail/set_bool__rosidl_typesupport_microxrcedds_cpp.hpp
[0.796s] -- Up-to-date: /home/abhay/microros_ws/install/std_srvs/include/std_srvs/srv/detail/trigger__rosidl_typesupport_microxrcedds_cpp.hpp
[0.796s] -- Up-to-date: /home/abhay/microros_ws/install/std_srvs/include/std_srvs/srv/detail/empty__rosidl_typesupport_microxrcedds_cpp.hpp
[0.796s] -- Up-to-date: /home/abhay/microros_ws/install/std_srvs/lib/libstd_srvs__rosidl_typesupport_microxrcedds_cpp.so
[0.797s] -- Up-to-date: /home/abhay/microros_ws/install/std_srvs/include/std_srvs/std_srvs
[0.797s] -- Up-to-date: /home/abhay/microros_ws/install/std_srvs/include/std_srvs/std_srvs/msg
[0.797s] -- Up-to-date: /home/abhay/microros_ws/install/std_srvs/include/std_srvs/std_srvs/msg/rosidl_typesupport_fastrtps_cpp__visibility_control.h
[0.797s] -- Up-to-date: /home/abhay/microros_ws/install/std_srvs/include/std_srvs/std_srvs/srv
[0.797s] -- Up-to-date: /home/abhay/microros_ws/install/std_srvs/include/std_srvs/std_srvs/srv/detail
[0.797s] -- Up-to-date: /home/abhay/microros_ws/install/std_srvs/include/std_srvs/std_srvs/srv/detail/trigger__rosidl_typesupport_fastrtps_cpp.hpp
[0.797s] -- Up-to-date: /home/abhay/microros_ws/install/std_srvs/include/std_srvs/std_srvs/srv/detail/empty__rosidl_typesupport_fastrtps_cpp.hpp
[0.797s] -- Up-to-date: /home/abhay/microros_ws/install/std_srvs/include/std_srvs/std_srvs/srv/detail/set_bool__rosidl_typesupport_fastrtps_cpp.hpp
[0.797s] -- Up-to-date: /home/abhay/microros_ws/install/std_srvs/include/std_srvs/std_srvs/srv/detail/dds_fastrtps
[0.798s] -- Up-to-date: /home/abhay/microros_ws/install/std_srvs/lib/libstd_srvs__rosidl_typesupport_fastrtps_cpp.so
[0.798s] -- Up-to-date: /home/abhay/microros_ws/install/std_srvs/include/std_srvs/std_srvs
[0.798s] -- Up-to-date: /home/abhay/microros_ws/install/std_srvs/include/std_srvs/std_srvs/srv
[0.798s] -- Up-to-date: /home/abhay/microros_ws/install/std_srvs/include/std_srvs/std_srvs/srv/detail
[0.798s] -- Up-to-date: /home/abhay/microros_ws/install/std_srvs/include/std_srvs/std_srvs/srv/detail/empty__type_support.cpp
[0.798s] -- Up-to-date: /home/abhay/microros_ws/install/std_srvs/include/std_srvs/std_srvs/srv/detail/empty__rosidl_typesupport_introspection_cpp.hpp
[0.798s] -- Up-to-date: /home/abhay/microros_ws/install/std_srvs/include/std_srvs/std_srvs/srv/detail/set_bool__rosidl_typesupport_introspection_cpp.hpp
[0.798s] -- Up-to-date: /home/abhay/microros_ws/install/std_srvs/include/std_srvs/std_srvs/srv/detail/trigger__rosidl_typesupport_introspection_cpp.hpp
[0.799s] -- Up-to-date: /home/abhay/microros_ws/install/std_srvs/include/std_srvs/std_srvs/srv/detail/trigger__type_support.cpp
[0.799s] -- Up-to-date: /home/abhay/microros_ws/install/std_srvs/include/std_srvs/std_srvs/srv/detail/set_bool__type_support.cpp
[0.799s] -- Up-to-date: /home/abhay/microros_ws/install/std_srvs/lib/libstd_srvs__rosidl_typesupport_introspection_cpp.so
[0.799s] -- Up-to-date: /home/abhay/microros_ws/install/std_srvs/lib/libstd_srvs__rosidl_typesupport_cpp.so
[0.799s] -- Up-to-date: /home/abhay/microros_ws/install/std_srvs/share/std_srvs/environment/pythonpath.sh
[0.799s] -- Up-to-date: /home/abhay/microros_ws/install/std_srvs/share/std_srvs/environment/pythonpath.dsv
[0.799s] -- Up-to-date: /home/abhay/microros_ws/install/std_srvs/local/lib/python3.10/dist-packages/std_srvs-4.2.3-py3.10.egg-info
[0.799s] -- Installing: /home/abhay/microros_ws/install/std_srvs/local/lib/python3.10/dist-packages/std_srvs-4.2.3-py3.10.egg-info/top_level.txt
[0.799s] -- Installing: /home/abhay/microros_ws/install/std_srvs/local/lib/python3.10/dist-packages/std_srvs-4.2.3-py3.10.egg-info/SOURCES.txt
[0.799s] -- Installing: /home/abhay/microros_ws/install/std_srvs/local/lib/python3.10/dist-packages/std_srvs-4.2.3-py3.10.egg-info/dependency_links.txt
[0.799s] -- Installing: /home/abhay/microros_ws/install/std_srvs/local/lib/python3.10/dist-packages/std_srvs-4.2.3-py3.10.egg-info/PKG-INFO
[0.799s] -- Up-to-date: /home/abhay/microros_ws/install/std_srvs/local/lib/python3.10/dist-packages/std_srvs
[0.800s] -- Up-to-date: /home/abhay/microros_ws/install/std_srvs/local/lib/python3.10/dist-packages/std_srvs/std_srvs_s__rosidl_typesupport_introspection_c.cpython-310-x86_64-linux-gnu.so
[0.800s] -- Up-to-date: /home/abhay/microros_ws/install/std_srvs/local/lib/python3.10/dist-packages/std_srvs/std_srvs_s__rosidl_typesupport_microxrcedds_c.cpython-310-x86_64-linux-gnu.so
[0.800s] -- Up-to-date: /home/abhay/microros_ws/install/std_srvs/local/lib/python3.10/dist-packages/std_srvs/_std_srvs_s.ep.rosidl_typesupport_c.c
[0.800s] -- Up-to-date: /home/abhay/microros_ws/install/std_srvs/local/lib/python3.10/dist-packages/std_srvs/libstd_srvs__rosidl_generator_py.so
[0.800s] -- Up-to-date: /home/abhay/microros_ws/install/std_srvs/local/lib/python3.10/dist-packages/std_srvs/std_srvs_s__rosidl_typesupport_c.cpython-310-x86_64-linux-gnu.so
[0.800s] -- Up-to-date: /home/abhay/microros_ws/install/std_srvs/local/lib/python3.10/dist-packages/std_srvs/_std_srvs_s.ep.rosidl_typesupport_fastrtps_c.c
[0.800s] -- Up-to-date: /home/abhay/microros_ws/install/std_srvs/local/lib/python3.10/dist-packages/std_srvs/std_srvs_s__rosidl_typesupport_fastrtps_c.cpython-310-x86_64-linux-gnu.so
[0.800s] -- Up-to-date: /home/abhay/microros_ws/install/std_srvs/local/lib/python3.10/dist-packages/std_srvs/_std_srvs_s.ep.rosidl_typesupport_introspection_c.c
[0.800s] -- Up-to-date: /home/abhay/microros_ws/install/std_srvs/local/lib/python3.10/dist-packages/std_srvs/__init__.py
[0.800s] -- Up-to-date: /home/abhay/microros_ws/install/std_srvs/local/lib/python3.10/dist-packages/std_srvs/srv
[0.800s] -- Up-to-date: /home/abhay/microros_ws/install/std_srvs/local/lib/python3.10/dist-packages/std_srvs/srv/_trigger_s.c
[0.800s] -- Up-to-date: /home/abhay/microros_ws/install/std_srvs/local/lib/python3.10/dist-packages/std_srvs/srv/_empty_s.c
[0.801s] -- Up-to-date: /home/abhay/microros_ws/install/std_srvs/local/lib/python3.10/dist-packages/std_srvs/srv/_empty.py
[0.801s] -- Up-to-date: /home/abhay/microros_ws/install/std_srvs/local/lib/python3.10/dist-packages/std_srvs/srv/_trigger.py
[0.801s] -- Up-to-date: /home/abhay/microros_ws/install/std_srvs/local/lib/python3.10/dist-packages/std_srvs/srv/_set_bool_s.c
[0.801s] -- Up-to-date: /home/abhay/microros_ws/install/std_srvs/local/lib/python3.10/dist-packages/std_srvs/srv/__init__.py
[0.801s] -- Up-to-date: /home/abhay/microros_ws/install/std_srvs/local/lib/python3.10/dist-packages/std_srvs/srv/_set_bool.py
[0.801s] -- Up-to-date: /home/abhay/microros_ws/install/std_srvs/local/lib/python3.10/dist-packages/std_srvs/_std_srvs_s.ep.rosidl_typesupport_microxrcedds_c.c
[0.839s] Listing '/home/abhay/microros_ws/install/std_srvs/local/lib/python3.10/dist-packages/std_srvs'...
[0.840s] Listing '/home/abhay/microros_ws/install/std_srvs/local/lib/python3.10/dist-packages/std_srvs/srv'...
[0.840s] -- Up-to-date: /home/abhay/microros_ws/install/std_srvs/local/lib/python3.10/dist-packages/std_srvs/std_srvs_s__rosidl_typesupport_microxrcedds_c.cpython-310-x86_64-linux-gnu.so
[0.840s] -- Up-to-date: /home/abhay/microros_ws/install/std_srvs/local/lib/python3.10/dist-packages/std_srvs/std_srvs_s__rosidl_typesupport_fastrtps_c.cpython-310-x86_64-linux-gnu.so
[0.840s] -- Up-to-date: /home/abhay/microros_ws/install/std_srvs/local/lib/python3.10/dist-packages/std_srvs/std_srvs_s__rosidl_typesupport_introspection_c.cpython-310-x86_64-linux-gnu.so
[0.840s] -- Up-to-date: /home/abhay/microros_ws/install/std_srvs/local/lib/python3.10/dist-packages/std_srvs/std_srvs_s__rosidl_typesupport_c.cpython-310-x86_64-linux-gnu.so
[0.841s] -- Up-to-date: /home/abhay/microros_ws/install/std_srvs/lib/libstd_srvs__rosidl_generator_py.so
[0.841s] -- Up-to-date: /home/abhay/microros_ws/install/std_srvs/share/std_srvs/srv/Empty.idl
[0.841s] -- Up-to-date: /home/abhay/microros_ws/install/std_srvs/share/std_srvs/srv/SetBool.idl
[0.841s] -- Up-to-date: /home/abhay/microros_ws/install/std_srvs/share/std_srvs/srv/Trigger.idl
[0.841s] -- Up-to-date: /home/abhay/microros_ws/install/std_srvs/share/std_srvs/srv/Empty.srv
[0.841s] -- Up-to-date: /home/abhay/microros_ws/install/std_srvs/share/std_srvs/srv/Empty_Request.msg
[0.841s] -- Up-to-date: /home/abhay/microros_ws/install/std_srvs/share/std_srvs/srv/Empty_Response.msg
[0.841s] -- Up-to-date: /home/abhay/microros_ws/install/std_srvs/share/std_srvs/srv/SetBool.srv
[0.841s] -- Up-to-date: /home/abhay/microros_ws/install/std_srvs/share/std_srvs/srv/SetBool_Request.msg
[0.841s] -- Up-to-date: /home/abhay/microros_ws/install/std_srvs/share/std_srvs/srv/SetBool_Response.msg
[0.842s] -- Up-to-date: /home/abhay/microros_ws/install/std_srvs/share/std_srvs/srv/Trigger.srv
[0.842s] -- Up-to-date: /home/abhay/microros_ws/install/std_srvs/share/std_srvs/srv/Trigger_Request.msg
[0.842s] -- Up-to-date: /home/abhay/microros_ws/install/std_srvs/share/std_srvs/srv/Trigger_Response.msg
[0.842s] -- Up-to-date: /home/abhay/microros_ws/install/std_srvs/share/ament_index/resource_index/package_run_dependencies/std_srvs
[0.842s] -- Up-to-date: /home/abhay/microros_ws/install/std_srvs/share/ament_index/resource_index/parent_prefix_path/std_srvs
[0.842s] -- Up-to-date: /home/abhay/microros_ws/install/std_srvs/share/std_srvs/environment/ament_prefix_path.sh
[0.842s] -- Up-to-date: /home/abhay/microros_ws/install/std_srvs/share/std_srvs/environment/ament_prefix_path.dsv
[0.842s] -- Up-to-date: /home/abhay/microros_ws/install/std_srvs/share/std_srvs/environment/path.sh
[0.843s] -- Up-to-date: /home/abhay/microros_ws/install/std_srvs/share/std_srvs/environment/path.dsv
[0.843s] -- Up-to-date: /home/abhay/microros_ws/install/std_srvs/share/std_srvs/local_setup.bash
[0.843s] -- Up-to-date: /home/abhay/microros_ws/install/std_srvs/share/std_srvs/local_setup.sh
[0.843s] -- Up-to-date: /home/abhay/microros_ws/install/std_srvs/share/std_srvs/local_setup.zsh
[0.843s] -- Up-to-date: /home/abhay/microros_ws/install/std_srvs/share/std_srvs/local_setup.dsv
[0.843s] -- Installing: /home/abhay/microros_ws/install/std_srvs/share/std_srvs/package.dsv
[0.843s] -- Up-to-date: /home/abhay/microros_ws/install/std_srvs/share/ament_index/resource_index/packages/std_srvs
[0.843s] -- Up-to-date: /home/abhay/microros_ws/install/std_srvs/share/std_srvs/cmake/export_std_srvs__rosidl_generator_cExport.cmake
[0.843s] -- Up-to-date: /home/abhay/microros_ws/install/std_srvs/share/std_srvs/cmake/export_std_srvs__rosidl_generator_cExport-noconfig.cmake
[0.843s] -- Up-to-date: /home/abhay/microros_ws/install/std_srvs/share/std_srvs/cmake/export_std_srvs__rosidl_typesupport_fastrtps_cExport.cmake
[0.843s] -- Up-to-date: /home/abhay/microros_ws/install/std_srvs/share/std_srvs/cmake/export_std_srvs__rosidl_typesupport_fastrtps_cExport-noconfig.cmake
[0.843s] -- Up-to-date: /home/abhay/microros_ws/install/std_srvs/share/std_srvs/cmake/std_srvs__rosidl_typesupport_introspection_cExport.cmake
[0.844s] -- Up-to-date: /home/abhay/microros_ws/install/std_srvs/share/std_srvs/cmake/std_srvs__rosidl_typesupport_introspection_cExport-noconfig.cmake
[0.844s] -- Up-to-date: /home/abhay/microros_ws/install/std_srvs/share/std_srvs/cmake/std_srvs__rosidl_typesupport_cExport.cmake
[0.844s] -- Up-to-date: /home/abhay/microros_ws/install/std_srvs/share/std_srvs/cmake/std_srvs__rosidl_typesupport_cExport-noconfig.cmake
[0.844s] -- Up-to-date: /home/abhay/microros_ws/install/std_srvs/share/std_srvs/cmake/export_std_srvs__rosidl_generator_cppExport.cmake
[0.844s] -- Up-to-date: /home/abhay/microros_ws/install/std_srvs/share/std_srvs/cmake/export_std_srvs__rosidl_typesupport_fastrtps_cppExport.cmake
[0.844s] -- Up-to-date: /home/abhay/microros_ws/install/std_srvs/share/std_srvs/cmake/export_std_srvs__rosidl_typesupport_fastrtps_cppExport-noconfig.cmake
[0.844s] -- Up-to-date: /home/abhay/microros_ws/install/std_srvs/share/std_srvs/cmake/std_srvs__rosidl_typesupport_introspection_cppExport.cmake
[0.844s] -- Up-to-date: /home/abhay/microros_ws/install/std_srvs/share/std_srvs/cmake/std_srvs__rosidl_typesupport_introspection_cppExport-noconfig.cmake
[0.844s] -- Up-to-date: /home/abhay/microros_ws/install/std_srvs/share/std_srvs/cmake/std_srvs__rosidl_typesupport_cppExport.cmake
[0.844s] -- Up-to-date: /home/abhay/microros_ws/install/std_srvs/share/std_srvs/cmake/std_srvs__rosidl_typesupport_cppExport-noconfig.cmake
[0.844s] -- Up-to-date: /home/abhay/microros_ws/install/std_srvs/share/std_srvs/cmake/export_std_srvs__rosidl_generator_pyExport.cmake
[0.844s] -- Up-to-date: /home/abhay/microros_ws/install/std_srvs/share/std_srvs/cmake/export_std_srvs__rosidl_generator_pyExport-noconfig.cmake
[0.844s] -- Up-to-date: /home/abhay/microros_ws/install/std_srvs/share/std_srvs/cmake/rosidl_cmake-extras.cmake
[0.845s] -- Up-to-date: /home/abhay/microros_ws/install/std_srvs/share/std_srvs/cmake/ament_cmake_export_include_directories-extras.cmake
[0.845s] -- Up-to-date: /home/abhay/microros_ws/install/std_srvs/share/std_srvs/cmake/ament_cmake_export_libraries-extras.cmake
[0.845s] -- Up-to-date: /home/abhay/microros_ws/install/std_srvs/share/std_srvs/cmake/ament_cmake_export_targets-extras.cmake
[0.845s] -- Up-to-date: /home/abhay/microros_ws/install/std_srvs/share/std_srvs/cmake/rosidl_cmake_export_typesupport_targets-extras.cmake
[0.845s] -- Up-to-date: /home/abhay/microros_ws/install/std_srvs/share/std_srvs/cmake/ament_cmake_export_dependencies-extras.cmake
[0.845s] -- Up-to-date: /home/abhay/microros_ws/install/std_srvs/share/std_srvs/cmake/rosidl_cmake_export_typesupport_libraries-extras.cmake
[0.845s] -- Up-to-date: /home/abhay/microros_ws/install/std_srvs/share/std_srvs/cmake/std_srvsConfig.cmake
[0.845s] -- Up-to-date: /home/abhay/microros_ws/install/std_srvs/share/std_srvs/cmake/std_srvsConfig-version.cmake
[0.845s] -- Up-to-date: /home/abhay/microros_ws/install/std_srvs/share/std_srvs/package.xml
[0.894s] Invoked command in '/home/abhay/microros_ws/build/std_srvs' returned '0': CMAKE_PREFIX_PATH=${CMAKE_PREFIX_PATH}:/home/abhay/microros_ws/install/sensor_msgs_py:/home/abhay/ros2_ws/install/py_srvcli:/home/abhay/ros2_ws/install/my_robot_controller:/opt/ros/humble /usr/bin/cmake --install /home/abhay/microros_ws/build/std_srvs
