18:45:58 **** Incremental Build of configuration Debug for project microros ****
make -j16 all 
docker pull microros/micro_ros_static_library_builder:humble && docker run --rm -v /home/abhay/STM32CubeIDE/microROS_ws/microros:/project --env MICROROS_LIBRARY_FOLDER=micro_ros_stm32cubemx_utils/microros_static_library_ide microros/micro_ros_static_library_builder:humble
humble: Pulling from microros/micro_ros_static_library_builder
Digest: sha256:8df17bda10fac82ff893bc51d80cf7383ceacf4d9ba550ee8bdcd89a016413ef
Status: Image is up to date for microros/micro_ros_static_library_builder:humble
docker.io/microros/micro_ros_static_library_builder:humble
dos2unix: converting file /project/micro_ros_stm32cubemx_utils/microros_static_library_ide/library_generation/library_generation.sh to Unix format...
micro-ROS library found. Skipping...
Delete micro_ros_stm32cubemx_utils/microros_static_library_ide/libmicroros/ for rebuild.
 
arm-none-eabi-gcc "../Core/Src/main.c" -mcpu=cortex-m4 -std=gnu11 -g3 -DDEBUG -DUSE_HAL_DRIVER -DSTM32F411xE -c -I../Core/Inc -I../micro_ros_stm32cubemx_utils/microros_static_library_ide/libmicroros/include -I../Drivers/STM32F4xx_HAL_Driver/Inc -I../Drivers/STM32F4xx_HAL_Driver/Inc/Legacy -I../Drivers/CMSIS/Device/ST/STM32F4xx/Include -I../Drivers/CMSIS/Include -I../Middlewares/Third_Party/FreeRTOS/Source/include -I../Middlewares/Third_Party/FreeRTOS/Source/CMSIS_RTOS_V2 -I../Middlewares/Third_Party/FreeRTOS/Source/portable/GCC/ARM_CM4F -O0 -ffunction-sections -fdata-sections -Wall -fstack-usage -fcyclomatic-complexity -MMD -MP -MF"Core/Src/main.d" -MT"Core/Src/main.o" --specs=nano.specs -mfpu=fpv4-sp-d16 -mfloat-abi=hard -mthumb -o "Core/Src/main.o"
../Core/Src/main.c:103:29: warning: type defaults to 'int' in declaration of 'msgin' [-Wimplicit-int]
  103 | void cmd_vel_callback(const*msgin)
      |                             ^~~~~
../Core/Src/main.c:117:36: warning: type defaults to 'int' in declaration of 'msgin' [-Wimplicit-int]
  117 | void cmd_vel_status_callback(const*msgin)
      |                                    ^~~~~
../Core/Src/main.c: In function 'cmd_vel_status_callback':
../Core/Src/main.c:122:24: warning: passing argument 1 of 'printf' from incompatible pointer type [-Wincompatible-pointer-types]
  122 |                 printf(msg);
      |                        ^~~
      |                        |
      |                        geometry_msgs__msg__Twist *
In file included from ../micro_ros_stm32cubemx_utils/microros_static_library_ide/libmicroros/include/rcutils/logging.h:22,
                 from ../micro_ros_stm32cubemx_utils/microros_static_library_ide/libmicroros/include/rmw/types.h:28,
                 from ../micro_ros_stm32cubemx_utils/microros_static_library_ide/libmicroros/include/rcl/types.h:20,
                 from ../micro_ros_stm32cubemx_utils/microros_static_library_ide/libmicroros/include/rcl/init_options.h:29,
                 from ../micro_ros_stm32cubemx_utils/microros_static_library_ide/libmicroros/include/rcl/context.h:31,
                 from ../micro_ros_stm32cubemx_utils/microros_static_library_ide/libmicroros/include/rcl/init.h:26,
                 from ../micro_ros_stm32cubemx_utils/microros_static_library_ide/libmicroros/include/rcl/rcl.h:76,
                 from ../Core/Src/main.c:25:
/opt/st/stm32cubeide_1.14.0/plugins/com.st.stm32cube.ide.mcu.externaltools.gnu-tools-for-stm32.11.3.rel1.linux64_1.1.100.202309141235/tools/arm-none-eabi/include/stdio.h:210:17: note: expected 'const char * restrict' but argument is of type 'geometry_msgs__msg__Twist *'
  210 | int     printf (const char *__restrict, ...)
      |                 ^
../Core/Src/main.c:124:24: warning: passing argument 1 of 'printf' from incompatible pointer type [-Wincompatible-pointer-types]
  124 |                 printf(msg);
      |                        ^~~
      |                        |
      |                        geometry_msgs__msg__Twist *
In file included from ../micro_ros_stm32cubemx_utils/microros_static_library_ide/libmicroros/include/rcutils/logging.h:22,
                 from ../micro_ros_stm32cubemx_utils/microros_static_library_ide/libmicroros/include/rmw/types.h:28,
                 from ../micro_ros_stm32cubemx_utils/microros_static_library_ide/libmicroros/include/rcl/types.h:20,
                 from ../micro_ros_stm32cubemx_utils/microros_static_library_ide/libmicroros/include/rcl/init_options.h:29,
                 from ../micro_ros_stm32cubemx_utils/microros_static_library_ide/libmicroros/include/rcl/context.h:31,
                 from ../micro_ros_stm32cubemx_utils/microros_static_library_ide/libmicroros/include/rcl/init.h:26,
                 from ../micro_ros_stm32cubemx_utils/microros_static_library_ide/libmicroros/include/rcl/rcl.h:76,
                 from ../Core/Src/main.c:25:
/opt/st/stm32cubeide_1.14.0/plugins/com.st.stm32cube.ide.mcu.externaltools.gnu-tools-for-stm32.11.3.rel1.linux64_1.1.100.202309141235/tools/arm-none-eabi/include/stdio.h:210:17: note: expected 'const char * restrict' but argument is of type 'geometry_msgs__msg__Twist *'
  210 | int     printf (const char *__restrict, ...)
      |                 ^
../Core/Src/main.c: In function 'StartDefaultTask':
../Core/Src/main.c:485:27: warning: passing argument 1 of 'rclc_publisher_init_default' from incompatible pointer type [-Wincompatible-pointer-types]
  485 |                           &subscriber_cmd_vel_status,
      |                           ^~~~~~~~~~~~~~~~~~~~~~~~~~
      |                           |
      |                           rcl_subscription_t * {aka struct rcl_subscription_s *}
In file included from ../micro_ros_stm32cubemx_utils/microros_static_library_ide/libmicroros/include/rclc/rclc.h:30,
                 from ../Core/Src/main.c:27:
../micro_ros_stm32cubemx_utils/microros_static_library_ide/libmicroros/include/rclc/publisher.h:52:21: note: expected 'rcl_publisher_t *' {aka 'struct rcl_publisher_s *'} but argument is of type 'rcl_subscription_t *' {aka 'struct rcl_subscription_s *'}
   52 |   rcl_publisher_t * publisher,
      |   ~~~~~~~~~~~~~~~~~~^~~~~~~~~
../Core/Src/main.c:506:88: warning: passing argument 4 of 'rclc_executor_add_subscription' from incompatible pointer type [-Wincompatible-pointer-types]
  506 |           rclc_executor_add_subscription(&executor, &subscriber_cmd_vel, &cmd_vel_msg, &cmd_vel_callback, ON_NEW_DATA);
      |                                                                                        ^~~~~~~~~~~~~~~~~
      |                                                                                        |
      |                                                                                        void (*)(const int *)
In file included from ../Core/Src/main.c:28:
../micro_ros_stm32cubemx_utils/microros_static_library_ide/libmicroros/include/rclc/executor.h:247:32: note: expected 'rclc_subscription_callback_t' {aka 'void (*)(const void *)'} but argument is of type 'void (*)(const int *)'
  247 |   rclc_subscription_callback_t callback,
      |   ~~~~~~~~~~~~~~~~~~~~~~~~~~~~~^~~~~~~~
../Core/Src/main.c:522:32: warning: passing argument 1 of 'rcl_publisher_fini' from incompatible pointer type [-Wincompatible-pointer-types]
  522 |             rcl_publisher_fini(&subscriber_cmd_vel_status, &node);
      |                                ^~~~~~~~~~~~~~~~~~~~~~~~~~
      |                                |
      |                                rcl_subscription_t * {aka struct rcl_subscription_s *}
In file included from ../micro_ros_stm32cubemx_utils/microros_static_library_ide/libmicroros/include/rcl/rcl.h:78,
                 from ../Core/Src/main.c:25:
../micro_ros_stm32cubemx_utils/microros_static_library_ide/libmicroros/include/rcl/publisher.h:188:38: note: expected 'rcl_publisher_t *' {aka 'struct rcl_publisher_s *'} but argument is of type 'rcl_subscription_t *' {aka 'struct rcl_subscription_s *'}
  188 | rcl_publisher_fini(rcl_publisher_t * publisher, rcl_node_t * node);
      |                    ~~~~~~~~~~~~~~~~~~^~~~~~~~~
../Core/Src/main.c:524:32: warning: passing argument 1 of 'rcl_publisher_fini' from incompatible pointer type [-Wincompatible-pointer-types]
  524 |             rcl_publisher_fini(&subscriber_cmd_vel_status, &node);
      |                                ^~~~~~~~~~~~~~~~~~~~~~~~~~
      |                                |
      |                                rcl_subscription_t * {aka struct rcl_subscription_s *}
In file included from ../micro_ros_stm32cubemx_utils/microros_static_library_ide/libmicroros/include/rcl/rcl.h:78,
                 from ../Core/Src/main.c:25:
../micro_ros_stm32cubemx_utils/microros_static_library_ide/libmicroros/include/rcl/publisher.h:188:38: note: expected 'rcl_publisher_t *' {aka 'struct rcl_publisher_s *'} but argument is of type 'rcl_subscription_t *' {aka 'struct rcl_subscription_s *'}
  188 | rcl_publisher_fini(rcl_publisher_t * publisher, rcl_node_t * node);
      |                    ~~~~~~~~~~~~~~~~~~^~~~~~~~~
../Core/Src/main.c:462:37: warning: unused variable 'cmd_vel_status_msg' [-Wunused-variable]
  462 |           geometry_msgs__msg__Twist cmd_vel_status_msg;
      |                                     ^~~~~~~~~~~~~~~~~~
../Core/Src/main.c:460:33: warning: unused variable 'sub_str_msg' [-Wunused-variable]
  460 |           std_msgs__msg__String sub_str_msg;
      |                                 ^~~~~~~~~~~
../Core/Src/main.c:522:13: warning: ignoring return value of 'rcl_publisher_fini' declared with attribute 'warn_unused_result' [-Wunused-result]
  522 |             rcl_publisher_fini(&subscriber_cmd_vel_status, &node);
      |             ^~~~~~~~~~~~~~~~~~~~~~~~~~~~~~~~~~~~~~~~~~~~~~~~~~~~~
../Core/Src/main.c:523:13: warning: ignoring return value of 'rcl_subscription_fini' declared with attribute 'warn_unused_result' [-Wunused-result]
  523 |             rcl_subscription_fini(&subscriber_cmd_vel, &node);
      |             ^~~~~~~~~~~~~~~~~~~~~~~~~~~~~~~~~~~~~~~~~~~~~~~~~
../Core/Src/main.c:524:13: warning: ignoring return value of 'rcl_publisher_fini' declared with attribute 'warn_unused_result' [-Wunused-result]
  524 |             rcl_publisher_fini(&subscriber_cmd_vel_status, &node);
      |             ^~~~~~~~~~~~~~~~~~~~~~~~~~~~~~~~~~~~~~~~~~~~~~~~~~~~~
../Core/Src/main.c:525:13: warning: ignoring return value of 'rcl_node_fini' declared with attribute 'warn_unused_result' [-Wunused-result]
  525 |             rcl_node_fini(&node);
      |             ^~~~~~~~~~~~~~~~~~~~
arm-none-eabi-gcc -o "microros.elf" @"objects.list"  -lmicroros -mcpu=cortex-m4 -T"/home/abhay/STM32CubeIDE/microROS_ws/microros/STM32F411VETX_FLASH.ld" --specs=nosys.specs -Wl,-Map="microros.map" -Wl,--gc-sections -static -L../micro_ros_stm32cubemx_utils/microros_static_library_ide/libmicroros --specs=nano.specs -mfpu=fpv4-sp-d16 -mfloat-abi=hard -mthumb -Wl,--start-group -lc -lm -Wl,--end-group
/opt/st/stm32cubeide_1.14.0/plugins/com.st.stm32cube.ide.mcu.externaltools.gnu-tools-for-stm32.11.3.rel1.linux64_1.1.100.202309141235/tools/bin/../lib/gcc/arm-none-eabi/11.3.1/../../../../arm-none-eabi/bin/ld: /opt/st/stm32cubeide_1.14.0/plugins/com.st.stm32cube.ide.mcu.externaltools.gnu-tools-for-stm32.11.3.rel1.linux64_1.1.100.202309141235/tools/bin/../lib/gcc/arm-none-eabi/11.3.1/../../../../arm-none-eabi/lib/thumb/v7e-m+fp/hard/libc_nano.a(libc_a-gettimeofdayr.o): in function `_gettimeofday_r':
(.text._gettimeofday_r+0xe): warning: _gettimeofday is not implemented and will always fail
Finished building target: microros.elf
 
arm-none-eabi-size  microros.elf 
arm-none-eabi-objdump -h -S microros.elf  > "microros.list"
   text	   data	    bss	    dec	    hex	filename
  94716	    712	  57792	 153220	  25684	microros.elf
Finished building: default.size.stdout
 
Finished building: microros.list
 

18:46:02 Build Finished. 0 errors, 15 warnings. (took 4s.32ms)

