[0.016s] Invoking command in '/home/abhay/microros_ws/build/actionlib_msgs': AMENT_PREFIX_PATH=/home/abhay/microros_ws/install/std_msgs:/home/abhay/microros_ws/install/builtin_interfaces:${AMENT_PREFIX_PATH} CMAKE_PREFIX_PATH=/home/abhay/microros_ws/install/std_msgs:/home/abhay/microros_ws/install/builtin_interfaces:/home/abhay/microros_ws/install/rosidl_typesupport_microxrcedds_cpp:/home/abhay/microros_ws/install/rosidl_typesupport_microxrcedds_c:/home/abhay/microros_ws/install/microcdr:/home/abhay/microros_ws/install/micro_ros_setup:/home/abhay/ros2_ws/install/py_srvcli:/home/abhay/ros2_ws/install/my_robot_controller:/opt/ros/humble LD_LIBRARY_PATH=/home/abhay/microros_ws/install/std_msgs/lib:/home/abhay/microros_ws/install/builtin_interfaces/lib:${LD_LIBRARY_PATH} PYTHONPATH=/home/abhay/microros_ws/install/std_msgs/local/lib/python3.10/dist-packages:/home/abhay/microros_ws/install/builtin_interfaces/local/lib/python3.10/dist-packages:${PYTHONPATH} /usr/bin/cmake /home/abhay/microros_ws/src/ros2/common_interfaces/actionlib_msgs -DBUILD_TESTING=OFF -DBUILD_SHARED_LIBS=ON -DCMAKE_INSTALL_PREFIX=/home/abhay/microros_ws/install/actionlib_msgs
[0.092s] -- The C compiler identification is GNU 11.4.0
[0.180s] -- The CXX compiler identification is GNU 11.4.0
[0.190s] -- Detecting C compiler ABI info
[0.270s] -- Detecting C compiler ABI info - done
[0.279s] -- Check for working C compiler: /usr/bin/cc - skipped
[0.279s] -- Detecting C compile features
[0.280s] -- Detecting C compile features - done
[0.283s] -- Detecting CXX compiler ABI info
[0.375s] -- Detecting CXX compiler ABI info - done
[0.384s] -- Check for working CXX compiler: /usr/bin/c++ - skipped
[0.384s] -- Detecting CXX compile features
[0.384s] -- Detecting CXX compile features - done
[0.387s] -- Found ament_cmake: 1.3.8 (/opt/ros/humble/share/ament_cmake/cmake)
[0.624s] -- Found Python3: /usr/bin/python3 (found version "3.10.12") found components: Interpreter 
[0.784s] -- Found builtin_interfaces: 1.2.1 (/home/abhay/microros_ws/install/builtin_interfaces/share/builtin_interfaces/cmake)
[0.842s] -- Found rosidl_generator_c: 3.1.5 (/opt/ros/humble/share/rosidl_generator_c/cmake)
[0.851s] -- Found rosidl_adapter: 3.1.5 (/opt/ros/humble/share/rosidl_adapter/cmake)
[0.867s] -- Found rosidl_generator_cpp: 3.1.5 (/opt/ros/humble/share/rosidl_generator_cpp/cmake)
[0.891s] -- Using all available rosidl_typesupport_c: rosidl_typesupport_microxrcedds_c;rosidl_typesupport_fastrtps_c;rosidl_typesupport_introspection_c
[0.938s] -- Using all available rosidl_typesupport_cpp: rosidl_typesupport_microxrcedds_cpp;rosidl_typesupport_fastrtps_cpp;rosidl_typesupport_introspection_cpp
[0.982s] -- Found rosidl_default_generators: 1.2.0 (/opt/ros/humble/share/rosidl_default_generators/cmake)
[0.998s] -- Found std_msgs: 4.2.3 (/home/abhay/microros_ws/install/std_msgs/share/std_msgs/cmake)
[1.434s] -- Found ament_cmake_ros: 0.10.0 (/opt/ros/humble/share/ament_cmake_ros/cmake)
[2.097s] -- Using all available rosidl_typesupport_c: rosidl_typesupport_microxrcedds_c;rosidl_typesupport_fastrtps_c;rosidl_typesupport_introspection_c
[2.477s] -- Using all available rosidl_typesupport_cpp: rosidl_typesupport_microxrcedds_cpp;rosidl_typesupport_fastrtps_cpp;rosidl_typesupport_introspection_cpp
[2.509s] -- Found PythonInterp: /usr/bin/python3 (found suitable version "3.10.12", minimum required is "3.6") 
[2.511s] -- Found python_cmake_module: 0.10.0 (/opt/ros/humble/share/python_cmake_module/cmake)
[2.544s] -- Found PythonLibs: /usr/lib/x86_64-linux-gnu/libpython3.10.so (found suitable version "3.10.12", minimum required is "3.5") 
[2.544s] -- Using PYTHON_EXECUTABLE: /usr/bin/python3
[2.544s] -- Using PYTHON_INCLUDE_DIRS: /usr/include/python3.10
[2.544s] -- Using PYTHON_LIBRARIES: /usr/lib/x86_64-linux-gnu/libpython3.10.so
[2.572s] -- Found PythonExtra: .so  
[2.641s] -- Configuring done
[2.696s] -- Generating done
[2.698s] -- Build files have been written to: /home/abhay/microros_ws/build/actionlib_msgs
[2.706s] Invoked command in '/home/abhay/microros_ws/build/actionlib_msgs' returned '0': AMENT_PREFIX_PATH=/home/abhay/microros_ws/install/std_msgs:/home/abhay/microros_ws/install/builtin_interfaces:${AMENT_PREFIX_PATH} CMAKE_PREFIX_PATH=/home/abhay/microros_ws/install/std_msgs:/home/abhay/microros_ws/install/builtin_interfaces:/home/abhay/microros_ws/install/rosidl_typesupport_microxrcedds_cpp:/home/abhay/microros_ws/install/rosidl_typesupport_microxrcedds_c:/home/abhay/microros_ws/install/microcdr:/home/abhay/microros_ws/install/micro_ros_setup:/home/abhay/ros2_ws/install/py_srvcli:/home/abhay/ros2_ws/install/my_robot_controller:/opt/ros/humble LD_LIBRARY_PATH=/home/abhay/microros_ws/install/std_msgs/lib:/home/abhay/microros_ws/install/builtin_interfaces/lib:${LD_LIBRARY_PATH} PYTHONPATH=/home/abhay/microros_ws/install/std_msgs/local/lib/python3.10/dist-packages:/home/abhay/microros_ws/install/builtin_interfaces/local/lib/python3.10/dist-packages:${PYTHONPATH} /usr/bin/cmake /home/abhay/microros_ws/src/ros2/common_interfaces/actionlib_msgs -DBUILD_TESTING=OFF -DBUILD_SHARED_LIBS=ON -DCMAKE_INSTALL_PREFIX=/home/abhay/microros_ws/install/actionlib_msgs
[2.709s] Invoking command in '/home/abhay/microros_ws/build/actionlib_msgs': AMENT_PREFIX_PATH=/home/abhay/microros_ws/install/std_msgs:/home/abhay/microros_ws/install/builtin_interfaces:${AMENT_PREFIX_PATH} CMAKE_PREFIX_PATH=/home/abhay/microros_ws/install/std_msgs:/home/abhay/microros_ws/install/builtin_interfaces:/home/abhay/microros_ws/install/rosidl_typesupport_microxrcedds_cpp:/home/abhay/microros_ws/install/rosidl_typesupport_microxrcedds_c:/home/abhay/microros_ws/install/microcdr:/home/abhay/microros_ws/install/micro_ros_setup:/home/abhay/ros2_ws/install/py_srvcli:/home/abhay/ros2_ws/install/my_robot_controller:/opt/ros/humble LD_LIBRARY_PATH=/home/abhay/microros_ws/install/std_msgs/lib:/home/abhay/microros_ws/install/builtin_interfaces/lib:${LD_LIBRARY_PATH} PYTHONPATH=/home/abhay/microros_ws/install/std_msgs/local/lib/python3.10/dist-packages:/home/abhay/microros_ws/install/builtin_interfaces/local/lib/python3.10/dist-packages:${PYTHONPATH} /usr/bin/cmake --build /home/abhay/microros_ws/build/actionlib_msgs -- -j16 -l16
[2.766s] [  1%] [34m[1mGenerating C code for ROS interfaces[0m
[3.766s] [  3%] [32mBuilding C object CMakeFiles/actionlib_msgs__rosidl_generator_c.dir/rosidl_generator_c/actionlib_msgs/msg/detail/goal_id__functions.c.o[0m
[3.838s] [  5%] [32mBuilding C object CMakeFiles/actionlib_msgs__rosidl_generator_c.dir/rosidl_generator_c/actionlib_msgs/msg/detail/goal_status_array__functions.c.o[0m
[3.911s] [  6%] [32mBuilding C object CMakeFiles/actionlib_msgs__rosidl_generator_c.dir/rosidl_generator_c/actionlib_msgs/msg/detail/goal_status__functions.c.o[0m
[3.985s] [  8%] [32m[1mLinking C shared library libactionlib_msgs__rosidl_generator_c.so[0m
[4.043s] [  8%] Built target actionlib_msgs__rosidl_generator_c
[4.087s] [  8%] Built target ament_cmake_python_copy_actionlib_msgs
[4.103s] [ 10%] [34m[1mGenerating C type support dispatch for ROS interfaces[0m
[4.840s] [ 11%] [32mBuilding CXX object CMakeFiles/actionlib_msgs__rosidl_typesupport_c.dir/rosidl_typesupport_c/actionlib_msgs/msg/goal_id__type_support.cpp.o[0m
[4.883s] [ 13%] [32mBuilding CXX object CMakeFiles/actionlib_msgs__rosidl_typesupport_c.dir/rosidl_typesupport_c/actionlib_msgs/msg/goal_status_array__type_support.cpp.o[0m
[4.915s] [ 15%] [32mBuilding CXX object CMakeFiles/actionlib_msgs__rosidl_typesupport_c.dir/rosidl_typesupport_c/actionlib_msgs/msg/goal_status__type_support.cpp.o[0m
[4.948s] [ 16%] [32m[1mLinking CXX shared library libactionlib_msgs__rosidl_typesupport_c.so[0m
[4.994s] [ 16%] Built target actionlib_msgs__rosidl_typesupport_c
[5.289s] running egg_info
[5.289s] creating actionlib_msgs.egg-info
[5.290s] writing actionlib_msgs.egg-info/PKG-INFO
[5.290s] writing dependency_links to actionlib_msgs.egg-info/dependency_links.txt
[5.290s] writing top-level names to actionlib_msgs.egg-info/top_level.txt
[5.290s] writing manifest file 'actionlib_msgs.egg-info/SOURCES.txt'
[5.293s] reading manifest file 'actionlib_msgs.egg-info/SOURCES.txt'
[5.293s] writing manifest file 'actionlib_msgs.egg-info/SOURCES.txt'
[5.326s] [ 16%] Built target ament_cmake_python_build_actionlib_msgs_egg
[5.336s] [ 18%] [34m[1mGenerating C introspection for ROS interfaces[0m
[5.861s] [ 20%] [32mBuilding C object CMakeFiles/actionlib_msgs__rosidl_typesupport_introspection_c.dir/rosidl_typesupport_introspection_c/actionlib_msgs/msg/detail/goal_id__type_support.c.o[0m
[5.894s] [ 22%] [32mBuilding C object CMakeFiles/actionlib_msgs__rosidl_typesupport_introspection_c.dir/rosidl_typesupport_introspection_c/actionlib_msgs/msg/detail/goal_status_array__type_support.c.o[0m
[5.931s] [ 23%] [32mBuilding C object CMakeFiles/actionlib_msgs__rosidl_typesupport_introspection_c.dir/rosidl_typesupport_introspection_c/actionlib_msgs/msg/detail/goal_status__type_support.c.o[0m
[5.976s] [ 25%] [32m[1mLinking C shared library libactionlib_msgs__rosidl_typesupport_introspection_c.so[0m
[6.011s] [ 25%] Built target actionlib_msgs__rosidl_typesupport_introspection_c
[6.022s] [ 27%] [34m[1mGenerating C type support for eProsima Micro XRCE-DDS[0m
[6.545s] [ 28%] [32mBuilding C object CMakeFiles/actionlib_msgs__rosidl_typesupport_microxrcedds_c.dir/rosidl_typesupport_microxrcedds_c/actionlib_msgs/msg/detail/microxrcedds/goal_id__type_support_c.c.o[0m
[6.593s] [ 30%] [32mBuilding C object CMakeFiles/actionlib_msgs__rosidl_typesupport_microxrcedds_c.dir/rosidl_typesupport_microxrcedds_c/actionlib_msgs/msg/detail/microxrcedds/goal_status_array__type_support_c.c.o[0m
[6.640s] [ 32%] [32mBuilding C object CMakeFiles/actionlib_msgs__rosidl_typesupport_microxrcedds_c.dir/rosidl_typesupport_microxrcedds_c/actionlib_msgs/msg/detail/microxrcedds/goal_status__type_support_c.c.o[0m
[6.687s] [ 33%] [32m[1mLinking C shared library libactionlib_msgs__rosidl_typesupport_microxrcedds_c.so[0m
[6.732s] [ 33%] Built target actionlib_msgs__rosidl_typesupport_microxrcedds_c
[6.743s] [ 35%] [34m[1mGenerating C type support for eProsima Fast-RTPS[0m
[7.270s] [ 37%] [32mBuilding CXX object CMakeFiles/actionlib_msgs__rosidl_typesupport_fastrtps_c.dir/rosidl_typesupport_fastrtps_c/actionlib_msgs/msg/detail/goal_id__type_support_c.cpp.o[0m
[7.585s] [ 38%] [32mBuilding CXX object CMakeFiles/actionlib_msgs__rosidl_typesupport_fastrtps_c.dir/rosidl_typesupport_fastrtps_c/actionlib_msgs/msg/detail/goal_status_array__type_support_c.cpp.o[0m
[7.901s] [ 40%] [32mBuilding CXX object CMakeFiles/actionlib_msgs__rosidl_typesupport_fastrtps_c.dir/rosidl_typesupport_fastrtps_c/actionlib_msgs/msg/detail/goal_status__type_support_c.cpp.o[0m
[8.233s] [ 42%] [32m[1mLinking CXX shared library libactionlib_msgs__rosidl_typesupport_fastrtps_c.so[0m
[8.338s] [ 42%] Built target actionlib_msgs__rosidl_typesupport_fastrtps_c
[8.365s] [ 44%] [34m[1mGenerating C++ code for ROS interfaces[0m
[9.010s] [ 44%] Built target actionlib_msgs__cpp
[9.024s] [ 45%] [34m[1mGenerating C++ type support for eProsima Fast-RTPS[0m
[9.727s] [ 47%] [32mBuilding CXX object CMakeFiles/actionlib_msgs__rosidl_typesupport_fastrtps_cpp.dir/rosidl_typesupport_fastrtps_cpp/actionlib_msgs/msg/detail/dds_fastrtps/goal_id__type_support.cpp.o[0m
[10.047s] [ 49%] [32mBuilding CXX object CMakeFiles/actionlib_msgs__rosidl_typesupport_fastrtps_cpp.dir/rosidl_typesupport_fastrtps_cpp/actionlib_msgs/msg/detail/dds_fastrtps/goal_status_array__type_support.cpp.o[0m
[10.407s] [ 50%] [32mBuilding CXX object CMakeFiles/actionlib_msgs__rosidl_typesupport_fastrtps_cpp.dir/rosidl_typesupport_fastrtps_cpp/actionlib_msgs/msg/detail/dds_fastrtps/goal_status__type_support.cpp.o[0m
[10.715s] [ 52%] [32m[1mLinking CXX shared library libactionlib_msgs__rosidl_typesupport_fastrtps_cpp.so[0m
[10.787s] [ 52%] Built target actionlib_msgs__rosidl_typesupport_fastrtps_cpp
[10.795s] [ 54%] [34m[1mGenerating C++ type support dispatch for ROS interfaces[0m
[11.165s] [ 55%] [32mBuilding CXX object CMakeFiles/actionlib_msgs__rosidl_typesupport_cpp.dir/rosidl_typesupport_cpp/actionlib_msgs/msg/goal_id__type_support.cpp.o[0m
[11.369s] [ 57%] [32mBuilding CXX object CMakeFiles/actionlib_msgs__rosidl_typesupport_cpp.dir/rosidl_typesupport_cpp/actionlib_msgs/msg/goal_status_array__type_support.cpp.o[0m
[11.569s] [ 59%] [32mBuilding CXX object CMakeFiles/actionlib_msgs__rosidl_typesupport_cpp.dir/rosidl_typesupport_cpp/actionlib_msgs/msg/goal_status__type_support.cpp.o[0m
[11.770s] [ 61%] [32m[1mLinking CXX shared library libactionlib_msgs__rosidl_typesupport_cpp.so[0m
[11.805s] [ 61%] Built target actionlib_msgs__rosidl_typesupport_cpp
[11.814s] [ 62%] [34m[1mGenerating C++ introspection for ROS interfaces[0m
[12.219s] [ 64%] [32mBuilding CXX object CMakeFiles/actionlib_msgs__rosidl_typesupport_introspection_cpp.dir/rosidl_typesupport_introspection_cpp/actionlib_msgs/msg/detail/goal_id__type_support.cpp.o[0m
[12.222s] [ 67%] [32mBuilding CXX object CMakeFiles/actionlib_msgs__rosidl_typesupport_introspection_cpp.dir/rosidl_typesupport_introspection_cpp/actionlib_msgs/msg/detail/goal_status__type_support.cpp.o[0m
[12.222s] [ 67%] [32mBuilding CXX object CMakeFiles/actionlib_msgs__rosidl_typesupport_introspection_cpp.dir/rosidl_typesupport_introspection_cpp/actionlib_msgs/msg/detail/goal_status_array__type_support.cpp.o[0m
[12.761s] [ 69%] [32m[1mLinking CXX shared library libactionlib_msgs__rosidl_typesupport_introspection_cpp.so[0m
[12.837s] [ 69%] Built target actionlib_msgs__rosidl_typesupport_introspection_cpp
[12.847s] [ 71%] [34m[1mGenerating C++ type support for eProsima Micro XRCE-DDS[0m
[13.346s] [ 74%] [32mBuilding CXX object CMakeFiles/actionlib_msgs__rosidl_typesupport_microxrcedds_cpp.dir/rosidl_typesupport_microxrcedds_cpp/actionlib_msgs/msg/detail/microxrcedds/goal_status__type_support_cpp.cpp.o[0m
[13.346s] [ 76%] [32mBuilding CXX object CMakeFiles/actionlib_msgs__rosidl_typesupport_microxrcedds_cpp.dir/rosidl_typesupport_microxrcedds_cpp/actionlib_msgs/msg/detail/microxrcedds/goal_status_array__type_support_cpp.cpp.o[0m
[13.346s] [ 76%] [32mBuilding CXX object CMakeFiles/actionlib_msgs__rosidl_typesupport_microxrcedds_cpp.dir/rosidl_typesupport_microxrcedds_cpp/actionlib_msgs/msg/detail/microxrcedds/goal_id__type_support_cpp.cpp.o[0m
[13.894s] [ 77%] [32m[1mLinking CXX shared library libactionlib_msgs__rosidl_typesupport_microxrcedds_cpp.so[0m
[13.987s] [ 77%] Built target actionlib_msgs__rosidl_typesupport_microxrcedds_cpp
[14.006s] [ 77%] Built target actionlib_msgs
[14.027s] [ 79%] [34m[1mGenerating Python code for ROS interfaces[0m
[14.737s] [ 79%] Built target actionlib_msgs__py
[14.763s] [ 83%] [32mBuilding C object CMakeFiles/actionlib_msgs__rosidl_generator_py.dir/rosidl_generator_py/actionlib_msgs/msg/_goal_id_s.c.o[0m
[14.763s] [ 83%] [32mBuilding C object CMakeFiles/actionlib_msgs__rosidl_generator_py.dir/rosidl_generator_py/actionlib_msgs/msg/_goal_status_s.c.o[0m
[14.763s] [ 84%] [32mBuilding C object CMakeFiles/actionlib_msgs__rosidl_generator_py.dir/rosidl_generator_py/actionlib_msgs/msg/_goal_status_array_s.c.o[0m
[14.902s] [ 86%] [32m[1mLinking C shared library rosidl_generator_py/actionlib_msgs/libactionlib_msgs__rosidl_generator_py.so[0m
[14.961s] [ 86%] Built target actionlib_msgs__rosidl_generator_py
[14.988s] [ 93%] [32mBuilding C object CMakeFiles/actionlib_msgs__rosidl_typesupport_microxrcedds_c__pyext.dir/rosidl_generator_py/actionlib_msgs/_actionlib_msgs_s.ep.rosidl_typesupport_microxrcedds_c.c.o[0m
[14.988s] [ 93%] [32mBuilding C object CMakeFiles/actionlib_msgs__rosidl_typesupport_c__pyext.dir/rosidl_generator_py/actionlib_msgs/_actionlib_msgs_s.ep.rosidl_typesupport_c.c.o[0m
[14.989s] [ 93%] [32mBuilding C object CMakeFiles/actionlib_msgs__rosidl_typesupport_fastrtps_c__pyext.dir/rosidl_generator_py/actionlib_msgs/_actionlib_msgs_s.ep.rosidl_typesupport_fastrtps_c.c.o[0m
[14.989s] [ 93%] [32mBuilding C object CMakeFiles/actionlib_msgs__rosidl_typesupport_introspection_c__pyext.dir/rosidl_generator_py/actionlib_msgs/_actionlib_msgs_s.ep.rosidl_typesupport_introspection_c.c.o[0m
[15.134s] [ 96%] [32m[1mLinking C shared library rosidl_generator_py/actionlib_msgs/actionlib_msgs_s__rosidl_typesupport_c.cpython-310-x86_64-linux-gnu.so[0m
[15.134s] [ 96%] [32m[1mLinking C shared library rosidl_generator_py/actionlib_msgs/actionlib_msgs_s__rosidl_typesupport_introspection_c.cpython-310-x86_64-linux-gnu.so[0m
[15.137s] [ 98%] [32m[1mLinking C shared library rosidl_generator_py/actionlib_msgs/actionlib_msgs_s__rosidl_typesupport_fastrtps_c.cpython-310-x86_64-linux-gnu.so[0m
[15.138s] [100%] [32m[1mLinking C shared library rosidl_generator_py/actionlib_msgs/actionlib_msgs_s__rosidl_typesupport_microxrcedds_c.cpython-310-x86_64-linux-gnu.so[0m
[15.190s] [100%] Built target actionlib_msgs__rosidl_typesupport_c__pyext
[15.191s] [100%] Built target actionlib_msgs__rosidl_typesupport_introspection_c__pyext
[15.194s] [100%] Built target actionlib_msgs__rosidl_typesupport_microxrcedds_c__pyext
[15.194s] [100%] Built target actionlib_msgs__rosidl_typesupport_fastrtps_c__pyext
[15.209s] Invoked command in '/home/abhay/microros_ws/build/actionlib_msgs' returned '0': AMENT_PREFIX_PATH=/home/abhay/microros_ws/install/std_msgs:/home/abhay/microros_ws/install/builtin_interfaces:${AMENT_PREFIX_PATH} CMAKE_PREFIX_PATH=/home/abhay/microros_ws/install/std_msgs:/home/abhay/microros_ws/install/builtin_interfaces:/home/abhay/microros_ws/install/rosidl_typesupport_microxrcedds_cpp:/home/abhay/microros_ws/install/rosidl_typesupport_microxrcedds_c:/home/abhay/microros_ws/install/microcdr:/home/abhay/microros_ws/install/micro_ros_setup:/home/abhay/ros2_ws/install/py_srvcli:/home/abhay/ros2_ws/install/my_robot_controller:/opt/ros/humble LD_LIBRARY_PATH=/home/abhay/microros_ws/install/std_msgs/lib:/home/abhay/microros_ws/install/builtin_interfaces/lib:${LD_LIBRARY_PATH} PYTHONPATH=/home/abhay/microros_ws/install/std_msgs/local/lib/python3.10/dist-packages:/home/abhay/microros_ws/install/builtin_interfaces/local/lib/python3.10/dist-packages:${PYTHONPATH} /usr/bin/cmake --build /home/abhay/microros_ws/build/actionlib_msgs -- -j16 -l16
[15.344s] Invoking command in '/home/abhay/microros_ws/build/actionlib_msgs': AMENT_PREFIX_PATH=/home/abhay/microros_ws/install/std_msgs:/home/abhay/microros_ws/install/builtin_interfaces:${AMENT_PREFIX_PATH} CMAKE_PREFIX_PATH=/home/abhay/microros_ws/install/std_msgs:/home/abhay/microros_ws/install/builtin_interfaces:/home/abhay/microros_ws/install/rosidl_typesupport_microxrcedds_cpp:/home/abhay/microros_ws/install/rosidl_typesupport_microxrcedds_c:/home/abhay/microros_ws/install/microcdr:/home/abhay/microros_ws/install/micro_ros_setup:/home/abhay/ros2_ws/install/py_srvcli:/home/abhay/ros2_ws/install/my_robot_controller:/opt/ros/humble LD_LIBRARY_PATH=/home/abhay/microros_ws/install/std_msgs/lib:/home/abhay/microros_ws/install/builtin_interfaces/lib:${LD_LIBRARY_PATH} PYTHONPATH=/home/abhay/microros_ws/install/std_msgs/local/lib/python3.10/dist-packages:/home/abhay/microros_ws/install/builtin_interfaces/local/lib/python3.10/dist-packages:${PYTHONPATH} /usr/bin/cmake --install /home/abhay/microros_ws/build/actionlib_msgs
[15.355s] -- Install configuration: ""
[15.356s] -- Installing: /home/abhay/microros_ws/install/actionlib_msgs/share/ament_index/resource_index/rosidl_interfaces/actionlib_msgs
[15.356s] -- Installing: /home/abhay/microros_ws/install/actionlib_msgs/include/actionlib_msgs/actionlib_msgs
[15.356s] -- Installing: /home/abhay/microros_ws/install/actionlib_msgs/include/actionlib_msgs/actionlib_msgs/msg
[15.356s] -- Installing: /home/abhay/microros_ws/install/actionlib_msgs/include/actionlib_msgs/actionlib_msgs/msg/rosidl_generator_c__visibility_control.h
[15.356s] -- Installing: /home/abhay/microros_ws/install/actionlib_msgs/include/actionlib_msgs/actionlib_msgs/msg/goal_status.h
[15.357s] -- Installing: /home/abhay/microros_ws/install/actionlib_msgs/include/actionlib_msgs/actionlib_msgs/msg/detail
[15.357s] -- Installing: /home/abhay/microros_ws/install/actionlib_msgs/include/actionlib_msgs/actionlib_msgs/msg/detail/goal_status_array__functions.h
[15.357s] -- Installing: /home/abhay/microros_ws/install/actionlib_msgs/include/actionlib_msgs/actionlib_msgs/msg/detail/goal_id__type_support.h
[15.357s] -- Installing: /home/abhay/microros_ws/install/actionlib_msgs/include/actionlib_msgs/actionlib_msgs/msg/detail/goal_id__functions.h
[15.357s] -- Installing: /home/abhay/microros_ws/install/actionlib_msgs/include/actionlib_msgs/actionlib_msgs/msg/detail/goal_status__type_support.h
[15.357s] -- Installing: /home/abhay/microros_ws/install/actionlib_msgs/include/actionlib_msgs/actionlib_msgs/msg/detail/goal_status_array__type_support.h
[15.357s] -- Installing: /home/abhay/microros_ws/install/actionlib_msgs/include/actionlib_msgs/actionlib_msgs/msg/detail/goal_id__functions.c
[15.357s] -- Installing: /home/abhay/microros_ws/install/actionlib_msgs/include/actionlib_msgs/actionlib_msgs/msg/detail/goal_id__struct.h
[15.357s] -- Installing: /home/abhay/microros_ws/install/actionlib_msgs/include/actionlib_msgs/actionlib_msgs/msg/detail/goal_status_array__functions.c
[15.358s] -- Installing: /home/abhay/microros_ws/install/actionlib_msgs/include/actionlib_msgs/actionlib_msgs/msg/detail/goal_status__functions.c
[15.358s] -- Installing: /home/abhay/microros_ws/install/actionlib_msgs/include/actionlib_msgs/actionlib_msgs/msg/detail/goal_status_array__struct.h
[15.358s] -- Installing: /home/abhay/microros_ws/install/actionlib_msgs/include/actionlib_msgs/actionlib_msgs/msg/detail/goal_status__struct.h
[15.358s] -- Installing: /home/abhay/microros_ws/install/actionlib_msgs/include/actionlib_msgs/actionlib_msgs/msg/detail/goal_status__functions.h
[15.358s] -- Installing: /home/abhay/microros_ws/install/actionlib_msgs/include/actionlib_msgs/actionlib_msgs/msg/goal_id.h
[15.358s] -- Installing: /home/abhay/microros_ws/install/actionlib_msgs/include/actionlib_msgs/actionlib_msgs/msg/goal_status_array.h
[15.358s] -- Installing: /home/abhay/microros_ws/install/actionlib_msgs/share/actionlib_msgs/environment/library_path.sh
[15.359s] -- Installing: /home/abhay/microros_ws/install/actionlib_msgs/share/actionlib_msgs/environment/library_path.dsv
[15.359s] -- Installing: /home/abhay/microros_ws/install/actionlib_msgs/lib/libactionlib_msgs__rosidl_generator_c.so
[15.359s] -- Set runtime path of "/home/abhay/microros_ws/install/actionlib_msgs/lib/libactionlib_msgs__rosidl_generator_c.so" to ""
[15.359s] -- Up-to-date: /home/abhay/microros_ws/install/actionlib_msgs/include/actionlib_msgs/actionlib_msgs
[15.359s] -- Up-to-date: /home/abhay/microros_ws/install/actionlib_msgs/include/actionlib_msgs/actionlib_msgs/msg
[15.360s] -- Up-to-date: /home/abhay/microros_ws/install/actionlib_msgs/include/actionlib_msgs/actionlib_msgs/msg/detail
[15.360s] -- Installing: /home/abhay/microros_ws/install/actionlib_msgs/include/actionlib_msgs/actionlib_msgs/msg/detail/goal_status_array__rosidl_typesupport_fastrtps_c.h
[15.360s] -- Installing: /home/abhay/microros_ws/install/actionlib_msgs/include/actionlib_msgs/actionlib_msgs/msg/detail/goal_id__rosidl_typesupport_fastrtps_c.h
[15.360s] -- Installing: /home/abhay/microros_ws/install/actionlib_msgs/include/actionlib_msgs/actionlib_msgs/msg/detail/goal_status__rosidl_typesupport_fastrtps_c.h
[15.360s] -- Installing: /home/abhay/microros_ws/install/actionlib_msgs/include/actionlib_msgs/actionlib_msgs/msg/rosidl_typesupport_fastrtps_c__visibility_control.h
[15.360s] -- Installing: /home/abhay/microros_ws/install/actionlib_msgs/lib/libactionlib_msgs__rosidl_typesupport_fastrtps_c.so
[15.360s] -- Set runtime path of "/home/abhay/microros_ws/install/actionlib_msgs/lib/libactionlib_msgs__rosidl_typesupport_fastrtps_c.so" to ""
[15.360s] -- Up-to-date: /home/abhay/microros_ws/install/actionlib_msgs/include/actionlib_msgs/actionlib_msgs
[15.360s] -- Up-to-date: /home/abhay/microros_ws/install/actionlib_msgs/include/actionlib_msgs/actionlib_msgs/msg
[15.361s] -- Up-to-date: /home/abhay/microros_ws/install/actionlib_msgs/include/actionlib_msgs/actionlib_msgs/msg/detail
[15.361s] -- Installing: /home/abhay/microros_ws/install/actionlib_msgs/include/actionlib_msgs/actionlib_msgs/msg/detail/goal_id__struct.hpp
[15.361s] -- Installing: /home/abhay/microros_ws/install/actionlib_msgs/include/actionlib_msgs/actionlib_msgs/msg/detail/goal_status__builder.hpp
[15.361s] -- Installing: /home/abhay/microros_ws/install/actionlib_msgs/include/actionlib_msgs/actionlib_msgs/msg/detail/goal_id__traits.hpp
[15.361s] -- Installing: /home/abhay/microros_ws/install/actionlib_msgs/include/actionlib_msgs/actionlib_msgs/msg/detail/goal_status__struct.hpp
[15.361s] -- Installing: /home/abhay/microros_ws/install/actionlib_msgs/include/actionlib_msgs/actionlib_msgs/msg/detail/goal_status__traits.hpp
[15.361s] -- Installing: /home/abhay/microros_ws/install/actionlib_msgs/include/actionlib_msgs/actionlib_msgs/msg/detail/goal_status_array__builder.hpp
[15.361s] -- Installing: /home/abhay/microros_ws/install/actionlib_msgs/include/actionlib_msgs/actionlib_msgs/msg/detail/goal_id__builder.hpp
[15.361s] -- Installing: /home/abhay/microros_ws/install/actionlib_msgs/include/actionlib_msgs/actionlib_msgs/msg/detail/goal_status_array__struct.hpp
[15.361s] -- Installing: /home/abhay/microros_ws/install/actionlib_msgs/include/actionlib_msgs/actionlib_msgs/msg/detail/goal_status_array__traits.hpp
[15.362s] -- Installing: /home/abhay/microros_ws/install/actionlib_msgs/include/actionlib_msgs/actionlib_msgs/msg/goal_status_array.hpp
[15.362s] -- Installing: /home/abhay/microros_ws/install/actionlib_msgs/include/actionlib_msgs/actionlib_msgs/msg/goal_status.hpp
[15.362s] -- Installing: /home/abhay/microros_ws/install/actionlib_msgs/include/actionlib_msgs/actionlib_msgs/msg/goal_id.hpp
[15.362s] -- Up-to-date: /home/abhay/microros_ws/install/actionlib_msgs/include/actionlib_msgs/actionlib_msgs
[15.362s] -- Up-to-date: /home/abhay/microros_ws/install/actionlib_msgs/include/actionlib_msgs/actionlib_msgs/msg
[15.362s] -- Up-to-date: /home/abhay/microros_ws/install/actionlib_msgs/include/actionlib_msgs/actionlib_msgs/msg/detail
[15.362s] -- Installing: /home/abhay/microros_ws/install/actionlib_msgs/include/actionlib_msgs/actionlib_msgs/msg/detail/goal_id__rosidl_typesupport_fastrtps_cpp.hpp
[15.362s] -- Installing: /home/abhay/microros_ws/install/actionlib_msgs/include/actionlib_msgs/actionlib_msgs/msg/detail/goal_status__rosidl_typesupport_fastrtps_cpp.hpp
[15.362s] -- Installing: /home/abhay/microros_ws/install/actionlib_msgs/include/actionlib_msgs/actionlib_msgs/msg/detail/dds_fastrtps
[15.363s] -- Installing: /home/abhay/microros_ws/install/actionlib_msgs/include/actionlib_msgs/actionlib_msgs/msg/detail/goal_status_array__rosidl_typesupport_fastrtps_cpp.hpp
[15.363s] -- Installing: /home/abhay/microros_ws/install/actionlib_msgs/include/actionlib_msgs/actionlib_msgs/msg/rosidl_typesupport_fastrtps_cpp__visibility_control.h
[15.363s] -- Installing: /home/abhay/microros_ws/install/actionlib_msgs/lib/libactionlib_msgs__rosidl_typesupport_fastrtps_cpp.so
[15.363s] -- Set runtime path of "/home/abhay/microros_ws/install/actionlib_msgs/lib/libactionlib_msgs__rosidl_typesupport_fastrtps_cpp.so" to ""
[15.363s] -- Up-to-date: /home/abhay/microros_ws/install/actionlib_msgs/include/actionlib_msgs
[15.363s] -- Installing: /home/abhay/microros_ws/install/actionlib_msgs/include/actionlib_msgs/msg
[15.363s] -- Installing: /home/abhay/microros_ws/install/actionlib_msgs/include/actionlib_msgs/msg/detail
[15.363s] -- Installing: /home/abhay/microros_ws/install/actionlib_msgs/include/actionlib_msgs/msg/detail/microxrcedds
[15.363s] -- Installing: /home/abhay/microros_ws/install/actionlib_msgs/include/actionlib_msgs/msg/detail/goal_id__rosidl_typesupport_microxrcedds_c.h
[15.363s] -- Installing: /home/abhay/microros_ws/install/actionlib_msgs/include/actionlib_msgs/msg/detail/goal_status_array__rosidl_typesupport_microxrcedds_c.h
[15.364s] -- Installing: /home/abhay/microros_ws/install/actionlib_msgs/include/actionlib_msgs/msg/detail/goal_status__rosidl_typesupport_microxrcedds_c.h
[15.364s] -- Installing: /home/abhay/microros_ws/install/actionlib_msgs/include/actionlib_msgs/msg/rosidl_typesupport_microxrcedds_c__visibility_control.h
[15.364s] -- Installing: /home/abhay/microros_ws/install/actionlib_msgs/lib/libactionlib_msgs__rosidl_typesupport_microxrcedds_c.so
[15.364s] -- Set runtime path of "/home/abhay/microros_ws/install/actionlib_msgs/lib/libactionlib_msgs__rosidl_typesupport_microxrcedds_c.so" to ""
[15.364s] -- Up-to-date: /home/abhay/microros_ws/install/actionlib_msgs/include/actionlib_msgs/actionlib_msgs
[15.364s] -- Up-to-date: /home/abhay/microros_ws/install/actionlib_msgs/include/actionlib_msgs/actionlib_msgs/msg
[15.364s] -- Up-to-date: /home/abhay/microros_ws/install/actionlib_msgs/include/actionlib_msgs/actionlib_msgs/msg/detail
[15.364s] -- Installing: /home/abhay/microros_ws/install/actionlib_msgs/include/actionlib_msgs/actionlib_msgs/msg/detail/goal_status__type_support.c
[15.364s] -- Installing: /home/abhay/microros_ws/install/actionlib_msgs/include/actionlib_msgs/actionlib_msgs/msg/detail/goal_status__rosidl_typesupport_introspection_c.h
[15.365s] -- Installing: /home/abhay/microros_ws/install/actionlib_msgs/include/actionlib_msgs/actionlib_msgs/msg/detail/goal_id__rosidl_typesupport_introspection_c.h
[15.365s] -- Installing: /home/abhay/microros_ws/install/actionlib_msgs/include/actionlib_msgs/actionlib_msgs/msg/detail/goal_status_array__rosidl_typesupport_introspection_c.h
[15.365s] -- Installing: /home/abhay/microros_ws/install/actionlib_msgs/include/actionlib_msgs/actionlib_msgs/msg/detail/goal_id__type_support.c
[15.365s] -- Installing: /home/abhay/microros_ws/install/actionlib_msgs/include/actionlib_msgs/actionlib_msgs/msg/detail/goal_status_array__type_support.c
[15.365s] -- Installing: /home/abhay/microros_ws/install/actionlib_msgs/include/actionlib_msgs/actionlib_msgs/msg/rosidl_typesupport_introspection_c__visibility_control.h
[15.365s] -- Installing: /home/abhay/microros_ws/install/actionlib_msgs/lib/libactionlib_msgs__rosidl_typesupport_introspection_c.so
[15.365s] -- Set runtime path of "/home/abhay/microros_ws/install/actionlib_msgs/lib/libactionlib_msgs__rosidl_typesupport_introspection_c.so" to ""
[15.365s] -- Installing: /home/abhay/microros_ws/install/actionlib_msgs/lib/libactionlib_msgs__rosidl_typesupport_c.so
[15.365s] -- Set runtime path of "/home/abhay/microros_ws/install/actionlib_msgs/lib/libactionlib_msgs__rosidl_typesupport_c.so" to ""
[15.366s] -- Up-to-date: /home/abhay/microros_ws/install/actionlib_msgs/include/actionlib_msgs
[15.366s] -- Up-to-date: /home/abhay/microros_ws/install/actionlib_msgs/include/actionlib_msgs/msg
[15.366s] -- Up-to-date: /home/abhay/microros_ws/install/actionlib_msgs/include/actionlib_msgs/msg/detail
[15.366s] -- Up-to-date: /home/abhay/microros_ws/install/actionlib_msgs/include/actionlib_msgs/msg/detail/microxrcedds
[15.366s] -- Installing: /home/abhay/microros_ws/install/actionlib_msgs/include/actionlib_msgs/msg/detail/microxrcedds/goal_status__type_support_cpp.cpp
[15.366s] -- Installing: /home/abhay/microros_ws/install/actionlib_msgs/include/actionlib_msgs/msg/detail/microxrcedds/goal_id__type_support_cpp.cpp
[15.366s] -- Installing: /home/abhay/microros_ws/install/actionlib_msgs/include/actionlib_msgs/msg/detail/microxrcedds/goal_status_array__type_support_cpp.cpp
[15.367s] -- Installing: /home/abhay/microros_ws/install/actionlib_msgs/include/actionlib_msgs/msg/detail/goal_status__rosidl_typesupport_microxrcedds_cpp.hpp
[15.367s] -- Installing: /home/abhay/microros_ws/install/actionlib_msgs/include/actionlib_msgs/msg/detail/goal_status_array__rosidl_typesupport_microxrcedds_cpp.hpp
[15.367s] -- Installing: /home/abhay/microros_ws/install/actionlib_msgs/include/actionlib_msgs/msg/detail/goal_id__rosidl_typesupport_microxrcedds_cpp.hpp
[15.367s] -- Installing: /home/abhay/microros_ws/install/actionlib_msgs/include/actionlib_msgs/msg/rosidl_typesupport_microxrcedds_cpp__visibility_control.h
[15.367s] -- Installing: /home/abhay/microros_ws/install/actionlib_msgs/lib/libactionlib_msgs__rosidl_typesupport_microxrcedds_cpp.so
[15.367s] -- Set runtime path of "/home/abhay/microros_ws/install/actionlib_msgs/lib/libactionlib_msgs__rosidl_typesupport_microxrcedds_cpp.so" to ""
[15.367s] -- Up-to-date: /home/abhay/microros_ws/install/actionlib_msgs/include/actionlib_msgs/actionlib_msgs
[15.368s] -- Up-to-date: /home/abhay/microros_ws/install/actionlib_msgs/include/actionlib_msgs/actionlib_msgs/msg
[15.368s] -- Up-to-date: /home/abhay/microros_ws/install/actionlib_msgs/include/actionlib_msgs/actionlib_msgs/msg/detail
[15.368s] -- Installing: /home/abhay/microros_ws/install/actionlib_msgs/include/actionlib_msgs/actionlib_msgs/msg/detail/goal_status_array__type_support.cpp
[15.368s] -- Installing: /home/abhay/microros_ws/install/actionlib_msgs/include/actionlib_msgs/actionlib_msgs/msg/detail/goal_id__type_support.cpp
[15.368s] -- Installing: /home/abhay/microros_ws/install/actionlib_msgs/include/actionlib_msgs/actionlib_msgs/msg/detail/goal_status__type_support.cpp
[15.368s] -- Installing: /home/abhay/microros_ws/install/actionlib_msgs/include/actionlib_msgs/actionlib_msgs/msg/detail/goal_status_array__rosidl_typesupport_introspection_cpp.hpp
[15.368s] -- Installing: /home/abhay/microros_ws/install/actionlib_msgs/include/actionlib_msgs/actionlib_msgs/msg/detail/goal_status__rosidl_typesupport_introspection_cpp.hpp
[15.368s] -- Installing: /home/abhay/microros_ws/install/actionlib_msgs/include/actionlib_msgs/actionlib_msgs/msg/detail/goal_id__rosidl_typesupport_introspection_cpp.hpp
[15.369s] -- Installing: /home/abhay/microros_ws/install/actionlib_msgs/lib/libactionlib_msgs__rosidl_typesupport_introspection_cpp.so
[15.369s] -- Set runtime path of "/home/abhay/microros_ws/install/actionlib_msgs/lib/libactionlib_msgs__rosidl_typesupport_introspection_cpp.so" to ""
[15.369s] -- Installing: /home/abhay/microros_ws/install/actionlib_msgs/lib/libactionlib_msgs__rosidl_typesupport_cpp.so
[15.369s] -- Set runtime path of "/home/abhay/microros_ws/install/actionlib_msgs/lib/libactionlib_msgs__rosidl_typesupport_cpp.so" to ""
[15.369s] -- Installing: /home/abhay/microros_ws/install/actionlib_msgs/share/actionlib_msgs/environment/pythonpath.sh
[15.369s] -- Installing: /home/abhay/microros_ws/install/actionlib_msgs/share/actionlib_msgs/environment/pythonpath.dsv
[15.369s] -- Installing: /home/abhay/microros_ws/install/actionlib_msgs/local/lib/python3.10/dist-packages/actionlib_msgs-4.2.3-py3.10.egg-info
[15.369s] -- Installing: /home/abhay/microros_ws/install/actionlib_msgs/local/lib/python3.10/dist-packages/actionlib_msgs-4.2.3-py3.10.egg-info/top_level.txt
[15.370s] -- Installing: /home/abhay/microros_ws/install/actionlib_msgs/local/lib/python3.10/dist-packages/actionlib_msgs-4.2.3-py3.10.egg-info/SOURCES.txt
[15.370s] -- Installing: /home/abhay/microros_ws/install/actionlib_msgs/local/lib/python3.10/dist-packages/actionlib_msgs-4.2.3-py3.10.egg-info/dependency_links.txt
[15.370s] -- Installing: /home/abhay/microros_ws/install/actionlib_msgs/local/lib/python3.10/dist-packages/actionlib_msgs-4.2.3-py3.10.egg-info/PKG-INFO
[15.370s] -- Installing: /home/abhay/microros_ws/install/actionlib_msgs/local/lib/python3.10/dist-packages/actionlib_msgs
[15.370s] -- Installing: /home/abhay/microros_ws/install/actionlib_msgs/local/lib/python3.10/dist-packages/actionlib_msgs/actionlib_msgs_s__rosidl_typesupport_introspection_c.cpython-310-x86_64-linux-gnu.so
[15.370s] -- Installing: /home/abhay/microros_ws/install/actionlib_msgs/local/lib/python3.10/dist-packages/actionlib_msgs/actionlib_msgs_s__rosidl_typesupport_fastrtps_c.cpython-310-x86_64-linux-gnu.so
[15.370s] -- Installing: /home/abhay/microros_ws/install/actionlib_msgs/local/lib/python3.10/dist-packages/actionlib_msgs/actionlib_msgs_s__rosidl_typesupport_microxrcedds_c.cpython-310-x86_64-linux-gnu.so
[15.370s] -- Installing: /home/abhay/microros_ws/install/actionlib_msgs/local/lib/python3.10/dist-packages/actionlib_msgs/msg
[15.370s] -- Installing: /home/abhay/microros_ws/install/actionlib_msgs/local/lib/python3.10/dist-packages/actionlib_msgs/msg/_goal_status.py
[15.371s] -- Installing: /home/abhay/microros_ws/install/actionlib_msgs/local/lib/python3.10/dist-packages/actionlib_msgs/msg/_goal_status_array.py
[15.371s] -- Installing: /home/abhay/microros_ws/install/actionlib_msgs/local/lib/python3.10/dist-packages/actionlib_msgs/msg/_goal_status_s.c
[15.371s] -- Installing: /home/abhay/microros_ws/install/actionlib_msgs/local/lib/python3.10/dist-packages/actionlib_msgs/msg/_goal_id.py
[15.371s] -- Installing: /home/abhay/microros_ws/install/actionlib_msgs/local/lib/python3.10/dist-packages/actionlib_msgs/msg/_goal_status_array_s.c
[15.371s] -- Installing: /home/abhay/microros_ws/install/actionlib_msgs/local/lib/python3.10/dist-packages/actionlib_msgs/msg/__init__.py
[15.371s] -- Installing: /home/abhay/microros_ws/install/actionlib_msgs/local/lib/python3.10/dist-packages/actionlib_msgs/msg/_goal_id_s.c
[15.371s] -- Installing: /home/abhay/microros_ws/install/actionlib_msgs/local/lib/python3.10/dist-packages/actionlib_msgs/_actionlib_msgs_s.ep.rosidl_typesupport_c.c
[15.371s] -- Installing: /home/abhay/microros_ws/install/actionlib_msgs/local/lib/python3.10/dist-packages/actionlib_msgs/_actionlib_msgs_s.ep.rosidl_typesupport_fastrtps_c.c
[15.372s] -- Installing: /home/abhay/microros_ws/install/actionlib_msgs/local/lib/python3.10/dist-packages/actionlib_msgs/_actionlib_msgs_s.ep.rosidl_typesupport_microxrcedds_c.c
[15.372s] -- Installing: /home/abhay/microros_ws/install/actionlib_msgs/local/lib/python3.10/dist-packages/actionlib_msgs/actionlib_msgs_s__rosidl_typesupport_c.cpython-310-x86_64-linux-gnu.so
[15.372s] -- Installing: /home/abhay/microros_ws/install/actionlib_msgs/local/lib/python3.10/dist-packages/actionlib_msgs/_actionlib_msgs_s.ep.rosidl_typesupport_introspection_c.c
[15.372s] -- Installing: /home/abhay/microros_ws/install/actionlib_msgs/local/lib/python3.10/dist-packages/actionlib_msgs/__init__.py
[15.372s] -- Installing: /home/abhay/microros_ws/install/actionlib_msgs/local/lib/python3.10/dist-packages/actionlib_msgs/libactionlib_msgs__rosidl_generator_py.so
[15.428s] Listing '/home/abhay/microros_ws/install/actionlib_msgs/local/lib/python3.10/dist-packages/actionlib_msgs'...
[15.428s] Compiling '/home/abhay/microros_ws/install/actionlib_msgs/local/lib/python3.10/dist-packages/actionlib_msgs/__init__.py'...
[15.428s] Listing '/home/abhay/microros_ws/install/actionlib_msgs/local/lib/python3.10/dist-packages/actionlib_msgs/msg'...
[15.428s] Compiling '/home/abhay/microros_ws/install/actionlib_msgs/local/lib/python3.10/dist-packages/actionlib_msgs/msg/__init__.py'...
[15.428s] Compiling '/home/abhay/microros_ws/install/actionlib_msgs/local/lib/python3.10/dist-packages/actionlib_msgs/msg/_goal_id.py'...
[15.428s] Compiling '/home/abhay/microros_ws/install/actionlib_msgs/local/lib/python3.10/dist-packages/actionlib_msgs/msg/_goal_status.py'...
[15.428s] Compiling '/home/abhay/microros_ws/install/actionlib_msgs/local/lib/python3.10/dist-packages/actionlib_msgs/msg/_goal_status_array.py'...
[15.435s] -- Installing: /home/abhay/microros_ws/install/actionlib_msgs/local/lib/python3.10/dist-packages/actionlib_msgs/actionlib_msgs_s__rosidl_typesupport_microxrcedds_c.cpython-310-x86_64-linux-gnu.so
[15.435s] -- Set runtime path of "/home/abhay/microros_ws/install/actionlib_msgs/local/lib/python3.10/dist-packages/actionlib_msgs/actionlib_msgs_s__rosidl_typesupport_microxrcedds_c.cpython-310-x86_64-linux-gnu.so" to ""
[15.435s] -- Installing: /home/abhay/microros_ws/install/actionlib_msgs/local/lib/python3.10/dist-packages/actionlib_msgs/actionlib_msgs_s__rosidl_typesupport_fastrtps_c.cpython-310-x86_64-linux-gnu.so
[15.435s] -- Set runtime path of "/home/abhay/microros_ws/install/actionlib_msgs/local/lib/python3.10/dist-packages/actionlib_msgs/actionlib_msgs_s__rosidl_typesupport_fastrtps_c.cpython-310-x86_64-linux-gnu.so" to ""
[15.436s] -- Installing: /home/abhay/microros_ws/install/actionlib_msgs/local/lib/python3.10/dist-packages/actionlib_msgs/actionlib_msgs_s__rosidl_typesupport_introspection_c.cpython-310-x86_64-linux-gnu.so
[15.436s] -- Set runtime path of "/home/abhay/microros_ws/install/actionlib_msgs/local/lib/python3.10/dist-packages/actionlib_msgs/actionlib_msgs_s__rosidl_typesupport_introspection_c.cpython-310-x86_64-linux-gnu.so" to ""
[15.436s] -- Installing: /home/abhay/microros_ws/install/actionlib_msgs/local/lib/python3.10/dist-packages/actionlib_msgs/actionlib_msgs_s__rosidl_typesupport_c.cpython-310-x86_64-linux-gnu.so
[15.436s] -- Set runtime path of "/home/abhay/microros_ws/install/actionlib_msgs/local/lib/python3.10/dist-packages/actionlib_msgs/actionlib_msgs_s__rosidl_typesupport_c.cpython-310-x86_64-linux-gnu.so" to ""
[15.437s] -- Installing: /home/abhay/microros_ws/install/actionlib_msgs/lib/libactionlib_msgs__rosidl_generator_py.so
[15.437s] -- Set runtime path of "/home/abhay/microros_ws/install/actionlib_msgs/lib/libactionlib_msgs__rosidl_generator_py.so" to ""
[15.437s] -- Installing: /home/abhay/microros_ws/install/actionlib_msgs/share/actionlib_msgs/msg/GoalID.idl
[15.437s] -- Installing: /home/abhay/microros_ws/install/actionlib_msgs/share/actionlib_msgs/msg/GoalStatus.idl
[15.437s] -- Installing: /home/abhay/microros_ws/install/actionlib_msgs/share/actionlib_msgs/msg/GoalStatusArray.idl
[15.437s] -- Installing: /home/abhay/microros_ws/install/actionlib_msgs/share/actionlib_msgs/msg/GoalID.msg
[15.437s] -- Installing: /home/abhay/microros_ws/install/actionlib_msgs/share/actionlib_msgs/msg/GoalStatus.msg
[15.438s] -- Installing: /home/abhay/microros_ws/install/actionlib_msgs/share/actionlib_msgs/msg/GoalStatusArray.msg
[15.438s] -- Installing: /home/abhay/microros_ws/install/actionlib_msgs/share/ament_index/resource_index/package_run_dependencies/actionlib_msgs
[15.438s] -- Installing: /home/abhay/microros_ws/install/actionlib_msgs/share/ament_index/resource_index/parent_prefix_path/actionlib_msgs
[15.438s] -- Installing: /home/abhay/microros_ws/install/actionlib_msgs/share/actionlib_msgs/environment/ament_prefix_path.sh
[15.438s] -- Installing: /home/abhay/microros_ws/install/actionlib_msgs/share/actionlib_msgs/environment/ament_prefix_path.dsv
[15.438s] -- Installing: /home/abhay/microros_ws/install/actionlib_msgs/share/actionlib_msgs/environment/path.sh
[15.438s] -- Installing: /home/abhay/microros_ws/install/actionlib_msgs/share/actionlib_msgs/environment/path.dsv
[15.439s] -- Installing: /home/abhay/microros_ws/install/actionlib_msgs/share/actionlib_msgs/local_setup.bash
[15.439s] -- Installing: /home/abhay/microros_ws/install/actionlib_msgs/share/actionlib_msgs/local_setup.sh
[15.439s] -- Installing: /home/abhay/microros_ws/install/actionlib_msgs/share/actionlib_msgs/local_setup.zsh
[15.439s] -- Installing: /home/abhay/microros_ws/install/actionlib_msgs/share/actionlib_msgs/local_setup.dsv
[15.439s] -- Installing: /home/abhay/microros_ws/install/actionlib_msgs/share/actionlib_msgs/package.dsv
[15.439s] -- Installing: /home/abhay/microros_ws/install/actionlib_msgs/share/ament_index/resource_index/packages/actionlib_msgs
[15.439s] -- Installing: /home/abhay/microros_ws/install/actionlib_msgs/share/actionlib_msgs/cmake/export_actionlib_msgs__rosidl_generator_cExport.cmake
[15.440s] -- Installing: /home/abhay/microros_ws/install/actionlib_msgs/share/actionlib_msgs/cmake/export_actionlib_msgs__rosidl_generator_cExport-noconfig.cmake
[15.440s] -- Installing: /home/abhay/microros_ws/install/actionlib_msgs/share/actionlib_msgs/cmake/export_actionlib_msgs__rosidl_typesupport_fastrtps_cExport.cmake
[15.440s] -- Installing: /home/abhay/microros_ws/install/actionlib_msgs/share/actionlib_msgs/cmake/export_actionlib_msgs__rosidl_typesupport_fastrtps_cExport-noconfig.cmake
[15.440s] -- Installing: /home/abhay/microros_ws/install/actionlib_msgs/share/actionlib_msgs/cmake/export_actionlib_msgs__rosidl_generator_cppExport.cmake
[15.440s] -- Installing: /home/abhay/microros_ws/install/actionlib_msgs/share/actionlib_msgs/cmake/export_actionlib_msgs__rosidl_typesupport_fastrtps_cppExport.cmake
[15.440s] -- Installing: /home/abhay/microros_ws/install/actionlib_msgs/share/actionlib_msgs/cmake/export_actionlib_msgs__rosidl_typesupport_fastrtps_cppExport-noconfig.cmake
[15.441s] -- Installing: /home/abhay/microros_ws/install/actionlib_msgs/share/actionlib_msgs/cmake/actionlib_msgs__rosidl_typesupport_introspection_cExport.cmake
[15.441s] -- Installing: /home/abhay/microros_ws/install/actionlib_msgs/share/actionlib_msgs/cmake/actionlib_msgs__rosidl_typesupport_introspection_cExport-noconfig.cmake
[15.441s] -- Installing: /home/abhay/microros_ws/install/actionlib_msgs/share/actionlib_msgs/cmake/actionlib_msgs__rosidl_typesupport_cExport.cmake
[15.441s] -- Installing: /home/abhay/microros_ws/install/actionlib_msgs/share/actionlib_msgs/cmake/actionlib_msgs__rosidl_typesupport_cExport-noconfig.cmake
[15.441s] -- Installing: /home/abhay/microros_ws/install/actionlib_msgs/share/actionlib_msgs/cmake/actionlib_msgs__rosidl_typesupport_introspection_cppExport.cmake
[15.441s] -- Installing: /home/abhay/microros_ws/install/actionlib_msgs/share/actionlib_msgs/cmake/actionlib_msgs__rosidl_typesupport_introspection_cppExport-noconfig.cmake
[15.441s] -- Installing: /home/abhay/microros_ws/install/actionlib_msgs/share/actionlib_msgs/cmake/actionlib_msgs__rosidl_typesupport_cppExport.cmake
[15.442s] -- Installing: /home/abhay/microros_ws/install/actionlib_msgs/share/actionlib_msgs/cmake/actionlib_msgs__rosidl_typesupport_cppExport-noconfig.cmake
[15.442s] -- Installing: /home/abhay/microros_ws/install/actionlib_msgs/share/actionlib_msgs/cmake/export_actionlib_msgs__rosidl_generator_pyExport.cmake
[15.442s] -- Installing: /home/abhay/microros_ws/install/actionlib_msgs/share/actionlib_msgs/cmake/export_actionlib_msgs__rosidl_generator_pyExport-noconfig.cmake
[15.442s] -- Installing: /home/abhay/microros_ws/install/actionlib_msgs/share/actionlib_msgs/cmake/rosidl_cmake-extras.cmake
[15.442s] -- Installing: /home/abhay/microros_ws/install/actionlib_msgs/share/actionlib_msgs/cmake/ament_cmake_export_dependencies-extras.cmake
[15.442s] -- Installing: /home/abhay/microros_ws/install/actionlib_msgs/share/actionlib_msgs/cmake/ament_cmake_export_include_directories-extras.cmake
[15.442s] -- Installing: /home/abhay/microros_ws/install/actionlib_msgs/share/actionlib_msgs/cmake/ament_cmake_export_libraries-extras.cmake
[15.443s] -- Installing: /home/abhay/microros_ws/install/actionlib_msgs/share/actionlib_msgs/cmake/ament_cmake_export_targets-extras.cmake
[15.443s] -- Installing: /home/abhay/microros_ws/install/actionlib_msgs/share/actionlib_msgs/cmake/rosidl_cmake_export_typesupport_targets-extras.cmake
[15.443s] -- Installing: /home/abhay/microros_ws/install/actionlib_msgs/share/actionlib_msgs/cmake/rosidl_cmake_export_typesupport_libraries-extras.cmake
[15.443s] -- Installing: /home/abhay/microros_ws/install/actionlib_msgs/share/actionlib_msgs/cmake/actionlib_msgsConfig.cmake
[15.443s] -- Installing: /home/abhay/microros_ws/install/actionlib_msgs/share/actionlib_msgs/cmake/actionlib_msgsConfig-version.cmake
[15.443s] -- Installing: /home/abhay/microros_ws/install/actionlib_msgs/share/actionlib_msgs/package.xml
[15.446s] Invoked command in '/home/abhay/microros_ws/build/actionlib_msgs' returned '0': AMENT_PREFIX_PATH=/home/abhay/microros_ws/install/std_msgs:/home/abhay/microros_ws/install/builtin_interfaces:${AMENT_PREFIX_PATH} CMAKE_PREFIX_PATH=/home/abhay/microros_ws/install/std_msgs:/home/abhay/microros_ws/install/builtin_interfaces:/home/abhay/microros_ws/install/rosidl_typesupport_microxrcedds_cpp:/home/abhay/microros_ws/install/rosidl_typesupport_microxrcedds_c:/home/abhay/microros_ws/install/microcdr:/home/abhay/microros_ws/install/micro_ros_setup:/home/abhay/ros2_ws/install/py_srvcli:/home/abhay/ros2_ws/install/my_robot_controller:/opt/ros/humble LD_LIBRARY_PATH=/home/abhay/microros_ws/install/std_msgs/lib:/home/abhay/microros_ws/install/builtin_interfaces/lib:${LD_LIBRARY_PATH} PYTHONPATH=/home/abhay/microros_ws/install/std_msgs/local/lib/python3.10/dist-packages:/home/abhay/microros_ws/install/builtin_interfaces/local/lib/python3.10/dist-packages:${PYTHONPATH} /usr/bin/cmake --install /home/abhay/microros_ws/build/actionlib_msgs
