[0.026s] Invoking command in '/home/abhay/microros_ws/build/std_srvs': CMAKE_PREFIX_PATH=${CMAKE_PREFIX_PATH}:/home/abhay/ros2_ws/install/py_srvcli:/home/abhay/ros2_ws/install/my_robot_controller:/opt/ros/humble /usr/bin/cmake /home/abhay/microros_ws/src/ros2/common_interfaces/std_srvs -DBUILD_TESTING=OFF -DBUILD_SHARED_LIBS=ON -DCMAKE_INSTALL_PREFIX=/home/abhay/microros_ws/install/std_srvs
[0.073s] -- The C compiler identification is GNU 11.4.0
[0.140s] -- The CXX compiler identification is GNU 11.4.0
[0.149s] -- Detecting C compiler ABI info
[0.220s] -- Detecting C compiler ABI info - done
[0.227s] -- Check for working C compiler: /usr/bin/cc - skipped
[0.227s] -- Detecting C compile features
[0.227s] -- Detecting C compile features - done
[0.229s] -- Detecting CXX compiler ABI info
[0.296s] -- Detecting CXX compiler ABI info - done
[0.303s] -- Check for working CXX compiler: /usr/bin/c++ - skipped
[0.303s] -- Detecting CXX compile features
[0.304s] -- Detecting CXX compile features - done
[0.305s] -- Found ament_cmake: 1.3.8 (/opt/ros/humble/share/ament_cmake/cmake)
[0.463s] -- Found Python3: /usr/bin/python3 (found version "3.10.12") found components: Interpreter 
[0.568s] -- Found rosidl_default_generators: 1.2.0 (/opt/ros/humble/share/rosidl_default_generators/cmake)
[0.571s] -- Using all available rosidl_typesupport_c: rosidl_typesupport_microxrcedds_c;rosidl_typesupport_fastrtps_c;rosidl_typesupport_introspection_c
[0.581s] -- Found rosidl_adapter: 3.1.5 (/opt/ros/humble/share/rosidl_adapter/cmake)
[0.651s] -- Using all available rosidl_typesupport_cpp: rosidl_typesupport_microxrcedds_cpp;rosidl_typesupport_fastrtps_cpp;rosidl_typesupport_introspection_cpp
[1.102s] -- Found ament_cmake_ros: 0.10.0 (/opt/ros/humble/share/ament_cmake_ros/cmake)
[1.335s] -- Using all available rosidl_typesupport_c: rosidl_typesupport_microxrcedds_c;rosidl_typesupport_fastrtps_c;rosidl_typesupport_introspection_c
[1.631s] -- Using all available rosidl_typesupport_cpp: rosidl_typesupport_microxrcedds_cpp;rosidl_typesupport_fastrtps_cpp;rosidl_typesupport_introspection_cpp
[1.651s] -- Found PythonInterp: /usr/bin/python3 (found suitable version "3.10.12", minimum required is "3.6") 
[1.653s] -- Found python_cmake_module: 0.10.0 (/opt/ros/humble/share/python_cmake_module/cmake)
[1.675s] -- Found PythonLibs: /usr/lib/x86_64-linux-gnu/libpython3.10.so (found suitable version "3.10.12", minimum required is "3.5") 
[1.675s] -- Using PYTHON_EXECUTABLE: /usr/bin/python3
[1.675s] -- Using PYTHON_INCLUDE_DIRS: /usr/include/python3.10
[1.675s] -- Using PYTHON_LIBRARIES: /usr/lib/x86_64-linux-gnu/libpython3.10.so
[1.693s] -- Found PythonExtra: .so  
[1.726s] -- Configuring done
[1.776s] -- Generating done
[1.780s] -- Build files have been written to: /home/abhay/microros_ws/build/std_srvs
[1.789s] Invoked command in '/home/abhay/microros_ws/build/std_srvs' returned '0': CMAKE_PREFIX_PATH=${CMAKE_PREFIX_PATH}:/home/abhay/ros2_ws/install/py_srvcli:/home/abhay/ros2_ws/install/my_robot_controller:/opt/ros/humble /usr/bin/cmake /home/abhay/microros_ws/src/ros2/common_interfaces/std_srvs -DBUILD_TESTING=OFF -DBUILD_SHARED_LIBS=ON -DCMAKE_INSTALL_PREFIX=/home/abhay/microros_ws/install/std_srvs
[1.791s] Invoking command in '/home/abhay/microros_ws/build/std_srvs': CMAKE_PREFIX_PATH=${CMAKE_PREFIX_PATH}:/home/abhay/ros2_ws/install/py_srvcli:/home/abhay/ros2_ws/install/my_robot_controller:/opt/ros/humble /usr/bin/cmake --build /home/abhay/microros_ws/build/std_srvs -- -j16 -l16
[1.842s] [  1%] [34m[1mGenerating C code for ROS interfaces[0m
[1.853s] [  3%] [34m[1mGenerating C++ code for ROS interfaces[0m
[1.863s] [  3%] Built target ament_cmake_python_copy_std_srvs
[2.220s] running egg_info
[2.221s] creating std_srvs.egg-info
[2.222s] writing std_srvs.egg-info/PKG-INFO
[2.222s] writing dependency_links to std_srvs.egg-info/dependency_links.txt
[2.222s] writing top-level names to std_srvs.egg-info/top_level.txt
[2.222s] writing manifest file 'std_srvs.egg-info/SOURCES.txt'
[2.226s] reading manifest file 'std_srvs.egg-info/SOURCES.txt'
[2.227s] writing manifest file 'std_srvs.egg-info/SOURCES.txt'
[2.270s] [  3%] Built target ament_cmake_python_build_std_srvs_egg
[2.747s] [  3%] Built target std_srvs__cpp
[2.774s] [  5%] [32mBuilding C object CMakeFiles/std_srvs__rosidl_generator_c.dir/rosidl_generator_c/std_srvs/srv/detail/empty__functions.c.o[0m
[2.794s] [  6%] [32mBuilding C object CMakeFiles/std_srvs__rosidl_generator_c.dir/rosidl_generator_c/std_srvs/srv/detail/set_bool__functions.c.o[0m
[2.803s] [  8%] [32mBuilding C object CMakeFiles/std_srvs__rosidl_generator_c.dir/rosidl_generator_c/std_srvs/srv/detail/trigger__functions.c.o[0m
[2.831s] [ 10%] [34m[1mGenerating C++ introspection for ROS interfaces[0m
[2.831s] [ 11%] [34m[1mGenerating C++ type support for eProsima Fast-RTPS[0m
[2.846s] [ 13%] [34m[1mGenerating C++ type support for eProsima Micro XRCE-DDS[0m
[2.846s] [ 15%] [34m[1mGenerating C++ type support dispatch for ROS interfaces[0m
[3.044s] [ 16%] [32m[1mLinking C shared library libstd_srvs__rosidl_generator_c.so[0m
[3.253s] [ 16%] Built target std_srvs__rosidl_generator_c
[3.341s] [ 18%] [34m[1mGenerating C type support for eProsima Micro XRCE-DDS[0m
[3.355s] [ 20%] [34m[1mGenerating C type support for eProsima Fast-RTPS[0m
[3.371s] [ 22%] [34m[1mGenerating C introspection for ROS interfaces[0m
[3.403s] [ 23%] [34m[1mGenerating C type support dispatch for ROS interfaces[0m
[4.168s] [ 25%] [32mBuilding CXX object CMakeFiles/std_srvs__rosidl_typesupport_cpp.dir/rosidl_typesupport_cpp/std_srvs/srv/empty__type_support.cpp.o[0m
[4.176s] [ 27%] [32mBuilding CXX object CMakeFiles/std_srvs__rosidl_typesupport_cpp.dir/rosidl_typesupport_cpp/std_srvs/srv/set_bool__type_support.cpp.o[0m
[4.220s] [ 28%] [32mBuilding CXX object CMakeFiles/std_srvs__rosidl_typesupport_cpp.dir/rosidl_typesupport_cpp/std_srvs/srv/trigger__type_support.cpp.o[0m
[4.392s] [ 30%] [32mBuilding CXX object CMakeFiles/std_srvs__rosidl_typesupport_fastrtps_cpp.dir/rosidl_typesupport_fastrtps_cpp/std_srvs/srv/detail/dds_fastrtps/set_bool__type_support.cpp.o[0m
[4.403s] [ 32%] [32mBuilding CXX object CMakeFiles/std_srvs__rosidl_typesupport_fastrtps_cpp.dir/rosidl_typesupport_fastrtps_cpp/std_srvs/srv/detail/dds_fastrtps/empty__type_support.cpp.o[0m
[4.411s] [ 33%] [32mBuilding CXX object CMakeFiles/std_srvs__rosidl_typesupport_fastrtps_cpp.dir/rosidl_typesupport_fastrtps_cpp/std_srvs/srv/detail/dds_fastrtps/trigger__type_support.cpp.o[0m
[4.448s] [ 35%] [32mBuilding CXX object CMakeFiles/std_srvs__rosidl_typesupport_introspection_cpp.dir/rosidl_typesupport_introspection_cpp/std_srvs/srv/detail/empty__type_support.cpp.o[0m
[4.452s] [ 37%] [32mBuilding CXX object CMakeFiles/std_srvs__rosidl_typesupport_introspection_cpp.dir/rosidl_typesupport_introspection_cpp/std_srvs/srv/detail/set_bool__type_support.cpp.o[0m
[4.504s] [ 38%] [32mBuilding CXX object CMakeFiles/std_srvs__rosidl_typesupport_introspection_cpp.dir/rosidl_typesupport_introspection_cpp/std_srvs/srv/detail/trigger__type_support.cpp.o[0m
[4.507s] [ 40%] [32mBuilding CXX object CMakeFiles/std_srvs__rosidl_typesupport_c.dir/rosidl_typesupport_c/std_srvs/srv/empty__type_support.cpp.o[0m
[4.524s] [ 42%] [32mBuilding CXX object CMakeFiles/std_srvs__rosidl_typesupport_c.dir/rosidl_typesupport_c/std_srvs/srv/trigger__type_support.cpp.o[0m
[4.541s] [ 44%] [32mBuilding CXX object CMakeFiles/std_srvs__rosidl_typesupport_c.dir/rosidl_typesupport_c/std_srvs/srv/set_bool__type_support.cpp.o[0m
[4.716s] [ 45%] [32m[1mLinking CXX shared library libstd_srvs__rosidl_typesupport_c.so[0m
[4.841s] [ 47%] [32mBuilding CXX object CMakeFiles/std_srvs__rosidl_typesupport_microxrcedds_cpp.dir/rosidl_typesupport_microxrcedds_cpp/std_srvs/srv/detail/microxrcedds/empty__type_support_cpp.cpp.o[0m
[4.861s] [ 49%] [32mBuilding CXX object CMakeFiles/std_srvs__rosidl_typesupport_microxrcedds_cpp.dir/rosidl_typesupport_microxrcedds_cpp/std_srvs/srv/detail/microxrcedds/set_bool__type_support_cpp.cpp.o[0m
[4.863s] [ 50%] [32mBuilding CXX object CMakeFiles/std_srvs__rosidl_typesupport_microxrcedds_cpp.dir/rosidl_typesupport_microxrcedds_cpp/std_srvs/srv/detail/microxrcedds/trigger__type_support_cpp.cpp.o[0m
[4.912s] [ 52%] [32mBuilding C object CMakeFiles/std_srvs__rosidl_typesupport_introspection_c.dir/rosidl_typesupport_introspection_c/std_srvs/srv/detail/empty__type_support.c.o[0m
[4.963s] [ 52%] Built target std_srvs__rosidl_typesupport_c
[5.064s] [ 54%] [32mBuilding C object CMakeFiles/std_srvs__rosidl_typesupport_introspection_c.dir/rosidl_typesupport_introspection_c/std_srvs/srv/detail/set_bool__type_support.c.o[0m
[5.065s] [ 55%] [32mBuilding C object CMakeFiles/std_srvs__rosidl_typesupport_introspection_c.dir/rosidl_typesupport_introspection_c/std_srvs/srv/detail/trigger__type_support.c.o[0m
[5.130s] [ 57%] [32mBuilding CXX object CMakeFiles/std_srvs__rosidl_typesupport_fastrtps_c.dir/rosidl_typesupport_fastrtps_c/std_srvs/srv/detail/empty__type_support_c.cpp.o[0m
[5.163s] [ 59%] [32mBuilding CXX object CMakeFiles/std_srvs__rosidl_typesupport_fastrtps_c.dir/rosidl_typesupport_fastrtps_c/std_srvs/srv/detail/trigger__type_support_c.cpp.o[0m
[5.181s] [ 61%] [32mBuilding CXX object CMakeFiles/std_srvs__rosidl_typesupport_fastrtps_c.dir/rosidl_typesupport_fastrtps_c/std_srvs/srv/detail/set_bool__type_support_c.cpp.o[0m
[5.183s] [ 62%] [32m[1mLinking CXX shared library libstd_srvs__rosidl_typesupport_cpp.so[0m
[5.221s] [ 64%] [32m[1mLinking C shared library libstd_srvs__rosidl_typesupport_introspection_c.so[0m
[5.272s] [ 66%] [32mBuilding C object CMakeFiles/std_srvs__rosidl_typesupport_microxrcedds_c.dir/rosidl_typesupport_microxrcedds_c/std_srvs/srv/detail/microxrcedds/set_bool__type_support_c.c.o[0m
[5.275s] [ 67%] [32mBuilding C object CMakeFiles/std_srvs__rosidl_typesupport_microxrcedds_c.dir/rosidl_typesupport_microxrcedds_c/std_srvs/srv/detail/microxrcedds/empty__type_support_c.c.o[0m
[5.318s] [ 69%] [32mBuilding C object CMakeFiles/std_srvs__rosidl_typesupport_microxrcedds_c.dir/rosidl_typesupport_microxrcedds_c/std_srvs/srv/detail/microxrcedds/trigger__type_support_c.c.o[0m
[5.353s] [ 69%] Built target std_srvs__rosidl_typesupport_cpp
[5.363s] [ 69%] Built target std_srvs__rosidl_typesupport_introspection_c
[5.386s] [ 71%] [32m[1mLinking C shared library libstd_srvs__rosidl_typesupport_microxrcedds_c.so[0m
[5.439s] [ 71%] Built target std_srvs__rosidl_typesupport_microxrcedds_c
[5.485s] [ 72%] [32m[1mLinking CXX shared library libstd_srvs__rosidl_typesupport_microxrcedds_cpp.so[0m
[5.507s] [ 74%] [32m[1mLinking CXX shared library libstd_srvs__rosidl_typesupport_fastrtps_cpp.so[0m
[5.587s] [ 76%] [32m[1mLinking CXX shared library libstd_srvs__rosidl_typesupport_introspection_cpp.so[0m
[5.630s] [ 76%] Built target std_srvs__rosidl_typesupport_microxrcedds_cpp
[5.692s] [ 76%] Built target std_srvs__rosidl_typesupport_fastrtps_cpp
[5.710s] [ 76%] Built target std_srvs__rosidl_typesupport_introspection_cpp
[5.816s] [ 77%] [32m[1mLinking CXX shared library libstd_srvs__rosidl_typesupport_fastrtps_c.so[0m
[5.882s] [ 77%] Built target std_srvs__rosidl_typesupport_fastrtps_c
[5.899s] [ 77%] Built target std_srvs
[5.915s] [ 79%] [34m[1mGenerating Python code for ROS interfaces[0m
[7.060s] [ 79%] Built target std_srvs__py
[7.093s] [ 81%] [32mBuilding C object CMakeFiles/std_srvs__rosidl_generator_py.dir/rosidl_generator_py/std_srvs/srv/_empty_s.c.o[0m
[7.112s] [ 83%] [32mBuilding C object CMakeFiles/std_srvs__rosidl_generator_py.dir/rosidl_generator_py/std_srvs/srv/_trigger_s.c.o[0m
[7.121s] [ 84%] [32mBuilding C object CMakeFiles/std_srvs__rosidl_generator_py.dir/rosidl_generator_py/std_srvs/srv/_set_bool_s.c.o[0m
[7.432s] [ 86%] [32m[1mLinking C shared library rosidl_generator_py/std_srvs/libstd_srvs__rosidl_generator_py.so[0m
[7.516s] [ 86%] Built target std_srvs__rosidl_generator_py
[7.561s] [ 88%] [32mBuilding C object CMakeFiles/std_srvs__rosidl_typesupport_fastrtps_c__pyext.dir/rosidl_generator_py/std_srvs/_std_srvs_s.ep.rosidl_typesupport_fastrtps_c.c.o[0m
[7.565s] [ 89%] [32mBuilding C object CMakeFiles/std_srvs__rosidl_typesupport_introspection_c__pyext.dir/rosidl_generator_py/std_srvs/_std_srvs_s.ep.rosidl_typesupport_introspection_c.c.o[0m
[7.579s] [ 91%] [32mBuilding C object CMakeFiles/std_srvs__rosidl_typesupport_microxrcedds_c__pyext.dir/rosidl_generator_py/std_srvs/_std_srvs_s.ep.rosidl_typesupport_microxrcedds_c.c.o[0m
[7.599s] [ 93%] [32mBuilding C object CMakeFiles/std_srvs__rosidl_typesupport_c__pyext.dir/rosidl_generator_py/std_srvs/_std_srvs_s.ep.rosidl_typesupport_c.c.o[0m
[7.746s] [ 94%] [32m[1mLinking C shared library rosidl_generator_py/std_srvs/std_srvs_s__rosidl_typesupport_microxrcedds_c.cpython-310-x86_64-linux-gnu.so[0m
[7.752s] [ 96%] [32m[1mLinking C shared library rosidl_generator_py/std_srvs/std_srvs_s__rosidl_typesupport_introspection_c.cpython-310-x86_64-linux-gnu.so[0m
[7.794s] [ 96%] Built target std_srvs__rosidl_typesupport_microxrcedds_c__pyext
[7.814s] [ 98%] [32m[1mLinking C shared library rosidl_generator_py/std_srvs/std_srvs_s__rosidl_typesupport_c.cpython-310-x86_64-linux-gnu.so[0m
[7.819s] [ 98%] Built target std_srvs__rosidl_typesupport_introspection_c__pyext
[7.880s] [100%] [32m[1mLinking C shared library rosidl_generator_py/std_srvs/std_srvs_s__rosidl_typesupport_fastrtps_c.cpython-310-x86_64-linux-gnu.so[0m
[7.922s] [100%] Built target std_srvs__rosidl_typesupport_c__pyext
[7.969s] [100%] Built target std_srvs__rosidl_typesupport_fastrtps_c__pyext
[8.082s] Invoked command in '/home/abhay/microros_ws/build/std_srvs' returned '0': CMAKE_PREFIX_PATH=${CMAKE_PREFIX_PATH}:/home/abhay/ros2_ws/install/py_srvcli:/home/abhay/ros2_ws/install/my_robot_controller:/opt/ros/humble /usr/bin/cmake --build /home/abhay/microros_ws/build/std_srvs -- -j16 -l16
[8.616s] Invoking command in '/home/abhay/microros_ws/build/std_srvs': CMAKE_PREFIX_PATH=${CMAKE_PREFIX_PATH}:/home/abhay/ros2_ws/install/py_srvcli:/home/abhay/ros2_ws/install/my_robot_controller:/opt/ros/humble /usr/bin/cmake --install /home/abhay/microros_ws/build/std_srvs
[8.628s] -- Install configuration: ""
[8.628s] -- Installing: /home/abhay/microros_ws/install/std_srvs/share/ament_index/resource_index/rosidl_interfaces/std_srvs
[8.629s] -- Installing: /home/abhay/microros_ws/install/std_srvs/include/std_srvs/std_srvs
[8.629s] -- Installing: /home/abhay/microros_ws/install/std_srvs/include/std_srvs/std_srvs/msg
[8.629s] -- Installing: /home/abhay/microros_ws/install/std_srvs/include/std_srvs/std_srvs/msg/rosidl_generator_c__visibility_control.h
[8.629s] -- Installing: /home/abhay/microros_ws/install/std_srvs/include/std_srvs/std_srvs/srv
[8.629s] -- Installing: /home/abhay/microros_ws/install/std_srvs/include/std_srvs/std_srvs/srv/trigger.h
[8.629s] -- Installing: /home/abhay/microros_ws/install/std_srvs/include/std_srvs/std_srvs/srv/detail
[8.629s] -- Installing: /home/abhay/microros_ws/install/std_srvs/include/std_srvs/std_srvs/srv/detail/trigger__functions.h
[8.629s] -- Installing: /home/abhay/microros_ws/install/std_srvs/include/std_srvs/std_srvs/srv/detail/set_bool__functions.h
[8.630s] -- Installing: /home/abhay/microros_ws/install/std_srvs/include/std_srvs/std_srvs/srv/detail/trigger__type_support.h
[8.630s] -- Installing: /home/abhay/microros_ws/install/std_srvs/include/std_srvs/std_srvs/srv/detail/empty__functions.h
[8.630s] -- Installing: /home/abhay/microros_ws/install/std_srvs/include/std_srvs/std_srvs/srv/detail/trigger__struct.h
[8.630s] -- Installing: /home/abhay/microros_ws/install/std_srvs/include/std_srvs/std_srvs/srv/detail/trigger__functions.c
[8.630s] -- Installing: /home/abhay/microros_ws/install/std_srvs/include/std_srvs/std_srvs/srv/detail/empty__type_support.h
[8.630s] -- Installing: /home/abhay/microros_ws/install/std_srvs/include/std_srvs/std_srvs/srv/detail/set_bool__struct.h
[8.630s] -- Installing: /home/abhay/microros_ws/install/std_srvs/include/std_srvs/std_srvs/srv/detail/set_bool__functions.c
[8.631s] -- Installing: /home/abhay/microros_ws/install/std_srvs/include/std_srvs/std_srvs/srv/detail/set_bool__type_support.h
[8.631s] -- Installing: /home/abhay/microros_ws/install/std_srvs/include/std_srvs/std_srvs/srv/detail/empty__struct.h
[8.631s] -- Installing: /home/abhay/microros_ws/install/std_srvs/include/std_srvs/std_srvs/srv/detail/empty__functions.c
[8.631s] -- Installing: /home/abhay/microros_ws/install/std_srvs/include/std_srvs/std_srvs/srv/set_bool.h
[8.631s] -- Installing: /home/abhay/microros_ws/install/std_srvs/include/std_srvs/std_srvs/srv/empty.h
[8.631s] -- Installing: /home/abhay/microros_ws/install/std_srvs/share/std_srvs/environment/library_path.sh
[8.632s] -- Installing: /home/abhay/microros_ws/install/std_srvs/share/std_srvs/environment/library_path.dsv
[8.632s] -- Installing: /home/abhay/microros_ws/install/std_srvs/lib/libstd_srvs__rosidl_generator_c.so
[8.632s] -- Set runtime path of "/home/abhay/microros_ws/install/std_srvs/lib/libstd_srvs__rosidl_generator_c.so" to ""
[8.632s] -- Up-to-date: /home/abhay/microros_ws/install/std_srvs/include/std_srvs
[8.632s] -- Installing: /home/abhay/microros_ws/install/std_srvs/include/std_srvs/msg
[8.632s] -- Installing: /home/abhay/microros_ws/install/std_srvs/include/std_srvs/msg/rosidl_typesupport_microxrcedds_c__visibility_control.h
[8.632s] -- Installing: /home/abhay/microros_ws/install/std_srvs/include/std_srvs/srv
[8.632s] -- Installing: /home/abhay/microros_ws/install/std_srvs/include/std_srvs/srv/detail
[8.632s] -- Installing: /home/abhay/microros_ws/install/std_srvs/include/std_srvs/srv/detail/empty__rosidl_typesupport_microxrcedds_c.h
[8.633s] -- Installing: /home/abhay/microros_ws/install/std_srvs/include/std_srvs/srv/detail/microxrcedds
[8.633s] -- Installing: /home/abhay/microros_ws/install/std_srvs/include/std_srvs/srv/detail/trigger__rosidl_typesupport_microxrcedds_c.h
[8.633s] -- Installing: /home/abhay/microros_ws/install/std_srvs/include/std_srvs/srv/detail/set_bool__rosidl_typesupport_microxrcedds_c.h
[8.633s] -- Installing: /home/abhay/microros_ws/install/std_srvs/lib/libstd_srvs__rosidl_typesupport_microxrcedds_c.so
[8.633s] -- Set runtime path of "/home/abhay/microros_ws/install/std_srvs/lib/libstd_srvs__rosidl_typesupport_microxrcedds_c.so" to ""
[8.633s] -- Up-to-date: /home/abhay/microros_ws/install/std_srvs/include/std_srvs/std_srvs
[8.633s] -- Up-to-date: /home/abhay/microros_ws/install/std_srvs/include/std_srvs/std_srvs/msg
[8.633s] -- Installing: /home/abhay/microros_ws/install/std_srvs/include/std_srvs/std_srvs/msg/rosidl_typesupport_fastrtps_c__visibility_control.h
[8.634s] -- Up-to-date: /home/abhay/microros_ws/install/std_srvs/include/std_srvs/std_srvs/srv
[8.634s] -- Up-to-date: /home/abhay/microros_ws/install/std_srvs/include/std_srvs/std_srvs/srv/detail
[8.634s] -- Installing: /home/abhay/microros_ws/install/std_srvs/include/std_srvs/std_srvs/srv/detail/empty__rosidl_typesupport_fastrtps_c.h
[8.634s] -- Installing: /home/abhay/microros_ws/install/std_srvs/include/std_srvs/std_srvs/srv/detail/set_bool__rosidl_typesupport_fastrtps_c.h
[8.634s] -- Installing: /home/abhay/microros_ws/install/std_srvs/include/std_srvs/std_srvs/srv/detail/trigger__rosidl_typesupport_fastrtps_c.h
[8.634s] -- Installing: /home/abhay/microros_ws/install/std_srvs/lib/libstd_srvs__rosidl_typesupport_fastrtps_c.so
[8.634s] -- Set runtime path of "/home/abhay/microros_ws/install/std_srvs/lib/libstd_srvs__rosidl_typesupport_fastrtps_c.so" to ""
[8.635s] -- Up-to-date: /home/abhay/microros_ws/install/std_srvs/include/std_srvs/std_srvs
[8.635s] -- Up-to-date: /home/abhay/microros_ws/install/std_srvs/include/std_srvs/std_srvs/msg
[8.635s] -- Installing: /home/abhay/microros_ws/install/std_srvs/include/std_srvs/std_srvs/msg/rosidl_typesupport_introspection_c__visibility_control.h
[8.635s] -- Up-to-date: /home/abhay/microros_ws/install/std_srvs/include/std_srvs/std_srvs/srv
[8.635s] -- Up-to-date: /home/abhay/microros_ws/install/std_srvs/include/std_srvs/std_srvs/srv/detail
[8.635s] -- Installing: /home/abhay/microros_ws/install/std_srvs/include/std_srvs/std_srvs/srv/detail/trigger__type_support.c
[8.635s] -- Installing: /home/abhay/microros_ws/install/std_srvs/include/std_srvs/std_srvs/srv/detail/empty__rosidl_typesupport_introspection_c.h
[8.635s] -- Installing: /home/abhay/microros_ws/install/std_srvs/include/std_srvs/std_srvs/srv/detail/empty__type_support.c
[8.636s] -- Installing: /home/abhay/microros_ws/install/std_srvs/include/std_srvs/std_srvs/srv/detail/trigger__rosidl_typesupport_introspection_c.h
[8.636s] -- Installing: /home/abhay/microros_ws/install/std_srvs/include/std_srvs/std_srvs/srv/detail/set_bool__type_support.c
[8.636s] -- Installing: /home/abhay/microros_ws/install/std_srvs/include/std_srvs/std_srvs/srv/detail/set_bool__rosidl_typesupport_introspection_c.h
[8.636s] -- Installing: /home/abhay/microros_ws/install/std_srvs/lib/libstd_srvs__rosidl_typesupport_introspection_c.so
[8.637s] -- Set runtime path of "/home/abhay/microros_ws/install/std_srvs/lib/libstd_srvs__rosidl_typesupport_introspection_c.so" to ""
[8.637s] -- Installing: /home/abhay/microros_ws/install/std_srvs/lib/libstd_srvs__rosidl_typesupport_c.so
[8.637s] -- Set runtime path of "/home/abhay/microros_ws/install/std_srvs/lib/libstd_srvs__rosidl_typesupport_c.so" to ""
[8.637s] -- Up-to-date: /home/abhay/microros_ws/install/std_srvs/include/std_srvs/std_srvs
[8.638s] -- Up-to-date: /home/abhay/microros_ws/install/std_srvs/include/std_srvs/std_srvs/srv
[8.638s] -- Installing: /home/abhay/microros_ws/install/std_srvs/include/std_srvs/std_srvs/srv/empty.hpp
[8.638s] -- Up-to-date: /home/abhay/microros_ws/install/std_srvs/include/std_srvs/std_srvs/srv/detail
[8.638s] -- Installing: /home/abhay/microros_ws/install/std_srvs/include/std_srvs/std_srvs/srv/detail/trigger__struct.hpp
[8.638s] -- Installing: /home/abhay/microros_ws/install/std_srvs/include/std_srvs/std_srvs/srv/detail/empty__struct.hpp
[8.638s] -- Installing: /home/abhay/microros_ws/install/std_srvs/include/std_srvs/std_srvs/srv/detail/empty__traits.hpp
[8.639s] -- Installing: /home/abhay/microros_ws/install/std_srvs/include/std_srvs/std_srvs/srv/detail/empty__builder.hpp
[8.639s] -- Installing: /home/abhay/microros_ws/install/std_srvs/include/std_srvs/std_srvs/srv/detail/trigger__traits.hpp
[8.639s] -- Installing: /home/abhay/microros_ws/install/std_srvs/include/std_srvs/std_srvs/srv/detail/set_bool__builder.hpp
[8.639s] -- Installing: /home/abhay/microros_ws/install/std_srvs/include/std_srvs/std_srvs/srv/detail/trigger__builder.hpp
[8.639s] -- Installing: /home/abhay/microros_ws/install/std_srvs/include/std_srvs/std_srvs/srv/detail/set_bool__traits.hpp
[8.639s] -- Installing: /home/abhay/microros_ws/install/std_srvs/include/std_srvs/std_srvs/srv/detail/set_bool__struct.hpp
[8.639s] -- Installing: /home/abhay/microros_ws/install/std_srvs/include/std_srvs/std_srvs/srv/trigger.hpp
[8.639s] -- Installing: /home/abhay/microros_ws/install/std_srvs/include/std_srvs/std_srvs/srv/set_bool.hpp
[8.640s] -- Up-to-date: /home/abhay/microros_ws/install/std_srvs/include/std_srvs
[8.640s] -- Up-to-date: /home/abhay/microros_ws/install/std_srvs/include/std_srvs/msg
[8.640s] -- Installing: /home/abhay/microros_ws/install/std_srvs/include/std_srvs/msg/rosidl_typesupport_microxrcedds_cpp__visibility_control.h
[8.640s] -- Up-to-date: /home/abhay/microros_ws/install/std_srvs/include/std_srvs/srv
[8.640s] -- Up-to-date: /home/abhay/microros_ws/install/std_srvs/include/std_srvs/srv/detail
[8.640s] -- Up-to-date: /home/abhay/microros_ws/install/std_srvs/include/std_srvs/srv/detail/microxrcedds
[8.640s] -- Installing: /home/abhay/microros_ws/install/std_srvs/include/std_srvs/srv/detail/microxrcedds/empty__type_support_cpp.cpp
[8.640s] -- Installing: /home/abhay/microros_ws/install/std_srvs/include/std_srvs/srv/detail/microxrcedds/trigger__type_support_cpp.cpp
[8.640s] -- Installing: /home/abhay/microros_ws/install/std_srvs/include/std_srvs/srv/detail/microxrcedds/set_bool__type_support_cpp.cpp
[8.640s] -- Installing: /home/abhay/microros_ws/install/std_srvs/include/std_srvs/srv/detail/set_bool__rosidl_typesupport_microxrcedds_cpp.hpp
[8.641s] -- Installing: /home/abhay/microros_ws/install/std_srvs/include/std_srvs/srv/detail/trigger__rosidl_typesupport_microxrcedds_cpp.hpp
[8.641s] -- Installing: /home/abhay/microros_ws/install/std_srvs/include/std_srvs/srv/detail/empty__rosidl_typesupport_microxrcedds_cpp.hpp
[8.641s] -- Installing: /home/abhay/microros_ws/install/std_srvs/lib/libstd_srvs__rosidl_typesupport_microxrcedds_cpp.so
[8.641s] -- Set runtime path of "/home/abhay/microros_ws/install/std_srvs/lib/libstd_srvs__rosidl_typesupport_microxrcedds_cpp.so" to ""
[8.641s] -- Up-to-date: /home/abhay/microros_ws/install/std_srvs/include/std_srvs/std_srvs
[8.641s] -- Up-to-date: /home/abhay/microros_ws/install/std_srvs/include/std_srvs/std_srvs/msg
[8.641s] -- Installing: /home/abhay/microros_ws/install/std_srvs/include/std_srvs/std_srvs/msg/rosidl_typesupport_fastrtps_cpp__visibility_control.h
[8.641s] -- Up-to-date: /home/abhay/microros_ws/install/std_srvs/include/std_srvs/std_srvs/srv
[8.642s] -- Up-to-date: /home/abhay/microros_ws/install/std_srvs/include/std_srvs/std_srvs/srv/detail
[8.642s] -- Installing: /home/abhay/microros_ws/install/std_srvs/include/std_srvs/std_srvs/srv/detail/trigger__rosidl_typesupport_fastrtps_cpp.hpp
[8.642s] -- Installing: /home/abhay/microros_ws/install/std_srvs/include/std_srvs/std_srvs/srv/detail/empty__rosidl_typesupport_fastrtps_cpp.hpp
[8.642s] -- Installing: /home/abhay/microros_ws/install/std_srvs/include/std_srvs/std_srvs/srv/detail/set_bool__rosidl_typesupport_fastrtps_cpp.hpp
[8.642s] -- Installing: /home/abhay/microros_ws/install/std_srvs/include/std_srvs/std_srvs/srv/detail/dds_fastrtps
[8.642s] -- Installing: /home/abhay/microros_ws/install/std_srvs/lib/libstd_srvs__rosidl_typesupport_fastrtps_cpp.so
[8.643s] -- Set runtime path of "/home/abhay/microros_ws/install/std_srvs/lib/libstd_srvs__rosidl_typesupport_fastrtps_cpp.so" to ""
[8.643s] -- Up-to-date: /home/abhay/microros_ws/install/std_srvs/include/std_srvs/std_srvs
[8.643s] -- Up-to-date: /home/abhay/microros_ws/install/std_srvs/include/std_srvs/std_srvs/srv
[8.643s] -- Up-to-date: /home/abhay/microros_ws/install/std_srvs/include/std_srvs/std_srvs/srv/detail
[8.644s] -- Installing: /home/abhay/microros_ws/install/std_srvs/include/std_srvs/std_srvs/srv/detail/empty__type_support.cpp
[8.644s] -- Installing: /home/abhay/microros_ws/install/std_srvs/include/std_srvs/std_srvs/srv/detail/empty__rosidl_typesupport_introspection_cpp.hpp
[8.644s] -- Installing: /home/abhay/microros_ws/install/std_srvs/include/std_srvs/std_srvs/srv/detail/set_bool__rosidl_typesupport_introspection_cpp.hpp
[8.644s] -- Installing: /home/abhay/microros_ws/install/std_srvs/include/std_srvs/std_srvs/srv/detail/trigger__rosidl_typesupport_introspection_cpp.hpp
[8.644s] -- Installing: /home/abhay/microros_ws/install/std_srvs/include/std_srvs/std_srvs/srv/detail/trigger__type_support.cpp
[8.644s] -- Installing: /home/abhay/microros_ws/install/std_srvs/include/std_srvs/std_srvs/srv/detail/set_bool__type_support.cpp
[8.644s] -- Installing: /home/abhay/microros_ws/install/std_srvs/lib/libstd_srvs__rosidl_typesupport_introspection_cpp.so
[8.645s] -- Set runtime path of "/home/abhay/microros_ws/install/std_srvs/lib/libstd_srvs__rosidl_typesupport_introspection_cpp.so" to ""
[8.645s] -- Installing: /home/abhay/microros_ws/install/std_srvs/lib/libstd_srvs__rosidl_typesupport_cpp.so
[8.645s] -- Set runtime path of "/home/abhay/microros_ws/install/std_srvs/lib/libstd_srvs__rosidl_typesupport_cpp.so" to ""
[8.645s] -- Installing: /home/abhay/microros_ws/install/std_srvs/share/std_srvs/environment/pythonpath.sh
[8.645s] -- Installing: /home/abhay/microros_ws/install/std_srvs/share/std_srvs/environment/pythonpath.dsv
[8.645s] -- Installing: /home/abhay/microros_ws/install/std_srvs/local/lib/python3.10/dist-packages/std_srvs-4.2.3-py3.10.egg-info
[8.645s] -- Installing: /home/abhay/microros_ws/install/std_srvs/local/lib/python3.10/dist-packages/std_srvs-4.2.3-py3.10.egg-info/top_level.txt
[8.645s] -- Installing: /home/abhay/microros_ws/install/std_srvs/local/lib/python3.10/dist-packages/std_srvs-4.2.3-py3.10.egg-info/SOURCES.txt
[8.646s] -- Installing: /home/abhay/microros_ws/install/std_srvs/local/lib/python3.10/dist-packages/std_srvs-4.2.3-py3.10.egg-info/dependency_links.txt
[8.646s] -- Installing: /home/abhay/microros_ws/install/std_srvs/local/lib/python3.10/dist-packages/std_srvs-4.2.3-py3.10.egg-info/PKG-INFO
[8.646s] -- Installing: /home/abhay/microros_ws/install/std_srvs/local/lib/python3.10/dist-packages/std_srvs
[8.646s] -- Installing: /home/abhay/microros_ws/install/std_srvs/local/lib/python3.10/dist-packages/std_srvs/std_srvs_s__rosidl_typesupport_introspection_c.cpython-310-x86_64-linux-gnu.so
[8.646s] -- Installing: /home/abhay/microros_ws/install/std_srvs/local/lib/python3.10/dist-packages/std_srvs/std_srvs_s__rosidl_typesupport_microxrcedds_c.cpython-310-x86_64-linux-gnu.so
[8.646s] -- Installing: /home/abhay/microros_ws/install/std_srvs/local/lib/python3.10/dist-packages/std_srvs/_std_srvs_s.ep.rosidl_typesupport_c.c
[8.647s] -- Installing: /home/abhay/microros_ws/install/std_srvs/local/lib/python3.10/dist-packages/std_srvs/libstd_srvs__rosidl_generator_py.so
[8.647s] -- Installing: /home/abhay/microros_ws/install/std_srvs/local/lib/python3.10/dist-packages/std_srvs/std_srvs_s__rosidl_typesupport_c.cpython-310-x86_64-linux-gnu.so
[8.647s] -- Installing: /home/abhay/microros_ws/install/std_srvs/local/lib/python3.10/dist-packages/std_srvs/_std_srvs_s.ep.rosidl_typesupport_fastrtps_c.c
[8.647s] -- Installing: /home/abhay/microros_ws/install/std_srvs/local/lib/python3.10/dist-packages/std_srvs/std_srvs_s__rosidl_typesupport_fastrtps_c.cpython-310-x86_64-linux-gnu.so
[8.647s] -- Installing: /home/abhay/microros_ws/install/std_srvs/local/lib/python3.10/dist-packages/std_srvs/_std_srvs_s.ep.rosidl_typesupport_introspection_c.c
[8.647s] -- Installing: /home/abhay/microros_ws/install/std_srvs/local/lib/python3.10/dist-packages/std_srvs/__init__.py
[8.647s] -- Installing: /home/abhay/microros_ws/install/std_srvs/local/lib/python3.10/dist-packages/std_srvs/srv
[8.648s] -- Installing: /home/abhay/microros_ws/install/std_srvs/local/lib/python3.10/dist-packages/std_srvs/srv/_trigger_s.c
[8.648s] -- Installing: /home/abhay/microros_ws/install/std_srvs/local/lib/python3.10/dist-packages/std_srvs/srv/_empty_s.c
[8.648s] -- Installing: /home/abhay/microros_ws/install/std_srvs/local/lib/python3.10/dist-packages/std_srvs/srv/_empty.py
[8.648s] -- Installing: /home/abhay/microros_ws/install/std_srvs/local/lib/python3.10/dist-packages/std_srvs/srv/_trigger.py
[8.648s] -- Installing: /home/abhay/microros_ws/install/std_srvs/local/lib/python3.10/dist-packages/std_srvs/srv/_set_bool_s.c
[8.648s] -- Installing: /home/abhay/microros_ws/install/std_srvs/local/lib/python3.10/dist-packages/std_srvs/srv/__init__.py
[8.648s] -- Installing: /home/abhay/microros_ws/install/std_srvs/local/lib/python3.10/dist-packages/std_srvs/srv/_set_bool.py
[8.648s] -- Installing: /home/abhay/microros_ws/install/std_srvs/local/lib/python3.10/dist-packages/std_srvs/_std_srvs_s.ep.rosidl_typesupport_microxrcedds_c.c
[8.711s] Listing '/home/abhay/microros_ws/install/std_srvs/local/lib/python3.10/dist-packages/std_srvs'...
[8.711s] Compiling '/home/abhay/microros_ws/install/std_srvs/local/lib/python3.10/dist-packages/std_srvs/__init__.py'...
[8.711s] Listing '/home/abhay/microros_ws/install/std_srvs/local/lib/python3.10/dist-packages/std_srvs/srv'...
[8.712s] Compiling '/home/abhay/microros_ws/install/std_srvs/local/lib/python3.10/dist-packages/std_srvs/srv/__init__.py'...
[8.712s] Compiling '/home/abhay/microros_ws/install/std_srvs/local/lib/python3.10/dist-packages/std_srvs/srv/_empty.py'...
[8.712s] Compiling '/home/abhay/microros_ws/install/std_srvs/local/lib/python3.10/dist-packages/std_srvs/srv/_set_bool.py'...
[8.712s] Compiling '/home/abhay/microros_ws/install/std_srvs/local/lib/python3.10/dist-packages/std_srvs/srv/_trigger.py'...
[8.723s] -- Installing: /home/abhay/microros_ws/install/std_srvs/local/lib/python3.10/dist-packages/std_srvs/std_srvs_s__rosidl_typesupport_microxrcedds_c.cpython-310-x86_64-linux-gnu.so
[8.723s] -- Set runtime path of "/home/abhay/microros_ws/install/std_srvs/local/lib/python3.10/dist-packages/std_srvs/std_srvs_s__rosidl_typesupport_microxrcedds_c.cpython-310-x86_64-linux-gnu.so" to ""
[8.723s] -- Installing: /home/abhay/microros_ws/install/std_srvs/local/lib/python3.10/dist-packages/std_srvs/std_srvs_s__rosidl_typesupport_fastrtps_c.cpython-310-x86_64-linux-gnu.so
[8.724s] -- Set runtime path of "/home/abhay/microros_ws/install/std_srvs/local/lib/python3.10/dist-packages/std_srvs/std_srvs_s__rosidl_typesupport_fastrtps_c.cpython-310-x86_64-linux-gnu.so" to ""
[8.724s] -- Installing: /home/abhay/microros_ws/install/std_srvs/local/lib/python3.10/dist-packages/std_srvs/std_srvs_s__rosidl_typesupport_introspection_c.cpython-310-x86_64-linux-gnu.so
[8.724s] -- Set runtime path of "/home/abhay/microros_ws/install/std_srvs/local/lib/python3.10/dist-packages/std_srvs/std_srvs_s__rosidl_typesupport_introspection_c.cpython-310-x86_64-linux-gnu.so" to ""
[8.724s] -- Installing: /home/abhay/microros_ws/install/std_srvs/local/lib/python3.10/dist-packages/std_srvs/std_srvs_s__rosidl_typesupport_c.cpython-310-x86_64-linux-gnu.so
[8.725s] -- Set runtime path of "/home/abhay/microros_ws/install/std_srvs/local/lib/python3.10/dist-packages/std_srvs/std_srvs_s__rosidl_typesupport_c.cpython-310-x86_64-linux-gnu.so" to ""
[8.725s] -- Installing: /home/abhay/microros_ws/install/std_srvs/lib/libstd_srvs__rosidl_generator_py.so
[8.725s] -- Set runtime path of "/home/abhay/microros_ws/install/std_srvs/lib/libstd_srvs__rosidl_generator_py.so" to ""
[8.725s] -- Installing: /home/abhay/microros_ws/install/std_srvs/share/std_srvs/srv/Empty.idl
[8.726s] -- Installing: /home/abhay/microros_ws/install/std_srvs/share/std_srvs/srv/SetBool.idl
[8.726s] -- Installing: /home/abhay/microros_ws/install/std_srvs/share/std_srvs/srv/Trigger.idl
[8.726s] -- Installing: /home/abhay/microros_ws/install/std_srvs/share/std_srvs/srv/Empty.srv
[8.726s] -- Installing: /home/abhay/microros_ws/install/std_srvs/share/std_srvs/srv/Empty_Request.msg
[8.726s] -- Installing: /home/abhay/microros_ws/install/std_srvs/share/std_srvs/srv/Empty_Response.msg
[8.727s] -- Installing: /home/abhay/microros_ws/install/std_srvs/share/std_srvs/srv/SetBool.srv
[8.727s] -- Installing: /home/abhay/microros_ws/install/std_srvs/share/std_srvs/srv/SetBool_Request.msg
[8.727s] -- Installing: /home/abhay/microros_ws/install/std_srvs/share/std_srvs/srv/SetBool_Response.msg
[8.727s] -- Installing: /home/abhay/microros_ws/install/std_srvs/share/std_srvs/srv/Trigger.srv
[8.727s] -- Installing: /home/abhay/microros_ws/install/std_srvs/share/std_srvs/srv/Trigger_Request.msg
[8.728s] -- Installing: /home/abhay/microros_ws/install/std_srvs/share/std_srvs/srv/Trigger_Response.msg
[8.728s] -- Installing: /home/abhay/microros_ws/install/std_srvs/share/ament_index/resource_index/package_run_dependencies/std_srvs
[8.728s] -- Installing: /home/abhay/microros_ws/install/std_srvs/share/ament_index/resource_index/parent_prefix_path/std_srvs
[8.728s] -- Installing: /home/abhay/microros_ws/install/std_srvs/share/std_srvs/environment/ament_prefix_path.sh
[8.728s] -- Installing: /home/abhay/microros_ws/install/std_srvs/share/std_srvs/environment/ament_prefix_path.dsv
[8.728s] -- Installing: /home/abhay/microros_ws/install/std_srvs/share/std_srvs/environment/path.sh
[8.728s] -- Installing: /home/abhay/microros_ws/install/std_srvs/share/std_srvs/environment/path.dsv
[8.729s] -- Installing: /home/abhay/microros_ws/install/std_srvs/share/std_srvs/local_setup.bash
[8.729s] -- Installing: /home/abhay/microros_ws/install/std_srvs/share/std_srvs/local_setup.sh
[8.729s] -- Installing: /home/abhay/microros_ws/install/std_srvs/share/std_srvs/local_setup.zsh
[8.729s] -- Installing: /home/abhay/microros_ws/install/std_srvs/share/std_srvs/local_setup.dsv
[8.729s] -- Installing: /home/abhay/microros_ws/install/std_srvs/share/std_srvs/package.dsv
[8.729s] -- Installing: /home/abhay/microros_ws/install/std_srvs/share/ament_index/resource_index/packages/std_srvs
[8.729s] -- Installing: /home/abhay/microros_ws/install/std_srvs/share/std_srvs/cmake/export_std_srvs__rosidl_generator_cExport.cmake
[8.730s] -- Installing: /home/abhay/microros_ws/install/std_srvs/share/std_srvs/cmake/export_std_srvs__rosidl_generator_cExport-noconfig.cmake
[8.730s] -- Installing: /home/abhay/microros_ws/install/std_srvs/share/std_srvs/cmake/export_std_srvs__rosidl_typesupport_fastrtps_cExport.cmake
[8.730s] -- Installing: /home/abhay/microros_ws/install/std_srvs/share/std_srvs/cmake/export_std_srvs__rosidl_typesupport_fastrtps_cExport-noconfig.cmake
[8.730s] -- Installing: /home/abhay/microros_ws/install/std_srvs/share/std_srvs/cmake/std_srvs__rosidl_typesupport_introspection_cExport.cmake
[8.730s] -- Installing: /home/abhay/microros_ws/install/std_srvs/share/std_srvs/cmake/std_srvs__rosidl_typesupport_introspection_cExport-noconfig.cmake
[8.730s] -- Installing: /home/abhay/microros_ws/install/std_srvs/share/std_srvs/cmake/std_srvs__rosidl_typesupport_cExport.cmake
[8.731s] -- Installing: /home/abhay/microros_ws/install/std_srvs/share/std_srvs/cmake/std_srvs__rosidl_typesupport_cExport-noconfig.cmake
[8.731s] -- Installing: /home/abhay/microros_ws/install/std_srvs/share/std_srvs/cmake/export_std_srvs__rosidl_generator_cppExport.cmake
[8.731s] -- Installing: /home/abhay/microros_ws/install/std_srvs/share/std_srvs/cmake/export_std_srvs__rosidl_typesupport_fastrtps_cppExport.cmake
[8.731s] -- Installing: /home/abhay/microros_ws/install/std_srvs/share/std_srvs/cmake/export_std_srvs__rosidl_typesupport_fastrtps_cppExport-noconfig.cmake
[8.731s] -- Installing: /home/abhay/microros_ws/install/std_srvs/share/std_srvs/cmake/std_srvs__rosidl_typesupport_introspection_cppExport.cmake
[8.731s] -- Installing: /home/abhay/microros_ws/install/std_srvs/share/std_srvs/cmake/std_srvs__rosidl_typesupport_introspection_cppExport-noconfig.cmake
[8.731s] -- Installing: /home/abhay/microros_ws/install/std_srvs/share/std_srvs/cmake/std_srvs__rosidl_typesupport_cppExport.cmake
[8.731s] -- Installing: /home/abhay/microros_ws/install/std_srvs/share/std_srvs/cmake/std_srvs__rosidl_typesupport_cppExport-noconfig.cmake
[8.732s] -- Installing: /home/abhay/microros_ws/install/std_srvs/share/std_srvs/cmake/export_std_srvs__rosidl_generator_pyExport.cmake
[8.732s] -- Installing: /home/abhay/microros_ws/install/std_srvs/share/std_srvs/cmake/export_std_srvs__rosidl_generator_pyExport-noconfig.cmake
[8.732s] -- Installing: /home/abhay/microros_ws/install/std_srvs/share/std_srvs/cmake/rosidl_cmake-extras.cmake
[8.732s] -- Installing: /home/abhay/microros_ws/install/std_srvs/share/std_srvs/cmake/ament_cmake_export_include_directories-extras.cmake
[8.732s] -- Installing: /home/abhay/microros_ws/install/std_srvs/share/std_srvs/cmake/ament_cmake_export_libraries-extras.cmake
[8.732s] -- Installing: /home/abhay/microros_ws/install/std_srvs/share/std_srvs/cmake/ament_cmake_export_targets-extras.cmake
[8.732s] -- Installing: /home/abhay/microros_ws/install/std_srvs/share/std_srvs/cmake/rosidl_cmake_export_typesupport_targets-extras.cmake
[8.732s] -- Installing: /home/abhay/microros_ws/install/std_srvs/share/std_srvs/cmake/ament_cmake_export_dependencies-extras.cmake
[8.732s] -- Installing: /home/abhay/microros_ws/install/std_srvs/share/std_srvs/cmake/rosidl_cmake_export_typesupport_libraries-extras.cmake
[8.733s] -- Installing: /home/abhay/microros_ws/install/std_srvs/share/std_srvs/cmake/std_srvsConfig.cmake
[8.733s] -- Installing: /home/abhay/microros_ws/install/std_srvs/share/std_srvs/cmake/std_srvsConfig-version.cmake
[8.733s] -- Installing: /home/abhay/microros_ws/install/std_srvs/share/std_srvs/package.xml
[8.745s] Invoked command in '/home/abhay/microros_ws/build/std_srvs' returned '0': CMAKE_PREFIX_PATH=${CMAKE_PREFIX_PATH}:/home/abhay/ros2_ws/install/py_srvcli:/home/abhay/ros2_ws/install/my_robot_controller:/opt/ros/humble /usr/bin/cmake --install /home/abhay/microros_ws/build/std_srvs
